[12:26:59.084]     INFO: *** Welcome to pxar ***
[12:26:59.084]     INFO: *** Today: 2015/07/24
[12:26:59.084]     INFO:       reading data/pa236/dacParameters35_C0.dat
[12:26:59.084]     INFO:       reading data/pa236/dacParameters35_C1.dat
[12:26:59.084]     INFO:       reading data/pa236/dacParameters35_C2.dat
[12:26:59.084]     INFO:       reading data/pa236/dacParameters35_C3.dat
[12:26:59.084]     INFO:       reading data/pa236/dacParameters35_C4.dat
[12:26:59.085]     INFO:       reading data/pa236/dacParameters35_C5.dat
[12:26:59.085]     INFO:       reading data/pa236/dacParameters35_C6.dat
[12:26:59.085]     INFO:       reading data/pa236/dacParameters35_C7.dat
[12:26:59.085]     INFO:       reading data/pa236/dacParameters35_C8.dat
[12:26:59.085]     INFO:       reading data/pa236/dacParameters35_C9.dat
[12:26:59.085]     INFO:       reading data/pa236/dacParameters35_C10.dat
[12:26:59.085]     INFO:       reading data/pa236/dacParameters35_C11.dat
[12:26:59.085]     INFO:       reading data/pa236/dacParameters35_C12.dat
[12:26:59.085]     INFO:       reading data/pa236/dacParameters35_C13.dat
[12:26:59.085]     INFO:       reading data/pa236/dacParameters35_C14.dat
[12:26:59.085]     INFO:       reading data/pa236/dacParameters35_C15.dat
[12:26:59.085]     INFO:       reading data/pa236/tbmParameters_C0a.dat
[12:26:59.085]     INFO:       reading data/pa236/tbmParameters_C0b.dat
[12:26:59.085]     INFO:       reading data/pa236/defaultMaskFile.dat
[12:26:59.085]     INFO: MASKED Roc 2 col/row: 8 0
[12:26:59.085]     INFO:       reading data/pa236/trimParameters35_C0.dat
[12:26:59.092]     INFO:       reading data/pa236/trimParameters35_C1.dat
[12:26:59.099]     INFO:   masking Roc 2 col/row: 8 0
[12:26:59.100]     INFO:       reading data/pa236/trimParameters35_C2.dat
[12:26:59.106]     INFO:       reading data/pa236/trimParameters35_C3.dat
[12:26:59.113]     INFO:       reading data/pa236/trimParameters35_C4.dat
[12:26:59.119]     INFO:       reading data/pa236/trimParameters35_C5.dat
[12:26:59.126]     INFO:       reading data/pa236/trimParameters35_C6.dat
[12:26:59.132]     INFO:       reading data/pa236/trimParameters35_C7.dat
[12:26:59.139]     INFO:       reading data/pa236/trimParameters35_C8.dat
[12:26:59.145]     INFO:       reading data/pa236/trimParameters35_C9.dat
[12:26:59.151]     INFO:       reading data/pa236/trimParameters35_C10.dat
[12:26:59.158]     INFO:       reading data/pa236/trimParameters35_C11.dat
[12:26:59.164]     INFO:       reading data/pa236/trimParameters35_C12.dat
[12:26:59.171]     INFO:       reading data/pa236/trimParameters35_C13.dat
[12:26:59.177]     INFO:       reading data/pa236/trimParameters35_C14.dat
[12:26:59.184]     INFO:       reading data/pa236/trimParameters35_C15.dat
[12:26:59.190]     INFO:       reading data/pa236/tbParameters.dat
[12:26:59.190]     INFO:         clk: 4
[12:26:59.190]     INFO:         ctr: 4
[12:26:59.190]     INFO:         sda: 19
[12:26:59.190]     INFO:         tin: 9
[12:26:59.190]     INFO:         level: 15
[12:26:59.190]     INFO:         triggerdelay: 0
[12:26:59.190]    QUIET: Instanciating API for pxar v1.9.0
[12:26:59.190]     INFO: Log level: INFO
[12:26:59.204]    QUIET: Connection to board DTB_WRPRHI opened.
[12:26:59.207]     INFO: DTB startup information
--- DTB info------------------------------------------
Board id:    58
HW version:  DTB1.2
FW version:  3.2
SW version:  3.6
USB id:      DTB_WRPRHI
MAC address: 40D85511803A
Hostname:    pixelDTB058
Comment:     
------------------------------------------------------
[12:26:59.211]     INFO: RPC call hashes of host and DTB match: 413001178
[12:27:00.821]     INFO: DUT info: 
[12:27:00.821]     INFO: The DUT currently contains the following objects:
[12:27:00.821]     INFO:  2 TBM Cores (2 ON)
[12:27:00.821]     INFO: 	TBM Core alpha (0): 7 registers set
[12:27:00.821]     INFO: 	TBM Core beta  (1): 7 registers set
[12:27:00.821]     INFO: 16 ROCs (16 ON) with 4160 pixelConfigs
[12:27:00.821]     INFO: 	ROC 0: 19 DACs set, Pixels: 0 masked, 4160 active.
[12:27:00.821]     INFO: 	ROC 1: 19 DACs set, Pixels: 0 masked, 4160 active.
[12:27:00.821]     INFO: 	ROC 2: 19 DACs set, Pixels: 1 masked, 4160 active.
[12:27:00.821]     INFO: 	ROC 3: 19 DACs set, Pixels: 0 masked, 4160 active.
[12:27:00.821]     INFO: 	ROC 4: 19 DACs set, Pixels: 0 masked, 4160 active.
[12:27:00.821]     INFO: 	ROC 5: 19 DACs set, Pixels: 0 masked, 4160 active.
[12:27:00.821]     INFO: 	ROC 6: 19 DACs set, Pixels: 0 masked, 4160 active.
[12:27:00.821]     INFO: 	ROC 7: 19 DACs set, Pixels: 0 masked, 4160 active.
[12:27:00.821]     INFO: 	ROC 8: 19 DACs set, Pixels: 0 masked, 4160 active.
[12:27:00.821]     INFO: 	ROC 9: 19 DACs set, Pixels: 0 masked, 4160 active.
[12:27:00.821]     INFO: 	ROC 10: 19 DACs set, Pixels: 0 masked, 4160 active.
[12:27:00.821]     INFO: 	ROC 11: 19 DACs set, Pixels: 0 masked, 4160 active.
[12:27:00.821]     INFO: 	ROC 12: 19 DACs set, Pixels: 0 masked, 4160 active.
[12:27:00.821]     INFO: 	ROC 13: 19 DACs set, Pixels: 0 masked, 4160 active.
[12:27:00.821]     INFO: 	ROC 14: 19 DACs set, Pixels: 0 masked, 4160 active.
[12:27:00.821]     INFO: 	ROC 15: 19 DACs set, Pixels: 0 masked, 4160 active.
[12:27:01.388]     INFO:       reading data/pa236/phCalibrationFitErr35_C0.dat
[12:27:01.404]     INFO:       reading data/pa236/phCalibrationFitErr35_C1.dat
[12:27:01.419]     INFO:       reading data/pa236/phCalibrationFitErr35_C2.dat
[12:27:01.435]     INFO:       reading data/pa236/phCalibrationFitErr35_C3.dat
[12:27:01.450]     INFO:       reading data/pa236/phCalibrationFitErr35_C4.dat
[12:27:01.466]     INFO:       reading data/pa236/phCalibrationFitErr35_C5.dat
[12:27:01.481]     INFO:       reading data/pa236/phCalibrationFitErr35_C6.dat
[12:27:01.496]     INFO:       reading data/pa236/phCalibrationFitErr35_C7.dat
[12:27:01.511]     INFO:       reading data/pa236/phCalibrationFitErr35_C8.dat
[12:27:01.527]     INFO:       reading data/pa236/phCalibrationFitErr35_C9.dat
[12:27:01.543]     INFO:       reading data/pa236/phCalibrationFitErr35_C10.dat
[12:27:01.558]     INFO:       reading data/pa236/phCalibrationFitErr35_C11.dat
[12:27:01.573]     INFO:       reading data/pa236/phCalibrationFitErr35_C12.dat
[12:27:01.588]     INFO:       reading data/pa236/phCalibrationFitErr35_C13.dat
[12:27:01.603]     INFO:       reading data/pa236/phCalibrationFitErr35_C14.dat
[12:27:01.618]     INFO:       reading data/pa236/phCalibrationFitErr35_C15.dat
[12:27:01.700]     INFO:       reading data/pa236/readbackCal_C0.dat
[12:27:01.700]     INFO:       reading data/pa236/readbackCal_C1.dat
[12:27:01.700]     INFO:       reading data/pa236/readbackCal_C2.dat
[12:27:01.700]     INFO:       reading data/pa236/readbackCal_C3.dat
[12:27:01.700]     INFO:       reading data/pa236/readbackCal_C4.dat
[12:27:01.700]     INFO:       reading data/pa236/readbackCal_C5.dat
[12:27:01.700]     INFO:       reading data/pa236/readbackCal_C6.dat
[12:27:01.700]     INFO:       reading data/pa236/readbackCal_C7.dat
[12:27:01.700]     INFO:       reading data/pa236/readbackCal_C8.dat
[12:27:01.700]     INFO:       reading data/pa236/readbackCal_C9.dat
[12:27:01.700]     INFO:       reading data/pa236/readbackCal_C10.dat
[12:27:01.700]     INFO:       reading data/pa236/readbackCal_C11.dat
[12:27:01.700]     INFO:       reading data/pa236/readbackCal_C12.dat
[12:27:01.700]     INFO:       reading data/pa236/readbackCal_C13.dat
[12:27:01.700]     INFO:       reading data/pa236/readbackCal_C14.dat
[12:27:01.700]     INFO:       reading data/pa236/readbackCal_C15.dat
[12:27:05.094]     INFO: ######################################################################
[12:27:05.094]     INFO: PixTestBBMap::doTest() Ntrig = 5, VcalS = 250 (high range)
[12:27:05.094]     INFO: ######################################################################
[12:27:05.098]     INFO: ---> dac: VthrComp name: calSMap ntrig: 5 dacrange: 0 .. 149 hits flags = 2 (plus default)
[12:27:05.145]     INFO:   dacScan step  from 0 .. 49
[12:27:37.560]     INFO: Test took 32415ms.
[12:27:37.706]     INFO: Fetched DAQ statistics. Counters are being reset now.
[12:27:37.707]     INFO:   dacScan step  from 50 .. 99
[12:28:15.582]     INFO: Test took 37875ms.
[12:28:16.119]     INFO: Fetched DAQ statistics. Counters are being reset now.
[12:28:16.296]     INFO:   dacScan step  from 100 .. 149
[12:28:56.906]     INFO: Test took 40609ms.
[12:28:57.520]     INFO: Fetched DAQ statistics. Counters are being reset now.
[12:29:40.308]     INFO: PixTestBBMap::doTest() done, duration: 155 seconds
[12:29:40.308]     INFO: number of dead bumps (per ROC):     0   36    0    8    1    0    1    1    0    0    2    2   10    0   22    5
[12:29:40.308]     INFO: separation cut       (per ROC):   116   90  109  102   96   90  100   87  100   84   88  102   93   91   98   98
[12:32:42.367]    QUIET: Connection to board 58 closed.
