[16:33:13.222]     INFO: *** Welcome to pxar ***
[16:33:13.222]     INFO: *** Today: 2015/07/23
[16:33:13.222]     INFO:       reading data/pa236/dacParameters35_C0.dat
[16:33:13.222]     INFO:       reading data/pa236/dacParameters35_C1.dat
[16:33:13.222]     INFO:       reading data/pa236/dacParameters35_C2.dat
[16:33:13.222]     INFO:       reading data/pa236/dacParameters35_C3.dat
[16:33:13.222]     INFO:       reading data/pa236/dacParameters35_C4.dat
[16:33:13.222]     INFO:       reading data/pa236/dacParameters35_C5.dat
[16:33:13.222]     INFO:       reading data/pa236/dacParameters35_C6.dat
[16:33:13.223]     INFO:       reading data/pa236/dacParameters35_C7.dat
[16:33:13.223]     INFO:       reading data/pa236/dacParameters35_C8.dat
[16:33:13.223]     INFO:       reading data/pa236/dacParameters35_C9.dat
[16:33:13.223]     INFO:       reading data/pa236/dacParameters35_C10.dat
[16:33:13.223]     INFO:       reading data/pa236/dacParameters35_C11.dat
[16:33:13.223]     INFO:       reading data/pa236/dacParameters35_C12.dat
[16:33:13.223]     INFO:       reading data/pa236/dacParameters35_C13.dat
[16:33:13.223]     INFO:       reading data/pa236/dacParameters35_C14.dat
[16:33:13.223]     INFO:       reading data/pa236/dacParameters35_C15.dat
[16:33:13.223]     INFO:       reading data/pa236/tbmParameters_C0a.dat
[16:33:13.223]     INFO:       reading data/pa236/tbmParameters_C0b.dat
[16:33:13.223]     INFO:       reading data/pa236/defaultMaskFile.dat
[16:33:13.223]     INFO: MASKED Roc 2 col/row: 8 0
[16:33:13.223]     INFO:       reading data/pa236/trimParameters35_C0.dat
[16:33:13.230]     INFO:       reading data/pa236/trimParameters35_C1.dat
[16:33:13.237]     INFO:   masking Roc 2 col/row: 8 0
[16:33:13.237]     INFO:       reading data/pa236/trimParameters35_C2.dat
[16:33:13.243]     INFO:       reading data/pa236/trimParameters35_C3.dat
[16:33:13.250]     INFO:       reading data/pa236/trimParameters35_C4.dat
[16:33:13.257]     INFO:       reading data/pa236/trimParameters35_C5.dat
[16:33:13.263]     INFO:       reading data/pa236/trimParameters35_C6.dat
[16:33:13.270]     INFO:       reading data/pa236/trimParameters35_C7.dat
[16:33:13.276]     INFO:       reading data/pa236/trimParameters35_C8.dat
[16:33:13.283]     INFO:       reading data/pa236/trimParameters35_C9.dat
[16:33:13.289]     INFO:       reading data/pa236/trimParameters35_C10.dat
[16:33:13.296]     INFO:       reading data/pa236/trimParameters35_C11.dat
[16:33:13.302]     INFO:       reading data/pa236/trimParameters35_C12.dat
[16:33:13.309]     INFO:       reading data/pa236/trimParameters35_C13.dat
[16:33:13.315]     INFO:       reading data/pa236/trimParameters35_C14.dat
[16:33:13.322]     INFO:       reading data/pa236/trimParameters35_C15.dat
[16:33:13.328]     INFO:       reading data/pa236/tbParameters.dat
[16:33:13.328]     INFO:         clk: 4
[16:33:13.328]     INFO:         ctr: 4
[16:33:13.328]     INFO:         sda: 19
[16:33:13.328]     INFO:         tin: 9
[16:33:13.328]     INFO:         level: 15
[16:33:13.328]     INFO:         triggerdelay: 0
[16:33:13.329]    QUIET: Instanciating API for pxar v1.9.0
[16:33:13.329]     INFO: Log level: INFO
[16:33:13.342]    QUIET: Connection to board DTB_WRPRHI opened.
[16:33:13.346]     INFO: DTB startup information
--- DTB info------------------------------------------
Board id:    58
HW version:  DTB1.2
FW version:  3.2
SW version:  3.6
USB id:      DTB_WRPRHI
MAC address: 40D85511803A
Hostname:    pixelDTB058
Comment:     
------------------------------------------------------
[16:33:13.349]     INFO: RPC call hashes of host and DTB match: 413001178
[16:33:14.959]     INFO: DUT info: 
[16:33:14.959]     INFO: The DUT currently contains the following objects:
[16:33:14.959]     INFO:  2 TBM Cores (2 ON)
[16:33:14.959]     INFO: 	TBM Core alpha (0): 7 registers set
[16:33:14.959]     INFO: 	TBM Core beta  (1): 7 registers set
[16:33:14.959]     INFO: 16 ROCs (16 ON) with 4160 pixelConfigs
[16:33:14.959]     INFO: 	ROC 0: 19 DACs set, Pixels: 0 masked, 4160 active.
[16:33:14.959]     INFO: 	ROC 1: 19 DACs set, Pixels: 0 masked, 4160 active.
[16:33:14.959]     INFO: 	ROC 2: 19 DACs set, Pixels: 1 masked, 4160 active.
[16:33:14.959]     INFO: 	ROC 3: 19 DACs set, Pixels: 0 masked, 4160 active.
[16:33:14.959]     INFO: 	ROC 4: 19 DACs set, Pixels: 0 masked, 4160 active.
[16:33:14.960]     INFO: 	ROC 5: 19 DACs set, Pixels: 0 masked, 4160 active.
[16:33:14.960]     INFO: 	ROC 6: 19 DACs set, Pixels: 0 masked, 4160 active.
[16:33:14.960]     INFO: 	ROC 7: 19 DACs set, Pixels: 0 masked, 4160 active.
[16:33:14.960]     INFO: 	ROC 8: 19 DACs set, Pixels: 0 masked, 4160 active.
[16:33:14.960]     INFO: 	ROC 9: 19 DACs set, Pixels: 0 masked, 4160 active.
[16:33:14.960]     INFO: 	ROC 10: 19 DACs set, Pixels: 0 masked, 4160 active.
[16:33:14.960]     INFO: 	ROC 11: 19 DACs set, Pixels: 0 masked, 4160 active.
[16:33:14.960]     INFO: 	ROC 12: 19 DACs set, Pixels: 0 masked, 4160 active.
[16:33:14.960]     INFO: 	ROC 13: 19 DACs set, Pixels: 0 masked, 4160 active.
[16:33:14.960]     INFO: 	ROC 14: 19 DACs set, Pixels: 0 masked, 4160 active.
[16:33:14.960]     INFO: 	ROC 15: 19 DACs set, Pixels: 0 masked, 4160 active.
[16:33:15.527]     INFO:       reading data/pa236/phCalibrationFitErr35_C0.dat
[16:33:15.543]     INFO:       reading data/pa236/phCalibrationFitErr35_C1.dat
[16:33:15.559]     INFO:       reading data/pa236/phCalibrationFitErr35_C2.dat
[16:33:15.574]     INFO:       reading data/pa236/phCalibrationFitErr35_C3.dat
[16:33:15.590]     INFO:       reading data/pa236/phCalibrationFitErr35_C4.dat
[16:33:15.606]     INFO:       reading data/pa236/phCalibrationFitErr35_C5.dat
[16:33:15.621]     INFO:       reading data/pa236/phCalibrationFitErr35_C6.dat
[16:33:15.636]     INFO:       reading data/pa236/phCalibrationFitErr35_C7.dat
[16:33:15.652]     INFO:       reading data/pa236/phCalibrationFitErr35_C8.dat
[16:33:15.668]     INFO:       reading data/pa236/phCalibrationFitErr35_C9.dat
[16:33:15.683]     INFO:       reading data/pa236/phCalibrationFitErr35_C10.dat
[16:33:15.698]     INFO:       reading data/pa236/phCalibrationFitErr35_C11.dat
[16:33:15.713]     INFO:       reading data/pa236/phCalibrationFitErr35_C12.dat
[16:33:15.729]     INFO:       reading data/pa236/phCalibrationFitErr35_C13.dat
[16:33:15.744]     INFO:       reading data/pa236/phCalibrationFitErr35_C14.dat
[16:33:15.759]     INFO:       reading data/pa236/phCalibrationFitErr35_C15.dat
[16:33:15.837]     INFO:       reading data/pa236/readbackCal_C0.dat
[16:33:15.837]     INFO:       reading data/pa236/readbackCal_C1.dat
[16:33:15.837]     INFO:       reading data/pa236/readbackCal_C2.dat
[16:33:15.837]     INFO:       reading data/pa236/readbackCal_C3.dat
[16:33:15.837]     INFO:       reading data/pa236/readbackCal_C4.dat
[16:33:15.837]     INFO:       reading data/pa236/readbackCal_C5.dat
[16:33:15.837]     INFO:       reading data/pa236/readbackCal_C6.dat
[16:33:15.837]     INFO:       reading data/pa236/readbackCal_C7.dat
[16:33:15.837]     INFO:       reading data/pa236/readbackCal_C8.dat
[16:33:15.837]     INFO:       reading data/pa236/readbackCal_C9.dat
[16:33:15.837]     INFO:       reading data/pa236/readbackCal_C10.dat
[16:33:15.837]     INFO:       reading data/pa236/readbackCal_C11.dat
[16:33:15.837]     INFO:       reading data/pa236/readbackCal_C12.dat
[16:33:15.837]     INFO:       reading data/pa236/readbackCal_C13.dat
[16:33:15.837]     INFO:       reading data/pa236/readbackCal_C14.dat
[16:33:15.838]     INFO:       reading data/pa236/readbackCal_C15.dat
[16:33:19.457]     INFO: ######################################################################
[16:33:19.457]     INFO: PixTestXray::doTest()
[16:33:19.457]     INFO: ######################################################################
[16:33:19.457]     INFO:    ----------------------------------------------------------------------
[16:33:19.457]     INFO:    PixTestXray::doPhRun() fParRunSeconds = 240
[16:33:19.457]     INFO:    ----------------------------------------------------------------------
[16:33:19.459]     INFO:       reading data/pa236/defaultMaskFile.dat
[16:33:19.459]     INFO: ROC 2 masking pixel 8/0
[16:33:19.459]  WARNING: Pattern generator does not contain a trigger signal. No data is expected from the DUT!
[16:33:20.437]     INFO: IGNORE THE WARNING ABOVE (resetROC sent)!
[16:33:21.618]     INFO: PixTestXray::doPhRun start TriggerLoop with trigger frequency 100 kHz, period 405 and duration 240 seconds,  fEventsMax = 24000000
[16:33:38.742]     INFO: run duration 17 seconds, buffer almost full (81%), pausing triggers.
[16:33:57.462]     INFO: Resuming triggers.
[16:34:14.648]     INFO: run duration 34 seconds, buffer almost full (81%), pausing triggers.
[16:34:18.914]    ERROR: <datapipe.cc/CheckEventID:L127>    Event ID mismatch:  local ID (104) !=  TBM ID (122)
[16:34:18.914]  WARNING: ROC 0: Readback start marker after 9 readouts!
[16:34:18.914]    ERROR: <datapipe.cc/DecodeDeser400:L294> Number of ROCs (3) != Token Chain Length (8)
[16:34:18.914]    ERROR: <datapipe.cc/CheckEventID:L127>    Event ID mismatch:  local ID (123) !=  TBM ID (96)
[16:34:18.914]    ERROR: <datapipe.cc/DecodeDeser400:L294> Number of ROCs (2) != Token Chain Length (8)
[16:34:18.914]    ERROR: <datapipe.cc/CheckEventID:L127>    Event ID mismatch:  local ID (97) !=  TBM ID (105)
[16:34:18.914]  WARNING: ROC 6: Readback start marker after 15 readouts!
[16:34:18.914]  WARNING: ROC 0: Readback start marker after 8 readouts!
[16:34:18.914]  WARNING: ROC 1: Readback start marker after 17 readouts!
[16:34:18.914]  WARNING: ROC 3: Readback start marker after 15 readouts!
[16:34:18.914]  WARNING: ROC 4: Readback start marker after 15 readouts!
[16:34:18.915]  WARNING: ROC 5: Readback start marker after 15 readouts!
[16:34:18.915]  WARNING: ROC 7: Readback start marker after 15 readouts!
[16:34:33.040]     INFO: Resuming triggers.
[16:34:50.168]     INFO: run duration 51 seconds, buffer almost full (81%), pausing triggers.
[16:35:10.028]     INFO: Resuming triggers.
[16:35:27.156]     INFO: run duration 68 seconds, buffer almost full (81%), pausing triggers.
[16:35:46.824]     INFO: Resuming triggers.
[16:36:03.951]     INFO: run duration 85 seconds, buffer almost full (81%), pausing triggers.
[16:36:22.453]     INFO: Resuming triggers.
[16:36:39.612]     INFO: run duration 102 seconds, buffer almost full (81%), pausing triggers.
[16:36:58.304]     INFO: Resuming triggers.
[16:37:15.431]     INFO: run duration 119 seconds, buffer almost full (81%), pausing triggers.
[16:37:34.233]     INFO: Resuming triggers.
[16:37:51.361]     INFO: run duration 137 seconds, buffer almost full (81%), pausing triggers.
[16:38:11.169]     INFO: Resuming triggers.
[16:38:28.298]     INFO: run duration 154 seconds, buffer almost full (81%), pausing triggers.
[16:38:46.681]     INFO: Resuming triggers.
[16:39:03.808]     INFO: run duration 171 seconds, buffer almost full (81%), pausing triggers.
[16:39:23.608]     INFO: Resuming triggers.
[16:39:40.735]     INFO: run duration 188 seconds, buffer almost full (81%), pausing triggers.
[16:40:00.446]     INFO: Resuming triggers.
[16:40:17.571]     INFO: run duration 205 seconds, buffer almost full (81%), pausing triggers.
[16:40:36.092]     INFO: Resuming triggers.
[16:40:53.217]     INFO: run duration 222 seconds, buffer almost full (81%), pausing triggers.
[16:41:11.798]     INFO: Resuming triggers.
[16:41:28.938]     INFO: run duration 239 seconds, buffer almost full (81%), pausing triggers.
[16:41:48.936]     INFO: Resuming triggers.
[16:41:49.091]     INFO: data taking finished, elapsed time: 240 seconds.
[16:41:49.556]     INFO: PixTest::       pg_setup set to default.
[16:41:49.593]     INFO: PixTestXray::doPhRun() done
[16:41:49.593]     INFO: PixTestXray::doTest() done 
[16:42:24.968]    QUIET: Connection to board 58 closed.
