[17:04:59.540]     INFO: *** Welcome to pxar ***
[17:04:59.540]     INFO: *** Today: 2015/07/22
[17:04:59.540]     INFO:       reading data/pa236/dacParameters35_C0.dat
[17:04:59.540]     INFO:       reading data/pa236/dacParameters35_C1.dat
[17:04:59.540]     INFO:       reading data/pa236/dacParameters35_C2.dat
[17:04:59.541]     INFO:       reading data/pa236/dacParameters35_C3.dat
[17:04:59.541]     INFO:       reading data/pa236/dacParameters35_C4.dat
[17:04:59.541]     INFO:       reading data/pa236/dacParameters35_C5.dat
[17:04:59.541]     INFO:       reading data/pa236/dacParameters35_C6.dat
[17:04:59.541]     INFO:       reading data/pa236/dacParameters35_C7.dat
[17:04:59.541]     INFO:       reading data/pa236/dacParameters35_C8.dat
[17:04:59.541]     INFO:       reading data/pa236/dacParameters35_C9.dat
[17:04:59.541]     INFO:       reading data/pa236/dacParameters35_C10.dat
[17:04:59.541]     INFO:       reading data/pa236/dacParameters35_C11.dat
[17:04:59.541]     INFO:       reading data/pa236/dacParameters35_C12.dat
[17:04:59.541]     INFO:       reading data/pa236/dacParameters35_C13.dat
[17:04:59.541]     INFO:       reading data/pa236/dacParameters35_C14.dat
[17:04:59.541]     INFO:       reading data/pa236/dacParameters35_C15.dat
[17:04:59.541]     INFO:       reading data/pa236/tbmParameters_C0a.dat
[17:04:59.541]     INFO:       reading data/pa236/tbmParameters_C0b.dat
[17:04:59.541]     INFO:       reading data/pa236/defaultMaskFile.dat
[17:04:59.541]     INFO: MASKED Roc 2 col/row: 8 0
[17:04:59.542]     INFO:       reading data/pa236/trimParameters35_C0.dat
[17:04:59.548]     INFO:       reading data/pa236/trimParameters35_C1.dat
[17:04:59.555]     INFO:   masking Roc 2 col/row: 8 0
[17:04:59.555]     INFO:       reading data/pa236/trimParameters35_C2.dat
[17:04:59.562]     INFO:       reading data/pa236/trimParameters35_C3.dat
[17:04:59.568]     INFO:       reading data/pa236/trimParameters35_C4.dat
[17:04:59.575]     INFO:       reading data/pa236/trimParameters35_C5.dat
[17:04:59.581]     INFO:       reading data/pa236/trimParameters35_C6.dat
[17:04:59.588]     INFO:       reading data/pa236/trimParameters35_C7.dat
[17:04:59.594]     INFO:       reading data/pa236/trimParameters35_C8.dat
[17:04:59.601]     INFO:       reading data/pa236/trimParameters35_C9.dat
[17:04:59.607]     INFO:       reading data/pa236/trimParameters35_C10.dat
[17:04:59.614]     INFO:       reading data/pa236/trimParameters35_C11.dat
[17:04:59.620]     INFO:       reading data/pa236/trimParameters35_C12.dat
[17:04:59.627]     INFO:       reading data/pa236/trimParameters35_C13.dat
[17:04:59.633]     INFO:       reading data/pa236/trimParameters35_C14.dat
[17:04:59.640]     INFO:       reading data/pa236/trimParameters35_C15.dat
[17:04:59.646]     INFO:       reading data/pa236/tbParameters.dat
[17:04:59.646]     INFO:         clk: 4
[17:04:59.646]     INFO:         ctr: 4
[17:04:59.646]     INFO:         sda: 19
[17:04:59.647]     INFO:         tin: 9
[17:04:59.647]     INFO:         level: 15
[17:04:59.647]     INFO:         triggerdelay: 0
[17:04:59.647]    QUIET: Instanciating API for pxar v1.9.0
[17:04:59.647]     INFO: Log level: INFO
[17:04:59.660]    QUIET: Connection to board DTB_WRPRHI opened.
[17:04:59.663]     INFO: DTB startup information
--- DTB info------------------------------------------
Board id:    58
HW version:  DTB1.2
FW version:  3.2
SW version:  3.6
USB id:      DTB_WRPRHI
MAC address: 40D85511803A
Hostname:    pixelDTB058
Comment:     
------------------------------------------------------
[17:04:59.667]     INFO: RPC call hashes of host and DTB match: 413001178
[17:05:01.277]     INFO: DUT info: 
[17:05:01.277]     INFO: The DUT currently contains the following objects:
[17:05:01.277]     INFO:  2 TBM Cores (2 ON)
[17:05:01.277]     INFO: 	TBM Core alpha (0): 7 registers set
[17:05:01.277]     INFO: 	TBM Core beta  (1): 7 registers set
[17:05:01.277]     INFO: 16 ROCs (16 ON) with 4160 pixelConfigs
[17:05:01.277]     INFO: 	ROC 0: 19 DACs set, Pixels: 0 masked, 4160 active.
[17:05:01.277]     INFO: 	ROC 1: 19 DACs set, Pixels: 0 masked, 4160 active.
[17:05:01.277]     INFO: 	ROC 2: 19 DACs set, Pixels: 1 masked, 4160 active.
[17:05:01.277]     INFO: 	ROC 3: 19 DACs set, Pixels: 0 masked, 4160 active.
[17:05:01.277]     INFO: 	ROC 4: 19 DACs set, Pixels: 0 masked, 4160 active.
[17:05:01.277]     INFO: 	ROC 5: 19 DACs set, Pixels: 0 masked, 4160 active.
[17:05:01.277]     INFO: 	ROC 6: 19 DACs set, Pixels: 0 masked, 4160 active.
[17:05:01.277]     INFO: 	ROC 7: 19 DACs set, Pixels: 0 masked, 4160 active.
[17:05:01.277]     INFO: 	ROC 8: 19 DACs set, Pixels: 0 masked, 4160 active.
[17:05:01.277]     INFO: 	ROC 9: 19 DACs set, Pixels: 0 masked, 4160 active.
[17:05:01.277]     INFO: 	ROC 10: 19 DACs set, Pixels: 0 masked, 4160 active.
[17:05:01.277]     INFO: 	ROC 11: 19 DACs set, Pixels: 0 masked, 4160 active.
[17:05:01.277]     INFO: 	ROC 12: 19 DACs set, Pixels: 0 masked, 4160 active.
[17:05:01.277]     INFO: 	ROC 13: 19 DACs set, Pixels: 0 masked, 4160 active.
[17:05:01.277]     INFO: 	ROC 14: 19 DACs set, Pixels: 0 masked, 4160 active.
[17:05:01.277]     INFO: 	ROC 15: 19 DACs set, Pixels: 0 masked, 4160 active.
[17:05:01.844]     INFO:       reading data/pa236/phCalibrationFitErr35_C0.dat
[17:05:01.860]     INFO:       reading data/pa236/phCalibrationFitErr35_C1.dat
[17:05:01.876]     INFO:       reading data/pa236/phCalibrationFitErr35_C2.dat
[17:05:01.891]     INFO:       reading data/pa236/phCalibrationFitErr35_C3.dat
[17:05:01.906]     INFO:       reading data/pa236/phCalibrationFitErr35_C4.dat
[17:05:01.922]     INFO:       reading data/pa236/phCalibrationFitErr35_C5.dat
[17:05:01.938]     INFO:       reading data/pa236/phCalibrationFitErr35_C6.dat
[17:05:01.953]     INFO:       reading data/pa236/phCalibrationFitErr35_C7.dat
[17:05:01.968]     INFO:       reading data/pa236/phCalibrationFitErr35_C8.dat
[17:05:01.984]     INFO:       reading data/pa236/phCalibrationFitErr35_C9.dat
[17:05:02.000]     INFO:       reading data/pa236/phCalibrationFitErr35_C10.dat
[17:05:02.015]     INFO:       reading data/pa236/phCalibrationFitErr35_C11.dat
[17:05:02.031]     INFO:       reading data/pa236/phCalibrationFitErr35_C12.dat
[17:05:02.046]     INFO:       reading data/pa236/phCalibrationFitErr35_C13.dat
[17:05:02.061]     INFO:       reading data/pa236/phCalibrationFitErr35_C14.dat
[17:05:02.077]     INFO:       reading data/pa236/phCalibrationFitErr35_C15.dat
[17:05:02.157]     INFO:       reading data/pa236/readbackCal_C0.dat
[17:05:02.157]     INFO:       reading data/pa236/readbackCal_C1.dat
[17:05:02.157]     INFO:       reading data/pa236/readbackCal_C2.dat
[17:05:02.158]     INFO:       reading data/pa236/readbackCal_C3.dat
[17:05:02.158]     INFO:       reading data/pa236/readbackCal_C4.dat
[17:05:02.158]     INFO:       reading data/pa236/readbackCal_C5.dat
[17:05:02.158]     INFO:       reading data/pa236/readbackCal_C6.dat
[17:05:02.158]     INFO:       reading data/pa236/readbackCal_C7.dat
[17:05:02.158]     INFO:       reading data/pa236/readbackCal_C8.dat
[17:05:02.158]     INFO:       reading data/pa236/readbackCal_C9.dat
[17:05:02.158]     INFO:       reading data/pa236/readbackCal_C10.dat
[17:05:02.158]     INFO:       reading data/pa236/readbackCal_C11.dat
[17:05:02.158]     INFO:       reading data/pa236/readbackCal_C12.dat
[17:05:02.158]     INFO:       reading data/pa236/readbackCal_C13.dat
[17:05:02.158]     INFO:       reading data/pa236/readbackCal_C14.dat
[17:05:02.158]     INFO:       reading data/pa236/readbackCal_C15.dat
[17:05:15.395]     INFO: ######################################################################
[17:05:15.395]     INFO: PixTestXray::doTest()
[17:05:15.395]     INFO: ######################################################################
[17:05:15.395]     INFO:    ----------------------------------------------------------------------
[17:05:15.395]     INFO:    PixTestXray::doPhRun() fParRunSeconds = 240
[17:05:15.395]     INFO:    ----------------------------------------------------------------------
[17:05:15.397]     INFO:       reading data/pa236/defaultMaskFile.dat
[17:05:15.397]     INFO: ROC 2 masking pixel 8/0
[17:05:15.397]  WARNING: Pattern generator does not contain a trigger signal. No data is expected from the DUT!
[17:05:16.375]     INFO: IGNORE THE WARNING ABOVE (resetROC sent)!
[17:05:17.555]     INFO: PixTestXray::doPhRun start TriggerLoop with trigger frequency 100 kHz, period 405 and duration 240 seconds,  fEventsMax = 24000000
[17:05:34.672]     INFO: run duration 17 seconds, buffer almost full (81%), pausing triggers.
[17:05:53.587]     INFO: Resuming triggers.
[17:06:10.785]     INFO: run duration 34 seconds, buffer almost full (81%), pausing triggers.
[17:06:15.110]    ERROR: <datapipe.cc/CheckEventID:L127>    Event ID mismatch:  local ID (168) !=  TBM ID (169)
[17:06:15.110]  WARNING: ROC 7: Readback start marker after 15 readouts!
[17:06:15.110]  WARNING: ROC 4: Readback start marker after 15 readouts!
[17:06:15.110]  WARNING: ROC 5: Readback start marker after 15 readouts!
[17:06:15.110]  WARNING: ROC 6: Readback start marker after 15 readouts!
[17:06:15.110]  WARNING: ROC 0: Readback start marker after 15 readouts!
[17:06:15.110]  WARNING: ROC 1: Readback start marker after 15 readouts!
[17:06:15.110]  WARNING: ROC 2: Readback start marker after 15 readouts!
[17:06:15.110]  WARNING: ROC 3: Readback start marker after 15 readouts!
[17:06:29.476]     INFO: Resuming triggers.
[17:06:46.597]     INFO: run duration 51 seconds, buffer almost full (81%), pausing triggers.
[17:07:05.479]     INFO: Resuming triggers.
[17:07:22.603]     INFO: run duration 68 seconds, buffer almost full (81%), pausing triggers.
[17:07:42.564]     INFO: Resuming triggers.
[17:07:59.687]     INFO: run duration 85 seconds, buffer almost full (81%), pausing triggers.
[17:08:17.303]     INFO: Resuming triggers.
[17:08:34.425]     INFO: run duration 102 seconds, buffer almost full (81%), pausing triggers.
[17:08:53.236]     INFO: Resuming triggers.
[17:09:10.361]     INFO: run duration 119 seconds, buffer almost full (81%), pausing triggers.
[17:09:30.261]     INFO: Resuming triggers.
[17:09:47.382]     INFO: run duration 137 seconds, buffer almost full (81%), pausing triggers.
[17:10:06.201]     INFO: Resuming triggers.
[17:10:23.353]     INFO: run duration 154 seconds, buffer almost full (81%), pausing triggers.
[17:10:43.300]     INFO: Resuming triggers.
[17:11:00.468]     INFO: run duration 171 seconds, buffer almost full (81%), pausing triggers.
[17:11:20.554]     INFO: Resuming triggers.
[17:11:37.676]     INFO: run duration 188 seconds, buffer almost full (81%), pausing triggers.
[17:11:56.285]     INFO: Resuming triggers.
[17:12:13.435]     INFO: run duration 205 seconds, buffer almost full (81%), pausing triggers.
[17:12:33.512]     INFO: Resuming triggers.
[17:12:50.634]     INFO: run duration 222 seconds, buffer almost full (81%), pausing triggers.
[17:13:10.632]     INFO: Resuming triggers.
[17:13:27.756]     INFO: run duration 239 seconds, buffer almost full (81%), pausing triggers.
[17:13:45.201]     INFO: Resuming triggers.
[17:13:45.353]     INFO: data taking finished, elapsed time: 240 seconds.
[17:13:45.749]     INFO: PixTest::       pg_setup set to default.
[17:13:45.779]     INFO: PixTestXray::doPhRun() done
[17:13:45.779]     INFO: PixTestXray::doTest() done 
[17:16:52.525]    QUIET: Connection to board 58 closed.
