[16:46:53.575]     INFO: *** Welcome to pxar ***
[16:46:53.575]     INFO: *** Today: 2015/07/23
[16:46:53.575]     INFO:       reading data/pa236/dacParameters35_C0.dat
[16:46:53.575]     INFO:       reading data/pa236/dacParameters35_C1.dat
[16:46:53.575]     INFO:       reading data/pa236/dacParameters35_C2.dat
[16:46:53.575]     INFO:       reading data/pa236/dacParameters35_C3.dat
[16:46:53.575]     INFO:       reading data/pa236/dacParameters35_C4.dat
[16:46:53.575]     INFO:       reading data/pa236/dacParameters35_C5.dat
[16:46:53.575]     INFO:       reading data/pa236/dacParameters35_C6.dat
[16:46:53.575]     INFO:       reading data/pa236/dacParameters35_C7.dat
[16:46:53.575]     INFO:       reading data/pa236/dacParameters35_C8.dat
[16:46:53.575]     INFO:       reading data/pa236/dacParameters35_C9.dat
[16:46:53.575]     INFO:       reading data/pa236/dacParameters35_C10.dat
[16:46:53.576]     INFO:       reading data/pa236/dacParameters35_C11.dat
[16:46:53.576]     INFO:       reading data/pa236/dacParameters35_C12.dat
[16:46:53.576]     INFO:       reading data/pa236/dacParameters35_C13.dat
[16:46:53.576]     INFO:       reading data/pa236/dacParameters35_C14.dat
[16:46:53.576]     INFO:       reading data/pa236/dacParameters35_C15.dat
[16:46:53.576]     INFO:       reading data/pa236/tbmParameters_C0a.dat
[16:46:53.576]     INFO:       reading data/pa236/tbmParameters_C0b.dat
[16:46:53.576]     INFO:       reading data/pa236/defaultMaskFile.dat
[16:46:53.576]     INFO: MASKED Roc 2 col/row: 8 0
[16:46:53.576]     INFO:       reading data/pa236/trimParameters35_C0.dat
[16:46:53.583]     INFO:       reading data/pa236/trimParameters35_C1.dat
[16:46:53.589]     INFO:   masking Roc 2 col/row: 8 0
[16:46:53.589]     INFO:       reading data/pa236/trimParameters35_C2.dat
[16:46:53.596]     INFO:       reading data/pa236/trimParameters35_C3.dat
[16:46:53.602]     INFO:       reading data/pa236/trimParameters35_C4.dat
[16:46:53.609]     INFO:       reading data/pa236/trimParameters35_C5.dat
[16:46:53.615]     INFO:       reading data/pa236/trimParameters35_C6.dat
[16:46:53.622]     INFO:       reading data/pa236/trimParameters35_C7.dat
[16:46:53.628]     INFO:       reading data/pa236/trimParameters35_C8.dat
[16:46:53.635]     INFO:       reading data/pa236/trimParameters35_C9.dat
[16:46:53.641]     INFO:       reading data/pa236/trimParameters35_C10.dat
[16:46:53.647]     INFO:       reading data/pa236/trimParameters35_C11.dat
[16:46:53.654]     INFO:       reading data/pa236/trimParameters35_C12.dat
[16:46:53.660]     INFO:       reading data/pa236/trimParameters35_C13.dat
[16:46:53.667]     INFO:       reading data/pa236/trimParameters35_C14.dat
[16:46:53.673]     INFO:       reading data/pa236/trimParameters35_C15.dat
[16:46:53.680]     INFO:       reading data/pa236/tbParameters.dat
[16:46:53.680]     INFO:         clk: 4
[16:46:53.680]     INFO:         ctr: 4
[16:46:53.680]     INFO:         sda: 19
[16:46:53.680]     INFO:         tin: 9
[16:46:53.680]     INFO:         level: 15
[16:46:53.680]     INFO:         triggerdelay: 0
[16:46:53.680]    QUIET: Instanciating API for pxar v1.9.0
[16:46:53.680]     INFO: Log level: INFO
[16:46:53.693]    QUIET: Connection to board DTB_WRPRHI opened.
[16:46:53.697]     INFO: DTB startup information
--- DTB info------------------------------------------
Board id:    58
HW version:  DTB1.2
FW version:  3.2
SW version:  3.6
USB id:      DTB_WRPRHI
MAC address: 40D85511803A
Hostname:    pixelDTB058
Comment:     
------------------------------------------------------
[16:46:53.700]     INFO: RPC call hashes of host and DTB match: 413001178
[16:46:55.310]     INFO: DUT info: 
[16:46:55.310]     INFO: The DUT currently contains the following objects:
[16:46:55.310]     INFO:  2 TBM Cores (2 ON)
[16:46:55.310]     INFO: 	TBM Core alpha (0): 7 registers set
[16:46:55.310]     INFO: 	TBM Core beta  (1): 7 registers set
[16:46:55.310]     INFO: 16 ROCs (16 ON) with 4160 pixelConfigs
[16:46:55.310]     INFO: 	ROC 0: 19 DACs set, Pixels: 0 masked, 4160 active.
[16:46:55.310]     INFO: 	ROC 1: 19 DACs set, Pixels: 0 masked, 4160 active.
[16:46:55.310]     INFO: 	ROC 2: 19 DACs set, Pixels: 1 masked, 4160 active.
[16:46:55.310]     INFO: 	ROC 3: 19 DACs set, Pixels: 0 masked, 4160 active.
[16:46:55.310]     INFO: 	ROC 4: 19 DACs set, Pixels: 0 masked, 4160 active.
[16:46:55.310]     INFO: 	ROC 5: 19 DACs set, Pixels: 0 masked, 4160 active.
[16:46:55.310]     INFO: 	ROC 6: 19 DACs set, Pixels: 0 masked, 4160 active.
[16:46:55.310]     INFO: 	ROC 7: 19 DACs set, Pixels: 0 masked, 4160 active.
[16:46:55.310]     INFO: 	ROC 8: 19 DACs set, Pixels: 0 masked, 4160 active.
[16:46:55.310]     INFO: 	ROC 9: 19 DACs set, Pixels: 0 masked, 4160 active.
[16:46:55.310]     INFO: 	ROC 10: 19 DACs set, Pixels: 0 masked, 4160 active.
[16:46:55.310]     INFO: 	ROC 11: 19 DACs set, Pixels: 0 masked, 4160 active.
[16:46:55.310]     INFO: 	ROC 12: 19 DACs set, Pixels: 0 masked, 4160 active.
[16:46:55.310]     INFO: 	ROC 13: 19 DACs set, Pixels: 0 masked, 4160 active.
[16:46:55.310]     INFO: 	ROC 14: 19 DACs set, Pixels: 0 masked, 4160 active.
[16:46:55.310]     INFO: 	ROC 15: 19 DACs set, Pixels: 0 masked, 4160 active.
[16:46:55.882]     INFO:       reading data/pa236/phCalibrationFitErr35_C0.dat
[16:46:55.898]     INFO:       reading data/pa236/phCalibrationFitErr35_C1.dat
[16:46:55.914]     INFO:       reading data/pa236/phCalibrationFitErr35_C2.dat
[16:46:55.929]     INFO:       reading data/pa236/phCalibrationFitErr35_C3.dat
[16:46:55.945]     INFO:       reading data/pa236/phCalibrationFitErr35_C4.dat
[16:46:55.960]     INFO:       reading data/pa236/phCalibrationFitErr35_C5.dat
[16:46:55.975]     INFO:       reading data/pa236/phCalibrationFitErr35_C6.dat
[16:46:55.991]     INFO:       reading data/pa236/phCalibrationFitErr35_C7.dat
[16:46:56.006]     INFO:       reading data/pa236/phCalibrationFitErr35_C8.dat
[16:46:56.022]     INFO:       reading data/pa236/phCalibrationFitErr35_C9.dat
[16:46:56.037]     INFO:       reading data/pa236/phCalibrationFitErr35_C10.dat
[16:46:56.052]     INFO:       reading data/pa236/phCalibrationFitErr35_C11.dat
[16:46:56.067]     INFO:       reading data/pa236/phCalibrationFitErr35_C12.dat
[16:46:56.082]     INFO:       reading data/pa236/phCalibrationFitErr35_C13.dat
[16:46:56.097]     INFO:       reading data/pa236/phCalibrationFitErr35_C14.dat
[16:46:56.112]     INFO:       reading data/pa236/phCalibrationFitErr35_C15.dat
[16:46:56.191]     INFO:       reading data/pa236/readbackCal_C0.dat
[16:46:56.191]     INFO:       reading data/pa236/readbackCal_C1.dat
[16:46:56.191]     INFO:       reading data/pa236/readbackCal_C2.dat
[16:46:56.191]     INFO:       reading data/pa236/readbackCal_C3.dat
[16:46:56.191]     INFO:       reading data/pa236/readbackCal_C4.dat
[16:46:56.191]     INFO:       reading data/pa236/readbackCal_C5.dat
[16:46:56.191]     INFO:       reading data/pa236/readbackCal_C6.dat
[16:46:56.191]     INFO:       reading data/pa236/readbackCal_C7.dat
[16:46:56.191]     INFO:       reading data/pa236/readbackCal_C8.dat
[16:46:56.191]     INFO:       reading data/pa236/readbackCal_C9.dat
[16:46:56.191]     INFO:       reading data/pa236/readbackCal_C10.dat
[16:46:56.191]     INFO:       reading data/pa236/readbackCal_C11.dat
[16:46:56.191]     INFO:       reading data/pa236/readbackCal_C12.dat
[16:46:56.191]     INFO:       reading data/pa236/readbackCal_C13.dat
[16:46:56.192]     INFO:       reading data/pa236/readbackCal_C14.dat
[16:46:56.192]     INFO:       reading data/pa236/readbackCal_C15.dat
[16:47:06.634]     INFO: ######################################################################
[16:47:06.634]     INFO: PixTestXray::doTest()
[16:47:06.634]     INFO: ######################################################################
[16:47:06.634]     INFO:    ----------------------------------------------------------------------
[16:47:06.634]     INFO:    PixTestXray::doPhRun() fParRunSeconds = 240
[16:47:06.634]     INFO:    ----------------------------------------------------------------------
[16:47:06.636]     INFO:       reading data/pa236/defaultMaskFile.dat
[16:47:06.636]     INFO: ROC 2 masking pixel 8/0
[16:47:06.636]  WARNING: Pattern generator does not contain a trigger signal. No data is expected from the DUT!
[16:47:07.614]     INFO: IGNORE THE WARNING ABOVE (resetROC sent)!
[16:47:08.795]     INFO: PixTestXray::doPhRun start TriggerLoop with trigger frequency 100 kHz, period 405 and duration 240 seconds,  fEventsMax = 24000000
[16:47:25.913]     INFO: run duration 17 seconds, buffer almost full (81%), pausing triggers.
[16:47:44.667]     INFO: Resuming triggers.
[16:48:01.790]     INFO: run duration 34 seconds, buffer almost full (81%), pausing triggers.
[16:48:05.789]    ERROR: <datapipe.cc/DecodeDeser400:L294> Number of ROCs (10) != Token Chain Length (8)
[16:48:05.789]    ERROR: <datapipe.cc/CheckEventID:L127>    Event ID mismatch:  local ID (169) !=  TBM ID (238)
[16:48:05.789]    ERROR: <datapipe.cc/DecodeDeser400:L294> Number of ROCs (6) != Token Chain Length (8)
[16:48:05.789]    ERROR: <datapipe.cc/CheckEventID:L127>    Event ID mismatch:  local ID (239) !=  TBM ID (170)
[16:48:05.789]  WARNING: ROC 6: Readback start marker after 15 readouts!
[16:48:05.789]  WARNING: ROC 7: Readback start marker after 15 readouts!
[16:48:19.150]     INFO: Resuming triggers.
[16:48:36.271]     INFO: run duration 51 seconds, buffer almost full (81%), pausing triggers.
[16:48:55.085]     INFO: Resuming triggers.
[16:49:12.206]     INFO: run duration 68 seconds, buffer almost full (81%), pausing triggers.
[16:49:30.938]     INFO: Resuming triggers.
[16:49:48.060]     INFO: run duration 85 seconds, buffer almost full (81%), pausing triggers.
[16:50:06.818]     INFO: Resuming triggers.
[16:50:23.943]     INFO: run duration 102 seconds, buffer almost full (81%), pausing triggers.
[16:50:41.210]     INFO: Resuming triggers.
[16:50:58.347]     INFO: run duration 119 seconds, buffer almost full (81%), pausing triggers.
[16:51:17.041]     INFO: Resuming triggers.
[16:51:34.167]     INFO: run duration 136 seconds, buffer almost full (81%), pausing triggers.
[16:51:53.010]     INFO: Resuming triggers.
[16:52:10.135]     INFO: run duration 154 seconds, buffer almost full (81%), pausing triggers.
[16:52:27.473]     INFO: Resuming triggers.
[16:52:44.613]     INFO: run duration 171 seconds, buffer almost full (81%), pausing triggers.
[16:53:03.455]     INFO: Resuming triggers.
[16:53:20.576]     INFO: run duration 188 seconds, buffer almost full (81%), pausing triggers.
[16:53:40.467]     INFO: Resuming triggers.
[16:53:57.592]     INFO: run duration 205 seconds, buffer almost full (81%), pausing triggers.
[16:54:17.535]     INFO: Resuming triggers.
[16:54:34.656]     INFO: run duration 222 seconds, buffer almost full (81%), pausing triggers.
[16:54:53.480]     INFO: Resuming triggers.
[16:55:10.603]     INFO: run duration 239 seconds, buffer almost full (81%), pausing triggers.
[16:55:30.617]     INFO: Resuming triggers.
[16:55:30.907]     INFO: data taking finished, elapsed time: 240 seconds.
[16:55:31.480]     INFO: PixTest::       pg_setup set to default.
[16:55:31.511]     INFO: PixTestXray::doPhRun() done
[16:55:31.511]     INFO: PixTestXray::doTest() done 
[16:55:43.763]    QUIET: Connection to board 58 closed.
