[14:58:15.423]     INFO: *** Welcome to pxar ***
[14:58:15.423]     INFO: *** Today: 2015/07/28
[14:58:15.423]     INFO:       reading data/pa243//dacParameters35_C0.dat
[14:58:15.423]     INFO:       reading data/pa243//dacParameters35_C1.dat
[14:58:15.423]     INFO:       reading data/pa243//dacParameters35_C2.dat
[14:58:15.423]     INFO:       reading data/pa243//dacParameters35_C3.dat
[14:58:15.423]     INFO:       reading data/pa243//dacParameters35_C4.dat
[14:58:15.423]     INFO:       reading data/pa243//dacParameters35_C5.dat
[14:58:15.423]     INFO:       reading data/pa243//dacParameters35_C6.dat
[14:58:15.424]     INFO:       reading data/pa243//dacParameters35_C7.dat
[14:58:15.424]     INFO:       reading data/pa243//dacParameters35_C8.dat
[14:58:15.424]     INFO:       reading data/pa243//dacParameters35_C9.dat
[14:58:15.424]     INFO:       reading data/pa243//dacParameters35_C10.dat
[14:58:15.424]     INFO:       reading data/pa243//dacParameters35_C11.dat
[14:58:15.424]     INFO:       reading data/pa243//dacParameters35_C12.dat
[14:58:15.424]     INFO:       reading data/pa243//dacParameters35_C13.dat
[14:58:15.424]     INFO:       reading data/pa243//dacParameters35_C14.dat
[14:58:15.424]     INFO:       reading data/pa243//dacParameters35_C15.dat
[14:58:15.424]     INFO:       reading data/pa243//tbmParameters_C0a.dat
[14:58:15.424]     INFO:       reading data/pa243//tbmParameters_C0b.dat
[14:58:15.424]     INFO:       reading data/pa243//defaultMaskFile.dat
[14:58:15.424]     INFO: MASKED Roc 0 col/row: 26 39
[14:58:15.424]     INFO: MASKED Roc 1 col/row: 51 3
[14:58:15.424]     INFO: MASKED Roc 1 col/row: 51 4
[14:58:15.424]     INFO: MASKED Roc 1 col/row: 51 5
[14:58:15.424]     INFO: MASKED Roc 4 col/row: 30 74
[14:58:15.424]     INFO: MASKED Roc 8 col/row: 40 79
[14:58:15.424]     INFO:   masking Roc 0 col/row: 26 39
[14:58:15.425]     INFO:       reading data/pa243//trimParameters35_C0.dat
[14:58:15.432]     INFO:   masking Roc 1 col/row: 51 3
[14:58:15.432]     INFO:   masking Roc 1 col/row: 51 4
[14:58:15.432]     INFO:   masking Roc 1 col/row: 51 5
[14:58:15.432]     INFO:       reading data/pa243//trimParameters35_C1.dat
[14:58:15.438]     INFO:       reading data/pa243//trimParameters35_C2.dat
[14:58:15.445]     INFO:       reading data/pa243//trimParameters35_C3.dat
[14:58:15.451]     INFO:   masking Roc 4 col/row: 30 74
[14:58:15.451]     INFO:       reading data/pa243//trimParameters35_C4.dat
[14:58:15.458]     INFO:       reading data/pa243//trimParameters35_C5.dat
[14:58:15.464]     INFO:       reading data/pa243//trimParameters35_C6.dat
[14:58:15.471]     INFO:       reading data/pa243//trimParameters35_C7.dat
[14:58:15.478]     INFO:   masking Roc 8 col/row: 40 79
[14:58:15.478]     INFO:       reading data/pa243//trimParameters35_C8.dat
[14:58:15.484]     INFO:       reading data/pa243//trimParameters35_C9.dat
[14:58:15.491]     INFO:       reading data/pa243//trimParameters35_C10.dat
[14:58:15.497]     INFO:       reading data/pa243//trimParameters35_C11.dat
[14:58:15.503]     INFO:       reading data/pa243//trimParameters35_C12.dat
[14:58:15.510]     INFO:       reading data/pa243//trimParameters35_C13.dat
[14:58:15.516]     INFO:       reading data/pa243//trimParameters35_C14.dat
[14:58:15.523]     INFO:       reading data/pa243//trimParameters35_C15.dat
[14:58:15.529]     INFO:       reading data/pa243//tbParameters.dat
[14:58:15.529]     INFO:         clk: 4
[14:58:15.530]     INFO:         ctr: 4
[14:58:15.530]     INFO:         sda: 19
[14:58:15.530]     INFO:         tin: 9
[14:58:15.530]     INFO:         level: 15
[14:58:15.530]     INFO:         triggerdelay: 0
[14:58:15.530]    QUIET: Instanciating API for pxar v1.9.0
[14:58:15.530]     INFO: Log level: INFO
[14:58:15.543]    QUIET: Connection to board DTB_WRPRHI opened.
[14:58:15.546]     INFO: DTB startup information
--- DTB info------------------------------------------
Board id:    58
HW version:  DTB1.2
FW version:  3.2
SW version:  3.6
USB id:      DTB_WRPRHI
MAC address: 40D85511803A
Hostname:    pixelDTB058
Comment:     
------------------------------------------------------
[14:58:15.550]     INFO: RPC call hashes of host and DTB match: 413001178
[14:58:17.160]     INFO: DUT info: 
[14:58:17.160]     INFO: The DUT currently contains the following objects:
[14:58:17.160]     INFO:  2 TBM Cores (2 ON)
[14:58:17.160]     INFO: 	TBM Core alpha (0): 7 registers set
[14:58:17.160]     INFO: 	TBM Core beta  (1): 7 registers set
[14:58:17.160]     INFO: 16 ROCs (16 ON) with 4160 pixelConfigs
[14:58:17.160]     INFO: 	ROC 0: 19 DACs set, Pixels: 1 masked, 4160 active.
[14:58:17.160]     INFO: 	ROC 1: 19 DACs set, Pixels: 3 masked, 4160 active.
[14:58:17.160]     INFO: 	ROC 2: 19 DACs set, Pixels: 0 masked, 4160 active.
[14:58:17.160]     INFO: 	ROC 3: 19 DACs set, Pixels: 0 masked, 4160 active.
[14:58:17.160]     INFO: 	ROC 4: 19 DACs set, Pixels: 1 masked, 4160 active.
[14:58:17.160]     INFO: 	ROC 5: 19 DACs set, Pixels: 0 masked, 4160 active.
[14:58:17.160]     INFO: 	ROC 6: 19 DACs set, Pixels: 0 masked, 4160 active.
[14:58:17.160]     INFO: 	ROC 7: 19 DACs set, Pixels: 0 masked, 4160 active.
[14:58:17.160]     INFO: 	ROC 8: 19 DACs set, Pixels: 1 masked, 4160 active.
[14:58:17.160]     INFO: 	ROC 9: 19 DACs set, Pixels: 0 masked, 4160 active.
[14:58:17.160]     INFO: 	ROC 10: 19 DACs set, Pixels: 0 masked, 4160 active.
[14:58:17.160]     INFO: 	ROC 11: 19 DACs set, Pixels: 0 masked, 4160 active.
[14:58:17.160]     INFO: 	ROC 12: 19 DACs set, Pixels: 0 masked, 4160 active.
[14:58:17.160]     INFO: 	ROC 13: 19 DACs set, Pixels: 0 masked, 4160 active.
[14:58:17.160]     INFO: 	ROC 14: 19 DACs set, Pixels: 0 masked, 4160 active.
[14:58:17.160]     INFO: 	ROC 15: 19 DACs set, Pixels: 0 masked, 4160 active.
[14:58:17.728]     INFO:       reading data/pa243//phCalibrationFitErr35_C0.dat
[14:58:17.745]     INFO:       reading data/pa243//phCalibrationFitErr35_C1.dat
[14:58:17.761]     INFO:       reading data/pa243//phCalibrationFitErr35_C2.dat
[14:58:17.777]     INFO:       reading data/pa243//phCalibrationFitErr35_C3.dat
[14:58:17.792]     INFO:       reading data/pa243//phCalibrationFitErr35_C4.dat
[14:58:17.808]     INFO:       reading data/pa243//phCalibrationFitErr35_C5.dat
[14:58:17.823]     INFO:       reading data/pa243//phCalibrationFitErr35_C6.dat
[14:58:17.839]     INFO:       reading data/pa243//phCalibrationFitErr35_C7.dat
[14:58:17.854]     INFO:       reading data/pa243//phCalibrationFitErr35_C8.dat
[14:58:17.870]     INFO:       reading data/pa243//phCalibrationFitErr35_C9.dat
[14:58:17.885]     INFO:       reading data/pa243//phCalibrationFitErr35_C10.dat
[14:58:17.900]     INFO:       reading data/pa243//phCalibrationFitErr35_C11.dat
[14:58:17.915]     INFO:       reading data/pa243//phCalibrationFitErr35_C12.dat
[14:58:17.931]     INFO:       reading data/pa243//phCalibrationFitErr35_C13.dat
[14:58:17.946]     INFO:       reading data/pa243//phCalibrationFitErr35_C14.dat
[14:58:17.961]     INFO:       reading data/pa243//phCalibrationFitErr35_C15.dat
[14:58:18.040]     INFO:       reading data/pa243//readbackCal_C0.dat
[14:58:18.040]     INFO:       reading data/pa243//readbackCal_C1.dat
[14:58:18.040]     INFO:       reading data/pa243//readbackCal_C2.dat
[14:58:18.040]     INFO:       reading data/pa243//readbackCal_C3.dat
[14:58:18.040]     INFO:       reading data/pa243//readbackCal_C4.dat
[14:58:18.040]     INFO:       reading data/pa243//readbackCal_C5.dat
[14:58:18.040]     INFO:       reading data/pa243//readbackCal_C6.dat
[14:58:18.040]     INFO:       reading data/pa243//readbackCal_C7.dat
[14:58:18.040]     INFO:       reading data/pa243//readbackCal_C8.dat
[14:58:18.040]     INFO:       reading data/pa243//readbackCal_C9.dat
[14:58:18.040]     INFO:       reading data/pa243//readbackCal_C10.dat
[14:58:18.040]     INFO:       reading data/pa243//readbackCal_C11.dat
[14:58:18.040]     INFO:       reading data/pa243//readbackCal_C12.dat
[14:58:18.040]     INFO:       reading data/pa243//readbackCal_C13.dat
[14:58:18.041]     INFO:       reading data/pa243//readbackCal_C14.dat
[14:58:18.041]     INFO:       reading data/pa243//readbackCal_C15.dat
[14:58:20.881]     INFO: ######################################################################
[14:58:20.881]     INFO: PixTestHighRate::doTest()
[14:58:20.881]     INFO: ######################################################################
[14:58:20.881]     INFO:    ----------------------------------------------------------------------
[14:58:20.881]     INFO:    PixTestHighRate::calDelScan() ntrig = 10, vcal = 200
[14:58:20.881]     INFO:    ----------------------------------------------------------------------
[14:58:21.961]     INFO: Test took 1076ms.
[14:58:21.965]     INFO:       reading data/pa243//defaultMaskFile.dat
[14:58:21.965]     INFO: ROC 0 masking pixel 26/39
[14:58:21.965]     INFO: ROC 1 masking pixel 51/3
[14:58:21.965]     INFO: ROC 1 masking pixel 51/4
[14:58:21.965]     INFO: ROC 1 masking pixel 51/5
[14:58:21.965]     INFO: ROC 4 masking pixel 30/74
[14:58:21.965]     INFO: ROC 8 masking pixel 40/79
[14:58:21.965]  WARNING: Pattern generator does not contain a trigger signal. No data is expected from the DUT!
[14:58:26.128]     INFO: IGNORE THE WARNING ABOVE (resetROC sent)!
[14:58:30.345]     INFO: Test took 4013ms.
[14:58:30.868]     INFO: Fetched DAQ statistics. Counters are being reset now.
[14:58:34.900]    ERROR: <datapipe.cc/DecodeDeser400:L294> Number of ROCs (6) != Token Chain Length (8)
[14:58:34.900]  WARNING: ROC 6: Readback start marker after 15 readouts!
[14:58:34.900]  WARNING: ROC 7: Readback start marker after 15 readouts!
[14:58:35.035]     INFO: Test took 4069ms.
[14:58:35.555]     INFO: Fetched DAQ statistics. Counters are being reset now.
[14:58:39.742]     INFO: Test took 4088ms.
[14:58:40.265]     INFO: Fetched DAQ statistics. Counters are being reset now.
[14:58:44.463]     INFO: Test took 4098ms.
[14:58:44.985]     INFO: Fetched DAQ statistics. Counters are being reset now.
[14:58:49.184]     INFO: Test took 4099ms.
[14:58:49.705]     INFO: Fetched DAQ statistics. Counters are being reset now.
[14:58:53.898]     INFO: Test took 4092ms.
[14:58:54.421]     INFO: Fetched DAQ statistics. Counters are being reset now.
[14:58:58.634]     INFO: Test took 4113ms.
[14:58:59.161]     INFO: Fetched DAQ statistics. Counters are being reset now.
[14:59:01.561]    ERROR: <datapipe.cc/DecodeDeser400:L294> Number of ROCs (6) != Token Chain Length (8)
[14:59:01.561]  WARNING: ROC 6: Readback start marker after 15 readouts!
[14:59:01.562]  WARNING: ROC 7: Readback start marker after 15 readouts!
[14:59:03.381]     INFO: Test took 4121ms.
[14:59:03.902]     INFO: Fetched DAQ statistics. Counters are being reset now.
[14:59:06.294]    ERROR: <datapipe.cc/DecodeDeser400:L294> Number of ROCs (6) != Token Chain Length (8)
[14:59:06.295]  WARNING: ROC 6: Readback start marker after 15 readouts!
[14:59:06.295]  WARNING: ROC 7: Readback start marker after 31 readouts!
[14:59:07.402]    ERROR: <datapipe.cc/DecodeDeser400:L294> Number of ROCs (6) != Token Chain Length (8)
[14:59:07.402]  WARNING: ROC 6: Readback start marker after 15 readouts!
[14:59:07.406]  WARNING: ROC 7: Readback start marker after 15 readouts!
[14:59:08.146]     INFO: Test took 4144ms.
[14:59:08.676]     INFO: Fetched DAQ statistics. Counters are being reset now.
[14:59:12.894]     INFO: Test took 4115ms.
[14:59:13.422]     INFO: Fetched DAQ statistics. Counters are being reset now.
[14:59:17.676]     INFO: Test took 4155ms.
[14:59:18.200]     INFO: Fetched DAQ statistics. Counters are being reset now.
[14:59:22.439]     INFO: Test took 4140ms.
[14:59:22.959]     INFO: Fetched DAQ statistics. Counters are being reset now.
[14:59:27.173]     INFO: Test took 4113ms.
[14:59:27.697]     INFO: Fetched DAQ statistics. Counters are being reset now.
[14:59:31.917]     INFO: Test took 4121ms.
[14:59:32.439]     INFO: Fetched DAQ statistics. Counters are being reset now.
[14:59:36.669]     INFO: Test took 4130ms.
[14:59:37.189]     INFO: Fetched DAQ statistics. Counters are being reset now.
[14:59:41.413]     INFO: Test took 4123ms.
[14:59:41.938]     INFO: Fetched DAQ statistics. Counters are being reset now.
[14:59:45.292]    ERROR: <datapipe.cc/DecodeDeser400:L294> Number of ROCs (6) != Token Chain Length (8)
[14:59:45.292]  WARNING: ROC 6: Readback start marker after 15 readouts!
[14:59:45.292]  WARNING: ROC 7: Readback start marker after 15 readouts!
[14:59:46.171]     INFO: Test took 4134ms.
[14:59:46.695]     INFO: Fetched DAQ statistics. Counters are being reset now.
[14:59:50.922]     INFO: Test took 4127ms.
[14:59:51.442]     INFO: Fetched DAQ statistics. Counters are being reset now.
[14:59:54.275]    ERROR: <datapipe.cc/DecodeDeser400:L294> Number of ROCs (6) != Token Chain Length (8)
[14:59:54.275]  WARNING: ROC 6: Readback start marker after 15 readouts!
[14:59:54.275]  WARNING: ROC 7: Readback start marker after 15 readouts!
[14:59:55.633]     INFO: Test took 4091ms.
[14:59:56.156]     INFO: Fetched DAQ statistics. Counters are being reset now.
[15:00:00.256]     INFO: Test took 4000ms.
[15:00:00.773]     INFO: Fetched DAQ statistics. Counters are being reset now.
[15:00:01.122]     INFO:    ----------------------------------------------------------------------
[15:00:01.122]     INFO:    PixTestHighRate::xPixelAlive() ntrig = 10, vcal = 200
[15:00:01.122]     INFO:    ----------------------------------------------------------------------
[15:00:01.149]     INFO:       reading data/pa243//defaultMaskFile.dat
[15:00:01.149]     INFO: ROC 0 masking pixel 26/39
[15:00:01.149]     INFO: ROC 1 masking pixel 51/3
[15:00:01.149]     INFO: ROC 1 masking pixel 51/4
[15:00:01.149]     INFO: ROC 1 masking pixel 51/5
[15:00:01.149]     INFO: ROC 4 masking pixel 30/74
[15:00:01.149]     INFO: ROC 8 masking pixel 40/79
[15:00:01.149]  WARNING: Pattern generator does not contain a trigger signal. No data is expected from the DUT!
[15:00:05.122]     INFO: IGNORE THE WARNING ABOVE (resetROC sent)!
[15:00:08.967]    ERROR: <datapipe.cc/DecodeDeser400:L294> Number of ROCs (6) != Token Chain Length (8)
[15:00:08.971]  WARNING: ROC 6: Readback start marker after 15 readouts!
[15:00:08.971]  WARNING: ROC 7: Readback start marker after 15 readouts!
[15:00:09.683]     INFO: Test took 4366ms.
[15:00:10.225]     INFO: Fetched DAQ statistics. Counters are being reset now.
[15:00:10.543]     INFO: number of dead pixels (per ROC):     1    4    1    0    1    0    0    4    2    0    0    0    0    0    1    0
[15:00:10.543]     INFO: number of red-efficiency pixels:    70  141  547 1116 1210 1258 1042  566  626 1310 1364 1126 1178  563  145   72
[15:00:10.543]     INFO: number of X-ray hits detected:    19911 42648 76151 117240 123066 123117 116364 69137 69561 123072 128218 117670 120306 77771 45137 21309
[15:00:10.543]     INFO: number of triggers sent (total per ROC):  41600 41600 41600 41600 41600 41600 41600 41600 41600 41600 41600 41600 41600 41600 41600 41600
[15:00:10.543]     INFO: number of Vcal hits detected:  41504 41417 40911 40262 40096 40021 40359 40897 40820 39963 39806 40171 40135 40919 41442 41525
[15:00:10.543]     INFO: Vcal hit fiducial efficiency (%):  99.8 99.7 98.5 97.1 96.7 96.5 97.3 98.5 98.3 96.3 96.1 97.0 96.8 98.5 99.7 99.8
[15:00:10.543]     INFO: Vcal hit overall efficiency (%):  99.8 99.6 98.3 96.8 96.4 96.2 97.0 98.3 98.1 96.1 95.7 96.6 96.5 98.4 99.6 99.8
[15:00:10.543]     INFO: X-ray hit rate [MHz/cm2]:  29.2 62.5 111.6 171.8 180.4 180.4 170.5 101.3 101.9 180.4 187.9 172.4 176.3 114.0 66.1 31.2
[15:00:10.543]     INFO: PixTestHighRate::doXPixelAlive() done
[15:00:10.582]     INFO: PixTest::       pg_setup set to default.
[15:00:10.582]     INFO:    ----------------------------------------------------------------------
[15:00:10.582]     INFO:    PixTestHighRate::runDaq() running for 5 seconds
[15:00:10.582]     INFO:    ----------------------------------------------------------------------
[15:00:10.602]     INFO:       reading data/pa243//defaultMaskFile.dat
[15:00:10.602]     INFO: ROC 0 masking pixel 26/39
[15:00:10.602]     INFO: ROC 1 masking pixel 51/3
[15:00:10.602]     INFO: ROC 1 masking pixel 51/4
[15:00:10.602]     INFO: ROC 1 masking pixel 51/5
[15:00:10.602]     INFO: ROC 4 masking pixel 30/74
[15:00:10.602]     INFO: ROC 8 masking pixel 40/79
[15:00:10.602]  WARNING: Pattern generator does not contain a trigger signal. No data is expected from the DUT!
[15:00:11.573]     INFO: IGNORE THE WARNING ABOVE (resetROC sent)!
[15:00:12.750]     INFO: PixTestHighRate::doHitMap start TriggerLoop with trigger frequency 20 kHz, period 2011 and duration 5 seconds
[15:00:17.751]     INFO: data taking finished, elapsed time: 5 seconds.
[15:00:22.444]     INFO: PixTest::       pg_setup set to default.
[15:00:22.467]     INFO: Pixels without X-ray hits (per ROC):   976   201    94     2     3     3     9   314   165     9     7    16     3    96   170  1031 
[15:00:22.467]     INFO: PixTestHighRate::doRunDaq() done
[15:00:22.467]     INFO: PixTestHighRate::doTest() done 
[15:00:56.961]    QUIET: Connection to board 58 closed.
