[09:48:34.546]     INFO: *** Welcome to pxar ***
[09:48:34.546]     INFO: *** Today: 2015/04/08
[09:48:34.546]     INFO:       reading data/mtt922//dacParameters40_C0.dat
[09:48:34.546]     INFO:       reading data/mtt922//dacParameters40_C1.dat
[09:48:34.546]     INFO:       reading data/mtt922//dacParameters40_C2.dat
[09:48:34.546]     INFO:       reading data/mtt922//dacParameters40_C3.dat
[09:48:34.546]     INFO:       reading data/mtt922//dacParameters40_C4.dat
[09:48:34.546]     INFO:       reading data/mtt922//dacParameters40_C5.dat
[09:48:34.546]     INFO:       reading data/mtt922//dacParameters40_C6.dat
[09:48:34.546]     INFO:       reading data/mtt922//dacParameters40_C7.dat
[09:48:34.546]     INFO:       reading data/mtt922//dacParameters40_C8.dat
[09:48:34.547]     INFO:       reading data/mtt922//dacParameters40_C9.dat
[09:48:34.547]     INFO:       reading data/mtt922//dacParameters40_C10.dat
[09:48:34.547]     INFO:       reading data/mtt922//dacParameters40_C11.dat
[09:48:34.547]     INFO:       reading data/mtt922//dacParameters40_C12.dat
[09:48:34.547]     INFO:       reading data/mtt922//dacParameters40_C13.dat
[09:48:34.547]     INFO:       reading data/mtt922//dacParameters40_C14.dat
[09:48:34.547]     INFO:       reading data/mtt922//dacParameters40_C15.dat
[09:48:34.547]     INFO:       reading data/mtt922//tbmParameters_C0a.dat
[09:48:34.547]     INFO:       reading data/mtt922//tbmParameters_C0b.dat
[09:48:34.547]     INFO:       reading data/mtt922//defaultMaskFile.dat
[09:48:34.547]     INFO:       reading data/mtt922//trimParameters40_C0.dat
[09:48:34.554]     INFO:       reading data/mtt922//trimParameters40_C1.dat
[09:48:34.561]     INFO:       reading data/mtt922//trimParameters40_C2.dat
[09:48:34.568]     INFO:       reading data/mtt922//trimParameters40_C3.dat
[09:48:34.575]     INFO:       reading data/mtt922//trimParameters40_C4.dat
[09:48:34.581]     INFO:       reading data/mtt922//trimParameters40_C5.dat
[09:48:34.588]     INFO:       reading data/mtt922//trimParameters40_C6.dat
[09:48:34.595]     INFO:       reading data/mtt922//trimParameters40_C7.dat
[09:48:34.602]     INFO:       reading data/mtt922//trimParameters40_C8.dat
[09:48:34.609]     INFO:       reading data/mtt922//trimParameters40_C9.dat
[09:48:34.616]     INFO:       reading data/mtt922//trimParameters40_C10.dat
[09:48:34.622]     INFO:       reading data/mtt922//trimParameters40_C11.dat
[09:48:34.629]     INFO:       reading data/mtt922//trimParameters40_C12.dat
[09:48:34.636]     INFO:       reading data/mtt922//trimParameters40_C13.dat
[09:48:34.642]     INFO:       reading data/mtt922//trimParameters40_C14.dat
[09:48:34.649]     INFO:       reading data/mtt922//trimParameters40_C15.dat
[09:48:34.656]     INFO:       reading data/mtt922//tbParameters.dat
[09:48:34.656]     INFO:         clk: 4
[09:48:34.656]     INFO:         ctr: 4
[09:48:34.656]     INFO:         sda: 19
[09:48:34.656]     INFO:         tin: 9
[09:48:34.656]     INFO:         level: 15
[09:48:34.656]     INFO:         triggerdelay: 0
[09:48:34.657]    QUIET: Instanciating API for pxar crosscalibrate
[09:48:34.657]     INFO: Log level: INFO
[09:48:34.670]    QUIET: Connection to board DTB_WRPRHI opened.
[09:48:34.674]     INFO: DTB startup information
--- DTB info------------------------------------------
Board id:    58
HW version:  DTB1.2
FW version:  3.2
SW version:  3.6
USB id:      DTB_WRPRHI
MAC address: 40D85511803A
Hostname:    pixelDTB058
Comment:     
------------------------------------------------------
[09:48:34.677]     INFO: RPC call hashes of host and DTB match: 413001178
[09:48:36.290]     INFO: DUT info: 
[09:48:36.290]     INFO: The DUT currently contains the following objects:
[09:48:36.290]     INFO:  2 TBM Cores (2 ON)
[09:48:36.290]     INFO: 	TBM Core alpha (0): 7 registers set
[09:48:36.290]     INFO: 	TBM Core beta  (1): 7 registers set
[09:48:36.290]     INFO: 16 ROCs (16 ON) with 4160 pixelConfigs
[09:48:36.290]     INFO: 	ROC 0: 21 DACs set, Pixels: 0 masked, 4160 active.
[09:48:36.290]     INFO: 	ROC 1: 21 DACs set, Pixels: 0 masked, 4160 active.
[09:48:36.290]     INFO: 	ROC 2: 21 DACs set, Pixels: 0 masked, 4160 active.
[09:48:36.290]     INFO: 	ROC 3: 21 DACs set, Pixels: 0 masked, 4160 active.
[09:48:36.290]     INFO: 	ROC 4: 21 DACs set, Pixels: 0 masked, 4160 active.
[09:48:36.290]     INFO: 	ROC 5: 21 DACs set, Pixels: 0 masked, 4160 active.
[09:48:36.290]     INFO: 	ROC 6: 21 DACs set, Pixels: 0 masked, 4160 active.
[09:48:36.290]     INFO: 	ROC 7: 21 DACs set, Pixels: 0 masked, 4160 active.
[09:48:36.290]     INFO: 	ROC 8: 21 DACs set, Pixels: 0 masked, 4160 active.
[09:48:36.290]     INFO: 	ROC 9: 21 DACs set, Pixels: 0 masked, 4160 active.
[09:48:36.290]     INFO: 	ROC 10: 21 DACs set, Pixels: 0 masked, 4160 active.
[09:48:36.290]     INFO: 	ROC 11: 21 DACs set, Pixels: 0 masked, 4160 active.
[09:48:36.290]     INFO: 	ROC 12: 21 DACs set, Pixels: 0 masked, 4160 active.
[09:48:36.290]     INFO: 	ROC 13: 21 DACs set, Pixels: 0 masked, 4160 active.
[09:48:36.290]     INFO: 	ROC 14: 21 DACs set, Pixels: 0 masked, 4160 active.
[09:48:36.291]     INFO: 	ROC 15: 21 DACs set, Pixels: 0 masked, 4160 active.
[09:48:36.890]     INFO:       reading data/mtt922//phCalibrationFitTanH40_C0.dat
[09:48:36.906]     INFO:       reading data/mtt922//phCalibrationFitTanH40_C1.dat
[09:48:36.922]     INFO:       reading data/mtt922//phCalibrationFitTanH40_C2.dat
[09:48:36.938]     INFO:       reading data/mtt922//phCalibrationFitTanH40_C3.dat
[09:48:36.953]     INFO:       reading data/mtt922//phCalibrationFitTanH40_C4.dat
[09:48:36.969]     INFO:       reading data/mtt922//phCalibrationFitTanH40_C5.dat
[09:48:36.985]     INFO:       reading data/mtt922//phCalibrationFitTanH40_C6.dat
[09:48:37.001]     INFO:       reading data/mtt922//phCalibrationFitTanH40_C7.dat
[09:48:37.017]     INFO:       reading data/mtt922//phCalibrationFitTanH40_C8.dat
[09:48:37.033]     INFO:       reading data/mtt922//phCalibrationFitTanH40_C9.dat
[09:48:37.049]     INFO:       reading data/mtt922//phCalibrationFitTanH40_C10.dat
[09:48:37.065]     INFO:       reading data/mtt922//phCalibrationFitTanH40_C11.dat
[09:48:37.080]     INFO:       reading data/mtt922//phCalibrationFitTanH40_C12.dat
[09:48:37.095]     INFO:       reading data/mtt922//phCalibrationFitTanH40_C13.dat
[09:48:37.111]     INFO:       reading data/mtt922//phCalibrationFitTanH40_C14.dat
[09:48:37.126]     INFO:       reading data/mtt922//phCalibrationFitTanH40_C15.dat
[09:48:37.180]     INFO:       reading data/mtt922//readbackCal_C0.dat
[09:48:37.180]     INFO:       reading data/mtt922//readbackCal_C1.dat
[09:48:37.180]     INFO:       reading data/mtt922//readbackCal_C2.dat
[09:48:37.180]     INFO:       reading data/mtt922//readbackCal_C3.dat
[09:48:37.180]     INFO:       reading data/mtt922//readbackCal_C4.dat
[09:48:37.180]     INFO:       reading data/mtt922//readbackCal_C5.dat
[09:48:37.180]     INFO:       reading data/mtt922//readbackCal_C6.dat
[09:48:37.180]     INFO:       reading data/mtt922//readbackCal_C7.dat
[09:48:37.180]     INFO:       reading data/mtt922//readbackCal_C8.dat
[09:48:37.180]     INFO:       reading data/mtt922//readbackCal_C9.dat
[09:48:37.180]     INFO:       reading data/mtt922//readbackCal_C10.dat
[09:48:37.181]     INFO:       reading data/mtt922//readbackCal_C11.dat
[09:48:37.181]     INFO:       reading data/mtt922//readbackCal_C12.dat
[09:48:37.181]     INFO:       reading data/mtt922//readbackCal_C13.dat
[09:48:37.181]     INFO:       reading data/mtt922//readbackCal_C14.dat
[09:48:37.181]     INFO:       reading data/mtt922//readbackCal_C15.dat
[09:48:48.120]     INFO: ######################################################################
[09:48:48.120]     INFO: PixTestBBMap::doTest() Ntrig = 5, VcalS = 250 (high range)
[09:48:48.120]     INFO: ######################################################################
[09:48:48.124]     INFO: ---> dac: VthrComp name: calSMap ntrig: 5 dacrange: 0 .. 149 hits flags = 2 (plus default)
[09:48:48.161]     INFO:   dacScan step  from 0 .. 49
[09:49:25.015]     INFO: Test took 36853ms.
[09:49:25.502]     INFO: Fetched DAQ statistics. Counters are being reset now.
[09:49:25.651]     INFO:   dacScan step  from 50 .. 99
[09:50:08.674]     INFO: Test took 43023ms.
[09:50:09.508]     INFO: Fetched DAQ statistics. Counters are being reset now.
[09:50:09.823]     INFO:   dacScan step  from 100 .. 149
[09:50:43.388]     INFO: Test took 33564ms.
[09:50:43.557]     INFO: Fetched DAQ statistics. Counters are being reset now.
[09:51:19.729]     INFO: PixTestBBMap::doTest() done, duration: 151 seconds
[09:51:19.729]     INFO: number of dead bumps (per ROC):    11    6    4   18   36  207   48    7    4   73 4159   32   22   21    7   20
[09:51:19.729]     INFO: separation cut       (per ROC):    47   52   45   32   35   52   53   45   54   38   23   42   47   45   65   40
[09:51:41.588]    QUIET: Connection to board 58 closed.
