[14:33:23.069]     INFO: *** Welcome to pxar ***
[14:33:23.069]     INFO: *** Today: 2015/04/08
[14:33:23.069]     INFO:       reading data/mtt922//dacParameters40_C0.dat
[14:33:23.069]     INFO:       reading data/mtt922//dacParameters40_C1.dat
[14:33:23.069]     INFO:       reading data/mtt922//dacParameters40_C2.dat
[14:33:23.069]     INFO:       reading data/mtt922//dacParameters40_C3.dat
[14:33:23.069]     INFO:       reading data/mtt922//dacParameters40_C4.dat
[14:33:23.069]     INFO:       reading data/mtt922//dacParameters40_C5.dat
[14:33:23.069]     INFO:       reading data/mtt922//dacParameters40_C6.dat
[14:33:23.070]     INFO:       reading data/mtt922//dacParameters40_C7.dat
[14:33:23.070]     INFO:       reading data/mtt922//dacParameters40_C8.dat
[14:33:23.070]     INFO:       reading data/mtt922//dacParameters40_C9.dat
[14:33:23.070]     INFO:       reading data/mtt922//dacParameters40_C10.dat
[14:33:23.070]     INFO:       reading data/mtt922//dacParameters40_C11.dat
[14:33:23.070]     INFO:       reading data/mtt922//dacParameters40_C12.dat
[14:33:23.070]     INFO:       reading data/mtt922//dacParameters40_C13.dat
[14:33:23.070]     INFO:       reading data/mtt922//dacParameters40_C14.dat
[14:33:23.070]     INFO:       reading data/mtt922//dacParameters40_C15.dat
[14:33:23.070]     INFO:       reading data/mtt922//tbmParameters_C0a.dat
[14:33:23.070]     INFO:       reading data/mtt922//tbmParameters_C0b.dat
[14:33:23.070]     INFO:       reading data/mtt922//defaultMaskFile.dat
[14:33:23.070]     INFO:       reading data/mtt922//trimParameters40_C0.dat
[14:33:23.077]     INFO:       reading data/mtt922//trimParameters40_C1.dat
[14:33:23.084]     INFO:       reading data/mtt922//trimParameters40_C2.dat
[14:33:23.090]     INFO:       reading data/mtt922//trimParameters40_C3.dat
[14:33:23.097]     INFO:       reading data/mtt922//trimParameters40_C4.dat
[14:33:23.103]     INFO:       reading data/mtt922//trimParameters40_C5.dat
[14:33:23.110]     INFO:       reading data/mtt922//trimParameters40_C6.dat
[14:33:23.116]     INFO:       reading data/mtt922//trimParameters40_C7.dat
[14:33:23.123]     INFO:       reading data/mtt922//trimParameters40_C8.dat
[14:33:23.129]     INFO:       reading data/mtt922//trimParameters40_C9.dat
[14:33:23.136]     INFO:       reading data/mtt922//trimParameters40_C10.dat
[14:33:23.142]     INFO:       reading data/mtt922//trimParameters40_C11.dat
[14:33:23.149]     INFO:       reading data/mtt922//trimParameters40_C12.dat
[14:33:23.155]     INFO:       reading data/mtt922//trimParameters40_C13.dat
[14:33:23.161]     INFO:       reading data/mtt922//trimParameters40_C14.dat
[14:33:23.168]     INFO:       reading data/mtt922//trimParameters40_C15.dat
[14:33:23.175]     INFO:       reading data/mtt922//tbParameters.dat
[14:33:23.175]     INFO:         clk: 4
[14:33:23.175]     INFO:         ctr: 4
[14:33:23.175]     INFO:         sda: 19
[14:33:23.175]     INFO:         tin: 9
[14:33:23.175]     INFO:         level: 15
[14:33:23.175]     INFO:         triggerdelay: 0
[14:33:23.175]    QUIET: Instanciating API for pxar crosscalibrate
[14:33:23.175]     INFO: Log level: INFO
[14:33:23.188]    QUIET: Connection to board DTB_WRPRHI opened.
[14:33:23.193]     INFO: DTB startup information
--- DTB info------------------------------------------
Board id:    58
HW version:  DTB1.2
FW version:  3.2
SW version:  3.6
USB id:      DTB_WRPRHI
MAC address: 40D85511803A
Hostname:    pixelDTB058
Comment:     
------------------------------------------------------
[14:33:23.196]     INFO: RPC call hashes of host and DTB match: 413001178
[14:33:24.809]     INFO: DUT info: 
[14:33:24.809]     INFO: The DUT currently contains the following objects:
[14:33:24.809]     INFO:  2 TBM Cores (2 ON)
[14:33:24.809]     INFO: 	TBM Core alpha (0): 7 registers set
[14:33:24.809]     INFO: 	TBM Core beta  (1): 7 registers set
[14:33:24.809]     INFO: 16 ROCs (16 ON) with 4160 pixelConfigs
[14:33:24.809]     INFO: 	ROC 0: 21 DACs set, Pixels: 0 masked, 4160 active.
[14:33:24.809]     INFO: 	ROC 1: 21 DACs set, Pixels: 0 masked, 4160 active.
[14:33:24.809]     INFO: 	ROC 2: 21 DACs set, Pixels: 0 masked, 4160 active.
[14:33:24.809]     INFO: 	ROC 3: 21 DACs set, Pixels: 0 masked, 4160 active.
[14:33:24.809]     INFO: 	ROC 4: 21 DACs set, Pixels: 0 masked, 4160 active.
[14:33:24.809]     INFO: 	ROC 5: 21 DACs set, Pixels: 0 masked, 4160 active.
[14:33:24.809]     INFO: 	ROC 6: 21 DACs set, Pixels: 0 masked, 4160 active.
[14:33:24.809]     INFO: 	ROC 7: 21 DACs set, Pixels: 0 masked, 4160 active.
[14:33:24.809]     INFO: 	ROC 8: 21 DACs set, Pixels: 0 masked, 4160 active.
[14:33:24.809]     INFO: 	ROC 9: 21 DACs set, Pixels: 0 masked, 4160 active.
[14:33:24.810]     INFO: 	ROC 10: 21 DACs set, Pixels: 0 masked, 4160 active.
[14:33:24.810]     INFO: 	ROC 11: 21 DACs set, Pixels: 0 masked, 4160 active.
[14:33:24.810]     INFO: 	ROC 12: 21 DACs set, Pixels: 0 masked, 4160 active.
[14:33:24.810]     INFO: 	ROC 13: 21 DACs set, Pixels: 0 masked, 4160 active.
[14:33:24.810]     INFO: 	ROC 14: 21 DACs set, Pixels: 0 masked, 4160 active.
[14:33:24.810]     INFO: 	ROC 15: 21 DACs set, Pixels: 0 masked, 4160 active.
[14:33:25.418]     INFO:       reading data/mtt922//phCalibrationFitTanH40_C0.dat
[14:33:25.435]     INFO:       reading data/mtt922//phCalibrationFitTanH40_C1.dat
[14:33:25.451]     INFO:       reading data/mtt922//phCalibrationFitTanH40_C2.dat
[14:33:25.466]     INFO:       reading data/mtt922//phCalibrationFitTanH40_C3.dat
[14:33:25.482]     INFO:       reading data/mtt922//phCalibrationFitTanH40_C4.dat
[14:33:25.498]     INFO:       reading data/mtt922//phCalibrationFitTanH40_C5.dat
[14:33:25.514]     INFO:       reading data/mtt922//phCalibrationFitTanH40_C6.dat
[14:33:25.529]     INFO:       reading data/mtt922//phCalibrationFitTanH40_C7.dat
[14:33:25.545]     INFO:       reading data/mtt922//phCalibrationFitTanH40_C8.dat
[14:33:25.561]     INFO:       reading data/mtt922//phCalibrationFitTanH40_C9.dat
[14:33:25.577]     INFO:       reading data/mtt922//phCalibrationFitTanH40_C10.dat
[14:33:25.593]     INFO:       reading data/mtt922//phCalibrationFitTanH40_C11.dat
[14:33:25.608]     INFO:       reading data/mtt922//phCalibrationFitTanH40_C12.dat
[14:33:25.624]     INFO:       reading data/mtt922//phCalibrationFitTanH40_C13.dat
[14:33:25.639]     INFO:       reading data/mtt922//phCalibrationFitTanH40_C14.dat
[14:33:25.655]     INFO:       reading data/mtt922//phCalibrationFitTanH40_C15.dat
[14:33:25.708]     INFO:       reading data/mtt922//readbackCal_C0.dat
[14:33:25.708]     INFO:       reading data/mtt922//readbackCal_C1.dat
[14:33:25.708]     INFO:       reading data/mtt922//readbackCal_C2.dat
[14:33:25.708]     INFO:       reading data/mtt922//readbackCal_C3.dat
[14:33:25.709]     INFO:       reading data/mtt922//readbackCal_C4.dat
[14:33:25.709]     INFO:       reading data/mtt922//readbackCal_C5.dat
[14:33:25.709]     INFO:       reading data/mtt922//readbackCal_C6.dat
[14:33:25.709]     INFO:       reading data/mtt922//readbackCal_C7.dat
[14:33:25.709]     INFO:       reading data/mtt922//readbackCal_C8.dat
[14:33:25.709]     INFO:       reading data/mtt922//readbackCal_C9.dat
[14:33:25.709]     INFO:       reading data/mtt922//readbackCal_C10.dat
[14:33:25.709]     INFO:       reading data/mtt922//readbackCal_C11.dat
[14:33:25.709]     INFO:       reading data/mtt922//readbackCal_C12.dat
[14:33:25.709]     INFO:       reading data/mtt922//readbackCal_C13.dat
[14:33:25.709]     INFO:       reading data/mtt922//readbackCal_C14.dat
[14:33:25.709]     INFO:       reading data/mtt922//readbackCal_C15.dat
[14:33:41.402]     INFO: ######################################################################
[14:33:41.402]     INFO: PixTestXray::doTest()
[14:33:41.402]     INFO: ######################################################################
[14:33:41.402]     INFO:    ----------------------------------------------------------------------
[14:33:41.402]     INFO:    PixTestXray::doPhRun() fParRunSeconds = 900
[14:33:41.402]     INFO:    ----------------------------------------------------------------------
[14:33:41.404]     INFO:       reading data/mtt922//defaultMaskFile.dat
[14:33:41.404]  WARNING: Pattern generator does not contain a trigger signal. No data is expected from the DUT!
[14:33:42.382]     INFO: IGNORE THE WARNING ABOVE (resetROC sent)!
[14:33:43.561]     INFO: PixTestXray::doPhRun start TriggerLoop with trigger frequency 100 kHz, period 405 and duration 900 seconds,  fEventsMax = 90000000
[14:34:00.675]     INFO: run duration 17 seconds, buffer almost full (81%), pausing triggers.
[14:34:19.545]     INFO: Resuming triggers.
[14:34:36.683]     INFO: run duration 34 seconds, buffer almost full (81%), pausing triggers.
[14:34:40.937]    ERROR: <datapipe.cc/DecodeDeser400:L294> Number of ROCs (4) != Token Chain Length (8)
[14:34:40.937]    ERROR: <datapipe.cc/CheckEventID:L127>    Event ID mismatch:  local ID (35) !=  TBM ID (30)
[14:34:40.937]  WARNING: ROC 2: Readback start marker after 5 readouts!
[14:34:40.937]  WARNING: ROC 4: Readback start marker after 3 readouts!
[14:34:40.937]    ERROR: <datapipe.cc/CheckEventID:L127>    Event ID mismatch:  local ID (31) !=  TBM ID (233)
[14:34:40.937]    ERROR: <datapipe.cc/DecodeDeser400:L294> Number of ROCs (1) != Token Chain Length (8)
[14:34:40.937]    ERROR: <datapipe.cc/CheckEventID:L127>    Event ID mismatch:  local ID (234) !=  TBM ID (36)
[14:34:40.937]  WARNING: ROC 2: Readback start marker after 11 readouts!
[14:34:40.937]  WARNING: ROC 0: Readback start marker after 17 readouts!
[14:34:40.937]  WARNING: ROC 4: Readback start marker after 12 readouts!
[14:34:40.937]  WARNING: ROC 5: Readback start marker after 15 readouts!
[14:34:40.937]  WARNING: ROC 6: Readback start marker after 15 readouts!
[14:34:40.937]  WARNING: ROC 7: Readback start marker after 15 readouts!
[14:34:55.208]     INFO: Resuming triggers.
[14:35:12.327]     INFO: run duration 51 seconds, buffer almost full (81%), pausing triggers.
[14:35:31.050]     INFO: Resuming triggers.
[14:35:48.170]     INFO: run duration 68 seconds, buffer almost full (81%), pausing triggers.
[14:36:06.666]     INFO: Resuming triggers.
[14:36:23.787]     INFO: run duration 85 seconds, buffer almost full (81%), pausing triggers.
[14:36:43.637]     INFO: Resuming triggers.
[14:37:00.760]     INFO: run duration 102 seconds, buffer almost full (81%), pausing triggers.
[14:37:19.468]     INFO: Resuming triggers.
[14:37:36.588]     INFO: run duration 119 seconds, buffer almost full (81%), pausing triggers.
[14:37:56.423]     INFO: Resuming triggers.
[14:38:13.546]     INFO: run duration 136 seconds, buffer almost full (81%), pausing triggers.
[14:38:32.221]     INFO: Resuming triggers.
[14:38:49.343]     INFO: run duration 154 seconds, buffer almost full (81%), pausing triggers.
[14:39:09.168]     INFO: Resuming triggers.
[14:39:26.287]     INFO: run duration 171 seconds, buffer almost full (81%), pausing triggers.
[14:39:45.056]     INFO: Resuming triggers.
[14:40:02.192]     INFO: run duration 188 seconds, buffer almost full (81%), pausing triggers.
[14:40:22.019]     INFO: Resuming triggers.
[14:40:39.169]     INFO: run duration 205 seconds, buffer almost full (81%), pausing triggers.
[14:40:57.881]     INFO: Resuming triggers.
[14:41:15.001]     INFO: run duration 222 seconds, buffer almost full (81%), pausing triggers.
[14:41:34.857]     INFO: Resuming triggers.
[14:41:51.977]     INFO: run duration 239 seconds, buffer almost full (81%), pausing triggers.
[14:42:10.658]     INFO: Resuming triggers.
[14:42:27.778]     INFO: run duration 256 seconds, buffer almost full (81%), pausing triggers.
[14:42:47.639]     INFO: Resuming triggers.
[14:43:04.757]     INFO: run duration 273 seconds, buffer almost full (81%), pausing triggers.
[14:43:22.098]     INFO: Resuming triggers.
[14:43:39.235]     INFO: run duration 291 seconds, buffer almost full (81%), pausing triggers.
[14:43:57.972]     INFO: Resuming triggers.
[14:44:15.091]     INFO: run duration 308 seconds, buffer almost full (81%), pausing triggers.
[14:44:33.551]     INFO: Resuming triggers.
[14:44:50.671]     INFO: run duration 325 seconds, buffer almost full (81%), pausing triggers.
[14:45:10.487]     INFO: Resuming triggers.
[14:45:27.608]     INFO: run duration 342 seconds, buffer almost full (81%), pausing triggers.
[14:45:44.936]     INFO: Resuming triggers.
[14:46:02.055]     INFO: run duration 359 seconds, buffer almost full (81%), pausing triggers.
[14:46:21.912]     INFO: Resuming triggers.
[14:46:39.092]     INFO: run duration 376 seconds, buffer almost full (81%), pausing triggers.
[14:46:58.918]     INFO: Resuming triggers.
[14:47:16.053]     INFO: run duration 393 seconds, buffer almost full (81%), pausing triggers.
[14:47:35.857]     INFO: Resuming triggers.
[14:47:52.979]     INFO: run duration 410 seconds, buffer almost full (81%), pausing triggers.
[14:48:11.508]     INFO: Resuming triggers.
[14:48:28.628]     INFO: run duration 428 seconds, buffer almost full (81%), pausing triggers.
[14:48:48.455]     INFO: Resuming triggers.
[14:49:05.577]     INFO: run duration 445 seconds, buffer almost full (81%), pausing triggers.
[14:49:25.410]     INFO: Resuming triggers.
[14:49:42.532]     INFO: run duration 462 seconds, buffer almost full (81%), pausing triggers.
[14:50:02.325]     INFO: Resuming triggers.
[14:50:19.445]     INFO: run duration 479 seconds, buffer almost full (81%), pausing triggers.
[14:50:39.284]     INFO: Resuming triggers.
[14:50:56.403]     INFO: run duration 496 seconds, buffer almost full (81%), pausing triggers.
[14:51:15.151]     INFO: Resuming triggers.
[14:51:32.302]     INFO: run duration 513 seconds, buffer almost full (81%), pausing triggers.
[14:51:52.147]     INFO: Resuming triggers.
[14:52:09.280]     INFO: run duration 530 seconds, buffer almost full (81%), pausing triggers.
[14:52:29.138]     INFO: Resuming triggers.
[14:52:46.274]     INFO: run duration 547 seconds, buffer almost full (81%), pausing triggers.
[14:53:04.943]     INFO: Resuming triggers.
[14:53:22.062]     INFO: run duration 565 seconds, buffer almost full (81%), pausing triggers.
[14:53:41.901]     INFO: Resuming triggers.
[14:53:59.034]     INFO: run duration 582 seconds, buffer almost full (81%), pausing triggers.
[14:54:18.857]     INFO: Resuming triggers.
[14:54:35.996]     INFO: run duration 599 seconds, buffer almost full (81%), pausing triggers.
[14:54:55.833]     INFO: Resuming triggers.
[14:55:12.955]     INFO: run duration 616 seconds, buffer almost full (81%), pausing triggers.
[14:55:31.443]     INFO: Resuming triggers.
[14:55:48.596]     INFO: run duration 633 seconds, buffer almost full (81%), pausing triggers.
[14:56:08.424]     INFO: Resuming triggers.
[14:56:25.559]     INFO: run duration 650 seconds, buffer almost full (81%), pausing triggers.
[14:56:44.108]     INFO: Resuming triggers.
[14:57:01.245]     INFO: run duration 667 seconds, buffer almost full (81%), pausing triggers.
[14:57:19.778]     INFO: Resuming triggers.
[14:57:36.900]     INFO: run duration 685 seconds, buffer almost full (81%), pausing triggers.
[14:57:55.650]     INFO: Resuming triggers.
[14:58:12.770]     INFO: run duration 702 seconds, buffer almost full (81%), pausing triggers.
[14:58:31.490]     INFO: Resuming triggers.
[14:58:48.613]     INFO: run duration 719 seconds, buffer almost full (81%), pausing triggers.
[14:59:08.451]     INFO: Resuming triggers.
[14:59:25.575]     INFO: run duration 736 seconds, buffer almost full (81%), pausing triggers.
[14:59:45.428]     INFO: Resuming triggers.
[15:00:02.550]     INFO: run duration 753 seconds, buffer almost full (81%), pausing triggers.
[15:00:22.388]     INFO: Resuming triggers.
[15:00:39.510]     INFO: run duration 770 seconds, buffer almost full (81%), pausing triggers.
[15:00:59.354]     INFO: Resuming triggers.
[15:01:16.489]     INFO: run duration 787 seconds, buffer almost full (81%), pausing triggers.
[15:01:35.001]     INFO: Resuming triggers.
[15:01:52.119]     INFO: run duration 804 seconds, buffer almost full (81%), pausing triggers.
[15:02:11.955]     INFO: Resuming triggers.
[15:02:29.077]     INFO: run duration 821 seconds, buffer almost full (81%), pausing triggers.
[15:02:48.866]     INFO: Resuming triggers.
[15:03:05.989]     INFO: run duration 839 seconds, buffer almost full (81%), pausing triggers.
[15:03:24.758]     INFO: Resuming triggers.
[15:03:41.893]     INFO: run duration 856 seconds, buffer almost full (81%), pausing triggers.
[15:04:00.326]     INFO: Resuming triggers.
[15:04:17.446]     INFO: run duration 873 seconds, buffer almost full (81%), pausing triggers.
[15:04:37.269]     INFO: Resuming triggers.
[15:04:54.392]     INFO: run duration 890 seconds, buffer almost full (81%), pausing triggers.
[15:05:13.094]     INFO: Resuming triggers.
[15:05:22.613]     INFO: data taking finished, elapsed time: 900 seconds.
[15:05:33.827]     INFO: PixTest::       pg_setup set to default.
[15:05:33.856]     INFO: PixTestXray::doPhRun() done
[15:05:33.856]     INFO: PixTestXray::doTest() done 
[15:08:33.916]    QUIET: Connection to board 58 closed.
