[15:07:42.590]     INFO: *** Welcome to pxar ***
[15:07:42.590]     INFO: *** Today: 2015/04/06
[15:07:42.590]     INFO:       reading data/mtt922//dacParameters40_C0.dat
[15:07:42.590]     INFO:       reading data/mtt922//dacParameters40_C1.dat
[15:07:42.590]     INFO:       reading data/mtt922//dacParameters40_C2.dat
[15:07:42.590]     INFO:       reading data/mtt922//dacParameters40_C3.dat
[15:07:42.590]     INFO:       reading data/mtt922//dacParameters40_C4.dat
[15:07:42.590]     INFO:       reading data/mtt922//dacParameters40_C5.dat
[15:07:42.590]     INFO:       reading data/mtt922//dacParameters40_C6.dat
[15:07:42.590]     INFO:       reading data/mtt922//dacParameters40_C7.dat
[15:07:42.590]     INFO:       reading data/mtt922//dacParameters40_C8.dat
[15:07:42.590]     INFO:       reading data/mtt922//dacParameters40_C9.dat
[15:07:42.590]     INFO:       reading data/mtt922//dacParameters40_C10.dat
[15:07:42.590]     INFO:       reading data/mtt922//dacParameters40_C11.dat
[15:07:42.590]     INFO:       reading data/mtt922//dacParameters40_C12.dat
[15:07:42.591]     INFO:       reading data/mtt922//dacParameters40_C13.dat
[15:07:42.591]     INFO:       reading data/mtt922//dacParameters40_C14.dat
[15:07:42.591]     INFO:       reading data/mtt922//dacParameters40_C15.dat
[15:07:42.591]     INFO:       reading data/mtt922//tbmParameters_C0a.dat
[15:07:42.591]     INFO:       reading data/mtt922//tbmParameters_C0b.dat
[15:07:42.591]     INFO:       reading data/mtt922//defaultMaskFile.dat
[15:07:42.591]     INFO:       reading data/mtt922//trimParameters40_C0.dat
[15:07:42.598]     INFO:       reading data/mtt922//trimParameters40_C1.dat
[15:07:42.605]     INFO:       reading data/mtt922//trimParameters40_C2.dat
[15:07:42.611]     INFO:       reading data/mtt922//trimParameters40_C3.dat
[15:07:42.618]     INFO:       reading data/mtt922//trimParameters40_C4.dat
[15:07:42.625]     INFO:       reading data/mtt922//trimParameters40_C5.dat
[15:07:42.632]     INFO:       reading data/mtt922//trimParameters40_C6.dat
[15:07:42.638]     INFO:       reading data/mtt922//trimParameters40_C7.dat
[15:07:42.645]     INFO:       reading data/mtt922//trimParameters40_C8.dat
[15:07:42.652]     INFO:       reading data/mtt922//trimParameters40_C9.dat
[15:07:42.658]     INFO:       reading data/mtt922//trimParameters40_C10.dat
[15:07:42.665]     INFO:       reading data/mtt922//trimParameters40_C11.dat
[15:07:42.672]     INFO:       reading data/mtt922//trimParameters40_C12.dat
[15:07:42.678]     INFO:       reading data/mtt922//trimParameters40_C13.dat
[15:07:42.685]     INFO:       reading data/mtt922//trimParameters40_C14.dat
[15:07:42.692]     INFO:       reading data/mtt922//trimParameters40_C15.dat
[15:07:42.699]     INFO:       reading data/mtt922//tbParameters.dat
[15:07:42.699]     INFO:         clk: 4
[15:07:42.699]     INFO:         ctr: 4
[15:07:42.699]     INFO:         sda: 19
[15:07:42.699]     INFO:         tin: 9
[15:07:42.699]     INFO:         level: 15
[15:07:42.699]     INFO:         triggerdelay: 0
[15:07:42.699]    QUIET: Instanciating API for pxar crosscalibrate
[15:07:42.699]     INFO: Log level: INFO
[15:07:42.714]    QUIET: Connection to board DTB_WRPRHI opened.
[15:07:42.717]     INFO: DTB startup information
--- DTB info------------------------------------------
Board id:    58
HW version:  DTB1.2
FW version:  3.2
SW version:  3.6
USB id:      DTB_WRPRHI
MAC address: 40D85511803A
Hostname:    pixelDTB058
Comment:     
------------------------------------------------------
[15:07:42.721]     INFO: RPC call hashes of host and DTB match: 413001178
[15:07:44.334]     INFO: DUT info: 
[15:07:44.334]     INFO: The DUT currently contains the following objects:
[15:07:44.334]     INFO:  2 TBM Cores (2 ON)
[15:07:44.334]     INFO: 	TBM Core alpha (0): 7 registers set
[15:07:44.334]     INFO: 	TBM Core beta  (1): 7 registers set
[15:07:44.334]     INFO: 16 ROCs (16 ON) with 4160 pixelConfigs
[15:07:44.334]     INFO: 	ROC 0: 21 DACs set, Pixels: 0 masked, 4160 active.
[15:07:44.334]     INFO: 	ROC 1: 21 DACs set, Pixels: 0 masked, 4160 active.
[15:07:44.334]     INFO: 	ROC 2: 21 DACs set, Pixels: 0 masked, 4160 active.
[15:07:44.334]     INFO: 	ROC 3: 21 DACs set, Pixels: 0 masked, 4160 active.
[15:07:44.334]     INFO: 	ROC 4: 21 DACs set, Pixels: 0 masked, 4160 active.
[15:07:44.334]     INFO: 	ROC 5: 21 DACs set, Pixels: 0 masked, 4160 active.
[15:07:44.334]     INFO: 	ROC 6: 21 DACs set, Pixels: 0 masked, 4160 active.
[15:07:44.334]     INFO: 	ROC 7: 21 DACs set, Pixels: 0 masked, 4160 active.
[15:07:44.334]     INFO: 	ROC 8: 21 DACs set, Pixels: 0 masked, 4160 active.
[15:07:44.334]     INFO: 	ROC 9: 21 DACs set, Pixels: 0 masked, 4160 active.
[15:07:44.334]     INFO: 	ROC 10: 21 DACs set, Pixels: 0 masked, 4160 active.
[15:07:44.334]     INFO: 	ROC 11: 21 DACs set, Pixels: 0 masked, 4160 active.
[15:07:44.334]     INFO: 	ROC 12: 21 DACs set, Pixels: 0 masked, 4160 active.
[15:07:44.334]     INFO: 	ROC 13: 21 DACs set, Pixels: 0 masked, 4160 active.
[15:07:44.334]     INFO: 	ROC 14: 21 DACs set, Pixels: 0 masked, 4160 active.
[15:07:44.334]     INFO: 	ROC 15: 21 DACs set, Pixels: 0 masked, 4160 active.
[15:07:44.929]     INFO:       reading data/mtt922//phCalibrationFitTanH40_C0.dat
[15:07:44.946]     INFO:       reading data/mtt922//phCalibrationFitTanH40_C1.dat
[15:07:44.961]     INFO:       reading data/mtt922//phCalibrationFitTanH40_C2.dat
[15:07:44.977]     INFO:       reading data/mtt922//phCalibrationFitTanH40_C3.dat
[15:07:44.993]     INFO:       reading data/mtt922//phCalibrationFitTanH40_C4.dat
[15:07:45.009]     INFO:       reading data/mtt922//phCalibrationFitTanH40_C5.dat
[15:07:45.025]     INFO:       reading data/mtt922//phCalibrationFitTanH40_C6.dat
[15:07:45.040]     INFO:       reading data/mtt922//phCalibrationFitTanH40_C7.dat
[15:07:45.056]     INFO:       reading data/mtt922//phCalibrationFitTanH40_C8.dat
[15:07:45.073]     INFO:       reading data/mtt922//phCalibrationFitTanH40_C9.dat
[15:07:45.088]     INFO:       reading data/mtt922//phCalibrationFitTanH40_C10.dat
[15:07:45.104]     INFO:       reading data/mtt922//phCalibrationFitTanH40_C11.dat
[15:07:45.120]     INFO:       reading data/mtt922//phCalibrationFitTanH40_C12.dat
[15:07:45.135]     INFO:       reading data/mtt922//phCalibrationFitTanH40_C13.dat
[15:07:45.151]     INFO:       reading data/mtt922//phCalibrationFitTanH40_C14.dat
[15:07:45.167]     INFO:       reading data/mtt922//phCalibrationFitTanH40_C15.dat
[15:07:45.220]     INFO:       reading data/mtt922//readbackCal_C0.dat
[15:07:45.220]     INFO:       reading data/mtt922//readbackCal_C1.dat
[15:07:45.220]     INFO:       reading data/mtt922//readbackCal_C2.dat
[15:07:45.220]     INFO:       reading data/mtt922//readbackCal_C3.dat
[15:07:45.220]     INFO:       reading data/mtt922//readbackCal_C4.dat
[15:07:45.220]     INFO:       reading data/mtt922//readbackCal_C5.dat
[15:07:45.220]     INFO:       reading data/mtt922//readbackCal_C6.dat
[15:07:45.220]     INFO:       reading data/mtt922//readbackCal_C7.dat
[15:07:45.220]     INFO:       reading data/mtt922//readbackCal_C8.dat
[15:07:45.220]     INFO:       reading data/mtt922//readbackCal_C9.dat
[15:07:45.220]     INFO:       reading data/mtt922//readbackCal_C10.dat
[15:07:45.220]     INFO:       reading data/mtt922//readbackCal_C11.dat
[15:07:45.220]     INFO:       reading data/mtt922//readbackCal_C12.dat
[15:07:45.220]     INFO:       reading data/mtt922//readbackCal_C13.dat
[15:07:45.220]     INFO:       reading data/mtt922//readbackCal_C14.dat
[15:07:45.221]     INFO:       reading data/mtt922//readbackCal_C15.dat
[15:07:49.335]     INFO: ######################################################################
[15:07:49.335]     INFO: PixTestScurves::doTest() ntrig = 50
[15:07:49.335]     INFO: ######################################################################
[15:07:49.336]     INFO: adjusting VCAL to have VthrComp average threshold at default VthrComp
[15:07:52.252]     INFO: Test took 2910ms.
[15:07:52.279]     INFO: Fetched DAQ statistics. Counters are being reset now.
[15:08:03.192]     INFO: Test took 10892ms.
[15:08:04.170]     INFO: ---> dac: VthrComp name: scurveVthrComp ntrig: 50 dacrange: 0 .. 200 hits flags = 16 (plus default)
[15:08:04.205]     INFO:   dacScan step  from 0 .. 9
[15:08:45.498]     INFO: Test took 41292ms.
[15:08:45.676]     INFO: Fetched DAQ statistics. Counters are being reset now.
[15:08:45.676]     INFO:   dacScan step  from 10 .. 19
[15:09:26.517]     INFO: Test took 40841ms.
[15:09:26.694]     INFO: Fetched DAQ statistics. Counters are being reset now.
[15:09:26.694]     INFO:   dacScan step  from 20 .. 29
[15:10:07.835]     INFO: Test took 41141ms.
[15:10:08.052]     INFO: Fetched DAQ statistics. Counters are being reset now.
[15:10:08.054]     INFO:   dacScan step  from 30 .. 39
[15:10:57.419]     INFO: Test took 49365ms.
[15:10:58.111]     INFO: Fetched DAQ statistics. Counters are being reset now.
[15:10:58.162]     INFO:   dacScan step  from 40 .. 49
[15:12:02.456]     INFO: Test took 64294ms.
[15:12:03.624]     INFO: Fetched DAQ statistics. Counters are being reset now.
[15:12:03.706]     INFO:   dacScan step  from 50 .. 59
[15:13:14.700]     INFO: Test took 70994ms.
[15:13:16.111]     INFO: Fetched DAQ statistics. Counters are being reset now.
[15:13:16.204]     INFO:   dacScan step  from 60 .. 69
[15:14:26.646]     INFO: Test took 70442ms.
[15:14:28.037]     INFO: Fetched DAQ statistics. Counters are being reset now.
[15:14:28.131]     INFO:   dacScan step  from 70 .. 79
[15:15:34.975]     INFO: Test took 66844ms.
[15:15:36.283]     INFO: Fetched DAQ statistics. Counters are being reset now.
[15:15:36.370]     INFO:   dacScan step  from 80 .. 89
[15:16:27.786]     INFO: Test took 51416ms.
[15:16:28.500]     INFO: Fetched DAQ statistics. Counters are being reset now.
[15:16:28.546]     INFO:   dacScan step  from 90 .. 99
[15:17:12.367]     INFO: Test took 43821ms.
[15:17:12.795]     INFO: Fetched DAQ statistics. Counters are being reset now.
[15:17:12.808]     INFO:   dacScan step  from 100 .. 109
[15:17:54.055]     INFO: Test took 41247ms.
[15:17:54.298]     INFO: Fetched DAQ statistics. Counters are being reset now.
[15:17:54.300]     INFO:   dacScan step  from 110 .. 119
[15:18:34.801]     INFO: Test took 40501ms.
[15:18:34.975]     INFO: Fetched DAQ statistics. Counters are being reset now.
[15:18:34.975]     INFO:   dacScan step  from 120 .. 129
[15:19:15.817]     INFO: Test took 40841ms.
[15:19:15.985]     INFO: Fetched DAQ statistics. Counters are being reset now.
[15:19:15.985]     INFO:   dacScan step  from 130 .. 139
[15:19:57.103]     INFO: Test took 41117ms.
[15:19:57.273]     INFO: Fetched DAQ statistics. Counters are being reset now.
[15:19:57.274]     INFO:   dacScan step  from 140 .. 149
[15:20:38.934]     INFO: Test took 41660ms.
[15:20:39.105]     INFO: Fetched DAQ statistics. Counters are being reset now.
[15:20:39.105]     INFO:   dacScan step  from 150 .. 159
[15:21:19.942]     INFO: Test took 40837ms.
[15:21:20.114]     INFO: Fetched DAQ statistics. Counters are being reset now.
[15:21:20.114]     INFO:   dacScan step  from 160 .. 169
[15:22:01.039]     INFO: Test took 40924ms.
[15:22:01.210]     INFO: Fetched DAQ statistics. Counters are being reset now.
[15:22:01.211]     INFO:   dacScan step  from 170 .. 179
[15:22:42.290]     INFO: Test took 41079ms.
[15:22:42.460]     INFO: Fetched DAQ statistics. Counters are being reset now.
[15:22:42.460]     INFO:   dacScan step  from 180 .. 189
[15:23:23.367]     INFO: Test took 40907ms.
[15:23:23.537]     INFO: Fetched DAQ statistics. Counters are being reset now.
[15:23:23.537]     INFO:   dacScan step  from 190 .. 199
[15:24:04.477]     INFO: Test took 40940ms.
[15:24:04.646]     INFO: Fetched DAQ statistics. Counters are being reset now.
[15:24:04.646]     INFO:   dacScan step  from 200 .. 200
[15:24:11.398]     INFO: Test took 6752ms.
[15:24:11.418]     INFO: Fetched DAQ statistics. Counters are being reset now.
[15:24:43.768]     INFO: PixTestScurves::scurves() done 
[15:24:43.768]     INFO: VthrComp mean:  44.79  34.90  33.76  29.37  30.43  48.15  54.01  36.21  36.66  39.46  36.14  36.79  38.27  39.24  51.01  39.86 
[15:24:43.768]     INFO: VthrComp RMS:    0.80   0.87   0.95   0.70   0.77   0.80   1.23   1.00   1.03   1.12   1.10   0.99   1.32   0.98   1.10   1.07 
[15:27:03.447]    QUIET: Connection to board 58 closed.
