[17:12:21.890]     INFO: *** Welcome to pxar ***
[17:12:21.890]     INFO: *** Today: 2015/04/03
[17:12:21.890]     INFO:       reading data/mtt922//dacParameters_C0.dat
[17:12:21.890]     INFO:       reading data/mtt922//dacParameters_C1.dat
[17:12:21.890]     INFO:       reading data/mtt922//dacParameters_C2.dat
[17:12:21.890]     INFO:       reading data/mtt922//dacParameters_C3.dat
[17:12:21.890]     INFO:       reading data/mtt922//dacParameters_C4.dat
[17:12:21.891]     INFO:       reading data/mtt922//dacParameters_C5.dat
[17:12:21.891]     INFO:       reading data/mtt922//dacParameters_C6.dat
[17:12:21.891]     INFO:       reading data/mtt922//dacParameters_C7.dat
[17:12:21.891]     INFO:       reading data/mtt922//dacParameters_C8.dat
[17:12:21.891]     INFO:       reading data/mtt922//dacParameters_C9.dat
[17:12:21.891]     INFO:       reading data/mtt922//dacParameters_C10.dat
[17:12:21.891]     INFO:       reading data/mtt922//dacParameters_C11.dat
[17:12:21.891]     INFO:       reading data/mtt922//dacParameters_C12.dat
[17:12:21.891]     INFO:       reading data/mtt922//dacParameters_C13.dat
[17:12:21.891]     INFO:       reading data/mtt922//dacParameters_C14.dat
[17:12:21.891]     INFO:       reading data/mtt922//dacParameters_C15.dat
[17:12:21.891]     INFO:       reading data/mtt922//tbmParameters_C0a.dat
[17:12:21.891]     INFO:       reading data/mtt922//tbmParameters_C0b.dat
[17:12:21.891]     INFO:       reading data/mtt922//defaultMaskFile.dat
[17:12:21.891]     INFO:       reading data/mtt922//trimParameters_C0.dat
[17:12:21.898]     INFO:       reading data/mtt922//trimParameters_C1.dat
[17:12:21.904]     INFO:       reading data/mtt922//trimParameters_C2.dat
[17:12:21.911]     INFO:       reading data/mtt922//trimParameters_C3.dat
[17:12:21.917]     INFO:       reading data/mtt922//trimParameters_C4.dat
[17:12:21.924]     INFO:       reading data/mtt922//trimParameters_C5.dat
[17:12:21.930]     INFO:       reading data/mtt922//trimParameters_C6.dat
[17:12:21.936]     INFO:       reading data/mtt922//trimParameters_C7.dat
[17:12:21.943]     INFO:       reading data/mtt922//trimParameters_C8.dat
[17:12:21.949]     INFO:       reading data/mtt922//trimParameters_C9.dat
[17:12:21.955]     INFO:       reading data/mtt922//trimParameters_C10.dat
[17:12:21.962]     INFO:       reading data/mtt922//trimParameters_C11.dat
[17:12:21.968]     INFO:       reading data/mtt922//trimParameters_C12.dat
[17:12:21.974]     INFO:       reading data/mtt922//trimParameters_C13.dat
[17:12:21.980]     INFO:       reading data/mtt922//trimParameters_C14.dat
[17:12:21.987]     INFO:       reading data/mtt922//trimParameters_C15.dat
[17:12:21.993]     INFO:       reading data/mtt922//tbParameters.dat
[17:12:21.993]     INFO:         clk: 4
[17:12:21.993]     INFO:         ctr: 4
[17:12:21.993]     INFO:         sda: 19
[17:12:21.993]     INFO:         tin: 9
[17:12:21.993]     INFO:         level: 15
[17:12:21.993]     INFO:         triggerdelay: 0
[17:12:21.993]    QUIET: Instanciating API for pxar crosscalibrate
[17:12:21.993]     INFO: Log level: INFO
[17:12:22.007]    QUIET: Connection to board DTB_WRPRHI opened.
[17:12:22.011]     INFO: DTB startup information
--- DTB info------------------------------------------
Board id:    58
HW version:  DTB1.2
FW version:  3.2
SW version:  3.6
USB id:      DTB_WRPRHI
MAC address: 40D85511803A
Hostname:    pixelDTB058
Comment:     
------------------------------------------------------
[17:12:22.015]     INFO: RPC call hashes of host and DTB match: 413001178
[17:12:23.626]     INFO: DUT info: 
[17:12:23.626]     INFO: The DUT currently contains the following objects:
[17:12:23.626]     INFO:  2 TBM Cores (2 ON)
[17:12:23.626]     INFO: 	TBM Core alpha (0): 7 registers set
[17:12:23.626]     INFO: 	TBM Core beta  (1): 7 registers set
[17:12:23.626]     INFO: 16 ROCs (16 ON) with 4160 pixelConfigs
[17:12:23.626]     INFO: 	ROC 0: 21 DACs set, Pixels: 0 masked, 4160 active.
[17:12:23.626]     INFO: 	ROC 1: 21 DACs set, Pixels: 0 masked, 4160 active.
[17:12:23.626]     INFO: 	ROC 2: 21 DACs set, Pixels: 0 masked, 4160 active.
[17:12:23.626]     INFO: 	ROC 3: 21 DACs set, Pixels: 0 masked, 4160 active.
[17:12:23.626]     INFO: 	ROC 4: 21 DACs set, Pixels: 0 masked, 4160 active.
[17:12:23.626]     INFO: 	ROC 5: 21 DACs set, Pixels: 0 masked, 4160 active.
[17:12:23.626]     INFO: 	ROC 6: 21 DACs set, Pixels: 0 masked, 4160 active.
[17:12:23.626]     INFO: 	ROC 7: 21 DACs set, Pixels: 0 masked, 4160 active.
[17:12:23.626]     INFO: 	ROC 8: 21 DACs set, Pixels: 0 masked, 4160 active.
[17:12:23.626]     INFO: 	ROC 9: 21 DACs set, Pixels: 0 masked, 4160 active.
[17:12:23.626]     INFO: 	ROC 10: 21 DACs set, Pixels: 0 masked, 4160 active.
[17:12:23.626]     INFO: 	ROC 11: 21 DACs set, Pixels: 0 masked, 4160 active.
[17:12:23.626]     INFO: 	ROC 12: 21 DACs set, Pixels: 0 masked, 4160 active.
[17:12:23.626]     INFO: 	ROC 13: 21 DACs set, Pixels: 0 masked, 4160 active.
[17:12:23.626]     INFO: 	ROC 14: 21 DACs set, Pixels: 0 masked, 4160 active.
[17:12:23.626]     INFO: 	ROC 15: 21 DACs set, Pixels: 0 masked, 4160 active.
[17:12:24.226]     INFO:       reading data/mtt922//phCalibrationFitTanH_C0.dat
[17:12:24.226]    ERROR: <ConfigParameters.cc/readGainPedestalParameters:L952> cannot open data/mtt922//phCalibrationFitTanH_C0.dat for reading PH calibration constants
[17:12:24.277]     INFO:       reading data/mtt922//readbackCal_C0.dat
[17:12:24.277]     INFO:       reading data/mtt922//readbackCal_C1.dat
[17:12:24.277]     INFO:       reading data/mtt922//readbackCal_C2.dat
[17:12:24.277]     INFO:       reading data/mtt922//readbackCal_C3.dat
[17:12:24.277]     INFO:       reading data/mtt922//readbackCal_C4.dat
[17:12:24.277]     INFO:       reading data/mtt922//readbackCal_C5.dat
[17:12:24.277]     INFO:       reading data/mtt922//readbackCal_C6.dat
[17:12:24.277]     INFO:       reading data/mtt922//readbackCal_C7.dat
[17:12:24.277]     INFO:       reading data/mtt922//readbackCal_C8.dat
[17:12:24.277]     INFO:       reading data/mtt922//readbackCal_C9.dat
[17:12:24.277]     INFO:       reading data/mtt922//readbackCal_C10.dat
[17:12:24.277]     INFO:       reading data/mtt922//readbackCal_C11.dat
[17:12:24.277]     INFO:       reading data/mtt922//readbackCal_C12.dat
[17:12:24.277]     INFO:       reading data/mtt922//readbackCal_C13.dat
[17:12:24.277]     INFO:       reading data/mtt922//readbackCal_C14.dat
[17:12:24.277]     INFO:       reading data/mtt922//readbackCal_C15.dat
[17:12:24.277]     INFO:       reading data/mtt922//phCalibrationFitTanH_C0.dat
[17:12:24.278]    ERROR: <ConfigParameters.cc/readGainPedestalParameters:L952> cannot open data/mtt922//phCalibrationFitTanH_C0.dat for reading PH calibration constants
[17:12:24.305]     INFO:       reading data/mtt922//phCalibrationFitTanH_C0.dat
[17:12:24.305]    ERROR: <ConfigParameters.cc/readGainPedestalParameters:L952> cannot open data/mtt922//phCalibrationFitTanH_C0.dat for reading PH calibration constants
[17:12:31.798]     INFO:    ----------------------------------------------------------------------
[17:12:31.798]     INFO:    PixTestTrim::trimTest() ntrig = 10, vcal = 40
[17:12:31.798]     INFO:    ----------------------------------------------------------------------
[17:12:31.914]     INFO: ---> VthrComp thr map (minimal VthrComp)
[17:12:31.914]     INFO: ---> dac: vthrcomp name: TrimThr0 ntrig: 5 dacrange: 0 .. 159 hits flags = 16 (plus default)
[17:12:31.950]     INFO:   dacScan step  from 0 .. 39
[17:12:58.406]     INFO: Test took 26456ms.
[17:12:58.549]     INFO: Fetched DAQ statistics. Counters are being reset now.
[17:12:58.553]     INFO:   dacScan step  from 40 .. 79
[17:13:33.142]     INFO: Test took 34589ms.
[17:13:33.817]     INFO: Fetched DAQ statistics. Counters are being reset now.
[17:13:34.089]     INFO:   dacScan step  from 80 .. 119
[17:14:05.609]     INFO: Test took 31520ms.
[17:14:06.126]     INFO: Fetched DAQ statistics. Counters are being reset now.
[17:14:06.303]     INFO:   dacScan step  from 120 .. 159
[17:14:33.664]     INFO: Test took 27361ms.
[17:14:33.799]     INFO: Fetched DAQ statistics. Counters are being reset now.
[17:15:12.024]     INFO: ROC 0 VthrComp = 46
[17:15:12.024]     INFO: ROC 1 VthrComp = 37
[17:15:12.024]     INFO: ROC 2 VthrComp = 35
[17:15:12.025]     INFO: ROC 3 VthrComp = 27
[17:15:12.025]     INFO: ROC 4 VthrComp = 31
[17:15:12.025]     INFO: ROC 5 VthrComp = 50
[17:15:12.025]     INFO: ROC 6 VthrComp = 52
[17:15:12.025]     INFO: ROC 7 VthrComp = 38
[17:15:12.025]     INFO: ROC 8 VthrComp = 40
[17:15:12.025]     INFO: ROC 9 VthrComp = 37
[17:15:12.025]     INFO: ROC 10 VthrComp = 39
[17:15:12.026]     INFO: ROC 11 VthrComp = 38
[17:15:12.026]     INFO: ROC 12 VthrComp = 39
[17:15:12.026]     INFO: ROC 13 VthrComp = 40
[17:15:12.026]     INFO: ROC 14 VthrComp = 50
[17:15:12.026]     INFO: ROC 15 VthrComp = 37
[17:15:12.026]     INFO: ---> Vcal thr map (pixel with maximum Vcal thr)
[17:15:12.026]     INFO: ---> dac: vcal name: TrimThr1 ntrig: 5 dacrange: 0 .. 159 hits flags = 16 (plus default)
[17:17:26.507]     INFO: Test took 134452ms.
[17:17:28.953]     INFO: Fetched DAQ statistics. Counters are being reset now.
[17:18:19.353]     INFO:    roc 0 with ID = 0  has maximal Vcal 61.5831 for pixel 19/58 mean/min/max = 49.3176/36.7881/61.8472
[17:18:19.353]     INFO:    roc 1 with ID = 1  has maximal Vcal 67.6839 for pixel 13/77 mean/min/max = 50.3397/32.903/67.7763
[17:18:19.354]     INFO:    roc 2 with ID = 2  has maximal Vcal 65.1086 for pixel 18/62 mean/min/max = 49.0541/32.642/65.4662
[17:18:19.354]     INFO:    roc 3 with ID = 3  has maximal Vcal 67.1027 for pixel 27/73 mean/min/max = 50.7181/33.9352/67.5011
[17:18:19.355]     INFO:    roc 4 with ID = 4  has maximal Vcal 68.7532 for pixel 12/71 mean/min/max = 50.9165/32.4638/69.3691
[17:18:19.355]     INFO:    roc 5 with ID = 5  has maximal Vcal 61.2352 for pixel 13/68 mean/min/max = 48.2915/35.3233/61.2596
[17:18:19.356]     INFO:    roc 6 with ID = 6  has maximal Vcal 60.6934 for pixel 22/10 mean/min/max = 48.2392/35.6167/60.8618
[17:18:19.356]     INFO:    roc 7 with ID = 7  has maximal Vcal 61.2512 for pixel 16/79 mean/min/max = 48.2319/35.1723/61.2916
[17:18:19.357]     INFO:    roc 8 with ID = 8  has maximal Vcal 66.2111 for pixel 0/64 mean/min/max = 50.6875/35.1423/66.2326
[17:18:19.357]     INFO:    roc 9 with ID = 9  has maximal Vcal 65.1496 for pixel 19/73 mean/min/max = 49.5038/33.7883/65.2193
[17:18:19.358]     INFO:    roc 10 with ID = 10  has maximal Vcal 64.8675 for pixel 4/50 mean/min/max = 49.6399/34.4054/64.8744
[17:18:19.358]     INFO:    roc 11 with ID = 11  has maximal Vcal 62.2866 for pixel 7/70 mean/min/max = 48.6941/35.0907/62.2975
[17:18:19.359]     INFO:    roc 12 with ID = 12  has maximal Vcal 63.1868 for pixel 5/78 mean/min/max = 48.39/33.5744/63.2056
[17:18:19.359]     INFO:    roc 13 with ID = 13  has maximal Vcal 64.4809 for pixel 15/79 mean/min/max = 50.0235/35.5462/64.5008
[17:18:19.359]     INFO:    roc 14 with ID = 14  has maximal Vcal 56.3227 for pixel 51/32 mean/min/max = 46.6358/36.7883/56.4832
[17:18:19.360]     INFO:    roc 15 with ID = 15  has maximal Vcal 64.1456 for pixel 18/71 mean/min/max = 48.6504/33.0212/64.2797
[17:18:19.360]     INFO: Not all ROCs have their pixels configured the same way. Running in FLAG_FORCE_SERIAL mode.
[17:19:46.307]     INFO: Test took 86947ms.
[17:19:49.426]     INFO: ---> dac: vcal name: TrimThr2 ntrig: 10 dacrange: 0 .. 199 hits flags = 16 (plus default)
[17:24:50.777]     INFO: Test took 301321ms.
[17:24:56.680]     INFO: Fetched DAQ statistics. Counters are being reset now.
[17:25:49.180]     INFO: ---> TrimStepCorr4 extremal thresholds: 14.297943 .. 60.744419
[17:25:49.292]     INFO: ---> dac: vcal name: trimStepCorr4 ntrig: 4 dacrange: 4 .. 70 hits flags = 16 (plus default)
[17:26:34.504]     INFO: Test took 45184ms.
[17:26:35.179]     INFO: Fetched DAQ statistics. Counters are being reset now.
[17:27:09.491]     INFO: ---> TrimStepCorr2 extremal thresholds: 22.115700 .. 49.595379
[17:27:09.603]     INFO: ---> dac: vcal name: trimStepCorr2 ntrig: 4 dacrange: 12 .. 59 hits flags = 16 (plus default)
[17:27:42.058]     INFO: Test took 32428ms.
[17:27:42.519]     INFO: Fetched DAQ statistics. Counters are being reset now.
[17:28:13.599]     INFO: ---> TrimStepCorr1a extremal thresholds: 27.888734 .. 46.641892
[17:28:13.711]     INFO: ---> dac: vcal name: trimStepCorr1a ntrig: 4 dacrange: 17 .. 56 hits flags = 16 (plus default)
[17:28:41.308]     INFO: Test took 27569ms.
[17:28:41.700]     INFO: Fetched DAQ statistics. Counters are being reset now.
[17:29:11.557]     INFO: ---> TrimStepCorr1b extremal thresholds: 28.202316 .. 46.326586
[17:29:11.670]     INFO: ---> dac: vcal name: trimStepCorr1b ntrig: 4 dacrange: 18 .. 56 hits flags = 16 (plus default)
[17:29:38.745]     INFO: Test took 27047ms.
[17:29:39.139]     INFO: Fetched DAQ statistics. Counters are being reset now.
[17:30:08.859]     INFO: ---> TrimThrFinal extremal thresholds: 20 .. 60
[17:30:08.859]     INFO: ---> dac: vcal name: TrimThrFinal ntrig: 10 dacrange: 20 .. 60 hits flags = 16 (plus default)
[17:31:03.487]     INFO: Test took 54600ms.
[17:31:04.336]     INFO: Fetched DAQ statistics. Counters are being reset now.
[17:31:32.059]     INFO: PixTestTrim::trimTest() done
[17:31:32.059]     INFO: vtrim:     111 115  97  94 106  98 103  83  98 111 101  91 101 106  82  94 
[17:31:32.059]     INFO: vthrcomp:   46  37  35  27  31  50  52  38  40  37  39  38  39  40  50  37 
[17:31:32.059]     INFO: vcal mean:  40.01  40.08  39.93  40.01  39.97  40.01  39.93  39.95  39.96  39.98  40.02  39.93  39.89  40.04  39.94  39.96 
[17:31:32.059]     INFO: vcal RMS:    1.07   1.20   1.24   1.15   1.19   1.14   1.11   1.12   1.09   1.17   1.27   1.07   1.46   1.12   1.05   1.27 
[17:31:32.059]     INFO: bits mean:   9.41  10.25  10.46   9.55   9.90  10.26   9.79   9.84   9.32   9.96  10.09   9.78  10.58   9.95   9.60  10.25 
[17:31:32.059]     INFO: bits RMS:    2.50   2.50   2.52   2.60   2.69   2.54   2.74   2.69   2.57   2.64   2.45   2.63   2.45   2.34   2.91   2.72 
[17:32:53.820]    QUIET: Connection to board 58 closed.
