[14:39:40.179]     INFO: *** Welcome to pxar ***
[14:39:40.179]     INFO: *** Today: 2015/04/24
[14:39:40.179]     INFO:       reading data/n00901//dacParameters40_C0.dat
[14:39:40.179]     INFO:       reading data/n00901//dacParameters40_C1.dat
[14:39:40.179]     INFO:       reading data/n00901//dacParameters40_C2.dat
[14:39:40.179]     INFO:       reading data/n00901//dacParameters40_C3.dat
[14:39:40.179]     INFO:       reading data/n00901//dacParameters40_C4.dat
[14:39:40.179]     INFO:       reading data/n00901//dacParameters40_C5.dat
[14:39:40.180]     INFO:       reading data/n00901//dacParameters40_C6.dat
[14:39:40.180]     INFO:       reading data/n00901//dacParameters40_C7.dat
[14:39:40.180]     INFO:       reading data/n00901//dacParameters40_C8.dat
[14:39:40.180]     INFO:       reading data/n00901//dacParameters40_C9.dat
[14:39:40.180]     INFO:       reading data/n00901//dacParameters40_C10.dat
[14:39:40.180]     INFO:       reading data/n00901//dacParameters40_C11.dat
[14:39:40.180]     INFO:       reading data/n00901//dacParameters40_C12.dat
[14:39:40.180]     INFO:       reading data/n00901//dacParameters40_C13.dat
[14:39:40.180]     INFO:       reading data/n00901//dacParameters40_C14.dat
[14:39:40.180]     INFO:       reading data/n00901//dacParameters40_C15.dat
[14:39:40.180]     INFO:       reading data/n00901//tbmParameters_C0a.dat
[14:39:40.180]     INFO:       reading data/n00901//tbmParameters_C0b.dat
[14:39:40.180]     INFO:       reading data/n00901//defaultMaskFile.dat
[14:39:40.180]     INFO: MASKED Roc 0 col/row: 46 72
[14:39:40.180]     INFO: MASKED Roc 2 col/row: 38 66
[14:39:40.180]     INFO: MASKED Roc 2 col/row: 49 78
[14:39:40.180]     INFO: MASKED Roc 3 col/row: 33 25
[14:39:40.180]     INFO: MASKED Roc 5 col/row: 49 32
[14:39:40.180]     INFO: MASKED Roc 11 col/row: 42 37
[14:39:40.181]     INFO:   masking Roc 0 col/row: 46 72
[14:39:40.181]     INFO:       reading data/n00901//trimParameters40_C0.dat
[14:39:40.187]     INFO:       reading data/n00901//trimParameters40_C1.dat
[14:39:40.194]     INFO:   masking Roc 2 col/row: 38 66
[14:39:40.194]     INFO:   masking Roc 2 col/row: 49 78
[14:39:40.194]     INFO:       reading data/n00901//trimParameters40_C2.dat
[14:39:40.200]     INFO:   masking Roc 3 col/row: 33 25
[14:39:40.201]     INFO:       reading data/n00901//trimParameters40_C3.dat
[14:39:40.207]     INFO:       reading data/n00901//trimParameters40_C4.dat
[14:39:40.214]     INFO:   masking Roc 5 col/row: 49 32
[14:39:40.214]     INFO:       reading data/n00901//trimParameters40_C5.dat
[14:39:40.220]     INFO:       reading data/n00901//trimParameters40_C6.dat
[14:39:40.227]     INFO:       reading data/n00901//trimParameters40_C7.dat
[14:39:40.233]     INFO:       reading data/n00901//trimParameters40_C8.dat
[14:39:40.239]     INFO:       reading data/n00901//trimParameters40_C9.dat
[14:39:40.246]     INFO:       reading data/n00901//trimParameters40_C10.dat
[14:39:40.253]     INFO:   masking Roc 11 col/row: 42 37
[14:39:40.253]     INFO:       reading data/n00901//trimParameters40_C11.dat
[14:39:40.259]     INFO:       reading data/n00901//trimParameters40_C12.dat
[14:39:40.265]     INFO:       reading data/n00901//trimParameters40_C13.dat
[14:39:40.272]     INFO:       reading data/n00901//trimParameters40_C14.dat
[14:39:40.278]     INFO:       reading data/n00901//trimParameters40_C15.dat
[14:39:40.285]     INFO:       reading data/n00901//tbParameters.dat
[14:39:40.285]     INFO:         clk: 4
[14:39:40.285]     INFO:         ctr: 4
[14:39:40.285]     INFO:         sda: 19
[14:39:40.285]     INFO:         tin: 9
[14:39:40.285]     INFO:         level: 15
[14:39:40.285]     INFO:         triggerdelay: 0
[14:39:40.285]    QUIET: Instanciating API for pxar help-24-g9397791
[14:39:40.285]     INFO: Log level: INFO
[14:39:40.298]    QUIET: Connection to board DTB_WRPRHI opened.
[14:39:40.302]     INFO: DTB startup information
--- DTB info------------------------------------------
Board id:    58
HW version:  DTB1.2
FW version:  3.2
SW version:  3.6
USB id:      DTB_WRPRHI
MAC address: 40D85511803A
Hostname:    pixelDTB058
Comment:     
------------------------------------------------------
[14:39:40.305]     INFO: RPC call hashes of host and DTB match: 413001178
[14:39:41.916]     INFO: DUT info: 
[14:39:41.916]     INFO: The DUT currently contains the following objects:
[14:39:41.916]     INFO:  2 TBM Cores (2 ON)
[14:39:41.916]     INFO: 	TBM Core alpha (0): 7 registers set
[14:39:41.916]     INFO: 	TBM Core beta  (1): 7 registers set
[14:39:41.916]     INFO: 16 ROCs (16 ON) with 4160 pixelConfigs
[14:39:41.916]     INFO: 	ROC 0: 21 DACs set, Pixels: 1 masked, 4160 active.
[14:39:41.916]     INFO: 	ROC 1: 21 DACs set, Pixels: 0 masked, 4160 active.
[14:39:41.916]     INFO: 	ROC 2: 21 DACs set, Pixels: 2 masked, 4160 active.
[14:39:41.916]     INFO: 	ROC 3: 21 DACs set, Pixels: 1 masked, 4160 active.
[14:39:41.916]     INFO: 	ROC 4: 21 DACs set, Pixels: 0 masked, 4160 active.
[14:39:41.916]     INFO: 	ROC 5: 21 DACs set, Pixels: 1 masked, 4160 active.
[14:39:41.916]     INFO: 	ROC 6: 21 DACs set, Pixels: 0 masked, 4160 active.
[14:39:41.916]     INFO: 	ROC 7: 21 DACs set, Pixels: 0 masked, 4160 active.
[14:39:41.916]     INFO: 	ROC 8: 21 DACs set, Pixels: 0 masked, 4160 active.
[14:39:41.916]     INFO: 	ROC 9: 21 DACs set, Pixels: 0 masked, 4160 active.
[14:39:41.916]     INFO: 	ROC 10: 21 DACs set, Pixels: 0 masked, 4160 active.
[14:39:41.916]     INFO: 	ROC 11: 21 DACs set, Pixels: 1 masked, 4160 active.
[14:39:41.916]     INFO: 	ROC 12: 21 DACs set, Pixels: 0 masked, 4160 active.
[14:39:41.916]     INFO: 	ROC 13: 21 DACs set, Pixels: 0 masked, 4160 active.
[14:39:41.916]     INFO: 	ROC 14: 21 DACs set, Pixels: 0 masked, 4160 active.
[14:39:41.916]     INFO: 	ROC 15: 21 DACs set, Pixels: 0 masked, 4160 active.
[14:39:42.519]     INFO:       reading data/n00901//phCalibrationFitErr40_C0.dat
[14:39:42.535]     INFO:       reading data/n00901//phCalibrationFitErr40_C1.dat
[14:39:42.548]     INFO:       reading data/n00901//phCalibrationFitErr40_C2.dat
[14:39:42.564]     INFO:       reading data/n00901//phCalibrationFitErr40_C3.dat
[14:39:42.579]     INFO:       reading data/n00901//phCalibrationFitErr40_C4.dat
[14:39:42.595]     INFO:       reading data/n00901//phCalibrationFitErr40_C5.dat
[14:39:42.610]     INFO:       reading data/n00901//phCalibrationFitErr40_C6.dat
[14:39:42.625]     INFO:       reading data/n00901//phCalibrationFitErr40_C7.dat
[14:39:42.640]     INFO:       reading data/n00901//phCalibrationFitErr40_C8.dat
[14:39:42.657]     INFO:       reading data/n00901//phCalibrationFitErr40_C9.dat
[14:39:42.672]     INFO:       reading data/n00901//phCalibrationFitErr40_C10.dat
[14:39:42.687]     INFO:       reading data/n00901//phCalibrationFitErr40_C11.dat
[14:39:42.702]     INFO:       reading data/n00901//phCalibrationFitErr40_C12.dat
[14:39:42.717]     INFO:       reading data/n00901//phCalibrationFitErr40_C13.dat
[14:39:42.733]     INFO:       reading data/n00901//phCalibrationFitErr40_C14.dat
[14:39:42.748]     INFO:       reading data/n00901//phCalibrationFitErr40_C15.dat
[14:39:42.805]     INFO:       reading data/n00901//readbackCal_C0.dat
[14:39:42.805]     INFO:       reading data/n00901//readbackCal_C1.dat
[14:39:42.805]     INFO:       reading data/n00901//readbackCal_C2.dat
[14:39:42.805]     INFO:       reading data/n00901//readbackCal_C3.dat
[14:39:42.805]     INFO:       reading data/n00901//readbackCal_C4.dat
[14:39:42.805]     INFO:       reading data/n00901//readbackCal_C5.dat
[14:39:42.805]     INFO:       reading data/n00901//readbackCal_C6.dat
[14:39:42.806]     INFO:       reading data/n00901//readbackCal_C7.dat
[14:39:42.806]     INFO:       reading data/n00901//readbackCal_C8.dat
[14:39:42.806]     INFO:       reading data/n00901//readbackCal_C9.dat
[14:39:42.806]     INFO:       reading data/n00901//readbackCal_C10.dat
[14:39:42.806]     INFO:       reading data/n00901//readbackCal_C11.dat
[14:39:42.806]     INFO:       reading data/n00901//readbackCal_C12.dat
[14:39:42.806]     INFO:       reading data/n00901//readbackCal_C13.dat
[14:39:42.806]     INFO:       reading data/n00901//readbackCal_C14.dat
[14:39:42.806]     INFO:       reading data/n00901//readbackCal_C15.dat
[14:39:53.899]     INFO: ######################################################################
[14:39:53.899]     INFO: PixTestXray::doTest()
[14:39:53.899]     INFO: ######################################################################
[14:39:53.899]     INFO:    ----------------------------------------------------------------------
[14:39:53.899]     INFO:    PixTestXray::doPhRun() fParRunSeconds = 600
[14:39:53.899]     INFO:    ----------------------------------------------------------------------
[14:39:53.901]     INFO:       reading data/n00901//defaultMaskFile.dat
[14:39:53.901]     INFO: ROC 0 masking pixel 46/72
[14:39:53.901]     INFO: ROC 2 masking pixel 38/66
[14:39:53.901]     INFO: ROC 2 masking pixel 49/78
[14:39:53.901]     INFO: ROC 3 masking pixel 33/25
[14:39:53.901]     INFO: ROC 5 masking pixel 49/32
[14:39:53.901]     INFO: ROC 11 masking pixel 42/37
[14:39:53.901]  WARNING: Pattern generator does not contain a trigger signal. No data is expected from the DUT!
[14:39:54.879]     INFO: IGNORE THE WARNING ABOVE (resetROC sent)!
[14:39:56.059]     INFO: PixTestXray::doPhRun start TriggerLoop with trigger frequency 100 kHz, period 405 and duration 600 seconds,  fEventsMax = 60000000
[14:40:13.181]     INFO: run duration 17 seconds, buffer almost full (81%), pausing triggers.
[14:40:32.029]     INFO: Resuming triggers.
[14:40:49.154]     INFO: run duration 34 seconds, buffer almost full (81%), pausing triggers.
[14:40:53.537]    ERROR: <datapipe.cc/DecodeDeser400:L294> Number of ROCs (10) != Token Chain Length (8)
[14:40:53.537]    ERROR: <datapipe.cc/CheckEventID:L127>    Event ID mismatch:  local ID (171) !=  TBM ID (31)
[14:40:53.537]  WARNING: ROC 0: Readback start marker after 12 readouts!
[14:40:53.537]  WARNING: ROC 1: Readback start marker after 12 readouts!
[14:40:53.537]    ERROR: <datapipe.cc/DecodeDeser400:L294> Number of ROCs (6) != Token Chain Length (8)
[14:40:53.537]    ERROR: <datapipe.cc/CheckEventID:L127>    Event ID mismatch:  local ID (32) !=  TBM ID (172)
[14:40:53.537]  WARNING: ROC 0: Readback start marker after 4 readouts!
[14:40:53.537]  WARNING: ROC 1: Readback start marker after 4 readouts!
[14:40:53.537]  WARNING: ROC 6: Readback start marker after 15 readouts!
[14:40:53.537]  WARNING: ROC 7: Readback start marker after 15 readouts!
[14:41:07.975]     INFO: Resuming triggers.
[14:41:25.131]     INFO: run duration 51 seconds, buffer almost full (81%), pausing triggers.
[14:41:45.041]     INFO: Resuming triggers.
[14:42:02.171]     INFO: run duration 68 seconds, buffer almost full (81%), pausing triggers.
[14:42:20.919]     INFO: Resuming triggers.
[14:42:38.061]     INFO: run duration 85 seconds, buffer almost full (81%), pausing triggers.
[14:42:58.094]     INFO: Resuming triggers.
[14:43:15.219]     INFO: run duration 102 seconds, buffer almost full (81%), pausing triggers.
[14:43:35.047]     INFO: Resuming triggers.
[14:43:52.173]     INFO: run duration 119 seconds, buffer almost full (81%), pausing triggers.
[14:44:10.808]     INFO: Resuming triggers.
[14:44:27.932]     INFO: run duration 137 seconds, buffer almost full (81%), pausing triggers.
[14:44:46.487]     INFO: Resuming triggers.
[14:45:03.610]     INFO: run duration 154 seconds, buffer almost full (81%), pausing triggers.
[14:45:22.341]     INFO: Resuming triggers.
[14:45:39.466]     INFO: run duration 171 seconds, buffer almost full (81%), pausing triggers.
[14:45:59.356]     INFO: Resuming triggers.
[14:46:16.482]     INFO: run duration 188 seconds, buffer almost full (81%), pausing triggers.
[14:46:36.388]     INFO: Resuming triggers.
[14:46:53.636]     INFO: run duration 205 seconds, buffer almost full (81%), pausing triggers.
[14:47:13.626]     INFO: Resuming triggers.
[14:47:30.750]     INFO: run duration 222 seconds, buffer almost full (81%), pausing triggers.
[14:47:50.600]     INFO: Resuming triggers.
[14:48:07.727]     INFO: run duration 239 seconds, buffer almost full (81%), pausing triggers.
[14:48:26.183]     INFO: Resuming triggers.
[14:48:43.310]     INFO: run duration 257 seconds, buffer almost full (81%), pausing triggers.
[14:49:02.099]     INFO: Resuming triggers.
[14:49:19.256]     INFO: run duration 274 seconds, buffer almost full (81%), pausing triggers.
[14:49:39.098]     INFO: Resuming triggers.
[14:49:56.225]     INFO: run duration 291 seconds, buffer almost full (81%), pausing triggers.
[14:50:16.159]     INFO: Resuming triggers.
[14:50:33.282]     INFO: run duration 308 seconds, buffer almost full (81%), pausing triggers.
[14:50:53.080]     INFO: Resuming triggers.
[14:51:10.221]     INFO: run duration 325 seconds, buffer almost full (81%), pausing triggers.
[14:51:29.260]     INFO: Resuming triggers.
[14:51:46.416]     INFO: run duration 342 seconds, buffer almost full (81%), pausing triggers.
[14:52:04.271]     INFO: Resuming triggers.
[14:52:21.398]     INFO: run duration 359 seconds, buffer almost full (81%), pausing triggers.
[14:52:40.055]     INFO: Resuming triggers.
[14:52:57.181]     INFO: run duration 376 seconds, buffer almost full (81%), pausing triggers.
[14:53:17.122]     INFO: Resuming triggers.
[14:53:34.261]     INFO: run duration 394 seconds, buffer almost full (81%), pausing triggers.
[14:53:53.075]     INFO: Resuming triggers.
[14:54:10.205]     INFO: run duration 411 seconds, buffer almost full (81%), pausing triggers.
[14:54:30.144]     INFO: Resuming triggers.
[14:54:47.271]     INFO: run duration 428 seconds, buffer almost full (81%), pausing triggers.
[14:55:05.921]     INFO: Resuming triggers.
[14:55:23.046]     INFO: run duration 445 seconds, buffer almost full (81%), pausing triggers.
[14:55:42.948]     INFO: Resuming triggers.
[14:56:00.075]     INFO: run duration 462 seconds, buffer almost full (81%), pausing triggers.
[14:56:18.688]     INFO: Resuming triggers.
[14:56:35.841]     INFO: run duration 479 seconds, buffer almost full (81%), pausing triggers.
[14:56:55.818]     INFO: Resuming triggers.
[14:57:12.947]     INFO: run duration 496 seconds, buffer almost full (81%), pausing triggers.
[14:57:32.749]     INFO: Resuming triggers.
[14:57:49.873]     INFO: run duration 513 seconds, buffer almost full (81%), pausing triggers.
[14:58:09.767]     INFO: Resuming triggers.
[14:58:26.908]     INFO: run duration 531 seconds, buffer almost full (81%), pausing triggers.
[14:58:45.402]     INFO: Resuming triggers.
[14:59:02.529]     INFO: run duration 548 seconds, buffer almost full (81%), pausing triggers.
[14:59:21.387]     INFO: Resuming triggers.
[14:59:38.516]     INFO: run duration 565 seconds, buffer almost full (81%), pausing triggers.
[14:59:55.910]     INFO: Resuming triggers.
[15:00:13.035]     INFO: run duration 582 seconds, buffer almost full (81%), pausing triggers.
[15:00:32.867]     INFO: Resuming triggers.
[15:00:49.991]     INFO: run duration 599 seconds, buffer almost full (81%), pausing triggers.
[15:01:09.901]     INFO: Resuming triggers.
[15:01:10.275]     INFO: data taking finished, elapsed time: 600 seconds.
[15:01:10.943]     INFO: PixTest::       pg_setup set to default.
[15:01:10.971]     INFO: PixTestXray::doPhRun() done
[15:01:10.971]     INFO: PixTestXray::doTest() done 
[15:02:25.698]    QUIET: Connection to board 58 closed.
