[16:53:06.219]     INFO: *** Welcome to pxar ***
[16:53:06.219]     INFO: *** Today: 2015/06/03
[16:53:06.219]     INFO:       reading data/crosscalibrate_KUconfig/dacParameters_C0.dat
[16:53:06.219]     INFO:       reading data/crosscalibrate_KUconfig/dacParameters_C1.dat
[16:53:06.219]     INFO:       reading data/crosscalibrate_KUconfig/dacParameters_C2.dat
[16:53:06.219]     INFO:       reading data/crosscalibrate_KUconfig/dacParameters_C3.dat
[16:53:06.219]     INFO:       reading data/crosscalibrate_KUconfig/dacParameters_C4.dat
[16:53:06.219]     INFO:       reading data/crosscalibrate_KUconfig/dacParameters_C5.dat
[16:53:06.219]     INFO:       reading data/crosscalibrate_KUconfig/dacParameters_C6.dat
[16:53:06.219]     INFO:       reading data/crosscalibrate_KUconfig/dacParameters_C7.dat
[16:53:06.219]     INFO:       reading data/crosscalibrate_KUconfig/dacParameters_C8.dat
[16:53:06.220]     INFO:       reading data/crosscalibrate_KUconfig/dacParameters_C9.dat
[16:53:06.220]     INFO:       reading data/crosscalibrate_KUconfig/dacParameters_C10.dat
[16:53:06.220]     INFO:       reading data/crosscalibrate_KUconfig/dacParameters_C11.dat
[16:53:06.220]     INFO:       reading data/crosscalibrate_KUconfig/dacParameters_C12.dat
[16:53:06.220]     INFO:       reading data/crosscalibrate_KUconfig/dacParameters_C13.dat
[16:53:06.220]     INFO:       reading data/crosscalibrate_KUconfig/dacParameters_C14.dat
[16:53:06.220]     INFO:       reading data/crosscalibrate_KUconfig/dacParameters_C15.dat
[16:53:06.220]     INFO:       reading data/crosscalibrate_KUconfig/tbmParameters_C0a.dat
[16:53:06.220]     INFO:       reading data/crosscalibrate_KUconfig/tbmParameters_C0b.dat
[16:53:06.220]     INFO:       reading data/crosscalibrate_KUconfig/defaultMaskFile.dat
[16:53:06.220]     INFO:       reading data/crosscalibrate_KUconfig/trimParameters_C0.dat
[16:53:06.227]     INFO:       reading data/crosscalibrate_KUconfig/trimParameters_C1.dat
[16:53:06.233]     INFO:       reading data/crosscalibrate_KUconfig/trimParameters_C2.dat
[16:53:06.240]     INFO:       reading data/crosscalibrate_KUconfig/trimParameters_C3.dat
[16:53:06.246]     INFO:       reading data/crosscalibrate_KUconfig/trimParameters_C4.dat
[16:53:06.253]     INFO:       reading data/crosscalibrate_KUconfig/trimParameters_C5.dat
[16:53:06.259]     INFO:       reading data/crosscalibrate_KUconfig/trimParameters_C6.dat
[16:53:06.266]     INFO:       reading data/crosscalibrate_KUconfig/trimParameters_C7.dat
[16:53:06.272]     INFO:       reading data/crosscalibrate_KUconfig/trimParameters_C8.dat
[16:53:06.278]     INFO:       reading data/crosscalibrate_KUconfig/trimParameters_C9.dat
[16:53:06.285]     INFO:       reading data/crosscalibrate_KUconfig/trimParameters_C10.dat
[16:53:06.291]     INFO:       reading data/crosscalibrate_KUconfig/trimParameters_C11.dat
[16:53:06.298]     INFO:       reading data/crosscalibrate_KUconfig/trimParameters_C12.dat
[16:53:06.304]     INFO:       reading data/crosscalibrate_KUconfig/trimParameters_C13.dat
[16:53:06.310]     INFO:       reading data/crosscalibrate_KUconfig/trimParameters_C14.dat
[16:53:06.317]     INFO:       reading data/crosscalibrate_KUconfig/trimParameters_C15.dat
[16:53:06.324]     INFO:       reading data/crosscalibrate_KUconfig/tbParameters.dat
[16:53:06.324]     INFO:         clk: 4
[16:53:06.324]     INFO:         ctr: 4
[16:53:06.324]     INFO:         sda: 19
[16:53:06.324]     INFO:         tin: 9
[16:53:06.324]     INFO:         level: 15
[16:53:06.324]     INFO:         triggerdelay: 0
[16:53:06.324]    QUIET: Instanciating API for pxar crosscalibrate_v1.1
[16:53:06.324]     INFO: Log level: DEBUG
[16:53:06.337]    QUIET: Connection to board DTB_WRPRHI opened.
[16:53:06.341]     INFO: DTB startup information
--- DTB info------------------------------------------
Board id:    58
HW version:  DTB1.2
FW version:  4.0
SW version:  4.0
USB id:      DTB_WRPRHI
MAC address: 40D85511803A
Hostname:    pixelDTB058
Comment:     
------------------------------------------------------
[16:53:06.348]     INFO: RPC call hashes of host and DTB match: 447413373
[16:53:07.966]     INFO: DUT info: 
[16:53:07.966]     INFO: The DUT currently contains the following objects:
[16:53:07.966]     INFO:  2 TBM Cores (2 ON)
[16:53:07.966]     INFO: 	TBM Core alpha (0): 7 registers set
[16:53:07.966]     INFO: 	TBM Core beta  (1): 7 registers set
[16:53:07.966]     INFO: 16 ROCs (16 ON) with 4160 pixelConfigs
[16:53:07.966]     INFO: 	ROC 0: 21 DACs set, Pixels: 0 masked, 4160 active.
[16:53:07.966]     INFO: 	ROC 1: 21 DACs set, Pixels: 0 masked, 4160 active.
[16:53:07.966]     INFO: 	ROC 2: 21 DACs set, Pixels: 0 masked, 4160 active.
[16:53:07.966]     INFO: 	ROC 3: 21 DACs set, Pixels: 0 masked, 4160 active.
[16:53:07.966]     INFO: 	ROC 4: 21 DACs set, Pixels: 0 masked, 4160 active.
[16:53:07.966]     INFO: 	ROC 5: 21 DACs set, Pixels: 0 masked, 4160 active.
[16:53:07.966]     INFO: 	ROC 6: 21 DACs set, Pixels: 0 masked, 4160 active.
[16:53:07.966]     INFO: 	ROC 7: 21 DACs set, Pixels: 0 masked, 4160 active.
[16:53:07.966]     INFO: 	ROC 8: 21 DACs set, Pixels: 0 masked, 4160 active.
[16:53:07.966]     INFO: 	ROC 9: 21 DACs set, Pixels: 0 masked, 4160 active.
[16:53:07.966]     INFO: 	ROC 10: 21 DACs set, Pixels: 0 masked, 4160 active.
[16:53:07.966]     INFO: 	ROC 11: 21 DACs set, Pixels: 0 masked, 4160 active.
[16:53:07.966]     INFO: 	ROC 12: 21 DACs set, Pixels: 0 masked, 4160 active.
[16:53:07.966]     INFO: 	ROC 13: 21 DACs set, Pixels: 0 masked, 4160 active.
[16:53:07.966]     INFO: 	ROC 14: 21 DACs set, Pixels: 0 masked, 4160 active.
[16:53:07.966]     INFO: 	ROC 15: 21 DACs set, Pixels: 0 masked, 4160 active.
[16:53:07.967]    DEBUG: <PixTestParameters.cc/dump:L104> PixTestParameters: ->BB<-
[16:53:07.967]    DEBUG: <PixTestParameters.cc/dump:L107>   dumpall: checkbox(0)
[16:53:07.967]    DEBUG: <PixTestParameters.cc/dump:L107>   dumpproblematic: checkbox(0)
[16:53:07.967]    DEBUG: <PixTestParameters.cc/dump:L107>   ntrig: 5
[16:53:07.967]    DEBUG: <PixTestParameters.cc/dump:L107>   vcals: 250
[16:53:07.967]    DEBUG: <PixTestParameters.cc/dump:L104> PixTestParameters: ->BB2<-
[16:53:07.967]    DEBUG: <PixTestParameters.cc/dump:L107>   ntrig: 10
[16:53:07.967]    DEBUG: <PixTestParameters.cc/dump:L107>   vcals: 222
[16:53:07.967]    DEBUG: <PixTestParameters.cc/dump:L107>   plwidth: 35
[16:53:07.967]    DEBUG: <PixTestParameters.cc/dump:L107>   pix: 11,20
[16:53:07.967]    DEBUG: <PixTestParameters.cc/dump:L107>   targetia: 24
[16:53:07.967]    DEBUG: <PixTestParameters.cc/dump:L104> PixTestParameters: ->DacDacScan<-
[16:53:07.967]    DEBUG: <PixTestParameters.cc/dump:L107>   phmap: checkbox
[16:53:07.967]    DEBUG: <PixTestParameters.cc/dump:L107>   ntrig: 10
[16:53:07.967]    DEBUG: <PixTestParameters.cc/dump:L107>   dac1: caldel
[16:53:07.967]    DEBUG: <PixTestParameters.cc/dump:L107>   dac1lo: 0
[16:53:07.967]    DEBUG: <PixTestParameters.cc/dump:L107>   dac1hi: 255
[16:53:07.967]    DEBUG: <PixTestParameters.cc/dump:L107>   dac2: vthrcomp
[16:53:07.967]    DEBUG: <PixTestParameters.cc/dump:L107>   dac2lo: 0
[16:53:07.967]    DEBUG: <PixTestParameters.cc/dump:L107>   dac2hi: 255
[16:53:07.967]    DEBUG: <PixTestParameters.cc/dump:L107>   pix: 11,20
[16:53:07.967]    DEBUG: <PixTestParameters.cc/dump:L104> PixTestParameters: ->DacScan<-
[16:53:07.967]    DEBUG: <PixTestParameters.cc/dump:L107>   phmap: checkbox(1)
[16:53:07.967]    DEBUG: <PixTestParameters.cc/dump:L107>   allpixels: checkbox(0)
[16:53:07.967]    DEBUG: <PixTestParameters.cc/dump:L107>   unmasked: checkbox(0)
[16:53:07.967]    DEBUG: <PixTestParameters.cc/dump:L107>   ntrig: 10
[16:53:07.967]    DEBUG: <PixTestParameters.cc/dump:L107>   dac: vcal
[16:53:07.967]    DEBUG: <PixTestParameters.cc/dump:L107>   daclo: 0
[16:53:07.967]    DEBUG: <PixTestParameters.cc/dump:L107>   dachi: 255
[16:53:07.967]    DEBUG: <PixTestParameters.cc/dump:L107>   pix: 11,20
[16:53:07.967]    DEBUG: <PixTestParameters.cc/dump:L104> PixTestParameters: ->GainPedestal<-
[16:53:07.967]    DEBUG: <PixTestParameters.cc/dump:L107>   showfits: checkbox(0)
[16:53:07.967]    DEBUG: <PixTestParameters.cc/dump:L107>   extended: checkbox(0)
[16:53:07.967]    DEBUG: <PixTestParameters.cc/dump:L107>   dumphists: checkbox(0)
[16:53:07.967]    DEBUG: <PixTestParameters.cc/dump:L107>   ntrig: 10
[16:53:07.967]    DEBUG: <PixTestParameters.cc/dump:L107>   measure: button
[16:53:07.967]    DEBUG: <PixTestParameters.cc/dump:L107>   fit: button
[16:53:07.967]    DEBUG: <PixTestParameters.cc/dump:L107>   save: button
[16:53:07.967]    DEBUG: <PixTestParameters.cc/dump:L104> PixTestParameters: ->HighRate<-
[16:53:07.967]    DEBUG: <PixTestParameters.cc/dump:L107>   pix: 11,20
[16:53:07.967]    DEBUG: <PixTestParameters.cc/dump:L107>   maskhotpixels: button
[16:53:07.967]    DEBUG: <PixTestParameters.cc/dump:L107>   savemaskfile: checkbox(0)
[16:53:07.967]    DEBUG: <PixTestParameters.cc/dump:L107>   maskfilename: default
[16:53:07.967]    DEBUG: <PixTestParameters.cc/dump:L107>   caldelscan: button
[16:53:07.967]    DEBUG: <PixTestParameters.cc/dump:L107>   xpixelalive: button
[16:53:07.967]    DEBUG: <PixTestParameters.cc/dump:L107>   ntrig: 50
[16:53:07.967]    DEBUG: <PixTestParameters.cc/dump:L107>   vcal: 200
[16:53:07.967]    DEBUG: <PixTestParameters.cc/dump:L107>   xnoisemaps: button
[16:53:07.967]    DEBUG: <PixTestParameters.cc/dump:L107>   daclo: 0
[16:53:07.967]    DEBUG: <PixTestParameters.cc/dump:L107>   dachi: 100
[16:53:07.967]    DEBUG: <PixTestParameters.cc/dump:L107>   dacs/step: 20
[16:53:07.967]    DEBUG: <PixTestParameters.cc/dump:L107>   rundaq: button
[16:53:07.967]    DEBUG: <PixTestParameters.cc/dump:L107>   trgfrequency(khz): 20
[16:53:07.967]    DEBUG: <PixTestParameters.cc/dump:L107>   runseconds: 2
[16:53:07.967]    DEBUG: <PixTestParameters.cc/dump:L107>   triggerdelay: 20
[16:53:07.967]    DEBUG: <PixTestParameters.cc/dump:L107>   delaytbm: checkbox
[16:53:07.967]    DEBUG: <PixTestParameters.cc/dump:L107>   filltree: checkbox
[16:53:07.967]    DEBUG: <PixTestParameters.cc/dump:L104> PixTestParameters: ->IV<-
[16:53:07.967]    DEBUG: <PixTestParameters.cc/dump:L107>   port: /dev/FIXME
[16:53:07.967]    DEBUG: <PixTestParameters.cc/dump:L107>   voltagestart: 0
[16:53:07.967]    DEBUG: <PixTestParameters.cc/dump:L107>   voltagestop: 600
[16:53:07.967]    DEBUG: <PixTestParameters.cc/dump:L107>   voltagestep: 5
[16:53:07.967]    DEBUG: <PixTestParameters.cc/dump:L107>   delay: 1
[16:53:07.967]    DEBUG: <PixTestParameters.cc/dump:L107>   compliance(ua): 100
[16:53:07.967]    DEBUG: <PixTestParameters.cc/dump:L104> PixTestParameters: ->PhOptimization<-
[16:53:07.967]    DEBUG: <PixTestParameters.cc/dump:L107>   ntrig: 10
[16:53:07.967]    DEBUG: <PixTestParameters.cc/dump:L107>   safetymarginlow: 20
[16:53:07.967]    DEBUG: <PixTestParameters.cc/dump:L107>   saturationvcal: 100
[16:53:07.967]    DEBUG: <PixTestParameters.cc/dump:L107>   quantilesaturation: 0.98
[16:53:07.967]    DEBUG: <PixTestParameters.cc/dump:L104> PixTestParameters: ->PixelAlive<-
[16:53:07.967]    DEBUG: <PixTestParameters.cc/dump:L107>   ntrig: 10
[16:53:07.967]    DEBUG: <PixTestParameters.cc/dump:L107>   vcal: 200
[16:53:07.967]    DEBUG: <PixTestParameters.cc/dump:L107>   alivetest: button
[16:53:07.967]    DEBUG: <PixTestParameters.cc/dump:L107>   masktest: button
[16:53:07.968]    DEBUG: <PixTestParameters.cc/dump:L107>   addressdecodingtest: button
[16:53:07.968]    DEBUG: <PixTestParameters.cc/dump:L104> PixTestParameters: ->Pretest<-
[16:53:07.968]    DEBUG: <PixTestParameters.cc/dump:L107>   programroc: button
[16:53:07.968]    DEBUG: <PixTestParameters.cc/dump:L107>   targetia: 24
[16:53:07.968]    DEBUG: <PixTestParameters.cc/dump:L107>   setvana: button
[16:53:07.968]    DEBUG: <PixTestParameters.cc/dump:L107>   iterations: 100
[16:53:07.968]    DEBUG: <PixTestParameters.cc/dump:L107>   settimings: button
[16:53:07.968]    DEBUG: <PixTestParameters.cc/dump:L107>   findworkingpixel: button
[16:53:07.968]    DEBUG: <PixTestParameters.cc/dump:L107>   setvthrcompcaldel: button
[16:53:07.968]    DEBUG: <PixTestParameters.cc/dump:L107>   pix: 11,20
[16:53:07.968]    DEBUG: <PixTestParameters.cc/dump:L107>   vcal: 250
[16:53:07.968]    DEBUG: <PixTestParameters.cc/dump:L107>   deltavthrcomp: 50
[16:53:07.968]    DEBUG: <PixTestParameters.cc/dump:L107>   fraccaldel: 0.5
[16:53:07.968]    DEBUG: <PixTestParameters.cc/dump:L107>   ntrig: 5
[16:53:07.968]    DEBUG: <PixTestParameters.cc/dump:L107>   savedacs: button
[16:53:07.968]    DEBUG: <PixTestParameters.cc/dump:L104> PixTestParameters: ->Readback<-
[16:53:07.968]    DEBUG: <PixTestParameters.cc/dump:L107>   calibratevd: button
[16:53:07.968]    DEBUG: <PixTestParameters.cc/dump:L107>   calibrateva: button
[16:53:07.968]    DEBUG: <PixTestParameters.cc/dump:L107>   calibrateia: button
[16:53:07.968]    DEBUG: <PixTestParameters.cc/dump:L107>   readbackvbg: button
[16:53:07.968]    DEBUG: <PixTestParameters.cc/dump:L107>   getcalibratedvbg: button
[16:53:07.968]    DEBUG: <PixTestParameters.cc/dump:L107>   usecalvd: checkbox(1)
[16:53:07.968]    DEBUG: <PixTestParameters.cc/dump:L107>   usecalva: checkbox(0)
[16:53:07.968]    DEBUG: <PixTestParameters.cc/dump:L107>   setvana: button
[16:53:07.968]    DEBUG: <PixTestParameters.cc/dump:L104> PixTestParameters: ->Scurves<-
[16:53:07.968]    DEBUG: <PixTestParameters.cc/dump:L107>   adjustvcal: checkbox(1)
[16:53:07.968]    DEBUG: <PixTestParameters.cc/dump:L107>   dumpall: checkbox(0)
[16:53:07.968]    DEBUG: <PixTestParameters.cc/dump:L107>   dumpproblematic: checkbox(0)
[16:53:07.968]    DEBUG: <PixTestParameters.cc/dump:L107>   ntrig: 50
[16:53:07.968]    DEBUG: <PixTestParameters.cc/dump:L107>   dac: VthrComp
[16:53:07.968]    DEBUG: <PixTestParameters.cc/dump:L107>   daclo: 0
[16:53:07.968]    DEBUG: <PixTestParameters.cc/dump:L107>   dachi: 200
[16:53:07.968]    DEBUG: <PixTestParameters.cc/dump:L107>   dacs/step: 10
[16:53:07.968]    DEBUG: <PixTestParameters.cc/dump:L107>   scurves: button
[16:53:07.968]    DEBUG: <PixTestParameters.cc/dump:L104> PixTestParameters: ->Timing<-
[16:53:07.968]    DEBUG: <PixTestParameters.cc/dump:L107>   fastscan: checkbox(0)
[16:53:07.968]    DEBUG: <PixTestParameters.cc/dump:L107>   targetclk: 4
[16:53:07.968]    DEBUG: <PixTestParameters.cc/dump:L107>   ntrig: 10
[16:53:07.968]    DEBUG: <PixTestParameters.cc/dump:L107>   clocksdascan: button
[16:53:07.968]    DEBUG: <PixTestParameters.cc/dump:L107>   phasescan: button
[16:53:07.968]    DEBUG: <PixTestParameters.cc/dump:L107>   levelscan: button
[16:53:07.968]    DEBUG: <PixTestParameters.cc/dump:L107>   tbmphasescan: button
[16:53:07.968]    DEBUG: <PixTestParameters.cc/dump:L107>   rocdelayscan: button
[16:53:07.968]    DEBUG: <PixTestParameters.cc/dump:L107>   timingtest: button
[16:53:07.968]    DEBUG: <PixTestParameters.cc/dump:L107>   saveparameters: button
[16:53:07.968]    DEBUG: <PixTestParameters.cc/dump:L104> PixTestParameters: ->Trim<-
[16:53:07.968]    DEBUG: <PixTestParameters.cc/dump:L107>   trim: button
[16:53:07.968]    DEBUG: <PixTestParameters.cc/dump:L107>   ntrig: 10
[16:53:07.968]    DEBUG: <PixTestParameters.cc/dump:L107>   vcal: 35
[16:53:07.968]    DEBUG: <PixTestParameters.cc/dump:L107>   trimbits: button
[16:53:07.968]    DEBUG: <PixTestParameters.cc/dump:L104> PixTestParameters: ->Xray<-
[16:53:07.968]    DEBUG: <PixTestParameters.cc/dump:L107>   maskhotpixels: button
[16:53:07.968]    DEBUG: <PixTestParameters.cc/dump:L107>   savemaskfile: checkbox(0)
[16:53:07.968]    DEBUG: <PixTestParameters.cc/dump:L107>   maskfilename: default
[16:53:07.968]    DEBUG: <PixTestParameters.cc/dump:L107>   source: Ag
[16:53:07.968]    DEBUG: <PixTestParameters.cc/dump:L107>   phrun: button
[16:53:07.968]    DEBUG: <PixTestParameters.cc/dump:L107>   runseconds: 100
[16:53:07.968]    DEBUG: <PixTestParameters.cc/dump:L107>   trgfrequency(khz): 100
[16:53:07.968]    DEBUG: <PixTestParameters.cc/dump:L107>   ratescan: button
[16:53:07.968]    DEBUG: <PixTestParameters.cc/dump:L107>   vthrcompmin: 10
[16:53:07.968]    DEBUG: <PixTestParameters.cc/dump:L107>   vthrcompmax: 80
[16:53:07.968]    DEBUG: <PixTestParameters.cc/dump:L107>   stepseconds: 5
[16:53:07.968]    DEBUG: <PixTestParameters.cc/dump:L107>   delaytbm: checkbox
[16:53:07.968]    DEBUG: <PixTestParameters.cc/dump:L107>   filltree: checkbox
[16:53:07.968]    DEBUG: <PixSetup.cc/init:L81> PixSetup init start; getCurrentRSS() = 34471936
[16:53:07.969]    DEBUG: <PixSetup.cc/init:L87> fPixTestParameters = 0x21dfae0
[16:53:07.969]    DEBUG: <PixSetup.cc/init:L88>  fConfigParameters = 0x1f69650
[16:53:07.969]    DEBUG: <PixSetup.cc/init:L89>        fPxarMemory = 0x7f4545d94010
[16:53:07.969]    DEBUG: <PixSetup.cc/init:L90>         fPxarMemHi = 0x7f454bfff510
[16:53:07.969]    DEBUG: <PixSetup.cc/init:L106> PixSetup init done;  getCurrentRSS() = 34480128 fPxarMemory = 0x7f4545d94010
[16:53:08.580]    DEBUG: <PixGui.cc/hvOn:L457> HV set On: 0x2601f40
[16:53:08.688]    DEBUG: <PixTestFactory.cc/PixTestFactory:L50> PixTestFactory::PixTestFactory()
[16:53:08.688]    DEBUG: <PixTestBBMap.cc/init:L78> PixTestBBMap::init()
[16:53:08.689]    DEBUG: <PixTestBBMap.cc/PixTestBBMap:L26> PixTestBBMap ctor(PixSetup &a, string, TGTab *)
[16:53:08.695]    DEBUG: <PixTestBB2Map.cc/setParameter:L57> setting fTargetIa    = 24 mA/ROC
[16:53:08.695]    DEBUG: <PixTestBB2Map.cc/init:L96> PixTestBB2Map::init()
[16:53:08.695]    DEBUG: <PixTestBB2Map.cc/PixTestBB2Map:L28> PixTestBB2Map ctor(PixSetup &a, string, TGTab *)
[16:53:08.706]    DEBUG: <PixTestDacDacScan.cc/init:L102> PixTestDacDacScan::init()
[16:53:08.707]    DEBUG: <PixTestDacDacScan.cc/PixTestDacDacScan:L21> PixTestDacDacScan ctor(PixSetup &a, string, TGTab *)
[16:53:08.747]    DEBUG: <PixTestHighRate.cc/setParameter:L67>   setting fParTriggerFrequency -> 20
[16:53:08.747]    DEBUG: <PixTestHighRate.cc/init:L174> PixTestHighRate::init()
[16:53:08.747]    DEBUG: <PixTestHighRate.cc/PixTestHighRate:L30> PixTestHighRate ctor(PixSetup &a, string, TGTab *)
[16:53:08.747]     INFO:       reading data/crosscalibrate_KUconfig/phCalibrationFitErr_C0.dat
[16:53:08.747]    ERROR: <ConfigParameters.cc/readGainPedestalParameters:L953> cannot open data/crosscalibrate_KUconfig/phCalibrationFitErr_C0.dat for reading PH calibration constants
[16:53:08.769]    DEBUG: <PixTest.cc/setTestParameter:L607>  setting  ntrig to new value 10
[16:53:08.769]    DEBUG: <PixTestPhOptimization.cc/setParameter:L36>   setting fParNtrig  ->10<- from sval = 10
[16:53:08.769]    DEBUG: <PixTestPhOptimization.cc/setParameter:L41>   setting fSafetyMarginLow  ->20<- from sval = 20
[16:53:08.769]    DEBUG: <PixTestPhOptimization.cc/setParameter:L47>   setting fVcalMax  ->100<- from sval = 100
[16:53:08.769]    DEBUG: <PixTestPhOptimization.cc/setParameter:L52>   setting fQuantMax  ->0.98<- from sval = 0.98
[16:53:08.776]    DEBUG: <PixTestAlive.cc/init:L76> PixTestAlive::init()
[16:53:08.776]    DEBUG: <PixTestAlive.cc/PixTestAlive:L20> PixTestAlive ctor(PixSetup &a, string, TGTab *)
[16:53:08.794]    DEBUG: <PixTestReadback.cc/setParameter:L172> fCalwVd set to 1
[16:53:08.794]    DEBUG: <PixTestReadback.cc/init:L95> PixTestReadback::init()
[16:53:08.794]    DEBUG: <PixTestReadback.cc/PixTestReadback:L22> PixTestReadback ctor(PixSetup &a, string, TGTab *)
[16:53:08.794]     INFO:       reading data/crosscalibrate_KUconfig/readbackCal_C0.dat
[16:53:08.795]     INFO:       reading data/crosscalibrate_KUconfig/readbackCal_C1.dat
[16:53:08.795]     INFO:       reading data/crosscalibrate_KUconfig/readbackCal_C2.dat
[16:53:08.795]     INFO:       reading data/crosscalibrate_KUconfig/readbackCal_C3.dat
[16:53:08.795]     INFO:       reading data/crosscalibrate_KUconfig/readbackCal_C4.dat
[16:53:08.795]     INFO:       reading data/crosscalibrate_KUconfig/readbackCal_C5.dat
[16:53:08.795]     INFO:       reading data/crosscalibrate_KUconfig/readbackCal_C6.dat
[16:53:08.795]     INFO:       reading data/crosscalibrate_KUconfig/readbackCal_C7.dat
[16:53:08.795]     INFO:       reading data/crosscalibrate_KUconfig/readbackCal_C8.dat
[16:53:08.795]     INFO:       reading data/crosscalibrate_KUconfig/readbackCal_C9.dat
[16:53:08.795]     INFO:       reading data/crosscalibrate_KUconfig/readbackCal_C10.dat
[16:53:08.795]     INFO:       reading data/crosscalibrate_KUconfig/readbackCal_C11.dat
[16:53:08.795]     INFO:       reading data/crosscalibrate_KUconfig/readbackCal_C12.dat
[16:53:08.795]     INFO:       reading data/crosscalibrate_KUconfig/readbackCal_C13.dat
[16:53:08.795]     INFO:       reading data/crosscalibrate_KUconfig/readbackCal_C14.dat
[16:53:08.795]     INFO:       reading data/crosscalibrate_KUconfig/readbackCal_C15.dat
[16:53:08.795]     INFO:       reading data/crosscalibrate_KUconfig/phCalibrationFitErr_C0.dat
[16:53:08.795]    ERROR: <ConfigParameters.cc/readGainPedestalParameters:L953> cannot open data/crosscalibrate_KUconfig/phCalibrationFitErr_C0.dat for reading PH calibration constants
[16:53:08.808]    DEBUG: <PixTestTiming.cc/setParameter:L46> fFastScan: 0
[16:53:08.808]    DEBUG: <PixTestTiming.cc/setParameter:L51> PixTestTiming::PixTest() targetclk = 4
[16:53:08.808]    DEBUG: <PixTestTiming.cc/setParameter:L55> PixTestTiming::PixTest() ntrig = 10
[16:53:08.808]    DEBUG: <PixTestTiming.cc/init:L65> PixTestTiming::init()
[16:53:08.827]    DEBUG: <PixTestXray.cc/init:L132> PixTestXray::init()
[16:53:08.828]    DEBUG: <PixTestXray.cc/PixTestXray:L26> PixTestXray ctor(PixSetup &a, string, TGTab *)
[16:53:08.828]     INFO:       reading data/crosscalibrate_KUconfig/phCalibrationFitErr_C0.dat
[16:53:08.828]    ERROR: <ConfigParameters.cc/readGainPedestalParameters:L953> cannot open data/crosscalibrate_KUconfig/phCalibrationFitErr_C0.dat for reading PH calibration constants
[16:53:12.516]    DEBUG: <PixTab.cc/boxChecked:L313> xxxPressed():  savemaskfile
[16:53:14.892]    DEBUG: <PixTab.cc/buttonClicked:L304> xxxPressed():  maskhotpixels
[16:53:14.892]    DEBUG: <PixTestXray.cc/runCommand:L106> running command: maskhotpixels
[16:53:14.912]     INFO:    ----------------------------------------------------------------------
[16:53:14.912]     INFO:    PixTest::maskHotPixels() running for 10 seconds with 100 kHz trigger rate
[16:53:14.912]     INFO:    ----------------------------------------------------------------------
[16:53:15.894]     INFO: PixTestHighRate::maskHotPixels start TriggerLoop with period 404 and duration 10 seconds and trigger rate 100 kHz
[16:53:24.915]     INFO: Done with hot pixel readout
[16:53:35.122]     INFO: PixTest::       pg_setup set to default.
[16:53:35.122]    DEBUG: <PixTest.cc/maskHotPixels:L2133> hot pixel determination with THR = 10
[16:53:35.123]    DEBUG: <PixTest.cc/maskHotPixels:L2143> ROC 4 with hot pixel 30/24,  hits = 237
[16:53:35.123]    DEBUG: <PixTest.cc/maskHotPixels:L2143> ROC 4 with hot pixel 31/30,  hits = 39
[16:53:35.123]    DEBUG: <PixTest.cc/maskHotPixels:L2143> ROC 4 with hot pixel 35/43,  hits = 27
[16:53:35.123]    DEBUG: <PixTest.cc/maskHotPixels:L2143> ROC 4 with hot pixel 36/37,  hits = 72
[16:53:35.123]    DEBUG: <PixTest.cc/maskHotPixels:L2143> ROC 4 with hot pixel 37/44,  hits = 876
[16:53:35.123]    DEBUG: <PixTest.cc/maskHotPixels:L2143> ROC 4 with hot pixel 38/15,  hits = 18
[16:53:35.123]    DEBUG: <PixTest.cc/maskHotPixels:L2143> ROC 4 with hot pixel 38/28,  hits = 88
[16:53:35.123]    DEBUG: <PixTest.cc/maskHotPixels:L2143> ROC 4 with hot pixel 38/32,  hits = 108
[16:53:35.123]    DEBUG: <PixTest.cc/maskHotPixels:L2143> ROC 4 with hot pixel 39/18,  hits = 32
[16:53:35.123]    DEBUG: <PixTest.cc/maskHotPixels:L2143> ROC 4 with hot pixel 40/36,  hits = 318
[16:53:35.123]    DEBUG: <PixTest.cc/maskHotPixels:L2143> ROC 4 with hot pixel 43/33,  hits = 1296
[16:53:35.123]    DEBUG: <PixTest.cc/maskHotPixels:L2143> ROC 4 with hot pixel 45/24,  hits = 715
[16:53:35.123]    DEBUG: <PixTest.cc/maskHotPixels:L2143> ROC 4 with hot pixel 45/33,  hits = 114
[16:53:35.123]    DEBUG: <PixTest.cc/maskHotPixels:L2143> ROC 4 with hot pixel 45/42,  hits = 58
[16:53:35.123]    DEBUG: <PixTest.cc/maskHotPixels:L2143> ROC 4 with hot pixel 45/51,  hits = 27
[16:53:35.123]    DEBUG: <PixTest.cc/maskHotPixels:L2143> ROC 4 with hot pixel 45/61,  hits = 714
[16:53:35.123]    DEBUG: <PixTest.cc/maskHotPixels:L2143> ROC 4 with hot pixel 48/13,  hits = 2453
[16:53:35.123]    DEBUG: <PixTest.cc/maskHotPixels:L2143> ROC 4 with hot pixel 48/37,  hits = 36
[16:53:35.123]    DEBUG: <PixTest.cc/maskHotPixels:L2143> ROC 4 with hot pixel 48/49,  hits = 350
[16:53:35.123]    DEBUG: <PixTest.cc/maskHotPixels:L2143> ROC 4 with hot pixel 49/11,  hits = 28258
[16:53:35.123]    DEBUG: <PixTest.cc/maskHotPixels:L2143> ROC 4 with hot pixel 50/8,  hits = 4612
[16:53:35.123]    DEBUG: <PixTest.cc/maskHotPixels:L2143> ROC 4 with hot pixel 50/16,  hits = 60
[16:53:35.123]    DEBUG: <PixTest.cc/maskHotPixels:L2143> ROC 4 with hot pixel 50/36,  hits = 4551
[16:53:35.123]    DEBUG: <PixTest.cc/maskHotPixels:L2143> ROC 4 with hot pixel 50/63,  hits = 13
[16:53:35.123]    DEBUG: <PixTest.cc/maskHotPixels:L2143> ROC 4 with hot pixel 51/14,  hits = 2375
[16:53:35.123]    DEBUG: <PixTest.cc/maskHotPixels:L2143> ROC 4 with hot pixel 51/36,  hits = 13
[16:53:35.123]    DEBUG: <PixTest.cc/maskHotPixels:L2143> ROC 4 with hot pixel 51/43,  hits = 15
[16:53:35.124]     INFO: PixTest::maskHotPixels() done
[16:53:35.138]     INFO: write masked pixels into data/crosscalibrate_KUconfig/defaultMaskFile.dat
[16:53:50.556]    DEBUG: <PixGui.cc/handleButtons:L393> PixGui::exit called
[16:53:50.556]    DEBUG: <PixTestBBMap.cc/~PixTestBBMap:L96> PixTestBBMap dtor
[16:53:50.556]    DEBUG: <PixTestBB2Map.cc/~PixTestBB2Map:L114> PixTestBB2Map dtor
[16:53:50.556]    DEBUG: <PixTestDacDacScan.cc/~PixTestDacDacScan:L135> PixTestDacDacScan dtor
[16:53:50.556]    DEBUG: <PixTestDacScan.cc/~PixTestDacScan:L128> PixTestDacScan dtor
[16:53:50.556]    DEBUG: <PixTestGainPedestal.cc/~PixTestGainPedestal:L121> PixTestGainPedestal dtor
[16:53:50.556]    DEBUG: <PixTestHighRate.cc/~PixTestHighRate:L221> PixTestHighRate dtor
[16:53:50.556]    DEBUG: <PixTestIV.cc/~PixTestIV:L96> PixTestIV dtor
[16:53:50.556]    DEBUG: <PixTestAlive.cc/~PixTestAlive:L108> PixTestAlive dtor
[16:53:50.556]    DEBUG: <PixTestPretest.cc/~PixTestPretest:L133> PixTestPretest dtor
[16:53:50.556]    DEBUG: <PixTestReadback.cc/~PixTestReadback:L89> PixTestReadback dtor, saving tree ... 
[16:53:50.556]    DEBUG: <PixTestScurves.cc/~PixTestScurves:L127> PixTestScurves dtor
[16:53:50.556]    DEBUG: <PixTestTiming.cc/~PixTestTiming:L88> PixTestTiming dtor
[16:53:50.557]    DEBUG: <PixTestTrim.cc/~PixTestTrim:L103> PixTestTrim dtor
[16:53:50.557]    DEBUG: <PixTestXray.cc/~PixTestXray:L215> PixTestXray dtor
[16:53:50.602]    QUIET: Connection to board 58 closed.
[16:53:50.602]    DEBUG: <PixMonitor.cc/dumpSummaries:L34> PixMonitor::dumpSummaries
