[14:53:49.325]     INFO: *** Welcome to pxar ***
[14:53:49.325]     INFO: *** Today: 2015/07/06
[14:53:49.325]     INFO:       reading data/yhc691015sn2p7/dacParameters35_C0.dat
[14:53:49.325]     INFO:       reading data/yhc691015sn2p7/dacParameters35_C1.dat
[14:53:49.325]     INFO:       reading data/yhc691015sn2p7/dacParameters35_C2.dat
[14:53:49.326]     INFO:       reading data/yhc691015sn2p7/dacParameters35_C3.dat
[14:53:49.326]     INFO:       reading data/yhc691015sn2p7/dacParameters35_C4.dat
[14:53:49.326]     INFO:       reading data/yhc691015sn2p7/dacParameters35_C5.dat
[14:53:49.326]     INFO:       reading data/yhc691015sn2p7/dacParameters35_C6.dat
[14:53:49.326]     INFO:       reading data/yhc691015sn2p7/dacParameters35_C7.dat
[14:53:49.326]     INFO:       reading data/yhc691015sn2p7/dacParameters35_C8.dat
[14:53:49.326]     INFO:       reading data/yhc691015sn2p7/dacParameters35_C9.dat
[14:53:49.326]     INFO:       reading data/yhc691015sn2p7/dacParameters35_C10.dat
[14:53:49.326]     INFO:       reading data/yhc691015sn2p7/dacParameters35_C11.dat
[14:53:49.326]     INFO:       reading data/yhc691015sn2p7/dacParameters35_C12.dat
[14:53:49.326]     INFO:       reading data/yhc691015sn2p7/dacParameters35_C13.dat
[14:53:49.326]     INFO:       reading data/yhc691015sn2p7/dacParameters35_C14.dat
[14:53:49.326]     INFO:       reading data/yhc691015sn2p7/dacParameters35_C15.dat
[14:53:49.326]     INFO:       reading data/yhc691015sn2p7/tbmParameters_C0a.dat
[14:53:49.326]     INFO:       reading data/yhc691015sn2p7/tbmParameters_C0b.dat
[14:53:49.326]     INFO:       reading data/yhc691015sn2p7/defaultMaskFile.dat
[14:53:49.326]     INFO: MASKED Roc 0 col/row: 40 52
[14:53:49.326]     INFO: MASKED Roc 11 col/row: 50 51
[14:53:49.327]     INFO:   masking Roc 0 col/row: 40 52
[14:53:49.327]     INFO:       reading data/yhc691015sn2p7/trimParameters35_C0.dat
[14:53:49.333]     INFO:       reading data/yhc691015sn2p7/trimParameters35_C1.dat
[14:53:49.340]     INFO:       reading data/yhc691015sn2p7/trimParameters35_C2.dat
[14:53:49.346]     INFO:       reading data/yhc691015sn2p7/trimParameters35_C3.dat
[14:53:49.353]     INFO:       reading data/yhc691015sn2p7/trimParameters35_C4.dat
[14:53:49.359]     INFO:       reading data/yhc691015sn2p7/trimParameters35_C5.dat
[14:53:49.366]     INFO:       reading data/yhc691015sn2p7/trimParameters35_C6.dat
[14:53:49.372]     INFO:       reading data/yhc691015sn2p7/trimParameters35_C7.dat
[14:53:49.379]     INFO:       reading data/yhc691015sn2p7/trimParameters35_C8.dat
[14:53:49.385]     INFO:       reading data/yhc691015sn2p7/trimParameters35_C9.dat
[14:53:49.392]     INFO:       reading data/yhc691015sn2p7/trimParameters35_C10.dat
[14:53:49.398]     INFO:   masking Roc 11 col/row: 50 51
[14:53:49.398]     INFO:       reading data/yhc691015sn2p7/trimParameters35_C11.dat
[14:53:49.405]     INFO:       reading data/yhc691015sn2p7/trimParameters35_C12.dat
[14:53:49.411]     INFO:       reading data/yhc691015sn2p7/trimParameters35_C13.dat
[14:53:49.417]     INFO:       reading data/yhc691015sn2p7/trimParameters35_C14.dat
[14:53:49.424]     INFO:       reading data/yhc691015sn2p7/trimParameters35_C15.dat
[14:53:49.430]     INFO:       reading data/yhc691015sn2p7/tbParameters.dat
[14:53:49.430]     INFO:         clk: 4
[14:53:49.430]     INFO:         ctr: 4
[14:53:49.430]     INFO:         sda: 19
[14:53:49.430]     INFO:         tin: 9
[14:53:49.430]     INFO:         level: 15
[14:53:49.430]     INFO:         triggerdelay: 0
[14:53:49.431]    QUIET: Instanciating API for pxar v1.9.0
[14:53:49.431]     INFO: Log level: DEBUG
[14:53:49.444]    QUIET: Connection to board DTB_WRPRHI opened.
[14:53:49.447]     INFO: DTB startup information
--- DTB info------------------------------------------
Board id:    58
HW version:  DTB1.2
FW version:  3.2
SW version:  3.6
USB id:      DTB_WRPRHI
MAC address: 40D85511803A
Hostname:    pixelDTB058
Comment:     
------------------------------------------------------
[14:53:49.452]     INFO: RPC call hashes of host and DTB match: 413001178
[14:53:51.061]     INFO: DUT info: 
[14:53:51.061]     INFO: The DUT currently contains the following objects:
[14:53:51.061]     INFO:  2 TBM Cores (2 ON)
[14:53:51.061]     INFO: 	TBM Core alpha (0): 7 registers set
[14:53:51.061]     INFO: 	TBM Core beta  (1): 7 registers set
[14:53:51.061]     INFO: 16 ROCs (16 ON) with 4160 pixelConfigs
[14:53:51.062]     INFO: 	ROC 0: 19 DACs set, Pixels: 1 masked, 4160 active.
[14:53:51.062]     INFO: 	ROC 1: 19 DACs set, Pixels: 0 masked, 4160 active.
[14:53:51.062]     INFO: 	ROC 2: 19 DACs set, Pixels: 0 masked, 4160 active.
[14:53:51.062]     INFO: 	ROC 3: 19 DACs set, Pixels: 0 masked, 4160 active.
[14:53:51.062]     INFO: 	ROC 4: 19 DACs set, Pixels: 0 masked, 4160 active.
[14:53:51.062]     INFO: 	ROC 5: 19 DACs set, Pixels: 0 masked, 4160 active.
[14:53:51.062]     INFO: 	ROC 6: 19 DACs set, Pixels: 0 masked, 4160 active.
[14:53:51.062]     INFO: 	ROC 7: 19 DACs set, Pixels: 0 masked, 4160 active.
[14:53:51.062]     INFO: 	ROC 8: 19 DACs set, Pixels: 0 masked, 4160 active.
[14:53:51.062]     INFO: 	ROC 9: 19 DACs set, Pixels: 0 masked, 4160 active.
[14:53:51.062]     INFO: 	ROC 10: 19 DACs set, Pixels: 0 masked, 4160 active.
[14:53:51.062]     INFO: 	ROC 11: 19 DACs set, Pixels: 1 masked, 4160 active.
[14:53:51.062]     INFO: 	ROC 12: 19 DACs set, Pixels: 0 masked, 4160 active.
[14:53:51.062]     INFO: 	ROC 13: 19 DACs set, Pixels: 0 masked, 4160 active.
[14:53:51.062]     INFO: 	ROC 14: 19 DACs set, Pixels: 0 masked, 4160 active.
[14:53:51.062]     INFO: 	ROC 15: 19 DACs set, Pixels: 0 masked, 4160 active.
[14:53:51.062]    DEBUG: <PixTestParameters.cc/dump:L104> PixTestParameters: ->BB<-
[14:53:51.062]    DEBUG: <PixTestParameters.cc/dump:L107>   dumpall: checkbox(0)
[14:53:51.062]    DEBUG: <PixTestParameters.cc/dump:L107>   dumpproblematic: checkbox(0)
[14:53:51.062]    DEBUG: <PixTestParameters.cc/dump:L107>   ntrig: 5
[14:53:51.062]    DEBUG: <PixTestParameters.cc/dump:L107>   vcals: 250
[14:53:51.062]    DEBUG: <PixTestParameters.cc/dump:L104> PixTestParameters: ->BB2<-
[14:53:51.062]    DEBUG: <PixTestParameters.cc/dump:L107>   ntrig: 10
[14:53:51.062]    DEBUG: <PixTestParameters.cc/dump:L107>   vcals: 222
[14:53:51.062]    DEBUG: <PixTestParameters.cc/dump:L107>   plwidth: 35
[14:53:51.062]    DEBUG: <PixTestParameters.cc/dump:L107>   pix: 11,20
[14:53:51.062]    DEBUG: <PixTestParameters.cc/dump:L107>   targetia: 24
[14:53:51.062]    DEBUG: <PixTestParameters.cc/dump:L104> PixTestParameters: ->DAQ<-
[14:53:51.062]    DEBUG: <PixTestParameters.cc/dump:L107>   delaytbm: checkbox
[14:53:51.062]    DEBUG: <PixTestParameters.cc/dump:L107>   filltree: checkbox
[14:53:51.062]    DEBUG: <PixTestParameters.cc/dump:L107>   trgfrequency(khz): 100
[14:53:51.062]    DEBUG: <PixTestParameters.cc/dump:L107>   maskhotpixels: button
[14:53:51.062]    DEBUG: <PixTestParameters.cc/dump:L107>   trgnumber: 5
[14:53:51.062]    DEBUG: <PixTestParameters.cc/dump:L107>   iterations: 10
[14:53:51.062]    DEBUG: <PixTestParameters.cc/dump:L107>   rundaqtrg: button
[14:53:51.062]    DEBUG: <PixTestParameters.cc/dump:L107>   daqseconds: 120
[14:53:51.062]    DEBUG: <PixTestParameters.cc/dump:L107>   rundaqseconds: button
[14:53:51.062]    DEBUG: <PixTestParameters.cc/dump:L104> PixTestParameters: ->DacDacScan<-
[14:53:51.062]    DEBUG: <PixTestParameters.cc/dump:L107>   phmap: checkbox
[14:53:51.062]    DEBUG: <PixTestParameters.cc/dump:L107>   ntrig: 10
[14:53:51.062]    DEBUG: <PixTestParameters.cc/dump:L107>   dac1: caldel
[14:53:51.062]    DEBUG: <PixTestParameters.cc/dump:L107>   dac1lo: 0
[14:53:51.062]    DEBUG: <PixTestParameters.cc/dump:L107>   dac1hi: 255
[14:53:51.062]    DEBUG: <PixTestParameters.cc/dump:L107>   dac2: vthrcomp
[14:53:51.062]    DEBUG: <PixTestParameters.cc/dump:L107>   dac2lo: 0
[14:53:51.062]    DEBUG: <PixTestParameters.cc/dump:L107>   dac2hi: 255
[14:53:51.062]    DEBUG: <PixTestParameters.cc/dump:L107>   pix: 11,20
[14:53:51.063]    DEBUG: <PixTestParameters.cc/dump:L104> PixTestParameters: ->DacScan<-
[14:53:51.063]    DEBUG: <PixTestParameters.cc/dump:L107>   phmap: checkbox(1)
[14:53:51.063]    DEBUG: <PixTestParameters.cc/dump:L107>   ntrig: 10
[14:53:51.063]    DEBUG: <PixTestParameters.cc/dump:L107>   dac: vcal
[14:53:51.063]    DEBUG: <PixTestParameters.cc/dump:L107>   daclo: 0
[14:53:51.063]    DEBUG: <PixTestParameters.cc/dump:L107>   dachi: 255
[14:53:51.063]    DEBUG: <PixTestParameters.cc/dump:L107>   pix: 11,20
[14:53:51.063]    DEBUG: <PixTestParameters.cc/dump:L104> PixTestParameters: ->GainPedestal<-
[14:53:51.063]    DEBUG: <PixTestParameters.cc/dump:L107>   showfits: checkbox(0)
[14:53:51.063]    DEBUG: <PixTestParameters.cc/dump:L107>   extended: checkbox(0)
[14:53:51.063]    DEBUG: <PixTestParameters.cc/dump:L107>   dumphists: checkbox(0)
[14:53:51.063]    DEBUG: <PixTestParameters.cc/dump:L107>   ntrig: 10
[14:53:51.063]    DEBUG: <PixTestParameters.cc/dump:L107>   measure: button
[14:53:51.063]    DEBUG: <PixTestParameters.cc/dump:L107>   fit: button
[14:53:51.063]    DEBUG: <PixTestParameters.cc/dump:L107>   save: button
[14:53:51.063]    DEBUG: <PixTestParameters.cc/dump:L104> PixTestParameters: ->HighRate<-
[14:53:51.063]    DEBUG: <PixTestParameters.cc/dump:L107>   pix: 11,20
[14:53:51.063]    DEBUG: <PixTestParameters.cc/dump:L107>   maskhotpixels: button
[14:53:51.063]    DEBUG: <PixTestParameters.cc/dump:L107>   savemaskfile: checkbox(0)
[14:53:51.063]    DEBUG: <PixTestParameters.cc/dump:L107>   maskfilename: default
[14:53:51.063]    DEBUG: <PixTestParameters.cc/dump:L107>   caldelscan: button
[14:53:51.063]    DEBUG: <PixTestParameters.cc/dump:L107>   xpixelalive: button
[14:53:51.063]    DEBUG: <PixTestParameters.cc/dump:L107>   ntrig: 5
[14:53:51.063]    DEBUG: <PixTestParameters.cc/dump:L107>   vcal: 200
[14:53:51.063]    DEBUG: <PixTestParameters.cc/dump:L107>   rundaq: button
[14:53:51.063]    DEBUG: <PixTestParameters.cc/dump:L107>   trgfrequency(khz): 20
[14:53:51.063]    DEBUG: <PixTestParameters.cc/dump:L107>   runseconds: 5
[14:53:51.063]    DEBUG: <PixTestParameters.cc/dump:L107>   triggerdelay: 100
[14:53:51.063]    DEBUG: <PixTestParameters.cc/dump:L107>   delaytbm: checkbox
[14:53:51.063]    DEBUG: <PixTestParameters.cc/dump:L107>   filltree: checkbox
[14:53:51.063]    DEBUG: <PixTestParameters.cc/dump:L104> PixTestParameters: ->IV<-
[14:53:51.063]    DEBUG: <PixTestParameters.cc/dump:L107>   port: /dev/FIXME
[14:53:51.063]    DEBUG: <PixTestParameters.cc/dump:L107>   voltagestart: 0
[14:53:51.063]    DEBUG: <PixTestParameters.cc/dump:L107>   voltagestop: 600
[14:53:51.063]    DEBUG: <PixTestParameters.cc/dump:L107>   voltagestep: 5
[14:53:51.063]    DEBUG: <PixTestParameters.cc/dump:L107>   delay: 1
[14:53:51.063]    DEBUG: <PixTestParameters.cc/dump:L107>   compliance(ua): 100
[14:53:51.063]    DEBUG: <PixTestParameters.cc/dump:L104> PixTestParameters: ->PhOptimization<-
[14:53:51.063]    DEBUG: <PixTestParameters.cc/dump:L107>   ntrig: 10
[14:53:51.063]    DEBUG: <PixTestParameters.cc/dump:L107>   safetymarginlow: 20
[14:53:51.063]    DEBUG: <PixTestParameters.cc/dump:L107>   saturationvcal: 100
[14:53:51.063]    DEBUG: <PixTestParameters.cc/dump:L107>   quantilesaturation: 0.98
[14:53:51.063]    DEBUG: <PixTestParameters.cc/dump:L104> PixTestParameters: ->PixelAlive<-
[14:53:51.063]    DEBUG: <PixTestParameters.cc/dump:L107>   ntrig: 10
[14:53:51.063]    DEBUG: <PixTestParameters.cc/dump:L107>   vcal: 200
[14:53:51.063]    DEBUG: <PixTestParameters.cc/dump:L107>   alivetest: button
[14:53:51.063]    DEBUG: <PixTestParameters.cc/dump:L107>   masktest: button
[14:53:51.063]    DEBUG: <PixTestParameters.cc/dump:L107>   addressdecodingtest: button
[14:53:51.063]    DEBUG: <PixTestParameters.cc/dump:L104> PixTestParameters: ->Pretest<-
[14:53:51.063]    DEBUG: <PixTestParameters.cc/dump:L107>   programroc: button
[14:53:51.063]    DEBUG: <PixTestParameters.cc/dump:L107>   targetia: 24
[14:53:51.063]    DEBUG: <PixTestParameters.cc/dump:L107>   setvana: button
[14:53:51.063]    DEBUG: <PixTestParameters.cc/dump:L107>   iterations: 100
[14:53:51.063]    DEBUG: <PixTestParameters.cc/dump:L107>   settimings: button
[14:53:51.063]    DEBUG: <PixTestParameters.cc/dump:L107>   findworkingpixel: button
[14:53:51.063]    DEBUG: <PixTestParameters.cc/dump:L107>   setvthrcompcaldel: button
[14:53:51.063]    DEBUG: <PixTestParameters.cc/dump:L107>   pix: 11,20
[14:53:51.063]    DEBUG: <PixTestParameters.cc/dump:L107>   vcal: 250
[14:53:51.063]    DEBUG: <PixTestParameters.cc/dump:L107>   deltavthrcomp: 50
[14:53:51.063]    DEBUG: <PixTestParameters.cc/dump:L107>   fraccaldel: 0.5
[14:53:51.063]    DEBUG: <PixTestParameters.cc/dump:L107>   ntrig: 5
[14:53:51.063]    DEBUG: <PixTestParameters.cc/dump:L107>   savedacs: button
[14:53:51.063]    DEBUG: <PixTestParameters.cc/dump:L104> PixTestParameters: ->Readback<-
[14:53:51.063]    DEBUG: <PixTestParameters.cc/dump:L107>   calibratevd: button
[14:53:51.063]    DEBUG: <PixTestParameters.cc/dump:L107>   calibrateva: button
[14:53:51.063]    DEBUG: <PixTestParameters.cc/dump:L107>   calibrateia: button
[14:53:51.063]    DEBUG: <PixTestParameters.cc/dump:L107>   readbackvbg: button
[14:53:51.063]    DEBUG: <PixTestParameters.cc/dump:L107>   getcalibratedvbg: button
[14:53:51.063]    DEBUG: <PixTestParameters.cc/dump:L107>   usecalvd: checkbox(1)
[14:53:51.063]    DEBUG: <PixTestParameters.cc/dump:L107>   usecalva: checkbox(0)
[14:53:51.063]    DEBUG: <PixTestParameters.cc/dump:L107>   getcalibratedia: button
[14:53:51.063]    DEBUG: <PixTestParameters.cc/dump:L107>   setvana: button
[14:53:51.063]    DEBUG: <PixTestParameters.cc/dump:L104> PixTestParameters: ->Scurves<-
[14:53:51.063]    DEBUG: <PixTestParameters.cc/dump:L107>   adjustvcal: checkbox(1)
[14:53:51.063]    DEBUG: <PixTestParameters.cc/dump:L107>   dumpall: checkbox(0)
[14:53:51.063]    DEBUG: <PixTestParameters.cc/dump:L107>   dumpproblematic: checkbox(0)
[14:53:51.064]    DEBUG: <PixTestParameters.cc/dump:L107>   ntrig: 50
[14:53:51.064]    DEBUG: <PixTestParameters.cc/dump:L107>   dac: VthrComp
[14:53:51.064]    DEBUG: <PixTestParameters.cc/dump:L107>   daclo: 0
[14:53:51.064]    DEBUG: <PixTestParameters.cc/dump:L107>   dachi: 200
[14:53:51.064]    DEBUG: <PixTestParameters.cc/dump:L107>   dacs/step: 10
[14:53:51.064]    DEBUG: <PixTestParameters.cc/dump:L107>   scurves: button
[14:53:51.064]    DEBUG: <PixTestParameters.cc/dump:L104> PixTestParameters: ->Timing<-
[14:53:51.064]    DEBUG: <PixTestParameters.cc/dump:L107>   fastscan: checkbox(0)
[14:53:51.064]    DEBUG: <PixTestParameters.cc/dump:L107>   targetclk: 4
[14:53:51.064]    DEBUG: <PixTestParameters.cc/dump:L107>   ntrig: 10
[14:53:51.064]    DEBUG: <PixTestParameters.cc/dump:L107>   clocksdascan: button
[14:53:51.064]    DEBUG: <PixTestParameters.cc/dump:L107>   phasescan: button
[14:53:51.064]    DEBUG: <PixTestParameters.cc/dump:L107>   levelscan: button
[14:53:51.064]    DEBUG: <PixTestParameters.cc/dump:L107>   saveparameters: button
[14:53:51.064]    DEBUG: <PixTestParameters.cc/dump:L107>   timingtest: button
[14:53:51.064]    DEBUG: <PixTestParameters.cc/dump:L104> PixTestParameters: ->Trim<-
[14:53:51.064]    DEBUG: <PixTestParameters.cc/dump:L107>   trim: button
[14:53:51.064]    DEBUG: <PixTestParameters.cc/dump:L107>   ntrig: 10
[14:53:51.064]    DEBUG: <PixTestParameters.cc/dump:L107>   vcal: 35
[14:53:51.064]    DEBUG: <PixTestParameters.cc/dump:L107>   trimbits: button
[14:53:51.064]    DEBUG: <PixTestParameters.cc/dump:L104> PixTestParameters: ->Xray<-
[14:53:51.064]    DEBUG: <PixTestParameters.cc/dump:L107>   maskhotpixels: button
[14:53:51.064]    DEBUG: <PixTestParameters.cc/dump:L107>   savemaskfile: checkbox(0)
[14:53:51.064]    DEBUG: <PixTestParameters.cc/dump:L107>   maskfilename: default
[14:53:51.064]    DEBUG: <PixTestParameters.cc/dump:L107>   source: Ag
[14:53:51.064]    DEBUG: <PixTestParameters.cc/dump:L107>   phrun: button
[14:53:51.064]    DEBUG: <PixTestParameters.cc/dump:L107>   runseconds: 100
[14:53:51.064]    DEBUG: <PixTestParameters.cc/dump:L107>   trgfrequency(khz): 100
[14:53:51.064]    DEBUG: <PixTestParameters.cc/dump:L107>   ratescan: button
[14:53:51.064]    DEBUG: <PixTestParameters.cc/dump:L107>   vthrcompmin: 10
[14:53:51.064]    DEBUG: <PixTestParameters.cc/dump:L107>   vthrcompmax: 80
[14:53:51.064]    DEBUG: <PixTestParameters.cc/dump:L107>   stepseconds: 5
[14:53:51.064]    DEBUG: <PixTestParameters.cc/dump:L107>   delaytbm: checkbox
[14:53:51.064]    DEBUG: <PixTestParameters.cc/dump:L107>   filltree: checkbox
[14:53:51.064]    DEBUG: <PixSetup.cc/init:L81> PixSetup init start; getCurrentRSS() = 32927744
[14:53:51.064]    DEBUG: <PixSetup.cc/init:L87> fPixTestParameters = 0x214af80
[14:53:51.064]    DEBUG: <PixSetup.cc/init:L88>  fConfigParameters = 0x208e890
[14:53:51.064]    DEBUG: <PixSetup.cc/init:L89>        fPxarMemory = 0x7fa8e9d94010
[14:53:51.064]    DEBUG: <PixSetup.cc/init:L90>         fPxarMemHi = 0x7fa8effff510
[14:53:51.064]    DEBUG: <PixSetup.cc/init:L106> PixSetup init done;  getCurrentRSS() = 32935936 fPxarMemory = 0x7fa8e9d94010
[14:53:51.554]    DEBUG: <PixGui.cc/hvOn:L457> HV set On: 0x2725620
[14:53:51.612]    DEBUG: <PixTestFactory.cc/PixTestFactory:L50> PixTestFactory::PixTestFactory()
[14:53:51.613]    DEBUG: <PixTestBBMap.cc/init:L78> PixTestBBMap::init()
[14:53:51.613]    DEBUG: <PixTestBBMap.cc/PixTestBBMap:L26> PixTestBBMap ctor(PixSetup &a, string, TGTab *)
[14:53:51.619]    DEBUG: <PixTestBB2Map.cc/setParameter:L57> setting fTargetIa    = 24 mA/ROC
[14:53:51.619]    DEBUG: <PixTestBB2Map.cc/init:L96> PixTestBB2Map::init()
[14:53:51.619]    DEBUG: <PixTestBB2Map.cc/PixTestBB2Map:L28> PixTestBB2Map ctor(PixSetup &a, string, TGTab *)
[14:53:51.628]    DEBUG: <PixTestDaq.cc/init:L43> PixTestDaq::init()
[14:53:51.628]    DEBUG: <PixTestDaq.cc/PixTestDaq:L21> PixTestDaq ctor(PixSetup &a, string, TGTab *)
[14:53:51.628]     INFO:       reading data/yhc691015sn2p7/phCalibrationFitErr35_C0.dat
[14:53:51.645]     INFO:       reading data/yhc691015sn2p7/phCalibrationFitErr35_C1.dat
[14:53:51.658]     INFO:       reading data/yhc691015sn2p7/phCalibrationFitErr35_C2.dat
[14:53:51.671]     INFO:       reading data/yhc691015sn2p7/phCalibrationFitErr35_C3.dat
[14:53:51.684]     INFO:       reading data/yhc691015sn2p7/phCalibrationFitErr35_C4.dat
[14:53:51.697]     INFO:       reading data/yhc691015sn2p7/phCalibrationFitErr35_C5.dat
[14:53:51.712]     INFO:       reading data/yhc691015sn2p7/phCalibrationFitErr35_C6.dat
[14:53:51.725]     INFO:       reading data/yhc691015sn2p7/phCalibrationFitErr35_C7.dat
[14:53:51.740]     INFO:       reading data/yhc691015sn2p7/phCalibrationFitErr35_C8.dat
[14:53:51.754]     INFO:       reading data/yhc691015sn2p7/phCalibrationFitErr35_C9.dat
[14:53:51.766]     INFO:       reading data/yhc691015sn2p7/phCalibrationFitErr35_C10.dat
[14:53:51.779]     INFO:       reading data/yhc691015sn2p7/phCalibrationFitErr35_C11.dat
[14:53:51.794]     INFO:       reading data/yhc691015sn2p7/phCalibrationFitErr35_C12.dat
[14:53:51.807]     INFO:       reading data/yhc691015sn2p7/phCalibrationFitErr35_C13.dat
[14:53:51.820]     INFO:       reading data/yhc691015sn2p7/phCalibrationFitErr35_C14.dat
[14:53:51.832]     INFO:       reading data/yhc691015sn2p7/phCalibrationFitErr35_C15.dat
[14:53:51.855]    DEBUG: <PixTestDacDacScan.cc/init:L102> PixTestDacDacScan::init()
[14:53:51.855]    DEBUG: <PixTestDacDacScan.cc/PixTestDacDacScan:L21> PixTestDacDacScan ctor(PixSetup &a, string, TGTab *)
[14:53:51.877]    DEBUG: <PixTestHighRate.cc/setParameter:L66>   setting fParTriggerFrequency -> 20
[14:53:51.877]    DEBUG: <PixTestHighRate.cc/init:L156> PixTestHighRate::init()
[14:53:51.878]    DEBUG: <PixTestHighRate.cc/PixTestHighRate:L29> PixTestHighRate ctor(PixSetup &a, string, TGTab *)
[14:53:51.901]    DEBUG: <PixTest.cc/setTestParameter:L577>  setting  ntrig to new value 10
[14:53:51.901]    DEBUG: <PixTestPhOptimization.cc/setParameter:L36>   setting fParNtrig  ->10<- from sval = 10
[14:53:51.901]    DEBUG: <PixTestPhOptimization.cc/setParameter:L41>   setting fSafetyMarginLow  ->20<- from sval = 20
[14:53:51.901]    DEBUG: <PixTestPhOptimization.cc/setParameter:L47>   setting fVcalMax  ->100<- from sval = 100
[14:53:51.901]    DEBUG: <PixTestPhOptimization.cc/setParameter:L52>   setting fQuantMax  ->0.98<- from sval = 0.98
[14:53:51.906]    DEBUG: <PixTestAlive.cc/init:L76> PixTestAlive::init()
[14:53:51.906]    DEBUG: <PixTestAlive.cc/PixTestAlive:L20> PixTestAlive ctor(PixSetup &a, string, TGTab *)
[14:53:51.918]    DEBUG: <PixTestReadback.cc/setParameter:L184> fCalwVd set to 1
[14:53:51.918]    DEBUG: <PixTestReadback.cc/init:L96> PixTestReadback::init()
[14:53:51.918]    DEBUG: <PixTestReadback.cc/PixTestReadback:L22> PixTestReadback ctor(PixSetup &a, string, TGTab *)
[14:53:51.918]     INFO:       reading data/yhc691015sn2p7/readbackCal_C0.dat
[14:53:51.919]     INFO:       reading data/yhc691015sn2p7/readbackCal_C1.dat
[14:53:51.919]     INFO:       reading data/yhc691015sn2p7/readbackCal_C2.dat
[14:53:51.919]     INFO:       reading data/yhc691015sn2p7/readbackCal_C3.dat
[14:53:51.920]     INFO:       reading data/yhc691015sn2p7/readbackCal_C4.dat
[14:53:51.920]     INFO:       reading data/yhc691015sn2p7/readbackCal_C5.dat
[14:53:51.920]     INFO:       reading data/yhc691015sn2p7/readbackCal_C6.dat
[14:53:51.920]     INFO:       reading data/yhc691015sn2p7/readbackCal_C7.dat
[14:53:51.920]     INFO:       reading data/yhc691015sn2p7/readbackCal_C8.dat
[14:53:51.920]     INFO:       reading data/yhc691015sn2p7/readbackCal_C9.dat
[14:53:51.920]     INFO:       reading data/yhc691015sn2p7/readbackCal_C10.dat
[14:53:51.920]     INFO:       reading data/yhc691015sn2p7/readbackCal_C11.dat
[14:53:51.920]     INFO:       reading data/yhc691015sn2p7/readbackCal_C12.dat
[14:53:51.920]     INFO:       reading data/yhc691015sn2p7/readbackCal_C13.dat
[14:53:51.920]     INFO:       reading data/yhc691015sn2p7/readbackCal_C14.dat
[14:53:51.920]     INFO:       reading data/yhc691015sn2p7/readbackCal_C15.dat
[14:53:51.939]    DEBUG: <PixTestTiming.cc/setParameter:L45> fFastScan: 0
[14:53:51.939]    DEBUG: <PixTestTiming.cc/setParameter:L50> PixTestTiming::PixTest() targetclk = 4
[14:53:51.939]    DEBUG: <PixTestTiming.cc/setParameter:L54> PixTestTiming::PixTest() ntrig = 10
[14:53:51.939]    DEBUG: <PixTestTiming.cc/init:L64> PixTestTiming::init()
[14:53:51.949]    DEBUG: <PixTestXray.cc/init:L132> PixTestXray::init()
[14:53:51.949]    DEBUG: <PixTestXray.cc/PixTestXray:L26> PixTestXray ctor(PixSetup &a, string, TGTab *)
[14:53:55.368]     INFO: ######################################################################
[14:53:55.368]     INFO: PixTestHighRate::doTest()
[14:53:55.368]     INFO: ######################################################################
[14:53:55.368]     INFO:    ----------------------------------------------------------------------
[14:53:55.368]     INFO:    PixTestHighRate::calDelScan() ntrig = 10, vcal = 200
[14:53:55.368]     INFO:    ----------------------------------------------------------------------
[14:53:56.449]     INFO: Test took 1076ms.
[14:53:56.452]     INFO:       reading data/yhc691015sn2p7/defaultMaskFile.dat
[14:53:56.452]     INFO: ROC 0 masking pixel 40/52
[14:53:56.452]     INFO: ROC 11 masking pixel 50/51
[14:53:56.452]  WARNING: Pattern generator does not contain a trigger signal. No data is expected from the DUT!
[14:54:00.615]     INFO: IGNORE THE WARNING ABOVE (resetROC sent)!
[14:54:00.819]    DEBUG: <PixTest.cc/xEfficiencyMaps:L1875>       attempt #0
[14:54:04.168]     INFO: Test took 3349ms.
[14:54:04.396]     INFO: Fetched DAQ statistics. Counters are being reset now.
[14:54:04.444]    DEBUG: <PixTest.cc/xEfficiencyMaps:L1936> Size of results from : PixTestHighRate::xEfficiencyMaps: 705577
[14:54:04.450]    DEBUG: <PixTest.cc/xEfficiencyMaps:L1875>       attempt #0
[14:54:07.907]     INFO: Test took 3458ms.
[14:54:08.140]     INFO: Fetched DAQ statistics. Counters are being reset now.
[14:54:08.188]    DEBUG: <PixTest.cc/xEfficiencyMaps:L1936> Size of results from : PixTestHighRate::xEfficiencyMaps: 712127
[14:54:08.194]    DEBUG: <PixTest.cc/xEfficiencyMaps:L1875>       attempt #0
[14:54:11.666]     INFO: Test took 3472ms.
[14:54:11.901]     INFO: Fetched DAQ statistics. Counters are being reset now.
[14:54:11.950]    DEBUG: <PixTest.cc/xEfficiencyMaps:L1936> Size of results from : PixTestHighRate::xEfficiencyMaps: 715809
[14:54:11.956]    DEBUG: <PixTest.cc/xEfficiencyMaps:L1875>       attempt #0
[14:54:15.419]     INFO: Test took 3464ms.
[14:54:15.654]     INFO: Fetched DAQ statistics. Counters are being reset now.
[14:54:15.702]    DEBUG: <PixTest.cc/xEfficiencyMaps:L1936> Size of results from : PixTestHighRate::xEfficiencyMaps: 715089
[14:54:15.708]    DEBUG: <PixTest.cc/xEfficiencyMaps:L1875>       attempt #0
[14:54:19.188]     INFO: Test took 3480ms.
[14:54:19.423]     INFO: Fetched DAQ statistics. Counters are being reset now.
[14:54:19.471]    DEBUG: <PixTest.cc/xEfficiencyMaps:L1936> Size of results from : PixTestHighRate::xEfficiencyMaps: 716417
[14:54:19.477]    DEBUG: <PixTest.cc/xEfficiencyMaps:L1875>       attempt #0
[14:54:22.952]     INFO: Test took 3475ms.
[14:54:23.188]     INFO: Fetched DAQ statistics. Counters are being reset now.
[14:54:23.236]    DEBUG: <PixTest.cc/xEfficiencyMaps:L1936> Size of results from : PixTestHighRate::xEfficiencyMaps: 716731
[14:54:23.242]    DEBUG: <PixTest.cc/xEfficiencyMaps:L1875>       attempt #0
[14:54:26.720]     INFO: Test took 3478ms.
[14:54:26.957]     INFO: Fetched DAQ statistics. Counters are being reset now.
[14:54:27.006]    DEBUG: <PixTest.cc/xEfficiencyMaps:L1936> Size of results from : PixTestHighRate::xEfficiencyMaps: 716778
[14:54:27.012]    DEBUG: <PixTest.cc/xEfficiencyMaps:L1875>       attempt #0
[14:54:30.523]     INFO: Test took 3511ms.
[14:54:30.760]     INFO: Fetched DAQ statistics. Counters are being reset now.
[14:54:30.808]    DEBUG: <PixTest.cc/xEfficiencyMaps:L1936> Size of results from : PixTestHighRate::xEfficiencyMaps: 717915
[14:54:30.815]    DEBUG: <PixTest.cc/xEfficiencyMaps:L1875>       attempt #0
[14:54:34.315]     INFO: Test took 3500ms.
[14:54:34.553]     INFO: Fetched DAQ statistics. Counters are being reset now.
[14:54:34.601]    DEBUG: <PixTest.cc/xEfficiencyMaps:L1936> Size of results from : PixTestHighRate::xEfficiencyMaps: 719878
[14:54:34.607]    DEBUG: <PixTest.cc/xEfficiencyMaps:L1875>       attempt #0
[14:54:38.104]     INFO: Test took 3497ms.
[14:54:38.338]     INFO: Fetched DAQ statistics. Counters are being reset now.
[14:54:38.387]    DEBUG: <PixTest.cc/xEfficiencyMaps:L1936> Size of results from : PixTestHighRate::xEfficiencyMaps: 717292
[14:54:38.393]    DEBUG: <PixTest.cc/xEfficiencyMaps:L1875>       attempt #0
[14:54:41.907]     INFO: Test took 3514ms.
[14:54:42.144]     INFO: Fetched DAQ statistics. Counters are being reset now.
[14:54:42.193]    DEBUG: <PixTest.cc/xEfficiencyMaps:L1936> Size of results from : PixTestHighRate::xEfficiencyMaps: 717989
[14:54:42.199]    DEBUG: <PixTest.cc/xEfficiencyMaps:L1875>       attempt #0
[14:54:45.683]     INFO: Test took 3484ms.
[14:54:45.921]     INFO: Fetched DAQ statistics. Counters are being reset now.
[14:54:45.970]    DEBUG: <PixTest.cc/xEfficiencyMaps:L1936> Size of results from : PixTestHighRate::xEfficiencyMaps: 717555
[14:54:45.976]    DEBUG: <PixTest.cc/xEfficiencyMaps:L1875>       attempt #0
[14:54:49.462]     INFO: Test took 3486ms.
[14:54:49.701]     INFO: Fetched DAQ statistics. Counters are being reset now.
[14:54:49.750]    DEBUG: <PixTest.cc/xEfficiencyMaps:L1936> Size of results from : PixTestHighRate::xEfficiencyMaps: 719468
[14:54:49.757]    DEBUG: <PixTest.cc/xEfficiencyMaps:L1875>       attempt #0
[14:54:53.271]     INFO: Test took 3514ms.
[14:54:53.508]     INFO: Fetched DAQ statistics. Counters are being reset now.
[14:54:53.557]    DEBUG: <PixTest.cc/xEfficiencyMaps:L1936> Size of results from : PixTestHighRate::xEfficiencyMaps: 717843
[14:54:53.564]    DEBUG: <PixTest.cc/xEfficiencyMaps:L1875>       attempt #0
[14:54:57.062]     INFO: Test took 3498ms.
[14:54:57.298]     INFO: Fetched DAQ statistics. Counters are being reset now.
[14:54:57.347]    DEBUG: <PixTest.cc/xEfficiencyMaps:L1936> Size of results from : PixTestHighRate::xEfficiencyMaps: 718699
[14:54:57.354]    DEBUG: <PixTest.cc/xEfficiencyMaps:L1875>       attempt #0
[14:55:00.856]     INFO: Test took 3502ms.
[14:55:01.096]     INFO: Fetched DAQ statistics. Counters are being reset now.
[14:55:01.144]    DEBUG: <PixTest.cc/xEfficiencyMaps:L1936> Size of results from : PixTestHighRate::xEfficiencyMaps: 715808
[14:55:01.151]    DEBUG: <PixTest.cc/xEfficiencyMaps:L1875>       attempt #0
[14:55:04.650]     INFO: Test took 3499ms.
[14:55:04.887]     INFO: Fetched DAQ statistics. Counters are being reset now.
[14:55:04.936]    DEBUG: <PixTest.cc/xEfficiencyMaps:L1936> Size of results from : PixTestHighRate::xEfficiencyMaps: 716550
[14:55:04.943]    DEBUG: <PixTest.cc/xEfficiencyMaps:L1875>       attempt #0
[14:55:08.422]     INFO: Test took 3479ms.
[14:55:08.659]     INFO: Fetched DAQ statistics. Counters are being reset now.
[14:55:08.708]    DEBUG: <PixTest.cc/xEfficiencyMaps:L1936> Size of results from : PixTestHighRate::xEfficiencyMaps: 717367
[14:55:08.715]    DEBUG: <PixTest.cc/xEfficiencyMaps:L1875>       attempt #0
[14:55:12.172]     INFO: Test took 3457ms.
[14:55:12.407]     INFO: Fetched DAQ statistics. Counters are being reset now.
[14:55:12.456]    DEBUG: <PixTest.cc/xEfficiencyMaps:L1936> Size of results from : PixTestHighRate::xEfficiencyMaps: 717191
[14:55:12.464]    DEBUG: <PixTest.cc/xEfficiencyMaps:L1875>       attempt #0
[14:55:15.797]     INFO: Test took 3333ms.
[14:55:16.023]     INFO: Fetched DAQ statistics. Counters are being reset now.
[14:55:16.072]    DEBUG: <PixTest.cc/xEfficiencyMaps:L1936> Size of results from : PixTestHighRate::xEfficiencyMaps: 714418
[14:55:16.294]    DEBUG: <PixTestHighRate.cc/doCalDelScan:L378> roc  0: caldel = 129 eff = 0.999375
[14:55:16.294]    DEBUG: <PixTestHighRate.cc/doCalDelScan:L378> roc  1: caldel = 137 eff = 0.999351
[14:55:16.294]    DEBUG: <PixTestHighRate.cc/doCalDelScan:L378> roc  2: caldel = 132 eff = 0.998197
[14:55:16.294]    DEBUG: <PixTestHighRate.cc/doCalDelScan:L378> roc  3: caldel = 133 eff = 0.997067
[14:55:16.294]    DEBUG: <PixTestHighRate.cc/doCalDelScan:L378> roc  4: caldel = 113 eff = 0.996659
[14:55:16.294]    DEBUG: <PixTestHighRate.cc/doCalDelScan:L378> roc  5: caldel = 168 eff = 0.99625
[14:55:16.295]    DEBUG: <PixTestHighRate.cc/doCalDelScan:L378> roc  6: caldel = 133 eff = 0.99613
[14:55:16.295]    DEBUG: <PixTestHighRate.cc/doCalDelScan:L378> roc  7: caldel = 126 eff = 0.997716
[14:55:16.295]    DEBUG: <PixTestHighRate.cc/doCalDelScan:L378> roc  8: caldel = 154 eff = 0.997452
[14:55:16.295]    DEBUG: <PixTestHighRate.cc/doCalDelScan:L378> roc  9: caldel = 175 eff = 0.995313
[14:55:16.295]    DEBUG: <PixTestHighRate.cc/doCalDelScan:L378> roc 10: caldel = 144 eff = 0.995337
[14:55:16.295]    DEBUG: <PixTestHighRate.cc/doCalDelScan:L378> roc 11: caldel = 128 eff = 0.995841
[14:55:16.295]    DEBUG: <PixTestHighRate.cc/doCalDelScan:L378> roc 12: caldel = 151 eff = 0.996298
[14:55:16.295]    DEBUG: <PixTestHighRate.cc/doCalDelScan:L378> roc 13: caldel = 169 eff = 0.998029
[14:55:16.296]    DEBUG: <PixTestHighRate.cc/doCalDelScan:L378> roc 14: caldel = 141 eff = 0.999375
[14:55:16.296]    DEBUG: <PixTestHighRate.cc/doCalDelScan:L378> roc 15: caldel = 132 eff = 0.999736
[14:55:16.328]     INFO:    ----------------------------------------------------------------------
[14:55:16.328]     INFO:    PixTestHighRate::xPixelAlive() ntrig = 5, vcal = 200
[14:55:16.328]     INFO:    ----------------------------------------------------------------------
[14:55:16.328]    DEBUG: <PixTestHighRate.cc/doXPixelAlive:L406>  old set: clk: 4
[14:55:16.328]    DEBUG: <PixTestHighRate.cc/doXPixelAlive:L406>  old set: ctr: 4
[14:55:16.328]    DEBUG: <PixTestHighRate.cc/doXPixelAlive:L406>  old set: sda: 19
[14:55:16.328]    DEBUG: <PixTestHighRate.cc/doXPixelAlive:L406>  old set: tin: 9
[14:55:16.328]    DEBUG: <PixTestHighRate.cc/doXPixelAlive:L406>  old set: level: 15
[14:55:16.328]    DEBUG: <PixTestHighRate.cc/doXPixelAlive:L406>  old set: triggerdelay: 0
[14:55:16.328]    DEBUG: <PixTestHighRate.cc/doXPixelAlive:L422>  setting: clk: 4
[14:55:16.328]    DEBUG: <PixTestHighRate.cc/doXPixelAlive:L422>  setting: ctr: 4
[14:55:16.328]    DEBUG: <PixTestHighRate.cc/doXPixelAlive:L422>  setting: sda: 19
[14:55:16.328]    DEBUG: <PixTestHighRate.cc/doXPixelAlive:L422>  setting: tin: 9
[14:55:16.328]    DEBUG: <PixTestHighRate.cc/doXPixelAlive:L422>  setting: level: 15
[14:55:16.328]    DEBUG: <PixTestHighRate.cc/doXPixelAlive:L422>  setting: triggerdelay: 100
[14:55:16.354]     INFO:       reading data/yhc691015sn2p7/defaultMaskFile.dat
[14:55:16.354]     INFO: ROC 0 masking pixel 40/52
[14:55:16.354]     INFO: ROC 11 masking pixel 50/51
[14:55:16.354]  WARNING: Pattern generator does not contain a trigger signal. No data is expected from the DUT!
[14:55:20.327]     INFO: IGNORE THE WARNING ABOVE (resetROC sent)!
[14:55:20.522]    DEBUG: <PixTest.cc/xEfficiencyMaps:L1875>       attempt #0
[14:55:23.580]     INFO: Test took 3058ms.
[14:55:23.694]     INFO: Fetched DAQ statistics. Counters are being reset now.
[14:55:23.722]    DEBUG: <PixTest.cc/xEfficiencyMaps:L1936> Size of results from : PixTestHighRate::xEfficiencyMaps: 392404
[14:55:23.947]     INFO: number of dead pixels (per ROC):     2    0    0    0    0    0    0    0    0    2    0    1    0    0    0    0
[14:55:23.947]     INFO: number of red-efficiency pixels:     7   15   39   70   81   97   98   56   52  103   92   87   87   39   23   14
[14:55:23.947]     INFO: number of X-ray hits detected:    3744 9561 16892 25859 27027 27886 28189 19158 19965 30576 29385 27077 27167 18316 10758 4289
[14:55:23.947]     INFO: number of triggers sent (total per ROC):  20800 20800 20800 20800 20800 20800 20800 20800 20800 20800 20800 20800 20800 20800 20800 20800
[14:55:23.947]     INFO: number of Vcal hits detected:  20785 20784 20760 20730 20719 20702 20701 20744 20748 20688 20708 20708 20712 20761 20777 20786
[14:55:23.947]     INFO: Vcal hit fiducial efficiency (%):  100.0 99.9 99.8 99.7 99.6 99.5 99.5 99.7 99.8 99.5 99.6 99.7 99.6 99.9 99.9 99.9
[14:55:23.947]     INFO: Vcal hit overall efficiency (%):  99.9 99.9 99.8 99.7 99.6 99.5 99.5 99.7 99.8 99.5 99.6 99.6 99.6 99.8 99.9 99.9
[14:55:23.947]     INFO: X-ray hit rate [MHz/cm2]:  11.0 28.0 49.5 75.8 79.2 81.7 82.6 56.2 58.5 89.6 86.1 79.4 79.6 53.7 31.5 12.6
[14:55:23.947]     INFO: PixTestHighRate::doXPixelAlive() done
[14:55:23.985]    DEBUG: <PixTestHighRate.cc/doXPixelAlive:L541>  resetting: clk: 4
[14:55:23.985]    DEBUG: <PixTestHighRate.cc/doXPixelAlive:L541>  resetting: ctr: 4
[14:55:23.986]    DEBUG: <PixTestHighRate.cc/doXPixelAlive:L541>  resetting: sda: 19
[14:55:23.986]    DEBUG: <PixTestHighRate.cc/doXPixelAlive:L541>  resetting: tin: 9
[14:55:23.986]    DEBUG: <PixTestHighRate.cc/doXPixelAlive:L541>  resetting: level: 15
[14:55:23.986]    DEBUG: <PixTestHighRate.cc/doXPixelAlive:L541>  resetting: triggerdelay: 0
[14:55:23.986]     INFO: PixTest::       pg_setup set to default.
[14:55:23.986]     INFO:    ----------------------------------------------------------------------
[14:55:23.986]     INFO:    PixTestHighRate::runDaq() running for 5 seconds
[14:55:23.986]     INFO:    ----------------------------------------------------------------------
[14:55:24.004]     INFO:       reading data/yhc691015sn2p7/defaultMaskFile.dat
[14:55:24.004]     INFO: ROC 0 masking pixel 40/52
[14:55:24.004]     INFO: ROC 11 masking pixel 50/51
[14:55:24.004]    DEBUG: <PixTestHighRate.cc/doRunDaq:L583>  old set: clk: 4
[14:55:24.004]    DEBUG: <PixTestHighRate.cc/doRunDaq:L583>  old set: ctr: 4
[14:55:24.004]    DEBUG: <PixTestHighRate.cc/doRunDaq:L583>  old set: sda: 19
[14:55:24.004]    DEBUG: <PixTestHighRate.cc/doRunDaq:L583>  old set: tin: 9
[14:55:24.004]    DEBUG: <PixTestHighRate.cc/doRunDaq:L583>  old set: level: 15
[14:55:24.004]    DEBUG: <PixTestHighRate.cc/doRunDaq:L583>  old set: triggerdelay: 0
[14:55:24.004]    DEBUG: <PixTestHighRate.cc/doRunDaq:L599>  setting: clk: 4
[14:55:24.004]    DEBUG: <PixTestHighRate.cc/doRunDaq:L599>  setting: ctr: 4
[14:55:24.004]    DEBUG: <PixTestHighRate.cc/doRunDaq:L599>  setting: sda: 19
[14:55:24.004]    DEBUG: <PixTestHighRate.cc/doRunDaq:L599>  setting: tin: 9
[14:55:24.004]    DEBUG: <PixTestHighRate.cc/doRunDaq:L599>  setting: level: 15
[14:55:24.004]    DEBUG: <PixTestHighRate.cc/doRunDaq:L599>  setting: triggerdelay: 100
[14:55:24.004]  WARNING: Pattern generator does not contain a trigger signal. No data is expected from the DUT!
[14:55:24.976]     INFO: IGNORE THE WARNING ABOVE (resetROC sent)!
[14:55:26.153]     INFO: PixTestHighRate::doHitMap start TriggerLoop with trigger frequency 20 kHz, period 2011 and duration 5 seconds
[14:55:31.155]     INFO: data taking finished, elapsed time: 5 seconds.
[14:55:34.063]    DEBUG: <PixTestHighRate.cc/fillMap:L699> Processing Data: 99451 events with 1535277 pixels
[14:55:34.084]     INFO: PixTest::       pg_setup set to default.
[14:55:34.103]    DEBUG: <PixTestHighRate.cc/doRunDaq:L617> analyzing hitMap_daqbbtest_C0_V0
[14:55:34.103]    DEBUG: <PixTestHighRate.cc/doRunDaq:L617> analyzing hitMap_daqbbtest_C1_V0
[14:55:34.104]    DEBUG: <PixTestHighRate.cc/doRunDaq:L617> analyzing hitMap_daqbbtest_C2_V0
[14:55:34.104]    DEBUG: <PixTestHighRate.cc/doRunDaq:L617> analyzing hitMap_daqbbtest_C3_V0
[14:55:34.104]    DEBUG: <PixTestHighRate.cc/doRunDaq:L617> analyzing hitMap_daqbbtest_C4_V0
[14:55:34.104]    DEBUG: <PixTestHighRate.cc/doRunDaq:L617> analyzing hitMap_daqbbtest_C5_V0
[14:55:34.104]    DEBUG: <PixTestHighRate.cc/doRunDaq:L617> analyzing hitMap_daqbbtest_C6_V0
[14:55:34.104]    DEBUG: <PixTestHighRate.cc/doRunDaq:L617> analyzing hitMap_daqbbtest_C7_V0
[14:55:34.104]    DEBUG: <PixTestHighRate.cc/doRunDaq:L617> analyzing hitMap_daqbbtest_C8_V0
[14:55:34.104]    DEBUG: <PixTestHighRate.cc/doRunDaq:L617> analyzing hitMap_daqbbtest_C9_V0
[14:55:34.104]    DEBUG: <PixTestHighRate.cc/doRunDaq:L617> analyzing hitMap_daqbbtest_C10_V0
[14:55:34.105]    DEBUG: <PixTestHighRate.cc/doRunDaq:L617> analyzing hitMap_daqbbtest_C11_V0
[14:55:34.105]    DEBUG: <PixTestHighRate.cc/doRunDaq:L617> analyzing hitMap_daqbbtest_C12_V0
[14:55:34.105]    DEBUG: <PixTestHighRate.cc/doRunDaq:L617> analyzing hitMap_daqbbtest_C13_V0
[14:55:34.105]    DEBUG: <PixTestHighRate.cc/doRunDaq:L617> analyzing hitMap_daqbbtest_C14_V0
[14:55:34.105]    DEBUG: <PixTestHighRate.cc/doRunDaq:L617> analyzing hitMap_daqbbtest_C15_V0
[14:55:34.105]    DEBUG: <PixTestHighRate.cc/doRunDaq:L629>  resetting: clk: 4
[14:55:34.105]    DEBUG: <PixTestHighRate.cc/doRunDaq:L629>  resetting: ctr: 4
[14:55:34.105]    DEBUG: <PixTestHighRate.cc/doRunDaq:L629>  resetting: sda: 19
[14:55:34.105]    DEBUG: <PixTestHighRate.cc/doRunDaq:L629>  resetting: tin: 9
[14:55:34.105]    DEBUG: <PixTestHighRate.cc/doRunDaq:L629>  resetting: level: 15
[14:55:34.105]    DEBUG: <PixTestHighRate.cc/doRunDaq:L629>  resetting: triggerdelay: 0
[14:55:34.105]     INFO: Pixels without X-ray hits (per ROC):  1662   509   279    33    40    35    29   328   246    34    21    52    20   240   458  1722 
[14:55:34.105]     INFO: PixTestHighRate::doRunDaq() done
[14:55:34.105]     INFO: PixTestHighRate::doTest() done 
[14:55:38.072]    DEBUG: <PixTest.cc/moduleMap:L943> moduleMap histname: what
[14:55:38.072]    DEBUG: <PixTest.cc/moduleMap:L953> h1->GetName() = hitMap_daqbbtest_C14_V0 -> hitMap_daqbbtest_mod
[14:55:41.296]    DEBUG: <PixGui.cc/handleButtons:L393> PixGui::exit called
[14:55:41.296]    DEBUG: <PixTestBBMap.cc/~PixTestBBMap:L96> PixTestBBMap dtor
[14:55:41.296]    DEBUG: <PixTestBB2Map.cc/~PixTestBB2Map:L114> PixTestBB2Map dtor
[14:55:41.296]    DEBUG: <PixTestDaq.cc/~PixTestDaq:L36> PixTestDaq dtor
[14:55:41.297]    DEBUG: <PixTestDacDacScan.cc/~PixTestDacDacScan:L135> PixTestDacDacScan dtor
[14:55:41.297]    DEBUG: <PixTestDacScan.cc/~PixTestDacScan:L115> PixTestDacScan dtor
[14:55:41.297]    DEBUG: <PixTestGainPedestal.cc/~PixTestGainPedestal:L121> PixTestGainPedestal dtor
[14:55:41.297]    DEBUG: <PixTestHighRate.cc/~PixTestHighRate:L203> PixTestHighRate dtor
[14:55:41.392]    DEBUG: <PixTestIV.cc/~PixTestIV:L96> PixTestIV dtor
[14:55:41.392]    DEBUG: <PixTestAlive.cc/~PixTestAlive:L108> PixTestAlive dtor
[14:55:41.392]    DEBUG: <PixTestPretest.cc/~PixTestPretest:L133> PixTestPretest dtor
[14:55:41.393]    DEBUG: <PixTestReadback.cc/~PixTestReadback:L89> PixTestReadback dtor, saving tree ... 
[14:55:41.393]    DEBUG: <PixTestScurves.cc/~PixTestScurves:L127> PixTestScurves dtor
[14:55:41.393]    DEBUG: <PixTestTiming.cc/~PixTestTiming:L87> PixTestTiming dtor
[14:55:41.393]    DEBUG: <PixTestTrim.cc/~PixTestTrim:L103> PixTestTrim dtor
[14:55:41.393]    DEBUG: <PixTestXray.cc/~PixTestXray:L215> PixTestXray dtor
[14:55:41.396]    QUIET: Connection to board 58 closed.
[14:55:41.397]    DEBUG: <PixMonitor.cc/dumpSummaries:L34> PixMonitor::dumpSummaries
