[14:51:21.172]     INFO: *** Welcome to pxar ***
[14:51:21.172]     INFO: *** Today: 2015/07/06
[14:51:21.172]     INFO:       reading data/yhc691015sn2p7/dacParameters35_C0.dat
[14:51:21.172]     INFO:       reading data/yhc691015sn2p7/dacParameters35_C1.dat
[14:51:21.172]     INFO:       reading data/yhc691015sn2p7/dacParameters35_C2.dat
[14:51:21.173]     INFO:       reading data/yhc691015sn2p7/dacParameters35_C3.dat
[14:51:21.173]     INFO:       reading data/yhc691015sn2p7/dacParameters35_C4.dat
[14:51:21.173]     INFO:       reading data/yhc691015sn2p7/dacParameters35_C5.dat
[14:51:21.173]     INFO:       reading data/yhc691015sn2p7/dacParameters35_C6.dat
[14:51:21.173]     INFO:       reading data/yhc691015sn2p7/dacParameters35_C7.dat
[14:51:21.173]     INFO:       reading data/yhc691015sn2p7/dacParameters35_C8.dat
[14:51:21.173]     INFO:       reading data/yhc691015sn2p7/dacParameters35_C9.dat
[14:51:21.173]     INFO:       reading data/yhc691015sn2p7/dacParameters35_C10.dat
[14:51:21.173]     INFO:       reading data/yhc691015sn2p7/dacParameters35_C11.dat
[14:51:21.173]     INFO:       reading data/yhc691015sn2p7/dacParameters35_C12.dat
[14:51:21.173]     INFO:       reading data/yhc691015sn2p7/dacParameters35_C13.dat
[14:51:21.173]     INFO:       reading data/yhc691015sn2p7/dacParameters35_C14.dat
[14:51:21.173]     INFO:       reading data/yhc691015sn2p7/dacParameters35_C15.dat
[14:51:21.173]     INFO:       reading data/yhc691015sn2p7/tbmParameters_C0a.dat
[14:51:21.173]     INFO:       reading data/yhc691015sn2p7/tbmParameters_C0b.dat
[14:51:21.173]     INFO:       reading data/yhc691015sn2p7/defaultMaskFile.dat
[14:51:21.173]     INFO: MASKED Roc 0 col/row: 40 52
[14:51:21.173]     INFO: MASKED Roc 11 col/row: 50 51
[14:51:21.174]     INFO:   masking Roc 0 col/row: 40 52
[14:51:21.174]     INFO:       reading data/yhc691015sn2p7/trimParameters35_C0.dat
[14:51:21.180]     INFO:       reading data/yhc691015sn2p7/trimParameters35_C1.dat
[14:51:21.187]     INFO:       reading data/yhc691015sn2p7/trimParameters35_C2.dat
[14:51:21.193]     INFO:       reading data/yhc691015sn2p7/trimParameters35_C3.dat
[14:51:21.200]     INFO:       reading data/yhc691015sn2p7/trimParameters35_C4.dat
[14:51:21.207]     INFO:       reading data/yhc691015sn2p7/trimParameters35_C5.dat
[14:51:21.213]     INFO:       reading data/yhc691015sn2p7/trimParameters35_C6.dat
[14:51:21.220]     INFO:       reading data/yhc691015sn2p7/trimParameters35_C7.dat
[14:51:21.226]     INFO:       reading data/yhc691015sn2p7/trimParameters35_C8.dat
[14:51:21.233]     INFO:       reading data/yhc691015sn2p7/trimParameters35_C9.dat
[14:51:21.239]     INFO:       reading data/yhc691015sn2p7/trimParameters35_C10.dat
[14:51:21.246]     INFO:   masking Roc 11 col/row: 50 51
[14:51:21.246]     INFO:       reading data/yhc691015sn2p7/trimParameters35_C11.dat
[14:51:21.252]     INFO:       reading data/yhc691015sn2p7/trimParameters35_C12.dat
[14:51:21.259]     INFO:       reading data/yhc691015sn2p7/trimParameters35_C13.dat
[14:51:21.265]     INFO:       reading data/yhc691015sn2p7/trimParameters35_C14.dat
[14:51:21.272]     INFO:       reading data/yhc691015sn2p7/trimParameters35_C15.dat
[14:51:21.278]     INFO:       reading data/yhc691015sn2p7/tbParameters.dat
[14:51:21.278]     INFO:         clk: 4
[14:51:21.278]     INFO:         ctr: 4
[14:51:21.278]     INFO:         sda: 19
[14:51:21.278]     INFO:         tin: 9
[14:51:21.278]     INFO:         level: 15
[14:51:21.278]     INFO:         triggerdelay: 0
[14:51:21.278]    QUIET: Instanciating API for pxar v1.9.0
[14:51:21.279]     INFO: Log level: DEBUG
[14:51:21.292]    QUIET: Connection to board DTB_WRPRHI opened.
[14:51:21.295]     INFO: DTB startup information
--- DTB info------------------------------------------
Board id:    58
HW version:  DTB1.2
FW version:  3.2
SW version:  3.6
USB id:      DTB_WRPRHI
MAC address: 40D85511803A
Hostname:    pixelDTB058
Comment:     
------------------------------------------------------
[14:51:21.299]     INFO: RPC call hashes of host and DTB match: 413001178
[14:51:22.908]     INFO: DUT info: 
[14:51:22.908]     INFO: The DUT currently contains the following objects:
[14:51:22.908]     INFO:  2 TBM Cores (2 ON)
[14:51:22.908]     INFO: 	TBM Core alpha (0): 7 registers set
[14:51:22.908]     INFO: 	TBM Core beta  (1): 7 registers set
[14:51:22.908]     INFO: 16 ROCs (16 ON) with 4160 pixelConfigs
[14:51:22.908]     INFO: 	ROC 0: 19 DACs set, Pixels: 1 masked, 4160 active.
[14:51:22.908]     INFO: 	ROC 1: 19 DACs set, Pixels: 0 masked, 4160 active.
[14:51:22.908]     INFO: 	ROC 2: 19 DACs set, Pixels: 0 masked, 4160 active.
[14:51:22.908]     INFO: 	ROC 3: 19 DACs set, Pixels: 0 masked, 4160 active.
[14:51:22.908]     INFO: 	ROC 4: 19 DACs set, Pixels: 0 masked, 4160 active.
[14:51:22.908]     INFO: 	ROC 5: 19 DACs set, Pixels: 0 masked, 4160 active.
[14:51:22.909]     INFO: 	ROC 6: 19 DACs set, Pixels: 0 masked, 4160 active.
[14:51:22.909]     INFO: 	ROC 7: 19 DACs set, Pixels: 0 masked, 4160 active.
[14:51:22.909]     INFO: 	ROC 8: 19 DACs set, Pixels: 0 masked, 4160 active.
[14:51:22.909]     INFO: 	ROC 9: 19 DACs set, Pixels: 0 masked, 4160 active.
[14:51:22.909]     INFO: 	ROC 10: 19 DACs set, Pixels: 0 masked, 4160 active.
[14:51:22.909]     INFO: 	ROC 11: 19 DACs set, Pixels: 1 masked, 4160 active.
[14:51:22.909]     INFO: 	ROC 12: 19 DACs set, Pixels: 0 masked, 4160 active.
[14:51:22.909]     INFO: 	ROC 13: 19 DACs set, Pixels: 0 masked, 4160 active.
[14:51:22.909]     INFO: 	ROC 14: 19 DACs set, Pixels: 0 masked, 4160 active.
[14:51:22.909]     INFO: 	ROC 15: 19 DACs set, Pixels: 0 masked, 4160 active.
[14:51:22.909]    DEBUG: <PixTestParameters.cc/dump:L104> PixTestParameters: ->BB<-
[14:51:22.909]    DEBUG: <PixTestParameters.cc/dump:L107>   dumpall: checkbox(0)
[14:51:22.909]    DEBUG: <PixTestParameters.cc/dump:L107>   dumpproblematic: checkbox(0)
[14:51:22.909]    DEBUG: <PixTestParameters.cc/dump:L107>   ntrig: 5
[14:51:22.909]    DEBUG: <PixTestParameters.cc/dump:L107>   vcals: 250
[14:51:22.909]    DEBUG: <PixTestParameters.cc/dump:L104> PixTestParameters: ->BB2<-
[14:51:22.909]    DEBUG: <PixTestParameters.cc/dump:L107>   ntrig: 10
[14:51:22.909]    DEBUG: <PixTestParameters.cc/dump:L107>   vcals: 222
[14:51:22.909]    DEBUG: <PixTestParameters.cc/dump:L107>   plwidth: 35
[14:51:22.909]    DEBUG: <PixTestParameters.cc/dump:L107>   pix: 11,20
[14:51:22.909]    DEBUG: <PixTestParameters.cc/dump:L107>   targetia: 24
[14:51:22.909]    DEBUG: <PixTestParameters.cc/dump:L104> PixTestParameters: ->DAQ<-
[14:51:22.909]    DEBUG: <PixTestParameters.cc/dump:L107>   delaytbm: checkbox
[14:51:22.909]    DEBUG: <PixTestParameters.cc/dump:L107>   filltree: checkbox
[14:51:22.909]    DEBUG: <PixTestParameters.cc/dump:L107>   trgfrequency(khz): 100
[14:51:22.909]    DEBUG: <PixTestParameters.cc/dump:L107>   maskhotpixels: button
[14:51:22.909]    DEBUG: <PixTestParameters.cc/dump:L107>   trgnumber: 5
[14:51:22.909]    DEBUG: <PixTestParameters.cc/dump:L107>   iterations: 10
[14:51:22.909]    DEBUG: <PixTestParameters.cc/dump:L107>   rundaqtrg: button
[14:51:22.909]    DEBUG: <PixTestParameters.cc/dump:L107>   daqseconds: 120
[14:51:22.909]    DEBUG: <PixTestParameters.cc/dump:L107>   rundaqseconds: button
[14:51:22.909]    DEBUG: <PixTestParameters.cc/dump:L104> PixTestParameters: ->DacDacScan<-
[14:51:22.909]    DEBUG: <PixTestParameters.cc/dump:L107>   phmap: checkbox
[14:51:22.909]    DEBUG: <PixTestParameters.cc/dump:L107>   ntrig: 10
[14:51:22.909]    DEBUG: <PixTestParameters.cc/dump:L107>   dac1: caldel
[14:51:22.909]    DEBUG: <PixTestParameters.cc/dump:L107>   dac1lo: 0
[14:51:22.909]    DEBUG: <PixTestParameters.cc/dump:L107>   dac1hi: 255
[14:51:22.909]    DEBUG: <PixTestParameters.cc/dump:L107>   dac2: vthrcomp
[14:51:22.909]    DEBUG: <PixTestParameters.cc/dump:L107>   dac2lo: 0
[14:51:22.909]    DEBUG: <PixTestParameters.cc/dump:L107>   dac2hi: 255
[14:51:22.909]    DEBUG: <PixTestParameters.cc/dump:L107>   pix: 11,20
[14:51:22.909]    DEBUG: <PixTestParameters.cc/dump:L104> PixTestParameters: ->DacScan<-
[14:51:22.909]    DEBUG: <PixTestParameters.cc/dump:L107>   phmap: checkbox(1)
[14:51:22.909]    DEBUG: <PixTestParameters.cc/dump:L107>   ntrig: 10
[14:51:22.909]    DEBUG: <PixTestParameters.cc/dump:L107>   dac: vcal
[14:51:22.909]    DEBUG: <PixTestParameters.cc/dump:L107>   daclo: 0
[14:51:22.909]    DEBUG: <PixTestParameters.cc/dump:L107>   dachi: 255
[14:51:22.909]    DEBUG: <PixTestParameters.cc/dump:L107>   pix: 11,20
[14:51:22.909]    DEBUG: <PixTestParameters.cc/dump:L104> PixTestParameters: ->GainPedestal<-
[14:51:22.909]    DEBUG: <PixTestParameters.cc/dump:L107>   showfits: checkbox(0)
[14:51:22.910]    DEBUG: <PixTestParameters.cc/dump:L107>   extended: checkbox(0)
[14:51:22.910]    DEBUG: <PixTestParameters.cc/dump:L107>   dumphists: checkbox(0)
[14:51:22.910]    DEBUG: <PixTestParameters.cc/dump:L107>   ntrig: 10
[14:51:22.910]    DEBUG: <PixTestParameters.cc/dump:L107>   measure: button
[14:51:22.910]    DEBUG: <PixTestParameters.cc/dump:L107>   fit: button
[14:51:22.910]    DEBUG: <PixTestParameters.cc/dump:L107>   save: button
[14:51:22.910]    DEBUG: <PixTestParameters.cc/dump:L104> PixTestParameters: ->HighRate<-
[14:51:22.910]    DEBUG: <PixTestParameters.cc/dump:L107>   pix: 11,20
[14:51:22.910]    DEBUG: <PixTestParameters.cc/dump:L107>   maskhotpixels: button
[14:51:22.910]    DEBUG: <PixTestParameters.cc/dump:L107>   savemaskfile: checkbox(0)
[14:51:22.910]    DEBUG: <PixTestParameters.cc/dump:L107>   maskfilename: default
[14:51:22.910]    DEBUG: <PixTestParameters.cc/dump:L107>   caldelscan: button
[14:51:22.910]    DEBUG: <PixTestParameters.cc/dump:L107>   xpixelalive: button
[14:51:22.910]    DEBUG: <PixTestParameters.cc/dump:L107>   ntrig: 5
[14:51:22.910]    DEBUG: <PixTestParameters.cc/dump:L107>   vcal: 200
[14:51:22.910]    DEBUG: <PixTestParameters.cc/dump:L107>   rundaq: button
[14:51:22.910]    DEBUG: <PixTestParameters.cc/dump:L107>   trgfrequency(khz): 20
[14:51:22.910]    DEBUG: <PixTestParameters.cc/dump:L107>   runseconds: 5
[14:51:22.910]    DEBUG: <PixTestParameters.cc/dump:L107>   triggerdelay: 100
[14:51:22.910]    DEBUG: <PixTestParameters.cc/dump:L107>   delaytbm: checkbox
[14:51:22.910]    DEBUG: <PixTestParameters.cc/dump:L107>   filltree: checkbox
[14:51:22.910]    DEBUG: <PixTestParameters.cc/dump:L104> PixTestParameters: ->IV<-
[14:51:22.910]    DEBUG: <PixTestParameters.cc/dump:L107>   port: /dev/FIXME
[14:51:22.910]    DEBUG: <PixTestParameters.cc/dump:L107>   voltagestart: 0
[14:51:22.910]    DEBUG: <PixTestParameters.cc/dump:L107>   voltagestop: 600
[14:51:22.910]    DEBUG: <PixTestParameters.cc/dump:L107>   voltagestep: 5
[14:51:22.910]    DEBUG: <PixTestParameters.cc/dump:L107>   delay: 1
[14:51:22.910]    DEBUG: <PixTestParameters.cc/dump:L107>   compliance(ua): 100
[14:51:22.910]    DEBUG: <PixTestParameters.cc/dump:L104> PixTestParameters: ->PhOptimization<-
[14:51:22.910]    DEBUG: <PixTestParameters.cc/dump:L107>   ntrig: 10
[14:51:22.910]    DEBUG: <PixTestParameters.cc/dump:L107>   safetymarginlow: 20
[14:51:22.910]    DEBUG: <PixTestParameters.cc/dump:L107>   saturationvcal: 100
[14:51:22.910]    DEBUG: <PixTestParameters.cc/dump:L107>   quantilesaturation: 0.98
[14:51:22.910]    DEBUG: <PixTestParameters.cc/dump:L104> PixTestParameters: ->PixelAlive<-
[14:51:22.910]    DEBUG: <PixTestParameters.cc/dump:L107>   ntrig: 10
[14:51:22.910]    DEBUG: <PixTestParameters.cc/dump:L107>   vcal: 200
[14:51:22.910]    DEBUG: <PixTestParameters.cc/dump:L107>   alivetest: button
[14:51:22.910]    DEBUG: <PixTestParameters.cc/dump:L107>   masktest: button
[14:51:22.910]    DEBUG: <PixTestParameters.cc/dump:L107>   addressdecodingtest: button
[14:51:22.910]    DEBUG: <PixTestParameters.cc/dump:L104> PixTestParameters: ->Pretest<-
[14:51:22.910]    DEBUG: <PixTestParameters.cc/dump:L107>   programroc: button
[14:51:22.910]    DEBUG: <PixTestParameters.cc/dump:L107>   targetia: 24
[14:51:22.910]    DEBUG: <PixTestParameters.cc/dump:L107>   setvana: button
[14:51:22.910]    DEBUG: <PixTestParameters.cc/dump:L107>   iterations: 100
[14:51:22.910]    DEBUG: <PixTestParameters.cc/dump:L107>   settimings: button
[14:51:22.910]    DEBUG: <PixTestParameters.cc/dump:L107>   findworkingpixel: button
[14:51:22.910]    DEBUG: <PixTestParameters.cc/dump:L107>   setvthrcompcaldel: button
[14:51:22.910]    DEBUG: <PixTestParameters.cc/dump:L107>   pix: 11,20
[14:51:22.910]    DEBUG: <PixTestParameters.cc/dump:L107>   vcal: 250
[14:51:22.910]    DEBUG: <PixTestParameters.cc/dump:L107>   deltavthrcomp: 50
[14:51:22.910]    DEBUG: <PixTestParameters.cc/dump:L107>   fraccaldel: 0.5
[14:51:22.910]    DEBUG: <PixTestParameters.cc/dump:L107>   ntrig: 5
[14:51:22.910]    DEBUG: <PixTestParameters.cc/dump:L107>   savedacs: button
[14:51:22.910]    DEBUG: <PixTestParameters.cc/dump:L104> PixTestParameters: ->Readback<-
[14:51:22.910]    DEBUG: <PixTestParameters.cc/dump:L107>   calibratevd: button
[14:51:22.910]    DEBUG: <PixTestParameters.cc/dump:L107>   calibrateva: button
[14:51:22.910]    DEBUG: <PixTestParameters.cc/dump:L107>   calibrateia: button
[14:51:22.910]    DEBUG: <PixTestParameters.cc/dump:L107>   readbackvbg: button
[14:51:22.910]    DEBUG: <PixTestParameters.cc/dump:L107>   getcalibratedvbg: button
[14:51:22.910]    DEBUG: <PixTestParameters.cc/dump:L107>   usecalvd: checkbox(1)
[14:51:22.910]    DEBUG: <PixTestParameters.cc/dump:L107>   usecalva: checkbox(0)
[14:51:22.910]    DEBUG: <PixTestParameters.cc/dump:L107>   getcalibratedia: button
[14:51:22.910]    DEBUG: <PixTestParameters.cc/dump:L107>   setvana: button
[14:51:22.910]    DEBUG: <PixTestParameters.cc/dump:L104> PixTestParameters: ->Scurves<-
[14:51:22.910]    DEBUG: <PixTestParameters.cc/dump:L107>   adjustvcal: checkbox(1)
[14:51:22.910]    DEBUG: <PixTestParameters.cc/dump:L107>   dumpall: checkbox(0)
[14:51:22.910]    DEBUG: <PixTestParameters.cc/dump:L107>   dumpproblematic: checkbox(0)
[14:51:22.910]    DEBUG: <PixTestParameters.cc/dump:L107>   ntrig: 50
[14:51:22.910]    DEBUG: <PixTestParameters.cc/dump:L107>   dac: VthrComp
[14:51:22.910]    DEBUG: <PixTestParameters.cc/dump:L107>   daclo: 0
[14:51:22.910]    DEBUG: <PixTestParameters.cc/dump:L107>   dachi: 200
[14:51:22.910]    DEBUG: <PixTestParameters.cc/dump:L107>   dacs/step: 10
[14:51:22.910]    DEBUG: <PixTestParameters.cc/dump:L107>   scurves: button
[14:51:22.910]    DEBUG: <PixTestParameters.cc/dump:L104> PixTestParameters: ->Timing<-
[14:51:22.910]    DEBUG: <PixTestParameters.cc/dump:L107>   fastscan: checkbox(0)
[14:51:22.910]    DEBUG: <PixTestParameters.cc/dump:L107>   targetclk: 4
[14:51:22.911]    DEBUG: <PixTestParameters.cc/dump:L107>   ntrig: 10
[14:51:22.911]    DEBUG: <PixTestParameters.cc/dump:L107>   clocksdascan: button
[14:51:22.911]    DEBUG: <PixTestParameters.cc/dump:L107>   phasescan: button
[14:51:22.911]    DEBUG: <PixTestParameters.cc/dump:L107>   levelscan: button
[14:51:22.911]    DEBUG: <PixTestParameters.cc/dump:L107>   saveparameters: button
[14:51:22.911]    DEBUG: <PixTestParameters.cc/dump:L107>   timingtest: button
[14:51:22.911]    DEBUG: <PixTestParameters.cc/dump:L104> PixTestParameters: ->Trim<-
[14:51:22.911]    DEBUG: <PixTestParameters.cc/dump:L107>   trim: button
[14:51:22.911]    DEBUG: <PixTestParameters.cc/dump:L107>   ntrig: 10
[14:51:22.911]    DEBUG: <PixTestParameters.cc/dump:L107>   vcal: 35
[14:51:22.911]    DEBUG: <PixTestParameters.cc/dump:L107>   trimbits: button
[14:51:22.911]    DEBUG: <PixTestParameters.cc/dump:L104> PixTestParameters: ->Xray<-
[14:51:22.911]    DEBUG: <PixTestParameters.cc/dump:L107>   maskhotpixels: button
[14:51:22.911]    DEBUG: <PixTestParameters.cc/dump:L107>   savemaskfile: checkbox(0)
[14:51:22.911]    DEBUG: <PixTestParameters.cc/dump:L107>   maskfilename: default
[14:51:22.911]    DEBUG: <PixTestParameters.cc/dump:L107>   source: Ag
[14:51:22.911]    DEBUG: <PixTestParameters.cc/dump:L107>   phrun: button
[14:51:22.911]    DEBUG: <PixTestParameters.cc/dump:L107>   runseconds: 100
[14:51:22.911]    DEBUG: <PixTestParameters.cc/dump:L107>   trgfrequency(khz): 100
[14:51:22.911]    DEBUG: <PixTestParameters.cc/dump:L107>   ratescan: button
[14:51:22.911]    DEBUG: <PixTestParameters.cc/dump:L107>   vthrcompmin: 10
[14:51:22.911]    DEBUG: <PixTestParameters.cc/dump:L107>   vthrcompmax: 80
[14:51:22.911]    DEBUG: <PixTestParameters.cc/dump:L107>   stepseconds: 5
[14:51:22.911]    DEBUG: <PixTestParameters.cc/dump:L107>   delaytbm: checkbox
[14:51:22.911]    DEBUG: <PixTestParameters.cc/dump:L107>   filltree: checkbox
[14:51:22.911]    DEBUG: <PixSetup.cc/init:L81> PixSetup init start; getCurrentRSS() = 34807808
[14:51:22.911]    DEBUG: <PixSetup.cc/init:L87> fPixTestParameters = 0x22d1f80
[14:51:22.911]    DEBUG: <PixSetup.cc/init:L88>  fConfigParameters = 0x2215890
[14:51:22.911]    DEBUG: <PixSetup.cc/init:L89>        fPxarMemory = 0x7f958dd94010
[14:51:22.911]    DEBUG: <PixSetup.cc/init:L90>         fPxarMemHi = 0x7f9593fff510
[14:51:22.911]    DEBUG: <PixSetup.cc/init:L106> PixSetup init done;  getCurrentRSS() = 34816000 fPxarMemory = 0x7f958dd94010
[14:51:23.401]    DEBUG: <PixGui.cc/hvOn:L457> HV set On: 0x28ac620
[14:51:23.462]    DEBUG: <PixTestFactory.cc/PixTestFactory:L50> PixTestFactory::PixTestFactory()
[14:51:23.462]    DEBUG: <PixTestBBMap.cc/init:L78> PixTestBBMap::init()
[14:51:23.463]    DEBUG: <PixTestBBMap.cc/PixTestBBMap:L26> PixTestBBMap ctor(PixSetup &a, string, TGTab *)
[14:51:23.468]    DEBUG: <PixTestBB2Map.cc/setParameter:L57> setting fTargetIa    = 24 mA/ROC
[14:51:23.468]    DEBUG: <PixTestBB2Map.cc/init:L96> PixTestBB2Map::init()
[14:51:23.469]    DEBUG: <PixTestBB2Map.cc/PixTestBB2Map:L28> PixTestBB2Map ctor(PixSetup &a, string, TGTab *)
[14:51:23.479]    DEBUG: <PixTestDaq.cc/init:L43> PixTestDaq::init()
[14:51:23.479]    DEBUG: <PixTestDaq.cc/PixTestDaq:L21> PixTestDaq ctor(PixSetup &a, string, TGTab *)
[14:51:23.479]     INFO:       reading data/yhc691015sn2p7/phCalibrationFitErr35_C0.dat
[14:51:23.496]     INFO:       reading data/yhc691015sn2p7/phCalibrationFitErr35_C1.dat
[14:51:23.508]     INFO:       reading data/yhc691015sn2p7/phCalibrationFitErr35_C2.dat
[14:51:23.521]     INFO:       reading data/yhc691015sn2p7/phCalibrationFitErr35_C3.dat
[14:51:23.534]     INFO:       reading data/yhc691015sn2p7/phCalibrationFitErr35_C4.dat
[14:51:23.546]     INFO:       reading data/yhc691015sn2p7/phCalibrationFitErr35_C5.dat
[14:51:23.562]     INFO:       reading data/yhc691015sn2p7/phCalibrationFitErr35_C6.dat
[14:51:23.574]     INFO:       reading data/yhc691015sn2p7/phCalibrationFitErr35_C7.dat
[14:51:23.590]     INFO:       reading data/yhc691015sn2p7/phCalibrationFitErr35_C8.dat
[14:51:23.603]     INFO:       reading data/yhc691015sn2p7/phCalibrationFitErr35_C9.dat
[14:51:23.616]     INFO:       reading data/yhc691015sn2p7/phCalibrationFitErr35_C10.dat
[14:51:23.628]     INFO:       reading data/yhc691015sn2p7/phCalibrationFitErr35_C11.dat
[14:51:23.643]     INFO:       reading data/yhc691015sn2p7/phCalibrationFitErr35_C12.dat
[14:51:23.656]     INFO:       reading data/yhc691015sn2p7/phCalibrationFitErr35_C13.dat
[14:51:23.668]     INFO:       reading data/yhc691015sn2p7/phCalibrationFitErr35_C14.dat
[14:51:23.681]     INFO:       reading data/yhc691015sn2p7/phCalibrationFitErr35_C15.dat
[14:51:23.704]    DEBUG: <PixTestDacDacScan.cc/init:L102> PixTestDacDacScan::init()
[14:51:23.704]    DEBUG: <PixTestDacDacScan.cc/PixTestDacDacScan:L21> PixTestDacDacScan ctor(PixSetup &a, string, TGTab *)
[14:51:23.725]    DEBUG: <PixTestHighRate.cc/setParameter:L66>   setting fParTriggerFrequency -> 20
[14:51:23.725]    DEBUG: <PixTestHighRate.cc/init:L156> PixTestHighRate::init()
[14:51:23.725]    DEBUG: <PixTestHighRate.cc/PixTestHighRate:L29> PixTestHighRate ctor(PixSetup &a, string, TGTab *)
[14:51:23.741]    DEBUG: <PixTest.cc/setTestParameter:L577>  setting  ntrig to new value 10
[14:51:23.741]    DEBUG: <PixTestPhOptimization.cc/setParameter:L36>   setting fParNtrig  ->10<- from sval = 10
[14:51:23.741]    DEBUG: <PixTestPhOptimization.cc/setParameter:L41>   setting fSafetyMarginLow  ->20<- from sval = 20
[14:51:23.741]    DEBUG: <PixTestPhOptimization.cc/setParameter:L47>   setting fVcalMax  ->100<- from sval = 100
[14:51:23.741]    DEBUG: <PixTestPhOptimization.cc/setParameter:L52>   setting fQuantMax  ->0.98<- from sval = 0.98
[14:51:23.753]    DEBUG: <PixTestAlive.cc/init:L76> PixTestAlive::init()
[14:51:23.753]    DEBUG: <PixTestAlive.cc/PixTestAlive:L20> PixTestAlive ctor(PixSetup &a, string, TGTab *)
[14:51:23.767]    DEBUG: <PixTestReadback.cc/setParameter:L184> fCalwVd set to 1
[14:51:23.767]    DEBUG: <PixTestReadback.cc/init:L96> PixTestReadback::init()
[14:51:23.767]    DEBUG: <PixTestReadback.cc/PixTestReadback:L22> PixTestReadback ctor(PixSetup &a, string, TGTab *)
[14:51:23.767]     INFO:       reading data/yhc691015sn2p7/readbackCal_C0.dat
[14:51:23.767]     INFO:       reading data/yhc691015sn2p7/readbackCal_C1.dat
[14:51:23.767]     INFO:       reading data/yhc691015sn2p7/readbackCal_C2.dat
[14:51:23.767]     INFO:       reading data/yhc691015sn2p7/readbackCal_C3.dat
[14:51:23.767]     INFO:       reading data/yhc691015sn2p7/readbackCal_C4.dat
[14:51:23.767]     INFO:       reading data/yhc691015sn2p7/readbackCal_C5.dat
[14:51:23.767]     INFO:       reading data/yhc691015sn2p7/readbackCal_C6.dat
[14:51:23.767]     INFO:       reading data/yhc691015sn2p7/readbackCal_C7.dat
[14:51:23.767]     INFO:       reading data/yhc691015sn2p7/readbackCal_C8.dat
[14:51:23.768]     INFO:       reading data/yhc691015sn2p7/readbackCal_C9.dat
[14:51:23.768]     INFO:       reading data/yhc691015sn2p7/readbackCal_C10.dat
[14:51:23.768]     INFO:       reading data/yhc691015sn2p7/readbackCal_C11.dat
[14:51:23.768]     INFO:       reading data/yhc691015sn2p7/readbackCal_C12.dat
[14:51:23.768]     INFO:       reading data/yhc691015sn2p7/readbackCal_C13.dat
[14:51:23.768]     INFO:       reading data/yhc691015sn2p7/readbackCal_C14.dat
[14:51:23.768]     INFO:       reading data/yhc691015sn2p7/readbackCal_C15.dat
[14:51:23.786]    DEBUG: <PixTestTiming.cc/setParameter:L45> fFastScan: 0
[14:51:23.787]    DEBUG: <PixTestTiming.cc/setParameter:L50> PixTestTiming::PixTest() targetclk = 4
[14:51:23.787]    DEBUG: <PixTestTiming.cc/setParameter:L54> PixTestTiming::PixTest() ntrig = 10
[14:51:23.787]    DEBUG: <PixTestTiming.cc/init:L64> PixTestTiming::init()
[14:51:23.797]    DEBUG: <PixTestXray.cc/init:L132> PixTestXray::init()
[14:51:23.797]    DEBUG: <PixTestXray.cc/PixTestXray:L26> PixTestXray ctor(PixSetup &a, string, TGTab *)
[14:51:26.240]     INFO: ######################################################################
[14:51:26.240]     INFO: PixTestHighRate::doTest()
[14:51:26.240]     INFO: ######################################################################
[14:51:26.240]     INFO:    ----------------------------------------------------------------------
[14:51:26.240]     INFO:    PixTestHighRate::calDelScan() ntrig = 10, vcal = 200
[14:51:26.240]     INFO:    ----------------------------------------------------------------------
[14:51:27.320]     INFO: Test took 1075ms.
[14:51:27.324]     INFO:       reading data/yhc691015sn2p7/defaultMaskFile.dat
[14:51:27.324]     INFO: ROC 0 masking pixel 40/52
[14:51:27.324]     INFO: ROC 11 masking pixel 50/51
[14:51:27.324]  WARNING: Pattern generator does not contain a trigger signal. No data is expected from the DUT!
[14:51:31.487]     INFO: IGNORE THE WARNING ABOVE (resetROC sent)!
[14:51:31.691]    DEBUG: <PixTest.cc/xEfficiencyMaps:L1875>       attempt #0
[14:51:35.357]     INFO: Test took 3666ms.
[14:51:35.704]     INFO: Fetched DAQ statistics. Counters are being reset now.
[14:51:35.773]    DEBUG: <PixTest.cc/xEfficiencyMaps:L1936> Size of results from : PixTestHighRate::xEfficiencyMaps: 1030952
[14:51:35.778]    DEBUG: <PixTest.cc/xEfficiencyMaps:L1875>       attempt #0
[14:51:39.509]     INFO: Test took 3731ms.
[14:51:39.860]     INFO: Fetched DAQ statistics. Counters are being reset now.
[14:51:39.927]    DEBUG: <PixTest.cc/xEfficiencyMaps:L1936> Size of results from : PixTestHighRate::xEfficiencyMaps: 1034761
[14:51:39.933]    DEBUG: <PixTest.cc/xEfficiencyMaps:L1875>       attempt #0
[14:51:43.674]     INFO: Test took 3741ms.
[14:51:44.029]     INFO: Fetched DAQ statistics. Counters are being reset now.
[14:51:44.097]    DEBUG: <PixTest.cc/xEfficiencyMaps:L1936> Size of results from : PixTestHighRate::xEfficiencyMaps: 1038884
[14:51:44.103]    DEBUG: <PixTest.cc/xEfficiencyMaps:L1875>       attempt #0
[14:51:47.881]     INFO: Test took 3778ms.
[14:51:48.234]     INFO: Fetched DAQ statistics. Counters are being reset now.
[14:51:48.302]    DEBUG: <PixTest.cc/xEfficiencyMaps:L1936> Size of results from : PixTestHighRate::xEfficiencyMaps: 1037912
[14:51:48.308]    DEBUG: <PixTest.cc/xEfficiencyMaps:L1875>       attempt #0
[14:51:52.086]     INFO: Test took 3778ms.
[14:51:52.438]     INFO: Fetched DAQ statistics. Counters are being reset now.
[14:51:52.507]    DEBUG: <PixTest.cc/xEfficiencyMaps:L1936> Size of results from : PixTestHighRate::xEfficiencyMaps: 1038034
[14:51:52.513]    DEBUG: <PixTest.cc/xEfficiencyMaps:L1875>       attempt #0
[14:51:56.306]     INFO: Test took 3793ms.
[14:51:56.660]     INFO: Fetched DAQ statistics. Counters are being reset now.
[14:51:56.729]    DEBUG: <PixTest.cc/xEfficiencyMaps:L1936> Size of results from : PixTestHighRate::xEfficiencyMaps: 1039487
[14:51:56.735]    DEBUG: <PixTest.cc/xEfficiencyMaps:L1875>       attempt #0
[14:52:00.546]     INFO: Test took 3811ms.
[14:52:00.901]     INFO: Fetched DAQ statistics. Counters are being reset now.
[14:52:00.971]    DEBUG: <PixTest.cc/xEfficiencyMaps:L1936> Size of results from : PixTestHighRate::xEfficiencyMaps: 1039123
[14:52:00.977]    DEBUG: <PixTest.cc/xEfficiencyMaps:L1875>       attempt #0
[14:52:04.759]     INFO: Test took 3782ms.
[14:52:05.116]     INFO: Fetched DAQ statistics. Counters are being reset now.
[14:52:05.185]    DEBUG: <PixTest.cc/xEfficiencyMaps:L1936> Size of results from : PixTestHighRate::xEfficiencyMaps: 1041381
[14:52:05.191]    DEBUG: <PixTest.cc/xEfficiencyMaps:L1875>       attempt #0
[14:52:08.989]     INFO: Test took 3798ms.
[14:52:09.345]     INFO: Fetched DAQ statistics. Counters are being reset now.
[14:52:09.416]    DEBUG: <PixTest.cc/xEfficiencyMaps:L1936> Size of results from : PixTestHighRate::xEfficiencyMaps: 1044518
[14:52:09.422]    DEBUG: <PixTest.cc/xEfficiencyMaps:L1875>       attempt #0
[14:52:13.222]     INFO: Test took 3800ms.
[14:52:13.578]     INFO: Fetched DAQ statistics. Counters are being reset now.
[14:52:13.647]    DEBUG: <PixTest.cc/xEfficiencyMaps:L1936> Size of results from : PixTestHighRate::xEfficiencyMaps: 1041501
[14:52:13.653]    DEBUG: <PixTest.cc/xEfficiencyMaps:L1875>       attempt #0
[14:52:17.436]     INFO: Test took 3783ms.
[14:52:17.790]     INFO: Fetched DAQ statistics. Counters are being reset now.
[14:52:17.859]    DEBUG: <PixTest.cc/xEfficiencyMaps:L1936> Size of results from : PixTestHighRate::xEfficiencyMaps: 1040785
[14:52:17.865]    DEBUG: <PixTest.cc/xEfficiencyMaps:L1875>       attempt #0
[14:52:21.662]     INFO: Test took 3797ms.
[14:52:22.015]     INFO: Fetched DAQ statistics. Counters are being reset now.
[14:52:22.084]    DEBUG: <PixTest.cc/xEfficiencyMaps:L1936> Size of results from : PixTestHighRate::xEfficiencyMaps: 1040449
[14:52:22.090]    DEBUG: <PixTest.cc/xEfficiencyMaps:L1875>       attempt #0
[14:52:25.887]     INFO: Test took 3797ms.
[14:52:26.240]     INFO: Fetched DAQ statistics. Counters are being reset now.
[14:52:26.309]    DEBUG: <PixTest.cc/xEfficiencyMaps:L1936> Size of results from : PixTestHighRate::xEfficiencyMaps: 1039069
[14:52:26.316]    DEBUG: <PixTest.cc/xEfficiencyMaps:L1875>       attempt #0
[14:52:30.115]     INFO: Test took 3799ms.
[14:52:30.473]     INFO: Fetched DAQ statistics. Counters are being reset now.
[14:52:30.542]    DEBUG: <PixTest.cc/xEfficiencyMaps:L1936> Size of results from : PixTestHighRate::xEfficiencyMaps: 1040724
[14:52:30.548]    DEBUG: <PixTest.cc/xEfficiencyMaps:L1875>       attempt #0
[14:52:34.329]     INFO: Test took 3781ms.
[14:52:34.685]     INFO: Fetched DAQ statistics. Counters are being reset now.
[14:52:34.754]    DEBUG: <PixTest.cc/xEfficiencyMaps:L1936> Size of results from : PixTestHighRate::xEfficiencyMaps: 1042429
[14:52:34.760]    DEBUG: <PixTest.cc/xEfficiencyMaps:L1875>       attempt #0
[14:52:38.558]     INFO: Test took 3798ms.
[14:52:38.912]     INFO: Fetched DAQ statistics. Counters are being reset now.
[14:52:38.980]    DEBUG: <PixTest.cc/xEfficiencyMaps:L1936> Size of results from : PixTestHighRate::xEfficiencyMaps: 1041578
[14:52:38.986]    DEBUG: <PixTest.cc/xEfficiencyMaps:L1875>       attempt #0
[14:52:42.794]     INFO: Test took 3808ms.
[14:52:43.151]     INFO: Fetched DAQ statistics. Counters are being reset now.
[14:52:43.219]    DEBUG: <PixTest.cc/xEfficiencyMaps:L1936> Size of results from : PixTestHighRate::xEfficiencyMaps: 1040486
[14:52:43.226]    DEBUG: <PixTest.cc/xEfficiencyMaps:L1875>       attempt #0
[14:52:47.003]     INFO: Test took 3777ms.
[14:52:47.356]     INFO: Fetched DAQ statistics. Counters are being reset now.
[14:52:47.425]    DEBUG: <PixTest.cc/xEfficiencyMaps:L1936> Size of results from : PixTestHighRate::xEfficiencyMaps: 1038022
[14:52:47.432]    DEBUG: <PixTest.cc/xEfficiencyMaps:L1875>       attempt #0
[14:52:51.181]     INFO: Test took 3749ms.
[14:52:51.534]     INFO: Fetched DAQ statistics. Counters are being reset now.
[14:52:51.603]    DEBUG: <PixTest.cc/xEfficiencyMaps:L1936> Size of results from : PixTestHighRate::xEfficiencyMaps: 1041055
[14:52:51.609]    DEBUG: <PixTest.cc/xEfficiencyMaps:L1875>       attempt #0
[14:52:55.237]     INFO: Test took 3628ms.
[14:52:55.579]     INFO: Fetched DAQ statistics. Counters are being reset now.
[14:52:55.647]    DEBUG: <PixTest.cc/xEfficiencyMaps:L1936> Size of results from : PixTestHighRate::xEfficiencyMaps: 1031179
[14:52:55.869]    DEBUG: <PixTestHighRate.cc/doCalDelScan:L378> roc  0: caldel = 147 eff = 0.998846
[14:52:55.869]    DEBUG: <PixTestHighRate.cc/doCalDelScan:L378> roc  1: caldel = 153 eff = 0.998245
[14:52:55.869]    DEBUG: <PixTestHighRate.cc/doCalDelScan:L378> roc  2: caldel = 129 eff = 0.995192
[14:52:55.869]    DEBUG: <PixTestHighRate.cc/doCalDelScan:L378> roc  3: caldel = 131 eff = 0.990529
[14:52:55.870]    DEBUG: <PixTestHighRate.cc/doCalDelScan:L378> roc  4: caldel = 121 eff = 0.989231
[14:52:55.870]    DEBUG: <PixTestHighRate.cc/doCalDelScan:L378> roc  5: caldel = 167 eff = 0.988221
[14:52:55.870]    DEBUG: <PixTestHighRate.cc/doCalDelScan:L378> roc  6: caldel = 125 eff = 0.988029
[14:52:55.870]    DEBUG: <PixTestHighRate.cc/doCalDelScan:L378> roc  7: caldel = 127 eff = 0.992933
[14:52:55.870]    DEBUG: <PixTestHighRate.cc/doCalDelScan:L378> roc  8: caldel = 160 eff = 0.992019
[14:52:55.870]    DEBUG: <PixTestHighRate.cc/doCalDelScan:L378> roc  9: caldel = 178 eff = 0.985457
[14:52:55.870]    DEBUG: <PixTestHighRate.cc/doCalDelScan:L378> roc 10: caldel = 144 eff = 0.985865
[14:52:55.870]    DEBUG: <PixTestHighRate.cc/doCalDelScan:L378> roc 11: caldel = 122 eff = 0.98762
[14:52:55.871]    DEBUG: <PixTestHighRate.cc/doCalDelScan:L378> roc 12: caldel = 153 eff = 0.988341
[14:52:55.871]    DEBUG: <PixTestHighRate.cc/doCalDelScan:L378> roc 13: caldel = 171 eff = 0.993846
[14:52:55.871]    DEBUG: <PixTestHighRate.cc/doCalDelScan:L378> roc 14: caldel = 153 eff = 0.997524
[14:52:55.871]    DEBUG: <PixTestHighRate.cc/doCalDelScan:L378> roc 15: caldel = 123 eff = 0.998582
[14:52:55.905]     INFO:    ----------------------------------------------------------------------
[14:52:55.905]     INFO:    PixTestHighRate::xPixelAlive() ntrig = 5, vcal = 200
[14:52:55.905]     INFO:    ----------------------------------------------------------------------
[14:52:55.905]    DEBUG: <PixTestHighRate.cc/doXPixelAlive:L406>  old set: clk: 4
[14:52:55.905]    DEBUG: <PixTestHighRate.cc/doXPixelAlive:L406>  old set: ctr: 4
[14:52:55.905]    DEBUG: <PixTestHighRate.cc/doXPixelAlive:L406>  old set: sda: 19
[14:52:55.905]    DEBUG: <PixTestHighRate.cc/doXPixelAlive:L406>  old set: tin: 9
[14:52:55.905]    DEBUG: <PixTestHighRate.cc/doXPixelAlive:L406>  old set: level: 15
[14:52:55.905]    DEBUG: <PixTestHighRate.cc/doXPixelAlive:L406>  old set: triggerdelay: 0
[14:52:55.905]    DEBUG: <PixTestHighRate.cc/doXPixelAlive:L422>  setting: clk: 4
[14:52:55.905]    DEBUG: <PixTestHighRate.cc/doXPixelAlive:L422>  setting: ctr: 4
[14:52:55.905]    DEBUG: <PixTestHighRate.cc/doXPixelAlive:L422>  setting: sda: 19
[14:52:55.905]    DEBUG: <PixTestHighRate.cc/doXPixelAlive:L422>  setting: tin: 9
[14:52:55.905]    DEBUG: <PixTestHighRate.cc/doXPixelAlive:L422>  setting: level: 15
[14:52:55.905]    DEBUG: <PixTestHighRate.cc/doXPixelAlive:L422>  setting: triggerdelay: 100
[14:52:55.932]     INFO:       reading data/yhc691015sn2p7/defaultMaskFile.dat
[14:52:55.932]     INFO: ROC 0 masking pixel 40/52
[14:52:55.932]     INFO: ROC 11 masking pixel 50/51
[14:52:55.932]  WARNING: Pattern generator does not contain a trigger signal. No data is expected from the DUT!
[14:52:59.905]     INFO: IGNORE THE WARNING ABOVE (resetROC sent)!
[14:53:00.100]    DEBUG: <PixTest.cc/xEfficiencyMaps:L1875>       attempt #0
[14:53:03.305]     INFO: Test took 3205ms.
[14:53:03.473]     INFO: Fetched DAQ statistics. Counters are being reset now.
[14:53:03.511]    DEBUG: <PixTest.cc/xEfficiencyMaps:L1936> Size of results from : PixTestHighRate::xEfficiencyMaps: 554975
[14:53:03.738]     INFO: number of dead pixels (per ROC):     2    0    0    0    0    0    0    0    0    2    0    1    0    0    0    0
[14:53:03.738]     INFO: number of red-efficiency pixels:    14   31  113  196  214  193  235  165  142  306  283  267  227  124   32   22
[14:53:03.738]     INFO: number of X-ray hits detected:    5807 14530 25304 38625 40811 41901 41831 29328 29785 45177 44193 40698 40703 27458 15817 6452
[14:53:03.738]     INFO: number of triggers sent (total per ROC):  20800 20800 20800 20800 20800 20800 20800 20800 20800 20800 20800 20800 20800 20800 20800 20800
[14:53:03.738]     INFO: number of Vcal hits detected:  20778 20769 20683 20600 20583 20600 20560 20629 20655 20469 20506 20526 20566 20673 20768 20777
[14:53:03.738]     INFO: Vcal hit fiducial efficiency (%):  99.9 99.9 99.5 99.1 99.0 99.2 98.9 99.3 99.4 98.7 98.7 98.8 98.9 99.5 99.9 99.9
[14:53:03.738]     INFO: Vcal hit overall efficiency (%):  99.9 99.9 99.4 99.0 99.0 99.0 98.8 99.2 99.3 98.4 98.6 98.7 98.9 99.4 99.8 99.9
[14:53:03.738]     INFO: X-ray hit rate [MHz/cm2]:  17.0 42.6 74.2 113.2 119.6 122.8 122.6 86.0 87.3 132.4 129.5 119.3 119.3 80.5 46.4 18.9
[14:53:03.738]     INFO: PixTestHighRate::doXPixelAlive() done
[14:53:03.776]    DEBUG: <PixTestHighRate.cc/doXPixelAlive:L541>  resetting: clk: 4
[14:53:03.776]    DEBUG: <PixTestHighRate.cc/doXPixelAlive:L541>  resetting: ctr: 4
[14:53:03.776]    DEBUG: <PixTestHighRate.cc/doXPixelAlive:L541>  resetting: sda: 19
[14:53:03.776]    DEBUG: <PixTestHighRate.cc/doXPixelAlive:L541>  resetting: tin: 9
[14:53:03.776]    DEBUG: <PixTestHighRate.cc/doXPixelAlive:L541>  resetting: level: 15
[14:53:03.776]    DEBUG: <PixTestHighRate.cc/doXPixelAlive:L541>  resetting: triggerdelay: 0
[14:53:03.776]     INFO: PixTest::       pg_setup set to default.
[14:53:03.777]     INFO:    ----------------------------------------------------------------------
[14:53:03.777]     INFO:    PixTestHighRate::runDaq() running for 5 seconds
[14:53:03.777]     INFO:    ----------------------------------------------------------------------
[14:53:03.794]     INFO:       reading data/yhc691015sn2p7/defaultMaskFile.dat
[14:53:03.794]     INFO: ROC 0 masking pixel 40/52
[14:53:03.794]     INFO: ROC 11 masking pixel 50/51
[14:53:03.794]    DEBUG: <PixTestHighRate.cc/doRunDaq:L583>  old set: clk: 4
[14:53:03.794]    DEBUG: <PixTestHighRate.cc/doRunDaq:L583>  old set: ctr: 4
[14:53:03.795]    DEBUG: <PixTestHighRate.cc/doRunDaq:L583>  old set: sda: 19
[14:53:03.795]    DEBUG: <PixTestHighRate.cc/doRunDaq:L583>  old set: tin: 9
[14:53:03.795]    DEBUG: <PixTestHighRate.cc/doRunDaq:L583>  old set: level: 15
[14:53:03.795]    DEBUG: <PixTestHighRate.cc/doRunDaq:L583>  old set: triggerdelay: 0
[14:53:03.795]    DEBUG: <PixTestHighRate.cc/doRunDaq:L599>  setting: clk: 4
[14:53:03.795]    DEBUG: <PixTestHighRate.cc/doRunDaq:L599>  setting: ctr: 4
[14:53:03.795]    DEBUG: <PixTestHighRate.cc/doRunDaq:L599>  setting: sda: 19
[14:53:03.795]    DEBUG: <PixTestHighRate.cc/doRunDaq:L599>  setting: tin: 9
[14:53:03.795]    DEBUG: <PixTestHighRate.cc/doRunDaq:L599>  setting: level: 15
[14:53:03.795]    DEBUG: <PixTestHighRate.cc/doRunDaq:L599>  setting: triggerdelay: 100
[14:53:03.795]  WARNING: Pattern generator does not contain a trigger signal. No data is expected from the DUT!
[14:53:04.767]     INFO: IGNORE THE WARNING ABOVE (resetROC sent)!
[14:53:05.944]     INFO: PixTestHighRate::doHitMap start TriggerLoop with trigger frequency 20 kHz, period 2011 and duration 5 seconds
[14:53:10.947]     INFO: data taking finished, elapsed time: 5 seconds.
[14:53:14.596]    DEBUG: <PixTestHighRate.cc/fillMap:L699> Processing Data: 99460 events with 2294861 pixels
[14:53:14.612]     INFO: PixTest::       pg_setup set to default.
[14:53:14.636]    DEBUG: <PixTestHighRate.cc/doRunDaq:L617> analyzing hitMap_daqbbtest_C0_V0
[14:53:14.636]    DEBUG: <PixTestHighRate.cc/doRunDaq:L617> analyzing hitMap_daqbbtest_C1_V0
[14:53:14.636]    DEBUG: <PixTestHighRate.cc/doRunDaq:L617> analyzing hitMap_daqbbtest_C2_V0
[14:53:14.636]    DEBUG: <PixTestHighRate.cc/doRunDaq:L617> analyzing hitMap_daqbbtest_C3_V0
[14:53:14.636]    DEBUG: <PixTestHighRate.cc/doRunDaq:L617> analyzing hitMap_daqbbtest_C4_V0
[14:53:14.636]    DEBUG: <PixTestHighRate.cc/doRunDaq:L617> analyzing hitMap_daqbbtest_C5_V0
[14:53:14.637]    DEBUG: <PixTestHighRate.cc/doRunDaq:L617> analyzing hitMap_daqbbtest_C6_V0
[14:53:14.637]    DEBUG: <PixTestHighRate.cc/doRunDaq:L617> analyzing hitMap_daqbbtest_C7_V0
[14:53:14.637]    DEBUG: <PixTestHighRate.cc/doRunDaq:L617> analyzing hitMap_daqbbtest_C8_V0
[14:53:14.637]    DEBUG: <PixTestHighRate.cc/doRunDaq:L617> analyzing hitMap_daqbbtest_C9_V0
[14:53:14.637]    DEBUG: <PixTestHighRate.cc/doRunDaq:L617> analyzing hitMap_daqbbtest_C10_V0
[14:53:14.637]    DEBUG: <PixTestHighRate.cc/doRunDaq:L617> analyzing hitMap_daqbbtest_C11_V0
[14:53:14.637]    DEBUG: <PixTestHighRate.cc/doRunDaq:L617> analyzing hitMap_daqbbtest_C12_V0
[14:53:14.637]    DEBUG: <PixTestHighRate.cc/doRunDaq:L617> analyzing hitMap_daqbbtest_C13_V0
[14:53:14.637]    DEBUG: <PixTestHighRate.cc/doRunDaq:L617> analyzing hitMap_daqbbtest_C14_V0
[14:53:14.638]    DEBUG: <PixTestHighRate.cc/doRunDaq:L617> analyzing hitMap_daqbbtest_C15_V0
[14:53:14.638]    DEBUG: <PixTestHighRate.cc/doRunDaq:L629>  resetting: clk: 4
[14:53:14.638]    DEBUG: <PixTestHighRate.cc/doRunDaq:L629>  resetting: ctr: 4
[14:53:14.638]    DEBUG: <PixTestHighRate.cc/doRunDaq:L629>  resetting: sda: 19
[14:53:14.638]    DEBUG: <PixTestHighRate.cc/doRunDaq:L629>  resetting: tin: 9
[14:53:14.638]    DEBUG: <PixTestHighRate.cc/doRunDaq:L629>  resetting: level: 15
[14:53:14.638]    DEBUG: <PixTestHighRate.cc/doRunDaq:L629>  resetting: triggerdelay: 0
[14:53:14.638]     INFO: Pixels without X-ray hits (per ROC):  1324   353   177    12    16    13    10   204   151    11     9    28     9   162   299  1406 
[14:53:14.638]     INFO: PixTestHighRate::doRunDaq() done
[14:53:14.638]     INFO: PixTestHighRate::doTest() done 
[14:53:21.568]    DEBUG: <PixTest.cc/moduleMap:L943> moduleMap histname: what
[14:53:21.568]    DEBUG: <PixTest.cc/moduleMap:L953> h1->GetName() = hitMap_daqbbtest_C13_V0 -> hitMap_daqbbtest_mod
[14:53:25.200]    DEBUG: <PixGui.cc/handleButtons:L393> PixGui::exit called
[14:53:25.200]    DEBUG: <PixTestBBMap.cc/~PixTestBBMap:L96> PixTestBBMap dtor
[14:53:25.200]    DEBUG: <PixTestBB2Map.cc/~PixTestBB2Map:L114> PixTestBB2Map dtor
[14:53:25.200]    DEBUG: <PixTestDaq.cc/~PixTestDaq:L36> PixTestDaq dtor
[14:53:25.200]    DEBUG: <PixTestDacDacScan.cc/~PixTestDacDacScan:L135> PixTestDacDacScan dtor
[14:53:25.201]    DEBUG: <PixTestDacScan.cc/~PixTestDacScan:L115> PixTestDacScan dtor
[14:53:25.201]    DEBUG: <PixTestGainPedestal.cc/~PixTestGainPedestal:L121> PixTestGainPedestal dtor
[14:53:25.201]    DEBUG: <PixTestHighRate.cc/~PixTestHighRate:L203> PixTestHighRate dtor
[14:53:25.298]    DEBUG: <PixTestIV.cc/~PixTestIV:L96> PixTestIV dtor
[14:53:25.298]    DEBUG: <PixTestAlive.cc/~PixTestAlive:L108> PixTestAlive dtor
[14:53:25.298]    DEBUG: <PixTestPretest.cc/~PixTestPretest:L133> PixTestPretest dtor
[14:53:25.299]    DEBUG: <PixTestReadback.cc/~PixTestReadback:L89> PixTestReadback dtor, saving tree ... 
[14:53:25.299]    DEBUG: <PixTestScurves.cc/~PixTestScurves:L127> PixTestScurves dtor
[14:53:25.299]    DEBUG: <PixTestTiming.cc/~PixTestTiming:L87> PixTestTiming dtor
[14:53:25.299]    DEBUG: <PixTestTrim.cc/~PixTestTrim:L103> PixTestTrim dtor
[14:53:25.299]    DEBUG: <PixTestXray.cc/~PixTestXray:L215> PixTestXray dtor
[14:53:25.302]    QUIET: Connection to board 58 closed.
[14:53:25.303]    DEBUG: <PixMonitor.cc/dumpSummaries:L34> PixMonitor::dumpSummaries
