[14:48:53.027]     INFO: *** Welcome to pxar ***
[14:48:53.027]     INFO: *** Today: 2015/07/06
[14:48:53.027]     INFO:       reading data/yhc691015sn2p7/dacParameters35_C0.dat
[14:48:53.027]     INFO:       reading data/yhc691015sn2p7/dacParameters35_C1.dat
[14:48:53.027]     INFO:       reading data/yhc691015sn2p7/dacParameters35_C2.dat
[14:48:53.027]     INFO:       reading data/yhc691015sn2p7/dacParameters35_C3.dat
[14:48:53.028]     INFO:       reading data/yhc691015sn2p7/dacParameters35_C4.dat
[14:48:53.028]     INFO:       reading data/yhc691015sn2p7/dacParameters35_C5.dat
[14:48:53.028]     INFO:       reading data/yhc691015sn2p7/dacParameters35_C6.dat
[14:48:53.028]     INFO:       reading data/yhc691015sn2p7/dacParameters35_C7.dat
[14:48:53.028]     INFO:       reading data/yhc691015sn2p7/dacParameters35_C8.dat
[14:48:53.028]     INFO:       reading data/yhc691015sn2p7/dacParameters35_C9.dat
[14:48:53.028]     INFO:       reading data/yhc691015sn2p7/dacParameters35_C10.dat
[14:48:53.028]     INFO:       reading data/yhc691015sn2p7/dacParameters35_C11.dat
[14:48:53.028]     INFO:       reading data/yhc691015sn2p7/dacParameters35_C12.dat
[14:48:53.028]     INFO:       reading data/yhc691015sn2p7/dacParameters35_C13.dat
[14:48:53.028]     INFO:       reading data/yhc691015sn2p7/dacParameters35_C14.dat
[14:48:53.028]     INFO:       reading data/yhc691015sn2p7/dacParameters35_C15.dat
[14:48:53.028]     INFO:       reading data/yhc691015sn2p7/tbmParameters_C0a.dat
[14:48:53.028]     INFO:       reading data/yhc691015sn2p7/tbmParameters_C0b.dat
[14:48:53.028]     INFO:       reading data/yhc691015sn2p7/defaultMaskFile.dat
[14:48:53.028]     INFO: MASKED Roc 0 col/row: 40 52
[14:48:53.028]     INFO: MASKED Roc 11 col/row: 50 51
[14:48:53.029]     INFO:   masking Roc 0 col/row: 40 52
[14:48:53.029]     INFO:       reading data/yhc691015sn2p7/trimParameters35_C0.dat
[14:48:53.035]     INFO:       reading data/yhc691015sn2p7/trimParameters35_C1.dat
[14:48:53.042]     INFO:       reading data/yhc691015sn2p7/trimParameters35_C2.dat
[14:48:53.048]     INFO:       reading data/yhc691015sn2p7/trimParameters35_C3.dat
[14:48:53.055]     INFO:       reading data/yhc691015sn2p7/trimParameters35_C4.dat
[14:48:53.061]     INFO:       reading data/yhc691015sn2p7/trimParameters35_C5.dat
[14:48:53.068]     INFO:       reading data/yhc691015sn2p7/trimParameters35_C6.dat
[14:48:53.074]     INFO:       reading data/yhc691015sn2p7/trimParameters35_C7.dat
[14:48:53.081]     INFO:       reading data/yhc691015sn2p7/trimParameters35_C8.dat
[14:48:53.088]     INFO:       reading data/yhc691015sn2p7/trimParameters35_C9.dat
[14:48:53.094]     INFO:       reading data/yhc691015sn2p7/trimParameters35_C10.dat
[14:48:53.101]     INFO:   masking Roc 11 col/row: 50 51
[14:48:53.101]     INFO:       reading data/yhc691015sn2p7/trimParameters35_C11.dat
[14:48:53.107]     INFO:       reading data/yhc691015sn2p7/trimParameters35_C12.dat
[14:48:53.113]     INFO:       reading data/yhc691015sn2p7/trimParameters35_C13.dat
[14:48:53.120]     INFO:       reading data/yhc691015sn2p7/trimParameters35_C14.dat
[14:48:53.126]     INFO:       reading data/yhc691015sn2p7/trimParameters35_C15.dat
[14:48:53.133]     INFO:       reading data/yhc691015sn2p7/tbParameters.dat
[14:48:53.133]     INFO:         clk: 4
[14:48:53.133]     INFO:         ctr: 4
[14:48:53.133]     INFO:         sda: 19
[14:48:53.133]     INFO:         tin: 9
[14:48:53.133]     INFO:         level: 15
[14:48:53.133]     INFO:         triggerdelay: 0
[14:48:53.133]    QUIET: Instanciating API for pxar v1.9.0
[14:48:53.133]     INFO: Log level: DEBUG
[14:48:53.146]    QUIET: Connection to board DTB_WRPRHI opened.
[14:48:53.152]     INFO: DTB startup information
--- DTB info------------------------------------------
Board id:    58
HW version:  DTB1.2
FW version:  3.2
SW version:  3.6
USB id:      DTB_WRPRHI
MAC address: 40D85511803A
Hostname:    pixelDTB058
Comment:     
------------------------------------------------------
[14:48:53.155]     INFO: RPC call hashes of host and DTB match: 413001178
[14:48:54.765]     INFO: DUT info: 
[14:48:54.765]     INFO: The DUT currently contains the following objects:
[14:48:54.765]     INFO:  2 TBM Cores (2 ON)
[14:48:54.765]     INFO: 	TBM Core alpha (0): 7 registers set
[14:48:54.765]     INFO: 	TBM Core beta  (1): 7 registers set
[14:48:54.765]     INFO: 16 ROCs (16 ON) with 4160 pixelConfigs
[14:48:54.765]     INFO: 	ROC 0: 19 DACs set, Pixels: 1 masked, 4160 active.
[14:48:54.765]     INFO: 	ROC 1: 19 DACs set, Pixels: 0 masked, 4160 active.
[14:48:54.765]     INFO: 	ROC 2: 19 DACs set, Pixels: 0 masked, 4160 active.
[14:48:54.766]     INFO: 	ROC 3: 19 DACs set, Pixels: 0 masked, 4160 active.
[14:48:54.766]     INFO: 	ROC 4: 19 DACs set, Pixels: 0 masked, 4160 active.
[14:48:54.766]     INFO: 	ROC 5: 19 DACs set, Pixels: 0 masked, 4160 active.
[14:48:54.766]     INFO: 	ROC 6: 19 DACs set, Pixels: 0 masked, 4160 active.
[14:48:54.766]     INFO: 	ROC 7: 19 DACs set, Pixels: 0 masked, 4160 active.
[14:48:54.766]     INFO: 	ROC 8: 19 DACs set, Pixels: 0 masked, 4160 active.
[14:48:54.766]     INFO: 	ROC 9: 19 DACs set, Pixels: 0 masked, 4160 active.
[14:48:54.766]     INFO: 	ROC 10: 19 DACs set, Pixels: 0 masked, 4160 active.
[14:48:54.766]     INFO: 	ROC 11: 19 DACs set, Pixels: 1 masked, 4160 active.
[14:48:54.766]     INFO: 	ROC 12: 19 DACs set, Pixels: 0 masked, 4160 active.
[14:48:54.766]     INFO: 	ROC 13: 19 DACs set, Pixels: 0 masked, 4160 active.
[14:48:54.766]     INFO: 	ROC 14: 19 DACs set, Pixels: 0 masked, 4160 active.
[14:48:54.766]     INFO: 	ROC 15: 19 DACs set, Pixels: 0 masked, 4160 active.
[14:48:54.766]    DEBUG: <PixTestParameters.cc/dump:L104> PixTestParameters: ->BB<-
[14:48:54.766]    DEBUG: <PixTestParameters.cc/dump:L107>   dumpall: checkbox(0)
[14:48:54.766]    DEBUG: <PixTestParameters.cc/dump:L107>   dumpproblematic: checkbox(0)
[14:48:54.766]    DEBUG: <PixTestParameters.cc/dump:L107>   ntrig: 5
[14:48:54.766]    DEBUG: <PixTestParameters.cc/dump:L107>   vcals: 250
[14:48:54.766]    DEBUG: <PixTestParameters.cc/dump:L104> PixTestParameters: ->BB2<-
[14:48:54.766]    DEBUG: <PixTestParameters.cc/dump:L107>   ntrig: 10
[14:48:54.766]    DEBUG: <PixTestParameters.cc/dump:L107>   vcals: 222
[14:48:54.766]    DEBUG: <PixTestParameters.cc/dump:L107>   plwidth: 35
[14:48:54.766]    DEBUG: <PixTestParameters.cc/dump:L107>   pix: 11,20
[14:48:54.766]    DEBUG: <PixTestParameters.cc/dump:L107>   targetia: 24
[14:48:54.766]    DEBUG: <PixTestParameters.cc/dump:L104> PixTestParameters: ->DAQ<-
[14:48:54.766]    DEBUG: <PixTestParameters.cc/dump:L107>   delaytbm: checkbox
[14:48:54.766]    DEBUG: <PixTestParameters.cc/dump:L107>   filltree: checkbox
[14:48:54.766]    DEBUG: <PixTestParameters.cc/dump:L107>   trgfrequency(khz): 100
[14:48:54.766]    DEBUG: <PixTestParameters.cc/dump:L107>   maskhotpixels: button
[14:48:54.766]    DEBUG: <PixTestParameters.cc/dump:L107>   trgnumber: 5
[14:48:54.766]    DEBUG: <PixTestParameters.cc/dump:L107>   iterations: 10
[14:48:54.766]    DEBUG: <PixTestParameters.cc/dump:L107>   rundaqtrg: button
[14:48:54.766]    DEBUG: <PixTestParameters.cc/dump:L107>   daqseconds: 120
[14:48:54.766]    DEBUG: <PixTestParameters.cc/dump:L107>   rundaqseconds: button
[14:48:54.766]    DEBUG: <PixTestParameters.cc/dump:L104> PixTestParameters: ->DacDacScan<-
[14:48:54.766]    DEBUG: <PixTestParameters.cc/dump:L107>   phmap: checkbox
[14:48:54.766]    DEBUG: <PixTestParameters.cc/dump:L107>   ntrig: 10
[14:48:54.766]    DEBUG: <PixTestParameters.cc/dump:L107>   dac1: caldel
[14:48:54.766]    DEBUG: <PixTestParameters.cc/dump:L107>   dac1lo: 0
[14:48:54.766]    DEBUG: <PixTestParameters.cc/dump:L107>   dac1hi: 255
[14:48:54.766]    DEBUG: <PixTestParameters.cc/dump:L107>   dac2: vthrcomp
[14:48:54.766]    DEBUG: <PixTestParameters.cc/dump:L107>   dac2lo: 0
[14:48:54.766]    DEBUG: <PixTestParameters.cc/dump:L107>   dac2hi: 255
[14:48:54.766]    DEBUG: <PixTestParameters.cc/dump:L107>   pix: 11,20
[14:48:54.766]    DEBUG: <PixTestParameters.cc/dump:L104> PixTestParameters: ->DacScan<-
[14:48:54.766]    DEBUG: <PixTestParameters.cc/dump:L107>   phmap: checkbox(1)
[14:48:54.766]    DEBUG: <PixTestParameters.cc/dump:L107>   ntrig: 10
[14:48:54.766]    DEBUG: <PixTestParameters.cc/dump:L107>   dac: vcal
[14:48:54.766]    DEBUG: <PixTestParameters.cc/dump:L107>   daclo: 0
[14:48:54.766]    DEBUG: <PixTestParameters.cc/dump:L107>   dachi: 255
[14:48:54.766]    DEBUG: <PixTestParameters.cc/dump:L107>   pix: 11,20
[14:48:54.767]    DEBUG: <PixTestParameters.cc/dump:L104> PixTestParameters: ->GainPedestal<-
[14:48:54.767]    DEBUG: <PixTestParameters.cc/dump:L107>   showfits: checkbox(0)
[14:48:54.767]    DEBUG: <PixTestParameters.cc/dump:L107>   extended: checkbox(0)
[14:48:54.767]    DEBUG: <PixTestParameters.cc/dump:L107>   dumphists: checkbox(0)
[14:48:54.767]    DEBUG: <PixTestParameters.cc/dump:L107>   ntrig: 10
[14:48:54.767]    DEBUG: <PixTestParameters.cc/dump:L107>   measure: button
[14:48:54.767]    DEBUG: <PixTestParameters.cc/dump:L107>   fit: button
[14:48:54.767]    DEBUG: <PixTestParameters.cc/dump:L107>   save: button
[14:48:54.767]    DEBUG: <PixTestParameters.cc/dump:L104> PixTestParameters: ->HighRate<-
[14:48:54.767]    DEBUG: <PixTestParameters.cc/dump:L107>   pix: 11,20
[14:48:54.767]    DEBUG: <PixTestParameters.cc/dump:L107>   maskhotpixels: button
[14:48:54.767]    DEBUG: <PixTestParameters.cc/dump:L107>   savemaskfile: checkbox(0)
[14:48:54.767]    DEBUG: <PixTestParameters.cc/dump:L107>   maskfilename: default
[14:48:54.767]    DEBUG: <PixTestParameters.cc/dump:L107>   caldelscan: button
[14:48:54.767]    DEBUG: <PixTestParameters.cc/dump:L107>   xpixelalive: button
[14:48:54.767]    DEBUG: <PixTestParameters.cc/dump:L107>   ntrig: 5
[14:48:54.767]    DEBUG: <PixTestParameters.cc/dump:L107>   vcal: 200
[14:48:54.767]    DEBUG: <PixTestParameters.cc/dump:L107>   rundaq: button
[14:48:54.767]    DEBUG: <PixTestParameters.cc/dump:L107>   trgfrequency(khz): 20
[14:48:54.767]    DEBUG: <PixTestParameters.cc/dump:L107>   runseconds: 5
[14:48:54.767]    DEBUG: <PixTestParameters.cc/dump:L107>   triggerdelay: 100
[14:48:54.767]    DEBUG: <PixTestParameters.cc/dump:L107>   delaytbm: checkbox
[14:48:54.767]    DEBUG: <PixTestParameters.cc/dump:L107>   filltree: checkbox
[14:48:54.767]    DEBUG: <PixTestParameters.cc/dump:L104> PixTestParameters: ->IV<-
[14:48:54.767]    DEBUG: <PixTestParameters.cc/dump:L107>   port: /dev/FIXME
[14:48:54.767]    DEBUG: <PixTestParameters.cc/dump:L107>   voltagestart: 0
[14:48:54.767]    DEBUG: <PixTestParameters.cc/dump:L107>   voltagestop: 600
[14:48:54.767]    DEBUG: <PixTestParameters.cc/dump:L107>   voltagestep: 5
[14:48:54.767]    DEBUG: <PixTestParameters.cc/dump:L107>   delay: 1
[14:48:54.767]    DEBUG: <PixTestParameters.cc/dump:L107>   compliance(ua): 100
[14:48:54.767]    DEBUG: <PixTestParameters.cc/dump:L104> PixTestParameters: ->PhOptimization<-
[14:48:54.767]    DEBUG: <PixTestParameters.cc/dump:L107>   ntrig: 10
[14:48:54.767]    DEBUG: <PixTestParameters.cc/dump:L107>   safetymarginlow: 20
[14:48:54.767]    DEBUG: <PixTestParameters.cc/dump:L107>   saturationvcal: 100
[14:48:54.767]    DEBUG: <PixTestParameters.cc/dump:L107>   quantilesaturation: 0.98
[14:48:54.767]    DEBUG: <PixTestParameters.cc/dump:L104> PixTestParameters: ->PixelAlive<-
[14:48:54.767]    DEBUG: <PixTestParameters.cc/dump:L107>   ntrig: 10
[14:48:54.767]    DEBUG: <PixTestParameters.cc/dump:L107>   vcal: 200
[14:48:54.767]    DEBUG: <PixTestParameters.cc/dump:L107>   alivetest: button
[14:48:54.767]    DEBUG: <PixTestParameters.cc/dump:L107>   masktest: button
[14:48:54.767]    DEBUG: <PixTestParameters.cc/dump:L107>   addressdecodingtest: button
[14:48:54.767]    DEBUG: <PixTestParameters.cc/dump:L104> PixTestParameters: ->Pretest<-
[14:48:54.767]    DEBUG: <PixTestParameters.cc/dump:L107>   programroc: button
[14:48:54.767]    DEBUG: <PixTestParameters.cc/dump:L107>   targetia: 24
[14:48:54.767]    DEBUG: <PixTestParameters.cc/dump:L107>   setvana: button
[14:48:54.767]    DEBUG: <PixTestParameters.cc/dump:L107>   iterations: 100
[14:48:54.767]    DEBUG: <PixTestParameters.cc/dump:L107>   settimings: button
[14:48:54.767]    DEBUG: <PixTestParameters.cc/dump:L107>   findworkingpixel: button
[14:48:54.767]    DEBUG: <PixTestParameters.cc/dump:L107>   setvthrcompcaldel: button
[14:48:54.767]    DEBUG: <PixTestParameters.cc/dump:L107>   pix: 11,20
[14:48:54.767]    DEBUG: <PixTestParameters.cc/dump:L107>   vcal: 250
[14:48:54.767]    DEBUG: <PixTestParameters.cc/dump:L107>   deltavthrcomp: 50
[14:48:54.767]    DEBUG: <PixTestParameters.cc/dump:L107>   fraccaldel: 0.5
[14:48:54.767]    DEBUG: <PixTestParameters.cc/dump:L107>   ntrig: 5
[14:48:54.767]    DEBUG: <PixTestParameters.cc/dump:L107>   savedacs: button
[14:48:54.767]    DEBUG: <PixTestParameters.cc/dump:L104> PixTestParameters: ->Readback<-
[14:48:54.767]    DEBUG: <PixTestParameters.cc/dump:L107>   calibratevd: button
[14:48:54.767]    DEBUG: <PixTestParameters.cc/dump:L107>   calibrateva: button
[14:48:54.767]    DEBUG: <PixTestParameters.cc/dump:L107>   calibrateia: button
[14:48:54.767]    DEBUG: <PixTestParameters.cc/dump:L107>   readbackvbg: button
[14:48:54.767]    DEBUG: <PixTestParameters.cc/dump:L107>   getcalibratedvbg: button
[14:48:54.767]    DEBUG: <PixTestParameters.cc/dump:L107>   usecalvd: checkbox(1)
[14:48:54.767]    DEBUG: <PixTestParameters.cc/dump:L107>   usecalva: checkbox(0)
[14:48:54.767]    DEBUG: <PixTestParameters.cc/dump:L107>   getcalibratedia: button
[14:48:54.767]    DEBUG: <PixTestParameters.cc/dump:L107>   setvana: button
[14:48:54.767]    DEBUG: <PixTestParameters.cc/dump:L104> PixTestParameters: ->Scurves<-
[14:48:54.767]    DEBUG: <PixTestParameters.cc/dump:L107>   adjustvcal: checkbox(1)
[14:48:54.767]    DEBUG: <PixTestParameters.cc/dump:L107>   dumpall: checkbox(0)
[14:48:54.767]    DEBUG: <PixTestParameters.cc/dump:L107>   dumpproblematic: checkbox(0)
[14:48:54.767]    DEBUG: <PixTestParameters.cc/dump:L107>   ntrig: 50
[14:48:54.767]    DEBUG: <PixTestParameters.cc/dump:L107>   dac: VthrComp
[14:48:54.767]    DEBUG: <PixTestParameters.cc/dump:L107>   daclo: 0
[14:48:54.767]    DEBUG: <PixTestParameters.cc/dump:L107>   dachi: 200
[14:48:54.767]    DEBUG: <PixTestParameters.cc/dump:L107>   dacs/step: 10
[14:48:54.767]    DEBUG: <PixTestParameters.cc/dump:L107>   scurves: button
[14:48:54.767]    DEBUG: <PixTestParameters.cc/dump:L104> PixTestParameters: ->Timing<-
[14:48:54.767]    DEBUG: <PixTestParameters.cc/dump:L107>   fastscan: checkbox(0)
[14:48:54.767]    DEBUG: <PixTestParameters.cc/dump:L107>   targetclk: 4
[14:48:54.768]    DEBUG: <PixTestParameters.cc/dump:L107>   ntrig: 10
[14:48:54.768]    DEBUG: <PixTestParameters.cc/dump:L107>   clocksdascan: button
[14:48:54.768]    DEBUG: <PixTestParameters.cc/dump:L107>   phasescan: button
[14:48:54.768]    DEBUG: <PixTestParameters.cc/dump:L107>   levelscan: button
[14:48:54.768]    DEBUG: <PixTestParameters.cc/dump:L107>   saveparameters: button
[14:48:54.768]    DEBUG: <PixTestParameters.cc/dump:L107>   timingtest: button
[14:48:54.768]    DEBUG: <PixTestParameters.cc/dump:L104> PixTestParameters: ->Trim<-
[14:48:54.768]    DEBUG: <PixTestParameters.cc/dump:L107>   trim: button
[14:48:54.768]    DEBUG: <PixTestParameters.cc/dump:L107>   ntrig: 10
[14:48:54.768]    DEBUG: <PixTestParameters.cc/dump:L107>   vcal: 35
[14:48:54.768]    DEBUG: <PixTestParameters.cc/dump:L107>   trimbits: button
[14:48:54.768]    DEBUG: <PixTestParameters.cc/dump:L104> PixTestParameters: ->Xray<-
[14:48:54.768]    DEBUG: <PixTestParameters.cc/dump:L107>   maskhotpixels: button
[14:48:54.768]    DEBUG: <PixTestParameters.cc/dump:L107>   savemaskfile: checkbox(0)
[14:48:54.768]    DEBUG: <PixTestParameters.cc/dump:L107>   maskfilename: default
[14:48:54.768]    DEBUG: <PixTestParameters.cc/dump:L107>   source: Ag
[14:48:54.768]    DEBUG: <PixTestParameters.cc/dump:L107>   phrun: button
[14:48:54.768]    DEBUG: <PixTestParameters.cc/dump:L107>   runseconds: 100
[14:48:54.768]    DEBUG: <PixTestParameters.cc/dump:L107>   trgfrequency(khz): 100
[14:48:54.768]    DEBUG: <PixTestParameters.cc/dump:L107>   ratescan: button
[14:48:54.768]    DEBUG: <PixTestParameters.cc/dump:L107>   vthrcompmin: 10
[14:48:54.768]    DEBUG: <PixTestParameters.cc/dump:L107>   vthrcompmax: 80
[14:48:54.768]    DEBUG: <PixTestParameters.cc/dump:L107>   stepseconds: 5
[14:48:54.768]    DEBUG: <PixTestParameters.cc/dump:L107>   delaytbm: checkbox
[14:48:54.768]    DEBUG: <PixTestParameters.cc/dump:L107>   filltree: checkbox
[14:48:54.768]    DEBUG: <PixSetup.cc/init:L81> PixSetup init start; getCurrentRSS() = 34717696
[14:48:54.768]    DEBUG: <PixSetup.cc/init:L87> fPixTestParameters = 0x1a0bf80
[14:48:54.768]    DEBUG: <PixSetup.cc/init:L88>  fConfigParameters = 0x194f890
[14:48:54.768]    DEBUG: <PixSetup.cc/init:L89>        fPxarMemory = 0x7f0f25d94010
[14:48:54.768]    DEBUG: <PixSetup.cc/init:L90>         fPxarMemHi = 0x7f0f2bfff510
[14:48:54.768]    DEBUG: <PixSetup.cc/init:L106> PixSetup init done;  getCurrentRSS() = 34725888 fPxarMemory = 0x7f0f25d94010
[14:48:55.258]    DEBUG: <PixGui.cc/hvOn:L457> HV set On: 0x1fe66e0
[14:48:55.316]    DEBUG: <PixTestFactory.cc/PixTestFactory:L50> PixTestFactory::PixTestFactory()
[14:48:55.316]    DEBUG: <PixTestBBMap.cc/init:L78> PixTestBBMap::init()
[14:48:55.317]    DEBUG: <PixTestBBMap.cc/PixTestBBMap:L26> PixTestBBMap ctor(PixSetup &a, string, TGTab *)
[14:48:55.322]    DEBUG: <PixTestBB2Map.cc/setParameter:L57> setting fTargetIa    = 24 mA/ROC
[14:48:55.322]    DEBUG: <PixTestBB2Map.cc/init:L96> PixTestBB2Map::init()
[14:48:55.322]    DEBUG: <PixTestBB2Map.cc/PixTestBB2Map:L28> PixTestBB2Map ctor(PixSetup &a, string, TGTab *)
[14:48:55.333]    DEBUG: <PixTestDaq.cc/init:L43> PixTestDaq::init()
[14:48:55.333]    DEBUG: <PixTestDaq.cc/PixTestDaq:L21> PixTestDaq ctor(PixSetup &a, string, TGTab *)
[14:48:55.333]     INFO:       reading data/yhc691015sn2p7/phCalibrationFitErr35_C0.dat
[14:48:55.349]     INFO:       reading data/yhc691015sn2p7/phCalibrationFitErr35_C1.dat
[14:48:55.362]     INFO:       reading data/yhc691015sn2p7/phCalibrationFitErr35_C2.dat
[14:48:55.375]     INFO:       reading data/yhc691015sn2p7/phCalibrationFitErr35_C3.dat
[14:48:55.388]     INFO:       reading data/yhc691015sn2p7/phCalibrationFitErr35_C4.dat
[14:48:55.401]     INFO:       reading data/yhc691015sn2p7/phCalibrationFitErr35_C5.dat
[14:48:55.416]     INFO:       reading data/yhc691015sn2p7/phCalibrationFitErr35_C6.dat
[14:48:55.429]     INFO:       reading data/yhc691015sn2p7/phCalibrationFitErr35_C7.dat
[14:48:55.445]     INFO:       reading data/yhc691015sn2p7/phCalibrationFitErr35_C8.dat
[14:48:55.458]     INFO:       reading data/yhc691015sn2p7/phCalibrationFitErr35_C9.dat
[14:48:55.471]     INFO:       reading data/yhc691015sn2p7/phCalibrationFitErr35_C10.dat
[14:48:55.484]     INFO:       reading data/yhc691015sn2p7/phCalibrationFitErr35_C11.dat
[14:48:55.499]     INFO:       reading data/yhc691015sn2p7/phCalibrationFitErr35_C12.dat
[14:48:55.512]     INFO:       reading data/yhc691015sn2p7/phCalibrationFitErr35_C13.dat
[14:48:55.524]     INFO:       reading data/yhc691015sn2p7/phCalibrationFitErr35_C14.dat
[14:48:55.537]     INFO:       reading data/yhc691015sn2p7/phCalibrationFitErr35_C15.dat
[14:48:55.560]    DEBUG: <PixTestDacDacScan.cc/init:L102> PixTestDacDacScan::init()
[14:48:55.560]    DEBUG: <PixTestDacDacScan.cc/PixTestDacDacScan:L21> PixTestDacDacScan ctor(PixSetup &a, string, TGTab *)
[14:48:55.582]    DEBUG: <PixTestHighRate.cc/setParameter:L66>   setting fParTriggerFrequency -> 20
[14:48:55.582]    DEBUG: <PixTestHighRate.cc/init:L156> PixTestHighRate::init()
[14:48:55.582]    DEBUG: <PixTestHighRate.cc/PixTestHighRate:L29> PixTestHighRate ctor(PixSetup &a, string, TGTab *)
[14:48:55.602]    DEBUG: <PixTest.cc/setTestParameter:L577>  setting  ntrig to new value 10
[14:48:55.602]    DEBUG: <PixTestPhOptimization.cc/setParameter:L36>   setting fParNtrig  ->10<- from sval = 10
[14:48:55.602]    DEBUG: <PixTestPhOptimization.cc/setParameter:L41>   setting fSafetyMarginLow  ->20<- from sval = 20
[14:48:55.602]    DEBUG: <PixTestPhOptimization.cc/setParameter:L47>   setting fVcalMax  ->100<- from sval = 100
[14:48:55.602]    DEBUG: <PixTestPhOptimization.cc/setParameter:L52>   setting fQuantMax  ->0.98<- from sval = 0.98
[14:48:55.607]    DEBUG: <PixTestAlive.cc/init:L76> PixTestAlive::init()
[14:48:55.608]    DEBUG: <PixTestAlive.cc/PixTestAlive:L20> PixTestAlive ctor(PixSetup &a, string, TGTab *)
[14:48:55.619]    DEBUG: <PixTestReadback.cc/setParameter:L184> fCalwVd set to 1
[14:48:55.619]    DEBUG: <PixTestReadback.cc/init:L96> PixTestReadback::init()
[14:48:55.619]    DEBUG: <PixTestReadback.cc/PixTestReadback:L22> PixTestReadback ctor(PixSetup &a, string, TGTab *)
[14:48:55.619]     INFO:       reading data/yhc691015sn2p7/readbackCal_C0.dat
[14:48:55.619]     INFO:       reading data/yhc691015sn2p7/readbackCal_C1.dat
[14:48:55.620]     INFO:       reading data/yhc691015sn2p7/readbackCal_C2.dat
[14:48:55.620]     INFO:       reading data/yhc691015sn2p7/readbackCal_C3.dat
[14:48:55.620]     INFO:       reading data/yhc691015sn2p7/readbackCal_C4.dat
[14:48:55.620]     INFO:       reading data/yhc691015sn2p7/readbackCal_C5.dat
[14:48:55.620]     INFO:       reading data/yhc691015sn2p7/readbackCal_C6.dat
[14:48:55.621]     INFO:       reading data/yhc691015sn2p7/readbackCal_C7.dat
[14:48:55.621]     INFO:       reading data/yhc691015sn2p7/readbackCal_C8.dat
[14:48:55.621]     INFO:       reading data/yhc691015sn2p7/readbackCal_C9.dat
[14:48:55.621]     INFO:       reading data/yhc691015sn2p7/readbackCal_C10.dat
[14:48:55.621]     INFO:       reading data/yhc691015sn2p7/readbackCal_C11.dat
[14:48:55.621]     INFO:       reading data/yhc691015sn2p7/readbackCal_C12.dat
[14:48:55.621]     INFO:       reading data/yhc691015sn2p7/readbackCal_C13.dat
[14:48:55.621]     INFO:       reading data/yhc691015sn2p7/readbackCal_C14.dat
[14:48:55.621]     INFO:       reading data/yhc691015sn2p7/readbackCal_C15.dat
[14:48:55.641]    DEBUG: <PixTestTiming.cc/setParameter:L45> fFastScan: 0
[14:48:55.641]    DEBUG: <PixTestTiming.cc/setParameter:L50> PixTestTiming::PixTest() targetclk = 4
[14:48:55.641]    DEBUG: <PixTestTiming.cc/setParameter:L54> PixTestTiming::PixTest() ntrig = 10
[14:48:55.641]    DEBUG: <PixTestTiming.cc/init:L64> PixTestTiming::init()
[14:48:55.652]    DEBUG: <PixTestXray.cc/init:L132> PixTestXray::init()
[14:48:55.652]    DEBUG: <PixTestXray.cc/PixTestXray:L26> PixTestXray ctor(PixSetup &a, string, TGTab *)
[14:49:01.640]     INFO: ######################################################################
[14:49:01.640]     INFO: PixTestHighRate::doTest()
[14:49:01.640]     INFO: ######################################################################
[14:49:01.640]     INFO:    ----------------------------------------------------------------------
[14:49:01.640]     INFO:    PixTestHighRate::calDelScan() ntrig = 10, vcal = 200
[14:49:01.640]     INFO:    ----------------------------------------------------------------------
[14:49:02.721]     INFO: Test took 1077ms.
[14:49:02.724]     INFO:       reading data/yhc691015sn2p7/defaultMaskFile.dat
[14:49:02.724]     INFO: ROC 0 masking pixel 40/52
[14:49:02.724]     INFO: ROC 11 masking pixel 50/51
[14:49:02.725]  WARNING: Pattern generator does not contain a trigger signal. No data is expected from the DUT!
[14:49:06.888]     INFO: IGNORE THE WARNING ABOVE (resetROC sent)!
[14:49:07.091]    DEBUG: <PixTest.cc/xEfficiencyMaps:L1875>       attempt #0
[14:49:11.020]     INFO: Test took 3929ms.
[14:49:11.499]     INFO: Fetched DAQ statistics. Counters are being reset now.
[14:49:11.586]    DEBUG: <PixTest.cc/xEfficiencyMaps:L1936> Size of results from : PixTestHighRate::xEfficiencyMaps: 1327023
[14:49:11.592]    DEBUG: <PixTest.cc/xEfficiencyMaps:L1875>       attempt #0
[14:49:15.555]     INFO: Test took 3963ms.
[14:49:16.032]     INFO: Fetched DAQ statistics. Counters are being reset now.
[14:49:16.118]    DEBUG: <PixTest.cc/xEfficiencyMaps:L1936> Size of results from : PixTestHighRate::xEfficiencyMaps: 1330457
[14:49:16.126]    DEBUG: <PixTest.cc/xEfficiencyMaps:L1875>       attempt #0
[14:49:20.125]     INFO: Test took 3999ms.
[14:49:20.613]     INFO: Fetched DAQ statistics. Counters are being reset now.
[14:49:20.701]    DEBUG: <PixTest.cc/xEfficiencyMaps:L1936> Size of results from : PixTestHighRate::xEfficiencyMaps: 1329634
[14:49:20.707]    DEBUG: <PixTest.cc/xEfficiencyMaps:L1875>       attempt #0
[14:49:24.723]     INFO: Test took 4016ms.
[14:49:25.204]     INFO: Fetched DAQ statistics. Counters are being reset now.
[14:49:25.291]    DEBUG: <PixTest.cc/xEfficiencyMaps:L1936> Size of results from : PixTestHighRate::xEfficiencyMaps: 1330320
[14:49:25.297]    DEBUG: <PixTest.cc/xEfficiencyMaps:L1875>       attempt #0
[14:49:29.305]     INFO: Test took 4008ms.
[14:49:29.786]     INFO: Fetched DAQ statistics. Counters are being reset now.
[14:49:29.874]    DEBUG: <PixTest.cc/xEfficiencyMaps:L1936> Size of results from : PixTestHighRate::xEfficiencyMaps: 1331900
[14:49:29.880]    DEBUG: <PixTest.cc/xEfficiencyMaps:L1875>       attempt #0
[14:49:33.897]     INFO: Test took 4017ms.
[14:49:34.380]     INFO: Fetched DAQ statistics. Counters are being reset now.
[14:49:34.467]    DEBUG: <PixTest.cc/xEfficiencyMaps:L1936> Size of results from : PixTestHighRate::xEfficiencyMaps: 1331587
[14:49:34.473]    DEBUG: <PixTest.cc/xEfficiencyMaps:L1875>       attempt #0
[14:49:38.489]     INFO: Test took 4016ms.
[14:49:38.971]     INFO: Fetched DAQ statistics. Counters are being reset now.
[14:49:39.059]    DEBUG: <PixTest.cc/xEfficiencyMaps:L1936> Size of results from : PixTestHighRate::xEfficiencyMaps: 1331908
[14:49:39.065]    DEBUG: <PixTest.cc/xEfficiencyMaps:L1875>       attempt #0
[14:49:43.085]     INFO: Test took 4020ms.
[14:49:43.573]     INFO: Fetched DAQ statistics. Counters are being reset now.
[14:49:43.659]    DEBUG: <PixTest.cc/xEfficiencyMaps:L1936> Size of results from : PixTestHighRate::xEfficiencyMaps: 1333894
[14:49:43.665]    DEBUG: <PixTest.cc/xEfficiencyMaps:L1875>       attempt #0
[14:49:47.729]     INFO: Test took 4064ms.
[14:49:48.216]     INFO: Fetched DAQ statistics. Counters are being reset now.
[14:49:48.303]    DEBUG: <PixTest.cc/xEfficiencyMaps:L1936> Size of results from : PixTestHighRate::xEfficiencyMaps: 1331382
[14:49:48.309]    DEBUG: <PixTest.cc/xEfficiencyMaps:L1875>       attempt #0
[14:49:52.348]     INFO: Test took 4038ms.
[14:49:52.834]     INFO: Fetched DAQ statistics. Counters are being reset now.
[14:49:52.921]    DEBUG: <PixTest.cc/xEfficiencyMaps:L1936> Size of results from : PixTestHighRate::xEfficiencyMaps: 1332861
[14:49:52.927]    DEBUG: <PixTest.cc/xEfficiencyMaps:L1875>       attempt #0
[14:49:56.977]     INFO: Test took 4050ms.
[14:49:57.462]     INFO: Fetched DAQ statistics. Counters are being reset now.
[14:49:57.550]    DEBUG: <PixTest.cc/xEfficiencyMaps:L1936> Size of results from : PixTestHighRate::xEfficiencyMaps: 1332636
[14:49:57.556]    DEBUG: <PixTest.cc/xEfficiencyMaps:L1875>       attempt #0
[14:50:01.597]     INFO: Test took 4040ms.
[14:50:02.089]     INFO: Fetched DAQ statistics. Counters are being reset now.
[14:50:02.177]    DEBUG: <PixTest.cc/xEfficiencyMaps:L1936> Size of results from : PixTestHighRate::xEfficiencyMaps: 1331862
[14:50:02.183]    DEBUG: <PixTest.cc/xEfficiencyMaps:L1875>       attempt #0
[14:50:06.224]     INFO: Test took 4040ms.
[14:50:06.710]     INFO: Fetched DAQ statistics. Counters are being reset now.
[14:50:06.797]    DEBUG: <PixTest.cc/xEfficiencyMaps:L1936> Size of results from : PixTestHighRate::xEfficiencyMaps: 1334229
[14:50:06.803]    DEBUG: <PixTest.cc/xEfficiencyMaps:L1875>       attempt #0
[14:50:10.842]     INFO: Test took 4039ms.
[14:50:11.328]     INFO: Fetched DAQ statistics. Counters are being reset now.
[14:50:11.415]    DEBUG: <PixTest.cc/xEfficiencyMaps:L1936> Size of results from : PixTestHighRate::xEfficiencyMaps: 1334505
[14:50:11.421]    DEBUG: <PixTest.cc/xEfficiencyMaps:L1875>       attempt #0
[14:50:15.449]     INFO: Test took 4028ms.
[14:50:15.935]     INFO: Fetched DAQ statistics. Counters are being reset now.
[14:50:16.022]    DEBUG: <PixTest.cc/xEfficiencyMaps:L1936> Size of results from : PixTestHighRate::xEfficiencyMaps: 1332925
[14:50:16.028]    DEBUG: <PixTest.cc/xEfficiencyMaps:L1875>       attempt #0
[14:50:20.072]     INFO: Test took 4044ms.
[14:50:20.557]     INFO: Fetched DAQ statistics. Counters are being reset now.
[14:50:20.646]    DEBUG: <PixTest.cc/xEfficiencyMaps:L1936> Size of results from : PixTestHighRate::xEfficiencyMaps: 1335046
[14:50:20.652]    DEBUG: <PixTest.cc/xEfficiencyMaps:L1875>       attempt #0
[14:50:24.672]     INFO: Test took 4020ms.
[14:50:25.158]     INFO: Fetched DAQ statistics. Counters are being reset now.
[14:50:25.245]    DEBUG: <PixTest.cc/xEfficiencyMaps:L1936> Size of results from : PixTestHighRate::xEfficiencyMaps: 1333301
[14:50:25.251]    DEBUG: <PixTest.cc/xEfficiencyMaps:L1875>       attempt #0
[14:50:29.286]     INFO: Test took 4035ms.
[14:50:29.770]     INFO: Fetched DAQ statistics. Counters are being reset now.
[14:50:29.857]    DEBUG: <PixTest.cc/xEfficiencyMaps:L1936> Size of results from : PixTestHighRate::xEfficiencyMaps: 1333764
[14:50:29.863]    DEBUG: <PixTest.cc/xEfficiencyMaps:L1875>       attempt #0
[14:50:33.896]     INFO: Test took 4033ms.
[14:50:34.380]     INFO: Fetched DAQ statistics. Counters are being reset now.
[14:50:34.467]    DEBUG: <PixTest.cc/xEfficiencyMaps:L1936> Size of results from : PixTestHighRate::xEfficiencyMaps: 1332141
[14:50:34.474]    DEBUG: <PixTest.cc/xEfficiencyMaps:L1875>       attempt #0
[14:50:38.356]     INFO: Test took 3882ms.
[14:50:38.833]     INFO: Fetched DAQ statistics. Counters are being reset now.
[14:50:38.920]    DEBUG: <PixTest.cc/xEfficiencyMaps:L1936> Size of results from : PixTestHighRate::xEfficiencyMaps: 1330904
[14:50:39.142]    DEBUG: <PixTestHighRate.cc/doCalDelScan:L378> roc  0: caldel = 135 eff = 0.988822
[14:50:39.142]    DEBUG: <PixTestHighRate.cc/doCalDelScan:L378> roc  1: caldel = 144 eff = 0.987596
[14:50:39.142]    DEBUG: <PixTestHighRate.cc/doCalDelScan:L378> roc  2: caldel = 134 eff = 0.980024
[14:50:39.142]    DEBUG: <PixTestHighRate.cc/doCalDelScan:L378> roc  3: caldel = 121 eff = 0.970529
[14:50:39.143]    DEBUG: <PixTestHighRate.cc/doCalDelScan:L378> roc  4: caldel = 124 eff = 0.966442
[14:50:39.143]    DEBUG: <PixTestHighRate.cc/doCalDelScan:L378> roc  5: caldel = 161 eff = 0.964688
[14:50:39.143]    DEBUG: <PixTestHighRate.cc/doCalDelScan:L378> roc  6: caldel = 124 eff = 0.965841
[14:50:39.143]    DEBUG: <PixTestHighRate.cc/doCalDelScan:L378> roc  7: caldel = 137 eff = 0.973702
[14:50:39.143]    DEBUG: <PixTestHighRate.cc/doCalDelScan:L378> roc  8: caldel = 157 eff = 0.965817
[14:50:39.143]    DEBUG: <PixTestHighRate.cc/doCalDelScan:L378> roc  9: caldel = 169 eff = 0.951154
[14:50:39.143]    DEBUG: <PixTestHighRate.cc/doCalDelScan:L378> roc 10: caldel = 132 eff = 0.951563
[14:50:39.143]    DEBUG: <PixTestHighRate.cc/doCalDelScan:L378> roc 11: caldel = 118 eff = 0.957043
[14:50:39.144]    DEBUG: <PixTestHighRate.cc/doCalDelScan:L378> roc 12: caldel = 145 eff = 0.957764
[14:50:39.144]    DEBUG: <PixTestHighRate.cc/doCalDelScan:L378> roc 13: caldel = 154 eff = 0.969952
[14:50:39.144]    DEBUG: <PixTestHighRate.cc/doCalDelScan:L378> roc 14: caldel = 153 eff = 0.979495
[14:50:39.144]    DEBUG: <PixTestHighRate.cc/doCalDelScan:L378> roc 15: caldel = 143 eff = 0.981082
[14:50:39.181]     INFO:    ----------------------------------------------------------------------
[14:50:39.181]     INFO:    PixTestHighRate::xPixelAlive() ntrig = 5, vcal = 200
[14:50:39.181]     INFO:    ----------------------------------------------------------------------
[14:50:39.181]    DEBUG: <PixTestHighRate.cc/doXPixelAlive:L406>  old set: clk: 4
[14:50:39.181]    DEBUG: <PixTestHighRate.cc/doXPixelAlive:L406>  old set: ctr: 4
[14:50:39.181]    DEBUG: <PixTestHighRate.cc/doXPixelAlive:L406>  old set: sda: 19
[14:50:39.181]    DEBUG: <PixTestHighRate.cc/doXPixelAlive:L406>  old set: tin: 9
[14:50:39.181]    DEBUG: <PixTestHighRate.cc/doXPixelAlive:L406>  old set: level: 15
[14:50:39.181]    DEBUG: <PixTestHighRate.cc/doXPixelAlive:L406>  old set: triggerdelay: 0
[14:50:39.181]    DEBUG: <PixTestHighRate.cc/doXPixelAlive:L422>  setting: clk: 4
[14:50:39.181]    DEBUG: <PixTestHighRate.cc/doXPixelAlive:L422>  setting: ctr: 4
[14:50:39.182]    DEBUG: <PixTestHighRate.cc/doXPixelAlive:L422>  setting: sda: 19
[14:50:39.182]    DEBUG: <PixTestHighRate.cc/doXPixelAlive:L422>  setting: tin: 9
[14:50:39.182]    DEBUG: <PixTestHighRate.cc/doXPixelAlive:L422>  setting: level: 15
[14:50:39.182]    DEBUG: <PixTestHighRate.cc/doXPixelAlive:L422>  setting: triggerdelay: 100
[14:50:39.216]     INFO:       reading data/yhc691015sn2p7/defaultMaskFile.dat
[14:50:39.216]     INFO: ROC 0 masking pixel 40/52
[14:50:39.216]     INFO: ROC 11 masking pixel 50/51
[14:50:39.216]  WARNING: Pattern generator does not contain a trigger signal. No data is expected from the DUT!
[14:50:43.249]     INFO: IGNORE THE WARNING ABOVE (resetROC sent)!
[14:50:43.444]    DEBUG: <PixTest.cc/xEfficiencyMaps:L1875>       attempt #0
[14:50:46.768]     INFO: Test took 3324ms.
[14:50:46.980]     INFO: Fetched DAQ statistics. Counters are being reset now.
[14:50:47.028]    DEBUG: <PixTest.cc/xEfficiencyMaps:L1936> Size of results from : PixTestHighRate::xEfficiencyMaps: 710826
[14:50:47.253]     INFO: number of dead pixels (per ROC):     2    0    0    0    0    0    0    0    0    2    0    1    0    0    0    0
[14:50:47.253]     INFO: number of red-efficiency pixels:    26   65  215  431  467  500  531  315  306  618  614  516  496  265   55   39
[14:50:47.253]     INFO: number of X-ray hits detected:    7708 19296 33574 50546 53703 55155 55006 38283 39166 59708 57962 53731 54105 36280 21142 8906
[14:50:47.253]     INFO: number of triggers sent (total per ROC):  20800 20800 20800 20800 20800 20800 20800 20800 20800 20800 20800 20800 20800 20800 20800 20800
[14:50:47.253]     INFO: number of Vcal hits detected:  20766 20734 20569 20341 20303 20267 20217 20462 20475 20126 20130 20243 20265 20520 20744 20761
[14:50:47.253]     INFO: Vcal hit fiducial efficiency (%):  99.9 99.7 99.0 97.9 97.8 97.7 97.5 98.5 98.5 97.1 97.0 97.6 97.7 98.8 99.7 99.8
[14:50:47.253]     INFO: Vcal hit overall efficiency (%):  99.8 99.7 98.9 97.8 97.6 97.4 97.2 98.4 98.4 96.8 96.8 97.3 97.4 98.7 99.7 99.8
[14:50:47.253]     INFO: X-ray hit rate [MHz/cm2]:  22.6 56.6 98.4 148.2 157.4 161.7 161.2 112.2 114.8 175.0 169.9 157.5 158.6 106.3 62.0 26.1
[14:50:47.253]     INFO: PixTestHighRate::doXPixelAlive() done
[14:50:47.291]    DEBUG: <PixTestHighRate.cc/doXPixelAlive:L541>  resetting: clk: 4
[14:50:47.291]    DEBUG: <PixTestHighRate.cc/doXPixelAlive:L541>  resetting: ctr: 4
[14:50:47.291]    DEBUG: <PixTestHighRate.cc/doXPixelAlive:L541>  resetting: sda: 19
[14:50:47.291]    DEBUG: <PixTestHighRate.cc/doXPixelAlive:L541>  resetting: tin: 9
[14:50:47.291]    DEBUG: <PixTestHighRate.cc/doXPixelAlive:L541>  resetting: level: 15
[14:50:47.291]    DEBUG: <PixTestHighRate.cc/doXPixelAlive:L541>  resetting: triggerdelay: 0
[14:50:47.291]     INFO: PixTest::       pg_setup set to default.
[14:50:47.292]     INFO:    ----------------------------------------------------------------------
[14:50:47.292]     INFO:    PixTestHighRate::runDaq() running for 5 seconds
[14:50:47.292]     INFO:    ----------------------------------------------------------------------
[14:50:47.310]     INFO:       reading data/yhc691015sn2p7/defaultMaskFile.dat
[14:50:47.310]     INFO: ROC 0 masking pixel 40/52
[14:50:47.310]     INFO: ROC 11 masking pixel 50/51
[14:50:47.310]    DEBUG: <PixTestHighRate.cc/doRunDaq:L583>  old set: clk: 4
[14:50:47.310]    DEBUG: <PixTestHighRate.cc/doRunDaq:L583>  old set: ctr: 4
[14:50:47.310]    DEBUG: <PixTestHighRate.cc/doRunDaq:L583>  old set: sda: 19
[14:50:47.310]    DEBUG: <PixTestHighRate.cc/doRunDaq:L583>  old set: tin: 9
[14:50:47.310]    DEBUG: <PixTestHighRate.cc/doRunDaq:L583>  old set: level: 15
[14:50:47.310]    DEBUG: <PixTestHighRate.cc/doRunDaq:L583>  old set: triggerdelay: 0
[14:50:47.310]    DEBUG: <PixTestHighRate.cc/doRunDaq:L599>  setting: clk: 4
[14:50:47.310]    DEBUG: <PixTestHighRate.cc/doRunDaq:L599>  setting: ctr: 4
[14:50:47.310]    DEBUG: <PixTestHighRate.cc/doRunDaq:L599>  setting: sda: 19
[14:50:47.310]    DEBUG: <PixTestHighRate.cc/doRunDaq:L599>  setting: tin: 9
[14:50:47.310]    DEBUG: <PixTestHighRate.cc/doRunDaq:L599>  setting: level: 15
[14:50:47.310]    DEBUG: <PixTestHighRate.cc/doRunDaq:L599>  setting: triggerdelay: 100
[14:50:47.310]  WARNING: Pattern generator does not contain a trigger signal. No data is expected from the DUT!
[14:50:48.282]     INFO: IGNORE THE WARNING ABOVE (resetROC sent)!
[14:50:49.459]     INFO: PixTestHighRate::doHitMap start TriggerLoop with trigger frequency 20 kHz, period 2011 and duration 5 seconds
[14:50:54.463]     INFO: data taking finished, elapsed time: 5 seconds.
[14:50:58.860]    DEBUG: <PixTestHighRate.cc/fillMap:L699> Processing Data: 99490 events with 3035691 pixels
[14:50:58.878]     INFO: PixTest::       pg_setup set to default.
[14:50:58.902]    DEBUG: <PixTestHighRate.cc/doRunDaq:L617> analyzing hitMap_daqbbtest_C0_V0
[14:50:58.902]    DEBUG: <PixTestHighRate.cc/doRunDaq:L617> analyzing hitMap_daqbbtest_C1_V0
[14:50:58.902]    DEBUG: <PixTestHighRate.cc/doRunDaq:L617> analyzing hitMap_daqbbtest_C2_V0
[14:50:58.902]    DEBUG: <PixTestHighRate.cc/doRunDaq:L617> analyzing hitMap_daqbbtest_C3_V0
[14:50:58.902]    DEBUG: <PixTestHighRate.cc/doRunDaq:L617> analyzing hitMap_daqbbtest_C4_V0
[14:50:58.902]    DEBUG: <PixTestHighRate.cc/doRunDaq:L617> analyzing hitMap_daqbbtest_C5_V0
[14:50:58.902]    DEBUG: <PixTestHighRate.cc/doRunDaq:L617> analyzing hitMap_daqbbtest_C6_V0
[14:50:58.903]    DEBUG: <PixTestHighRate.cc/doRunDaq:L617> analyzing hitMap_daqbbtest_C7_V0
[14:50:58.903]    DEBUG: <PixTestHighRate.cc/doRunDaq:L617> analyzing hitMap_daqbbtest_C8_V0
[14:50:58.903]    DEBUG: <PixTestHighRate.cc/doRunDaq:L617> analyzing hitMap_daqbbtest_C9_V0
[14:50:58.903]    DEBUG: <PixTestHighRate.cc/doRunDaq:L617> analyzing hitMap_daqbbtest_C10_V0
[14:50:58.903]    DEBUG: <PixTestHighRate.cc/doRunDaq:L617> analyzing hitMap_daqbbtest_C11_V0
[14:50:58.903]    DEBUG: <PixTestHighRate.cc/doRunDaq:L617> analyzing hitMap_daqbbtest_C12_V0
[14:50:58.903]    DEBUG: <PixTestHighRate.cc/doRunDaq:L617> analyzing hitMap_daqbbtest_C13_V0
[14:50:58.903]    DEBUG: <PixTestHighRate.cc/doRunDaq:L617> analyzing hitMap_daqbbtest_C14_V0
[14:50:58.903]    DEBUG: <PixTestHighRate.cc/doRunDaq:L617> analyzing hitMap_daqbbtest_C15_V0
[14:50:58.904]    DEBUG: <PixTestHighRate.cc/doRunDaq:L629>  resetting: clk: 4
[14:50:58.904]    DEBUG: <PixTestHighRate.cc/doRunDaq:L629>  resetting: ctr: 4
[14:50:58.904]    DEBUG: <PixTestHighRate.cc/doRunDaq:L629>  resetting: sda: 19
[14:50:58.904]    DEBUG: <PixTestHighRate.cc/doRunDaq:L629>  resetting: tin: 9
[14:50:58.904]    DEBUG: <PixTestHighRate.cc/doRunDaq:L629>  resetting: level: 15
[14:50:58.904]    DEBUG: <PixTestHighRate.cc/doRunDaq:L629>  resetting: triggerdelay: 0
[14:50:58.904]     INFO: Pixels without X-ray hits (per ROC):  1102   255   133     5     6    11     6   135    95    10     9    13     8    88   223  1198 
[14:50:58.904]     INFO: PixTestHighRate::doRunDaq() done
[14:50:58.904]     INFO: PixTestHighRate::doTest() done 
[14:51:02.792]    DEBUG: <PixTest.cc/moduleMap:L943> moduleMap histname: what
[14:51:02.792]    DEBUG: <PixTest.cc/moduleMap:L953> h1->GetName() = hitMap_daqbbtest_C14_V0 -> hitMap_daqbbtest_mod
[14:51:07.144]    DEBUG: <PixGui.cc/handleButtons:L393> PixGui::exit called
[14:51:07.144]    DEBUG: <PixTestBBMap.cc/~PixTestBBMap:L96> PixTestBBMap dtor
[14:51:07.144]    DEBUG: <PixTestBB2Map.cc/~PixTestBB2Map:L114> PixTestBB2Map dtor
[14:51:07.144]    DEBUG: <PixTestDaq.cc/~PixTestDaq:L36> PixTestDaq dtor
[14:51:07.144]    DEBUG: <PixTestDacDacScan.cc/~PixTestDacDacScan:L135> PixTestDacDacScan dtor
[14:51:07.144]    DEBUG: <PixTestDacScan.cc/~PixTestDacScan:L115> PixTestDacScan dtor
[14:51:07.144]    DEBUG: <PixTestGainPedestal.cc/~PixTestGainPedestal:L121> PixTestGainPedestal dtor
[14:51:07.145]    DEBUG: <PixTestHighRate.cc/~PixTestHighRate:L203> PixTestHighRate dtor
[14:51:07.245]    DEBUG: <PixTestIV.cc/~PixTestIV:L96> PixTestIV dtor
[14:51:07.246]    DEBUG: <PixTestAlive.cc/~PixTestAlive:L108> PixTestAlive dtor
[14:51:07.246]    DEBUG: <PixTestPretest.cc/~PixTestPretest:L133> PixTestPretest dtor
[14:51:07.246]    DEBUG: <PixTestReadback.cc/~PixTestReadback:L89> PixTestReadback dtor, saving tree ... 
[14:51:07.246]    DEBUG: <PixTestScurves.cc/~PixTestScurves:L127> PixTestScurves dtor
[14:51:07.246]    DEBUG: <PixTestTiming.cc/~PixTestTiming:L87> PixTestTiming dtor
[14:51:07.246]    DEBUG: <PixTestTrim.cc/~PixTestTrim:L103> PixTestTrim dtor
[14:51:07.246]    DEBUG: <PixTestXray.cc/~PixTestXray:L215> PixTestXray dtor
[14:51:07.249]    QUIET: Connection to board 58 closed.
[14:51:07.250]    DEBUG: <PixMonitor.cc/dumpSummaries:L34> PixMonitor::dumpSummaries
