[09:29:59.081]     INFO: *** Welcome to pxar ***
[09:29:59.081]     INFO: *** Today: 2015/07/01
[09:29:59.081]     INFO:       reading data/yhc691015sn2p7//dacParameters35_C0.dat
[09:29:59.096]     INFO:       reading data/yhc691015sn2p7//dacParameters35_C1.dat
[09:29:59.100]     INFO:       reading data/yhc691015sn2p7//dacParameters35_C2.dat
[09:29:59.101]     INFO:       reading data/yhc691015sn2p7//dacParameters35_C3.dat
[09:29:59.101]     INFO:       reading data/yhc691015sn2p7//dacParameters35_C4.dat
[09:29:59.101]     INFO:       reading data/yhc691015sn2p7//dacParameters35_C5.dat
[09:29:59.101]     INFO:       reading data/yhc691015sn2p7//dacParameters35_C6.dat
[09:29:59.101]     INFO:       reading data/yhc691015sn2p7//dacParameters35_C7.dat
[09:29:59.102]     INFO:       reading data/yhc691015sn2p7//dacParameters35_C8.dat
[09:29:59.102]     INFO:       reading data/yhc691015sn2p7//dacParameters35_C9.dat
[09:29:59.102]     INFO:       reading data/yhc691015sn2p7//dacParameters35_C10.dat
[09:29:59.102]     INFO:       reading data/yhc691015sn2p7//dacParameters35_C11.dat
[09:29:59.102]     INFO:       reading data/yhc691015sn2p7//dacParameters35_C12.dat
[09:29:59.103]     INFO:       reading data/yhc691015sn2p7//dacParameters35_C13.dat
[09:29:59.103]     INFO:       reading data/yhc691015sn2p7//dacParameters35_C14.dat
[09:29:59.103]     INFO:       reading data/yhc691015sn2p7//dacParameters35_C15.dat
[09:29:59.103]     INFO:       reading data/yhc691015sn2p7//tbmParameters_C0a.dat
[09:29:59.115]     INFO:       reading data/yhc691015sn2p7//tbmParameters_C0b.dat
[09:29:59.115]     INFO:       reading data/yhc691015sn2p7//defaultMaskFile.dat
[09:29:59.127]     INFO: MASKED Roc 0 col/row: 6 45
[09:29:59.127]     INFO: MASKED Roc 0 col/row: 30 73
[09:29:59.127]     INFO: MASKED Roc 0 col/row: 43 10
[09:29:59.127]     INFO: MASKED Roc 0 col/row: 45 76
[09:29:59.127]     INFO: MASKED Roc 1 col/row: 7 29
[09:29:59.127]     INFO: MASKED Roc 1 col/row: 39 64
[09:29:59.127]     INFO: MASKED Roc 1 col/row: 43 43
[09:29:59.127]     INFO: MASKED Roc 1 col/row: 47 33
[09:29:59.127]     INFO: MASKED Roc 2 col/row: 37 62
[09:29:59.127]     INFO: MASKED Roc 3 col/row: 44 33
[09:29:59.127]     INFO: MASKED Roc 3 col/row: 50 0
[09:29:59.127]     INFO: MASKED Roc 4 col/row: 33 47
[09:29:59.127]     INFO: MASKED Roc 4 col/row: 51 18
[09:29:59.127]     INFO: MASKED Roc 6 col/row: 11 54
[09:29:59.127]     INFO: MASKED Roc 6 col/row: 31 48
[09:29:59.127]     INFO: MASKED Roc 6 col/row: 31 49
[09:29:59.127]     INFO: MASKED Roc 6 col/row: 33 52
[09:29:59.127]     INFO: MASKED Roc 6 col/row: 40 57
[09:29:59.127]     INFO: MASKED Roc 7 col/row: 37 51
[09:29:59.127]     INFO: MASKED Roc 7 col/row: 48 62
[09:29:59.127]     INFO: MASKED Roc 9 col/row: 41 47
[09:29:59.127]     INFO: MASKED Roc 9 col/row: 50 61
[09:29:59.127]     INFO: MASKED Roc 10 col/row: 34 68
[09:29:59.127]     INFO: MASKED Roc 10 col/row: 40 59
[09:29:59.127]     INFO: MASKED Roc 10 col/row: 47 45
[09:29:59.127]     INFO: MASKED Roc 11 col/row: 41 27
[09:29:59.127]     INFO: MASKED Roc 13 col/row: 7 37
[09:29:59.127]     INFO: MASKED Roc 14 col/row: 13 59
[09:29:59.127]     INFO: MASKED Roc 14 col/row: 44 74
[09:29:59.127]     INFO: MASKED Roc 14 col/row: 48 49
[09:29:59.127]     INFO: MASKED Roc 14 col/row: 48 50
[09:29:59.127]     INFO: MASKED Roc 14 col/row: 49 5
[09:29:59.127]     INFO: MASKED Roc 14 col/row: 50 21
[09:29:59.127]     INFO: MASKED Roc 15 col/row: 48 60
[09:29:59.127]     INFO:   masking Roc 0 col/row: 6 45
[09:29:59.128]     INFO:   masking Roc 0 col/row: 30 73
[09:29:59.128]     INFO:   masking Roc 0 col/row: 43 10
[09:29:59.128]     INFO:   masking Roc 0 col/row: 45 76
[09:29:59.128]     INFO:       reading data/yhc691015sn2p7//trimParameters35_C0.dat
[09:29:59.147]     INFO:   masking Roc 1 col/row: 7 29
[09:29:59.147]     INFO:   masking Roc 1 col/row: 39 64
[09:29:59.148]     INFO:   masking Roc 1 col/row: 43 43
[09:29:59.148]     INFO:   masking Roc 1 col/row: 47 33
[09:29:59.148]     INFO:       reading data/yhc691015sn2p7//trimParameters35_C1.dat
[09:29:59.155]     INFO:   masking Roc 2 col/row: 37 62
[09:29:59.155]     INFO:       reading data/yhc691015sn2p7//trimParameters35_C2.dat
[09:29:59.162]     INFO:   masking Roc 3 col/row: 44 33
[09:29:59.162]     INFO:   masking Roc 3 col/row: 50 0
[09:29:59.162]     INFO:       reading data/yhc691015sn2p7//trimParameters35_C3.dat
[09:29:59.171]     INFO:   masking Roc 4 col/row: 33 47
[09:29:59.171]     INFO:   masking Roc 4 col/row: 51 18
[09:29:59.171]     INFO:       reading data/yhc691015sn2p7//trimParameters35_C4.dat
[09:29:59.178]     INFO:       reading data/yhc691015sn2p7//trimParameters35_C5.dat
[09:29:59.185]     INFO:   masking Roc 6 col/row: 11 54
[09:29:59.185]     INFO:   masking Roc 6 col/row: 31 48
[09:29:59.185]     INFO:   masking Roc 6 col/row: 31 49
[09:29:59.185]     INFO:   masking Roc 6 col/row: 33 52
[09:29:59.185]     INFO:   masking Roc 6 col/row: 40 57
[09:29:59.185]     INFO:       reading data/yhc691015sn2p7//trimParameters35_C6.dat
[09:29:59.192]     INFO:   masking Roc 7 col/row: 37 51
[09:29:59.192]     INFO:   masking Roc 7 col/row: 48 62
[09:29:59.192]     INFO:       reading data/yhc691015sn2p7//trimParameters35_C7.dat
[09:29:59.207]     INFO:       reading data/yhc691015sn2p7//trimParameters35_C8.dat
[09:29:59.214]     INFO:   masking Roc 9 col/row: 41 47
[09:29:59.214]     INFO:   masking Roc 9 col/row: 50 61
[09:29:59.214]     INFO:       reading data/yhc691015sn2p7//trimParameters35_C9.dat
[09:29:59.221]     INFO:   masking Roc 10 col/row: 34 68
[09:29:59.221]     INFO:   masking Roc 10 col/row: 40 59
[09:29:59.221]     INFO:   masking Roc 10 col/row: 47 45
[09:29:59.221]     INFO:       reading data/yhc691015sn2p7//trimParameters35_C10.dat
[09:29:59.228]     INFO:   masking Roc 11 col/row: 41 27
[09:29:59.228]     INFO:       reading data/yhc691015sn2p7//trimParameters35_C11.dat
[09:29:59.235]     INFO:       reading data/yhc691015sn2p7//trimParameters35_C12.dat
[09:29:59.241]     INFO:   masking Roc 13 col/row: 7 37
[09:29:59.242]     INFO:       reading data/yhc691015sn2p7//trimParameters35_C13.dat
[09:29:59.248]     INFO:   masking Roc 14 col/row: 13 59
[09:29:59.248]     INFO:   masking Roc 14 col/row: 44 74
[09:29:59.248]     INFO:   masking Roc 14 col/row: 48 49
[09:29:59.248]     INFO:   masking Roc 14 col/row: 48 50
[09:29:59.248]     INFO:   masking Roc 14 col/row: 49 5
[09:29:59.249]     INFO:   masking Roc 14 col/row: 50 21
[09:29:59.249]     INFO:       reading data/yhc691015sn2p7//trimParameters35_C14.dat
[09:29:59.255]     INFO:   masking Roc 15 col/row: 48 60
[09:29:59.255]     INFO:       reading data/yhc691015sn2p7//trimParameters35_C15.dat
[09:29:59.262]     INFO:       reading data/yhc691015sn2p7//tbParameters.dat
[09:29:59.265]     INFO:         clk: 4
[09:29:59.265]     INFO:         ctr: 4
[09:29:59.265]     INFO:         sda: 19
[09:29:59.266]     INFO:         tin: 9
[09:29:59.266]     INFO:         level: 15
[09:29:59.266]     INFO:         triggerdelay: 0
[09:29:59.266]    QUIET: Instanciating API for pxar v1.9.0
[09:29:59.266]     INFO: Log level: DEBUG
[09:29:59.303]    QUIET: Connection to board DTB_WRPRHI opened.
[09:29:59.307]     INFO: DTB startup information
--- DTB info------------------------------------------
Board id:    58
HW version:  DTB1.2
FW version:  3.2
SW version:  3.6
USB id:      DTB_WRPRHI
MAC address: 40D85511803A
Hostname:    pixelDTB058
Comment:     
------------------------------------------------------
[09:29:59.310]     INFO: RPC call hashes of host and DTB match: 413001178
[09:30:00.920]     INFO: DUT info: 
[09:30:00.920]     INFO: The DUT currently contains the following objects:
[09:30:00.920]     INFO:  2 TBM Cores (2 ON)
[09:30:00.920]     INFO: 	TBM Core alpha (0): 7 registers set
[09:30:00.920]     INFO: 	TBM Core beta  (1): 7 registers set
[09:30:00.921]     INFO: 16 ROCs (16 ON) with 4160 pixelConfigs
[09:30:00.921]     INFO: 	ROC 0: 21 DACs set, Pixels: 4 masked, 4160 active.
[09:30:00.921]     INFO: 	ROC 1: 21 DACs set, Pixels: 4 masked, 4160 active.
[09:30:00.921]     INFO: 	ROC 2: 21 DACs set, Pixels: 1 masked, 4160 active.
[09:30:00.921]     INFO: 	ROC 3: 21 DACs set, Pixels: 2 masked, 4160 active.
[09:30:00.921]     INFO: 	ROC 4: 21 DACs set, Pixels: 2 masked, 4160 active.
[09:30:00.921]     INFO: 	ROC 5: 21 DACs set, Pixels: 0 masked, 4160 active.
[09:30:00.921]     INFO: 	ROC 6: 21 DACs set, Pixels: 5 masked, 4160 active.
[09:30:00.921]     INFO: 	ROC 7: 21 DACs set, Pixels: 2 masked, 4160 active.
[09:30:00.921]     INFO: 	ROC 8: 21 DACs set, Pixels: 0 masked, 4160 active.
[09:30:00.921]     INFO: 	ROC 9: 21 DACs set, Pixels: 2 masked, 4160 active.
[09:30:00.921]     INFO: 	ROC 10: 21 DACs set, Pixels: 3 masked, 4160 active.
[09:30:00.921]     INFO: 	ROC 11: 21 DACs set, Pixels: 1 masked, 4160 active.
[09:30:00.921]     INFO: 	ROC 12: 21 DACs set, Pixels: 0 masked, 4160 active.
[09:30:00.921]     INFO: 	ROC 13: 21 DACs set, Pixels: 1 masked, 4160 active.
[09:30:00.921]     INFO: 	ROC 14: 21 DACs set, Pixels: 6 masked, 4160 active.
[09:30:00.921]     INFO: 	ROC 15: 21 DACs set, Pixels: 1 masked, 4160 active.
[09:30:00.921]    DEBUG: <PixTestParameters.cc/dump:L104> PixTestParameters: ->BB<-
[09:30:00.921]    DEBUG: <PixTestParameters.cc/dump:L107>   dumpall: checkbox(0)
[09:30:00.921]    DEBUG: <PixTestParameters.cc/dump:L107>   dumpproblematic: checkbox(0)
[09:30:00.921]    DEBUG: <PixTestParameters.cc/dump:L107>   ntrig: 5
[09:30:00.921]    DEBUG: <PixTestParameters.cc/dump:L107>   vcals: 250
[09:30:00.921]    DEBUG: <PixTestParameters.cc/dump:L104> PixTestParameters: ->BB2<-
[09:30:00.921]    DEBUG: <PixTestParameters.cc/dump:L107>   ntrig: 10
[09:30:00.921]    DEBUG: <PixTestParameters.cc/dump:L107>   vcals: 222
[09:30:00.921]    DEBUG: <PixTestParameters.cc/dump:L107>   plwidth: 35
[09:30:00.921]    DEBUG: <PixTestParameters.cc/dump:L107>   pix: 11,20
[09:30:00.921]    DEBUG: <PixTestParameters.cc/dump:L107>   targetia: 24
[09:30:00.922]    DEBUG: <PixTestParameters.cc/dump:L104> PixTestParameters: ->DacDacScan<-
[09:30:00.922]    DEBUG: <PixTestParameters.cc/dump:L107>   phmap: checkbox
[09:30:00.922]    DEBUG: <PixTestParameters.cc/dump:L107>   ntrig: 10
[09:30:00.922]    DEBUG: <PixTestParameters.cc/dump:L107>   dac1: caldel
[09:30:00.922]    DEBUG: <PixTestParameters.cc/dump:L107>   dac1lo: 0
[09:30:00.922]    DEBUG: <PixTestParameters.cc/dump:L107>   dac1hi: 255
[09:30:00.922]    DEBUG: <PixTestParameters.cc/dump:L107>   dac2: vthrcomp
[09:30:00.922]    DEBUG: <PixTestParameters.cc/dump:L107>   dac2lo: 0
[09:30:00.922]    DEBUG: <PixTestParameters.cc/dump:L107>   dac2hi: 255
[09:30:00.922]    DEBUG: <PixTestParameters.cc/dump:L107>   pix: 11,20
[09:30:00.922]    DEBUG: <PixTestParameters.cc/dump:L104> PixTestParameters: ->DacScan<-
[09:30:00.922]    DEBUG: <PixTestParameters.cc/dump:L107>   phmap: checkbox(1)
[09:30:00.922]    DEBUG: <PixTestParameters.cc/dump:L107>   allpixels: checkbox(0)
[09:30:00.922]    DEBUG: <PixTestParameters.cc/dump:L107>   unmasked: checkbox(0)
[09:30:00.922]    DEBUG: <PixTestParameters.cc/dump:L107>   ntrig: 10
[09:30:00.922]    DEBUG: <PixTestParameters.cc/dump:L107>   dac: vcal
[09:30:00.922]    DEBUG: <PixTestParameters.cc/dump:L107>   daclo: 0
[09:30:00.922]    DEBUG: <PixTestParameters.cc/dump:L107>   dachi: 255
[09:30:00.922]    DEBUG: <PixTestParameters.cc/dump:L107>   pix: 11,20
[09:30:00.922]    DEBUG: <PixTestParameters.cc/dump:L104> PixTestParameters: ->GainPedestal<-
[09:30:00.922]    DEBUG: <PixTestParameters.cc/dump:L107>   showfits: checkbox(0)
[09:30:00.922]    DEBUG: <PixTestParameters.cc/dump:L107>   extended: checkbox(0)
[09:30:00.922]    DEBUG: <PixTestParameters.cc/dump:L107>   dumphists: checkbox(0)
[09:30:00.922]    DEBUG: <PixTestParameters.cc/dump:L107>   ntrig: 10
[09:30:00.922]    DEBUG: <PixTestParameters.cc/dump:L107>   measure: button
[09:30:00.922]    DEBUG: <PixTestParameters.cc/dump:L107>   fit: button
[09:30:00.922]    DEBUG: <PixTestParameters.cc/dump:L107>   save: button
[09:30:00.922]    DEBUG: <PixTestParameters.cc/dump:L104> PixTestParameters: ->HighRate<-
[09:30:00.922]    DEBUG: <PixTestParameters.cc/dump:L107>   pix: 11,20
[09:30:00.922]    DEBUG: <PixTestParameters.cc/dump:L107>   maskhotpixels: button
[09:30:00.922]    DEBUG: <PixTestParameters.cc/dump:L107>   savemaskfile: checkbox(0)
[09:30:00.922]    DEBUG: <PixTestParameters.cc/dump:L107>   maskfilename: default
[09:30:00.922]    DEBUG: <PixTestParameters.cc/dump:L107>   caldelscan: button
[09:30:00.922]    DEBUG: <PixTestParameters.cc/dump:L107>   xpixelalive: button
[09:30:00.922]    DEBUG: <PixTestParameters.cc/dump:L107>   ntrig: 50
[09:30:00.922]    DEBUG: <PixTestParameters.cc/dump:L107>   vcal: 200
[09:30:00.922]    DEBUG: <PixTestParameters.cc/dump:L107>   xnoisemaps: button
[09:30:00.922]    DEBUG: <PixTestParameters.cc/dump:L107>   daclo: 0
[09:30:00.922]    DEBUG: <PixTestParameters.cc/dump:L107>   dachi: 100
[09:30:00.922]    DEBUG: <PixTestParameters.cc/dump:L107>   dacs/step: 20
[09:30:00.922]    DEBUG: <PixTestParameters.cc/dump:L107>   rundaq: button
[09:30:00.922]    DEBUG: <PixTestParameters.cc/dump:L107>   trgfrequency(khz): 20
[09:30:00.922]    DEBUG: <PixTestParameters.cc/dump:L107>   runseconds: 2
[09:30:00.922]    DEBUG: <PixTestParameters.cc/dump:L107>   triggerdelay: 20
[09:30:00.922]    DEBUG: <PixTestParameters.cc/dump:L107>   delaytbm: checkbox
[09:30:00.922]    DEBUG: <PixTestParameters.cc/dump:L107>   filltree: checkbox
[09:30:00.922]    DEBUG: <PixTestParameters.cc/dump:L104> PixTestParameters: ->IV<-
[09:30:00.922]    DEBUG: <PixTestParameters.cc/dump:L107>   port: /dev/FIXME
[09:30:00.922]    DEBUG: <PixTestParameters.cc/dump:L107>   voltagestart: 0
[09:30:00.922]    DEBUG: <PixTestParameters.cc/dump:L107>   voltagestop: 600
[09:30:00.922]    DEBUG: <PixTestParameters.cc/dump:L107>   voltagestep: 5
[09:30:00.922]    DEBUG: <PixTestParameters.cc/dump:L107>   delay: 1
[09:30:00.922]    DEBUG: <PixTestParameters.cc/dump:L107>   compliance(ua): 100
[09:30:00.922]    DEBUG: <PixTestParameters.cc/dump:L104> PixTestParameters: ->PhOptimization<-
[09:30:00.922]    DEBUG: <PixTestParameters.cc/dump:L107>   ntrig: 10
[09:30:00.922]    DEBUG: <PixTestParameters.cc/dump:L107>   safetymarginlow: 20
[09:30:00.922]    DEBUG: <PixTestParameters.cc/dump:L107>   saturationvcal: 100
[09:30:00.922]    DEBUG: <PixTestParameters.cc/dump:L107>   quantilesaturation: 0.98
[09:30:00.922]    DEBUG: <PixTestParameters.cc/dump:L104> PixTestParameters: ->PixelAlive<-
[09:30:00.922]    DEBUG: <PixTestParameters.cc/dump:L107>   ntrig: 10
[09:30:00.922]    DEBUG: <PixTestParameters.cc/dump:L107>   vcal: 200
[09:30:00.922]    DEBUG: <PixTestParameters.cc/dump:L107>   alivetest: button
[09:30:00.922]    DEBUG: <PixTestParameters.cc/dump:L107>   masktest: button
[09:30:00.922]    DEBUG: <PixTestParameters.cc/dump:L107>   addressdecodingtest: button
[09:30:00.922]    DEBUG: <PixTestParameters.cc/dump:L104> PixTestParameters: ->Pretest<-
[09:30:00.922]    DEBUG: <PixTestParameters.cc/dump:L107>   programroc: button
[09:30:00.922]    DEBUG: <PixTestParameters.cc/dump:L107>   targetia: 24
[09:30:00.922]    DEBUG: <PixTestParameters.cc/dump:L107>   setvana: button
[09:30:00.922]    DEBUG: <PixTestParameters.cc/dump:L107>   iterations: 100
[09:30:00.922]    DEBUG: <PixTestParameters.cc/dump:L107>   settimings: button
[09:30:00.922]    DEBUG: <PixTestParameters.cc/dump:L107>   findworkingpixel: button
[09:30:00.922]    DEBUG: <PixTestParameters.cc/dump:L107>   setvthrcompcaldel: button
[09:30:00.922]    DEBUG: <PixTestParameters.cc/dump:L107>   pix: 11,20
[09:30:00.922]    DEBUG: <PixTestParameters.cc/dump:L107>   vcal: 250
[09:30:00.922]    DEBUG: <PixTestParameters.cc/dump:L107>   deltavthrcomp: 50
[09:30:00.922]    DEBUG: <PixTestParameters.cc/dump:L107>   fraccaldel: 0.5
[09:30:00.922]    DEBUG: <PixTestParameters.cc/dump:L107>   ntrig: 5
[09:30:00.922]    DEBUG: <PixTestParameters.cc/dump:L107>   savedacs: button
[09:30:00.922]    DEBUG: <PixTestParameters.cc/dump:L104> PixTestParameters: ->Readback<-
[09:30:00.922]    DEBUG: <PixTestParameters.cc/dump:L107>   calibratevd: button
[09:30:00.923]    DEBUG: <PixTestParameters.cc/dump:L107>   calibrateva: button
[09:30:00.923]    DEBUG: <PixTestParameters.cc/dump:L107>   calibrateia: button
[09:30:00.923]    DEBUG: <PixTestParameters.cc/dump:L107>   readbackvbg: button
[09:30:00.923]    DEBUG: <PixTestParameters.cc/dump:L107>   getcalibratedvbg: button
[09:30:00.923]    DEBUG: <PixTestParameters.cc/dump:L107>   usecalvd: checkbox(1)
[09:30:00.923]    DEBUG: <PixTestParameters.cc/dump:L107>   usecalva: checkbox(0)
[09:30:00.923]    DEBUG: <PixTestParameters.cc/dump:L107>   getcalibratedia: button
[09:30:00.923]    DEBUG: <PixTestParameters.cc/dump:L107>   setvana: button
[09:30:00.923]    DEBUG: <PixTestParameters.cc/dump:L104> PixTestParameters: ->Scurves<-
[09:30:00.923]    DEBUG: <PixTestParameters.cc/dump:L107>   adjustvcal: checkbox(1)
[09:30:00.923]    DEBUG: <PixTestParameters.cc/dump:L107>   dumpall: checkbox(0)
[09:30:00.923]    DEBUG: <PixTestParameters.cc/dump:L107>   dumpproblematic: checkbox(0)
[09:30:00.923]    DEBUG: <PixTestParameters.cc/dump:L107>   ntrig: 50
[09:30:00.923]    DEBUG: <PixTestParameters.cc/dump:L107>   dac: VthrComp
[09:30:00.923]    DEBUG: <PixTestParameters.cc/dump:L107>   daclo: 0
[09:30:00.923]    DEBUG: <PixTestParameters.cc/dump:L107>   dachi: 200
[09:30:00.923]    DEBUG: <PixTestParameters.cc/dump:L107>   dacs/step: 10
[09:30:00.923]    DEBUG: <PixTestParameters.cc/dump:L107>   scurves: button
[09:30:00.923]    DEBUG: <PixTestParameters.cc/dump:L104> PixTestParameters: ->Timing<-
[09:30:00.923]    DEBUG: <PixTestParameters.cc/dump:L107>   fastscan: checkbox(0)
[09:30:00.923]    DEBUG: <PixTestParameters.cc/dump:L107>   targetclk: 4
[09:30:00.923]    DEBUG: <PixTestParameters.cc/dump:L107>   ntrig: 10
[09:30:00.923]    DEBUG: <PixTestParameters.cc/dump:L107>   clocksdascan: button
[09:30:00.923]    DEBUG: <PixTestParameters.cc/dump:L107>   phasescan: button
[09:30:00.923]    DEBUG: <PixTestParameters.cc/dump:L107>   levelscan: button
[09:30:00.923]    DEBUG: <PixTestParameters.cc/dump:L107>   tbmphasescan: button
[09:30:00.923]    DEBUG: <PixTestParameters.cc/dump:L107>   rocdelayscan: button
[09:30:00.923]    DEBUG: <PixTestParameters.cc/dump:L107>   timingtest: button
[09:30:00.923]    DEBUG: <PixTestParameters.cc/dump:L107>   saveparameters: button
[09:30:00.923]    DEBUG: <PixTestParameters.cc/dump:L104> PixTestParameters: ->Trim<-
[09:30:00.923]    DEBUG: <PixTestParameters.cc/dump:L107>   trim: button
[09:30:00.923]    DEBUG: <PixTestParameters.cc/dump:L107>   ntrig: 10
[09:30:00.923]    DEBUG: <PixTestParameters.cc/dump:L107>   vcal: 35
[09:30:00.923]    DEBUG: <PixTestParameters.cc/dump:L107>   trimbits: button
[09:30:00.923]    DEBUG: <PixTestParameters.cc/dump:L104> PixTestParameters: ->Xray<-
[09:30:00.923]    DEBUG: <PixTestParameters.cc/dump:L107>   maskhotpixels: button
[09:30:00.923]    DEBUG: <PixTestParameters.cc/dump:L107>   savemaskfile: checkbox(0)
[09:30:00.923]    DEBUG: <PixTestParameters.cc/dump:L107>   maskfilename: default
[09:30:00.923]    DEBUG: <PixTestParameters.cc/dump:L107>   source: Ag
[09:30:00.923]    DEBUG: <PixTestParameters.cc/dump:L107>   phrun: button
[09:30:00.923]    DEBUG: <PixTestParameters.cc/dump:L107>   runseconds: 100
[09:30:00.923]    DEBUG: <PixTestParameters.cc/dump:L107>   trgfrequency(khz): 100
[09:30:00.923]    DEBUG: <PixTestParameters.cc/dump:L107>   ratescan: button
[09:30:00.923]    DEBUG: <PixTestParameters.cc/dump:L107>   vthrcompmin: 10
[09:30:00.923]    DEBUG: <PixTestParameters.cc/dump:L107>   vthrcompmax: 80
[09:30:00.923]    DEBUG: <PixTestParameters.cc/dump:L107>   stepseconds: 5
[09:30:00.923]    DEBUG: <PixTestParameters.cc/dump:L107>   delaytbm: checkbox
[09:30:00.923]    DEBUG: <PixTestParameters.cc/dump:L107>   filltree: checkbox
[09:30:00.923]    DEBUG: <PixSetup.cc/init:L81> PixSetup init start; getCurrentRSS() = 34295808
[09:30:00.923]    DEBUG: <PixSetup.cc/init:L87> fPixTestParameters = 0x15b7e00
[09:30:00.923]    DEBUG: <PixSetup.cc/init:L88>  fConfigParameters = 0x14dc890
[09:30:00.923]    DEBUG: <PixSetup.cc/init:L89>        fPxarMemory = 0x7f07add94010
[09:30:00.923]    DEBUG: <PixSetup.cc/init:L90>         fPxarMemHi = 0x7f07b3fff510
[09:30:00.923]    DEBUG: <PixSetup.cc/init:L106> PixSetup init done;  getCurrentRSS() = 34304000 fPxarMemory = 0x7f07add94010
[09:30:01.787]    DEBUG: <PixGui.cc/hvOn:L457> HV set On: 0x1b744f0
[09:30:01.981]    DEBUG: <PixTestFactory.cc/PixTestFactory:L50> PixTestFactory::PixTestFactory()
[09:30:01.981]    DEBUG: <PixTestBBMap.cc/init:L78> PixTestBBMap::init()
[09:30:01.992]    DEBUG: <PixTestBBMap.cc/PixTestBBMap:L26> PixTestBBMap ctor(PixSetup &a, string, TGTab *)
[09:30:01.999]    DEBUG: <PixTestBB2Map.cc/setParameter:L57> setting fTargetIa    = 24 mA/ROC
[09:30:01.999]    DEBUG: <PixTestBB2Map.cc/init:L96> PixTestBB2Map::init()
[09:30:01.999]    DEBUG: <PixTestBB2Map.cc/PixTestBB2Map:L28> PixTestBB2Map ctor(PixSetup &a, string, TGTab *)
[09:30:02.024]    DEBUG: <PixTestDacDacScan.cc/init:L102> PixTestDacDacScan::init()
[09:30:02.024]    DEBUG: <PixTestDacDacScan.cc/PixTestDacDacScan:L21> PixTestDacDacScan ctor(PixSetup &a, string, TGTab *)
[09:30:02.078]    DEBUG: <PixTestHighRate.cc/setParameter:L66>   setting fParTriggerFrequency -> 20
[09:30:02.078]    DEBUG: <PixTestHighRate.cc/init:L156> PixTestHighRate::init()
[09:30:02.078]    DEBUG: <PixTestHighRate.cc/PixTestHighRate:L29> PixTestHighRate ctor(PixSetup &a, string, TGTab *)
[09:30:02.078]     INFO:       reading data/yhc691015sn2p7//phCalibrationFitErr35_C0.dat
[09:30:02.122]     INFO:       reading data/yhc691015sn2p7//phCalibrationFitErr35_C1.dat
[09:30:02.156]     INFO:       reading data/yhc691015sn2p7//phCalibrationFitErr35_C2.dat
[09:30:02.173]     INFO:       reading data/yhc691015sn2p7//phCalibrationFitErr35_C3.dat
[09:30:02.190]     INFO:       reading data/yhc691015sn2p7//phCalibrationFitErr35_C4.dat
[09:30:02.207]     INFO:       reading data/yhc691015sn2p7//phCalibrationFitErr35_C5.dat
[09:30:02.224]     INFO:       reading data/yhc691015sn2p7//phCalibrationFitErr35_C6.dat
[09:30:02.241]     INFO:       reading data/yhc691015sn2p7//phCalibrationFitErr35_C7.dat
[09:30:02.258]     INFO:       reading data/yhc691015sn2p7//phCalibrationFitErr35_C8.dat
[09:30:02.275]     INFO:       reading data/yhc691015sn2p7//phCalibrationFitErr35_C9.dat
[09:30:02.292]     INFO:       reading data/yhc691015sn2p7//phCalibrationFitErr35_C10.dat
[09:30:02.308]     INFO:       reading data/yhc691015sn2p7//phCalibrationFitErr35_C11.dat
[09:30:02.325]     INFO:       reading data/yhc691015sn2p7//phCalibrationFitErr35_C12.dat
[09:30:02.341]     INFO:       reading data/yhc691015sn2p7//phCalibrationFitErr35_C13.dat
[09:30:02.358]     INFO:       reading data/yhc691015sn2p7//phCalibrationFitErr35_C14.dat
[09:30:02.374]     INFO:       reading data/yhc691015sn2p7//phCalibrationFitErr35_C15.dat
[09:30:02.413]    DEBUG: <PixTest.cc/setTestParameter:L577>  setting  ntrig to new value 10
[09:30:02.413]    DEBUG: <PixTestPhOptimization.cc/setParameter:L36>   setting fParNtrig  ->10<- from sval = 10
[09:30:02.413]    DEBUG: <PixTestPhOptimization.cc/setParameter:L41>   setting fSafetyMarginLow  ->20<- from sval = 20
[09:30:02.413]    DEBUG: <PixTestPhOptimization.cc/setParameter:L47>   setting fVcalMax  ->100<- from sval = 100
[09:30:02.413]    DEBUG: <PixTestPhOptimization.cc/setParameter:L52>   setting fQuantMax  ->0.98<- from sval = 0.98
[09:30:02.426]    DEBUG: <PixTestAlive.cc/init:L76> PixTestAlive::init()
[09:30:02.427]    DEBUG: <PixTestAlive.cc/PixTestAlive:L20> PixTestAlive ctor(PixSetup &a, string, TGTab *)
[09:30:02.460]    DEBUG: <PixTestReadback.cc/setParameter:L184> fCalwVd set to 1
[09:30:02.460]    DEBUG: <PixTestReadback.cc/init:L96> PixTestReadback::init()
[09:30:02.460]    DEBUG: <PixTestReadback.cc/PixTestReadback:L22> PixTestReadback ctor(PixSetup &a, string, TGTab *)
[09:30:02.460]     INFO:       reading data/yhc691015sn2p7//readbackCal_C0.dat
[09:30:02.477]     INFO:       reading data/yhc691015sn2p7//readbackCal_C1.dat
[09:30:02.482]     INFO:       reading data/yhc691015sn2p7//readbackCal_C2.dat
[09:30:02.482]     INFO:       reading data/yhc691015sn2p7//readbackCal_C3.dat
[09:30:02.482]     INFO:       reading data/yhc691015sn2p7//readbackCal_C4.dat
[09:30:02.482]     INFO:       reading data/yhc691015sn2p7//readbackCal_C5.dat
[09:30:02.482]     INFO:       reading data/yhc691015sn2p7//readbackCal_C6.dat
[09:30:02.483]     INFO:       reading data/yhc691015sn2p7//readbackCal_C7.dat
[09:30:02.483]     INFO:       reading data/yhc691015sn2p7//readbackCal_C8.dat
[09:30:02.483]     INFO:       reading data/yhc691015sn2p7//readbackCal_C9.dat
[09:30:02.483]     INFO:       reading data/yhc691015sn2p7//readbackCal_C10.dat
[09:30:02.483]     INFO:       reading data/yhc691015sn2p7//readbackCal_C11.dat
[09:30:02.489]     INFO:       reading data/yhc691015sn2p7//readbackCal_C12.dat
[09:30:02.490]     INFO:       reading data/yhc691015sn2p7//readbackCal_C13.dat
[09:30:02.490]     INFO:       reading data/yhc691015sn2p7//readbackCal_C14.dat
[09:30:02.490]     INFO:       reading data/yhc691015sn2p7//readbackCal_C15.dat
[09:30:02.505]    DEBUG: <PixTestTiming.cc/setParameter:L45> fFastScan: 0
[09:30:02.505]    DEBUG: <PixTestTiming.cc/setParameter:L50> PixTestTiming::PixTest() targetclk = 4
[09:30:02.505]    DEBUG: <PixTestTiming.cc/setParameter:L54> PixTestTiming::PixTest() ntrig = 10
[09:30:02.505]    DEBUG: <PixTestTiming.cc/init:L64> PixTestTiming::init()
[09:30:02.523]    DEBUG: <PixTestXray.cc/init:L132> PixTestXray::init()
[09:30:02.523]    DEBUG: <PixTestXray.cc/PixTestXray:L26> PixTestXray ctor(PixSetup &a, string, TGTab *)
[09:30:15.439]    DEBUG: <PixTab.cc/setParameter:L387> xxxPressed():  ID = 1 -> dac to value Vcal
[09:30:58.159]    DEBUG: <PixTab.cc/setParameter:L387> xxxPressed():  ID = 1 -> dac to value Vcal
[09:30:59.265]     INFO: ######################################################################
[09:30:59.265]     INFO: PixTestScurves::doTest() ntrig = 50
[09:30:59.265]     INFO: ######################################################################
[09:30:59.265]     INFO:    ----------------------------------------------------------------------
[09:30:59.265]     INFO:    PixTestScurves::scurves(Vcal), ntrig = 50
[09:30:59.265]     INFO:    ----------------------------------------------------------------------
[09:30:59.266]     INFO: ---> dac: Vcal name: scurveVcal ntrig: 50 dacrange: 0 .. 200 hits flags = 16 (plus default)
[09:30:59.298]     INFO:   dacScan step  from 0 .. 9
[09:30:59.299]    DEBUG: <PixTest.cc/dacScan:L1486>       attempt #0
[09:31:41.007]     INFO: Test took 41708ms.
[09:31:41.185]     INFO: Fetched DAQ statistics. Counters are being reset now.
[09:31:41.186]     INFO:   dacScan step  from 10 .. 19
[09:31:41.186]    DEBUG: <PixTest.cc/dacScan:L1486>       attempt #0
[09:32:22.820]     INFO: Test took 41634ms.
[09:32:22.995]     INFO: Fetched DAQ statistics. Counters are being reset now.
[09:32:22.995]     INFO:   dacScan step  from 20 .. 29
[09:32:22.996]    DEBUG: <PixTest.cc/dacScan:L1486>       attempt #0
[09:33:04.838]     INFO: Test took 41842ms.
[09:33:05.053]     INFO: Fetched DAQ statistics. Counters are being reset now.
[09:33:05.064]     INFO:   dacScan step  from 30 .. 39
[09:33:05.064]    DEBUG: <PixTest.cc/dacScan:L1486>       attempt #0
[09:33:15.636]    ERROR: <datapipe.cc/DecodeDeser400:L294> Number of ROCs (6) != Token Chain Length (8)
[09:33:15.636]    ERROR: <datapipe.cc/DecodeDeser400:L294> Number of ROCs (4) != Token Chain Length (8)
[09:33:15.636]  WARNING: ROC 6: Readback start marker after 15 readouts!
[09:33:15.636]  WARNING: ROC 7: Readback start marker after 15 readouts!
[09:33:15.636]  WARNING: ROC 4: Readback start marker after 15 readouts!
[09:33:15.636]  WARNING: ROC 5: Readback start marker after 15 readouts!
[09:33:15.636]  WARNING: ROC 6: Readback start marker after 15 readouts!
[09:33:15.636]  WARNING: ROC 7: Readback start marker after 15 readouts!
[09:33:31.180]    ERROR: <datapipe.cc/DecodeDeser400:L294> Number of ROCs (6) != Token Chain Length (8)
[09:33:31.180]    ERROR: <datapipe.cc/DecodeDeser400:L294> Number of ROCs (7) != Token Chain Length (8)
[09:33:31.180]  WARNING: ROC 6: Readback start marker after 15 readouts!
[09:33:31.180]  WARNING: ROC 7: Readback start marker after 15 readouts!
[09:33:31.180]  WARNING: ROC 7: Readback start marker after 15 readouts!
[09:33:33.966]    ERROR: <datapipe.cc/DecodeDeser400:L294> Number of ROCs (0) != Token Chain Length (8)
[09:33:33.966]    ERROR: <datapipe.cc/DecodeDeser400:L294> Number of ROCs (0) != Token Chain Length (8)
[09:33:33.966]  WARNING: ROC 1: Readback start marker after 15 readouts!
[09:33:33.966]  WARNING: ROC 0: Readback start marker after 15 readouts!
[09:33:33.966]  WARNING: ROC 2: Readback start marker after 15 readouts!
[09:33:33.966]  WARNING: ROC 3: Readback start marker after 15 readouts!
[09:33:33.966]  WARNING: ROC 4: Readback start marker after 15 readouts!
[09:33:33.966]  WARNING: ROC 5: Readback start marker after 15 readouts!
[09:33:33.966]  WARNING: ROC 6: Readback start marker after 15 readouts!
[09:33:33.966]  WARNING: ROC 7: Readback start marker after 15 readouts!
[09:33:33.966]  WARNING: ROC 0: Readback start marker after 15 readouts!
[09:33:33.966]  WARNING: ROC 1: Readback start marker after 15 readouts!
[09:33:33.966]  WARNING: ROC 2: Readback start marker after 15 readouts!
[09:33:33.966]  WARNING: ROC 3: Readback start marker after 15 readouts!
[09:33:33.966]  WARNING: ROC 4: Readback start marker after 15 readouts!
[09:33:33.966]  WARNING: ROC 5: Readback start marker after 15 readouts!
[09:33:33.966]  WARNING: ROC 6: Readback start marker after 15 readouts!
[09:33:33.966]  WARNING: ROC 7: Readback start marker after 15 readouts!
[09:33:59.156]     INFO: Test took 54092ms.
[09:34:00.130]     INFO: Fetched DAQ statistics. Counters are being reset now.
[09:34:00.222]     INFO:   dacScan step  from 40 .. 49
[09:34:00.222]    DEBUG: <PixTest.cc/dacScan:L1486>       attempt #0
[09:34:57.177]    ERROR: <datapipe.cc/DecodeDeser400:L294> Number of ROCs (0) != Token Chain Length (8)
[09:34:57.177]  WARNING: ROC 0: Readback start marker after 9 readouts!
[09:34:57.177]    ERROR: <datapipe.cc/DecodeDeser400:L294> Number of ROCs (6) != Token Chain Length (8)
[09:34:57.177]  WARNING: ROC 1: Readback start marker after 15 readouts!
[09:34:57.177]  WARNING: ROC 0: Readback start marker after 15 readouts!
[09:34:57.177]  WARNING: ROC 2: Readback start marker after 15 readouts!
[09:34:57.177]  WARNING: ROC 3: Readback start marker after 15 readouts!
[09:34:57.177]  WARNING: ROC 4: Readback start marker after 15 readouts!
[09:34:57.177]  WARNING: ROC 5: Readback start marker after 15 readouts!
[09:34:57.177]  WARNING: ROC 6: Readback start marker after 15 readouts!
[09:34:57.177]  WARNING: ROC 7: Readback start marker after 15 readouts!
[09:34:57.177]  WARNING: ROC 0: Readback start marker after 7 readouts!
[09:34:57.177]  WARNING: ROC 6: Readback start marker after 15 readouts!
[09:34:57.177]  WARNING: ROC 7: Readback start marker after 15 readouts!
[09:35:04.892]  WARNING: ROC 2: Readback start marker after 12 readouts!
[09:35:04.893]    ERROR: <datapipe.cc/DecodeDeser400:L294> Number of ROCs (9) != Token Chain Length (8)
[09:35:04.893]  WARNING: ROC 2: Readback start marker after 4 readouts!
[09:35:11.207]     INFO: Test took 70985ms.
[09:35:12.601]     INFO: Fetched DAQ statistics. Counters are being reset now.
[09:35:12.692]     INFO:   dacScan step  from 50 .. 59
[09:35:12.692]    DEBUG: <PixTest.cc/dacScan:L1486>       attempt #0
[09:36:25.213]     INFO: Test took 72521ms.
[09:36:26.582]     INFO: Fetched DAQ statistics. Counters are being reset now.
[09:36:26.673]     INFO:   dacScan step  from 60 .. 69
[09:36:26.673]    DEBUG: <PixTest.cc/dacScan:L1486>       attempt #0
[09:37:39.425]     INFO: Test took 72752ms.
[09:37:40.786]     INFO: Fetched DAQ statistics. Counters are being reset now.
[09:37:40.876]     INFO:   dacScan step  from 70 .. 79
[09:37:40.877]    DEBUG: <PixTest.cc/dacScan:L1486>       attempt #0
[09:38:54.462]     INFO: Test took 73585ms.
[09:38:55.827]     INFO: Fetched DAQ statistics. Counters are being reset now.
[09:38:55.918]     INFO:   dacScan step  from 80 .. 89
[09:38:55.918]    DEBUG: <PixTest.cc/dacScan:L1486>       attempt #0
[09:40:08.874]     INFO: Test took 72956ms.
[09:40:10.252]     INFO: Fetched DAQ statistics. Counters are being reset now.
[09:40:10.342]     INFO:   dacScan step  from 90 .. 99
[09:40:10.343]    DEBUG: <PixTest.cc/dacScan:L1486>       attempt #0
[09:41:24.262]     INFO: Test took 73919ms.
[09:41:25.624]     INFO: Fetched DAQ statistics. Counters are being reset now.
[09:41:25.714]     INFO:   dacScan step  from 100 .. 109
[09:41:25.714]    DEBUG: <PixTest.cc/dacScan:L1486>       attempt #0
[09:42:39.429]     INFO: Test took 73715ms.
[09:42:40.795]     INFO: Fetched DAQ statistics. Counters are being reset now.
[09:42:40.886]     INFO:   dacScan step  from 110 .. 119
[09:42:40.887]    DEBUG: <PixTest.cc/dacScan:L1486>       attempt #0
[09:43:53.666]     INFO: Test took 72779ms.
[09:43:55.029]     INFO: Fetched DAQ statistics. Counters are being reset now.
[09:43:55.119]     INFO:   dacScan step  from 120 .. 129
[09:43:55.119]    DEBUG: <PixTest.cc/dacScan:L1486>       attempt #0
[09:45:09.408]     INFO: Test took 74289ms.
[09:45:10.772]     INFO: Fetched DAQ statistics. Counters are being reset now.
[09:45:10.862]     INFO:   dacScan step  from 130 .. 139
[09:45:10.862]    DEBUG: <PixTest.cc/dacScan:L1486>       attempt #0
[09:46:23.605]     INFO: Test took 72743ms.
[09:46:24.971]     INFO: Fetched DAQ statistics. Counters are being reset now.
[09:46:25.062]     INFO:   dacScan step  from 140 .. 149
[09:46:25.062]    DEBUG: <PixTest.cc/dacScan:L1486>       attempt #0
[09:47:40.100]     INFO: Test took 75038ms.
[09:47:41.461]     INFO: Fetched DAQ statistics. Counters are being reset now.
[09:47:41.552]     INFO:   dacScan step  from 150 .. 159
[09:47:41.552]    DEBUG: <PixTest.cc/dacScan:L1486>       attempt #0
[09:48:54.402]     INFO: Test took 72849ms.
[09:48:55.764]     INFO: Fetched DAQ statistics. Counters are being reset now.
[09:48:55.854]     INFO:   dacScan step  from 160 .. 169
[09:48:55.854]    DEBUG: <PixTest.cc/dacScan:L1486>       attempt #0
[09:50:08.749]     INFO: Test took 72895ms.
[09:50:10.108]     INFO: Fetched DAQ statistics. Counters are being reset now.
[09:50:10.199]     INFO:   dacScan step  from 170 .. 179
[09:50:10.199]    DEBUG: <PixTest.cc/dacScan:L1486>       attempt #0
[09:51:23.583]     INFO: Test took 73384ms.
[09:51:24.942]     INFO: Fetched DAQ statistics. Counters are being reset now.
[09:51:25.032]     INFO:   dacScan step  from 180 .. 189
[09:51:25.032]    DEBUG: <PixTest.cc/dacScan:L1486>       attempt #0
[09:52:38.675]     INFO: Test took 73643ms.
[09:52:40.042]     INFO: Fetched DAQ statistics. Counters are being reset now.
[09:52:40.132]     INFO:   dacScan step  from 190 .. 199
[09:52:40.132]    DEBUG: <PixTest.cc/dacScan:L1486>       attempt #0
[09:53:53.443]     INFO: Test took 73311ms.
[09:53:54.810]     INFO: Fetched DAQ statistics. Counters are being reset now.
[09:53:54.900]     INFO:   dacScan step  from 200 .. 200
[09:53:54.900]    DEBUG: <PixTest.cc/dacScan:L1486>       attempt #0
[09:54:04.878]     INFO: Test took 9978ms.
[09:54:05.015]     INFO: Fetched DAQ statistics. Counters are being reset now.
[09:54:05.024]    DEBUG: <PixTest.cc/scurveAna:L1583> analyzing ROC 0
[09:54:09.384]    DEBUG: <PixTest.cc/scurveAna:L1583> analyzing ROC 1
[09:54:13.591]    DEBUG: <PixTest.cc/scurveAna:L1583> analyzing ROC 2
[09:54:17.516]    DEBUG: <PixTest.cc/scurveAna:L1583> analyzing ROC 3
[09:54:21.709]    DEBUG: <PixTest.cc/scurveAna:L1583> analyzing ROC 4
[09:54:25.912]    DEBUG: <PixTest.cc/scurveAna:L1583> analyzing ROC 5
[09:54:30.297]    DEBUG: <PixTest.cc/scurveAna:L1583> analyzing ROC 6
[09:54:34.518]    DEBUG: <PixTest.cc/scurveAna:L1583> analyzing ROC 7
[09:54:38.602]    DEBUG: <PixTest.cc/scurveAna:L1583> analyzing ROC 8
[09:54:42.979]    DEBUG: <PixTest.cc/scurveAna:L1583> analyzing ROC 9
[09:54:47.693]    DEBUG: <PixTest.cc/scurveAna:L1583> analyzing ROC 10
[09:54:51.988]    DEBUG: <PixTest.cc/scurveAna:L1583> analyzing ROC 11
[09:54:56.422]    DEBUG: <PixTest.cc/scurveAna:L1583> analyzing ROC 12
[09:55:00.682]    DEBUG: <PixTest.cc/scurveAna:L1583> analyzing ROC 13
[09:55:05.179]    DEBUG: <PixTest.cc/scurveAna:L1583> analyzing ROC 14
[09:55:09.523]    DEBUG: <PixTest.cc/scurveAna:L1583> analyzing ROC 15
[09:55:13.705]    DEBUG: <PixTest.cc/scurveMaps:L231> PixTest::scurveMaps end: getCurrentRSS() = 604237824
[09:55:13.769]     INFO: PixTestScurves::scurves() done 
[09:55:13.769]     INFO: Vcal mean:  35.11  34.99  35.28  35.23  35.42  35.33  35.27  35.47  35.34  35.23  35.33  34.88  35.17  35.13  35.28  35.16 
[09:55:13.769]     INFO: Vcal RMS:    1.58   1.39   3.58   1.56   1.34   1.27   1.44   1.19   3.65   1.89   3.70   1.44   1.35   1.27   1.90   1.25 
[09:57:55.400]    DEBUG: <PixTest.cc/moduleMap:L943> moduleMap histname: what
[09:57:55.400]    DEBUG: <PixTest.cc/moduleMap:L953> h1->GetName() = thr_scurveVcal_Vcal_C15_V0 -> thr_scurveVcal_Vcal_mod
[09:58:00.760]    DEBUG: <PixTest.cc/moduleMap:L943> moduleMap histname: what
[09:58:00.760]    DEBUG: <PixTest.cc/moduleMap:L953> h1->GetName() = thn_scurveVcal_Vcal_C15_V0 -> thn_scurveVcal_Vcal_mod
[09:58:06.976]    DEBUG: <PixTest.cc/moduleMap:L943> moduleMap histname: what
[09:58:06.976]    DEBUG: <PixTest.cc/moduleMap:L953> h1->GetName() = sig_scurveVcal_Vcal_C15_V0 -> sig_scurveVcal_Vcal_mod
[09:58:45.080]    DEBUG: <PixGui.cc/handleButtons:L393> PixGui::exit called
[09:58:45.080]    DEBUG: <PixTestBBMap.cc/~PixTestBBMap:L96> PixTestBBMap dtor
[09:58:45.080]    DEBUG: <PixTestBB2Map.cc/~PixTestBB2Map:L114> PixTestBB2Map dtor
[09:58:45.080]    DEBUG: <PixTestDacDacScan.cc/~PixTestDacDacScan:L135> PixTestDacDacScan dtor
[09:58:45.080]    DEBUG: <PixTestDacScan.cc/~PixTestDacScan:L115> PixTestDacScan dtor
[09:58:45.080]    DEBUG: <PixTestGainPedestal.cc/~PixTestGainPedestal:L121> PixTestGainPedestal dtor
[09:58:45.080]    DEBUG: <PixTestHighRate.cc/~PixTestHighRate:L203> PixTestHighRate dtor
[09:58:45.080]    DEBUG: <PixTestIV.cc/~PixTestIV:L96> PixTestIV dtor
[09:58:45.080]    DEBUG: <PixTestAlive.cc/~PixTestAlive:L108> PixTestAlive dtor
[09:58:45.080]    DEBUG: <PixTestPretest.cc/~PixTestPretest:L133> PixTestPretest dtor
[09:58:45.080]    DEBUG: <PixTestReadback.cc/~PixTestReadback:L89> PixTestReadback dtor, saving tree ... 
[09:58:45.080]    DEBUG: <PixTestScurves.cc/~PixTestScurves:L127> PixTestScurves dtor
[09:58:45.282]    DEBUG: <PixTestTiming.cc/~PixTestTiming:L87> PixTestTiming dtor
[09:58:45.282]    DEBUG: <PixTestTrim.cc/~PixTestTrim:L103> PixTestTrim dtor
[09:58:45.282]    DEBUG: <PixTestXray.cc/~PixTestXray:L215> PixTestXray dtor
[09:58:45.285]    QUIET: Connection to board 58 closed.
[09:58:45.286]    DEBUG: <PixMonitor.cc/dumpSummaries:L34> PixMonitor::dumpSummaries
