[17:10:38.283]     INFO: *** Welcome to pxar ***
[17:10:38.283]     INFO: *** Today: 2015/07/27
[17:10:38.283]     INFO:       reading data/pa225/dacParameters35_C0.dat
[17:10:38.283]     INFO:       reading data/pa225/dacParameters35_C1.dat
[17:10:38.283]     INFO:       reading data/pa225/dacParameters35_C2.dat
[17:10:38.283]     INFO:       reading data/pa225/dacParameters35_C3.dat
[17:10:38.284]     INFO:       reading data/pa225/dacParameters35_C4.dat
[17:10:38.284]     INFO:       reading data/pa225/dacParameters35_C5.dat
[17:10:38.284]     INFO:       reading data/pa225/dacParameters35_C6.dat
[17:10:38.284]     INFO:       reading data/pa225/dacParameters35_C7.dat
[17:10:38.284]     INFO:       reading data/pa225/dacParameters35_C8.dat
[17:10:38.284]     INFO:       reading data/pa225/dacParameters35_C9.dat
[17:10:38.284]     INFO:       reading data/pa225/dacParameters35_C10.dat
[17:10:38.284]     INFO:       reading data/pa225/dacParameters35_C11.dat
[17:10:38.284]     INFO:       reading data/pa225/dacParameters35_C12.dat
[17:10:38.284]     INFO:       reading data/pa225/dacParameters35_C13.dat
[17:10:38.284]     INFO:       reading data/pa225/dacParameters35_C14.dat
[17:10:38.284]     INFO:       reading data/pa225/dacParameters35_C15.dat
[17:10:38.284]     INFO:       reading data/pa225/tbmParameters_C0a.dat
[17:10:38.284]     INFO:       reading data/pa225/tbmParameters_C0b.dat
[17:10:38.284]     INFO:       reading data/pa225/defaultMaskFile.dat
[17:10:38.284]     INFO:       reading data/pa225/trimParameters35_C0.dat
[17:10:38.291]     INFO:       reading data/pa225/trimParameters35_C1.dat
[17:10:38.298]     INFO:       reading data/pa225/trimParameters35_C2.dat
[17:10:38.305]     INFO:       reading data/pa225/trimParameters35_C3.dat
[17:10:38.311]     INFO:       reading data/pa225/trimParameters35_C4.dat
[17:10:38.318]     INFO:       reading data/pa225/trimParameters35_C5.dat
[17:10:38.325]     INFO:       reading data/pa225/trimParameters35_C6.dat
[17:10:38.331]     INFO:       reading data/pa225/trimParameters35_C7.dat
[17:10:38.338]     INFO:       reading data/pa225/trimParameters35_C8.dat
[17:10:38.344]     INFO:       reading data/pa225/trimParameters35_C9.dat
[17:10:38.351]     INFO:       reading data/pa225/trimParameters35_C10.dat
[17:10:38.358]     INFO:       reading data/pa225/trimParameters35_C11.dat
[17:10:38.364]     INFO:       reading data/pa225/trimParameters35_C12.dat
[17:10:38.371]     INFO:       reading data/pa225/trimParameters35_C13.dat
[17:10:38.377]     INFO:       reading data/pa225/trimParameters35_C14.dat
[17:10:38.384]     INFO:       reading data/pa225/trimParameters35_C15.dat
[17:10:38.391]     INFO:       reading data/pa225/tbParameters.dat
[17:10:38.391]     INFO:         clk: 4
[17:10:38.391]     INFO:         ctr: 4
[17:10:38.391]     INFO:         sda: 19
[17:10:38.391]     INFO:         tin: 9
[17:10:38.391]     INFO:         level: 15
[17:10:38.391]     INFO:         triggerdelay: 0
[17:10:38.391]    QUIET: Instanciating API for pxar v1.9.0
[17:10:38.391]     INFO: Log level: INFO
[17:10:38.405]    QUIET: Connection to board DTB_WRPRHI opened.
[17:10:38.411]     INFO: DTB startup information
--- DTB info------------------------------------------
Board id:    58
HW version:  DTB1.2
FW version:  3.2
SW version:  3.6
USB id:      DTB_WRPRHI
MAC address: 40D85511803A
Hostname:    pixelDTB058
Comment:     
------------------------------------------------------
[17:10:38.415]     INFO: RPC call hashes of host and DTB match: 413001178
[17:10:40.025]     INFO: DUT info: 
[17:10:40.025]     INFO: The DUT currently contains the following objects:
[17:10:40.025]     INFO:  2 TBM Cores (2 ON)
[17:10:40.025]     INFO: 	TBM Core alpha (0): 7 registers set
[17:10:40.025]     INFO: 	TBM Core beta  (1): 7 registers set
[17:10:40.025]     INFO: 16 ROCs (16 ON) with 4160 pixelConfigs
[17:10:40.025]     INFO: 	ROC 0: 19 DACs set, Pixels: 0 masked, 4160 active.
[17:10:40.025]     INFO: 	ROC 1: 19 DACs set, Pixels: 0 masked, 4160 active.
[17:10:40.025]     INFO: 	ROC 2: 19 DACs set, Pixels: 0 masked, 4160 active.
[17:10:40.025]     INFO: 	ROC 3: 19 DACs set, Pixels: 0 masked, 4160 active.
[17:10:40.025]     INFO: 	ROC 4: 19 DACs set, Pixels: 0 masked, 4160 active.
[17:10:40.025]     INFO: 	ROC 5: 19 DACs set, Pixels: 0 masked, 4160 active.
[17:10:40.025]     INFO: 	ROC 6: 19 DACs set, Pixels: 0 masked, 4160 active.
[17:10:40.025]     INFO: 	ROC 7: 19 DACs set, Pixels: 0 masked, 4160 active.
[17:10:40.025]     INFO: 	ROC 8: 19 DACs set, Pixels: 0 masked, 4160 active.
[17:10:40.025]     INFO: 	ROC 9: 19 DACs set, Pixels: 0 masked, 4160 active.
[17:10:40.025]     INFO: 	ROC 10: 19 DACs set, Pixels: 0 masked, 4160 active.
[17:10:40.025]     INFO: 	ROC 11: 19 DACs set, Pixels: 0 masked, 4160 active.
[17:10:40.025]     INFO: 	ROC 12: 19 DACs set, Pixels: 0 masked, 4160 active.
[17:10:40.025]     INFO: 	ROC 13: 19 DACs set, Pixels: 0 masked, 4160 active.
[17:10:40.025]     INFO: 	ROC 14: 19 DACs set, Pixels: 0 masked, 4160 active.
[17:10:40.025]     INFO: 	ROC 15: 19 DACs set, Pixels: 0 masked, 4160 active.
[17:10:40.592]     INFO:       reading data/pa225/phCalibrationFitErr35_C0.dat
[17:10:40.608]     INFO:       reading data/pa225/phCalibrationFitErr35_C1.dat
[17:10:40.624]     INFO:       reading data/pa225/phCalibrationFitErr35_C2.dat
[17:10:40.639]     INFO:       reading data/pa225/phCalibrationFitErr35_C3.dat
[17:10:40.655]     INFO:       reading data/pa225/phCalibrationFitErr35_C4.dat
[17:10:40.671]     INFO:       reading data/pa225/phCalibrationFitErr35_C5.dat
[17:10:40.687]     INFO:       reading data/pa225/phCalibrationFitErr35_C6.dat
[17:10:40.702]     INFO:       reading data/pa225/phCalibrationFitErr35_C7.dat
[17:10:40.717]     INFO:       reading data/pa225/phCalibrationFitErr35_C8.dat
[17:10:40.733]     INFO:       reading data/pa225/phCalibrationFitErr35_C9.dat
[17:10:40.749]     INFO:       reading data/pa225/phCalibrationFitErr35_C10.dat
[17:10:40.764]     INFO:       reading data/pa225/phCalibrationFitErr35_C11.dat
[17:10:40.779]     INFO:       reading data/pa225/phCalibrationFitErr35_C12.dat
[17:10:40.794]     INFO:       reading data/pa225/phCalibrationFitErr35_C13.dat
[17:10:40.809]     INFO:       reading data/pa225/phCalibrationFitErr35_C14.dat
[17:10:40.824]     INFO:       reading data/pa225/phCalibrationFitErr35_C15.dat
[17:10:40.900]     INFO:       reading data/pa225/readbackCal_C0.dat
[17:10:40.900]     INFO:       reading data/pa225/readbackCal_C1.dat
[17:10:40.900]     INFO:       reading data/pa225/readbackCal_C2.dat
[17:10:40.900]     INFO:       reading data/pa225/readbackCal_C3.dat
[17:10:40.900]     INFO:       reading data/pa225/readbackCal_C4.dat
[17:10:40.900]     INFO:       reading data/pa225/readbackCal_C5.dat
[17:10:40.900]     INFO:       reading data/pa225/readbackCal_C6.dat
[17:10:40.900]     INFO:       reading data/pa225/readbackCal_C7.dat
[17:10:40.900]     INFO:       reading data/pa225/readbackCal_C8.dat
[17:10:40.900]     INFO:       reading data/pa225/readbackCal_C9.dat
[17:10:40.900]     INFO:       reading data/pa225/readbackCal_C10.dat
[17:10:40.900]     INFO:       reading data/pa225/readbackCal_C11.dat
[17:10:40.900]     INFO:       reading data/pa225/readbackCal_C12.dat
[17:10:40.900]     INFO:       reading data/pa225/readbackCal_C13.dat
[17:10:40.900]     INFO:       reading data/pa225/readbackCal_C14.dat
[17:10:40.900]     INFO:       reading data/pa225/readbackCal_C15.dat
[17:10:44.382]     INFO: ######################################################################
[17:10:44.382]     INFO: PixTestBBMap::doTest() Ntrig = 5, VcalS = 250 (high range)
[17:10:44.382]     INFO: ######################################################################
[17:10:44.386]     INFO: ---> dac: VthrComp name: calSMap ntrig: 5 dacrange: 0 .. 149 hits flags = 2 (plus default)
[17:10:44.419]     INFO:   dacScan step  from 0 .. 49
[17:11:16.828]     INFO: Test took 32409ms.
[17:11:16.979]     INFO: Fetched DAQ statistics. Counters are being reset now.
[17:11:16.979]     INFO:   dacScan step  from 50 .. 99
[17:11:54.869]     INFO: Test took 37890ms.
[17:11:55.399]     INFO: Fetched DAQ statistics. Counters are being reset now.
[17:11:55.581]     INFO:   dacScan step  from 100 .. 149
[17:12:34.309]     INFO: Test took 38727ms.
[17:12:34.829]     INFO: Fetched DAQ statistics. Counters are being reset now.
[17:13:15.905]     INFO: PixTestBBMap::doTest() done, duration: 151 seconds
[17:13:15.905]     INFO: number of dead bumps (per ROC):     6    0    0    2    2    0    3 4068    0    0    0    0    0    0    1    2
[17:13:15.905]     INFO: separation cut       (per ROC):   100   91   91   90   95   92  102   66  106   87   98   97   94  116   98  108
[17:33:04.639]    QUIET: Connection to board 58 closed.
