[13:59:47.038]     INFO: *** Welcome to pxar ***
[13:59:47.038]     INFO: *** Today: 2015/07/27
[13:59:47.038]     INFO:       reading data/pa225/dacParameters35_C0.dat
[13:59:47.038]     INFO:       reading data/pa225/dacParameters35_C1.dat
[13:59:47.038]     INFO:       reading data/pa225/dacParameters35_C2.dat
[13:59:47.038]     INFO:       reading data/pa225/dacParameters35_C3.dat
[13:59:47.038]     INFO:       reading data/pa225/dacParameters35_C4.dat
[13:59:47.038]     INFO:       reading data/pa225/dacParameters35_C5.dat
[13:59:47.038]     INFO:       reading data/pa225/dacParameters35_C6.dat
[13:59:47.038]     INFO:       reading data/pa225/dacParameters35_C7.dat
[13:59:47.038]     INFO:       reading data/pa225/dacParameters35_C8.dat
[13:59:47.038]     INFO:       reading data/pa225/dacParameters35_C9.dat
[13:59:47.038]     INFO:       reading data/pa225/dacParameters35_C10.dat
[13:59:47.038]     INFO:       reading data/pa225/dacParameters35_C11.dat
[13:59:47.039]     INFO:       reading data/pa225/dacParameters35_C12.dat
[13:59:47.039]     INFO:       reading data/pa225/dacParameters35_C13.dat
[13:59:47.039]     INFO:       reading data/pa225/dacParameters35_C14.dat
[13:59:47.039]     INFO:       reading data/pa225/dacParameters35_C15.dat
[13:59:47.039]     INFO:       reading data/pa225/tbmParameters_C0a.dat
[13:59:47.039]     INFO:       reading data/pa225/tbmParameters_C0b.dat
[13:59:47.039]     INFO:       reading data/pa225/defaultMaskFile.dat
[13:59:47.039]     INFO: MASKED Roc 0 col/row: 41 18
[13:59:47.039]     INFO: MASKED Roc 1 col/row: 0 16
[13:59:47.039]     INFO: MASKED Roc 2 col/row: 50 69
[13:59:47.039]     INFO: MASKED Roc 2 col/row: 50 71
[13:59:47.039]     INFO: MASKED Roc 2 col/row: 51 68
[13:59:47.039]     INFO: MASKED Roc 2 col/row: 51 69
[13:59:47.039]     INFO: MASKED Roc 2 col/row: 51 70
[13:59:47.039]     INFO: MASKED Roc 3 col/row: 0 67
[13:59:47.039]     INFO: MASKED Roc 3 col/row: 0 68
[13:59:47.039]     INFO: MASKED Roc 3 col/row: 0 70
[13:59:47.039]     INFO: MASKED Roc 3 col/row: 0 71
[13:59:47.039]     INFO: MASKED Roc 3 col/row: 1 68
[13:59:47.039]     INFO: MASKED Roc 3 col/row: 1 69
[13:59:47.039]     INFO: MASKED Roc 3 col/row: 1 70
[13:59:47.039]     INFO: MASKED Roc 9 col/row: 38 51
[13:59:47.039]     INFO: MASKED Roc 15 col/row: 8 79
[13:59:47.039]     INFO: MASKED Roc 15 col/row: 12 79
[13:59:47.039]     INFO: MASKED Roc 15 col/row: 13 79
[13:59:47.039]     INFO: MASKED Roc 15 col/row: 32 78
[13:59:47.039]     INFO: MASKED Roc 15 col/row: 42 79
[13:59:47.039]     INFO:   masking Roc 0 col/row: 41 18
[13:59:47.040]     INFO:       reading data/pa225/trimParameters35_C0.dat
[13:59:47.046]     INFO:   masking Roc 1 col/row: 0 16
[13:59:47.046]     INFO:       reading data/pa225/trimParameters35_C1.dat
[13:59:47.053]     INFO:   masking Roc 2 col/row: 50 69
[13:59:47.053]     INFO:   masking Roc 2 col/row: 50 71
[13:59:47.053]     INFO:   masking Roc 2 col/row: 51 68
[13:59:47.053]     INFO:   masking Roc 2 col/row: 51 69
[13:59:47.053]     INFO:   masking Roc 2 col/row: 51 70
[13:59:47.053]     INFO:       reading data/pa225/trimParameters35_C2.dat
[13:59:47.060]     INFO:   masking Roc 3 col/row: 0 67
[13:59:47.060]     INFO:   masking Roc 3 col/row: 0 68
[13:59:47.060]     INFO:   masking Roc 3 col/row: 0 70
[13:59:47.060]     INFO:   masking Roc 3 col/row: 0 71
[13:59:47.060]     INFO:   masking Roc 3 col/row: 1 68
[13:59:47.060]     INFO:   masking Roc 3 col/row: 1 69
[13:59:47.060]     INFO:   masking Roc 3 col/row: 1 70
[13:59:47.060]     INFO:       reading data/pa225/trimParameters35_C3.dat
[13:59:47.067]     INFO:       reading data/pa225/trimParameters35_C4.dat
[13:59:47.073]     INFO:       reading data/pa225/trimParameters35_C5.dat
[13:59:47.080]     INFO:       reading data/pa225/trimParameters35_C6.dat
[13:59:47.086]     INFO:       reading data/pa225/trimParameters35_C7.dat
[13:59:47.093]     INFO:       reading data/pa225/trimParameters35_C8.dat
[13:59:47.100]     INFO:   masking Roc 9 col/row: 38 51
[13:59:47.100]     INFO:       reading data/pa225/trimParameters35_C9.dat
[13:59:47.106]     INFO:       reading data/pa225/trimParameters35_C10.dat
[13:59:47.113]     INFO:       reading data/pa225/trimParameters35_C11.dat
[13:59:47.119]     INFO:       reading data/pa225/trimParameters35_C12.dat
[13:59:47.125]     INFO:       reading data/pa225/trimParameters35_C13.dat
[13:59:47.132]     INFO:       reading data/pa225/trimParameters35_C14.dat
[13:59:47.138]     INFO:   masking Roc 15 col/row: 8 79
[13:59:47.138]     INFO:   masking Roc 15 col/row: 12 79
[13:59:47.138]     INFO:   masking Roc 15 col/row: 13 79
[13:59:47.138]     INFO:   masking Roc 15 col/row: 32 78
[13:59:47.139]     INFO:   masking Roc 15 col/row: 42 79
[13:59:47.139]     INFO:       reading data/pa225/trimParameters35_C15.dat
[13:59:47.145]     INFO:       reading data/pa225/tbParameters.dat
[13:59:47.145]     INFO:         clk: 4
[13:59:47.145]     INFO:         ctr: 4
[13:59:47.145]     INFO:         sda: 19
[13:59:47.145]     INFO:         tin: 9
[13:59:47.145]     INFO:         level: 15
[13:59:47.145]     INFO:         triggerdelay: 0
[13:59:47.146]    QUIET: Instanciating API for pxar v1.9.0
[13:59:47.146]     INFO: Log level: INFO
[13:59:47.159]    QUIET: Connection to board DTB_WRPRHI opened.
[13:59:47.163]     INFO: DTB startup information
--- DTB info------------------------------------------
Board id:    58
HW version:  DTB1.2
FW version:  3.2
SW version:  3.6
USB id:      DTB_WRPRHI
MAC address: 40D85511803A
Hostname:    pixelDTB058
Comment:     
------------------------------------------------------
[13:59:47.166]     INFO: RPC call hashes of host and DTB match: 413001178
[13:59:48.776]     INFO: DUT info: 
[13:59:48.776]     INFO: The DUT currently contains the following objects:
[13:59:48.776]     INFO:  2 TBM Cores (2 ON)
[13:59:48.776]     INFO: 	TBM Core alpha (0): 7 registers set
[13:59:48.776]     INFO: 	TBM Core beta  (1): 7 registers set
[13:59:48.776]     INFO: 16 ROCs (16 ON) with 4160 pixelConfigs
[13:59:48.776]     INFO: 	ROC 0: 19 DACs set, Pixels: 1 masked, 4160 active.
[13:59:48.776]     INFO: 	ROC 1: 19 DACs set, Pixels: 1 masked, 4160 active.
[13:59:48.776]     INFO: 	ROC 2: 19 DACs set, Pixels: 5 masked, 4160 active.
[13:59:48.776]     INFO: 	ROC 3: 19 DACs set, Pixels: 7 masked, 4160 active.
[13:59:48.776]     INFO: 	ROC 4: 19 DACs set, Pixels: 0 masked, 4160 active.
[13:59:48.776]     INFO: 	ROC 5: 19 DACs set, Pixels: 0 masked, 4160 active.
[13:59:48.776]     INFO: 	ROC 6: 19 DACs set, Pixels: 0 masked, 4160 active.
[13:59:48.776]     INFO: 	ROC 7: 19 DACs set, Pixels: 0 masked, 4160 active.
[13:59:48.776]     INFO: 	ROC 8: 19 DACs set, Pixels: 0 masked, 4160 active.
[13:59:48.776]     INFO: 	ROC 9: 19 DACs set, Pixels: 1 masked, 4160 active.
[13:59:48.776]     INFO: 	ROC 10: 19 DACs set, Pixels: 0 masked, 4160 active.
[13:59:48.776]     INFO: 	ROC 11: 19 DACs set, Pixels: 0 masked, 4160 active.
[13:59:48.776]     INFO: 	ROC 12: 19 DACs set, Pixels: 0 masked, 4160 active.
[13:59:48.776]     INFO: 	ROC 13: 19 DACs set, Pixels: 0 masked, 4160 active.
[13:59:48.776]     INFO: 	ROC 14: 19 DACs set, Pixels: 0 masked, 4160 active.
[13:59:48.776]     INFO: 	ROC 15: 19 DACs set, Pixels: 5 masked, 4160 active.
[13:59:49.344]     INFO:       reading data/pa225/phCalibrationFitErr35_C0.dat
[13:59:49.361]     INFO:       reading data/pa225/phCalibrationFitErr35_C1.dat
[13:59:49.376]     INFO:       reading data/pa225/phCalibrationFitErr35_C2.dat
[13:59:49.392]     INFO:       reading data/pa225/phCalibrationFitErr35_C3.dat
[13:59:49.407]     INFO:       reading data/pa225/phCalibrationFitErr35_C4.dat
[13:59:49.423]     INFO:       reading data/pa225/phCalibrationFitErr35_C5.dat
[13:59:49.439]     INFO:       reading data/pa225/phCalibrationFitErr35_C6.dat
[13:59:49.455]     INFO:       reading data/pa225/phCalibrationFitErr35_C7.dat
[13:59:49.470]     INFO:       reading data/pa225/phCalibrationFitErr35_C8.dat
[13:59:49.486]     INFO:       reading data/pa225/phCalibrationFitErr35_C9.dat
[13:59:49.502]     INFO:       reading data/pa225/phCalibrationFitErr35_C10.dat
[13:59:49.517]     INFO:       reading data/pa225/phCalibrationFitErr35_C11.dat
[13:59:49.533]     INFO:       reading data/pa225/phCalibrationFitErr35_C12.dat
[13:59:49.548]     INFO:       reading data/pa225/phCalibrationFitErr35_C13.dat
[13:59:49.564]     INFO:       reading data/pa225/phCalibrationFitErr35_C14.dat
[13:59:49.579]     INFO:       reading data/pa225/phCalibrationFitErr35_C15.dat
[13:59:49.657]     INFO:       reading data/pa225/readbackCal_C0.dat
[13:59:49.657]     INFO:       reading data/pa225/readbackCal_C1.dat
[13:59:49.658]     INFO:       reading data/pa225/readbackCal_C2.dat
[13:59:49.658]     INFO:       reading data/pa225/readbackCal_C3.dat
[13:59:49.658]     INFO:       reading data/pa225/readbackCal_C4.dat
[13:59:49.658]     INFO:       reading data/pa225/readbackCal_C5.dat
[13:59:49.658]     INFO:       reading data/pa225/readbackCal_C6.dat
[13:59:49.658]     INFO:       reading data/pa225/readbackCal_C7.dat
[13:59:49.658]     INFO:       reading data/pa225/readbackCal_C8.dat
[13:59:49.658]     INFO:       reading data/pa225/readbackCal_C9.dat
[13:59:49.658]     INFO:       reading data/pa225/readbackCal_C10.dat
[13:59:49.658]     INFO:       reading data/pa225/readbackCal_C11.dat
[13:59:49.658]     INFO:       reading data/pa225/readbackCal_C12.dat
[13:59:49.658]     INFO:       reading data/pa225/readbackCal_C13.dat
[13:59:49.658]     INFO:       reading data/pa225/readbackCal_C14.dat
[13:59:49.658]     INFO:       reading data/pa225/readbackCal_C15.dat
[13:59:52.641]     INFO: ######################################################################
[13:59:52.641]     INFO: PixTestXray::doTest()
[13:59:52.641]     INFO: ######################################################################
[13:59:52.641]     INFO:    ----------------------------------------------------------------------
[13:59:52.641]     INFO:    PixTestXray::doPhRun() fParRunSeconds = 240
[13:59:52.641]     INFO:    ----------------------------------------------------------------------
[13:59:52.643]     INFO:       reading data/pa225/defaultMaskFile.dat
[13:59:52.643]     INFO: ROC 0 masking pixel 41/18
[13:59:52.643]     INFO: ROC 1 masking pixel 0/16
[13:59:52.643]     INFO: ROC 2 masking pixel 50/69
[13:59:52.643]     INFO: ROC 2 masking pixel 50/71
[13:59:52.643]     INFO: ROC 2 masking pixel 51/68
[13:59:52.643]     INFO: ROC 2 masking pixel 51/69
[13:59:52.643]     INFO: ROC 2 masking pixel 51/70
[13:59:52.643]     INFO: ROC 3 masking pixel 0/67
[13:59:52.643]     INFO: ROC 3 masking pixel 0/68
[13:59:52.643]     INFO: ROC 3 masking pixel 0/70
[13:59:52.643]     INFO: ROC 3 masking pixel 0/71
[13:59:52.643]     INFO: ROC 3 masking pixel 1/68
[13:59:52.643]     INFO: ROC 3 masking pixel 1/69
[13:59:52.643]     INFO: ROC 3 masking pixel 1/70
[13:59:52.644]     INFO: ROC 9 masking pixel 38/51
[13:59:52.644]     INFO: ROC 15 masking pixel 8/79
[13:59:52.644]     INFO: ROC 15 masking pixel 12/79
[13:59:52.644]     INFO: ROC 15 masking pixel 13/79
[13:59:52.644]     INFO: ROC 15 masking pixel 32/78
[13:59:52.644]     INFO: ROC 15 masking pixel 42/79
[13:59:52.644]  WARNING: Pattern generator does not contain a trigger signal. No data is expected from the DUT!
[13:59:53.621]     INFO: IGNORE THE WARNING ABOVE (resetROC sent)!
[13:59:54.801]     INFO: PixTestXray::doPhRun start TriggerLoop with trigger frequency 100 kHz, period 405 and duration 240 seconds,  fEventsMax = 24000000
[14:00:11.926]     INFO: run duration 17 seconds, buffer almost full (81%), pausing triggers.
[14:00:30.544]     INFO: Resuming triggers.
[14:00:47.672]     INFO: run duration 34 seconds, buffer almost full (81%), pausing triggers.
[14:00:52.269]    ERROR: <datapipe.cc/DecodeDeser400:L294> Number of ROCs (2) != Token Chain Length (8)
[14:00:52.269]    ERROR: <datapipe.cc/CheckEventID:L127>    Event ID mismatch:  local ID (29) !=  TBM ID (84)
[14:00:52.269]    ERROR: <datapipe.cc/CheckEventID:L127>    Event ID mismatch:  local ID (85) !=  TBM ID (56)
[14:00:52.269]  WARNING: ROC 0: Readback start marker after 15 readouts!
[14:00:52.269]    ERROR: <datapipe.cc/DecodeDeser400:L294> Number of ROCs (3) != Token Chain Length (8)
[14:00:52.269]    ERROR: <datapipe.cc/CheckEventID:L127>    Event ID mismatch:  local ID (57) !=  TBM ID (30)
[14:00:52.269]  WARNING: ROC 0: Readback start marker after 2 readouts!
[14:00:52.269]  WARNING: ROC 1: Readback start marker after 17 readouts!
[14:00:52.269]  WARNING: ROC 3: Readback start marker after 15 readouts!
[14:00:52.269]  WARNING: ROC 6: Readback start marker after 15 readouts!
[14:00:52.269]  WARNING: ROC 7: Readback start marker after 15 readouts!
[14:00:52.269]  WARNING: ROC 4: Readback start marker after 31 readouts!
[14:00:52.269]  WARNING: ROC 5: Readback start marker after 31 readouts!
[14:01:07.538]     INFO: Resuming triggers.
[14:01:24.668]     INFO: run duration 51 seconds, buffer almost full (81%), pausing triggers.
[14:01:43.362]     INFO: Resuming triggers.
[14:02:00.552]     INFO: run duration 68 seconds, buffer almost full (81%), pausing triggers.
[14:02:20.484]     INFO: Resuming triggers.
[14:02:37.614]     INFO: run duration 85 seconds, buffer almost full (81%), pausing triggers.
[14:02:56.253]     INFO: Resuming triggers.
[14:03:13.383]     INFO: run duration 102 seconds, buffer almost full (81%), pausing triggers.
[14:03:33.212]     INFO: Resuming triggers.
[14:03:50.369]     INFO: run duration 119 seconds, buffer almost full (81%), pausing triggers.
[14:04:08.991]     INFO: Resuming triggers.
[14:04:26.121]     INFO: run duration 137 seconds, buffer almost full (81%), pausing triggers.
[14:04:45.906]     INFO: Resuming triggers.
[14:05:03.034]     INFO: run duration 154 seconds, buffer almost full (81%), pausing triggers.
[14:05:22.778]     INFO: Resuming triggers.
[14:05:39.920]     INFO: run duration 171 seconds, buffer almost full (81%), pausing triggers.
[14:05:58.580]     INFO: Resuming triggers.
[14:06:15.709]     INFO: run duration 188 seconds, buffer almost full (81%), pausing triggers.
[14:06:34.263]     INFO: Resuming triggers.
[14:06:51.393]     INFO: run duration 205 seconds, buffer almost full (81%), pausing triggers.
[14:07:11.122]     INFO: Resuming triggers.
[14:07:28.267]     INFO: run duration 222 seconds, buffer almost full (81%), pausing triggers.
[14:07:48.139]     INFO: Resuming triggers.
[14:08:05.328]     INFO: run duration 239 seconds, buffer almost full (81%), pausing triggers.
[14:08:24.034]     INFO: Resuming triggers.
[14:08:24.083]     INFO: data taking finished, elapsed time: 240 seconds.
[14:08:24.388]     INFO: PixTest::       pg_setup set to default.
[14:08:24.416]     INFO: PixTestXray::doPhRun() done
[14:08:24.416]     INFO: PixTestXray::doTest() done 
[14:12:56.435]    QUIET: Connection to board 58 closed.
