[15:32:55.453]     INFO: *** Welcome to pxar ***
[15:32:55.453]     INFO: *** Today: 2015/07/24
[15:32:55.453]     INFO:       reading data/pa225/dacParameters35_C0.dat
[15:32:55.453]     INFO:       reading data/pa225/dacParameters35_C1.dat
[15:32:55.453]     INFO:       reading data/pa225/dacParameters35_C2.dat
[15:32:55.453]     INFO:       reading data/pa225/dacParameters35_C3.dat
[15:32:55.453]     INFO:       reading data/pa225/dacParameters35_C4.dat
[15:32:55.453]     INFO:       reading data/pa225/dacParameters35_C5.dat
[15:32:55.454]     INFO:       reading data/pa225/dacParameters35_C6.dat
[15:32:55.454]     INFO:       reading data/pa225/dacParameters35_C7.dat
[15:32:55.454]     INFO:       reading data/pa225/dacParameters35_C8.dat
[15:32:55.454]     INFO:       reading data/pa225/dacParameters35_C9.dat
[15:32:55.454]     INFO:       reading data/pa225/dacParameters35_C10.dat
[15:32:55.454]     INFO:       reading data/pa225/dacParameters35_C11.dat
[15:32:55.454]     INFO:       reading data/pa225/dacParameters35_C12.dat
[15:32:55.454]     INFO:       reading data/pa225/dacParameters35_C13.dat
[15:32:55.454]     INFO:       reading data/pa225/dacParameters35_C14.dat
[15:32:55.454]     INFO:       reading data/pa225/dacParameters35_C15.dat
[15:32:55.454]     INFO:       reading data/pa225/tbmParameters_C0a.dat
[15:32:55.454]     INFO:       reading data/pa225/tbmParameters_C0b.dat
[15:32:55.454]     INFO:       reading data/pa225/defaultMaskFile.dat
[15:32:55.454]     INFO: MASKED Roc 0 col/row: 41 18
[15:32:55.454]     INFO: MASKED Roc 1 col/row: 0 16
[15:32:55.454]     INFO: MASKED Roc 2 col/row: 50 69
[15:32:55.454]     INFO: MASKED Roc 2 col/row: 50 71
[15:32:55.454]     INFO: MASKED Roc 2 col/row: 51 68
[15:32:55.454]     INFO: MASKED Roc 2 col/row: 51 69
[15:32:55.454]     INFO: MASKED Roc 2 col/row: 51 70
[15:32:55.454]     INFO: MASKED Roc 3 col/row: 0 67
[15:32:55.454]     INFO: MASKED Roc 3 col/row: 0 68
[15:32:55.454]     INFO: MASKED Roc 3 col/row: 0 70
[15:32:55.454]     INFO: MASKED Roc 3 col/row: 0 71
[15:32:55.454]     INFO: MASKED Roc 3 col/row: 1 68
[15:32:55.454]     INFO: MASKED Roc 3 col/row: 1 69
[15:32:55.454]     INFO: MASKED Roc 3 col/row: 1 70
[15:32:55.454]     INFO: MASKED Roc 9 col/row: 38 51
[15:32:55.454]     INFO: MASKED Roc 15 col/row: 8 79
[15:32:55.454]     INFO: MASKED Roc 15 col/row: 12 79
[15:32:55.455]     INFO: MASKED Roc 15 col/row: 13 79
[15:32:55.455]     INFO: MASKED Roc 15 col/row: 32 78
[15:32:55.455]     INFO: MASKED Roc 15 col/row: 42 79
[15:32:55.455]     INFO:   masking Roc 0 col/row: 41 18
[15:32:55.455]     INFO:       reading data/pa225/trimParameters35_C0.dat
[15:32:55.461]     INFO:   masking Roc 1 col/row: 0 16
[15:32:55.462]     INFO:       reading data/pa225/trimParameters35_C1.dat
[15:32:55.468]     INFO:   masking Roc 2 col/row: 50 69
[15:32:55.468]     INFO:   masking Roc 2 col/row: 50 71
[15:32:55.468]     INFO:   masking Roc 2 col/row: 51 68
[15:32:55.468]     INFO:   masking Roc 2 col/row: 51 69
[15:32:55.468]     INFO:   masking Roc 2 col/row: 51 70
[15:32:55.468]     INFO:       reading data/pa225/trimParameters35_C2.dat
[15:32:55.475]     INFO:   masking Roc 3 col/row: 0 67
[15:32:55.475]     INFO:   masking Roc 3 col/row: 0 68
[15:32:55.475]     INFO:   masking Roc 3 col/row: 0 70
[15:32:55.475]     INFO:   masking Roc 3 col/row: 0 71
[15:32:55.475]     INFO:   masking Roc 3 col/row: 1 68
[15:32:55.475]     INFO:   masking Roc 3 col/row: 1 69
[15:32:55.475]     INFO:   masking Roc 3 col/row: 1 70
[15:32:55.475]     INFO:       reading data/pa225/trimParameters35_C3.dat
[15:32:55.482]     INFO:       reading data/pa225/trimParameters35_C4.dat
[15:32:55.489]     INFO:       reading data/pa225/trimParameters35_C5.dat
[15:32:55.495]     INFO:       reading data/pa225/trimParameters35_C6.dat
[15:32:55.501]     INFO:       reading data/pa225/trimParameters35_C7.dat
[15:32:55.508]     INFO:       reading data/pa225/trimParameters35_C8.dat
[15:32:55.515]     INFO:   masking Roc 9 col/row: 38 51
[15:32:55.515]     INFO:       reading data/pa225/trimParameters35_C9.dat
[15:32:55.521]     INFO:       reading data/pa225/trimParameters35_C10.dat
[15:32:55.528]     INFO:       reading data/pa225/trimParameters35_C11.dat
[15:32:55.534]     INFO:       reading data/pa225/trimParameters35_C12.dat
[15:32:55.541]     INFO:       reading data/pa225/trimParameters35_C13.dat
[15:32:55.547]     INFO:       reading data/pa225/trimParameters35_C14.dat
[15:32:55.554]     INFO:   masking Roc 15 col/row: 8 79
[15:32:55.554]     INFO:   masking Roc 15 col/row: 12 79
[15:32:55.554]     INFO:   masking Roc 15 col/row: 13 79
[15:32:55.554]     INFO:   masking Roc 15 col/row: 32 78
[15:32:55.554]     INFO:   masking Roc 15 col/row: 42 79
[15:32:55.554]     INFO:       reading data/pa225/trimParameters35_C15.dat
[15:32:55.560]     INFO:       reading data/pa225/tbParameters.dat
[15:32:55.561]     INFO:         clk: 4
[15:32:55.561]     INFO:         ctr: 4
[15:32:55.561]     INFO:         sda: 19
[15:32:55.561]     INFO:         tin: 9
[15:32:55.561]     INFO:         level: 15
[15:32:55.561]     INFO:         triggerdelay: 0
[15:32:55.561]    QUIET: Instanciating API for pxar v1.9.0
[15:32:55.561]     INFO: Log level: INFO
[15:32:55.574]    QUIET: Connection to board DTB_WRPRHI opened.
[15:32:55.578]     INFO: DTB startup information
--- DTB info------------------------------------------
Board id:    58
HW version:  DTB1.2
FW version:  3.2
SW version:  3.6
USB id:      DTB_WRPRHI
MAC address: 40D85511803A
Hostname:    pixelDTB058
Comment:     
------------------------------------------------------
[15:32:55.581]     INFO: RPC call hashes of host and DTB match: 413001178
[15:32:57.190]     INFO: DUT info: 
[15:32:57.190]     INFO: The DUT currently contains the following objects:
[15:32:57.191]     INFO:  2 TBM Cores (2 ON)
[15:32:57.191]     INFO: 	TBM Core alpha (0): 7 registers set
[15:32:57.191]     INFO: 	TBM Core beta  (1): 7 registers set
[15:32:57.191]     INFO: 16 ROCs (16 ON) with 4160 pixelConfigs
[15:32:57.191]     INFO: 	ROC 0: 19 DACs set, Pixels: 1 masked, 4160 active.
[15:32:57.191]     INFO: 	ROC 1: 19 DACs set, Pixels: 1 masked, 4160 active.
[15:32:57.191]     INFO: 	ROC 2: 19 DACs set, Pixels: 5 masked, 4160 active.
[15:32:57.191]     INFO: 	ROC 3: 19 DACs set, Pixels: 7 masked, 4160 active.
[15:32:57.191]     INFO: 	ROC 4: 19 DACs set, Pixels: 0 masked, 4160 active.
[15:32:57.191]     INFO: 	ROC 5: 19 DACs set, Pixels: 0 masked, 4160 active.
[15:32:57.191]     INFO: 	ROC 6: 19 DACs set, Pixels: 0 masked, 4160 active.
[15:32:57.191]     INFO: 	ROC 7: 19 DACs set, Pixels: 0 masked, 4160 active.
[15:32:57.191]     INFO: 	ROC 8: 19 DACs set, Pixels: 0 masked, 4160 active.
[15:32:57.191]     INFO: 	ROC 9: 19 DACs set, Pixels: 1 masked, 4160 active.
[15:32:57.191]     INFO: 	ROC 10: 19 DACs set, Pixels: 0 masked, 4160 active.
[15:32:57.191]     INFO: 	ROC 11: 19 DACs set, Pixels: 0 masked, 4160 active.
[15:32:57.191]     INFO: 	ROC 12: 19 DACs set, Pixels: 0 masked, 4160 active.
[15:32:57.191]     INFO: 	ROC 13: 19 DACs set, Pixels: 0 masked, 4160 active.
[15:32:57.191]     INFO: 	ROC 14: 19 DACs set, Pixels: 0 masked, 4160 active.
[15:32:57.191]     INFO: 	ROC 15: 19 DACs set, Pixels: 5 masked, 4160 active.
[15:32:57.757]     INFO:       reading data/pa225/phCalibrationFitErr35_C0.dat
[15:32:57.774]     INFO:       reading data/pa225/phCalibrationFitErr35_C1.dat
[15:32:57.790]     INFO:       reading data/pa225/phCalibrationFitErr35_C2.dat
[15:32:57.806]     INFO:       reading data/pa225/phCalibrationFitErr35_C3.dat
[15:32:57.821]     INFO:       reading data/pa225/phCalibrationFitErr35_C4.dat
[15:32:57.837]     INFO:       reading data/pa225/phCalibrationFitErr35_C5.dat
[15:32:57.853]     INFO:       reading data/pa225/phCalibrationFitErr35_C6.dat
[15:32:57.868]     INFO:       reading data/pa225/phCalibrationFitErr35_C7.dat
[15:32:57.884]     INFO:       reading data/pa225/phCalibrationFitErr35_C8.dat
[15:32:57.900]     INFO:       reading data/pa225/phCalibrationFitErr35_C9.dat
[15:32:57.916]     INFO:       reading data/pa225/phCalibrationFitErr35_C10.dat
[15:32:57.931]     INFO:       reading data/pa225/phCalibrationFitErr35_C11.dat
[15:32:57.947]     INFO:       reading data/pa225/phCalibrationFitErr35_C12.dat
[15:32:57.962]     INFO:       reading data/pa225/phCalibrationFitErr35_C13.dat
[15:32:57.977]     INFO:       reading data/pa225/phCalibrationFitErr35_C14.dat
[15:32:57.993]     INFO:       reading data/pa225/phCalibrationFitErr35_C15.dat
[15:32:58.072]     INFO:       reading data/pa225/readbackCal_C0.dat
[15:32:58.072]     INFO:       reading data/pa225/readbackCal_C1.dat
[15:32:58.072]     INFO:       reading data/pa225/readbackCal_C2.dat
[15:32:58.072]     INFO:       reading data/pa225/readbackCal_C3.dat
[15:32:58.072]     INFO:       reading data/pa225/readbackCal_C4.dat
[15:32:58.072]     INFO:       reading data/pa225/readbackCal_C5.dat
[15:32:58.072]     INFO:       reading data/pa225/readbackCal_C6.dat
[15:32:58.072]     INFO:       reading data/pa225/readbackCal_C7.dat
[15:32:58.072]     INFO:       reading data/pa225/readbackCal_C8.dat
[15:32:58.072]     INFO:       reading data/pa225/readbackCal_C9.dat
[15:32:58.072]     INFO:       reading data/pa225/readbackCal_C10.dat
[15:32:58.072]     INFO:       reading data/pa225/readbackCal_C11.dat
[15:32:58.072]     INFO:       reading data/pa225/readbackCal_C12.dat
[15:32:58.072]     INFO:       reading data/pa225/readbackCal_C13.dat
[15:32:58.072]     INFO:       reading data/pa225/readbackCal_C14.dat
[15:32:58.072]     INFO:       reading data/pa225/readbackCal_C15.dat
[15:33:03.295]     INFO: ######################################################################
[15:33:03.295]     INFO: PixTestXray::doTest()
[15:33:03.295]     INFO: ######################################################################
[15:33:03.295]     INFO:    ----------------------------------------------------------------------
[15:33:03.295]     INFO:    PixTestXray::doPhRun() fParRunSeconds = 240
[15:33:03.295]     INFO:    ----------------------------------------------------------------------
[15:33:03.297]     INFO:       reading data/pa225/defaultMaskFile.dat
[15:33:03.297]     INFO: ROC 0 masking pixel 41/18
[15:33:03.297]     INFO: ROC 1 masking pixel 0/16
[15:33:03.297]     INFO: ROC 2 masking pixel 50/69
[15:33:03.297]     INFO: ROC 2 masking pixel 50/71
[15:33:03.297]     INFO: ROC 2 masking pixel 51/68
[15:33:03.297]     INFO: ROC 2 masking pixel 51/69
[15:33:03.297]     INFO: ROC 2 masking pixel 51/70
[15:33:03.297]     INFO: ROC 3 masking pixel 0/67
[15:33:03.297]     INFO: ROC 3 masking pixel 0/68
[15:33:03.297]     INFO: ROC 3 masking pixel 0/70
[15:33:03.297]     INFO: ROC 3 masking pixel 0/71
[15:33:03.297]     INFO: ROC 3 masking pixel 1/68
[15:33:03.297]     INFO: ROC 3 masking pixel 1/69
[15:33:03.297]     INFO: ROC 3 masking pixel 1/70
[15:33:03.297]     INFO: ROC 9 masking pixel 38/51
[15:33:03.297]     INFO: ROC 15 masking pixel 8/79
[15:33:03.297]     INFO: ROC 15 masking pixel 12/79
[15:33:03.297]     INFO: ROC 15 masking pixel 13/79
[15:33:03.297]     INFO: ROC 15 masking pixel 32/78
[15:33:03.297]     INFO: ROC 15 masking pixel 42/79
[15:33:03.297]  WARNING: Pattern generator does not contain a trigger signal. No data is expected from the DUT!
[15:33:04.276]     INFO: IGNORE THE WARNING ABOVE (resetROC sent)!
[15:33:05.471]     INFO: PixTestXray::doPhRun start TriggerLoop with trigger frequency 100 kHz, period 405 and duration 240 seconds,  fEventsMax = 24000000
[15:33:22.603]     INFO: run duration 17 seconds, buffer almost full (81%), pausing triggers.
[15:33:41.346]     INFO: Resuming triggers.
[15:33:58.531]     INFO: run duration 34 seconds, buffer almost full (81%), pausing triggers.
[15:34:02.753]    ERROR: <datapipe.cc/CheckEventID:L127>    Event ID mismatch:  local ID (6) !=  TBM ID (190)
[15:34:02.753]    ERROR: <datapipe.cc/CheckEventID:L127>    Event ID mismatch:  local ID (191) !=  TBM ID (7)
[15:34:16.853]     INFO: Resuming triggers.
[15:34:33.981]     INFO: run duration 51 seconds, buffer almost full (81%), pausing triggers.
[15:34:51.325]     INFO: Resuming triggers.
[15:35:08.453]     INFO: run duration 68 seconds, buffer almost full (81%), pausing triggers.
[15:35:27.170]     INFO: Resuming triggers.
[15:35:44.314]     INFO: run duration 85 seconds, buffer almost full (81%), pausing triggers.
[15:36:02.995]     INFO: Resuming triggers.
[15:36:20.124]     INFO: run duration 102 seconds, buffer almost full (81%), pausing triggers.
[15:36:39.951]     INFO: Resuming triggers.
[15:36:57.123]     INFO: run duration 120 seconds, buffer almost full (81%), pausing triggers.
[15:37:15.482]     INFO: Resuming triggers.
[15:37:32.608]     INFO: run duration 137 seconds, buffer almost full (81%), pausing triggers.
[15:37:52.456]     INFO: Resuming triggers.
[15:38:09.599]     INFO: run duration 154 seconds, buffer almost full (81%), pausing triggers.
[15:38:29.563]     INFO: Resuming triggers.
[15:38:46.693]     INFO: run duration 171 seconds, buffer almost full (81%), pausing triggers.
[15:39:04.245]     INFO: Resuming triggers.
[15:39:21.387]     INFO: run duration 188 seconds, buffer almost full (81%), pausing triggers.
[15:39:41.403]     INFO: Resuming triggers.
[15:39:58.532]     INFO: run duration 205 seconds, buffer almost full (81%), pausing triggers.
[15:40:18.515]     INFO: Resuming triggers.
[15:40:35.645]     INFO: run duration 222 seconds, buffer almost full (81%), pausing triggers.
[15:40:55.332]     INFO: Resuming triggers.
[15:41:12.462]     INFO: run duration 239 seconds, buffer almost full (81%), pausing triggers.
[15:41:30.851]     INFO: Resuming triggers.
[15:41:30.942]     INFO: data taking finished, elapsed time: 240 seconds.
[15:41:31.304]     INFO: PixTest::       pg_setup set to default.
[15:41:31.332]     INFO: PixTestXray::doPhRun() done
[15:41:31.332]     INFO: PixTestXray::doTest() done 
[15:44:13.605]    QUIET: Connection to board 58 closed.
