[15:56:50.047]     INFO: *** Welcome to pxar ***
[15:56:50.047]     INFO: *** Today: 2015/07/27
[15:56:50.048]     INFO:       reading data/pa225/dacParameters35_C0.dat
[15:56:50.048]     INFO:       reading data/pa225/dacParameters35_C1.dat
[15:56:50.048]     INFO:       reading data/pa225/dacParameters35_C2.dat
[15:56:50.048]     INFO:       reading data/pa225/dacParameters35_C3.dat
[15:56:50.048]     INFO:       reading data/pa225/dacParameters35_C4.dat
[15:56:50.048]     INFO:       reading data/pa225/dacParameters35_C5.dat
[15:56:50.048]     INFO:       reading data/pa225/dacParameters35_C6.dat
[15:56:50.048]     INFO:       reading data/pa225/dacParameters35_C7.dat
[15:56:50.048]     INFO:       reading data/pa225/dacParameters35_C8.dat
[15:56:50.048]     INFO:       reading data/pa225/dacParameters35_C9.dat
[15:56:50.048]     INFO:       reading data/pa225/dacParameters35_C10.dat
[15:56:50.048]     INFO:       reading data/pa225/dacParameters35_C11.dat
[15:56:50.048]     INFO:       reading data/pa225/dacParameters35_C12.dat
[15:56:50.048]     INFO:       reading data/pa225/dacParameters35_C13.dat
[15:56:50.048]     INFO:       reading data/pa225/dacParameters35_C14.dat
[15:56:50.048]     INFO:       reading data/pa225/dacParameters35_C15.dat
[15:56:50.049]     INFO:       reading data/pa225/tbmParameters_C0a.dat
[15:56:50.049]     INFO:       reading data/pa225/tbmParameters_C0b.dat
[15:56:50.049]     INFO:       reading data/pa225/defaultMaskFile.dat
[15:56:50.049]     INFO:       reading data/pa225/trimParameters35_C0.dat
[15:56:50.055]     INFO:       reading data/pa225/trimParameters35_C1.dat
[15:56:50.062]     INFO:       reading data/pa225/trimParameters35_C2.dat
[15:56:50.068]     INFO:       reading data/pa225/trimParameters35_C3.dat
[15:56:50.075]     INFO:       reading data/pa225/trimParameters35_C4.dat
[15:56:50.081]     INFO:       reading data/pa225/trimParameters35_C5.dat
[15:56:50.088]     INFO:       reading data/pa225/trimParameters35_C6.dat
[15:56:50.094]     INFO:       reading data/pa225/trimParameters35_C7.dat
[15:56:50.101]     INFO:       reading data/pa225/trimParameters35_C8.dat
[15:56:50.107]     INFO:       reading data/pa225/trimParameters35_C9.dat
[15:56:50.114]     INFO:       reading data/pa225/trimParameters35_C10.dat
[15:56:50.120]     INFO:       reading data/pa225/trimParameters35_C11.dat
[15:56:50.126]     INFO:       reading data/pa225/trimParameters35_C12.dat
[15:56:50.133]     INFO:       reading data/pa225/trimParameters35_C13.dat
[15:56:50.139]     INFO:       reading data/pa225/trimParameters35_C14.dat
[15:56:50.146]     INFO:       reading data/pa225/trimParameters35_C15.dat
[15:56:50.152]     INFO:       reading data/pa225/tbParameters.dat
[15:56:50.152]     INFO:         clk: 4
[15:56:50.152]     INFO:         ctr: 4
[15:56:50.152]     INFO:         sda: 19
[15:56:50.152]     INFO:         tin: 9
[15:56:50.152]     INFO:         level: 15
[15:56:50.152]     INFO:         triggerdelay: 0
[15:56:50.153]    QUIET: Instanciating API for pxar v1.9.0
[15:56:50.153]     INFO: Log level: INFO
[15:56:50.166]    QUIET: Connection to board DTB_WRPRHI opened.
[15:56:50.169]     INFO: DTB startup information
--- DTB info------------------------------------------
Board id:    58
HW version:  DTB1.2
FW version:  3.2
SW version:  3.6
USB id:      DTB_WRPRHI
MAC address: 40D85511803A
Hostname:    pixelDTB058
Comment:     
------------------------------------------------------
[15:56:50.173]     INFO: RPC call hashes of host and DTB match: 413001178
[15:56:51.782]     INFO: DUT info: 
[15:56:51.782]     INFO: The DUT currently contains the following objects:
[15:56:51.782]     INFO:  2 TBM Cores (2 ON)
[15:56:51.782]     INFO: 	TBM Core alpha (0): 7 registers set
[15:56:51.782]     INFO: 	TBM Core beta  (1): 7 registers set
[15:56:51.782]     INFO: 16 ROCs (16 ON) with 4160 pixelConfigs
[15:56:51.782]     INFO: 	ROC 0: 19 DACs set, Pixels: 0 masked, 4160 active.
[15:56:51.782]     INFO: 	ROC 1: 19 DACs set, Pixels: 0 masked, 4160 active.
[15:56:51.783]     INFO: 	ROC 2: 19 DACs set, Pixels: 0 masked, 4160 active.
[15:56:51.783]     INFO: 	ROC 3: 19 DACs set, Pixels: 0 masked, 4160 active.
[15:56:51.783]     INFO: 	ROC 4: 19 DACs set, Pixels: 0 masked, 4160 active.
[15:56:51.783]     INFO: 	ROC 5: 19 DACs set, Pixels: 0 masked, 4160 active.
[15:56:51.783]     INFO: 	ROC 6: 19 DACs set, Pixels: 0 masked, 4160 active.
[15:56:51.783]     INFO: 	ROC 7: 19 DACs set, Pixels: 0 masked, 4160 active.
[15:56:51.783]     INFO: 	ROC 8: 19 DACs set, Pixels: 0 masked, 4160 active.
[15:56:51.783]     INFO: 	ROC 9: 19 DACs set, Pixels: 0 masked, 4160 active.
[15:56:51.783]     INFO: 	ROC 10: 19 DACs set, Pixels: 0 masked, 4160 active.
[15:56:51.783]     INFO: 	ROC 11: 19 DACs set, Pixels: 0 masked, 4160 active.
[15:56:51.783]     INFO: 	ROC 12: 19 DACs set, Pixels: 0 masked, 4160 active.
[15:56:51.783]     INFO: 	ROC 13: 19 DACs set, Pixels: 0 masked, 4160 active.
[15:56:51.783]     INFO: 	ROC 14: 19 DACs set, Pixels: 0 masked, 4160 active.
[15:56:51.783]     INFO: 	ROC 15: 19 DACs set, Pixels: 0 masked, 4160 active.
[15:56:52.348]     INFO:       reading data/pa225/phCalibrationFitErr35_C0.dat
[15:56:52.348]    ERROR: <ConfigParameters.cc/readGainPedestalParameters:L953> cannot open data/pa225/phCalibrationFitErr35_C0.dat for reading PH calibration constants
[15:56:52.400]     INFO:       reading data/pa225/phCalibrationFitErr35_C0.dat
[15:56:52.400]    ERROR: <ConfigParameters.cc/readGainPedestalParameters:L953> cannot open data/pa225/phCalibrationFitErr35_C0.dat for reading PH calibration constants
[15:56:52.440]     INFO:       reading data/pa225/readbackCal_C0.dat
[15:56:52.440]     INFO:       reading data/pa225/readbackCal_C1.dat
[15:56:52.440]     INFO:       reading data/pa225/readbackCal_C2.dat
[15:56:52.440]     INFO:       reading data/pa225/readbackCal_C3.dat
[15:56:52.440]     INFO:       reading data/pa225/readbackCal_C4.dat
[15:56:52.440]     INFO:       reading data/pa225/readbackCal_C5.dat
[15:56:52.440]     INFO:       reading data/pa225/readbackCal_C6.dat
[15:56:52.440]     INFO:       reading data/pa225/readbackCal_C7.dat
[15:56:52.440]     INFO:       reading data/pa225/readbackCal_C8.dat
[15:56:52.440]     INFO:       reading data/pa225/readbackCal_C9.dat
[15:56:52.440]     INFO:       reading data/pa225/readbackCal_C10.dat
[15:56:52.440]     INFO:       reading data/pa225/readbackCal_C11.dat
[15:56:52.440]     INFO:       reading data/pa225/readbackCal_C12.dat
[15:56:52.440]     INFO:       reading data/pa225/readbackCal_C13.dat
[15:56:52.440]     INFO:       reading data/pa225/readbackCal_C14.dat
[15:56:52.440]     INFO:       reading data/pa225/readbackCal_C15.dat
[15:56:52.441]     INFO:       reading data/pa225/phCalibrationFitErr35_C0.dat
[15:56:52.441]    ERROR: <ConfigParameters.cc/readGainPedestalParameters:L953> cannot open data/pa225/phCalibrationFitErr35_C0.dat for reading PH calibration constants
[15:56:52.465]     INFO:       reading data/pa225/phCalibrationFitErr35_C0.dat
[15:56:52.465]    ERROR: <ConfigParameters.cc/readGainPedestalParameters:L953> cannot open data/pa225/phCalibrationFitErr35_C0.dat for reading PH calibration constants
[15:57:10.972]    QUIET: Connection to board 58 closed.
