[13:23:03.595]     INFO: *** Welcome to pxar ***
[13:23:03.595]     INFO: *** Today: 2015/07/27
[13:23:03.595]     INFO:       reading data/pa225/dacParameters35_C0.dat
[13:23:03.614]     INFO:       reading data/pa225/dacParameters35_C1.dat
[13:23:03.614]     INFO:       reading data/pa225/dacParameters35_C2.dat
[13:23:03.615]     INFO:       reading data/pa225/dacParameters35_C3.dat
[13:23:03.615]     INFO:       reading data/pa225/dacParameters35_C4.dat
[13:23:03.615]     INFO:       reading data/pa225/dacParameters35_C5.dat
[13:23:03.615]     INFO:       reading data/pa225/dacParameters35_C6.dat
[13:23:03.615]     INFO:       reading data/pa225/dacParameters35_C7.dat
[13:23:03.615]     INFO:       reading data/pa225/dacParameters35_C8.dat
[13:23:03.616]     INFO:       reading data/pa225/dacParameters35_C9.dat
[13:23:03.616]     INFO:       reading data/pa225/dacParameters35_C10.dat
[13:23:03.616]     INFO:       reading data/pa225/dacParameters35_C11.dat
[13:23:03.616]     INFO:       reading data/pa225/dacParameters35_C12.dat
[13:23:03.616]     INFO:       reading data/pa225/dacParameters35_C13.dat
[13:23:03.616]     INFO:       reading data/pa225/dacParameters35_C14.dat
[13:23:03.616]     INFO:       reading data/pa225/dacParameters35_C15.dat
[13:23:03.617]     INFO:       reading data/pa225/tbmParameters_C0a.dat
[13:23:03.625]     INFO:       reading data/pa225/tbmParameters_C0b.dat
[13:23:03.628]     INFO:       reading data/pa225/defaultMaskFile.dat
[13:23:03.637]     INFO: MASKED Roc 0 col/row: 41 18
[13:23:03.637]     INFO: MASKED Roc 1 col/row: 0 16
[13:23:03.637]     INFO: MASKED Roc 2 col/row: 50 69
[13:23:03.637]     INFO: MASKED Roc 2 col/row: 50 71
[13:23:03.637]     INFO: MASKED Roc 2 col/row: 51 68
[13:23:03.637]     INFO: MASKED Roc 2 col/row: 51 69
[13:23:03.637]     INFO: MASKED Roc 2 col/row: 51 70
[13:23:03.637]     INFO: MASKED Roc 3 col/row: 0 67
[13:23:03.637]     INFO: MASKED Roc 3 col/row: 0 68
[13:23:03.637]     INFO: MASKED Roc 3 col/row: 0 70
[13:23:03.638]     INFO: MASKED Roc 3 col/row: 0 71
[13:23:03.638]     INFO: MASKED Roc 3 col/row: 1 68
[13:23:03.638]     INFO: MASKED Roc 3 col/row: 1 69
[13:23:03.638]     INFO: MASKED Roc 3 col/row: 1 70
[13:23:03.638]     INFO: MASKED Roc 9 col/row: 38 51
[13:23:03.638]     INFO: MASKED Roc 15 col/row: 8 79
[13:23:03.638]     INFO: MASKED Roc 15 col/row: 12 79
[13:23:03.638]     INFO: MASKED Roc 15 col/row: 13 79
[13:23:03.638]     INFO: MASKED Roc 15 col/row: 32 78
[13:23:03.638]     INFO: MASKED Roc 15 col/row: 42 79
[13:23:03.638]     INFO:   masking Roc 0 col/row: 41 18
[13:23:03.638]     INFO:       reading data/pa225/trimParameters35_C0.dat
[13:23:03.657]     INFO:   masking Roc 1 col/row: 0 16
[13:23:03.657]     INFO:       reading data/pa225/trimParameters35_C1.dat
[13:23:03.664]     INFO:   masking Roc 2 col/row: 50 69
[13:23:03.664]     INFO:   masking Roc 2 col/row: 50 71
[13:23:03.664]     INFO:   masking Roc 2 col/row: 51 68
[13:23:03.664]     INFO:   masking Roc 2 col/row: 51 69
[13:23:03.664]     INFO:   masking Roc 2 col/row: 51 70
[13:23:03.664]     INFO:       reading data/pa225/trimParameters35_C2.dat
[13:23:03.671]     INFO:   masking Roc 3 col/row: 0 67
[13:23:03.671]     INFO:   masking Roc 3 col/row: 0 68
[13:23:03.671]     INFO:   masking Roc 3 col/row: 0 70
[13:23:03.671]     INFO:   masking Roc 3 col/row: 0 71
[13:23:03.671]     INFO:   masking Roc 3 col/row: 1 68
[13:23:03.671]     INFO:   masking Roc 3 col/row: 1 69
[13:23:03.671]     INFO:   masking Roc 3 col/row: 1 70
[13:23:03.671]     INFO:       reading data/pa225/trimParameters35_C3.dat
[13:23:03.678]     INFO:       reading data/pa225/trimParameters35_C4.dat
[13:23:03.685]     INFO:       reading data/pa225/trimParameters35_C5.dat
[13:23:03.692]     INFO:       reading data/pa225/trimParameters35_C6.dat
[13:23:03.698]     INFO:       reading data/pa225/trimParameters35_C7.dat
[13:23:03.705]     INFO:       reading data/pa225/trimParameters35_C8.dat
[13:23:03.712]     INFO:   masking Roc 9 col/row: 38 51
[13:23:03.712]     INFO:       reading data/pa225/trimParameters35_C9.dat
[13:23:03.719]     INFO:       reading data/pa225/trimParameters35_C10.dat
[13:23:03.725]     INFO:       reading data/pa225/trimParameters35_C11.dat
[13:23:03.732]     INFO:       reading data/pa225/trimParameters35_C12.dat
[13:23:03.739]     INFO:       reading data/pa225/trimParameters35_C13.dat
[13:23:03.746]     INFO:       reading data/pa225/trimParameters35_C14.dat
[13:23:03.752]     INFO:   masking Roc 15 col/row: 8 79
[13:23:03.752]     INFO:   masking Roc 15 col/row: 12 79
[13:23:03.752]     INFO:   masking Roc 15 col/row: 13 79
[13:23:03.752]     INFO:   masking Roc 15 col/row: 32 78
[13:23:03.752]     INFO:   masking Roc 15 col/row: 42 79
[13:23:03.752]     INFO:       reading data/pa225/trimParameters35_C15.dat
[13:23:03.759]     INFO:       reading data/pa225/tbParameters.dat
[13:23:03.760]     INFO:         clk: 4
[13:23:03.760]     INFO:         ctr: 4
[13:23:03.760]     INFO:         sda: 19
[13:23:03.760]     INFO:         tin: 9
[13:23:03.760]     INFO:         level: 15
[13:23:03.760]     INFO:         triggerdelay: 0
[13:23:03.760]    QUIET: Instanciating API for pxar v1.9.0
[13:23:03.760]     INFO: Log level: INFO
[13:23:03.773]    QUIET: Connection to board DTB_WRPRHI opened.
[13:23:03.777]     INFO: DTB startup information
--- DTB info------------------------------------------
Board id:    58
HW version:  DTB1.2
FW version:  3.2
SW version:  3.6
USB id:      DTB_WRPRHI
MAC address: 40D85511803A
Hostname:    pixelDTB058
Comment:     
------------------------------------------------------
[13:23:03.780]     INFO: RPC call hashes of host and DTB match: 413001178
[13:23:05.390]     INFO: DUT info: 
[13:23:05.390]     INFO: The DUT currently contains the following objects:
[13:23:05.390]     INFO:  2 TBM Cores (2 ON)
[13:23:05.390]     INFO: 	TBM Core alpha (0): 7 registers set
[13:23:05.390]     INFO: 	TBM Core beta  (1): 7 registers set
[13:23:05.390]     INFO: 16 ROCs (16 ON) with 4160 pixelConfigs
[13:23:05.390]     INFO: 	ROC 0: 19 DACs set, Pixels: 1 masked, 4160 active.
[13:23:05.390]     INFO: 	ROC 1: 19 DACs set, Pixels: 1 masked, 4160 active.
[13:23:05.390]     INFO: 	ROC 2: 19 DACs set, Pixels: 5 masked, 4160 active.
[13:23:05.390]     INFO: 	ROC 3: 19 DACs set, Pixels: 7 masked, 4160 active.
[13:23:05.390]     INFO: 	ROC 4: 19 DACs set, Pixels: 0 masked, 4160 active.
[13:23:05.390]     INFO: 	ROC 5: 19 DACs set, Pixels: 0 masked, 4160 active.
[13:23:05.390]     INFO: 	ROC 6: 19 DACs set, Pixels: 0 masked, 4160 active.
[13:23:05.390]     INFO: 	ROC 7: 19 DACs set, Pixels: 0 masked, 4160 active.
[13:23:05.390]     INFO: 	ROC 8: 19 DACs set, Pixels: 0 masked, 4160 active.
[13:23:05.390]     INFO: 	ROC 9: 19 DACs set, Pixels: 1 masked, 4160 active.
[13:23:05.390]     INFO: 	ROC 10: 19 DACs set, Pixels: 0 masked, 4160 active.
[13:23:05.390]     INFO: 	ROC 11: 19 DACs set, Pixels: 0 masked, 4160 active.
[13:23:05.390]     INFO: 	ROC 12: 19 DACs set, Pixels: 0 masked, 4160 active.
[13:23:05.390]     INFO: 	ROC 13: 19 DACs set, Pixels: 0 masked, 4160 active.
[13:23:05.390]     INFO: 	ROC 14: 19 DACs set, Pixels: 0 masked, 4160 active.
[13:23:05.390]     INFO: 	ROC 15: 19 DACs set, Pixels: 5 masked, 4160 active.
[13:23:06.196]     INFO:       reading data/pa225/phCalibrationFitErr35_C0.dat
[13:23:06.222]     INFO:       reading data/pa225/phCalibrationFitErr35_C1.dat
[13:23:06.239]     INFO:       reading data/pa225/phCalibrationFitErr35_C2.dat
[13:23:06.255]     INFO:       reading data/pa225/phCalibrationFitErr35_C3.dat
[13:23:06.272]     INFO:       reading data/pa225/phCalibrationFitErr35_C4.dat
[13:23:06.289]     INFO:       reading data/pa225/phCalibrationFitErr35_C5.dat
[13:23:06.306]     INFO:       reading data/pa225/phCalibrationFitErr35_C6.dat
[13:23:06.322]     INFO:       reading data/pa225/phCalibrationFitErr35_C7.dat
[13:23:06.348]     INFO:       reading data/pa225/phCalibrationFitErr35_C8.dat
[13:23:06.370]     INFO:       reading data/pa225/phCalibrationFitErr35_C9.dat
[13:23:06.393]     INFO:       reading data/pa225/phCalibrationFitErr35_C10.dat
[13:23:06.410]     INFO:       reading data/pa225/phCalibrationFitErr35_C11.dat
[13:23:06.426]     INFO:       reading data/pa225/phCalibrationFitErr35_C12.dat
[13:23:06.443]     INFO:       reading data/pa225/phCalibrationFitErr35_C13.dat
[13:23:06.459]     INFO:       reading data/pa225/phCalibrationFitErr35_C14.dat
[13:23:06.475]     INFO:       reading data/pa225/phCalibrationFitErr35_C15.dat
[13:23:06.555]     INFO:       reading data/pa225/readbackCal_C0.dat
[13:23:06.561]     INFO:       reading data/pa225/readbackCal_C1.dat
[13:23:06.561]     INFO:       reading data/pa225/readbackCal_C2.dat
[13:23:06.562]     INFO:       reading data/pa225/readbackCal_C3.dat
[13:23:06.567]     INFO:       reading data/pa225/readbackCal_C4.dat
[13:23:06.567]     INFO:       reading data/pa225/readbackCal_C5.dat
[13:23:06.567]     INFO:       reading data/pa225/readbackCal_C6.dat
[13:23:06.568]     INFO:       reading data/pa225/readbackCal_C7.dat
[13:23:06.568]     INFO:       reading data/pa225/readbackCal_C8.dat
[13:23:06.568]     INFO:       reading data/pa225/readbackCal_C9.dat
[13:23:06.568]     INFO:       reading data/pa225/readbackCal_C10.dat
[13:23:06.568]     INFO:       reading data/pa225/readbackCal_C11.dat
[13:23:06.568]     INFO:       reading data/pa225/readbackCal_C12.dat
[13:23:06.569]     INFO:       reading data/pa225/readbackCal_C13.dat
[13:23:06.569]     INFO:       reading data/pa225/readbackCal_C14.dat
[13:23:06.569]     INFO:       reading data/pa225/readbackCal_C15.dat
[13:23:24.209]     INFO: changing rootfilenme: ../pa225data/floroSn200_pa225_0727.root
[13:23:29.641]     INFO: ######################################################################
[13:23:29.641]     INFO: PixTestXray::doTest()
[13:23:29.641]     INFO: ######################################################################
[13:23:29.641]     INFO:    ----------------------------------------------------------------------
[13:23:29.641]     INFO:    PixTestXray::doPhRun() fParRunSeconds = 240
[13:23:29.641]     INFO:    ----------------------------------------------------------------------
[13:23:29.643]     INFO:       reading data/pa225/defaultMaskFile.dat
[13:23:29.643]     INFO: ROC 0 masking pixel 41/18
[13:23:29.643]     INFO: ROC 1 masking pixel 0/16
[13:23:29.643]     INFO: ROC 2 masking pixel 50/69
[13:23:29.643]     INFO: ROC 2 masking pixel 50/71
[13:23:29.643]     INFO: ROC 2 masking pixel 51/68
[13:23:29.643]     INFO: ROC 2 masking pixel 51/69
[13:23:29.643]     INFO: ROC 2 masking pixel 51/70
[13:23:29.643]     INFO: ROC 3 masking pixel 0/67
[13:23:29.643]     INFO: ROC 3 masking pixel 0/68
[13:23:29.643]     INFO: ROC 3 masking pixel 0/70
[13:23:29.643]     INFO: ROC 3 masking pixel 0/71
[13:23:29.643]     INFO: ROC 3 masking pixel 1/68
[13:23:29.643]     INFO: ROC 3 masking pixel 1/69
[13:23:29.643]     INFO: ROC 3 masking pixel 1/70
[13:23:29.643]     INFO: ROC 9 masking pixel 38/51
[13:23:29.643]     INFO: ROC 15 masking pixel 8/79
[13:23:29.643]     INFO: ROC 15 masking pixel 12/79
[13:23:29.643]     INFO: ROC 15 masking pixel 13/79
[13:23:29.643]     INFO: ROC 15 masking pixel 32/78
[13:23:29.643]     INFO: ROC 15 masking pixel 42/79
[13:23:29.643]  WARNING: Pattern generator does not contain a trigger signal. No data is expected from the DUT!
[13:23:30.621]     INFO: IGNORE THE WARNING ABOVE (resetROC sent)!
[13:23:31.801]     INFO: PixTestXray::doPhRun start TriggerLoop with trigger frequency 100 kHz, period 405 and duration 240 seconds,  fEventsMax = 24000000
[13:23:48.923]     INFO: run duration 17 seconds, buffer almost full (81%), pausing triggers.
[13:24:07.657]     INFO: Resuming triggers.
[13:24:24.784]     INFO: run duration 34 seconds, buffer almost full (81%), pausing triggers.
[13:24:29.345]    ERROR: <datapipe.cc/DecodeDeser400:L294> Number of ROCs (4) != Token Chain Length (8)
[13:24:29.345]    ERROR: <datapipe.cc/CheckEventID:L127>    Event ID mismatch:  local ID (236) !=  TBM ID (237)
[13:24:29.345]  WARNING: ROC 0: Readback start marker after 15 readouts!
[13:24:29.345]  WARNING: ROC 1: Readback start marker after 15 readouts!
[13:24:29.345]  WARNING: ROC 2: Readback start marker after 15 readouts!
[13:24:29.345]  WARNING: ROC 3: Readback start marker after 15 readouts!
[13:24:29.345]  WARNING: ROC 4: Readback start marker after 14 readouts!
[13:24:29.345]  WARNING: ROC 5: Readback start marker after 14 readouts!
[13:24:29.345]  WARNING: ROC 6: Readback start marker after 14 readouts!
[13:24:29.345]  WARNING: ROC 7: Readback start marker after 14 readouts!
[13:24:44.503]     INFO: Resuming triggers.
[13:25:01.632]     INFO: run duration 51 seconds, buffer almost full (81%), pausing triggers.
[13:25:21.428]     INFO: Resuming triggers.
[13:25:38.557]     INFO: run duration 68 seconds, buffer almost full (81%), pausing triggers.
[13:25:55.719]     INFO: Resuming triggers.
[13:26:12.847]     INFO: run duration 85 seconds, buffer almost full (81%), pausing triggers.
[13:26:30.164]     INFO: Resuming triggers.
[13:26:47.293]     INFO: run duration 102 seconds, buffer almost full (81%), pausing triggers.
[13:27:07.260]     INFO: Resuming triggers.
[13:27:24.403]     INFO: run duration 119 seconds, buffer almost full (81%), pausing triggers.
[13:27:42.956]     INFO: Resuming triggers.
[13:28:00.082]     INFO: run duration 137 seconds, buffer almost full (81%), pausing triggers.
[13:28:18.611]     INFO: Resuming triggers.
[13:28:35.798]     INFO: run duration 154 seconds, buffer almost full (81%), pausing triggers.
[13:28:54.245]     INFO: Resuming triggers.
[13:29:11.390]     INFO: run duration 171 seconds, buffer almost full (81%), pausing triggers.
[13:29:31.352]     INFO: Resuming triggers.
[13:29:48.496]     INFO: run duration 188 seconds, buffer almost full (81%), pausing triggers.
[13:30:08.420]     INFO: Resuming triggers.
[13:30:25.548]     INFO: run duration 205 seconds, buffer almost full (81%), pausing triggers.
[13:30:43.885]     INFO: Resuming triggers.
[13:31:01.013]     INFO: run duration 222 seconds, buffer almost full (81%), pausing triggers.
[13:31:20.784]     INFO: Resuming triggers.
[13:31:37.909]     INFO: run duration 239 seconds, buffer almost full (81%), pausing triggers.
[13:31:57.671]     INFO: Resuming triggers.
[13:31:57.815]     INFO: data taking finished, elapsed time: 240 seconds.
[13:31:58.192]     INFO: PixTest::       pg_setup set to default.
[13:31:58.247]     INFO: PixTestXray::doPhRun() done
[13:31:58.247]     INFO: PixTestXray::doTest() done 
