[15:15:11.948]     INFO: *** Welcome to pxar ***
[15:15:11.948]     INFO: *** Today: 2015/07/24
[15:15:11.948]     INFO:       reading data/pa225/dacParameters35_C0.dat
[15:15:11.948]     INFO:       reading data/pa225/dacParameters35_C1.dat
[15:15:11.948]     INFO:       reading data/pa225/dacParameters35_C2.dat
[15:15:11.948]     INFO:       reading data/pa225/dacParameters35_C3.dat
[15:15:11.948]     INFO:       reading data/pa225/dacParameters35_C4.dat
[15:15:11.948]     INFO:       reading data/pa225/dacParameters35_C5.dat
[15:15:11.948]     INFO:       reading data/pa225/dacParameters35_C6.dat
[15:15:11.948]     INFO:       reading data/pa225/dacParameters35_C7.dat
[15:15:11.948]     INFO:       reading data/pa225/dacParameters35_C8.dat
[15:15:11.948]     INFO:       reading data/pa225/dacParameters35_C9.dat
[15:15:11.948]     INFO:       reading data/pa225/dacParameters35_C10.dat
[15:15:11.948]     INFO:       reading data/pa225/dacParameters35_C11.dat
[15:15:11.948]     INFO:       reading data/pa225/dacParameters35_C12.dat
[15:15:11.948]     INFO:       reading data/pa225/dacParameters35_C13.dat
[15:15:11.949]     INFO:       reading data/pa225/dacParameters35_C14.dat
[15:15:11.949]     INFO:       reading data/pa225/dacParameters35_C15.dat
[15:15:11.949]     INFO:       reading data/pa225/tbmParameters_C0a.dat
[15:15:11.949]     INFO:       reading data/pa225/tbmParameters_C0b.dat
[15:15:11.949]     INFO:       reading data/pa225/defaultMaskFile.dat
[15:15:11.949]     INFO: MASKED Roc 0 col/row: 41 18
[15:15:11.949]     INFO: MASKED Roc 1 col/row: 0 16
[15:15:11.949]     INFO: MASKED Roc 2 col/row: 50 69
[15:15:11.949]     INFO: MASKED Roc 2 col/row: 50 71
[15:15:11.949]     INFO: MASKED Roc 2 col/row: 51 68
[15:15:11.949]     INFO: MASKED Roc 2 col/row: 51 69
[15:15:11.949]     INFO: MASKED Roc 2 col/row: 51 70
[15:15:11.949]     INFO: MASKED Roc 3 col/row: 0 67
[15:15:11.949]     INFO: MASKED Roc 3 col/row: 0 68
[15:15:11.949]     INFO: MASKED Roc 3 col/row: 0 70
[15:15:11.949]     INFO: MASKED Roc 3 col/row: 0 71
[15:15:11.949]     INFO: MASKED Roc 3 col/row: 1 68
[15:15:11.949]     INFO: MASKED Roc 3 col/row: 1 69
[15:15:11.949]     INFO: MASKED Roc 3 col/row: 1 70
[15:15:11.949]     INFO: MASKED Roc 9 col/row: 38 51
[15:15:11.949]     INFO: MASKED Roc 15 col/row: 8 79
[15:15:11.949]     INFO: MASKED Roc 15 col/row: 12 79
[15:15:11.949]     INFO: MASKED Roc 15 col/row: 13 79
[15:15:11.949]     INFO: MASKED Roc 15 col/row: 32 78
[15:15:11.949]     INFO: MASKED Roc 15 col/row: 42 79
[15:15:11.949]     INFO:   masking Roc 0 col/row: 41 18
[15:15:11.949]     INFO:       reading data/pa225/trimParameters35_C0.dat
[15:15:11.956]     INFO:   masking Roc 1 col/row: 0 16
[15:15:11.956]     INFO:       reading data/pa225/trimParameters35_C1.dat
[15:15:11.963]     INFO:   masking Roc 2 col/row: 50 69
[15:15:11.963]     INFO:   masking Roc 2 col/row: 50 71
[15:15:11.963]     INFO:   masking Roc 2 col/row: 51 68
[15:15:11.963]     INFO:   masking Roc 2 col/row: 51 69
[15:15:11.963]     INFO:   masking Roc 2 col/row: 51 70
[15:15:11.963]     INFO:       reading data/pa225/trimParameters35_C2.dat
[15:15:11.970]     INFO:   masking Roc 3 col/row: 0 67
[15:15:11.970]     INFO:   masking Roc 3 col/row: 0 68
[15:15:11.970]     INFO:   masking Roc 3 col/row: 0 70
[15:15:11.970]     INFO:   masking Roc 3 col/row: 0 71
[15:15:11.970]     INFO:   masking Roc 3 col/row: 1 68
[15:15:11.970]     INFO:   masking Roc 3 col/row: 1 69
[15:15:11.970]     INFO:   masking Roc 3 col/row: 1 70
[15:15:11.970]     INFO:       reading data/pa225/trimParameters35_C3.dat
[15:15:11.977]     INFO:       reading data/pa225/trimParameters35_C4.dat
[15:15:11.983]     INFO:       reading data/pa225/trimParameters35_C5.dat
[15:15:11.990]     INFO:       reading data/pa225/trimParameters35_C6.dat
[15:15:11.996]     INFO:       reading data/pa225/trimParameters35_C7.dat
[15:15:12.003]     INFO:       reading data/pa225/trimParameters35_C8.dat
[15:15:12.010]     INFO:   masking Roc 9 col/row: 38 51
[15:15:12.010]     INFO:       reading data/pa225/trimParameters35_C9.dat
[15:15:12.016]     INFO:       reading data/pa225/trimParameters35_C10.dat
[15:15:12.023]     INFO:       reading data/pa225/trimParameters35_C11.dat
[15:15:12.029]     INFO:       reading data/pa225/trimParameters35_C12.dat
[15:15:12.036]     INFO:       reading data/pa225/trimParameters35_C13.dat
[15:15:12.042]     INFO:       reading data/pa225/trimParameters35_C14.dat
[15:15:12.049]     INFO:   masking Roc 15 col/row: 8 79
[15:15:12.049]     INFO:   masking Roc 15 col/row: 12 79
[15:15:12.049]     INFO:   masking Roc 15 col/row: 13 79
[15:15:12.049]     INFO:   masking Roc 15 col/row: 32 78
[15:15:12.049]     INFO:   masking Roc 15 col/row: 42 79
[15:15:12.049]     INFO:       reading data/pa225/trimParameters35_C15.dat
[15:15:12.056]     INFO:       reading data/pa225/tbParameters.dat
[15:15:12.056]     INFO:         clk: 4
[15:15:12.056]     INFO:         ctr: 4
[15:15:12.056]     INFO:         sda: 19
[15:15:12.056]     INFO:         tin: 9
[15:15:12.056]     INFO:         level: 15
[15:15:12.056]     INFO:         triggerdelay: 0
[15:15:12.056]    QUIET: Instanciating API for pxar v1.9.0
[15:15:12.056]     INFO: Log level: INFO
[15:15:12.069]    QUIET: Connection to board DTB_WRPRHI opened.
[15:15:12.073]     INFO: DTB startup information
--- DTB info------------------------------------------
Board id:    58
HW version:  DTB1.2
FW version:  3.2
SW version:  3.6
USB id:      DTB_WRPRHI
MAC address: 40D85511803A
Hostname:    pixelDTB058
Comment:     
------------------------------------------------------
[15:15:12.076]     INFO: RPC call hashes of host and DTB match: 413001178
[15:15:13.686]     INFO: DUT info: 
[15:15:13.686]     INFO: The DUT currently contains the following objects:
[15:15:13.686]     INFO:  2 TBM Cores (2 ON)
[15:15:13.686]     INFO: 	TBM Core alpha (0): 7 registers set
[15:15:13.686]     INFO: 	TBM Core beta  (1): 7 registers set
[15:15:13.686]     INFO: 16 ROCs (16 ON) with 4160 pixelConfigs
[15:15:13.686]     INFO: 	ROC 0: 19 DACs set, Pixels: 1 masked, 4160 active.
[15:15:13.686]     INFO: 	ROC 1: 19 DACs set, Pixels: 1 masked, 4160 active.
[15:15:13.686]     INFO: 	ROC 2: 19 DACs set, Pixels: 5 masked, 4160 active.
[15:15:13.686]     INFO: 	ROC 3: 19 DACs set, Pixels: 7 masked, 4160 active.
[15:15:13.686]     INFO: 	ROC 4: 19 DACs set, Pixels: 0 masked, 4160 active.
[15:15:13.686]     INFO: 	ROC 5: 19 DACs set, Pixels: 0 masked, 4160 active.
[15:15:13.686]     INFO: 	ROC 6: 19 DACs set, Pixels: 0 masked, 4160 active.
[15:15:13.686]     INFO: 	ROC 7: 19 DACs set, Pixels: 0 masked, 4160 active.
[15:15:13.686]     INFO: 	ROC 8: 19 DACs set, Pixels: 0 masked, 4160 active.
[15:15:13.686]     INFO: 	ROC 9: 19 DACs set, Pixels: 1 masked, 4160 active.
[15:15:13.686]     INFO: 	ROC 10: 19 DACs set, Pixels: 0 masked, 4160 active.
[15:15:13.686]     INFO: 	ROC 11: 19 DACs set, Pixels: 0 masked, 4160 active.
[15:15:13.686]     INFO: 	ROC 12: 19 DACs set, Pixels: 0 masked, 4160 active.
[15:15:13.686]     INFO: 	ROC 13: 19 DACs set, Pixels: 0 masked, 4160 active.
[15:15:13.686]     INFO: 	ROC 14: 19 DACs set, Pixels: 0 masked, 4160 active.
[15:15:13.686]     INFO: 	ROC 15: 19 DACs set, Pixels: 5 masked, 4160 active.
[15:15:14.254]     INFO:       reading data/pa225/phCalibrationFitErr35_C0.dat
[15:15:14.271]     INFO:       reading data/pa225/phCalibrationFitErr35_C1.dat
[15:15:14.286]     INFO:       reading data/pa225/phCalibrationFitErr35_C2.dat
[15:15:14.302]     INFO:       reading data/pa225/phCalibrationFitErr35_C3.dat
[15:15:14.317]     INFO:       reading data/pa225/phCalibrationFitErr35_C4.dat
[15:15:14.333]     INFO:       reading data/pa225/phCalibrationFitErr35_C5.dat
[15:15:14.348]     INFO:       reading data/pa225/phCalibrationFitErr35_C6.dat
[15:15:14.364]     INFO:       reading data/pa225/phCalibrationFitErr35_C7.dat
[15:15:14.379]     INFO:       reading data/pa225/phCalibrationFitErr35_C8.dat
[15:15:14.396]     INFO:       reading data/pa225/phCalibrationFitErr35_C9.dat
[15:15:14.411]     INFO:       reading data/pa225/phCalibrationFitErr35_C10.dat
[15:15:14.426]     INFO:       reading data/pa225/phCalibrationFitErr35_C11.dat
[15:15:14.442]     INFO:       reading data/pa225/phCalibrationFitErr35_C12.dat
[15:15:14.457]     INFO:       reading data/pa225/phCalibrationFitErr35_C13.dat
[15:15:14.473]     INFO:       reading data/pa225/phCalibrationFitErr35_C14.dat
[15:15:14.488]     INFO:       reading data/pa225/phCalibrationFitErr35_C15.dat
[15:15:14.567]     INFO:       reading data/pa225/readbackCal_C0.dat
[15:15:14.567]     INFO:       reading data/pa225/readbackCal_C1.dat
[15:15:14.567]     INFO:       reading data/pa225/readbackCal_C2.dat
[15:15:14.567]     INFO:       reading data/pa225/readbackCal_C3.dat
[15:15:14.567]     INFO:       reading data/pa225/readbackCal_C4.dat
[15:15:14.567]     INFO:       reading data/pa225/readbackCal_C5.dat
[15:15:14.567]     INFO:       reading data/pa225/readbackCal_C6.dat
[15:15:14.567]     INFO:       reading data/pa225/readbackCal_C7.dat
[15:15:14.567]     INFO:       reading data/pa225/readbackCal_C8.dat
[15:15:14.567]     INFO:       reading data/pa225/readbackCal_C9.dat
[15:15:14.567]     INFO:       reading data/pa225/readbackCal_C10.dat
[15:15:14.567]     INFO:       reading data/pa225/readbackCal_C11.dat
[15:15:14.567]     INFO:       reading data/pa225/readbackCal_C12.dat
[15:15:14.568]     INFO:       reading data/pa225/readbackCal_C13.dat
[15:15:14.568]     INFO:       reading data/pa225/readbackCal_C14.dat
[15:15:14.568]     INFO:       reading data/pa225/readbackCal_C15.dat
[15:15:21.135]     INFO: ######################################################################
[15:15:21.135]     INFO: PixTestXray::doTest()
[15:15:21.135]     INFO: ######################################################################
[15:15:21.135]     INFO:    ----------------------------------------------------------------------
[15:15:21.135]     INFO:    PixTestXray::doPhRun() fParRunSeconds = 240
[15:15:21.135]     INFO:    ----------------------------------------------------------------------
[15:15:21.137]     INFO:       reading data/pa225/defaultMaskFile.dat
[15:15:21.137]     INFO: ROC 0 masking pixel 41/18
[15:15:21.137]     INFO: ROC 1 masking pixel 0/16
[15:15:21.137]     INFO: ROC 2 masking pixel 50/69
[15:15:21.137]     INFO: ROC 2 masking pixel 50/71
[15:15:21.137]     INFO: ROC 2 masking pixel 51/68
[15:15:21.137]     INFO: ROC 2 masking pixel 51/69
[15:15:21.137]     INFO: ROC 2 masking pixel 51/70
[15:15:21.137]     INFO: ROC 3 masking pixel 0/67
[15:15:21.137]     INFO: ROC 3 masking pixel 0/68
[15:15:21.137]     INFO: ROC 3 masking pixel 0/70
[15:15:21.137]     INFO: ROC 3 masking pixel 0/71
[15:15:21.137]     INFO: ROC 3 masking pixel 1/68
[15:15:21.137]     INFO: ROC 3 masking pixel 1/69
[15:15:21.137]     INFO: ROC 3 masking pixel 1/70
[15:15:21.137]     INFO: ROC 9 masking pixel 38/51
[15:15:21.137]     INFO: ROC 15 masking pixel 8/79
[15:15:21.137]     INFO: ROC 15 masking pixel 12/79
[15:15:21.137]     INFO: ROC 15 masking pixel 13/79
[15:15:21.137]     INFO: ROC 15 masking pixel 32/78
[15:15:21.137]     INFO: ROC 15 masking pixel 42/79
[15:15:21.137]  WARNING: Pattern generator does not contain a trigger signal. No data is expected from the DUT!
[15:15:22.115]     INFO: IGNORE THE WARNING ABOVE (resetROC sent)!
[15:15:23.295]     INFO: PixTestXray::doPhRun start TriggerLoop with trigger frequency 100 kHz, period 405 and duration 240 seconds,  fEventsMax = 24000000
[15:15:40.416]     INFO: run duration 17 seconds, buffer almost full (81%), pausing triggers.
[15:15:59.225]     INFO: Resuming triggers.
[15:16:16.351]     INFO: run duration 34 seconds, buffer almost full (81%), pausing triggers.
[15:16:20.910]    ERROR: <datapipe.cc/DecodeDeser400:L294> Number of ROCs (0) != Token Chain Length (8)
[15:16:20.910]    ERROR: <datapipe.cc/CheckEventID:L127>    Event ID mismatch:  local ID (192) !=  TBM ID (9)
[15:16:20.910]    ERROR: <datapipe.cc/CheckEventID:L127>    Event ID mismatch:  local ID (10) !=  TBM ID (56)
[15:16:20.910]    ERROR: <datapipe.cc/DecodeDeser400:L294> Number of ROCs (5) != Token Chain Length (8)
[15:16:20.910]    ERROR: <datapipe.cc/CheckEventID:L127>    Event ID mismatch:  local ID (57) !=  TBM ID (193)
[15:16:20.910]  WARNING: ROC 0: Readback start marker after 32 readouts!
[15:16:20.910]  WARNING: ROC 1: Readback start marker after 32 readouts!
[15:16:20.910]  WARNING: ROC 2: Readback start marker after 32 readouts!
[15:16:20.910]  WARNING: ROC 3: Readback start marker after 32 readouts!
[15:16:20.910]  WARNING: ROC 4: Readback start marker after 32 readouts!
[15:16:20.910]  WARNING: ROC 5: Readback start marker after 31 readouts!
[15:16:20.910]  WARNING: ROC 6: Readback start marker after 31 readouts!
[15:16:20.910]  WARNING: ROC 7: Readback start marker after 31 readouts!
[15:16:36.030]     INFO: Resuming triggers.
[15:16:53.174]     INFO: run duration 51 seconds, buffer almost full (81%), pausing triggers.
[15:17:12.035]     INFO: Resuming triggers.
[15:17:29.167]     INFO: run duration 68 seconds, buffer almost full (81%), pausing triggers.
[15:17:48.035]     INFO: Resuming triggers.
[15:18:05.163]     INFO: run duration 85 seconds, buffer almost full (81%), pausing triggers.
[15:18:24.896]     INFO: Resuming triggers.
[15:18:42.026]     INFO: run duration 102 seconds, buffer almost full (81%), pausing triggers.
[15:19:01.647]     INFO: Resuming triggers.
[15:19:18.772]     INFO: run duration 119 seconds, buffer almost full (81%), pausing triggers.
[15:19:38.569]     INFO: Resuming triggers.
[15:19:55.697]     INFO: run duration 137 seconds, buffer almost full (81%), pausing triggers.
[15:20:13.334]     INFO: Resuming triggers.
[15:20:30.474]     INFO: run duration 154 seconds, buffer almost full (81%), pausing triggers.
[15:20:49.069]     INFO: Resuming triggers.
[15:21:06.211]     INFO: run duration 171 seconds, buffer almost full (81%), pausing triggers.
[15:21:26.189]     INFO: Resuming triggers.
[15:21:43.315]     INFO: run duration 188 seconds, buffer almost full (81%), pausing triggers.
[15:22:00.868]     INFO: Resuming triggers.
[15:22:17.994]     INFO: run duration 205 seconds, buffer almost full (81%), pausing triggers.
[15:22:36.600]     INFO: Resuming triggers.
[15:22:53.727]     INFO: run duration 222 seconds, buffer almost full (81%), pausing triggers.
[15:23:12.199]     INFO: Resuming triggers.
[15:23:29.327]     INFO: run duration 239 seconds, buffer almost full (81%), pausing triggers.
[15:23:49.106]     INFO: Resuming triggers.
[15:23:49.323]     INFO: data taking finished, elapsed time: 240 seconds.
[15:23:49.743]     INFO: PixTest::       pg_setup set to default.
[15:23:49.770]     INFO: PixTestXray::doPhRun() done
[15:23:49.770]     INFO: PixTestXray::doTest() done 
[15:26:23.453]    QUIET: Connection to board 58 closed.
