[14:37:27.644]     INFO: *** Welcome to pxar ***
[14:37:27.644]     INFO: *** Today: 2015/07/24
[14:37:27.644]     INFO:       reading data/pa225/dacParameters35_C0.dat
[14:37:27.644]     INFO:       reading data/pa225/dacParameters35_C1.dat
[14:37:27.644]     INFO:       reading data/pa225/dacParameters35_C2.dat
[14:37:27.644]     INFO:       reading data/pa225/dacParameters35_C3.dat
[14:37:27.644]     INFO:       reading data/pa225/dacParameters35_C4.dat
[14:37:27.644]     INFO:       reading data/pa225/dacParameters35_C5.dat
[14:37:27.644]     INFO:       reading data/pa225/dacParameters35_C6.dat
[14:37:27.644]     INFO:       reading data/pa225/dacParameters35_C7.dat
[14:37:27.644]     INFO:       reading data/pa225/dacParameters35_C8.dat
[14:37:27.644]     INFO:       reading data/pa225/dacParameters35_C9.dat
[14:37:27.644]     INFO:       reading data/pa225/dacParameters35_C10.dat
[14:37:27.644]     INFO:       reading data/pa225/dacParameters35_C11.dat
[14:37:27.644]     INFO:       reading data/pa225/dacParameters35_C12.dat
[14:37:27.644]     INFO:       reading data/pa225/dacParameters35_C13.dat
[14:37:27.645]     INFO:       reading data/pa225/dacParameters35_C14.dat
[14:37:27.645]     INFO:       reading data/pa225/dacParameters35_C15.dat
[14:37:27.645]     INFO:       reading data/pa225/tbmParameters_C0a.dat
[14:37:27.645]     INFO:       reading data/pa225/tbmParameters_C0b.dat
[14:37:27.645]     INFO:       reading data/pa225/defaultMaskFile.dat
[14:37:27.645]     INFO: MASKED Roc 0 col/row: 41 18
[14:37:27.645]     INFO: MASKED Roc 1 col/row: 0 16
[14:37:27.645]     INFO: MASKED Roc 2 col/row: 50 69
[14:37:27.645]     INFO: MASKED Roc 2 col/row: 50 71
[14:37:27.645]     INFO: MASKED Roc 2 col/row: 51 68
[14:37:27.645]     INFO: MASKED Roc 2 col/row: 51 69
[14:37:27.645]     INFO: MASKED Roc 2 col/row: 51 70
[14:37:27.645]     INFO: MASKED Roc 3 col/row: 0 67
[14:37:27.645]     INFO: MASKED Roc 3 col/row: 0 68
[14:37:27.645]     INFO: MASKED Roc 3 col/row: 0 70
[14:37:27.645]     INFO: MASKED Roc 3 col/row: 0 71
[14:37:27.645]     INFO: MASKED Roc 3 col/row: 1 68
[14:37:27.645]     INFO: MASKED Roc 3 col/row: 1 69
[14:37:27.645]     INFO: MASKED Roc 3 col/row: 1 70
[14:37:27.645]     INFO: MASKED Roc 9 col/row: 38 51
[14:37:27.645]     INFO: MASKED Roc 15 col/row: 8 79
[14:37:27.645]     INFO: MASKED Roc 15 col/row: 12 79
[14:37:27.645]     INFO: MASKED Roc 15 col/row: 13 79
[14:37:27.645]     INFO: MASKED Roc 15 col/row: 32 78
[14:37:27.645]     INFO: MASKED Roc 15 col/row: 42 79
[14:37:27.645]     INFO:   masking Roc 0 col/row: 41 18
[14:37:27.645]     INFO:       reading data/pa225/trimParameters35_C0.dat
[14:37:27.652]     INFO:   masking Roc 1 col/row: 0 16
[14:37:27.652]     INFO:       reading data/pa225/trimParameters35_C1.dat
[14:37:27.659]     INFO:   masking Roc 2 col/row: 50 69
[14:37:27.659]     INFO:   masking Roc 2 col/row: 50 71
[14:37:27.659]     INFO:   masking Roc 2 col/row: 51 68
[14:37:27.659]     INFO:   masking Roc 2 col/row: 51 69
[14:37:27.659]     INFO:   masking Roc 2 col/row: 51 70
[14:37:27.659]     INFO:       reading data/pa225/trimParameters35_C2.dat
[14:37:27.666]     INFO:   masking Roc 3 col/row: 0 67
[14:37:27.666]     INFO:   masking Roc 3 col/row: 0 68
[14:37:27.666]     INFO:   masking Roc 3 col/row: 0 70
[14:37:27.666]     INFO:   masking Roc 3 col/row: 0 71
[14:37:27.666]     INFO:   masking Roc 3 col/row: 1 68
[14:37:27.666]     INFO:   masking Roc 3 col/row: 1 69
[14:37:27.666]     INFO:   masking Roc 3 col/row: 1 70
[14:37:27.666]     INFO:       reading data/pa225/trimParameters35_C3.dat
[14:37:27.673]     INFO:       reading data/pa225/trimParameters35_C4.dat
[14:37:27.679]     INFO:       reading data/pa225/trimParameters35_C5.dat
[14:37:27.686]     INFO:       reading data/pa225/trimParameters35_C6.dat
[14:37:27.692]     INFO:       reading data/pa225/trimParameters35_C7.dat
[14:37:27.699]     INFO:       reading data/pa225/trimParameters35_C8.dat
[14:37:27.706]     INFO:   masking Roc 9 col/row: 38 51
[14:37:27.706]     INFO:       reading data/pa225/trimParameters35_C9.dat
[14:37:27.712]     INFO:       reading data/pa225/trimParameters35_C10.dat
[14:37:27.719]     INFO:       reading data/pa225/trimParameters35_C11.dat
[14:37:27.725]     INFO:       reading data/pa225/trimParameters35_C12.dat
[14:37:27.732]     INFO:       reading data/pa225/trimParameters35_C13.dat
[14:37:27.738]     INFO:       reading data/pa225/trimParameters35_C14.dat
[14:37:27.745]     INFO:   masking Roc 15 col/row: 8 79
[14:37:27.745]     INFO:   masking Roc 15 col/row: 12 79
[14:37:27.745]     INFO:   masking Roc 15 col/row: 13 79
[14:37:27.745]     INFO:   masking Roc 15 col/row: 32 78
[14:37:27.745]     INFO:   masking Roc 15 col/row: 42 79
[14:37:27.745]     INFO:       reading data/pa225/trimParameters35_C15.dat
[14:37:27.752]     INFO:       reading data/pa225/tbParameters.dat
[14:37:27.752]     INFO:         clk: 4
[14:37:27.752]     INFO:         ctr: 4
[14:37:27.752]     INFO:         sda: 19
[14:37:27.752]     INFO:         tin: 9
[14:37:27.752]     INFO:         level: 15
[14:37:27.752]     INFO:         triggerdelay: 0
[14:37:27.752]    QUIET: Instanciating API for pxar v1.9.0
[14:37:27.752]     INFO: Log level: INFO
[14:37:27.765]    QUIET: Connection to board DTB_WRPRHI opened.
[14:37:27.769]     INFO: DTB startup information
--- DTB info------------------------------------------
Board id:    58
HW version:  DTB1.2
FW version:  3.2
SW version:  3.6
USB id:      DTB_WRPRHI
MAC address: 40D85511803A
Hostname:    pixelDTB058
Comment:     
------------------------------------------------------
[14:37:27.772]     INFO: RPC call hashes of host and DTB match: 413001178
[14:37:29.381]     INFO: DUT info: 
[14:37:29.382]     INFO: The DUT currently contains the following objects:
[14:37:29.382]     INFO:  2 TBM Cores (2 ON)
[14:37:29.382]     INFO: 	TBM Core alpha (0): 7 registers set
[14:37:29.382]     INFO: 	TBM Core beta  (1): 7 registers set
[14:37:29.382]     INFO: 16 ROCs (16 ON) with 4160 pixelConfigs
[14:37:29.382]     INFO: 	ROC 0: 19 DACs set, Pixels: 1 masked, 4160 active.
[14:37:29.382]     INFO: 	ROC 1: 19 DACs set, Pixels: 1 masked, 4160 active.
[14:37:29.382]     INFO: 	ROC 2: 19 DACs set, Pixels: 5 masked, 4160 active.
[14:37:29.382]     INFO: 	ROC 3: 19 DACs set, Pixels: 7 masked, 4160 active.
[14:37:29.382]     INFO: 	ROC 4: 19 DACs set, Pixels: 0 masked, 4160 active.
[14:37:29.382]     INFO: 	ROC 5: 19 DACs set, Pixels: 0 masked, 4160 active.
[14:37:29.382]     INFO: 	ROC 6: 19 DACs set, Pixels: 0 masked, 4160 active.
[14:37:29.382]     INFO: 	ROC 7: 19 DACs set, Pixels: 0 masked, 4160 active.
[14:37:29.382]     INFO: 	ROC 8: 19 DACs set, Pixels: 0 masked, 4160 active.
[14:37:29.382]     INFO: 	ROC 9: 19 DACs set, Pixels: 1 masked, 4160 active.
[14:37:29.382]     INFO: 	ROC 10: 19 DACs set, Pixels: 0 masked, 4160 active.
[14:37:29.382]     INFO: 	ROC 11: 19 DACs set, Pixels: 0 masked, 4160 active.
[14:37:29.382]     INFO: 	ROC 12: 19 DACs set, Pixels: 0 masked, 4160 active.
[14:37:29.382]     INFO: 	ROC 13: 19 DACs set, Pixels: 0 masked, 4160 active.
[14:37:29.382]     INFO: 	ROC 14: 19 DACs set, Pixels: 0 masked, 4160 active.
[14:37:29.382]     INFO: 	ROC 15: 19 DACs set, Pixels: 5 masked, 4160 active.
[14:37:29.954]     INFO:       reading data/pa225/phCalibrationFitErr35_C0.dat
[14:37:29.970]     INFO:       reading data/pa225/phCalibrationFitErr35_C1.dat
[14:37:29.986]     INFO:       reading data/pa225/phCalibrationFitErr35_C2.dat
[14:37:30.001]     INFO:       reading data/pa225/phCalibrationFitErr35_C3.dat
[14:37:30.017]     INFO:       reading data/pa225/phCalibrationFitErr35_C4.dat
[14:37:30.033]     INFO:       reading data/pa225/phCalibrationFitErr35_C5.dat
[14:37:30.048]     INFO:       reading data/pa225/phCalibrationFitErr35_C6.dat
[14:37:30.064]     INFO:       reading data/pa225/phCalibrationFitErr35_C7.dat
[14:37:30.079]     INFO:       reading data/pa225/phCalibrationFitErr35_C8.dat
[14:37:30.096]     INFO:       reading data/pa225/phCalibrationFitErr35_C9.dat
[14:37:30.112]     INFO:       reading data/pa225/phCalibrationFitErr35_C10.dat
[14:37:30.127]     INFO:       reading data/pa225/phCalibrationFitErr35_C11.dat
[14:37:30.143]     INFO:       reading data/pa225/phCalibrationFitErr35_C12.dat
[14:37:30.158]     INFO:       reading data/pa225/phCalibrationFitErr35_C13.dat
[14:37:30.174]     INFO:       reading data/pa225/phCalibrationFitErr35_C14.dat
[14:37:30.189]     INFO:       reading data/pa225/phCalibrationFitErr35_C15.dat
[14:37:30.267]     INFO:       reading data/pa225/readbackCal_C0.dat
[14:37:30.267]     INFO:       reading data/pa225/readbackCal_C1.dat
[14:37:30.267]     INFO:       reading data/pa225/readbackCal_C2.dat
[14:37:30.267]     INFO:       reading data/pa225/readbackCal_C3.dat
[14:37:30.267]     INFO:       reading data/pa225/readbackCal_C4.dat
[14:37:30.267]     INFO:       reading data/pa225/readbackCal_C5.dat
[14:37:30.268]     INFO:       reading data/pa225/readbackCal_C6.dat
[14:37:30.268]     INFO:       reading data/pa225/readbackCal_C7.dat
[14:37:30.268]     INFO:       reading data/pa225/readbackCal_C8.dat
[14:37:30.268]     INFO:       reading data/pa225/readbackCal_C9.dat
[14:37:30.268]     INFO:       reading data/pa225/readbackCal_C10.dat
[14:37:30.268]     INFO:       reading data/pa225/readbackCal_C11.dat
[14:37:30.268]     INFO:       reading data/pa225/readbackCal_C12.dat
[14:37:30.268]     INFO:       reading data/pa225/readbackCal_C13.dat
[14:37:30.268]     INFO:       reading data/pa225/readbackCal_C14.dat
[14:37:30.268]     INFO:       reading data/pa225/readbackCal_C15.dat
[14:37:37.278]     INFO: ######################################################################
[14:37:37.278]     INFO: PixTestXray::doTest()
[14:37:37.278]     INFO: ######################################################################
[14:37:37.278]     INFO:    ----------------------------------------------------------------------
[14:37:37.278]     INFO:    PixTestXray::doPhRun() fParRunSeconds = 240
[14:37:37.278]     INFO:    ----------------------------------------------------------------------
[14:37:37.280]     INFO:       reading data/pa225/defaultMaskFile.dat
[14:37:37.280]     INFO: ROC 0 masking pixel 41/18
[14:37:37.280]     INFO: ROC 1 masking pixel 0/16
[14:37:37.280]     INFO: ROC 2 masking pixel 50/69
[14:37:37.280]     INFO: ROC 2 masking pixel 50/71
[14:37:37.280]     INFO: ROC 2 masking pixel 51/68
[14:37:37.280]     INFO: ROC 2 masking pixel 51/69
[14:37:37.280]     INFO: ROC 2 masking pixel 51/70
[14:37:37.280]     INFO: ROC 3 masking pixel 0/67
[14:37:37.280]     INFO: ROC 3 masking pixel 0/68
[14:37:37.280]     INFO: ROC 3 masking pixel 0/70
[14:37:37.280]     INFO: ROC 3 masking pixel 0/71
[14:37:37.280]     INFO: ROC 3 masking pixel 1/68
[14:37:37.280]     INFO: ROC 3 masking pixel 1/69
[14:37:37.281]     INFO: ROC 3 masking pixel 1/70
[14:37:37.281]     INFO: ROC 9 masking pixel 38/51
[14:37:37.281]     INFO: ROC 15 masking pixel 8/79
[14:37:37.281]     INFO: ROC 15 masking pixel 12/79
[14:37:37.281]     INFO: ROC 15 masking pixel 13/79
[14:37:37.281]     INFO: ROC 15 masking pixel 32/78
[14:37:37.281]     INFO: ROC 15 masking pixel 42/79
[14:37:37.281]  WARNING: Pattern generator does not contain a trigger signal. No data is expected from the DUT!
[14:37:38.259]     INFO: IGNORE THE WARNING ABOVE (resetROC sent)!
[14:37:39.440]     INFO: PixTestXray::doPhRun start TriggerLoop with trigger frequency 100 kHz, period 405 and duration 240 seconds,  fEventsMax = 24000000
[14:37:56.559]     INFO: run duration 17 seconds, buffer almost full (81%), pausing triggers.
[14:38:15.369]     INFO: Resuming triggers.
[14:38:32.490]     INFO: run duration 34 seconds, buffer almost full (81%), pausing triggers.
[14:38:36.786]    ERROR: <datapipe.cc/CheckEventID:L127>    Event ID mismatch:  local ID (136) !=  TBM ID (5)
[14:38:36.787]    ERROR: <datapipe.cc/CheckEventID:L127>    Event ID mismatch:  local ID (6) !=  TBM ID (137)
[14:38:51.094]     INFO: Resuming triggers.
[14:39:08.221]     INFO: run duration 51 seconds, buffer almost full (81%), pausing triggers.
[14:39:26.855]     INFO: Resuming triggers.
[14:39:43.975]     INFO: run duration 68 seconds, buffer almost full (81%), pausing triggers.
[14:40:02.448]     INFO: Resuming triggers.
[14:40:19.570]     INFO: run duration 85 seconds, buffer almost full (81%), pausing triggers.
[14:40:39.641]     INFO: Resuming triggers.
[14:40:56.794]     INFO: run duration 102 seconds, buffer almost full (81%), pausing triggers.
[14:41:16.690]     INFO: Resuming triggers.
[14:41:33.822]     INFO: run duration 119 seconds, buffer almost full (81%), pausing triggers.
[14:41:53.826]     INFO: Resuming triggers.
[14:42:10.948]     INFO: run duration 136 seconds, buffer almost full (81%), pausing triggers.
[14:42:29.488]     INFO: Resuming triggers.
[14:42:46.610]     INFO: run duration 154 seconds, buffer almost full (81%), pausing triggers.
[14:43:06.586]     INFO: Resuming triggers.
[14:43:23.723]     INFO: run duration 171 seconds, buffer almost full (81%), pausing triggers.
[14:43:42.622]     INFO: Resuming triggers.
[14:43:59.745]     INFO: run duration 188 seconds, buffer almost full (81%), pausing triggers.
[14:44:18.462]     INFO: Resuming triggers.
[14:44:35.587]     INFO: run duration 205 seconds, buffer almost full (81%), pausing triggers.
[14:44:55.499]     INFO: Resuming triggers.
[14:45:12.621]     INFO: run duration 222 seconds, buffer almost full (81%), pausing triggers.
[14:45:32.592]     INFO: Resuming triggers.
[14:45:49.714]     INFO: run duration 239 seconds, buffer almost full (81%), pausing triggers.
[14:46:08.440]     INFO: Resuming triggers.
[14:46:08.710]     INFO: data taking finished, elapsed time: 240 seconds.
[14:46:09.239]     INFO: PixTest::       pg_setup set to default.
[14:46:09.268]     INFO: PixTestXray::doPhRun() done
[14:46:09.268]     INFO: PixTestXray::doTest() done 
[14:51:38.830]    QUIET: Connection to board 58 closed.
