[14:52:44.988]     INFO: *** Welcome to pxar ***
[14:52:44.988]     INFO: *** Today: 2015/07/24
[14:52:44.988]     INFO:       reading data/pa225/dacParameters35_C0.dat
[14:52:44.989]     INFO:       reading data/pa225/dacParameters35_C1.dat
[14:52:44.989]     INFO:       reading data/pa225/dacParameters35_C2.dat
[14:52:44.989]     INFO:       reading data/pa225/dacParameters35_C3.dat
[14:52:44.989]     INFO:       reading data/pa225/dacParameters35_C4.dat
[14:52:44.989]     INFO:       reading data/pa225/dacParameters35_C5.dat
[14:52:44.989]     INFO:       reading data/pa225/dacParameters35_C6.dat
[14:52:44.989]     INFO:       reading data/pa225/dacParameters35_C7.dat
[14:52:44.989]     INFO:       reading data/pa225/dacParameters35_C8.dat
[14:52:44.989]     INFO:       reading data/pa225/dacParameters35_C9.dat
[14:52:44.989]     INFO:       reading data/pa225/dacParameters35_C10.dat
[14:52:44.989]     INFO:       reading data/pa225/dacParameters35_C11.dat
[14:52:44.989]     INFO:       reading data/pa225/dacParameters35_C12.dat
[14:52:44.989]     INFO:       reading data/pa225/dacParameters35_C13.dat
[14:52:44.989]     INFO:       reading data/pa225/dacParameters35_C14.dat
[14:52:44.989]     INFO:       reading data/pa225/dacParameters35_C15.dat
[14:52:44.989]     INFO:       reading data/pa225/tbmParameters_C0a.dat
[14:52:44.990]     INFO:       reading data/pa225/tbmParameters_C0b.dat
[14:52:44.990]     INFO:       reading data/pa225/defaultMaskFile.dat
[14:52:44.990]     INFO: MASKED Roc 0 col/row: 41 18
[14:52:44.990]     INFO: MASKED Roc 1 col/row: 0 16
[14:52:44.990]     INFO: MASKED Roc 2 col/row: 50 69
[14:52:44.990]     INFO: MASKED Roc 2 col/row: 50 71
[14:52:44.990]     INFO: MASKED Roc 2 col/row: 51 68
[14:52:44.990]     INFO: MASKED Roc 2 col/row: 51 69
[14:52:44.990]     INFO: MASKED Roc 2 col/row: 51 70
[14:52:44.990]     INFO: MASKED Roc 3 col/row: 0 67
[14:52:44.990]     INFO: MASKED Roc 3 col/row: 0 68
[14:52:44.990]     INFO: MASKED Roc 3 col/row: 0 70
[14:52:44.990]     INFO: MASKED Roc 3 col/row: 0 71
[14:52:44.990]     INFO: MASKED Roc 3 col/row: 1 68
[14:52:44.990]     INFO: MASKED Roc 3 col/row: 1 69
[14:52:44.990]     INFO: MASKED Roc 3 col/row: 1 70
[14:52:44.990]     INFO: MASKED Roc 9 col/row: 38 51
[14:52:44.990]     INFO: MASKED Roc 15 col/row: 8 79
[14:52:44.990]     INFO: MASKED Roc 15 col/row: 12 79
[14:52:44.990]     INFO: MASKED Roc 15 col/row: 13 79
[14:52:44.990]     INFO: MASKED Roc 15 col/row: 32 78
[14:52:44.990]     INFO: MASKED Roc 15 col/row: 42 79
[14:52:44.990]     INFO:   masking Roc 0 col/row: 41 18
[14:52:44.990]     INFO:       reading data/pa225/trimParameters35_C0.dat
[14:52:44.997]     INFO:   masking Roc 1 col/row: 0 16
[14:52:44.997]     INFO:       reading data/pa225/trimParameters35_C1.dat
[14:52:45.004]     INFO:   masking Roc 2 col/row: 50 69
[14:52:45.004]     INFO:   masking Roc 2 col/row: 50 71
[14:52:45.004]     INFO:   masking Roc 2 col/row: 51 68
[14:52:45.004]     INFO:   masking Roc 2 col/row: 51 69
[14:52:45.004]     INFO:   masking Roc 2 col/row: 51 70
[14:52:45.004]     INFO:       reading data/pa225/trimParameters35_C2.dat
[14:52:45.011]     INFO:   masking Roc 3 col/row: 0 67
[14:52:45.011]     INFO:   masking Roc 3 col/row: 0 68
[14:52:45.011]     INFO:   masking Roc 3 col/row: 0 70
[14:52:45.011]     INFO:   masking Roc 3 col/row: 0 71
[14:52:45.011]     INFO:   masking Roc 3 col/row: 1 68
[14:52:45.011]     INFO:   masking Roc 3 col/row: 1 69
[14:52:45.011]     INFO:   masking Roc 3 col/row: 1 70
[14:52:45.011]     INFO:       reading data/pa225/trimParameters35_C3.dat
[14:52:45.017]     INFO:       reading data/pa225/trimParameters35_C4.dat
[14:52:45.024]     INFO:       reading data/pa225/trimParameters35_C5.dat
[14:52:45.031]     INFO:       reading data/pa225/trimParameters35_C6.dat
[14:52:45.037]     INFO:       reading data/pa225/trimParameters35_C7.dat
[14:52:45.043]     INFO:       reading data/pa225/trimParameters35_C8.dat
[14:52:45.050]     INFO:   masking Roc 9 col/row: 38 51
[14:52:45.050]     INFO:       reading data/pa225/trimParameters35_C9.dat
[14:52:45.057]     INFO:       reading data/pa225/trimParameters35_C10.dat
[14:52:45.063]     INFO:       reading data/pa225/trimParameters35_C11.dat
[14:52:45.069]     INFO:       reading data/pa225/trimParameters35_C12.dat
[14:52:45.076]     INFO:       reading data/pa225/trimParameters35_C13.dat
[14:52:45.082]     INFO:       reading data/pa225/trimParameters35_C14.dat
[14:52:45.089]     INFO:   masking Roc 15 col/row: 8 79
[14:52:45.089]     INFO:   masking Roc 15 col/row: 12 79
[14:52:45.089]     INFO:   masking Roc 15 col/row: 13 79
[14:52:45.089]     INFO:   masking Roc 15 col/row: 32 78
[14:52:45.089]     INFO:   masking Roc 15 col/row: 42 79
[14:52:45.089]     INFO:       reading data/pa225/trimParameters35_C15.dat
[14:52:45.096]     INFO:       reading data/pa225/tbParameters.dat
[14:52:45.096]     INFO:         clk: 4
[14:52:45.096]     INFO:         ctr: 4
[14:52:45.096]     INFO:         sda: 19
[14:52:45.096]     INFO:         tin: 9
[14:52:45.096]     INFO:         level: 15
[14:52:45.096]     INFO:         triggerdelay: 0
[14:52:45.096]    QUIET: Instanciating API for pxar v1.9.0
[14:52:45.096]     INFO: Log level: INFO
[14:52:45.109]    QUIET: Connection to board DTB_WRPRHI opened.
[14:52:45.112]     INFO: DTB startup information
--- DTB info------------------------------------------
Board id:    58
HW version:  DTB1.2
FW version:  3.2
SW version:  3.6
USB id:      DTB_WRPRHI
MAC address: 40D85511803A
Hostname:    pixelDTB058
Comment:     
------------------------------------------------------
[14:52:45.116]     INFO: RPC call hashes of host and DTB match: 413001178
[14:52:46.726]     INFO: DUT info: 
[14:52:46.726]     INFO: The DUT currently contains the following objects:
[14:52:46.726]     INFO:  2 TBM Cores (2 ON)
[14:52:46.726]     INFO: 	TBM Core alpha (0): 7 registers set
[14:52:46.726]     INFO: 	TBM Core beta  (1): 7 registers set
[14:52:46.726]     INFO: 16 ROCs (16 ON) with 4160 pixelConfigs
[14:52:46.726]     INFO: 	ROC 0: 19 DACs set, Pixels: 1 masked, 4160 active.
[14:52:46.726]     INFO: 	ROC 1: 19 DACs set, Pixels: 1 masked, 4160 active.
[14:52:46.726]     INFO: 	ROC 2: 19 DACs set, Pixels: 5 masked, 4160 active.
[14:52:46.726]     INFO: 	ROC 3: 19 DACs set, Pixels: 7 masked, 4160 active.
[14:52:46.726]     INFO: 	ROC 4: 19 DACs set, Pixels: 0 masked, 4160 active.
[14:52:46.726]     INFO: 	ROC 5: 19 DACs set, Pixels: 0 masked, 4160 active.
[14:52:46.726]     INFO: 	ROC 6: 19 DACs set, Pixels: 0 masked, 4160 active.
[14:52:46.726]     INFO: 	ROC 7: 19 DACs set, Pixels: 0 masked, 4160 active.
[14:52:46.726]     INFO: 	ROC 8: 19 DACs set, Pixels: 0 masked, 4160 active.
[14:52:46.726]     INFO: 	ROC 9: 19 DACs set, Pixels: 1 masked, 4160 active.
[14:52:46.726]     INFO: 	ROC 10: 19 DACs set, Pixels: 0 masked, 4160 active.
[14:52:46.726]     INFO: 	ROC 11: 19 DACs set, Pixels: 0 masked, 4160 active.
[14:52:46.726]     INFO: 	ROC 12: 19 DACs set, Pixels: 0 masked, 4160 active.
[14:52:46.726]     INFO: 	ROC 13: 19 DACs set, Pixels: 0 masked, 4160 active.
[14:52:46.726]     INFO: 	ROC 14: 19 DACs set, Pixels: 0 masked, 4160 active.
[14:52:46.726]     INFO: 	ROC 15: 19 DACs set, Pixels: 5 masked, 4160 active.
[14:52:47.294]     INFO:       reading data/pa225/phCalibrationFitErr35_C0.dat
[14:52:47.310]     INFO:       reading data/pa225/phCalibrationFitErr35_C1.dat
[14:52:47.325]     INFO:       reading data/pa225/phCalibrationFitErr35_C2.dat
[14:52:47.341]     INFO:       reading data/pa225/phCalibrationFitErr35_C3.dat
[14:52:47.357]     INFO:       reading data/pa225/phCalibrationFitErr35_C4.dat
[14:52:47.373]     INFO:       reading data/pa225/phCalibrationFitErr35_C5.dat
[14:52:47.388]     INFO:       reading data/pa225/phCalibrationFitErr35_C6.dat
[14:52:47.403]     INFO:       reading data/pa225/phCalibrationFitErr35_C7.dat
[14:52:47.419]     INFO:       reading data/pa225/phCalibrationFitErr35_C8.dat
[14:52:47.435]     INFO:       reading data/pa225/phCalibrationFitErr35_C9.dat
[14:52:47.451]     INFO:       reading data/pa225/phCalibrationFitErr35_C10.dat
[14:52:47.467]     INFO:       reading data/pa225/phCalibrationFitErr35_C11.dat
[14:52:47.482]     INFO:       reading data/pa225/phCalibrationFitErr35_C12.dat
[14:52:47.498]     INFO:       reading data/pa225/phCalibrationFitErr35_C13.dat
[14:52:47.514]     INFO:       reading data/pa225/phCalibrationFitErr35_C14.dat
[14:52:47.530]     INFO:       reading data/pa225/phCalibrationFitErr35_C15.dat
[14:52:47.608]     INFO:       reading data/pa225/readbackCal_C0.dat
[14:52:47.609]     INFO:       reading data/pa225/readbackCal_C1.dat
[14:52:47.609]     INFO:       reading data/pa225/readbackCal_C2.dat
[14:52:47.609]     INFO:       reading data/pa225/readbackCal_C3.dat
[14:52:47.609]     INFO:       reading data/pa225/readbackCal_C4.dat
[14:52:47.609]     INFO:       reading data/pa225/readbackCal_C5.dat
[14:52:47.609]     INFO:       reading data/pa225/readbackCal_C6.dat
[14:52:47.609]     INFO:       reading data/pa225/readbackCal_C7.dat
[14:52:47.609]     INFO:       reading data/pa225/readbackCal_C8.dat
[14:52:47.609]     INFO:       reading data/pa225/readbackCal_C9.dat
[14:52:47.609]     INFO:       reading data/pa225/readbackCal_C10.dat
[14:52:47.609]     INFO:       reading data/pa225/readbackCal_C11.dat
[14:52:47.609]     INFO:       reading data/pa225/readbackCal_C12.dat
[14:52:47.609]     INFO:       reading data/pa225/readbackCal_C13.dat
[14:52:47.609]     INFO:       reading data/pa225/readbackCal_C14.dat
[14:52:47.609]     INFO:       reading data/pa225/readbackCal_C15.dat
[14:52:50.814]     INFO: ######################################################################
[14:52:50.814]     INFO: PixTestXray::doTest()
[14:52:50.814]     INFO: ######################################################################
[14:52:50.814]     INFO:    ----------------------------------------------------------------------
[14:52:50.815]     INFO:    PixTestXray::doPhRun() fParRunSeconds = 240
[14:52:50.815]     INFO:    ----------------------------------------------------------------------
[14:52:50.816]     INFO:       reading data/pa225/defaultMaskFile.dat
[14:52:50.817]     INFO: ROC 0 masking pixel 41/18
[14:52:50.817]     INFO: ROC 1 masking pixel 0/16
[14:52:50.817]     INFO: ROC 2 masking pixel 50/69
[14:52:50.817]     INFO: ROC 2 masking pixel 50/71
[14:52:50.817]     INFO: ROC 2 masking pixel 51/68
[14:52:50.817]     INFO: ROC 2 masking pixel 51/69
[14:52:50.817]     INFO: ROC 2 masking pixel 51/70
[14:52:50.817]     INFO: ROC 3 masking pixel 0/67
[14:52:50.817]     INFO: ROC 3 masking pixel 0/68
[14:52:50.817]     INFO: ROC 3 masking pixel 0/70
[14:52:50.817]     INFO: ROC 3 masking pixel 0/71
[14:52:50.817]     INFO: ROC 3 masking pixel 1/68
[14:52:50.817]     INFO: ROC 3 masking pixel 1/69
[14:52:50.817]     INFO: ROC 3 masking pixel 1/70
[14:52:50.817]     INFO: ROC 9 masking pixel 38/51
[14:52:50.817]     INFO: ROC 15 masking pixel 8/79
[14:52:50.817]     INFO: ROC 15 masking pixel 12/79
[14:52:50.817]     INFO: ROC 15 masking pixel 13/79
[14:52:50.817]     INFO: ROC 15 masking pixel 32/78
[14:52:50.817]     INFO: ROC 15 masking pixel 42/79
[14:52:50.817]  WARNING: Pattern generator does not contain a trigger signal. No data is expected from the DUT!
[14:52:51.795]     INFO: IGNORE THE WARNING ABOVE (resetROC sent)!
[14:52:52.975]     INFO: PixTestXray::doPhRun start TriggerLoop with trigger frequency 100 kHz, period 405 and duration 240 seconds,  fEventsMax = 24000000
[14:53:10.099]     INFO: run duration 17 seconds, buffer almost full (81%), pausing triggers.
[14:53:28.898]     INFO: Resuming triggers.
[14:53:46.025]     INFO: run duration 34 seconds, buffer almost full (81%), pausing triggers.
[14:53:50.640]    ERROR: <datapipe.cc/DecodeDeser400:L294> Number of ROCs (6) != Token Chain Length (8)
[14:53:50.640]    ERROR: <datapipe.cc/CheckEventID:L127>    Event ID mismatch:  local ID (54) !=  TBM ID (81)
[14:53:50.640]    ERROR: <datapipe.cc/DecodeDeser400:L294> Number of ROCs (10) != Token Chain Length (8)
[14:53:50.640]    ERROR: <datapipe.cc/CheckEventID:L127>    Event ID mismatch:  local ID (82) !=  TBM ID (55)
[14:53:50.640]  WARNING: ROC 6: Readback start marker after 15 readouts!
[14:53:50.641]  WARNING: ROC 7: Readback start marker after 15 readouts!
[14:54:05.980]     INFO: Resuming triggers.
[14:54:23.134]     INFO: run duration 51 seconds, buffer almost full (81%), pausing triggers.
[14:54:41.622]     INFO: Resuming triggers.
[14:54:58.749]     INFO: run duration 68 seconds, buffer almost full (81%), pausing triggers.
[14:55:17.627]     INFO: Resuming triggers.
[14:55:34.754]     INFO: run duration 85 seconds, buffer almost full (81%), pausing triggers.
[14:55:54.650]     INFO: Resuming triggers.
[14:56:11.775]     INFO: run duration 102 seconds, buffer almost full (81%), pausing triggers.
[14:56:30.605]     INFO: Resuming triggers.
[14:56:47.736]     INFO: run duration 119 seconds, buffer almost full (81%), pausing triggers.
[14:57:07.663]     INFO: Resuming triggers.
[14:57:24.787]     INFO: run duration 137 seconds, buffer almost full (81%), pausing triggers.
[14:57:44.475]     INFO: Resuming triggers.
[14:58:01.614]     INFO: run duration 154 seconds, buffer almost full (81%), pausing triggers.
[14:58:20.315]     INFO: Resuming triggers.
[14:58:37.473]     INFO: run duration 171 seconds, buffer almost full (81%), pausing triggers.
[14:58:57.249]     INFO: Resuming triggers.
[14:59:14.376]     INFO: run duration 188 seconds, buffer almost full (81%), pausing triggers.
[14:59:33.093]     INFO: Resuming triggers.
[14:59:50.237]     INFO: run duration 205 seconds, buffer almost full (81%), pausing triggers.
[15:00:10.069]     INFO: Resuming triggers.
[15:00:27.211]     INFO: run duration 222 seconds, buffer almost full (81%), pausing triggers.
[15:00:45.860]     INFO: Resuming triggers.
[15:01:02.989]     INFO: run duration 239 seconds, buffer almost full (81%), pausing triggers.
[15:01:20.366]     INFO: Resuming triggers.
[15:01:20.530]     INFO: data taking finished, elapsed time: 240 seconds.
[15:01:20.931]     INFO: PixTest::       pg_setup set to default.
[15:01:20.959]     INFO: PixTestXray::doPhRun() done
[15:01:20.959]     INFO: PixTestXray::doTest() done 
[15:12:27.040]    QUIET: Connection to board 58 closed.
