[16:13:30.199]     INFO: *** Welcome to pxar ***
[16:13:30.199]     INFO: *** Today: 2015/07/27
[16:13:30.199]     INFO:       reading data/pa225/dacParameters35_C0.dat
[16:13:30.199]     INFO:       reading data/pa225/dacParameters35_C1.dat
[16:13:30.199]     INFO:       reading data/pa225/dacParameters35_C2.dat
[16:13:30.199]     INFO:       reading data/pa225/dacParameters35_C3.dat
[16:13:30.199]     INFO:       reading data/pa225/dacParameters35_C4.dat
[16:13:30.199]     INFO:       reading data/pa225/dacParameters35_C5.dat
[16:13:30.199]     INFO:       reading data/pa225/dacParameters35_C6.dat
[16:13:30.199]     INFO:       reading data/pa225/dacParameters35_C7.dat
[16:13:30.199]     INFO:       reading data/pa225/dacParameters35_C8.dat
[16:13:30.199]     INFO:       reading data/pa225/dacParameters35_C9.dat
[16:13:30.199]     INFO:       reading data/pa225/dacParameters35_C10.dat
[16:13:30.200]     INFO:       reading data/pa225/dacParameters35_C11.dat
[16:13:30.200]     INFO:       reading data/pa225/dacParameters35_C12.dat
[16:13:30.200]     INFO:       reading data/pa225/dacParameters35_C13.dat
[16:13:30.200]     INFO:       reading data/pa225/dacParameters35_C14.dat
[16:13:30.200]     INFO:       reading data/pa225/dacParameters35_C15.dat
[16:13:30.200]     INFO:       reading data/pa225/tbmParameters_C0a.dat
[16:13:30.200]     INFO:       reading data/pa225/tbmParameters_C0b.dat
[16:13:30.200]     INFO:       reading data/pa225/defaultMaskFile.dat
[16:13:30.200]     INFO:       reading data/pa225/trimParameters35_C0.dat
[16:13:30.207]     INFO:       reading data/pa225/trimParameters35_C1.dat
[16:13:30.213]     INFO:       reading data/pa225/trimParameters35_C2.dat
[16:13:30.220]     INFO:       reading data/pa225/trimParameters35_C3.dat
[16:13:30.226]     INFO:       reading data/pa225/trimParameters35_C4.dat
[16:13:30.233]     INFO:       reading data/pa225/trimParameters35_C5.dat
[16:13:30.239]     INFO:       reading data/pa225/trimParameters35_C6.dat
[16:13:30.246]     INFO:       reading data/pa225/trimParameters35_C7.dat
[16:13:30.252]     INFO:       reading data/pa225/trimParameters35_C8.dat
[16:13:30.259]     INFO:       reading data/pa225/trimParameters35_C9.dat
[16:13:30.265]     INFO:       reading data/pa225/trimParameters35_C10.dat
[16:13:30.272]     INFO:       reading data/pa225/trimParameters35_C11.dat
[16:13:30.278]     INFO:       reading data/pa225/trimParameters35_C12.dat
[16:13:30.285]     INFO:       reading data/pa225/trimParameters35_C13.dat
[16:13:30.291]     INFO:       reading data/pa225/trimParameters35_C14.dat
[16:13:30.298]     INFO:       reading data/pa225/trimParameters35_C15.dat
[16:13:30.304]     INFO:       reading data/pa225/tbParameters.dat
[16:13:30.304]     INFO:         clk: 4
[16:13:30.305]     INFO:         ctr: 4
[16:13:30.305]     INFO:         sda: 19
[16:13:30.305]     INFO:         tin: 9
[16:13:30.305]     INFO:         level: 15
[16:13:30.305]     INFO:         triggerdelay: 0
[16:13:30.305]    QUIET: Instanciating API for pxar v1.9.0
[16:13:30.305]     INFO: Log level: INFO
[16:13:30.318]    QUIET: Connection to board DTB_WRPRHI opened.
[16:13:30.321]     INFO: DTB startup information
--- DTB info------------------------------------------
Board id:    58
HW version:  DTB1.2
FW version:  3.2
SW version:  3.6
USB id:      DTB_WRPRHI
MAC address: 40D85511803A
Hostname:    pixelDTB058
Comment:     
------------------------------------------------------
[16:13:30.325]     INFO: RPC call hashes of host and DTB match: 413001178
[16:13:31.935]     INFO: DUT info: 
[16:13:31.935]     INFO: The DUT currently contains the following objects:
[16:13:31.935]     INFO:  2 TBM Cores (2 ON)
[16:13:31.935]     INFO: 	TBM Core alpha (0): 7 registers set
[16:13:31.935]     INFO: 	TBM Core beta  (1): 7 registers set
[16:13:31.935]     INFO: 16 ROCs (16 ON) with 4160 pixelConfigs
[16:13:31.935]     INFO: 	ROC 0: 19 DACs set, Pixels: 0 masked, 4160 active.
[16:13:31.935]     INFO: 	ROC 1: 19 DACs set, Pixels: 0 masked, 4160 active.
[16:13:31.935]     INFO: 	ROC 2: 19 DACs set, Pixels: 0 masked, 4160 active.
[16:13:31.935]     INFO: 	ROC 3: 19 DACs set, Pixels: 0 masked, 4160 active.
[16:13:31.935]     INFO: 	ROC 4: 19 DACs set, Pixels: 0 masked, 4160 active.
[16:13:31.935]     INFO: 	ROC 5: 19 DACs set, Pixels: 0 masked, 4160 active.
[16:13:31.935]     INFO: 	ROC 6: 19 DACs set, Pixels: 0 masked, 4160 active.
[16:13:31.935]     INFO: 	ROC 7: 19 DACs set, Pixels: 0 masked, 4160 active.
[16:13:31.935]     INFO: 	ROC 8: 19 DACs set, Pixels: 0 masked, 4160 active.
[16:13:31.935]     INFO: 	ROC 9: 19 DACs set, Pixels: 0 masked, 4160 active.
[16:13:31.935]     INFO: 	ROC 10: 19 DACs set, Pixels: 0 masked, 4160 active.
[16:13:31.935]     INFO: 	ROC 11: 19 DACs set, Pixels: 0 masked, 4160 active.
[16:13:31.935]     INFO: 	ROC 12: 19 DACs set, Pixels: 0 masked, 4160 active.
[16:13:31.935]     INFO: 	ROC 13: 19 DACs set, Pixels: 0 masked, 4160 active.
[16:13:31.935]     INFO: 	ROC 14: 19 DACs set, Pixels: 0 masked, 4160 active.
[16:13:31.935]     INFO: 	ROC 15: 19 DACs set, Pixels: 0 masked, 4160 active.
[16:13:32.499]     INFO:       reading data/pa225/phCalibrationFitErr35_C0.dat
[16:13:32.515]     INFO:       reading data/pa225/phCalibrationFitErr35_C1.dat
[16:13:32.530]     INFO:       reading data/pa225/phCalibrationFitErr35_C2.dat
[16:13:32.545]     INFO:       reading data/pa225/phCalibrationFitErr35_C3.dat
[16:13:32.560]     INFO:       reading data/pa225/phCalibrationFitErr35_C4.dat
[16:13:32.576]     INFO:       reading data/pa225/phCalibrationFitErr35_C5.dat
[16:13:32.591]     INFO:       reading data/pa225/phCalibrationFitErr35_C6.dat
[16:13:32.606]     INFO:       reading data/pa225/phCalibrationFitErr35_C7.dat
[16:13:32.621]     INFO:       reading data/pa225/phCalibrationFitErr35_C8.dat
[16:13:32.637]     INFO:       reading data/pa225/phCalibrationFitErr35_C9.dat
[16:13:32.652]     INFO:       reading data/pa225/phCalibrationFitErr35_C10.dat
[16:13:32.668]     INFO:       reading data/pa225/phCalibrationFitErr35_C11.dat
[16:13:32.683]     INFO:       reading data/pa225/phCalibrationFitErr35_C12.dat
[16:13:32.698]     INFO:       reading data/pa225/phCalibrationFitErr35_C13.dat
[16:13:32.713]     INFO:       reading data/pa225/phCalibrationFitErr35_C14.dat
[16:13:32.728]     INFO:       reading data/pa225/phCalibrationFitErr35_C15.dat
[16:13:32.806]     INFO:       reading data/pa225/readbackCal_C0.dat
[16:13:32.806]     INFO:       reading data/pa225/readbackCal_C1.dat
[16:13:32.806]     INFO:       reading data/pa225/readbackCal_C2.dat
[16:13:32.806]     INFO:       reading data/pa225/readbackCal_C3.dat
[16:13:32.806]     INFO:       reading data/pa225/readbackCal_C4.dat
[16:13:32.806]     INFO:       reading data/pa225/readbackCal_C5.dat
[16:13:32.806]     INFO:       reading data/pa225/readbackCal_C6.dat
[16:13:32.806]     INFO:       reading data/pa225/readbackCal_C7.dat
[16:13:32.806]     INFO:       reading data/pa225/readbackCal_C8.dat
[16:13:32.806]     INFO:       reading data/pa225/readbackCal_C9.dat
[16:13:32.806]     INFO:       reading data/pa225/readbackCal_C10.dat
[16:13:32.806]     INFO:       reading data/pa225/readbackCal_C11.dat
[16:13:32.807]     INFO:       reading data/pa225/readbackCal_C12.dat
[16:13:32.807]     INFO:       reading data/pa225/readbackCal_C13.dat
[16:13:32.807]     INFO:       reading data/pa225/readbackCal_C14.dat
[16:13:32.807]     INFO:       reading data/pa225/readbackCal_C15.dat
[16:13:40.435]     INFO: ######################################################################
[16:13:40.435]     INFO: PixTestXray::doTest()
[16:13:40.435]     INFO: ######################################################################
[16:13:40.435]     INFO:    ----------------------------------------------------------------------
[16:13:40.436]     INFO:    PixTestXray::doPhRun() fParRunSeconds = 240
[16:13:40.436]     INFO:    ----------------------------------------------------------------------
[16:13:40.437]     INFO:       reading data/pa225/defaultMaskFile.dat
[16:13:40.437]  WARNING: Pattern generator does not contain a trigger signal. No data is expected from the DUT!
[16:13:41.416]     INFO: IGNORE THE WARNING ABOVE (resetROC sent)!
[16:13:42.595]     INFO: PixTestXray::doPhRun start TriggerLoop with trigger frequency 100 kHz, period 405 and duration 240 seconds,  fEventsMax = 24000000
[16:13:59.578]     INFO: run duration 16 seconds, buffer almost full (81%), pausing triggers.
[16:14:18.544]     INFO: Resuming triggers.
[16:14:35.545]     INFO: run duration 33 seconds, buffer almost full (81%), pausing triggers.
[16:14:40.294]    ERROR: <datapipe.cc/DecodeDeser400:L294> Number of ROCs (4) != Token Chain Length (8)
[16:14:40.294]    ERROR: <datapipe.cc/CheckEventID:L127>    Event ID mismatch:  local ID (146) !=  TBM ID (173)
[16:14:40.294]    ERROR: <datapipe.cc/DecodeDeser400:L294> Number of ROCs (12) != Token Chain Length (8)
[16:14:40.294]    ERROR: <datapipe.cc/CheckEventID:L127>    Event ID mismatch:  local ID (174) !=  TBM ID (147)
[16:14:40.294]  WARNING: ROC 4: Readback start marker after 15 readouts!
[16:14:40.294]  WARNING: ROC 5: Readback start marker after 15 readouts!
[16:14:40.294]  WARNING: ROC 6: Readback start marker after 15 readouts!
[16:14:40.294]  WARNING: ROC 7: Readback start marker after 15 readouts!
[16:14:55.648]     INFO: Resuming triggers.
[16:15:12.638]     INFO: run duration 50 seconds, buffer almost full (81%), pausing triggers.
[16:15:32.727]     INFO: Resuming triggers.
[16:15:49.724]     INFO: run duration 67 seconds, buffer almost full (81%), pausing triggers.
[16:16:08.551]     INFO: Resuming triggers.
[16:16:25.520]     INFO: run duration 84 seconds, buffer almost full (81%), pausing triggers.
[16:16:45.630]     INFO: Resuming triggers.
[16:17:02.630]     INFO: run duration 101 seconds, buffer almost full (81%), pausing triggers.
[16:17:22.718]     INFO: Resuming triggers.
[16:17:39.713]     INFO: run duration 118 seconds, buffer almost full (81%), pausing triggers.
[16:17:58.501]     INFO: Resuming triggers.
[16:18:15.470]     INFO: run duration 135 seconds, buffer almost full (81%), pausing triggers.
[16:18:35.571]     INFO: Resuming triggers.
[16:18:52.539]     INFO: run duration 152 seconds, buffer almost full (81%), pausing triggers.
[16:19:11.397]     INFO: Resuming triggers.
[16:19:28.389]     INFO: run duration 169 seconds, buffer almost full (81%), pausing triggers.
[16:19:47.252]     INFO: Resuming triggers.
[16:20:04.313]     INFO: run duration 186 seconds, buffer almost full (81%), pausing triggers.
[16:20:24.378]     INFO: Resuming triggers.
[16:20:41.370]     INFO: run duration 203 seconds, buffer almost full (81%), pausing triggers.
[16:21:00.217]     INFO: Resuming triggers.
[16:21:17.198]     INFO: run duration 220 seconds, buffer almost full (81%), pausing triggers.
[16:21:37.284]     INFO: Resuming triggers.
[16:21:54.272]     INFO: run duration 237 seconds, buffer almost full (81%), pausing triggers.
[16:22:14.329]     INFO: Resuming triggers.
[16:22:16.474]     INFO: data taking finished, elapsed time: 240 seconds.
[16:22:19.081]     INFO: PixTest::       pg_setup set to default.
[16:22:19.115]     INFO: PixTestXray::doPhRun() done
[16:22:19.115]     INFO: PixTestXray::doTest() done 
[16:23:50.868]    QUIET: Connection to board 58 closed.
