[16:43:03.870]     INFO: *** Welcome to pxar ***
[16:43:03.870]     INFO: *** Today: 2015/07/24
[16:43:03.870]     INFO:       reading data/pa243/dacParameters35_C0.dat
[16:43:03.870]     INFO:       reading data/pa243/dacParameters35_C1.dat
[16:43:03.870]     INFO:       reading data/pa243/dacParameters35_C2.dat
[16:43:03.870]     INFO:       reading data/pa243/dacParameters35_C3.dat
[16:43:03.870]     INFO:       reading data/pa243/dacParameters35_C4.dat
[16:43:03.870]     INFO:       reading data/pa243/dacParameters35_C5.dat
[16:43:03.870]     INFO:       reading data/pa243/dacParameters35_C6.dat
[16:43:03.870]     INFO:       reading data/pa243/dacParameters35_C7.dat
[16:43:03.870]     INFO:       reading data/pa243/dacParameters35_C8.dat
[16:43:03.870]     INFO:       reading data/pa243/dacParameters35_C9.dat
[16:43:03.870]     INFO:       reading data/pa243/dacParameters35_C10.dat
[16:43:03.871]     INFO:       reading data/pa243/dacParameters35_C11.dat
[16:43:03.871]     INFO:       reading data/pa243/dacParameters35_C12.dat
[16:43:03.871]     INFO:       reading data/pa243/dacParameters35_C13.dat
[16:43:03.871]     INFO:       reading data/pa243/dacParameters35_C14.dat
[16:43:03.871]     INFO:       reading data/pa243/dacParameters35_C15.dat
[16:43:03.871]     INFO:       reading data/pa243/tbmParameters_C0a.dat
[16:43:03.881]     INFO:       reading data/pa243/tbmParameters_C0b.dat
[16:43:03.881]     INFO:       reading data/pa243/defaultMaskFile.dat
[16:43:03.882]     INFO: MASKED Roc 0 col/row: 50 73
[16:43:03.882]     INFO: MASKED Roc 1 col/row: 51 3
[16:43:03.882]     INFO: MASKED Roc 1 col/row: 51 4
[16:43:03.882]     INFO: MASKED Roc 1 col/row: 51 5
[16:43:03.882]     INFO: MASKED Roc 8 col/row: 40 79
[16:43:03.882]     INFO:   masking Roc 0 col/row: 50 73
[16:43:03.882]     INFO:       reading data/pa243/trimParameters35_C0.dat
[16:43:03.889]     INFO:   masking Roc 1 col/row: 51 3
[16:43:03.889]     INFO:   masking Roc 1 col/row: 51 4
[16:43:03.889]     INFO:   masking Roc 1 col/row: 51 5
[16:43:03.889]     INFO:       reading data/pa243/trimParameters35_C1.dat
[16:43:03.896]     INFO:       reading data/pa243/trimParameters35_C2.dat
[16:43:03.902]     INFO:       reading data/pa243/trimParameters35_C3.dat
[16:43:03.909]     INFO:       reading data/pa243/trimParameters35_C4.dat
[16:43:03.915]     INFO:       reading data/pa243/trimParameters35_C5.dat
[16:43:03.922]     INFO:       reading data/pa243/trimParameters35_C6.dat
[16:43:03.928]     INFO:       reading data/pa243/trimParameters35_C7.dat
[16:43:03.935]     INFO:   masking Roc 8 col/row: 40 79
[16:43:03.935]     INFO:       reading data/pa243/trimParameters35_C8.dat
[16:43:03.941]     INFO:       reading data/pa243/trimParameters35_C9.dat
[16:43:03.948]     INFO:       reading data/pa243/trimParameters35_C10.dat
[16:43:03.954]     INFO:       reading data/pa243/trimParameters35_C11.dat
[16:43:03.961]     INFO:       reading data/pa243/trimParameters35_C12.dat
[16:43:03.967]     INFO:       reading data/pa243/trimParameters35_C13.dat
[16:43:03.973]     INFO:       reading data/pa243/trimParameters35_C14.dat
[16:43:03.980]     INFO:       reading data/pa243/trimParameters35_C15.dat
[16:43:03.987]     INFO:       reading data/pa243/tbParameters.dat
[16:43:03.987]     INFO:         clk: 4
[16:43:03.987]     INFO:         ctr: 4
[16:43:03.987]     INFO:         sda: 19
[16:43:03.987]     INFO:         tin: 9
[16:43:03.987]     INFO:         level: 15
[16:43:03.987]     INFO:         triggerdelay: 0
[16:43:03.987]    QUIET: Instanciating API for pxar v1.9.0
[16:43:03.987]     INFO: Log level: INFO
[16:43:04.000]    QUIET: Connection to board DTB_WRPRHI opened.
[16:43:04.004]     INFO: DTB startup information
--- DTB info------------------------------------------
Board id:    58
HW version:  DTB1.2
FW version:  3.2
SW version:  3.6
USB id:      DTB_WRPRHI
MAC address: 40D85511803A
Hostname:    pixelDTB058
Comment:     
------------------------------------------------------
[16:43:04.007]     INFO: RPC call hashes of host and DTB match: 413001178
[16:43:05.617]     INFO: DUT info: 
[16:43:05.617]     INFO: The DUT currently contains the following objects:
[16:43:05.617]     INFO:  2 TBM Cores (2 ON)
[16:43:05.617]     INFO: 	TBM Core alpha (0): 7 registers set
[16:43:05.617]     INFO: 	TBM Core beta  (1): 7 registers set
[16:43:05.617]     INFO: 16 ROCs (16 ON) with 4160 pixelConfigs
[16:43:05.617]     INFO: 	ROC 0: 19 DACs set, Pixels: 1 masked, 4160 active.
[16:43:05.617]     INFO: 	ROC 1: 19 DACs set, Pixels: 3 masked, 4160 active.
[16:43:05.617]     INFO: 	ROC 2: 19 DACs set, Pixels: 0 masked, 4160 active.
[16:43:05.617]     INFO: 	ROC 3: 19 DACs set, Pixels: 0 masked, 4160 active.
[16:43:05.617]     INFO: 	ROC 4: 19 DACs set, Pixels: 0 masked, 4160 active.
[16:43:05.617]     INFO: 	ROC 5: 19 DACs set, Pixels: 0 masked, 4160 active.
[16:43:05.617]     INFO: 	ROC 6: 19 DACs set, Pixels: 0 masked, 4160 active.
[16:43:05.617]     INFO: 	ROC 7: 19 DACs set, Pixels: 0 masked, 4160 active.
[16:43:05.617]     INFO: 	ROC 8: 19 DACs set, Pixels: 1 masked, 4160 active.
[16:43:05.617]     INFO: 	ROC 9: 19 DACs set, Pixels: 0 masked, 4160 active.
[16:43:05.617]     INFO: 	ROC 10: 19 DACs set, Pixels: 0 masked, 4160 active.
[16:43:05.617]     INFO: 	ROC 11: 19 DACs set, Pixels: 0 masked, 4160 active.
[16:43:05.617]     INFO: 	ROC 12: 19 DACs set, Pixels: 0 masked, 4160 active.
[16:43:05.617]     INFO: 	ROC 13: 19 DACs set, Pixels: 0 masked, 4160 active.
[16:43:05.617]     INFO: 	ROC 14: 19 DACs set, Pixels: 0 masked, 4160 active.
[16:43:05.617]     INFO: 	ROC 15: 19 DACs set, Pixels: 0 masked, 4160 active.
[16:43:06.678]     INFO:       reading data/pa243/phCalibrationFitErr35_C0.dat
[16:43:06.695]     INFO:       reading data/pa243/phCalibrationFitErr35_C1.dat
[16:43:06.711]     INFO:       reading data/pa243/phCalibrationFitErr35_C2.dat
[16:43:06.727]     INFO:       reading data/pa243/phCalibrationFitErr35_C3.dat
[16:43:06.743]     INFO:       reading data/pa243/phCalibrationFitErr35_C4.dat
[16:43:06.759]     INFO:       reading data/pa243/phCalibrationFitErr35_C5.dat
[16:43:06.774]     INFO:       reading data/pa243/phCalibrationFitErr35_C6.dat
[16:43:06.790]     INFO:       reading data/pa243/phCalibrationFitErr35_C7.dat
[16:43:06.806]     INFO:       reading data/pa243/phCalibrationFitErr35_C8.dat
[16:43:06.822]     INFO:       reading data/pa243/phCalibrationFitErr35_C9.dat
[16:43:06.838]     INFO:       reading data/pa243/phCalibrationFitErr35_C10.dat
[16:43:06.853]     INFO:       reading data/pa243/phCalibrationFitErr35_C11.dat
[16:43:06.869]     INFO:       reading data/pa243/phCalibrationFitErr35_C12.dat
[16:43:06.884]     INFO:       reading data/pa243/phCalibrationFitErr35_C13.dat
[16:43:06.900]     INFO:       reading data/pa243/phCalibrationFitErr35_C14.dat
[16:43:06.916]     INFO:       reading data/pa243/phCalibrationFitErr35_C15.dat
[16:43:06.993]     INFO:       reading data/pa243/readbackCal_C0.dat
[16:43:07.013]     INFO:       reading data/pa243/readbackCal_C1.dat
[16:43:07.022]     INFO:       reading data/pa243/readbackCal_C2.dat
[16:43:07.028]     INFO:       reading data/pa243/readbackCal_C3.dat
[16:43:07.030]     INFO:       reading data/pa243/readbackCal_C4.dat
[16:43:07.030]     INFO:       reading data/pa243/readbackCal_C5.dat
[16:43:07.031]     INFO:       reading data/pa243/readbackCal_C6.dat
[16:43:07.031]     INFO:       reading data/pa243/readbackCal_C7.dat
[16:43:07.032]     INFO:       reading data/pa243/readbackCal_C8.dat
[16:43:07.032]     INFO:       reading data/pa243/readbackCal_C9.dat
[16:43:07.032]     INFO:       reading data/pa243/readbackCal_C10.dat
[16:43:07.032]     INFO:       reading data/pa243/readbackCal_C11.dat
[16:43:07.032]     INFO:       reading data/pa243/readbackCal_C12.dat
[16:43:07.033]     INFO:       reading data/pa243/readbackCal_C13.dat
[16:43:07.033]     INFO:       reading data/pa243/readbackCal_C14.dat
[16:43:07.033]     INFO:       reading data/pa243/readbackCal_C15.dat
[16:43:13.016]     INFO: ######################################################################
[16:43:13.016]     INFO: PixTestXray::doTest()
[16:43:13.016]     INFO: ######################################################################
[16:43:13.016]     INFO:    ----------------------------------------------------------------------
[16:43:13.016]     INFO:    PixTestXray::doPhRun() fParRunSeconds = 240
[16:43:13.016]     INFO:    ----------------------------------------------------------------------
[16:43:13.018]     INFO:       reading data/pa243/defaultMaskFile.dat
[16:43:13.018]     INFO: ROC 0 masking pixel 50/73
[16:43:13.018]     INFO: ROC 1 masking pixel 51/3
[16:43:13.018]     INFO: ROC 1 masking pixel 51/4
[16:43:13.018]     INFO: ROC 1 masking pixel 51/5
[16:43:13.018]     INFO: ROC 8 masking pixel 40/79
[16:43:13.018]  WARNING: Pattern generator does not contain a trigger signal. No data is expected from the DUT!
[16:43:13.997]     INFO: IGNORE THE WARNING ABOVE (resetROC sent)!
[16:43:15.190]     INFO: PixTestXray::doPhRun start TriggerLoop with trigger frequency 100 kHz, period 405 and duration 240 seconds,  fEventsMax = 24000000
[16:43:32.315]     INFO: run duration 17 seconds, buffer almost full (81%), pausing triggers.
[16:43:50.962]     INFO: Resuming triggers.
[16:44:08.093]     INFO: run duration 34 seconds, buffer almost full (81%), pausing triggers.
[16:44:12.679]    ERROR: <datapipe.cc/CheckEventID:L127>    Event ID mismatch:  local ID (181) !=  TBM ID (13)
[16:44:12.679]    ERROR: <datapipe.cc/DecodeDeser400:L294> Number of ROCs (2) != Token Chain Length (8)
[16:44:12.679]    ERROR: <datapipe.cc/CheckEventID:L127>    Event ID mismatch:  local ID (14) !=  TBM ID (182)
[16:44:12.683]  WARNING: ROC 2: Readback start marker after 15 readouts!
[16:44:12.683]  WARNING: ROC 3: Readback start marker after 15 readouts!
[16:44:12.683]  WARNING: ROC 4: Readback start marker after 15 readouts!
[16:44:12.683]  WARNING: ROC 5: Readback start marker after 15 readouts!
[16:44:12.683]  WARNING: ROC 6: Readback start marker after 15 readouts!
[16:44:12.683]  WARNING: ROC 7: Readback start marker after 15 readouts!
[16:44:27.902]     INFO: Resuming triggers.
[16:44:45.032]     INFO: run duration 51 seconds, buffer almost full (81%), pausing triggers.
[16:45:03.687]     INFO: Resuming triggers.
[16:45:20.820]     INFO: run duration 68 seconds, buffer almost full (81%), pausing triggers.
[16:45:40.659]     INFO: Resuming triggers.
[16:45:57.788]     INFO: run duration 85 seconds, buffer almost full (81%), pausing triggers.
[16:46:17.459]     INFO: Resuming triggers.
[16:46:34.589]     INFO: run duration 102 seconds, buffer almost full (81%), pausing triggers.
[16:46:54.385]     INFO: Resuming triggers.
[16:47:11.518]     INFO: run duration 119 seconds, buffer almost full (81%), pausing triggers.
[16:47:30.208]     INFO: Resuming triggers.
[16:47:47.341]     INFO: run duration 137 seconds, buffer almost full (81%), pausing triggers.
[16:48:06.056]     INFO: Resuming triggers.
[16:48:23.184]     INFO: run duration 154 seconds, buffer almost full (81%), pausing triggers.
[16:48:41.671]     INFO: Resuming triggers.
[16:48:58.798]     INFO: run duration 171 seconds, buffer almost full (81%), pausing triggers.
[16:49:16.151]     INFO: Resuming triggers.
[16:49:33.293]     INFO: run duration 188 seconds, buffer almost full (81%), pausing triggers.
[16:49:51.740]     INFO: Resuming triggers.
[16:50:08.874]     INFO: run duration 205 seconds, buffer almost full (81%), pausing triggers.
[16:50:28.740]     INFO: Resuming triggers.
[16:50:45.867]     INFO: run duration 222 seconds, buffer almost full (81%), pausing triggers.
[16:51:05.919]     INFO: Resuming triggers.
[16:51:23.046]     INFO: run duration 239 seconds, buffer almost full (81%), pausing triggers.
[16:51:42.910]     INFO: Resuming triggers.
[16:51:43.118]     INFO: data taking finished, elapsed time: 240 seconds.
[16:51:43.623]     INFO: PixTest::       pg_setup set to default.
[16:51:43.662]     INFO: PixTestXray::doPhRun() done
[16:51:43.662]     INFO: PixTestXray::doTest() done 
[16:52:29.944]    QUIET: Connection to board 58 closed.
