[15:37:26.686]     INFO: *** Welcome to pxar ***
[15:37:26.686]     INFO: *** Today: 2015/07/28
[15:37:26.686]     INFO:       reading data/pa225//dacParameters35_C0.dat
[15:37:26.686]     INFO:       reading data/pa225//dacParameters35_C1.dat
[15:37:26.686]     INFO:       reading data/pa225//dacParameters35_C2.dat
[15:37:26.686]     INFO:       reading data/pa225//dacParameters35_C3.dat
[15:37:26.686]     INFO:       reading data/pa225//dacParameters35_C4.dat
[15:37:26.687]     INFO:       reading data/pa225//dacParameters35_C5.dat
[15:37:26.687]     INFO:       reading data/pa225//dacParameters35_C6.dat
[15:37:26.687]     INFO:       reading data/pa225//dacParameters35_C7.dat
[15:37:26.687]     INFO:       reading data/pa225//dacParameters35_C8.dat
[15:37:26.687]     INFO:       reading data/pa225//dacParameters35_C9.dat
[15:37:26.687]     INFO:       reading data/pa225//dacParameters35_C10.dat
[15:37:26.687]     INFO:       reading data/pa225//dacParameters35_C11.dat
[15:37:26.687]     INFO:       reading data/pa225//dacParameters35_C12.dat
[15:37:26.687]     INFO:       reading data/pa225//dacParameters35_C13.dat
[15:37:26.687]     INFO:       reading data/pa225//dacParameters35_C14.dat
[15:37:26.687]     INFO:       reading data/pa225//dacParameters35_C15.dat
[15:37:26.687]     INFO:       reading data/pa225//tbmParameters_C0a.dat
[15:37:26.687]     INFO:       reading data/pa225//tbmParameters_C0b.dat
[15:37:26.687]     INFO:       reading data/pa225//defaultMaskFile.dat
[15:37:26.687]     INFO:       reading data/pa225//trimParameters35_C0.dat
[15:37:26.694]     INFO:       reading data/pa225//trimParameters35_C1.dat
[15:37:26.701]     INFO:       reading data/pa225//trimParameters35_C2.dat
[15:37:26.707]     INFO:       reading data/pa225//trimParameters35_C3.dat
[15:37:26.714]     INFO:       reading data/pa225//trimParameters35_C4.dat
[15:37:26.721]     INFO:       reading data/pa225//trimParameters35_C5.dat
[15:37:26.727]     INFO:       reading data/pa225//trimParameters35_C6.dat
[15:37:26.734]     INFO:       reading data/pa225//trimParameters35_C7.dat
[15:37:26.740]     INFO:       reading data/pa225//trimParameters35_C8.dat
[15:37:26.747]     INFO:       reading data/pa225//trimParameters35_C9.dat
[15:37:26.753]     INFO:       reading data/pa225//trimParameters35_C10.dat
[15:37:26.760]     INFO:       reading data/pa225//trimParameters35_C11.dat
[15:37:26.766]     INFO:       reading data/pa225//trimParameters35_C12.dat
[15:37:26.773]     INFO:       reading data/pa225//trimParameters35_C13.dat
[15:37:26.779]     INFO:       reading data/pa225//trimParameters35_C14.dat
[15:37:26.786]     INFO:       reading data/pa225//trimParameters35_C15.dat
[15:37:26.793]     INFO:       reading data/pa225//tbParameters.dat
[15:37:26.793]     INFO:         clk: 4
[15:37:26.793]     INFO:         ctr: 4
[15:37:26.793]     INFO:         sda: 19
[15:37:26.793]     INFO:         tin: 9
[15:37:26.793]     INFO:         level: 15
[15:37:26.793]     INFO:         triggerdelay: 0
[15:37:26.793]    QUIET: Instanciating API for pxar v1.9.0
[15:37:26.793]     INFO: Log level: INFO
[15:37:26.806]    QUIET: Connection to board DTB_WRPRHI opened.
[15:37:26.810]     INFO: DTB startup information
--- DTB info------------------------------------------
Board id:    58
HW version:  DTB1.2
FW version:  3.2
SW version:  3.6
USB id:      DTB_WRPRHI
MAC address: 40D85511803A
Hostname:    pixelDTB058
Comment:     
------------------------------------------------------
[15:37:26.813]     INFO: RPC call hashes of host and DTB match: 413001178
[15:37:28.486]     INFO: DUT info: 
[15:37:28.486]     INFO: The DUT currently contains the following objects:
[15:37:28.486]     INFO:  2 TBM Cores (2 ON)
[15:37:28.486]     INFO: 	TBM Core alpha (0): 7 registers set
[15:37:28.486]     INFO: 	TBM Core beta  (1): 7 registers set
[15:37:28.486]     INFO: 16 ROCs (16 ON) with 4160 pixelConfigs
[15:37:28.486]     INFO: 	ROC 0: 19 DACs set, Pixels: 0 masked, 4160 active.
[15:37:28.486]     INFO: 	ROC 1: 19 DACs set, Pixels: 0 masked, 4160 active.
[15:37:28.486]     INFO: 	ROC 2: 19 DACs set, Pixels: 0 masked, 4160 active.
[15:37:28.486]     INFO: 	ROC 3: 19 DACs set, Pixels: 0 masked, 4160 active.
[15:37:28.486]     INFO: 	ROC 4: 19 DACs set, Pixels: 0 masked, 4160 active.
[15:37:28.486]     INFO: 	ROC 5: 19 DACs set, Pixels: 0 masked, 4160 active.
[15:37:28.487]     INFO: 	ROC 6: 19 DACs set, Pixels: 0 masked, 4160 active.
[15:37:28.487]     INFO: 	ROC 7: 19 DACs set, Pixels: 0 masked, 4160 active.
[15:37:28.487]     INFO: 	ROC 8: 19 DACs set, Pixels: 0 masked, 4160 active.
[15:37:28.487]     INFO: 	ROC 9: 19 DACs set, Pixels: 0 masked, 4160 active.
[15:37:28.487]     INFO: 	ROC 10: 19 DACs set, Pixels: 0 masked, 4160 active.
[15:37:28.487]     INFO: 	ROC 11: 19 DACs set, Pixels: 0 masked, 4160 active.
[15:37:28.487]     INFO: 	ROC 12: 19 DACs set, Pixels: 0 masked, 4160 active.
[15:37:28.487]     INFO: 	ROC 13: 19 DACs set, Pixels: 0 masked, 4160 active.
[15:37:28.487]     INFO: 	ROC 14: 19 DACs set, Pixels: 0 masked, 4160 active.
[15:37:28.487]     INFO: 	ROC 15: 19 DACs set, Pixels: 0 masked, 4160 active.
[15:37:29.053]     INFO:       reading data/pa225//phCalibrationFitErr35_C0.dat
[15:37:29.069]     INFO:       reading data/pa225//phCalibrationFitErr35_C1.dat
[15:37:29.084]     INFO:       reading data/pa225//phCalibrationFitErr35_C2.dat
[15:37:29.100]     INFO:       reading data/pa225//phCalibrationFitErr35_C3.dat
[15:37:29.116]     INFO:       reading data/pa225//phCalibrationFitErr35_C4.dat
[15:37:29.131]     INFO:       reading data/pa225//phCalibrationFitErr35_C5.dat
[15:37:29.147]     INFO:       reading data/pa225//phCalibrationFitErr35_C6.dat
[15:37:29.162]     INFO:       reading data/pa225//phCalibrationFitErr35_C7.dat
[15:37:29.178]     INFO:       reading data/pa225//phCalibrationFitErr35_C8.dat
[15:37:29.194]     INFO:       reading data/pa225//phCalibrationFitErr35_C9.dat
[15:37:29.209]     INFO:       reading data/pa225//phCalibrationFitErr35_C10.dat
[15:37:29.225]     INFO:       reading data/pa225//phCalibrationFitErr35_C11.dat
[15:37:29.240]     INFO:       reading data/pa225//phCalibrationFitErr35_C12.dat
[15:37:29.255]     INFO:       reading data/pa225//phCalibrationFitErr35_C13.dat
[15:37:29.270]     INFO:       reading data/pa225//phCalibrationFitErr35_C14.dat
[15:37:29.286]     INFO:       reading data/pa225//phCalibrationFitErr35_C15.dat
[15:37:29.363]     INFO:       reading data/pa225//readbackCal_C0.dat
[15:37:29.364]     INFO:       reading data/pa225//readbackCal_C1.dat
[15:37:29.364]     INFO:       reading data/pa225//readbackCal_C2.dat
[15:37:29.364]     INFO:       reading data/pa225//readbackCal_C3.dat
[15:37:29.364]     INFO:       reading data/pa225//readbackCal_C4.dat
[15:37:29.364]     INFO:       reading data/pa225//readbackCal_C5.dat
[15:37:29.364]     INFO:       reading data/pa225//readbackCal_C6.dat
[15:37:29.364]     INFO:       reading data/pa225//readbackCal_C7.dat
[15:37:29.364]     INFO:       reading data/pa225//readbackCal_C8.dat
[15:37:29.364]     INFO:       reading data/pa225//readbackCal_C9.dat
[15:37:29.364]     INFO:       reading data/pa225//readbackCal_C10.dat
[15:37:29.364]     INFO:       reading data/pa225//readbackCal_C11.dat
[15:37:29.364]     INFO:       reading data/pa225//readbackCal_C12.dat
[15:37:29.364]     INFO:       reading data/pa225//readbackCal_C13.dat
[15:37:29.364]     INFO:       reading data/pa225//readbackCal_C14.dat
[15:37:29.364]     INFO:       reading data/pa225//readbackCal_C15.dat
[15:37:32.731]     INFO: ######################################################################
[15:37:32.731]     INFO: PixTestAlive::doTest()
[15:37:32.731]     INFO: ######################################################################
[15:37:32.733]     INFO:    ----------------------------------------------------------------------
[15:37:32.733]     INFO:    PixTestAlive::aliveTest() ntrig = 10, vcal = 200 (ctrlreg = 0 0 0 0 0 0 0 0 0 0 0 0 0 0 0 0)
[15:37:32.733]     INFO:    ----------------------------------------------------------------------
[15:37:35.466] CRITICAL: <hal.cc/MultiRocAllPixelsCalibrate:L700> Incomplete DAQ data readout! Missing 41600 Events.
[15:37:38.189] CRITICAL: <hal.cc/MultiRocAllPixelsCalibrate:L700> Incomplete DAQ data readout! Missing 41600 Events.
[15:37:40.912] CRITICAL: <hal.cc/MultiRocAllPixelsCalibrate:L700> Incomplete DAQ data readout! Missing 41600 Events.
[15:37:43.635] CRITICAL: <hal.cc/MultiRocAllPixelsCalibrate:L700> Incomplete DAQ data readout! Missing 41600 Events.
[15:37:46.358] CRITICAL: <hal.cc/MultiRocAllPixelsCalibrate:L700> Incomplete DAQ data readout! Missing 41600 Events.
[15:37:49.082] CRITICAL: <hal.cc/MultiRocAllPixelsCalibrate:L700> Incomplete DAQ data readout! Missing 41600 Events.
[15:37:49.143]     INFO: PixTestAlive::aliveTest() done with 666667 decoding errors
[15:37:49.143]     INFO: number of dead pixels (per ROC):  4160 4160 4160 4160 4160 4160 4160 4160 4160 4160 4160 4160 4160 4160 4160 4160
[15:37:49.167]     INFO:    ----------------------------------------------------------------------
[15:37:49.167]     INFO:    PixTestAlive::maskTest() ntrig = 10, vcal = 200 (ctrlreg = 0 0 0 0 0 0 0 0 0 0 0 0 0 0 0 0)
[15:37:49.167]     INFO:    ----------------------------------------------------------------------
[15:37:51.657] CRITICAL: <hal.cc/MultiRocAllPixelsCalibrate:L700> Incomplete DAQ data readout! Missing 41600 Events.
[15:37:54.144] CRITICAL: <hal.cc/MultiRocAllPixelsCalibrate:L700> Incomplete DAQ data readout! Missing 41600 Events.
[15:37:56.632] CRITICAL: <hal.cc/MultiRocAllPixelsCalibrate:L700> Incomplete DAQ data readout! Missing 41600 Events.
[15:37:59.120] CRITICAL: <hal.cc/MultiRocAllPixelsCalibrate:L700> Incomplete DAQ data readout! Missing 41600 Events.
[15:38:01.607] CRITICAL: <hal.cc/MultiRocAllPixelsCalibrate:L700> Incomplete DAQ data readout! Missing 41600 Events.
[15:38:04.095] CRITICAL: <hal.cc/MultiRocAllPixelsCalibrate:L700> Incomplete DAQ data readout! Missing 41600 Events.
[15:38:04.157]     INFO: PixTestAlive::maskTest() done with 666667 decoding errors
[15:38:04.157]     INFO: number of mask-defect pixels (per ROC):     0    0    0    0    0    0    0    0    0    0    0    0    0    0    0    0
[15:38:04.201]     INFO:    ----------------------------------------------------------------------
[15:38:04.201]     INFO:    PixTestAlive::addressDecodingTest() ntrig = 10, vcal = 200 (ctrlreg = 0 0 0 0 0 0 0 0 0 0 0 0 0 0 0 0)
[15:38:04.201]     INFO:    ----------------------------------------------------------------------
[15:38:06.926] CRITICAL: <hal.cc/MultiRocAllPixelsCalibrate:L700> Incomplete DAQ data readout! Missing 41600 Events.
[15:38:09.649] CRITICAL: <hal.cc/MultiRocAllPixelsCalibrate:L700> Incomplete DAQ data readout! Missing 41600 Events.
[15:38:12.372] CRITICAL: <hal.cc/MultiRocAllPixelsCalibrate:L700> Incomplete DAQ data readout! Missing 41600 Events.
[15:38:15.095] CRITICAL: <hal.cc/MultiRocAllPixelsCalibrate:L700> Incomplete DAQ data readout! Missing 41600 Events.
[15:38:17.818] CRITICAL: <hal.cc/MultiRocAllPixelsCalibrate:L700> Incomplete DAQ data readout! Missing 41600 Events.
[15:38:20.541] CRITICAL: <hal.cc/MultiRocAllPixelsCalibrate:L700> Incomplete DAQ data readout! Missing 41600 Events.
[15:38:20.602]     INFO: PixTestAlive::addressDecodingTest() done with 666667 decoding errors
[15:38:20.602]     INFO: number of address-decoding pixels (per ROC):     0    0    0    0    0    0    0    0    0    0    0    0    0    0    0    0
[15:38:20.621]     INFO: PixTestAlive::doTest() done, duration: 47 seconds
[15:38:28.735]    QUIET: Connection to board 58 closed.
