[17:02:15.057]     INFO: *** Welcome to pxar ***
[17:02:15.057]     INFO: *** Today: 2015/07/27
[17:02:15.057]     INFO:       reading data/pa225/dacParameters35_C0.dat
[17:02:15.057]     INFO:       reading data/pa225/dacParameters35_C1.dat
[17:02:15.057]     INFO:       reading data/pa225/dacParameters35_C2.dat
[17:02:15.057]     INFO:       reading data/pa225/dacParameters35_C3.dat
[17:02:15.057]     INFO:       reading data/pa225/dacParameters35_C4.dat
[17:02:15.057]     INFO:       reading data/pa225/dacParameters35_C5.dat
[17:02:15.057]     INFO:       reading data/pa225/dacParameters35_C6.dat
[17:02:15.058]     INFO:       reading data/pa225/dacParameters35_C7.dat
[17:02:15.058]     INFO:       reading data/pa225/dacParameters35_C8.dat
[17:02:15.058]     INFO:       reading data/pa225/dacParameters35_C9.dat
[17:02:15.058]     INFO:       reading data/pa225/dacParameters35_C10.dat
[17:02:15.058]     INFO:       reading data/pa225/dacParameters35_C11.dat
[17:02:15.058]     INFO:       reading data/pa225/dacParameters35_C12.dat
[17:02:15.058]     INFO:       reading data/pa225/dacParameters35_C13.dat
[17:02:15.058]     INFO:       reading data/pa225/dacParameters35_C14.dat
[17:02:15.058]     INFO:       reading data/pa225/dacParameters35_C15.dat
[17:02:15.058]     INFO:       reading data/pa225/tbmParameters_C0a.dat
[17:02:15.058]     INFO:       reading data/pa225/tbmParameters_C0b.dat
[17:02:15.058]     INFO:       reading data/pa225/defaultMaskFile.dat
[17:02:15.058]     INFO:       reading data/pa225/trimParameters35_C0.dat
[17:02:15.065]     INFO:       reading data/pa225/trimParameters35_C1.dat
[17:02:15.071]     INFO:       reading data/pa225/trimParameters35_C2.dat
[17:02:15.078]     INFO:       reading data/pa225/trimParameters35_C3.dat
[17:02:15.084]     INFO:       reading data/pa225/trimParameters35_C4.dat
[17:02:15.091]     INFO:       reading data/pa225/trimParameters35_C5.dat
[17:02:15.097]     INFO:       reading data/pa225/trimParameters35_C6.dat
[17:02:15.104]     INFO:       reading data/pa225/trimParameters35_C7.dat
[17:02:15.110]     INFO:       reading data/pa225/trimParameters35_C8.dat
[17:02:15.116]     INFO:       reading data/pa225/trimParameters35_C9.dat
[17:02:15.123]     INFO:       reading data/pa225/trimParameters35_C10.dat
[17:02:15.129]     INFO:       reading data/pa225/trimParameters35_C11.dat
[17:02:15.136]     INFO:       reading data/pa225/trimParameters35_C12.dat
[17:02:15.142]     INFO:       reading data/pa225/trimParameters35_C13.dat
[17:02:15.148]     INFO:       reading data/pa225/trimParameters35_C14.dat
[17:02:15.155]     INFO:       reading data/pa225/trimParameters35_C15.dat
[17:02:15.161]     INFO:       reading data/pa225/tbParameters.dat
[17:02:15.162]     INFO:         clk: 4
[17:02:15.162]     INFO:         ctr: 4
[17:02:15.162]     INFO:         sda: 19
[17:02:15.162]     INFO:         tin: 9
[17:02:15.162]     INFO:         level: 15
[17:02:15.162]     INFO:         triggerdelay: 0
[17:02:15.162]    QUIET: Instanciating API for pxar v1.9.0
[17:02:15.162]     INFO: Log level: INFO
[17:02:15.175]    QUIET: Connection to board DTB_WRPRHI opened.
[17:02:15.179]     INFO: DTB startup information
--- DTB info------------------------------------------
Board id:    58
HW version:  DTB1.2
FW version:  3.2
SW version:  3.6
USB id:      DTB_WRPRHI
MAC address: 40D85511803A
Hostname:    pixelDTB058
Comment:     
------------------------------------------------------
[17:02:15.183]     INFO: RPC call hashes of host and DTB match: 413001178
[17:02:16.793]     INFO: DUT info: 
[17:02:16.793]     INFO: The DUT currently contains the following objects:
[17:02:16.793]     INFO:  2 TBM Cores (2 ON)
[17:02:16.793]     INFO: 	TBM Core alpha (0): 7 registers set
[17:02:16.793]     INFO: 	TBM Core beta  (1): 7 registers set
[17:02:16.793]     INFO: 16 ROCs (16 ON) with 4160 pixelConfigs
[17:02:16.793]     INFO: 	ROC 0: 19 DACs set, Pixels: 0 masked, 4160 active.
[17:02:16.793]     INFO: 	ROC 1: 19 DACs set, Pixels: 0 masked, 4160 active.
[17:02:16.793]     INFO: 	ROC 2: 19 DACs set, Pixels: 0 masked, 4160 active.
[17:02:16.793]     INFO: 	ROC 3: 19 DACs set, Pixels: 0 masked, 4160 active.
[17:02:16.793]     INFO: 	ROC 4: 19 DACs set, Pixels: 0 masked, 4160 active.
[17:02:16.793]     INFO: 	ROC 5: 19 DACs set, Pixels: 0 masked, 4160 active.
[17:02:16.793]     INFO: 	ROC 6: 19 DACs set, Pixels: 0 masked, 4160 active.
[17:02:16.793]     INFO: 	ROC 7: 19 DACs set, Pixels: 0 masked, 4160 active.
[17:02:16.793]     INFO: 	ROC 8: 19 DACs set, Pixels: 0 masked, 4160 active.
[17:02:16.793]     INFO: 	ROC 9: 19 DACs set, Pixels: 0 masked, 4160 active.
[17:02:16.793]     INFO: 	ROC 10: 19 DACs set, Pixels: 0 masked, 4160 active.
[17:02:16.793]     INFO: 	ROC 11: 19 DACs set, Pixels: 0 masked, 4160 active.
[17:02:16.793]     INFO: 	ROC 12: 19 DACs set, Pixels: 0 masked, 4160 active.
[17:02:16.793]     INFO: 	ROC 13: 19 DACs set, Pixels: 0 masked, 4160 active.
[17:02:16.793]     INFO: 	ROC 14: 19 DACs set, Pixels: 0 masked, 4160 active.
[17:02:16.793]     INFO: 	ROC 15: 19 DACs set, Pixels: 0 masked, 4160 active.
[17:02:17.362]     INFO:       reading data/pa225/phCalibrationFitErr35_C0.dat
[17:02:17.378]     INFO:       reading data/pa225/phCalibrationFitErr35_C1.dat
[17:02:17.394]     INFO:       reading data/pa225/phCalibrationFitErr35_C2.dat
[17:02:17.409]     INFO:       reading data/pa225/phCalibrationFitErr35_C3.dat
[17:02:17.424]     INFO:       reading data/pa225/phCalibrationFitErr35_C4.dat
[17:02:17.440]     INFO:       reading data/pa225/phCalibrationFitErr35_C5.dat
[17:02:17.455]     INFO:       reading data/pa225/phCalibrationFitErr35_C6.dat
[17:02:17.471]     INFO:       reading data/pa225/phCalibrationFitErr35_C7.dat
[17:02:17.486]     INFO:       reading data/pa225/phCalibrationFitErr35_C8.dat
[17:02:17.502]     INFO:       reading data/pa225/phCalibrationFitErr35_C9.dat
[17:02:17.517]     INFO:       reading data/pa225/phCalibrationFitErr35_C10.dat
[17:02:17.532]     INFO:       reading data/pa225/phCalibrationFitErr35_C11.dat
[17:02:17.547]     INFO:       reading data/pa225/phCalibrationFitErr35_C12.dat
[17:02:17.562]     INFO:       reading data/pa225/phCalibrationFitErr35_C13.dat
[17:02:17.577]     INFO:       reading data/pa225/phCalibrationFitErr35_C14.dat
[17:02:17.592]     INFO:       reading data/pa225/phCalibrationFitErr35_C15.dat
[17:02:17.673]     INFO:       reading data/pa225/readbackCal_C0.dat
[17:02:17.673]     INFO:       reading data/pa225/readbackCal_C1.dat
[17:02:17.673]     INFO:       reading data/pa225/readbackCal_C2.dat
[17:02:17.673]     INFO:       reading data/pa225/readbackCal_C3.dat
[17:02:17.673]     INFO:       reading data/pa225/readbackCal_C4.dat
[17:02:17.673]     INFO:       reading data/pa225/readbackCal_C5.dat
[17:02:17.673]     INFO:       reading data/pa225/readbackCal_C6.dat
[17:02:17.673]     INFO:       reading data/pa225/readbackCal_C7.dat
[17:02:17.673]     INFO:       reading data/pa225/readbackCal_C8.dat
[17:02:17.673]     INFO:       reading data/pa225/readbackCal_C9.dat
[17:02:17.673]     INFO:       reading data/pa225/readbackCal_C10.dat
[17:02:17.673]     INFO:       reading data/pa225/readbackCal_C11.dat
[17:02:17.674]     INFO:       reading data/pa225/readbackCal_C12.dat
[17:02:17.674]     INFO:       reading data/pa225/readbackCal_C13.dat
[17:02:17.674]     INFO:       reading data/pa225/readbackCal_C14.dat
[17:02:17.674]     INFO:       reading data/pa225/readbackCal_C15.dat
[17:02:26.310]     INFO: ######################################################################
[17:02:26.310]     INFO: PixTestScurves::doTest() ntrig = 50
[17:02:26.310]     INFO: ######################################################################
[17:02:26.310]     INFO:    ----------------------------------------------------------------------
[17:02:26.310]     INFO:    PixTestScurves::scurves(Vcal), ntrig = 50
[17:02:26.310]     INFO:    ----------------------------------------------------------------------
[17:02:26.310]     INFO: ---> dac: Vcal name: scurveVcal ntrig: 50 dacrange: 5 .. 65 hits flags = 16 (plus default)
[17:02:26.343]     INFO:   dacScan step  from 5 .. 14
[17:03:06.808]     INFO: Test took 40465ms.
[17:03:06.985]     INFO: Fetched DAQ statistics. Counters are being reset now.
[17:03:06.985]     INFO:   dacScan step  from 15 .. 24
[17:03:47.618]     INFO: Test took 40633ms.
[17:03:47.792]     INFO: Fetched DAQ statistics. Counters are being reset now.
[17:03:47.792]     INFO:   dacScan step  from 25 .. 34
[17:04:30.866]     INFO: Test took 43074ms.
[17:04:31.249]     INFO: Fetched DAQ statistics. Counters are being reset now.
[17:04:31.292]     INFO:   dacScan step  from 35 .. 44
[17:05:37.688]     INFO: Test took 66395ms.
[17:05:39.036]     INFO: Fetched DAQ statistics. Counters are being reset now.
[17:05:39.128]     INFO:   dacScan step  from 45 .. 54
[17:06:52.291]     INFO: Test took 73163ms.
[17:06:53.667]     INFO: Fetched DAQ statistics. Counters are being reset now.
[17:06:53.758]     INFO:   dacScan step  from 55 .. 64
[17:08:06.936]     INFO: Test took 73178ms.
[17:08:08.309]     INFO: Fetched DAQ statistics. Counters are being reset now.
[17:08:08.400]     INFO:   dacScan step  from 65 .. 65
[17:08:18.123]     INFO: Test took 9723ms.
[17:08:18.260]     INFO: Fetched DAQ statistics. Counters are being reset now.
[17:08:48.791]     INFO: PixTestScurves::scurves() done 
[17:08:48.791]     INFO: Vcal mean:  35.09  35.14  35.09  35.09  35.10  35.04  35.17  35.05  35.20  35.10  35.23  35.13  35.10  35.17  35.14  35.13 
[17:08:48.791]     INFO: Vcal RMS:    1.05   1.28   1.10   1.36   0.94   0.93   1.01   0.99   1.14   1.04   1.11   1.04   1.15   1.09   0.93   1.93 
[17:09:19.166]     INFO: ######################################################################
[17:09:19.166]     INFO: PixTestAlive::doTest()
[17:09:19.166]     INFO: ######################################################################
[17:09:19.168]     INFO:    ----------------------------------------------------------------------
[17:09:19.168]     INFO:    PixTestAlive::aliveTest() ntrig = 10, vcal = 200 (ctrlreg = 0 0 0 0 0 0 0 0 0 0 0 0 0 0 0 0)
[17:09:19.168]     INFO:    ----------------------------------------------------------------------
[17:09:22.721]     INFO: Test took 3551ms.
[17:09:22.760]     INFO: Fetched DAQ statistics. Counters are being reset now.
[17:09:23.019]     INFO: PixTestAlive::aliveTest() done
[17:09:23.019]     INFO: number of dead pixels (per ROC):     1    2    1    3    0    0    0    0    0    0    0    0    1    1    0    8
[17:09:23.062]     INFO:    ----------------------------------------------------------------------
[17:09:23.062]     INFO:    PixTestAlive::maskTest() ntrig = 10, vcal = 200 (ctrlreg = 0 0 0 0 0 0 0 0 0 0 0 0 0 0 0 0)
[17:09:23.062]     INFO:    ----------------------------------------------------------------------
[17:09:25.782]     INFO: Test took 2718ms.
[17:09:25.785]     INFO: Fetched DAQ statistics. Counters are being reset now.
[17:09:26.026]     INFO: PixTestAlive::maskTest() done
[17:09:26.026]     INFO: number of mask-defect pixels (per ROC):     0    0    0    0    0    0    0    0    0    0    0    0    0    0    0    0
[17:09:26.068]     INFO:    ----------------------------------------------------------------------
[17:09:26.068]     INFO:    PixTestAlive::addressDecodingTest() ntrig = 10, vcal = 200 (ctrlreg = 0 0 0 0 0 0 0 0 0 0 0 0 0 0 0 0)
[17:09:26.068]     INFO:    ----------------------------------------------------------------------
[17:09:29.624]     INFO: Test took 3554ms.
[17:09:29.663]     INFO: Fetched DAQ statistics. Counters are being reset now.
[17:09:29.926]     INFO: PixTestAlive::addressDecodingTest() done
[17:09:29.926]     INFO: number of address-decoding pixels (per ROC):     0    0    0    0    0    0    0    0    0    0    0    0    0    0    0    0
[17:09:29.947]     INFO: PixTestAlive::doTest() done, duration: 10 seconds
[17:10:22.577]    QUIET: Connection to board 58 closed.
