[10:30:42.914]     INFO: *** Welcome to pxar ***
[10:30:42.914]     INFO: *** Today: 2015/07/06
[10:30:42.914]     INFO:       reading data/yhc691015sn3p35/dacParameters_C0.dat
[10:30:42.914]     INFO:       reading data/yhc691015sn3p35/dacParameters_C1.dat
[10:30:42.914]     INFO:       reading data/yhc691015sn3p35/dacParameters_C2.dat
[10:30:42.914]     INFO:       reading data/yhc691015sn3p35/dacParameters_C3.dat
[10:30:42.914]     INFO:       reading data/yhc691015sn3p35/dacParameters_C4.dat
[10:30:42.914]     INFO:       reading data/yhc691015sn3p35/dacParameters_C5.dat
[10:30:42.914]     INFO:       reading data/yhc691015sn3p35/dacParameters_C6.dat
[10:30:42.914]     INFO:       reading data/yhc691015sn3p35/dacParameters_C7.dat
[10:30:42.914]     INFO:       reading data/yhc691015sn3p35/dacParameters_C8.dat
[10:30:42.914]     INFO:       reading data/yhc691015sn3p35/dacParameters_C9.dat
[10:30:42.914]     INFO:       reading data/yhc691015sn3p35/dacParameters_C10.dat
[10:30:42.914]     INFO:       reading data/yhc691015sn3p35/dacParameters_C11.dat
[10:30:42.914]     INFO:       reading data/yhc691015sn3p35/dacParameters_C12.dat
[10:30:42.914]     INFO:       reading data/yhc691015sn3p35/dacParameters_C13.dat
[10:30:42.915]     INFO:       reading data/yhc691015sn3p35/dacParameters_C14.dat
[10:30:42.915]     INFO:       reading data/yhc691015sn3p35/dacParameters_C15.dat
[10:30:42.915]     INFO:       reading data/yhc691015sn3p35/tbmParameters_C0a.dat
[10:30:42.915]     INFO:       reading data/yhc691015sn3p35/tbmParameters_C0b.dat
[10:30:42.915]     INFO:       reading data/yhc691015sn3p35/defaultMaskFile.dat
[10:30:42.915]     INFO:       reading data/yhc691015sn3p35/trimParameters_C0.dat
[10:30:42.921]     INFO:       reading data/yhc691015sn3p35/trimParameters_C1.dat
[10:30:42.928]     INFO:       reading data/yhc691015sn3p35/trimParameters_C2.dat
[10:30:42.934]     INFO:       reading data/yhc691015sn3p35/trimParameters_C3.dat
[10:30:42.941]     INFO:       reading data/yhc691015sn3p35/trimParameters_C4.dat
[10:30:42.947]     INFO:       reading data/yhc691015sn3p35/trimParameters_C5.dat
[10:30:42.953]     INFO:       reading data/yhc691015sn3p35/trimParameters_C6.dat
[10:30:42.960]     INFO:       reading data/yhc691015sn3p35/trimParameters_C7.dat
[10:30:42.966]     INFO:       reading data/yhc691015sn3p35/trimParameters_C8.dat
[10:30:42.972]     INFO:       reading data/yhc691015sn3p35/trimParameters_C9.dat
[10:30:42.979]     INFO:       reading data/yhc691015sn3p35/trimParameters_C10.dat
[10:30:42.985]     INFO:       reading data/yhc691015sn3p35/trimParameters_C11.dat
[10:30:42.991]     INFO:       reading data/yhc691015sn3p35/trimParameters_C12.dat
[10:30:42.998]     INFO:       reading data/yhc691015sn3p35/trimParameters_C13.dat
[10:30:43.004]     INFO:       reading data/yhc691015sn3p35/trimParameters_C14.dat
[10:30:43.010]     INFO:       reading data/yhc691015sn3p35/trimParameters_C15.dat
[10:30:43.017]     INFO:       reading data/yhc691015sn3p35/tbParameters.dat
[10:30:43.017]     INFO:         clk: 4
[10:30:43.017]     INFO:         ctr: 4
[10:30:43.017]     INFO:         sda: 19
[10:30:43.017]     INFO:         tin: 9
[10:30:43.017]     INFO:         level: 15
[10:30:43.017]     INFO:         triggerdelay: 0
[10:30:43.017]    QUIET: Instanciating API for pxar v1.9.0
[10:30:43.017]     INFO: Log level: DEBUG
[10:30:43.031]    QUIET: Connection to board DTB_WRPRHI opened.
[10:30:43.034]     INFO: DTB startup information
--- DTB info------------------------------------------
Board id:    58
HW version:  DTB1.2
FW version:  3.2
SW version:  3.6
USB id:      DTB_WRPRHI
MAC address: 40D85511803A
Hostname:    pixelDTB058
Comment:     
------------------------------------------------------
[10:30:43.037]     INFO: RPC call hashes of host and DTB match: 413001178
[10:30:44.647]     INFO: DUT info: 
[10:30:44.647]     INFO: The DUT currently contains the following objects:
[10:30:44.648]     INFO:  2 TBM Cores (2 ON)
[10:30:44.648]     INFO: 	TBM Core alpha (0): 7 registers set
[10:30:44.648]     INFO: 	TBM Core beta  (1): 7 registers set
[10:30:44.648]     INFO: 16 ROCs (16 ON) with 4160 pixelConfigs
[10:30:44.648]     INFO: 	ROC 0: 19 DACs set, Pixels: 0 masked, 4160 active.
[10:30:44.648]     INFO: 	ROC 1: 19 DACs set, Pixels: 0 masked, 4160 active.
[10:30:44.648]     INFO: 	ROC 2: 19 DACs set, Pixels: 0 masked, 4160 active.
[10:30:44.648]     INFO: 	ROC 3: 19 DACs set, Pixels: 0 masked, 4160 active.
[10:30:44.648]     INFO: 	ROC 4: 19 DACs set, Pixels: 0 masked, 4160 active.
[10:30:44.648]     INFO: 	ROC 5: 19 DACs set, Pixels: 0 masked, 4160 active.
[10:30:44.648]     INFO: 	ROC 6: 19 DACs set, Pixels: 0 masked, 4160 active.
[10:30:44.648]     INFO: 	ROC 7: 19 DACs set, Pixels: 0 masked, 4160 active.
[10:30:44.648]     INFO: 	ROC 8: 19 DACs set, Pixels: 0 masked, 4160 active.
[10:30:44.648]     INFO: 	ROC 9: 19 DACs set, Pixels: 0 masked, 4160 active.
[10:30:44.648]     INFO: 	ROC 10: 19 DACs set, Pixels: 0 masked, 4160 active.
[10:30:44.648]     INFO: 	ROC 11: 19 DACs set, Pixels: 0 masked, 4160 active.
[10:30:44.648]     INFO: 	ROC 12: 19 DACs set, Pixels: 0 masked, 4160 active.
[10:30:44.648]     INFO: 	ROC 13: 19 DACs set, Pixels: 0 masked, 4160 active.
[10:30:44.648]     INFO: 	ROC 14: 19 DACs set, Pixels: 0 masked, 4160 active.
[10:30:44.648]     INFO: 	ROC 15: 19 DACs set, Pixels: 0 masked, 4160 active.
[10:30:44.648]    DEBUG: <PixTestParameters.cc/dump:L104> PixTestParameters: ->BB<-
[10:30:44.648]    DEBUG: <PixTestParameters.cc/dump:L107>   dumpall: checkbox(0)
[10:30:44.648]    DEBUG: <PixTestParameters.cc/dump:L107>   dumpproblematic: checkbox(0)
[10:30:44.648]    DEBUG: <PixTestParameters.cc/dump:L107>   ntrig: 5
[10:30:44.648]    DEBUG: <PixTestParameters.cc/dump:L107>   vcals: 250
[10:30:44.648]    DEBUG: <PixTestParameters.cc/dump:L104> PixTestParameters: ->BB2<-
[10:30:44.648]    DEBUG: <PixTestParameters.cc/dump:L107>   ntrig: 10
[10:30:44.648]    DEBUG: <PixTestParameters.cc/dump:L107>   vcals: 222
[10:30:44.648]    DEBUG: <PixTestParameters.cc/dump:L107>   plwidth: 35
[10:30:44.648]    DEBUG: <PixTestParameters.cc/dump:L107>   pix: 11,20
[10:30:44.648]    DEBUG: <PixTestParameters.cc/dump:L107>   targetia: 24
[10:30:44.648]    DEBUG: <PixTestParameters.cc/dump:L104> PixTestParameters: ->DacDacScan<-
[10:30:44.648]    DEBUG: <PixTestParameters.cc/dump:L107>   phmap: checkbox
[10:30:44.648]    DEBUG: <PixTestParameters.cc/dump:L107>   ntrig: 10
[10:30:44.648]    DEBUG: <PixTestParameters.cc/dump:L107>   dac1: caldel
[10:30:44.648]    DEBUG: <PixTestParameters.cc/dump:L107>   dac1lo: 0
[10:30:44.648]    DEBUG: <PixTestParameters.cc/dump:L107>   dac1hi: 255
[10:30:44.648]    DEBUG: <PixTestParameters.cc/dump:L107>   dac2: vthrcomp
[10:30:44.648]    DEBUG: <PixTestParameters.cc/dump:L107>   dac2lo: 0
[10:30:44.648]    DEBUG: <PixTestParameters.cc/dump:L107>   dac2hi: 255
[10:30:44.648]    DEBUG: <PixTestParameters.cc/dump:L107>   pix: 11,20
[10:30:44.649]    DEBUG: <PixTestParameters.cc/dump:L104> PixTestParameters: ->DacScan<-
[10:30:44.649]    DEBUG: <PixTestParameters.cc/dump:L107>   phmap: checkbox(1)
[10:30:44.649]    DEBUG: <PixTestParameters.cc/dump:L107>   ntrig: 10
[10:30:44.649]    DEBUG: <PixTestParameters.cc/dump:L107>   dac: vcal
[10:30:44.649]    DEBUG: <PixTestParameters.cc/dump:L107>   daclo: 0
[10:30:44.649]    DEBUG: <PixTestParameters.cc/dump:L107>   dachi: 255
[10:30:44.649]    DEBUG: <PixTestParameters.cc/dump:L107>   pix: 11,20
[10:30:44.649]    DEBUG: <PixTestParameters.cc/dump:L104> PixTestParameters: ->GainPedestal<-
[10:30:44.649]    DEBUG: <PixTestParameters.cc/dump:L107>   showfits: checkbox(0)
[10:30:44.649]    DEBUG: <PixTestParameters.cc/dump:L107>   extended: checkbox(0)
[10:30:44.649]    DEBUG: <PixTestParameters.cc/dump:L107>   dumphists: checkbox(0)
[10:30:44.649]    DEBUG: <PixTestParameters.cc/dump:L107>   ntrig: 10
[10:30:44.649]    DEBUG: <PixTestParameters.cc/dump:L107>   measure: button
[10:30:44.649]    DEBUG: <PixTestParameters.cc/dump:L107>   fit: button
[10:30:44.649]    DEBUG: <PixTestParameters.cc/dump:L107>   save: button
[10:30:44.649]    DEBUG: <PixTestParameters.cc/dump:L104> PixTestParameters: ->HighRate<-
[10:30:44.649]    DEBUG: <PixTestParameters.cc/dump:L107>   pix: 11,20
[10:30:44.649]    DEBUG: <PixTestParameters.cc/dump:L107>   maskhotpixels: button
[10:30:44.649]    DEBUG: <PixTestParameters.cc/dump:L107>   savemaskfile: checkbox(0)
[10:30:44.649]    DEBUG: <PixTestParameters.cc/dump:L107>   maskfilename: default
[10:30:44.649]    DEBUG: <PixTestParameters.cc/dump:L107>   caldelscan: button
[10:30:44.649]    DEBUG: <PixTestParameters.cc/dump:L107>   xpixelalive: button
[10:30:44.649]    DEBUG: <PixTestParameters.cc/dump:L107>   ntrig: 5
[10:30:44.649]    DEBUG: <PixTestParameters.cc/dump:L107>   vcal: 200
[10:30:44.649]    DEBUG: <PixTestParameters.cc/dump:L107>   rundaq: button
[10:30:44.649]    DEBUG: <PixTestParameters.cc/dump:L107>   trgfrequency(khz): 20
[10:30:44.649]    DEBUG: <PixTestParameters.cc/dump:L107>   runseconds: 2
[10:30:44.649]    DEBUG: <PixTestParameters.cc/dump:L107>   triggerdelay: 20
[10:30:44.649]    DEBUG: <PixTestParameters.cc/dump:L107>   delaytbm: checkbox
[10:30:44.649]    DEBUG: <PixTestParameters.cc/dump:L107>   filltree: checkbox
[10:30:44.649]    DEBUG: <PixTestParameters.cc/dump:L104> PixTestParameters: ->IV<-
[10:30:44.649]    DEBUG: <PixTestParameters.cc/dump:L107>   port: /dev/FIXME
[10:30:44.649]    DEBUG: <PixTestParameters.cc/dump:L107>   voltagestart: 0
[10:30:44.649]    DEBUG: <PixTestParameters.cc/dump:L107>   voltagestop: 600
[10:30:44.649]    DEBUG: <PixTestParameters.cc/dump:L107>   voltagestep: 5
[10:30:44.649]    DEBUG: <PixTestParameters.cc/dump:L107>   delay: 1
[10:30:44.649]    DEBUG: <PixTestParameters.cc/dump:L107>   compliance(ua): 100
[10:30:44.649]    DEBUG: <PixTestParameters.cc/dump:L104> PixTestParameters: ->PhOptimization<-
[10:30:44.649]    DEBUG: <PixTestParameters.cc/dump:L107>   ntrig: 10
[10:30:44.649]    DEBUG: <PixTestParameters.cc/dump:L107>   safetymarginlow: 20
[10:30:44.649]    DEBUG: <PixTestParameters.cc/dump:L107>   saturationvcal: 100
[10:30:44.649]    DEBUG: <PixTestParameters.cc/dump:L107>   quantilesaturation: 0.98
[10:30:44.649]    DEBUG: <PixTestParameters.cc/dump:L104> PixTestParameters: ->PixelAlive<-
[10:30:44.649]    DEBUG: <PixTestParameters.cc/dump:L107>   ntrig: 10
[10:30:44.649]    DEBUG: <PixTestParameters.cc/dump:L107>   vcal: 200
[10:30:44.649]    DEBUG: <PixTestParameters.cc/dump:L107>   alivetest: button
[10:30:44.649]    DEBUG: <PixTestParameters.cc/dump:L107>   masktest: button
[10:30:44.649]    DEBUG: <PixTestParameters.cc/dump:L107>   addressdecodingtest: button
[10:30:44.649]    DEBUG: <PixTestParameters.cc/dump:L104> PixTestParameters: ->Pretest<-
[10:30:44.649]    DEBUG: <PixTestParameters.cc/dump:L107>   programroc: button
[10:30:44.649]    DEBUG: <PixTestParameters.cc/dump:L107>   targetia: 24
[10:30:44.649]    DEBUG: <PixTestParameters.cc/dump:L107>   setvana: button
[10:30:44.649]    DEBUG: <PixTestParameters.cc/dump:L107>   iterations: 100
[10:30:44.649]    DEBUG: <PixTestParameters.cc/dump:L107>   settimings: button
[10:30:44.649]    DEBUG: <PixTestParameters.cc/dump:L107>   findworkingpixel: button
[10:30:44.649]    DEBUG: <PixTestParameters.cc/dump:L107>   setvthrcompcaldel: button
[10:30:44.649]    DEBUG: <PixTestParameters.cc/dump:L107>   pix: 11,20
[10:30:44.649]    DEBUG: <PixTestParameters.cc/dump:L107>   vcal: 250
[10:30:44.649]    DEBUG: <PixTestParameters.cc/dump:L107>   deltavthrcomp: 50
[10:30:44.649]    DEBUG: <PixTestParameters.cc/dump:L107>   fraccaldel: 0.5
[10:30:44.649]    DEBUG: <PixTestParameters.cc/dump:L107>   ntrig: 5
[10:30:44.649]    DEBUG: <PixTestParameters.cc/dump:L107>   savedacs: button
[10:30:44.649]    DEBUG: <PixTestParameters.cc/dump:L104> PixTestParameters: ->Readback<-
[10:30:44.649]    DEBUG: <PixTestParameters.cc/dump:L107>   calibratevd: button
[10:30:44.649]    DEBUG: <PixTestParameters.cc/dump:L107>   calibrateva: button
[10:30:44.649]    DEBUG: <PixTestParameters.cc/dump:L107>   calibrateia: button
[10:30:44.649]    DEBUG: <PixTestParameters.cc/dump:L107>   readbackvbg: button
[10:30:44.649]    DEBUG: <PixTestParameters.cc/dump:L107>   getcalibratedvbg: button
[10:30:44.649]    DEBUG: <PixTestParameters.cc/dump:L107>   usecalvd: checkbox(1)
[10:30:44.649]    DEBUG: <PixTestParameters.cc/dump:L107>   usecalva: checkbox(0)
[10:30:44.649]    DEBUG: <PixTestParameters.cc/dump:L107>   getcalibratedia: button
[10:30:44.649]    DEBUG: <PixTestParameters.cc/dump:L107>   setvana: button
[10:30:44.649]    DEBUG: <PixTestParameters.cc/dump:L104> PixTestParameters: ->Scurves<-
[10:30:44.649]    DEBUG: <PixTestParameters.cc/dump:L107>   adjustvcal: checkbox(1)
[10:30:44.649]    DEBUG: <PixTestParameters.cc/dump:L107>   dumpall: checkbox(0)
[10:30:44.649]    DEBUG: <PixTestParameters.cc/dump:L107>   dumpproblematic: checkbox(0)
[10:30:44.650]    DEBUG: <PixTestParameters.cc/dump:L107>   ntrig: 50
[10:30:44.650]    DEBUG: <PixTestParameters.cc/dump:L107>   dac: VthrComp
[10:30:44.650]    DEBUG: <PixTestParameters.cc/dump:L107>   daclo: 0
[10:30:44.650]    DEBUG: <PixTestParameters.cc/dump:L107>   dachi: 200
[10:30:44.650]    DEBUG: <PixTestParameters.cc/dump:L107>   dacs/step: 10
[10:30:44.650]    DEBUG: <PixTestParameters.cc/dump:L107>   scurves: button
[10:30:44.650]    DEBUG: <PixTestParameters.cc/dump:L104> PixTestParameters: ->Timing<-
[10:30:44.650]    DEBUG: <PixTestParameters.cc/dump:L107>   fastscan: checkbox(0)
[10:30:44.650]    DEBUG: <PixTestParameters.cc/dump:L107>   targetclk: 4
[10:30:44.650]    DEBUG: <PixTestParameters.cc/dump:L107>   ntrig: 10
[10:30:44.650]    DEBUG: <PixTestParameters.cc/dump:L107>   clocksdascan: button
[10:30:44.650]    DEBUG: <PixTestParameters.cc/dump:L107>   phasescan: button
[10:30:44.650]    DEBUG: <PixTestParameters.cc/dump:L107>   levelscan: button
[10:30:44.650]    DEBUG: <PixTestParameters.cc/dump:L107>   saveparameters: button
[10:30:44.650]    DEBUG: <PixTestParameters.cc/dump:L107>   timingtest: button
[10:30:44.650]    DEBUG: <PixTestParameters.cc/dump:L104> PixTestParameters: ->Trim<-
[10:30:44.650]    DEBUG: <PixTestParameters.cc/dump:L107>   trim: button
[10:30:44.650]    DEBUG: <PixTestParameters.cc/dump:L107>   ntrig: 10
[10:30:44.650]    DEBUG: <PixTestParameters.cc/dump:L107>   vcal: 35
[10:30:44.650]    DEBUG: <PixTestParameters.cc/dump:L107>   trimbits: button
[10:30:44.650]    DEBUG: <PixTestParameters.cc/dump:L104> PixTestParameters: ->Xray<-
[10:30:44.650]    DEBUG: <PixTestParameters.cc/dump:L107>   maskhotpixels: button
[10:30:44.650]    DEBUG: <PixTestParameters.cc/dump:L107>   savemaskfile: checkbox(0)
[10:30:44.650]    DEBUG: <PixTestParameters.cc/dump:L107>   maskfilename: default
[10:30:44.650]    DEBUG: <PixTestParameters.cc/dump:L107>   source: Ag
[10:30:44.650]    DEBUG: <PixTestParameters.cc/dump:L107>   phrun: button
[10:30:44.650]    DEBUG: <PixTestParameters.cc/dump:L107>   runseconds: 100
[10:30:44.650]    DEBUG: <PixTestParameters.cc/dump:L107>   trgfrequency(khz): 100
[10:30:44.650]    DEBUG: <PixTestParameters.cc/dump:L107>   ratescan: button
[10:30:44.650]    DEBUG: <PixTestParameters.cc/dump:L107>   vthrcompmin: 10
[10:30:44.650]    DEBUG: <PixTestParameters.cc/dump:L107>   vthrcompmax: 80
[10:30:44.650]    DEBUG: <PixTestParameters.cc/dump:L107>   stepseconds: 5
[10:30:44.650]    DEBUG: <PixTestParameters.cc/dump:L107>   delaytbm: checkbox
[10:30:44.650]    DEBUG: <PixTestParameters.cc/dump:L107>   filltree: checkbox
[10:30:44.650]    DEBUG: <PixSetup.cc/init:L81> PixSetup init start; getCurrentRSS() = 34795520
[10:30:44.650]    DEBUG: <PixSetup.cc/init:L87> fPixTestParameters = 0x1ec59d0
[10:30:44.650]    DEBUG: <PixSetup.cc/init:L88>  fConfigParameters = 0x1e1b890
[10:30:44.650]    DEBUG: <PixSetup.cc/init:L89>        fPxarMemory = 0x7f2bd1d94010
[10:30:44.650]    DEBUG: <PixSetup.cc/init:L90>         fPxarMemHi = 0x7f2bd7fff510
[10:30:44.650]    DEBUG: <PixSetup.cc/init:L106> PixSetup init done;  getCurrentRSS() = 34803712 fPxarMemory = 0x7f2bd1d94010
[10:30:45.140]    DEBUG: <PixGui.cc/hvOn:L457> HV set On: 0x24b2170
[10:30:45.198]    DEBUG: <PixTestFactory.cc/PixTestFactory:L50> PixTestFactory::PixTestFactory()
[10:30:45.199]    DEBUG: <PixTestBBMap.cc/init:L78> PixTestBBMap::init()
[10:30:45.218]    DEBUG: <PixTestBBMap.cc/PixTestBBMap:L26> PixTestBBMap ctor(PixSetup &a, string, TGTab *)
[10:30:45.238]    DEBUG: <PixTestBB2Map.cc/setParameter:L57> setting fTargetIa    = 24 mA/ROC
[10:30:45.238]    DEBUG: <PixTestBB2Map.cc/init:L96> PixTestBB2Map::init()
[10:30:45.238]    DEBUG: <PixTestBB2Map.cc/PixTestBB2Map:L28> PixTestBB2Map ctor(PixSetup &a, string, TGTab *)
[10:30:45.246]    DEBUG: <PixTestDacDacScan.cc/init:L102> PixTestDacDacScan::init()
[10:30:45.246]    DEBUG: <PixTestDacDacScan.cc/PixTestDacDacScan:L21> PixTestDacDacScan ctor(PixSetup &a, string, TGTab *)
[10:30:45.288]    DEBUG: <PixTestHighRate.cc/setParameter:L66>   setting fParTriggerFrequency -> 20
[10:30:45.288]    DEBUG: <PixTestHighRate.cc/init:L156> PixTestHighRate::init()
[10:30:45.288]    DEBUG: <PixTestHighRate.cc/PixTestHighRate:L29> PixTestHighRate ctor(PixSetup &a, string, TGTab *)
[10:30:45.288]     INFO:       reading data/yhc691015sn3p35/phCalibrationFitErr_C0.dat
[10:30:45.288]    ERROR: <ConfigParameters.cc/readGainPedestalParameters:L953> cannot open data/yhc691015sn3p35/phCalibrationFitErr_C0.dat for reading PH calibration constants
[10:30:45.300]    DEBUG: <PixTest.cc/setTestParameter:L577>  setting  ntrig to new value 10
[10:30:45.300]    DEBUG: <PixTestPhOptimization.cc/setParameter:L36>   setting fParNtrig  ->10<- from sval = 10
[10:30:45.300]    DEBUG: <PixTestPhOptimization.cc/setParameter:L41>   setting fSafetyMarginLow  ->20<- from sval = 20
[10:30:45.300]    DEBUG: <PixTestPhOptimization.cc/setParameter:L47>   setting fVcalMax  ->100<- from sval = 100
[10:30:45.300]    DEBUG: <PixTestPhOptimization.cc/setParameter:L52>   setting fQuantMax  ->0.98<- from sval = 0.98
[10:30:45.306]    DEBUG: <PixTestAlive.cc/init:L76> PixTestAlive::init()
[10:30:45.306]    DEBUG: <PixTestAlive.cc/PixTestAlive:L20> PixTestAlive ctor(PixSetup &a, string, TGTab *)
[10:30:45.318]    DEBUG: <PixTestReadback.cc/setParameter:L184> fCalwVd set to 1
[10:30:45.318]    DEBUG: <PixTestReadback.cc/init:L96> PixTestReadback::init()
[10:30:45.318]    DEBUG: <PixTestReadback.cc/PixTestReadback:L22> PixTestReadback ctor(PixSetup &a, string, TGTab *)
[10:30:45.318]     INFO:       reading data/yhc691015sn3p35/readbackCal_C0.dat
[10:30:45.318]     INFO:       reading data/yhc691015sn3p35/readbackCal_C1.dat
[10:30:45.318]     INFO:       reading data/yhc691015sn3p35/readbackCal_C2.dat
[10:30:45.318]     INFO:       reading data/yhc691015sn3p35/readbackCal_C3.dat
[10:30:45.318]     INFO:       reading data/yhc691015sn3p35/readbackCal_C4.dat
[10:30:45.318]     INFO:       reading data/yhc691015sn3p35/readbackCal_C5.dat
[10:30:45.318]     INFO:       reading data/yhc691015sn3p35/readbackCal_C6.dat
[10:30:45.318]     INFO:       reading data/yhc691015sn3p35/readbackCal_C7.dat
[10:30:45.318]     INFO:       reading data/yhc691015sn3p35/readbackCal_C8.dat
[10:30:45.318]     INFO:       reading data/yhc691015sn3p35/readbackCal_C9.dat
[10:30:45.318]     INFO:       reading data/yhc691015sn3p35/readbackCal_C10.dat
[10:30:45.318]     INFO:       reading data/yhc691015sn3p35/readbackCal_C11.dat
[10:30:45.319]     INFO:       reading data/yhc691015sn3p35/readbackCal_C12.dat
[10:30:45.319]     INFO:       reading data/yhc691015sn3p35/readbackCal_C13.dat
[10:30:45.319]     INFO:       reading data/yhc691015sn3p35/readbackCal_C14.dat
[10:30:45.319]     INFO:       reading data/yhc691015sn3p35/readbackCal_C15.dat
[10:30:45.319]     INFO:       reading data/yhc691015sn3p35/phCalibrationFitErr_C0.dat
[10:30:45.319]    ERROR: <ConfigParameters.cc/readGainPedestalParameters:L953> cannot open data/yhc691015sn3p35/phCalibrationFitErr_C0.dat for reading PH calibration constants
[10:30:45.336]    DEBUG: <PixTestTiming.cc/setParameter:L45> fFastScan: 0
[10:30:45.336]    DEBUG: <PixTestTiming.cc/setParameter:L50> PixTestTiming::PixTest() targetclk = 4
[10:30:45.337]    DEBUG: <PixTestTiming.cc/setParameter:L54> PixTestTiming::PixTest() ntrig = 10
[10:30:45.337]    DEBUG: <PixTestTiming.cc/init:L64> PixTestTiming::init()
[10:30:45.350]    DEBUG: <PixTestXray.cc/init:L132> PixTestXray::init()
[10:30:45.350]    DEBUG: <PixTestXray.cc/PixTestXray:L26> PixTestXray ctor(PixSetup &a, string, TGTab *)
[10:30:45.350]     INFO:       reading data/yhc691015sn3p35/phCalibrationFitErr_C0.dat
[10:30:45.350]    ERROR: <ConfigParameters.cc/readGainPedestalParameters:L953> cannot open data/yhc691015sn3p35/phCalibrationFitErr_C0.dat for reading PH calibration constants
[10:30:48.830]     INFO: ######################################################################
[10:30:48.830]     INFO: PixTestPretest::doTest()
[10:30:48.830]     INFO: ######################################################################
[10:30:48.832]     INFO:    ----------------------------------------------------------------------
[10:30:48.832]     INFO:    PixTestPretest::programROC() 
[10:30:48.832]     INFO:    ----------------------------------------------------------------------
[10:31:06.853]     INFO: PixTestPretest::programROC() done: ROCs are all programmable
[10:31:06.853]     INFO: IA differences per ROC:  18.5 17.7 18.5 19.3 16.1 19.3 18.5 16.9 19.3 17.7 17.7 16.9 17.7 16.1 16.9 17.7
[10:31:07.075]     INFO:    ----------------------------------------------------------------------
[10:31:07.075]     INFO:    PixTestPretest::setVana() target Ia = 24 mA/ROC
[10:31:07.075]     INFO:    ----------------------------------------------------------------------
[10:31:07.179]    DEBUG: <PixTestPretest.cc/setVana:L252> offset current from other 15 ROCs is 66.2812 mA
[10:31:07.280]    DEBUG: <PixTestPretest.cc/setVana:L278> ROC 0 iter 0 Vana 78 Ia 22.9188 mA
[10:31:07.381]    DEBUG: <PixTestPretest.cc/setVana:L310> ROC  0 iter  1 Vana  85 Ia 24.5188 mA
[10:31:07.481]    DEBUG: <PixTestPretest.cc/setVana:L310> ROC  0 iter  2 Vana  83 Ia 24.5188 mA
[10:31:07.582]    DEBUG: <PixTestPretest.cc/setVana:L310> ROC  0 iter  3 Vana  81 Ia 23.7188 mA
[10:31:07.682]    DEBUG: <PixTestPretest.cc/setVana:L310> ROC  0 iter  4 Vana  83 Ia 24.5188 mA
[10:31:07.782]    DEBUG: <PixTestPretest.cc/setVana:L310> ROC  0 iter  5 Vana  81 Ia 23.7188 mA
[10:31:07.883]    DEBUG: <PixTestPretest.cc/setVana:L310> ROC  0 iter  6 Vana  83 Ia 24.5188 mA
[10:31:07.984]    DEBUG: <PixTestPretest.cc/setVana:L310> ROC  0 iter  7 Vana  81 Ia 23.7188 mA
[10:31:08.084]    DEBUG: <PixTestPretest.cc/setVana:L310> ROC  0 iter  8 Vana  83 Ia 24.5188 mA
[10:31:08.185]    DEBUG: <PixTestPretest.cc/setVana:L310> ROC  0 iter  9 Vana  81 Ia 24.5188 mA
[10:31:08.286]    DEBUG: <PixTestPretest.cc/setVana:L310> ROC  0 iter 10 Vana  79 Ia 22.9188 mA
[10:31:08.387]    DEBUG: <PixTestPretest.cc/setVana:L310> ROC  0 iter 11 Vana  86 Ia 24.5188 mA
[10:31:08.489]    DEBUG: <PixTestPretest.cc/setVana:L278> ROC 1 iter 0 Vana 78 Ia 22.9188 mA
[10:31:08.589]    DEBUG: <PixTestPretest.cc/setVana:L310> ROC  1 iter  1 Vana  85 Ia 24.5188 mA
[10:31:08.690]    DEBUG: <PixTestPretest.cc/setVana:L310> ROC  1 iter  2 Vana  83 Ia 24.5188 mA
[10:31:08.790]    DEBUG: <PixTestPretest.cc/setVana:L310> ROC  1 iter  3 Vana  81 Ia 23.7188 mA
[10:31:08.891]    DEBUG: <PixTestPretest.cc/setVana:L310> ROC  1 iter  4 Vana  83 Ia 24.5188 mA
[10:31:08.992]    DEBUG: <PixTestPretest.cc/setVana:L310> ROC  1 iter  5 Vana  81 Ia 23.7188 mA
[10:31:09.092]    DEBUG: <PixTestPretest.cc/setVana:L310> ROC  1 iter  6 Vana  83 Ia 24.5188 mA
[10:31:09.192]    DEBUG: <PixTestPretest.cc/setVana:L310> ROC  1 iter  7 Vana  81 Ia 23.7188 mA
[10:31:09.293]    DEBUG: <PixTestPretest.cc/setVana:L310> ROC  1 iter  8 Vana  83 Ia 24.5188 mA
[10:31:09.394]    DEBUG: <PixTestPretest.cc/setVana:L310> ROC  1 iter  9 Vana  81 Ia 23.7188 mA
[10:31:09.495]    DEBUG: <PixTestPretest.cc/setVana:L310> ROC  1 iter 10 Vana  83 Ia 24.5188 mA
[10:31:09.595]    DEBUG: <PixTestPretest.cc/setVana:L310> ROC  1 iter 11 Vana  81 Ia 23.7188 mA
[10:31:09.697]    DEBUG: <PixTestPretest.cc/setVana:L278> ROC 2 iter 0 Vana 78 Ia 22.1188 mA
[10:31:09.797]    DEBUG: <PixTestPretest.cc/setVana:L310> ROC  2 iter  1 Vana  89 Ia 25.3187 mA
[10:31:09.898]    DEBUG: <PixTestPretest.cc/setVana:L310> ROC  2 iter  2 Vana  82 Ia 23.7188 mA
[10:31:09.999]    DEBUG: <PixTestPretest.cc/setVana:L310> ROC  2 iter  3 Vana  84 Ia 24.5188 mA
[10:31:10.099]    DEBUG: <PixTestPretest.cc/setVana:L310> ROC  2 iter  4 Vana  82 Ia 23.7188 mA
[10:31:10.200]    DEBUG: <PixTestPretest.cc/setVana:L310> ROC  2 iter  5 Vana  84 Ia 24.5188 mA
[10:31:10.301]    DEBUG: <PixTestPretest.cc/setVana:L310> ROC  2 iter  6 Vana  82 Ia 23.7188 mA
[10:31:10.401]    DEBUG: <PixTestPretest.cc/setVana:L310> ROC  2 iter  7 Vana  84 Ia 24.5188 mA
[10:31:10.502]    DEBUG: <PixTestPretest.cc/setVana:L310> ROC  2 iter  8 Vana  82 Ia 23.7188 mA
[10:31:10.603]    DEBUG: <PixTestPretest.cc/setVana:L310> ROC  2 iter  9 Vana  84 Ia 24.5188 mA
[10:31:10.703]    DEBUG: <PixTestPretest.cc/setVana:L310> ROC  2 iter 10 Vana  82 Ia 23.7188 mA
[10:31:10.804]    DEBUG: <PixTestPretest.cc/setVana:L310> ROC  2 iter 11 Vana  84 Ia 23.7188 mA
[10:31:10.905]    DEBUG: <PixTestPretest.cc/setVana:L278> ROC 3 iter 0 Vana 78 Ia 22.9188 mA
[10:31:11.006]    DEBUG: <PixTestPretest.cc/setVana:L310> ROC  3 iter  1 Vana  85 Ia 25.3187 mA
[10:31:11.107]    DEBUG: <PixTestPretest.cc/setVana:L310> ROC  3 iter  2 Vana  78 Ia 23.7188 mA
[10:31:11.207]    DEBUG: <PixTestPretest.cc/setVana:L310> ROC  3 iter  3 Vana  80 Ia 24.5188 mA
[10:31:11.308]    DEBUG: <PixTestPretest.cc/setVana:L310> ROC  3 iter  4 Vana  78 Ia 23.7188 mA
[10:31:11.409]    DEBUG: <PixTestPretest.cc/setVana:L310> ROC  3 iter  5 Vana  80 Ia 24.5188 mA
[10:31:11.509]    DEBUG: <PixTestPretest.cc/setVana:L310> ROC  3 iter  6 Vana  78 Ia 22.9188 mA
[10:31:11.610]    DEBUG: <PixTestPretest.cc/setVana:L310> ROC  3 iter  7 Vana  85 Ia 25.3187 mA
[10:31:11.710]    DEBUG: <PixTestPretest.cc/setVana:L310> ROC  3 iter  8 Vana  78 Ia 23.7188 mA
[10:31:11.811]    DEBUG: <PixTestPretest.cc/setVana:L310> ROC  3 iter  9 Vana  80 Ia 24.5188 mA
[10:31:11.912]    DEBUG: <PixTestPretest.cc/setVana:L310> ROC  3 iter 10 Vana  78 Ia 23.7188 mA
[10:31:12.012]    DEBUG: <PixTestPretest.cc/setVana:L310> ROC  3 iter 11 Vana  80 Ia 24.5188 mA
[10:31:12.114]    DEBUG: <PixTestPretest.cc/setVana:L278> ROC 4 iter 0 Vana 78 Ia 20.5187 mA
[10:31:12.214]    DEBUG: <PixTestPretest.cc/setVana:L310> ROC  4 iter  1 Vana  99 Ia 24.5188 mA
[10:31:12.315]    DEBUG: <PixTestPretest.cc/setVana:L310> ROC  4 iter  2 Vana  97 Ia 24.5188 mA
[10:31:12.416]    DEBUG: <PixTestPretest.cc/setVana:L310> ROC  4 iter  3 Vana  95 Ia 23.7188 mA
[10:31:12.516]    DEBUG: <PixTestPretest.cc/setVana:L310> ROC  4 iter  4 Vana  97 Ia 24.5188 mA
[10:31:12.616]    DEBUG: <PixTestPretest.cc/setVana:L310> ROC  4 iter  5 Vana  95 Ia 23.7188 mA
[10:31:12.717]    DEBUG: <PixTestPretest.cc/setVana:L310> ROC  4 iter  6 Vana  97 Ia 24.5188 mA
[10:31:12.818]    DEBUG: <PixTestPretest.cc/setVana:L310> ROC  4 iter  7 Vana  95 Ia 23.7188 mA
[10:31:12.919]    DEBUG: <PixTestPretest.cc/setVana:L310> ROC  4 iter  8 Vana  97 Ia 24.5188 mA
[10:31:13.019]    DEBUG: <PixTestPretest.cc/setVana:L310> ROC  4 iter  9 Vana  95 Ia 23.7188 mA
[10:31:13.120]    DEBUG: <PixTestPretest.cc/setVana:L310> ROC  4 iter 10 Vana  97 Ia 24.5188 mA
[10:31:13.221]    DEBUG: <PixTestPretest.cc/setVana:L310> ROC  4 iter 11 Vana  95 Ia 23.7188 mA
[10:31:13.322]    DEBUG: <PixTestPretest.cc/setVana:L278> ROC 5 iter 0 Vana 78 Ia 23.7188 mA
[10:31:13.423]    DEBUG: <PixTestPretest.cc/setVana:L310> ROC  5 iter  1 Vana  80 Ia 23.7188 mA
[10:31:13.523]    DEBUG: <PixTestPretest.cc/setVana:L310> ROC  5 iter  2 Vana  82 Ia 24.5188 mA
[10:31:13.624]    DEBUG: <PixTestPretest.cc/setVana:L310> ROC  5 iter  3 Vana  80 Ia 24.5188 mA
[10:31:13.725]    DEBUG: <PixTestPretest.cc/setVana:L310> ROC  5 iter  4 Vana  78 Ia 23.7188 mA
[10:31:13.826]    DEBUG: <PixTestPretest.cc/setVana:L310> ROC  5 iter  5 Vana  80 Ia 24.5188 mA
[10:31:13.926]    DEBUG: <PixTestPretest.cc/setVana:L310> ROC  5 iter  6 Vana  78 Ia 22.9188 mA
[10:31:14.027]    DEBUG: <PixTestPretest.cc/setVana:L310> ROC  5 iter  7 Vana  85 Ia 25.3187 mA
[10:31:14.127]    DEBUG: <PixTestPretest.cc/setVana:L310> ROC  5 iter  8 Vana  78 Ia 22.9188 mA
[10:31:14.228]    DEBUG: <PixTestPretest.cc/setVana:L310> ROC  5 iter  9 Vana  85 Ia 25.3187 mA
[10:31:14.328]    DEBUG: <PixTestPretest.cc/setVana:L310> ROC  5 iter 10 Vana  78 Ia 22.9188 mA
[10:31:14.429]    DEBUG: <PixTestPretest.cc/setVana:L310> ROC  5 iter 11 Vana  85 Ia 25.3187 mA
[10:31:14.530]    DEBUG: <PixTestPretest.cc/setVana:L278> ROC 6 iter 0 Vana 78 Ia 22.9188 mA
[10:31:14.631]    DEBUG: <PixTestPretest.cc/setVana:L310> ROC  6 iter  1 Vana  85 Ia 24.5188 mA
[10:31:14.732]    DEBUG: <PixTestPretest.cc/setVana:L310> ROC  6 iter  2 Vana  83 Ia 24.5188 mA
[10:31:14.832]    DEBUG: <PixTestPretest.cc/setVana:L310> ROC  6 iter  3 Vana  81 Ia 24.5188 mA
[10:31:14.933]    DEBUG: <PixTestPretest.cc/setVana:L310> ROC  6 iter  4 Vana  79 Ia 22.9188 mA
[10:31:15.034]    DEBUG: <PixTestPretest.cc/setVana:L310> ROC  6 iter  5 Vana  86 Ia 25.3187 mA
[10:31:15.134]    DEBUG: <PixTestPretest.cc/setVana:L310> ROC  6 iter  6 Vana  79 Ia 22.9188 mA
[10:31:15.235]    DEBUG: <PixTestPretest.cc/setVana:L310> ROC  6 iter  7 Vana  86 Ia 25.3187 mA
[10:31:15.335]    DEBUG: <PixTestPretest.cc/setVana:L310> ROC  6 iter  8 Vana  79 Ia 22.9188 mA
[10:31:15.436]    DEBUG: <PixTestPretest.cc/setVana:L310> ROC  6 iter  9 Vana  86 Ia 25.3187 mA
[10:31:15.537]    DEBUG: <PixTestPretest.cc/setVana:L310> ROC  6 iter 10 Vana  79 Ia 22.9188 mA
[10:31:15.637]    DEBUG: <PixTestPretest.cc/setVana:L310> ROC  6 iter 11 Vana  86 Ia 25.3187 mA
[10:31:15.739]    DEBUG: <PixTestPretest.cc/setVana:L278> ROC 7 iter 0 Vana 78 Ia 22.1188 mA
[10:31:15.839]    DEBUG: <PixTestPretest.cc/setVana:L310> ROC  7 iter  1 Vana  89 Ia 23.7188 mA
[10:31:15.940]    DEBUG: <PixTestPretest.cc/setVana:L310> ROC  7 iter  2 Vana  91 Ia 24.5188 mA
[10:31:16.040]    DEBUG: <PixTestPretest.cc/setVana:L310> ROC  7 iter  3 Vana  89 Ia 23.7188 mA
[10:31:16.141]    DEBUG: <PixTestPretest.cc/setVana:L310> ROC  7 iter  4 Vana  91 Ia 24.5188 mA
[10:31:16.242]    DEBUG: <PixTestPretest.cc/setVana:L310> ROC  7 iter  5 Vana  89 Ia 23.7188 mA
[10:31:16.342]    DEBUG: <PixTestPretest.cc/setVana:L310> ROC  7 iter  6 Vana  91 Ia 24.5188 mA
[10:31:16.443]    DEBUG: <PixTestPretest.cc/setVana:L310> ROC  7 iter  7 Vana  89 Ia 23.7188 mA
[10:31:16.543]    DEBUG: <PixTestPretest.cc/setVana:L310> ROC  7 iter  8 Vana  91 Ia 24.5188 mA
[10:31:16.644]    DEBUG: <PixTestPretest.cc/setVana:L310> ROC  7 iter  9 Vana  89 Ia 24.5188 mA
[10:31:16.744]    DEBUG: <PixTestPretest.cc/setVana:L310> ROC  7 iter 10 Vana  87 Ia 23.7188 mA
[10:31:16.845]    DEBUG: <PixTestPretest.cc/setVana:L310> ROC  7 iter 11 Vana  89 Ia 23.7188 mA
[10:31:16.946]    DEBUG: <PixTestPretest.cc/setVana:L278> ROC 8 iter 0 Vana 78 Ia 23.7188 mA
[10:31:17.047]    DEBUG: <PixTestPretest.cc/setVana:L310> ROC  8 iter  1 Vana  80 Ia 24.5188 mA
[10:31:17.147]    DEBUG: <PixTestPretest.cc/setVana:L310> ROC  8 iter  2 Vana  78 Ia 23.7188 mA
[10:31:17.248]    DEBUG: <PixTestPretest.cc/setVana:L310> ROC  8 iter  3 Vana  80 Ia 24.5188 mA
[10:31:17.349]    DEBUG: <PixTestPretest.cc/setVana:L310> ROC  8 iter  4 Vana  78 Ia 23.7188 mA
[10:31:17.450]    DEBUG: <PixTestPretest.cc/setVana:L310> ROC  8 iter  5 Vana  80 Ia 24.5188 mA
[10:31:17.550]    DEBUG: <PixTestPretest.cc/setVana:L310> ROC  8 iter  6 Vana  78 Ia 23.7188 mA
[10:31:17.651]    DEBUG: <PixTestPretest.cc/setVana:L310> ROC  8 iter  7 Vana  80 Ia 24.5188 mA
[10:31:17.752]    DEBUG: <PixTestPretest.cc/setVana:L310> ROC  8 iter  8 Vana  78 Ia 23.7188 mA
[10:31:17.852]    DEBUG: <PixTestPretest.cc/setVana:L310> ROC  8 iter  9 Vana  80 Ia 24.5188 mA
[10:31:17.953]    DEBUG: <PixTestPretest.cc/setVana:L310> ROC  8 iter 10 Vana  78 Ia 23.7188 mA
[10:31:18.057]    DEBUG: <PixTestPretest.cc/setVana:L310> ROC  8 iter 11 Vana  80 Ia 24.5188 mA
[10:31:18.159]    DEBUG: <PixTestPretest.cc/setVana:L278> ROC 9 iter 0 Vana 78 Ia 22.1188 mA
[10:31:18.259]    DEBUG: <PixTestPretest.cc/setVana:L310> ROC  9 iter  1 Vana  89 Ia 25.3187 mA
[10:31:18.360]    DEBUG: <PixTestPretest.cc/setVana:L310> ROC  9 iter  2 Vana  82 Ia 23.7188 mA
[10:31:18.460]    DEBUG: <PixTestPretest.cc/setVana:L310> ROC  9 iter  3 Vana  84 Ia 23.7188 mA
[10:31:18.561]    DEBUG: <PixTestPretest.cc/setVana:L310> ROC  9 iter  4 Vana  86 Ia 24.5188 mA
[10:31:18.662]    DEBUG: <PixTestPretest.cc/setVana:L310> ROC  9 iter  5 Vana  84 Ia 24.5188 mA
[10:31:18.762]    DEBUG: <PixTestPretest.cc/setVana:L310> ROC  9 iter  6 Vana  82 Ia 23.7188 mA
[10:31:18.863]    DEBUG: <PixTestPretest.cc/setVana:L310> ROC  9 iter  7 Vana  84 Ia 23.7188 mA
[10:31:18.964]    DEBUG: <PixTestPretest.cc/setVana:L310> ROC  9 iter  8 Vana  86 Ia 24.5188 mA
[10:31:19.064]    DEBUG: <PixTestPretest.cc/setVana:L310> ROC  9 iter  9 Vana  84 Ia 23.7188 mA
[10:31:19.165]    DEBUG: <PixTestPretest.cc/setVana:L310> ROC  9 iter 10 Vana  86 Ia 24.5188 mA
[10:31:19.266]    DEBUG: <PixTestPretest.cc/setVana:L310> ROC  9 iter 11 Vana  84 Ia 23.7188 mA
[10:31:19.367]    DEBUG: <PixTestPretest.cc/setVana:L278> ROC 10 iter 0 Vana 78 Ia 22.1188 mA
[10:31:19.468]    DEBUG: <PixTestPretest.cc/setVana:L310> ROC 10 iter  1 Vana  89 Ia 24.5188 mA
[10:31:19.568]    DEBUG: <PixTestPretest.cc/setVana:L310> ROC 10 iter  2 Vana  87 Ia 24.5188 mA
[10:31:19.669]    DEBUG: <PixTestPretest.cc/setVana:L310> ROC 10 iter  3 Vana  85 Ia 23.7188 mA
[10:31:19.770]    DEBUG: <PixTestPretest.cc/setVana:L310> ROC 10 iter  4 Vana  87 Ia 24.5188 mA
[10:31:19.870]    DEBUG: <PixTestPretest.cc/setVana:L310> ROC 10 iter  5 Vana  85 Ia 23.7188 mA
[10:31:19.971]    DEBUG: <PixTestPretest.cc/setVana:L310> ROC 10 iter  6 Vana  87 Ia 24.5188 mA
[10:31:20.072]    DEBUG: <PixTestPretest.cc/setVana:L310> ROC 10 iter  7 Vana  85 Ia 23.7188 mA
[10:31:20.172]    DEBUG: <PixTestPretest.cc/setVana:L310> ROC 10 iter  8 Vana  87 Ia 24.5188 mA
[10:31:20.273]    DEBUG: <PixTestPretest.cc/setVana:L310> ROC 10 iter  9 Vana  85 Ia 23.7188 mA
[10:31:20.373]    DEBUG: <PixTestPretest.cc/setVana:L310> ROC 10 iter 10 Vana  87 Ia 24.5188 mA
[10:31:20.474]    DEBUG: <PixTestPretest.cc/setVana:L310> ROC 10 iter 11 Vana  85 Ia 23.7188 mA
[10:31:20.575]    DEBUG: <PixTestPretest.cc/setVana:L278> ROC 11 iter 0 Vana 78 Ia 20.5187 mA
[10:31:20.676]    DEBUG: <PixTestPretest.cc/setVana:L310> ROC 11 iter  1 Vana  99 Ia 25.3187 mA
[10:31:20.777]    DEBUG: <PixTestPretest.cc/setVana:L310> ROC 11 iter  2 Vana  92 Ia 23.7188 mA
[10:31:20.877]    DEBUG: <PixTestPretest.cc/setVana:L310> ROC 11 iter  3 Vana  94 Ia 24.5188 mA
[10:31:20.978]    DEBUG: <PixTestPretest.cc/setVana:L310> ROC 11 iter  4 Vana  92 Ia 23.7188 mA
[10:31:21.079]    DEBUG: <PixTestPretest.cc/setVana:L310> ROC 11 iter  5 Vana  94 Ia 23.7188 mA
[10:31:21.179]    DEBUG: <PixTestPretest.cc/setVana:L310> ROC 11 iter  6 Vana  96 Ia 25.3187 mA
[10:31:21.280]    DEBUG: <PixTestPretest.cc/setVana:L310> ROC 11 iter  7 Vana  89 Ia 22.9188 mA
[10:31:21.381]    DEBUG: <PixTestPretest.cc/setVana:L310> ROC 11 iter  8 Vana  96 Ia 24.5188 mA
[10:31:21.481]    DEBUG: <PixTestPretest.cc/setVana:L310> ROC 11 iter  9 Vana  94 Ia 23.7188 mA
[10:31:21.581]    DEBUG: <PixTestPretest.cc/setVana:L310> ROC 11 iter 10 Vana  96 Ia 24.5188 mA
[10:31:21.682]    DEBUG: <PixTestPretest.cc/setVana:L310> ROC 11 iter 11 Vana  94 Ia 24.5188 mA
[10:31:21.784]    DEBUG: <PixTestPretest.cc/setVana:L278> ROC 12 iter 0 Vana 78 Ia 22.1188 mA
[10:31:21.884]    DEBUG: <PixTestPretest.cc/setVana:L310> ROC 12 iter  1 Vana  89 Ia 23.7188 mA
[10:31:21.988]    DEBUG: <PixTestPretest.cc/setVana:L310> ROC 12 iter  2 Vana  91 Ia 24.5188 mA
[10:31:22.089]    DEBUG: <PixTestPretest.cc/setVana:L310> ROC 12 iter  3 Vana  89 Ia 24.5188 mA
[10:31:22.189]    DEBUG: <PixTestPretest.cc/setVana:L310> ROC 12 iter  4 Vana  87 Ia 24.5188 mA
[10:31:22.290]    DEBUG: <PixTestPretest.cc/setVana:L310> ROC 12 iter  5 Vana  85 Ia 23.7188 mA
[10:31:22.391]    DEBUG: <PixTestPretest.cc/setVana:L310> ROC 12 iter  6 Vana  87 Ia 24.5188 mA
[10:31:22.491]    DEBUG: <PixTestPretest.cc/setVana:L310> ROC 12 iter  7 Vana  85 Ia 23.7188 mA
[10:31:22.592]    DEBUG: <PixTestPretest.cc/setVana:L310> ROC 12 iter  8 Vana  87 Ia 24.5188 mA
[10:31:22.693]    DEBUG: <PixTestPretest.cc/setVana:L310> ROC 12 iter  9 Vana  85 Ia 23.7188 mA
[10:31:22.793]    DEBUG: <PixTestPretest.cc/setVana:L310> ROC 12 iter 10 Vana  87 Ia 24.5188 mA
[10:31:22.894]    DEBUG: <PixTestPretest.cc/setVana:L310> ROC 12 iter 11 Vana  85 Ia 23.7188 mA
[10:31:22.995]    DEBUG: <PixTestPretest.cc/setVana:L278> ROC 13 iter 0 Vana 78 Ia 20.5187 mA
[10:31:23.096]    DEBUG: <PixTestPretest.cc/setVana:L310> ROC 13 iter  1 Vana  99 Ia 24.5188 mA
[10:31:23.197]    DEBUG: <PixTestPretest.cc/setVana:L310> ROC 13 iter  2 Vana  97 Ia 23.7188 mA
[10:31:23.298]    DEBUG: <PixTestPretest.cc/setVana:L310> ROC 13 iter  3 Vana  99 Ia 24.5188 mA
[10:31:23.398]    DEBUG: <PixTestPretest.cc/setVana:L310> ROC 13 iter  4 Vana  97 Ia 23.7188 mA
[10:31:23.499]    DEBUG: <PixTestPretest.cc/setVana:L310> ROC 13 iter  5 Vana  99 Ia 24.5188 mA
[10:31:23.600]    DEBUG: <PixTestPretest.cc/setVana:L310> ROC 13 iter  6 Vana  97 Ia 24.5188 mA
[10:31:23.700]    DEBUG: <PixTestPretest.cc/setVana:L310> ROC 13 iter  7 Vana  95 Ia 23.7188 mA
[10:31:23.801]    DEBUG: <PixTestPretest.cc/setVana:L310> ROC 13 iter  8 Vana  97 Ia 24.5188 mA
[10:31:23.902]    DEBUG: <PixTestPretest.cc/setVana:L310> ROC 13 iter  9 Vana  95 Ia 23.7188 mA
[10:31:24.002]    DEBUG: <PixTestPretest.cc/setVana:L310> ROC 13 iter 10 Vana  97 Ia 24.5188 mA
[10:31:24.103]    DEBUG: <PixTestPretest.cc/setVana:L310> ROC 13 iter 11 Vana  95 Ia 23.7188 mA
[10:31:24.204]    DEBUG: <PixTestPretest.cc/setVana:L278> ROC 14 iter 0 Vana 78 Ia 21.3187 mA
[10:31:24.305]    DEBUG: <PixTestPretest.cc/setVana:L310> ROC 14 iter  1 Vana  94 Ia 25.3187 mA
[10:31:24.405]    DEBUG: <PixTestPretest.cc/setVana:L310> ROC 14 iter  2 Vana  87 Ia 23.7188 mA
[10:31:24.506]    DEBUG: <PixTestPretest.cc/setVana:L310> ROC 14 iter  3 Vana  89 Ia 23.7188 mA
[10:31:24.607]    DEBUG: <PixTestPretest.cc/setVana:L310> ROC 14 iter  4 Vana  91 Ia 24.5188 mA
[10:31:24.707]    DEBUG: <PixTestPretest.cc/setVana:L310> ROC 14 iter  5 Vana  89 Ia 23.7188 mA
[10:31:24.808]    DEBUG: <PixTestPretest.cc/setVana:L310> ROC 14 iter  6 Vana  91 Ia 24.5188 mA
[10:31:24.909]    DEBUG: <PixTestPretest.cc/setVana:L310> ROC 14 iter  7 Vana  89 Ia 23.7188 mA
[10:31:25.009]    DEBUG: <PixTestPretest.cc/setVana:L310> ROC 14 iter  8 Vana  91 Ia 24.5188 mA
[10:31:25.110]    DEBUG: <PixTestPretest.cc/setVana:L310> ROC 14 iter  9 Vana  89 Ia 24.5188 mA
[10:31:25.210]    DEBUG: <PixTestPretest.cc/setVana:L310> ROC 14 iter 10 Vana  87 Ia 23.7188 mA
[10:31:25.311]    DEBUG: <PixTestPretest.cc/setVana:L310> ROC 14 iter 11 Vana  89 Ia 23.7188 mA
[10:31:25.413]    DEBUG: <PixTestPretest.cc/setVana:L278> ROC 15 iter 0 Vana 78 Ia 22.1188 mA
[10:31:25.513]    DEBUG: <PixTestPretest.cc/setVana:L310> ROC 15 iter  1 Vana  89 Ia 24.5188 mA
[10:31:25.614]    DEBUG: <PixTestPretest.cc/setVana:L310> ROC 15 iter  2 Vana  87 Ia 24.5188 mA
[10:31:25.714]    DEBUG: <PixTestPretest.cc/setVana:L310> ROC 15 iter  3 Vana  85 Ia 24.5188 mA
[10:31:25.815]    DEBUG: <PixTestPretest.cc/setVana:L310> ROC 15 iter  4 Vana  83 Ia 23.7188 mA
[10:31:25.916]    DEBUG: <PixTestPretest.cc/setVana:L310> ROC 15 iter  5 Vana  85 Ia 24.5188 mA
[10:31:26.016]    DEBUG: <PixTestPretest.cc/setVana:L310> ROC 15 iter  6 Vana  83 Ia 23.7188 mA
[10:31:26.117]    DEBUG: <PixTestPretest.cc/setVana:L310> ROC 15 iter  7 Vana  85 Ia 23.7188 mA
[10:31:26.218]    DEBUG: <PixTestPretest.cc/setVana:L310> ROC 15 iter  8 Vana  87 Ia 24.5188 mA
[10:31:26.318]    DEBUG: <PixTestPretest.cc/setVana:L310> ROC 15 iter  9 Vana  85 Ia 24.5188 mA
[10:31:26.419]    DEBUG: <PixTestPretest.cc/setVana:L310> ROC 15 iter 10 Vana  83 Ia 23.7188 mA
[10:31:26.520]    DEBUG: <PixTestPretest.cc/setVana:L310> ROC 15 iter 11 Vana  85 Ia 24.5188 mA
[10:31:26.558]    DEBUG: <PixTestPretest.cc/setVana:L341> ROC  0 Vana  86
[10:31:26.558]    DEBUG: <PixTestPretest.cc/setVana:L341> ROC  1 Vana  81
[10:31:26.558]    DEBUG: <PixTestPretest.cc/setVana:L341> ROC  2 Vana  84
[10:31:26.558]    DEBUG: <PixTestPretest.cc/setVana:L341> ROC  3 Vana  80
[10:31:26.558]    DEBUG: <PixTestPretest.cc/setVana:L341> ROC  4 Vana  95
[10:31:26.559]    DEBUG: <PixTestPretest.cc/setVana:L341> ROC  5 Vana  85
[10:31:26.559]    DEBUG: <PixTestPretest.cc/setVana:L341> ROC  6 Vana  86
[10:31:26.559]    DEBUG: <PixTestPretest.cc/setVana:L341> ROC  7 Vana  89
[10:31:26.559]    DEBUG: <PixTestPretest.cc/setVana:L341> ROC  8 Vana  80
[10:31:26.559]    DEBUG: <PixTestPretest.cc/setVana:L341> ROC  9 Vana  84
[10:31:26.559]    DEBUG: <PixTestPretest.cc/setVana:L341> ROC 10 Vana  85
[10:31:26.559]    DEBUG: <PixTestPretest.cc/setVana:L341> ROC 11 Vana  94
[10:31:26.559]    DEBUG: <PixTestPretest.cc/setVana:L341> ROC 12 Vana  85
[10:31:26.560]    DEBUG: <PixTestPretest.cc/setVana:L341> ROC 13 Vana  95
[10:31:26.560]    DEBUG: <PixTestPretest.cc/setVana:L341> ROC 14 Vana  89
[10:31:26.560]    DEBUG: <PixTestPretest.cc/setVana:L341> ROC 15 Vana  85
[10:31:26.673]     INFO: PixTestPretest::setVana() done, Module Ia 395.5 mA = 24.7188 mA/ROC
[10:31:26.685]     INFO:    ----------------------------------------------------------------------
[10:31:26.685]     INFO:    PixTestPreTest::setTimings()
[10:31:26.685]     INFO:    ----------------------------------------------------------------------
[10:31:26.685]    DEBUG: <PixTestPretest.cc/setTimings:L385> Testing Timing: Attempt #1
[10:31:27.863]     INFO: Fetched DAQ statistics. Counters are being reset now.
[10:31:27.863]     INFO: Decoding statistics:
[10:31:27.863]     INFO:   General information:
[10:31:27.863]     INFO: 	 16bit words read:         120
[10:31:27.863]     INFO: 	 empty events:             10
[10:31:27.863]     INFO: 	 valid events with pixels: 0
[10:31:27.863]     INFO: 	 valid pixel hits:         0
[10:31:27.863]     INFO:   Event errors: 	           0
[10:31:27.863]     INFO: 	 start marker:             0
[10:31:27.863]     INFO: 	 stop marker:              0
[10:31:27.863]     INFO: 	 overflow:                 0
[10:31:27.863]     INFO: 	 invalid 5bit words:       0
[10:31:27.863]     INFO: 	 invalid XOR eye diagram:  0
[10:31:27.863]     INFO:   TBM errors: 		           0
[10:31:27.863]     INFO: 	 flawed TBM headers:       0
[10:31:27.863]     INFO: 	 flawed TBM trailers:      0
[10:31:27.863]     INFO: 	 event ID mismatches:      0
[10:31:27.863]     INFO:   ROC errors: 		           0
[10:31:27.863]     INFO: 	 missing ROC header(s):    0
[10:31:27.863]     INFO: 	 misplaced readback start: 0
[10:31:27.863]     INFO:   Pixel decoding errors:	   0
[10:31:27.863]     INFO: 	 pixel data incomplete:    0
[10:31:27.863]     INFO: 	 pixel address:            0
[10:31:27.863]     INFO: 	 pulse height fill bit:    0
[10:31:27.863]     INFO: 	 buffer corruption:        0
[10:31:27.863]     INFO:    ----------------------------------------------------------------------
[10:31:27.863]     INFO:    Default timings are good. No timing scan needed.
[10:31:27.863]     INFO:    ----------------------------------------------------------------------
[10:31:27.863]     INFO: Test took 1178 ms.
[10:31:27.863]     INFO: PixTestPretest::setTimings() done.
[10:31:27.878]     INFO:    ----------------------------------------------------------------------
[10:31:27.878]     INFO:    PixTestPretest::findWorkingPixel()
[10:31:27.879]     INFO:    ----------------------------------------------------------------------
[10:31:35.593]     INFO: Test took 7709ms.
[10:31:35.872]    DEBUG: <PixTestPretest.cc/findWorkingPixel:L1028> fwp_c12_r22_C0 OK, with vthrComp = 101 and Delta(CalDel) = 56
[10:31:35.909]    DEBUG: <PixTestPretest.cc/findWorkingPixel:L1028> fwp_c12_r22_C1 OK, with vthrComp = 94 and Delta(CalDel) = 61
[10:31:35.946]    DEBUG: <PixTestPretest.cc/findWorkingPixel:L1028> fwp_c12_r22_C2 OK, with vthrComp = 114 and Delta(CalDel) = 58
[10:31:35.985]    DEBUG: <PixTestPretest.cc/findWorkingPixel:L1028> fwp_c12_r22_C3 OK, with vthrComp = 101 and Delta(CalDel) = 57
[10:31:36.024]    DEBUG: <PixTestPretest.cc/findWorkingPixel:L1028> fwp_c12_r22_C4 OK, with vthrComp = 88 and Delta(CalDel) = 62
[10:31:36.062]    DEBUG: <PixTestPretest.cc/findWorkingPixel:L1028> fwp_c12_r22_C5 OK, with vthrComp = 82 and Delta(CalDel) = 64
[10:31:36.099]    DEBUG: <PixTestPretest.cc/findWorkingPixel:L1028> fwp_c12_r22_C6 OK, with vthrComp = 111 and Delta(CalDel) = 57
[10:31:36.138]    DEBUG: <PixTestPretest.cc/findWorkingPixel:L1028> fwp_c12_r22_C7 OK, with vthrComp = 97 and Delta(CalDel) = 55
[10:31:36.175]    DEBUG: <PixTestPretest.cc/findWorkingPixel:L1028> fwp_c12_r22_C8 OK, with vthrComp = 113 and Delta(CalDel) = 63
[10:31:36.215]    DEBUG: <PixTestPretest.cc/findWorkingPixel:L1028> fwp_c12_r22_C9 OK, with vthrComp = 123 and Delta(CalDel) = 58
[10:31:36.251]    DEBUG: <PixTestPretest.cc/findWorkingPixel:L1028> fwp_c12_r22_C10 OK, with vthrComp = 95 and Delta(CalDel) = 62
[10:31:36.290]    DEBUG: <PixTestPretest.cc/findWorkingPixel:L1028> fwp_c12_r22_C11 OK, with vthrComp = 111 and Delta(CalDel) = 60
[10:31:36.326]    DEBUG: <PixTestPretest.cc/findWorkingPixel:L1028> fwp_c12_r22_C12 OK, with vthrComp = 81 and Delta(CalDel) = 58
[10:31:36.365]    DEBUG: <PixTestPretest.cc/findWorkingPixel:L1028> fwp_c12_r22_C13 OK, with vthrComp = 93 and Delta(CalDel) = 59
[10:31:36.401]    DEBUG: <PixTestPretest.cc/findWorkingPixel:L1028> fwp_c12_r22_C14 OK, with vthrComp = 93 and Delta(CalDel) = 60
[10:31:36.439]    DEBUG: <PixTestPretest.cc/findWorkingPixel:L1028> fwp_c12_r22_C15 OK, with vthrComp = 95 and Delta(CalDel) = 58
[10:31:36.938]     INFO: Found working pixel in all ROCs: col/row = 12/22
[10:31:37.042]     INFO:    ----------------------------------------------------------------------
[10:31:37.042]     INFO:    PixTestPretest::setVthrCompCalDel()
[10:31:37.042]     INFO:    ----------------------------------------------------------------------
[10:31:44.798]     INFO: Test took 7749ms.
[10:31:44.934]    DEBUG: <PixTestPretest.cc/setVthrCompCalDel:L566> CalDel: 113 +/- 29.5
[10:31:45.579]    DEBUG: <PixTestPretest.cc/setVthrCompCalDel:L566> CalDel: 120 +/- 29
[10:31:46.118]    DEBUG: <PixTestPretest.cc/setVthrCompCalDel:L566> CalDel: 101 +/- 28
[10:31:46.657]    DEBUG: <PixTestPretest.cc/setVthrCompCalDel:L566> CalDel: 119 +/- 28
[10:31:47.197]    DEBUG: <PixTestPretest.cc/setVthrCompCalDel:L566> CalDel: 121 +/- 30
[10:31:47.737]    DEBUG: <PixTestPretest.cc/setVthrCompCalDel:L566> CalDel: 147 +/- 31.5
[10:31:48.277]    DEBUG: <PixTestPretest.cc/setVthrCompCalDel:L566> CalDel: 114 +/- 28.5
[10:31:48.813]    DEBUG: <PixTestPretest.cc/setVthrCompCalDel:L566> CalDel: 111 +/- 29.5
[10:31:49.353]    DEBUG: <PixTestPretest.cc/setVthrCompCalDel:L566> CalDel: 136 +/- 30.5
[10:31:49.894]    DEBUG: <PixTestPretest.cc/setVthrCompCalDel:L566> CalDel: 112 +/- 30.5
[10:31:50.430]    DEBUG: <PixTestPretest.cc/setVthrCompCalDel:L566> CalDel: 122 +/- 29.5
[10:31:50.964]    DEBUG: <PixTestPretest.cc/setVthrCompCalDel:L566> CalDel: 110 +/- 30.5
[10:31:51.505]    DEBUG: <PixTestPretest.cc/setVthrCompCalDel:L566> CalDel: 107 +/- 28
[10:31:52.044]    DEBUG: <PixTestPretest.cc/setVthrCompCalDel:L566> CalDel: 109 +/- 29
[10:31:52.583]    DEBUG: <PixTestPretest.cc/setVthrCompCalDel:L566> CalDel: 131 +/- 30.5
[10:31:53.123]    DEBUG: <PixTestPretest.cc/setVthrCompCalDel:L566> CalDel: 116 +/- 28.5
[10:31:53.735]     INFO: PixTestPretest::setVthrCompCalDel() done
[10:31:53.735]     INFO: CalDel:      113   120   101   119   121   147   114   111   136   112   122   110   107   109   131   116
[10:31:53.735]     INFO: VthrComp:     51    62    65    51    51    51    52    51    54    61    56    64    51    57    59    53
[10:31:53.775]    DEBUG: <ConfigParameters.cc/writeDacParameterFile:L845> write dac parameters into data/yhc691015sn3p35/dacParameters_C0.dat
[10:31:53.775]    DEBUG: <ConfigParameters.cc/writeDacParameterFile:L845> write dac parameters into data/yhc691015sn3p35/dacParameters_C1.dat
[10:31:53.775]    DEBUG: <ConfigParameters.cc/writeDacParameterFile:L845> write dac parameters into data/yhc691015sn3p35/dacParameters_C2.dat
[10:31:53.776]    DEBUG: <ConfigParameters.cc/writeDacParameterFile:L845> write dac parameters into data/yhc691015sn3p35/dacParameters_C3.dat
[10:31:53.776]    DEBUG: <ConfigParameters.cc/writeDacParameterFile:L845> write dac parameters into data/yhc691015sn3p35/dacParameters_C4.dat
[10:31:53.776]    DEBUG: <ConfigParameters.cc/writeDacParameterFile:L845> write dac parameters into data/yhc691015sn3p35/dacParameters_C5.dat
[10:31:53.776]    DEBUG: <ConfigParameters.cc/writeDacParameterFile:L845> write dac parameters into data/yhc691015sn3p35/dacParameters_C6.dat
[10:31:53.776]    DEBUG: <ConfigParameters.cc/writeDacParameterFile:L845> write dac parameters into data/yhc691015sn3p35/dacParameters_C7.dat
[10:31:53.776]    DEBUG: <ConfigParameters.cc/writeDacParameterFile:L845> write dac parameters into data/yhc691015sn3p35/dacParameters_C8.dat
[10:31:53.776]    DEBUG: <ConfigParameters.cc/writeDacParameterFile:L845> write dac parameters into data/yhc691015sn3p35/dacParameters_C9.dat
[10:31:53.777]    DEBUG: <ConfigParameters.cc/writeDacParameterFile:L845> write dac parameters into data/yhc691015sn3p35/dacParameters_C10.dat
[10:31:53.777]    DEBUG: <ConfigParameters.cc/writeDacParameterFile:L845> write dac parameters into data/yhc691015sn3p35/dacParameters_C11.dat
[10:31:53.777]    DEBUG: <ConfigParameters.cc/writeDacParameterFile:L845> write dac parameters into data/yhc691015sn3p35/dacParameters_C12.dat
[10:31:53.777]    DEBUG: <ConfigParameters.cc/writeDacParameterFile:L845> write dac parameters into data/yhc691015sn3p35/dacParameters_C13.dat
[10:31:53.777]    DEBUG: <ConfigParameters.cc/writeDacParameterFile:L845> write dac parameters into data/yhc691015sn3p35/dacParameters_C14.dat
[10:31:53.777]    DEBUG: <ConfigParameters.cc/writeDacParameterFile:L845> write dac parameters into data/yhc691015sn3p35/dacParameters_C15.dat
[10:31:53.777]     INFO: PixTestPretest::doTest() done, duration: 64 seconds
[10:32:21.494]     INFO: ######################################################################
[10:32:21.494]     INFO: PixTestAlive::doTest()
[10:32:21.494]     INFO: ######################################################################
[10:32:21.496]     INFO:    ----------------------------------------------------------------------
[10:32:21.496]     INFO:    PixTestAlive::aliveTest() ntrig = 10, vcal = 200 (ctrlreg = 0 0 0 0 0 0 0 0 0 0 0 0 0 0 0 0)
[10:32:21.496]     INFO:    ----------------------------------------------------------------------
[10:32:21.498]    DEBUG: <PixTest.cc/efficiencyMaps:L360>       attempt #0
[10:32:25.007]     INFO: Test took 3509ms.
[10:32:25.045]     INFO: Fetched DAQ statistics. Counters are being reset now.
[10:32:25.045]    DEBUG: <PixTest.cc/efficiencyMaps:L371>  eff result size = 64146
[10:32:25.045]    DEBUG: <PixTest.cc/efficiencyMaps:L379> Create hist PixelAlive_C0
[10:32:25.045]    DEBUG: <PixTest.cc/efficiencyMaps:L379> Create hist PixelAlive_C1
[10:32:25.045]    DEBUG: <PixTest.cc/efficiencyMaps:L379> Create hist PixelAlive_C2
[10:32:25.045]    DEBUG: <PixTest.cc/efficiencyMaps:L379> Create hist PixelAlive_C3
[10:32:25.045]    DEBUG: <PixTest.cc/efficiencyMaps:L379> Create hist PixelAlive_C4
[10:32:25.045]    DEBUG: <PixTest.cc/efficiencyMaps:L379> Create hist PixelAlive_C5
[10:32:25.045]    DEBUG: <PixTest.cc/efficiencyMaps:L379> Create hist PixelAlive_C6
[10:32:25.045]    DEBUG: <PixTest.cc/efficiencyMaps:L379> Create hist PixelAlive_C7
[10:32:25.045]    DEBUG: <PixTest.cc/efficiencyMaps:L379> Create hist PixelAlive_C8
[10:32:25.045]    DEBUG: <PixTest.cc/efficiencyMaps:L379> Create hist PixelAlive_C9
[10:32:25.046]    DEBUG: <PixTest.cc/efficiencyMaps:L379> Create hist PixelAlive_C10
[10:32:25.046]    DEBUG: <PixTest.cc/efficiencyMaps:L379> Create hist PixelAlive_C11
[10:32:25.046]    DEBUG: <PixTest.cc/efficiencyMaps:L379> Create hist PixelAlive_C12
[10:32:25.046]    DEBUG: <PixTest.cc/efficiencyMaps:L379> Create hist PixelAlive_C13
[10:32:25.046]    DEBUG: <PixTest.cc/efficiencyMaps:L379> Create hist PixelAlive_C14
[10:32:25.046]    DEBUG: <PixTest.cc/efficiencyMaps:L379> Create hist PixelAlive_C15
[10:32:25.303]     INFO: PixTestAlive::aliveTest() done
[10:32:25.303]     INFO: number of dead pixels (per ROC):   290  118  127  107  109  108  109  236  193  121  149   88   67  160  123  309
[10:32:25.303]    DEBUG: <PixTestAlive.cc/aliveTest:L195> number of red-efficiency pixels:   313  157  156  110  115  109  119  301  252  156  171  111   81  184  147  321
[10:32:25.345]     INFO:    ----------------------------------------------------------------------
[10:32:25.345]     INFO:    PixTestAlive::maskTest() ntrig = 10, vcal = 200 (ctrlreg = 0 0 0 0 0 0 0 0 0 0 0 0 0 0 0 0)
[10:32:25.345]     INFO:    ----------------------------------------------------------------------
[10:32:25.347]    DEBUG: <PixTest.cc/efficiencyMaps:L360>       attempt #0
[10:32:28.065]     INFO: Test took 2718ms.
[10:32:28.068]     INFO: Fetched DAQ statistics. Counters are being reset now.
[10:32:28.068]    DEBUG: <PixTest.cc/efficiencyMaps:L371>  eff result size = 0
[10:32:28.068]    DEBUG: <PixTest.cc/efficiencyMaps:L379> Create hist MaskTest_C0
[10:32:28.068]    DEBUG: <PixTest.cc/efficiencyMaps:L379> Create hist MaskTest_C1
[10:32:28.068]    DEBUG: <PixTest.cc/efficiencyMaps:L379> Create hist MaskTest_C2
[10:32:28.068]    DEBUG: <PixTest.cc/efficiencyMaps:L379> Create hist MaskTest_C3
[10:32:28.068]    DEBUG: <PixTest.cc/efficiencyMaps:L379> Create hist MaskTest_C4
[10:32:28.068]    DEBUG: <PixTest.cc/efficiencyMaps:L379> Create hist MaskTest_C5
[10:32:28.068]    DEBUG: <PixTest.cc/efficiencyMaps:L379> Create hist MaskTest_C6
[10:32:28.068]    DEBUG: <PixTest.cc/efficiencyMaps:L379> Create hist MaskTest_C7
[10:32:28.068]    DEBUG: <PixTest.cc/efficiencyMaps:L379> Create hist MaskTest_C8
[10:32:28.068]    DEBUG: <PixTest.cc/efficiencyMaps:L379> Create hist MaskTest_C9
[10:32:28.068]    DEBUG: <PixTest.cc/efficiencyMaps:L379> Create hist MaskTest_C10
[10:32:28.069]    DEBUG: <PixTest.cc/efficiencyMaps:L379> Create hist MaskTest_C11
[10:32:28.069]    DEBUG: <PixTest.cc/efficiencyMaps:L379> Create hist MaskTest_C12
[10:32:28.069]    DEBUG: <PixTest.cc/efficiencyMaps:L379> Create hist MaskTest_C13
[10:32:28.069]    DEBUG: <PixTest.cc/efficiencyMaps:L379> Create hist MaskTest_C14
[10:32:28.069]    DEBUG: <PixTest.cc/efficiencyMaps:L379> Create hist MaskTest_C15
[10:32:28.309]     INFO: PixTestAlive::maskTest() done
[10:32:28.309]     INFO: number of mask-defect pixels (per ROC):     0    0    0    0    0    0    0    0    0    0    0    0    0    0    0    0
[10:32:28.352]     INFO:    ----------------------------------------------------------------------
[10:32:28.352]     INFO:    PixTestAlive::addressDecodingTest() ntrig = 10, vcal = 200 (ctrlreg = 0 0 0 0 0 0 0 0 0 0 0 0 0 0 0 0)
[10:32:28.352]     INFO:    ----------------------------------------------------------------------
[10:32:28.354]    DEBUG: <PixTest.cc/efficiencyMaps:L360>       attempt #0
[10:32:31.856]     INFO: Test took 3502ms.
[10:32:31.893]     INFO: Fetched DAQ statistics. Counters are being reset now.
[10:32:31.893]    DEBUG: <PixTest.cc/efficiencyMaps:L371>  eff result size = 64143
[10:32:31.893]    DEBUG: <PixTest.cc/efficiencyMaps:L379> Create hist AddressDecodingTest_C0
[10:32:31.893]    DEBUG: <PixTest.cc/efficiencyMaps:L379> Create hist AddressDecodingTest_C1
[10:32:31.893]    DEBUG: <PixTest.cc/efficiencyMaps:L379> Create hist AddressDecodingTest_C2
[10:32:31.893]    DEBUG: <PixTest.cc/efficiencyMaps:L379> Create hist AddressDecodingTest_C3
[10:32:31.893]    DEBUG: <PixTest.cc/efficiencyMaps:L379> Create hist AddressDecodingTest_C4
[10:32:31.893]    DEBUG: <PixTest.cc/efficiencyMaps:L379> Create hist AddressDecodingTest_C5
[10:32:31.893]    DEBUG: <PixTest.cc/efficiencyMaps:L379> Create hist AddressDecodingTest_C6
[10:32:31.894]    DEBUG: <PixTest.cc/efficiencyMaps:L379> Create hist AddressDecodingTest_C7
[10:32:31.894]    DEBUG: <PixTest.cc/efficiencyMaps:L379> Create hist AddressDecodingTest_C8
[10:32:31.894]    DEBUG: <PixTest.cc/efficiencyMaps:L379> Create hist AddressDecodingTest_C9
[10:32:31.894]    DEBUG: <PixTest.cc/efficiencyMaps:L379> Create hist AddressDecodingTest_C10
[10:32:31.894]    DEBUG: <PixTest.cc/efficiencyMaps:L379> Create hist AddressDecodingTest_C11
[10:32:31.894]    DEBUG: <PixTest.cc/efficiencyMaps:L379> Create hist AddressDecodingTest_C12
[10:32:31.894]    DEBUG: <PixTest.cc/efficiencyMaps:L379> Create hist AddressDecodingTest_C13
[10:32:31.894]    DEBUG: <PixTest.cc/efficiencyMaps:L379> Create hist AddressDecodingTest_C14
[10:32:31.894]    DEBUG: <PixTest.cc/efficiencyMaps:L379> Create hist AddressDecodingTest_C15
[10:32:32.155]     INFO: PixTestAlive::addressDecodingTest() done
[10:32:32.155]     INFO: number of address-decoding pixels (per ROC):     0    0    0    0    0    0    0    0    0    0    0    0    0    0    0    0
[10:32:32.176]     INFO: PixTestAlive::doTest() done, duration: 10 seconds
[10:32:58.228]    DEBUG: <PixGui.cc/handleButtons:L393> PixGui::exit called
[10:32:58.228]    DEBUG: <PixTestBBMap.cc/~PixTestBBMap:L96> PixTestBBMap dtor
[10:32:58.228]    DEBUG: <PixTestBB2Map.cc/~PixTestBB2Map:L114> PixTestBB2Map dtor
[10:32:58.228]    DEBUG: <PixTestDacDacScan.cc/~PixTestDacDacScan:L135> PixTestDacDacScan dtor
[10:32:58.228]    DEBUG: <PixTestDacScan.cc/~PixTestDacScan:L115> PixTestDacScan dtor
[10:32:58.228]    DEBUG: <PixTestGainPedestal.cc/~PixTestGainPedestal:L121> PixTestGainPedestal dtor
[10:32:58.228]    DEBUG: <PixTestHighRate.cc/~PixTestHighRate:L203> PixTestHighRate dtor
[10:32:58.228]    DEBUG: <PixTestIV.cc/~PixTestIV:L96> PixTestIV dtor
[10:32:58.229]    DEBUG: <PixTestAlive.cc/~PixTestAlive:L108> PixTestAlive dtor
[10:32:58.315]    DEBUG: <PixTestPretest.cc/~PixTestPretest:L133> PixTestPretest dtor
[10:32:58.457]    DEBUG: <PixTestReadback.cc/~PixTestReadback:L89> PixTestReadback dtor, saving tree ... 
[10:32:58.457]    DEBUG: <PixTestScurves.cc/~PixTestScurves:L127> PixTestScurves dtor
[10:32:58.457]    DEBUG: <PixTestTiming.cc/~PixTestTiming:L87> PixTestTiming dtor
[10:32:58.457]    DEBUG: <PixTestTrim.cc/~PixTestTrim:L103> PixTestTrim dtor
[10:32:58.457]    DEBUG: <PixTestXray.cc/~PixTestXray:L215> PixTestXray dtor
[10:32:58.461]    QUIET: Connection to board 58 closed.
[10:32:58.461]    DEBUG: <PixMonitor.cc/dumpSummaries:L34> PixMonitor::dumpSummaries
