[13:02:32.058]     INFO: *** Welcome to pxar ***
[13:02:32.059]     INFO: *** Today: 2015/07/06
[13:02:32.059]     INFO:       reading data/yhc691015sn3p35/dacParameters_C0.dat
[13:02:32.059]     INFO:       reading data/yhc691015sn3p35/dacParameters_C1.dat
[13:02:32.059]     INFO:       reading data/yhc691015sn3p35/dacParameters_C2.dat
[13:02:32.059]     INFO:       reading data/yhc691015sn3p35/dacParameters_C3.dat
[13:02:32.059]     INFO:       reading data/yhc691015sn3p35/dacParameters_C4.dat
[13:02:32.059]     INFO:       reading data/yhc691015sn3p35/dacParameters_C5.dat
[13:02:32.059]     INFO:       reading data/yhc691015sn3p35/dacParameters_C6.dat
[13:02:32.059]     INFO:       reading data/yhc691015sn3p35/dacParameters_C7.dat
[13:02:32.059]     INFO:       reading data/yhc691015sn3p35/dacParameters_C8.dat
[13:02:32.059]     INFO:       reading data/yhc691015sn3p35/dacParameters_C9.dat
[13:02:32.059]     INFO:       reading data/yhc691015sn3p35/dacParameters_C10.dat
[13:02:32.059]     INFO:       reading data/yhc691015sn3p35/dacParameters_C11.dat
[13:02:32.059]     INFO:       reading data/yhc691015sn3p35/dacParameters_C12.dat
[13:02:32.059]     INFO:       reading data/yhc691015sn3p35/dacParameters_C13.dat
[13:02:32.059]     INFO:       reading data/yhc691015sn3p35/dacParameters_C14.dat
[13:02:32.059]     INFO:       reading data/yhc691015sn3p35/dacParameters_C15.dat
[13:02:32.060]     INFO:       reading data/yhc691015sn3p35/tbmParameters_C0a.dat
[13:02:32.060]     INFO:       reading data/yhc691015sn3p35/tbmParameters_C0b.dat
[13:02:32.060]     INFO:       reading data/yhc691015sn3p35/defaultMaskFile.dat
[13:02:32.060]     INFO: MASKED Roc 1 col/row: 33 41
[13:02:32.060]     INFO: MASKED Roc 7 col/row: 48 1
[13:02:32.060]     INFO: MASKED Roc 7 col/row: 48 2
[13:02:32.060]     INFO: MASKED Roc 7 col/row: 48 3
[13:02:32.060]     INFO: MASKED Roc 7 col/row: 49 0
[13:02:32.060]     INFO: MASKED Roc 7 col/row: 49 1
[13:02:32.060]     INFO: MASKED Roc 7 col/row: 49 2
[13:02:32.060]     INFO: MASKED Roc 7 col/row: 49 3
[13:02:32.060]     INFO: MASKED Roc 7 col/row: 49 4
[13:02:32.060]     INFO: MASKED Roc 7 col/row: 49 5
[13:02:32.060]     INFO: MASKED Roc 7 col/row: 50 0
[13:02:32.060]     INFO: MASKED Roc 7 col/row: 50 1
[13:02:32.060]     INFO: MASKED Roc 7 col/row: 50 2
[13:02:32.060]     INFO: MASKED Roc 7 col/row: 50 4
[13:02:32.060]     INFO: MASKED Roc 7 col/row: 50 5
[13:02:32.060]     INFO: MASKED Roc 7 col/row: 50 6
[13:02:32.060]     INFO: MASKED Roc 7 col/row: 51 0
[13:02:32.060]     INFO: MASKED Roc 7 col/row: 51 1
[13:02:32.060]     INFO: MASKED Roc 7 col/row: 51 2
[13:02:32.060]     INFO: MASKED Roc 7 col/row: 51 3
[13:02:32.060]     INFO: MASKED Roc 7 col/row: 51 4
[13:02:32.060]     INFO: MASKED Roc 7 col/row: 51 5
[13:02:32.060]     INFO: MASKED Roc 7 col/row: 51 6
[13:02:32.060]     INFO: MASKED Roc 7 col/row: 51 7
[13:02:32.060]     INFO: MASKED Roc 7 col/row: 51 8
[13:02:32.060]     INFO: MASKED Roc 10 col/row: 49 18
[13:02:32.060]     INFO: MASKED Roc 11 col/row: 50 45
[13:02:32.060]     INFO:       reading data/yhc691015sn3p35/trimParameters_C0.dat
[13:02:32.067]     INFO:   masking Roc 1 col/row: 33 41
[13:02:32.067]     INFO:       reading data/yhc691015sn3p35/trimParameters_C1.dat
[13:02:32.073]     INFO:       reading data/yhc691015sn3p35/trimParameters_C2.dat
[13:02:32.080]     INFO:       reading data/yhc691015sn3p35/trimParameters_C3.dat
[13:02:32.086]     INFO:       reading data/yhc691015sn3p35/trimParameters_C4.dat
[13:02:32.093]     INFO:       reading data/yhc691015sn3p35/trimParameters_C5.dat
[13:02:32.099]     INFO:       reading data/yhc691015sn3p35/trimParameters_C6.dat
[13:02:32.106]     INFO:   masking Roc 7 col/row: 48 1
[13:02:32.106]     INFO:   masking Roc 7 col/row: 48 2
[13:02:32.106]     INFO:   masking Roc 7 col/row: 48 3
[13:02:32.106]     INFO:   masking Roc 7 col/row: 49 0
[13:02:32.106]     INFO:   masking Roc 7 col/row: 49 1
[13:02:32.106]     INFO:   masking Roc 7 col/row: 49 2
[13:02:32.106]     INFO:   masking Roc 7 col/row: 49 3
[13:02:32.106]     INFO:   masking Roc 7 col/row: 49 4
[13:02:32.106]     INFO:   masking Roc 7 col/row: 49 5
[13:02:32.106]     INFO:   masking Roc 7 col/row: 50 0
[13:02:32.106]     INFO:   masking Roc 7 col/row: 50 1
[13:02:32.106]     INFO:   masking Roc 7 col/row: 50 2
[13:02:32.106]     INFO:   masking Roc 7 col/row: 50 4
[13:02:32.106]     INFO:   masking Roc 7 col/row: 50 5
[13:02:32.106]     INFO:   masking Roc 7 col/row: 50 6
[13:02:32.106]     INFO:   masking Roc 7 col/row: 51 0
[13:02:32.106]     INFO:   masking Roc 7 col/row: 51 1
[13:02:32.106]     INFO:   masking Roc 7 col/row: 51 2
[13:02:32.106]     INFO:   masking Roc 7 col/row: 51 3
[13:02:32.106]     INFO:   masking Roc 7 col/row: 51 4
[13:02:32.106]     INFO:   masking Roc 7 col/row: 51 5
[13:02:32.106]     INFO:   masking Roc 7 col/row: 51 6
[13:02:32.106]     INFO:   masking Roc 7 col/row: 51 7
[13:02:32.106]     INFO:   masking Roc 7 col/row: 51 8
[13:02:32.106]     INFO:       reading data/yhc691015sn3p35/trimParameters_C7.dat
[13:02:32.113]     INFO:       reading data/yhc691015sn3p35/trimParameters_C8.dat
[13:02:32.119]     INFO:       reading data/yhc691015sn3p35/trimParameters_C9.dat
[13:02:32.125]     INFO:   masking Roc 10 col/row: 49 18
[13:02:32.126]     INFO:       reading data/yhc691015sn3p35/trimParameters_C10.dat
[13:02:32.132]     INFO:   masking Roc 11 col/row: 50 45
[13:02:32.132]     INFO:       reading data/yhc691015sn3p35/trimParameters_C11.dat
[13:02:32.138]     INFO:       reading data/yhc691015sn3p35/trimParameters_C12.dat
[13:02:32.145]     INFO:       reading data/yhc691015sn3p35/trimParameters_C13.dat
[13:02:32.151]     INFO:       reading data/yhc691015sn3p35/trimParameters_C14.dat
[13:02:32.158]     INFO:       reading data/yhc691015sn3p35/trimParameters_C15.dat
[13:02:32.164]     INFO:       reading data/yhc691015sn3p35/tbParameters.dat
[13:02:32.164]     INFO:         clk: 4
[13:02:32.164]     INFO:         ctr: 4
[13:02:32.164]     INFO:         sda: 19
[13:02:32.164]     INFO:         tin: 9
[13:02:32.164]     INFO:         level: 15
[13:02:32.164]     INFO:         triggerdelay: 0
[13:02:32.164]    QUIET: Instanciating API for pxar v1.9.0
[13:02:32.164]     INFO: Log level: DEBUG
[13:02:32.178]    QUIET: Connection to board DTB_WRPRHI opened.
[13:02:32.181]     INFO: DTB startup information
--- DTB info------------------------------------------
Board id:    58
HW version:  DTB1.2
FW version:  3.2
SW version:  3.6
USB id:      DTB_WRPRHI
MAC address: 40D85511803A
Hostname:    pixelDTB058
Comment:     
------------------------------------------------------
[13:02:32.184]     INFO: RPC call hashes of host and DTB match: 413001178
[13:02:33.794]     INFO: DUT info: 
[13:02:33.794]     INFO: The DUT currently contains the following objects:
[13:02:33.794]     INFO:  2 TBM Cores (2 ON)
[13:02:33.794]     INFO: 	TBM Core alpha (0): 7 registers set
[13:02:33.794]     INFO: 	TBM Core beta  (1): 7 registers set
[13:02:33.794]     INFO: 16 ROCs (16 ON) with 4160 pixelConfigs
[13:02:33.794]     INFO: 	ROC 0: 19 DACs set, Pixels: 0 masked, 4160 active.
[13:02:33.794]     INFO: 	ROC 1: 19 DACs set, Pixels: 1 masked, 4160 active.
[13:02:33.794]     INFO: 	ROC 2: 19 DACs set, Pixels: 0 masked, 4160 active.
[13:02:33.794]     INFO: 	ROC 3: 19 DACs set, Pixels: 0 masked, 4160 active.
[13:02:33.794]     INFO: 	ROC 4: 19 DACs set, Pixels: 0 masked, 4160 active.
[13:02:33.794]     INFO: 	ROC 5: 19 DACs set, Pixels: 0 masked, 4160 active.
[13:02:33.794]     INFO: 	ROC 6: 19 DACs set, Pixels: 0 masked, 4160 active.
[13:02:33.794]     INFO: 	ROC 7: 19 DACs set, Pixels: 24 masked, 4160 active.
[13:02:33.794]     INFO: 	ROC 8: 19 DACs set, Pixels: 0 masked, 4160 active.
[13:02:33.794]     INFO: 	ROC 9: 19 DACs set, Pixels: 0 masked, 4160 active.
[13:02:33.794]     INFO: 	ROC 10: 19 DACs set, Pixels: 1 masked, 4160 active.
[13:02:33.794]     INFO: 	ROC 11: 19 DACs set, Pixels: 1 masked, 4160 active.
[13:02:33.794]     INFO: 	ROC 12: 19 DACs set, Pixels: 0 masked, 4160 active.
[13:02:33.794]     INFO: 	ROC 13: 19 DACs set, Pixels: 0 masked, 4160 active.
[13:02:33.794]     INFO: 	ROC 14: 19 DACs set, Pixels: 0 masked, 4160 active.
[13:02:33.794]     INFO: 	ROC 15: 19 DACs set, Pixels: 0 masked, 4160 active.
[13:02:33.795]    DEBUG: <PixTestParameters.cc/dump:L104> PixTestParameters: ->BB<-
[13:02:33.795]    DEBUG: <PixTestParameters.cc/dump:L107>   dumpall: checkbox(0)
[13:02:33.795]    DEBUG: <PixTestParameters.cc/dump:L107>   dumpproblematic: checkbox(0)
[13:02:33.795]    DEBUG: <PixTestParameters.cc/dump:L107>   ntrig: 5
[13:02:33.795]    DEBUG: <PixTestParameters.cc/dump:L107>   vcals: 250
[13:02:33.795]    DEBUG: <PixTestParameters.cc/dump:L104> PixTestParameters: ->BB2<-
[13:02:33.795]    DEBUG: <PixTestParameters.cc/dump:L107>   ntrig: 10
[13:02:33.795]    DEBUG: <PixTestParameters.cc/dump:L107>   vcals: 222
[13:02:33.795]    DEBUG: <PixTestParameters.cc/dump:L107>   plwidth: 35
[13:02:33.795]    DEBUG: <PixTestParameters.cc/dump:L107>   pix: 11,20
[13:02:33.795]    DEBUG: <PixTestParameters.cc/dump:L107>   targetia: 24
[13:02:33.795]    DEBUG: <PixTestParameters.cc/dump:L104> PixTestParameters: ->DAQ<-
[13:02:33.795]    DEBUG: <PixTestParameters.cc/dump:L107>   delaytbm: checkbox
[13:02:33.795]    DEBUG: <PixTestParameters.cc/dump:L107>   filltree: checkbox
[13:02:33.795]    DEBUG: <PixTestParameters.cc/dump:L107>   trgfrequency(khz): 100
[13:02:33.795]    DEBUG: <PixTestParameters.cc/dump:L107>   maskhotpixels: button
[13:02:33.795]    DEBUG: <PixTestParameters.cc/dump:L107>   trgnumber: 5
[13:02:33.795]    DEBUG: <PixTestParameters.cc/dump:L107>   iterations: 10
[13:02:33.795]    DEBUG: <PixTestParameters.cc/dump:L107>   rundaqtrg: button
[13:02:33.795]    DEBUG: <PixTestParameters.cc/dump:L107>   daqseconds: 120
[13:02:33.795]    DEBUG: <PixTestParameters.cc/dump:L107>   rundaqseconds: button
[13:02:33.795]    DEBUG: <PixTestParameters.cc/dump:L104> PixTestParameters: ->DacDacScan<-
[13:02:33.795]    DEBUG: <PixTestParameters.cc/dump:L107>   phmap: checkbox
[13:02:33.795]    DEBUG: <PixTestParameters.cc/dump:L107>   ntrig: 10
[13:02:33.795]    DEBUG: <PixTestParameters.cc/dump:L107>   dac1: caldel
[13:02:33.795]    DEBUG: <PixTestParameters.cc/dump:L107>   dac1lo: 0
[13:02:33.795]    DEBUG: <PixTestParameters.cc/dump:L107>   dac1hi: 255
[13:02:33.795]    DEBUG: <PixTestParameters.cc/dump:L107>   dac2: vthrcomp
[13:02:33.795]    DEBUG: <PixTestParameters.cc/dump:L107>   dac2lo: 0
[13:02:33.795]    DEBUG: <PixTestParameters.cc/dump:L107>   dac2hi: 255
[13:02:33.795]    DEBUG: <PixTestParameters.cc/dump:L107>   pix: 11,20
[13:02:33.795]    DEBUG: <PixTestParameters.cc/dump:L104> PixTestParameters: ->DacScan<-
[13:02:33.795]    DEBUG: <PixTestParameters.cc/dump:L107>   phmap: checkbox(1)
[13:02:33.795]    DEBUG: <PixTestParameters.cc/dump:L107>   ntrig: 10
[13:02:33.795]    DEBUG: <PixTestParameters.cc/dump:L107>   dac: vcal
[13:02:33.795]    DEBUG: <PixTestParameters.cc/dump:L107>   daclo: 0
[13:02:33.795]    DEBUG: <PixTestParameters.cc/dump:L107>   dachi: 255
[13:02:33.795]    DEBUG: <PixTestParameters.cc/dump:L107>   pix: 11,20
[13:02:33.795]    DEBUG: <PixTestParameters.cc/dump:L104> PixTestParameters: ->GainPedestal<-
[13:02:33.795]    DEBUG: <PixTestParameters.cc/dump:L107>   showfits: checkbox(0)
[13:02:33.795]    DEBUG: <PixTestParameters.cc/dump:L107>   extended: checkbox(0)
[13:02:33.795]    DEBUG: <PixTestParameters.cc/dump:L107>   dumphists: checkbox(0)
[13:02:33.795]    DEBUG: <PixTestParameters.cc/dump:L107>   ntrig: 10
[13:02:33.795]    DEBUG: <PixTestParameters.cc/dump:L107>   measure: button
[13:02:33.795]    DEBUG: <PixTestParameters.cc/dump:L107>   fit: button
[13:02:33.795]    DEBUG: <PixTestParameters.cc/dump:L107>   save: button
[13:02:33.795]    DEBUG: <PixTestParameters.cc/dump:L104> PixTestParameters: ->HighRate<-
[13:02:33.795]    DEBUG: <PixTestParameters.cc/dump:L107>   pix: 11,20
[13:02:33.795]    DEBUG: <PixTestParameters.cc/dump:L107>   maskhotpixels: button
[13:02:33.795]    DEBUG: <PixTestParameters.cc/dump:L107>   savemaskfile: checkbox(0)
[13:02:33.795]    DEBUG: <PixTestParameters.cc/dump:L107>   maskfilename: default
[13:02:33.795]    DEBUG: <PixTestParameters.cc/dump:L107>   caldelscan: button
[13:02:33.795]    DEBUG: <PixTestParameters.cc/dump:L107>   xpixelalive: button
[13:02:33.795]    DEBUG: <PixTestParameters.cc/dump:L107>   ntrig: 5
[13:02:33.795]    DEBUG: <PixTestParameters.cc/dump:L107>   vcal: 200
[13:02:33.795]    DEBUG: <PixTestParameters.cc/dump:L107>   rundaq: button
[13:02:33.795]    DEBUG: <PixTestParameters.cc/dump:L107>   trgfrequency(khz): 20
[13:02:33.795]    DEBUG: <PixTestParameters.cc/dump:L107>   runseconds: 5
[13:02:33.795]    DEBUG: <PixTestParameters.cc/dump:L107>   triggerdelay: 100
[13:02:33.795]    DEBUG: <PixTestParameters.cc/dump:L107>   delaytbm: checkbox
[13:02:33.795]    DEBUG: <PixTestParameters.cc/dump:L107>   filltree: checkbox
[13:02:33.795]    DEBUG: <PixTestParameters.cc/dump:L104> PixTestParameters: ->IV<-
[13:02:33.796]    DEBUG: <PixTestParameters.cc/dump:L107>   port: /dev/FIXME
[13:02:33.796]    DEBUG: <PixTestParameters.cc/dump:L107>   voltagestart: 0
[13:02:33.796]    DEBUG: <PixTestParameters.cc/dump:L107>   voltagestop: 600
[13:02:33.796]    DEBUG: <PixTestParameters.cc/dump:L107>   voltagestep: 5
[13:02:33.796]    DEBUG: <PixTestParameters.cc/dump:L107>   delay: 1
[13:02:33.796]    DEBUG: <PixTestParameters.cc/dump:L107>   compliance(ua): 100
[13:02:33.796]    DEBUG: <PixTestParameters.cc/dump:L104> PixTestParameters: ->PhOptimization<-
[13:02:33.796]    DEBUG: <PixTestParameters.cc/dump:L107>   ntrig: 10
[13:02:33.796]    DEBUG: <PixTestParameters.cc/dump:L107>   safetymarginlow: 20
[13:02:33.796]    DEBUG: <PixTestParameters.cc/dump:L107>   saturationvcal: 100
[13:02:33.796]    DEBUG: <PixTestParameters.cc/dump:L107>   quantilesaturation: 0.98
[13:02:33.796]    DEBUG: <PixTestParameters.cc/dump:L104> PixTestParameters: ->PixelAlive<-
[13:02:33.796]    DEBUG: <PixTestParameters.cc/dump:L107>   ntrig: 10
[13:02:33.796]    DEBUG: <PixTestParameters.cc/dump:L107>   vcal: 200
[13:02:33.796]    DEBUG: <PixTestParameters.cc/dump:L107>   alivetest: button
[13:02:33.796]    DEBUG: <PixTestParameters.cc/dump:L107>   masktest: button
[13:02:33.796]    DEBUG: <PixTestParameters.cc/dump:L107>   addressdecodingtest: button
[13:02:33.796]    DEBUG: <PixTestParameters.cc/dump:L104> PixTestParameters: ->Pretest<-
[13:02:33.796]    DEBUG: <PixTestParameters.cc/dump:L107>   programroc: button
[13:02:33.796]    DEBUG: <PixTestParameters.cc/dump:L107>   targetia: 24
[13:02:33.796]    DEBUG: <PixTestParameters.cc/dump:L107>   setvana: button
[13:02:33.796]    DEBUG: <PixTestParameters.cc/dump:L107>   iterations: 100
[13:02:33.796]    DEBUG: <PixTestParameters.cc/dump:L107>   settimings: button
[13:02:33.796]    DEBUG: <PixTestParameters.cc/dump:L107>   findworkingpixel: button
[13:02:33.796]    DEBUG: <PixTestParameters.cc/dump:L107>   setvthrcompcaldel: button
[13:02:33.796]    DEBUG: <PixTestParameters.cc/dump:L107>   pix: 11,20
[13:02:33.796]    DEBUG: <PixTestParameters.cc/dump:L107>   vcal: 250
[13:02:33.796]    DEBUG: <PixTestParameters.cc/dump:L107>   deltavthrcomp: 50
[13:02:33.796]    DEBUG: <PixTestParameters.cc/dump:L107>   fraccaldel: 0.5
[13:02:33.796]    DEBUG: <PixTestParameters.cc/dump:L107>   ntrig: 5
[13:02:33.796]    DEBUG: <PixTestParameters.cc/dump:L107>   savedacs: button
[13:02:33.796]    DEBUG: <PixTestParameters.cc/dump:L104> PixTestParameters: ->Readback<-
[13:02:33.796]    DEBUG: <PixTestParameters.cc/dump:L107>   calibratevd: button
[13:02:33.796]    DEBUG: <PixTestParameters.cc/dump:L107>   calibrateva: button
[13:02:33.796]    DEBUG: <PixTestParameters.cc/dump:L107>   calibrateia: button
[13:02:33.796]    DEBUG: <PixTestParameters.cc/dump:L107>   readbackvbg: button
[13:02:33.796]    DEBUG: <PixTestParameters.cc/dump:L107>   getcalibratedvbg: button
[13:02:33.796]    DEBUG: <PixTestParameters.cc/dump:L107>   usecalvd: checkbox(1)
[13:02:33.796]    DEBUG: <PixTestParameters.cc/dump:L107>   usecalva: checkbox(0)
[13:02:33.796]    DEBUG: <PixTestParameters.cc/dump:L107>   getcalibratedia: button
[13:02:33.796]    DEBUG: <PixTestParameters.cc/dump:L107>   setvana: button
[13:02:33.796]    DEBUG: <PixTestParameters.cc/dump:L104> PixTestParameters: ->Scurves<-
[13:02:33.796]    DEBUG: <PixTestParameters.cc/dump:L107>   adjustvcal: checkbox(1)
[13:02:33.796]    DEBUG: <PixTestParameters.cc/dump:L107>   dumpall: checkbox(0)
[13:02:33.796]    DEBUG: <PixTestParameters.cc/dump:L107>   dumpproblematic: checkbox(0)
[13:02:33.796]    DEBUG: <PixTestParameters.cc/dump:L107>   ntrig: 50
[13:02:33.796]    DEBUG: <PixTestParameters.cc/dump:L107>   dac: VthrComp
[13:02:33.796]    DEBUG: <PixTestParameters.cc/dump:L107>   daclo: 0
[13:02:33.796]    DEBUG: <PixTestParameters.cc/dump:L107>   dachi: 200
[13:02:33.796]    DEBUG: <PixTestParameters.cc/dump:L107>   dacs/step: 10
[13:02:33.796]    DEBUG: <PixTestParameters.cc/dump:L107>   scurves: button
[13:02:33.796]    DEBUG: <PixTestParameters.cc/dump:L104> PixTestParameters: ->Timing<-
[13:02:33.796]    DEBUG: <PixTestParameters.cc/dump:L107>   fastscan: checkbox(0)
[13:02:33.796]    DEBUG: <PixTestParameters.cc/dump:L107>   targetclk: 4
[13:02:33.796]    DEBUG: <PixTestParameters.cc/dump:L107>   ntrig: 10
[13:02:33.796]    DEBUG: <PixTestParameters.cc/dump:L107>   clocksdascan: button
[13:02:33.796]    DEBUG: <PixTestParameters.cc/dump:L107>   phasescan: button
[13:02:33.796]    DEBUG: <PixTestParameters.cc/dump:L107>   levelscan: button
[13:02:33.796]    DEBUG: <PixTestParameters.cc/dump:L107>   saveparameters: button
[13:02:33.796]    DEBUG: <PixTestParameters.cc/dump:L107>   timingtest: button
[13:02:33.796]    DEBUG: <PixTestParameters.cc/dump:L104> PixTestParameters: ->Trim<-
[13:02:33.796]    DEBUG: <PixTestParameters.cc/dump:L107>   trim: button
[13:02:33.796]    DEBUG: <PixTestParameters.cc/dump:L107>   ntrig: 10
[13:02:33.796]    DEBUG: <PixTestParameters.cc/dump:L107>   vcal: 35
[13:02:33.796]    DEBUG: <PixTestParameters.cc/dump:L107>   trimbits: button
[13:02:33.796]    DEBUG: <PixTestParameters.cc/dump:L104> PixTestParameters: ->Xray<-
[13:02:33.796]    DEBUG: <PixTestParameters.cc/dump:L107>   maskhotpixels: button
[13:02:33.796]    DEBUG: <PixTestParameters.cc/dump:L107>   savemaskfile: checkbox(0)
[13:02:33.796]    DEBUG: <PixTestParameters.cc/dump:L107>   maskfilename: default
[13:02:33.796]    DEBUG: <PixTestParameters.cc/dump:L107>   source: Ag
[13:02:33.796]    DEBUG: <PixTestParameters.cc/dump:L107>   phrun: button
[13:02:33.796]    DEBUG: <PixTestParameters.cc/dump:L107>   runseconds: 100
[13:02:33.796]    DEBUG: <PixTestParameters.cc/dump:L107>   trgfrequency(khz): 100
[13:02:33.796]    DEBUG: <PixTestParameters.cc/dump:L107>   ratescan: button
[13:02:33.796]    DEBUG: <PixTestParameters.cc/dump:L107>   vthrcompmin: 10
[13:02:33.796]    DEBUG: <PixTestParameters.cc/dump:L107>   vthrcompmax: 80
[13:02:33.796]    DEBUG: <PixTestParameters.cc/dump:L107>   stepseconds: 5
[13:02:33.796]    DEBUG: <PixTestParameters.cc/dump:L107>   delaytbm: checkbox
[13:02:33.796]    DEBUG: <PixTestParameters.cc/dump:L107>   filltree: checkbox
[13:02:33.797]    DEBUG: <PixSetup.cc/init:L81> PixSetup init start; getCurrentRSS() = 34365440
[13:02:33.797]    DEBUG: <PixSetup.cc/init:L87> fPixTestParameters = 0x1266f20
[13:02:33.797]    DEBUG: <PixSetup.cc/init:L88>  fConfigParameters = 0x11aa890
[13:02:33.797]    DEBUG: <PixSetup.cc/init:L89>        fPxarMemory = 0x7fed89d94010
[13:02:33.797]    DEBUG: <PixSetup.cc/init:L90>         fPxarMemHi = 0x7fed8ffff510
[13:02:33.797]    DEBUG: <PixSetup.cc/init:L106> PixSetup init done;  getCurrentRSS() = 34373632 fPxarMemory = 0x7fed89d94010
[13:02:34.287]    DEBUG: <PixGui.cc/hvOn:L457> HV set On: 0x18416a0
[13:02:34.347]    DEBUG: <PixTestFactory.cc/PixTestFactory:L50> PixTestFactory::PixTestFactory()
[13:02:34.347]    DEBUG: <PixTestBBMap.cc/init:L78> PixTestBBMap::init()
[13:02:34.348]    DEBUG: <PixTestBBMap.cc/PixTestBBMap:L26> PixTestBBMap ctor(PixSetup &a, string, TGTab *)
[13:02:34.353]    DEBUG: <PixTestBB2Map.cc/setParameter:L57> setting fTargetIa    = 24 mA/ROC
[13:02:34.353]    DEBUG: <PixTestBB2Map.cc/init:L96> PixTestBB2Map::init()
[13:02:34.353]    DEBUG: <PixTestBB2Map.cc/PixTestBB2Map:L28> PixTestBB2Map ctor(PixSetup &a, string, TGTab *)
[13:02:34.366]    DEBUG: <PixTestDaq.cc/init:L43> PixTestDaq::init()
[13:02:34.367]    DEBUG: <PixTestDaq.cc/PixTestDaq:L21> PixTestDaq ctor(PixSetup &a, string, TGTab *)
[13:02:34.367]     INFO:       reading data/yhc691015sn3p35/phCalibrationFitErr_C0.dat
[13:02:34.367]    ERROR: <ConfigParameters.cc/readGainPedestalParameters:L953> cannot open data/yhc691015sn3p35/phCalibrationFitErr_C0.dat for reading PH calibration constants
[13:02:34.388]    DEBUG: <PixTestDacDacScan.cc/init:L102> PixTestDacDacScan::init()
[13:02:34.388]    DEBUG: <PixTestDacDacScan.cc/PixTestDacDacScan:L21> PixTestDacDacScan ctor(PixSetup &a, string, TGTab *)
[13:02:34.426]    DEBUG: <PixTestHighRate.cc/setParameter:L66>   setting fParTriggerFrequency -> 20
[13:02:34.426]    DEBUG: <PixTestHighRate.cc/init:L156> PixTestHighRate::init()
[13:02:34.426]    DEBUG: <PixTestHighRate.cc/PixTestHighRate:L29> PixTestHighRate ctor(PixSetup &a, string, TGTab *)
[13:02:34.426]     INFO:       reading data/yhc691015sn3p35/phCalibrationFitErr_C0.dat
[13:02:34.426]    ERROR: <ConfigParameters.cc/readGainPedestalParameters:L953> cannot open data/yhc691015sn3p35/phCalibrationFitErr_C0.dat for reading PH calibration constants
[13:02:34.442]    DEBUG: <PixTest.cc/setTestParameter:L577>  setting  ntrig to new value 10
[13:02:34.442]    DEBUG: <PixTestPhOptimization.cc/setParameter:L36>   setting fParNtrig  ->10<- from sval = 10
[13:02:34.442]    DEBUG: <PixTestPhOptimization.cc/setParameter:L41>   setting fSafetyMarginLow  ->20<- from sval = 20
[13:02:34.442]    DEBUG: <PixTestPhOptimization.cc/setParameter:L47>   setting fVcalMax  ->100<- from sval = 100
[13:02:34.442]    DEBUG: <PixTestPhOptimization.cc/setParameter:L52>   setting fQuantMax  ->0.98<- from sval = 0.98
[13:02:34.454]    DEBUG: <PixTestAlive.cc/init:L76> PixTestAlive::init()
[13:02:34.454]    DEBUG: <PixTestAlive.cc/PixTestAlive:L20> PixTestAlive ctor(PixSetup &a, string, TGTab *)
[13:02:34.467]    DEBUG: <PixTestReadback.cc/setParameter:L184> fCalwVd set to 1
[13:02:34.467]    DEBUG: <PixTestReadback.cc/init:L96> PixTestReadback::init()
[13:02:34.467]    DEBUG: <PixTestReadback.cc/PixTestReadback:L22> PixTestReadback ctor(PixSetup &a, string, TGTab *)
[13:02:34.467]     INFO:       reading data/yhc691015sn3p35/readbackCal_C0.dat
[13:02:34.467]     INFO:       reading data/yhc691015sn3p35/readbackCal_C1.dat
[13:02:34.467]     INFO:       reading data/yhc691015sn3p35/readbackCal_C2.dat
[13:02:34.467]     INFO:       reading data/yhc691015sn3p35/readbackCal_C3.dat
[13:02:34.467]     INFO:       reading data/yhc691015sn3p35/readbackCal_C4.dat
[13:02:34.467]     INFO:       reading data/yhc691015sn3p35/readbackCal_C5.dat
[13:02:34.467]     INFO:       reading data/yhc691015sn3p35/readbackCal_C6.dat
[13:02:34.467]     INFO:       reading data/yhc691015sn3p35/readbackCal_C7.dat
[13:02:34.467]     INFO:       reading data/yhc691015sn3p35/readbackCal_C8.dat
[13:02:34.467]     INFO:       reading data/yhc691015sn3p35/readbackCal_C9.dat
[13:02:34.467]     INFO:       reading data/yhc691015sn3p35/readbackCal_C10.dat
[13:02:34.467]     INFO:       reading data/yhc691015sn3p35/readbackCal_C11.dat
[13:02:34.467]     INFO:       reading data/yhc691015sn3p35/readbackCal_C12.dat
[13:02:34.467]     INFO:       reading data/yhc691015sn3p35/readbackCal_C13.dat
[13:02:34.468]     INFO:       reading data/yhc691015sn3p35/readbackCal_C14.dat
[13:02:34.468]     INFO:       reading data/yhc691015sn3p35/readbackCal_C15.dat
[13:02:34.468]     INFO:       reading data/yhc691015sn3p35/phCalibrationFitErr_C0.dat
[13:02:34.468]    ERROR: <ConfigParameters.cc/readGainPedestalParameters:L953> cannot open data/yhc691015sn3p35/phCalibrationFitErr_C0.dat for reading PH calibration constants
[13:02:34.479]    DEBUG: <PixTestTiming.cc/setParameter:L45> fFastScan: 0
[13:02:34.479]    DEBUG: <PixTestTiming.cc/setParameter:L50> PixTestTiming::PixTest() targetclk = 4
[13:02:34.479]    DEBUG: <PixTestTiming.cc/setParameter:L54> PixTestTiming::PixTest() ntrig = 10
[13:02:34.479]    DEBUG: <PixTestTiming.cc/init:L64> PixTestTiming::init()
[13:02:34.495]    DEBUG: <PixTestXray.cc/init:L132> PixTestXray::init()
[13:02:34.495]    DEBUG: <PixTestXray.cc/PixTestXray:L26> PixTestXray ctor(PixSetup &a, string, TGTab *)
[13:02:34.495]     INFO:       reading data/yhc691015sn3p35/phCalibrationFitErr_C0.dat
[13:02:34.495]    ERROR: <ConfigParameters.cc/readGainPedestalParameters:L953> cannot open data/yhc691015sn3p35/phCalibrationFitErr_C0.dat for reading PH calibration constants
[13:02:35.990]     INFO: ######################################################################
[13:02:35.990]     INFO: PixTestXray::doTest()
[13:02:35.990]     INFO: ######################################################################
[13:02:35.990]     INFO:    ----------------------------------------------------------------------
[13:02:35.991]     INFO:    PixTestXray::doPhRun() fParRunSeconds = 100
[13:02:35.991]     INFO:    ----------------------------------------------------------------------
[13:02:35.992]     INFO:       reading data/yhc691015sn3p35/defaultMaskFile.dat
[13:02:35.993]     INFO: ROC 1 masking pixel 33/41
[13:02:35.993]     INFO: ROC 7 masking pixel 48/1
[13:02:35.993]     INFO: ROC 7 masking pixel 48/2
[13:02:35.993]     INFO: ROC 7 masking pixel 48/3
[13:02:35.993]     INFO: ROC 7 masking pixel 49/0
[13:02:35.993]     INFO: ROC 7 masking pixel 49/1
[13:02:35.993]     INFO: ROC 7 masking pixel 49/2
[13:02:35.993]     INFO: ROC 7 masking pixel 49/3
[13:02:35.993]     INFO: ROC 7 masking pixel 49/4
[13:02:35.993]     INFO: ROC 7 masking pixel 49/5
[13:02:35.993]     INFO: ROC 7 masking pixel 50/0
[13:02:35.993]     INFO: ROC 7 masking pixel 50/1
[13:02:35.993]     INFO: ROC 7 masking pixel 50/2
[13:02:35.993]     INFO: ROC 7 masking pixel 50/4
[13:02:35.993]     INFO: ROC 7 masking pixel 50/5
[13:02:35.993]     INFO: ROC 7 masking pixel 50/6
[13:02:35.993]     INFO: ROC 7 masking pixel 51/0
[13:02:35.993]     INFO: ROC 7 masking pixel 51/1
[13:02:35.993]     INFO: ROC 7 masking pixel 51/2
[13:02:35.993]     INFO: ROC 7 masking pixel 51/3
[13:02:35.993]     INFO: ROC 7 masking pixel 51/4
[13:02:35.993]     INFO: ROC 7 masking pixel 51/5
[13:02:35.993]     INFO: ROC 7 masking pixel 51/6
[13:02:35.993]     INFO: ROC 7 masking pixel 51/7
[13:02:35.993]     INFO: ROC 7 masking pixel 51/8
[13:02:35.993]     INFO: ROC 10 masking pixel 49/18
[13:02:35.993]     INFO: ROC 11 masking pixel 50/45
[13:02:35.993]  WARNING: Pattern generator does not contain a trigger signal. No data is expected from the DUT!
[13:02:36.971]     INFO: IGNORE THE WARNING ABOVE (resetROC sent)!
[13:02:38.151]     INFO: PixTestXray::doPhRun start TriggerLoop with trigger frequency 100 kHz, period 405 and duration 100 seconds,  fEventsMax = 10000000
[13:02:52.446]     INFO: run duration 14 seconds, buffer almost full (81%), pausing triggers.
[13:02:52.448]    DEBUG: <PixTestXray.cc/processData:L733> Getting Event Buffer
[13:03:12.472]    DEBUG: <PixTestXray.cc/processData:L748> Processing Data: 1408427 events.
[13:03:14.547]    DEBUG: <PixTestXray.cc/processData:L799>  # events read: 1408427, pixels seen in all events: 3356810
[13:03:14.846]     INFO: Resuming triggers.
[13:03:29.159]     INFO: run duration 28 seconds, buffer almost full (81%), pausing triggers.
[13:03:29.180]    DEBUG: <PixTestXray.cc/processData:L733> Getting Event Buffer
[13:03:31.463]    ERROR: <datapipe.cc/DecodeDeser400:L294> Number of ROCs (6) != Token Chain Length (8)
[13:03:31.464]    ERROR: <datapipe.cc/DecodeDeser400:L294> Number of ROCs (7) != Token Chain Length (8)
[13:03:31.464]  WARNING: ROC 6: Readback start marker after 15 readouts!
[13:03:31.464]  WARNING: ROC 7: Readback start marker after 15 readouts!
[13:03:31.464]  WARNING: ROC 7: Readback start marker after 15 readouts!
[13:03:32.951]    ERROR: <datapipe.cc/DecodeDeser400:L294> Number of ROCs (16) != Token Chain Length (8)
[13:03:32.951]    ERROR: <datapipe.cc/CheckEventID:L127>    Event ID mismatch:  local ID (46) !=  TBM ID (47)
[13:03:32.951]  WARNING: ROC 0: Readback start marker after 15 readouts!
[13:03:32.951]  WARNING: ROC 1: Readback start marker after 15 readouts!
[13:03:32.951]  WARNING: ROC 2: Readback start marker after 15 readouts!
[13:03:32.951]  WARNING: ROC 4: Readback start marker after 15 readouts!
[13:03:32.951]  WARNING: ROC 7: Readback start marker after 15 readouts!
[13:03:32.951]  WARNING: ROC 6: Readback start marker after 15 readouts!
[13:03:32.951]  WARNING: ROC 5: Readback start marker after 15 readouts!
[13:03:32.951]  WARNING: ROC 3: Readback start marker after 31 readouts!
[13:03:34.183]    ERROR: <datapipe.cc/DecodeDeser400:L294> Number of ROCs (6) != Token Chain Length (8)
[13:03:34.183]  WARNING: ROC 7: Readback start marker after 15 readouts!
[13:03:34.183]    ERROR: <datapipe.cc/DecodeDeser400:L294> Number of ROCs (6) != Token Chain Length (8)
[13:03:34.183]  WARNING: ROC 6: Readback start marker after 15 readouts!
[13:03:34.183]  WARNING: ROC 7: Readback start marker after 15 readouts!
[13:03:34.183]  WARNING: ROC 6: Readback start marker after 15 readouts!
[13:03:34.859]    ERROR: <datapipe.cc/DecodeDeser400:L294> Number of ROCs (6) != Token Chain Length (8)
[13:03:34.859]    ERROR: <datapipe.cc/DecodeDeser400:L294> Number of ROCs (5) != Token Chain Length (8)
[13:03:34.859]  WARNING: ROC 6: Readback start marker after 15 readouts!
[13:03:34.859]  WARNING: ROC 7: Readback start marker after 15 readouts!
[13:03:34.859]  WARNING: ROC 5: Readback start marker after 15 readouts!
[13:03:34.859]  WARNING: ROC 6: Readback start marker after 15 readouts!
[13:03:34.859]  WARNING: ROC 7: Readback start marker after 15 readouts!
[13:03:49.131]    DEBUG: <PixTestXray.cc/processData:L748> Processing Data: 1409621 events.
[13:03:51.188]    DEBUG: <PixTestXray.cc/processData:L799>  # events read: 1409621, pixels seen in all events: 3344769
[13:03:51.479]     INFO: Resuming triggers.
[13:04:05.804]     INFO: run duration 42 seconds, buffer almost full (81%), pausing triggers.
[13:04:05.974]    DEBUG: <PixTestXray.cc/processData:L733> Getting Event Buffer
[13:04:27.117]    DEBUG: <PixTestXray.cc/processData:L748> Processing Data: 1410828 events.
[13:04:29.169]    DEBUG: <PixTestXray.cc/processData:L799>  # events read: 1410828, pixels seen in all events: 3332815
[13:04:29.459]     INFO: Resuming triggers.
