[12:59:49.068]     INFO: *** Welcome to pxar ***
[12:59:49.068]     INFO: *** Today: 2015/07/06
[12:59:49.068]     INFO:       reading data/yhc691015sn3p35/dacParameters_C0.dat
[12:59:49.068]     INFO:       reading data/yhc691015sn3p35/dacParameters_C1.dat
[12:59:49.068]     INFO:       reading data/yhc691015sn3p35/dacParameters_C2.dat
[12:59:49.068]     INFO:       reading data/yhc691015sn3p35/dacParameters_C3.dat
[12:59:49.068]     INFO:       reading data/yhc691015sn3p35/dacParameters_C4.dat
[12:59:49.068]     INFO:       reading data/yhc691015sn3p35/dacParameters_C5.dat
[12:59:49.068]     INFO:       reading data/yhc691015sn3p35/dacParameters_C6.dat
[12:59:49.068]     INFO:       reading data/yhc691015sn3p35/dacParameters_C7.dat
[12:59:49.068]     INFO:       reading data/yhc691015sn3p35/dacParameters_C8.dat
[12:59:49.068]     INFO:       reading data/yhc691015sn3p35/dacParameters_C9.dat
[12:59:49.068]     INFO:       reading data/yhc691015sn3p35/dacParameters_C10.dat
[12:59:49.069]     INFO:       reading data/yhc691015sn3p35/dacParameters_C11.dat
[12:59:49.069]     INFO:       reading data/yhc691015sn3p35/dacParameters_C12.dat
[12:59:49.069]     INFO:       reading data/yhc691015sn3p35/dacParameters_C13.dat
[12:59:49.069]     INFO:       reading data/yhc691015sn3p35/dacParameters_C14.dat
[12:59:49.069]     INFO:       reading data/yhc691015sn3p35/dacParameters_C15.dat
[12:59:49.069]     INFO:       reading data/yhc691015sn3p35/tbmParameters_C0a.dat
[12:59:49.069]     INFO:       reading data/yhc691015sn3p35/tbmParameters_C0b.dat
[12:59:49.069]     INFO:       reading data/yhc691015sn3p35/defaultMaskFile.dat
[12:59:49.069]     INFO: MASKED Roc 1 col/row: 33 41
[12:59:49.069]     INFO: MASKED Roc 7 col/row: 48 1
[12:59:49.069]     INFO: MASKED Roc 7 col/row: 48 2
[12:59:49.069]     INFO: MASKED Roc 7 col/row: 48 3
[12:59:49.069]     INFO: MASKED Roc 7 col/row: 49 0
[12:59:49.069]     INFO: MASKED Roc 7 col/row: 49 1
[12:59:49.069]     INFO: MASKED Roc 7 col/row: 49 2
[12:59:49.069]     INFO: MASKED Roc 7 col/row: 49 3
[12:59:49.069]     INFO: MASKED Roc 7 col/row: 49 4
[12:59:49.069]     INFO: MASKED Roc 7 col/row: 49 5
[12:59:49.069]     INFO: MASKED Roc 7 col/row: 50 0
[12:59:49.069]     INFO: MASKED Roc 7 col/row: 50 1
[12:59:49.069]     INFO: MASKED Roc 7 col/row: 50 2
[12:59:49.069]     INFO: MASKED Roc 7 col/row: 50 4
[12:59:49.069]     INFO: MASKED Roc 7 col/row: 50 5
[12:59:49.069]     INFO: MASKED Roc 7 col/row: 50 6
[12:59:49.069]     INFO: MASKED Roc 7 col/row: 51 0
[12:59:49.069]     INFO: MASKED Roc 7 col/row: 51 1
[12:59:49.069]     INFO: MASKED Roc 7 col/row: 51 2
[12:59:49.069]     INFO: MASKED Roc 7 col/row: 51 3
[12:59:49.069]     INFO: MASKED Roc 7 col/row: 51 4
[12:59:49.069]     INFO: MASKED Roc 7 col/row: 51 5
[12:59:49.069]     INFO: MASKED Roc 7 col/row: 51 6
[12:59:49.069]     INFO: MASKED Roc 7 col/row: 51 7
[12:59:49.069]     INFO: MASKED Roc 7 col/row: 51 8
[12:59:49.069]     INFO: MASKED Roc 10 col/row: 49 18
[12:59:49.069]     INFO: MASKED Roc 11 col/row: 50 45
[12:59:49.069]     INFO:       reading data/yhc691015sn3p35/trimParameters_C0.dat
[12:59:49.076]     INFO:   masking Roc 1 col/row: 33 41
[12:59:49.076]     INFO:       reading data/yhc691015sn3p35/trimParameters_C1.dat
[12:59:49.083]     INFO:       reading data/yhc691015sn3p35/trimParameters_C2.dat
[12:59:49.089]     INFO:       reading data/yhc691015sn3p35/trimParameters_C3.dat
[12:59:49.095]     INFO:       reading data/yhc691015sn3p35/trimParameters_C4.dat
[12:59:49.102]     INFO:       reading data/yhc691015sn3p35/trimParameters_C5.dat
[12:59:49.108]     INFO:       reading data/yhc691015sn3p35/trimParameters_C6.dat
[12:59:49.115]     INFO:   masking Roc 7 col/row: 48 1
[12:59:49.115]     INFO:   masking Roc 7 col/row: 48 2
[12:59:49.115]     INFO:   masking Roc 7 col/row: 48 3
[12:59:49.115]     INFO:   masking Roc 7 col/row: 49 0
[12:59:49.115]     INFO:   masking Roc 7 col/row: 49 1
[12:59:49.115]     INFO:   masking Roc 7 col/row: 49 2
[12:59:49.115]     INFO:   masking Roc 7 col/row: 49 3
[12:59:49.115]     INFO:   masking Roc 7 col/row: 49 4
[12:59:49.115]     INFO:   masking Roc 7 col/row: 49 5
[12:59:49.115]     INFO:   masking Roc 7 col/row: 50 0
[12:59:49.115]     INFO:   masking Roc 7 col/row: 50 1
[12:59:49.115]     INFO:   masking Roc 7 col/row: 50 2
[12:59:49.115]     INFO:   masking Roc 7 col/row: 50 4
[12:59:49.115]     INFO:   masking Roc 7 col/row: 50 5
[12:59:49.115]     INFO:   masking Roc 7 col/row: 50 6
[12:59:49.115]     INFO:   masking Roc 7 col/row: 51 0
[12:59:49.115]     INFO:   masking Roc 7 col/row: 51 1
[12:59:49.115]     INFO:   masking Roc 7 col/row: 51 2
[12:59:49.115]     INFO:   masking Roc 7 col/row: 51 3
[12:59:49.115]     INFO:   masking Roc 7 col/row: 51 4
[12:59:49.115]     INFO:   masking Roc 7 col/row: 51 5
[12:59:49.115]     INFO:   masking Roc 7 col/row: 51 6
[12:59:49.115]     INFO:   masking Roc 7 col/row: 51 7
[12:59:49.115]     INFO:   masking Roc 7 col/row: 51 8
[12:59:49.115]     INFO:       reading data/yhc691015sn3p35/trimParameters_C7.dat
[12:59:49.122]     INFO:       reading data/yhc691015sn3p35/trimParameters_C8.dat
[12:59:49.128]     INFO:       reading data/yhc691015sn3p35/trimParameters_C9.dat
[12:59:49.135]     INFO:   masking Roc 10 col/row: 49 18
[12:59:49.135]     INFO:       reading data/yhc691015sn3p35/trimParameters_C10.dat
[12:59:49.141]     INFO:   masking Roc 11 col/row: 50 45
[12:59:49.141]     INFO:       reading data/yhc691015sn3p35/trimParameters_C11.dat
[12:59:49.148]     INFO:       reading data/yhc691015sn3p35/trimParameters_C12.dat
[12:59:49.154]     INFO:       reading data/yhc691015sn3p35/trimParameters_C13.dat
[12:59:49.160]     INFO:       reading data/yhc691015sn3p35/trimParameters_C14.dat
[12:59:49.167]     INFO:       reading data/yhc691015sn3p35/trimParameters_C15.dat
[12:59:49.173]     INFO:       reading data/yhc691015sn3p35/tbParameters.dat
[12:59:49.173]     INFO:         clk: 4
[12:59:49.173]     INFO:         ctr: 4
[12:59:49.174]     INFO:         sda: 19
[12:59:49.174]     INFO:         tin: 9
[12:59:49.174]     INFO:         level: 15
[12:59:49.174]     INFO:         triggerdelay: 0
[12:59:49.174]    QUIET: Instanciating API for pxar v1.9.0
[12:59:49.174]     INFO: Log level: DEBUG
[12:59:49.187]    QUIET: Connection to board DTB_WRPRHI opened.
[12:59:49.190]     INFO: DTB startup information
--- DTB info------------------------------------------
Board id:    58
HW version:  DTB1.2
FW version:  3.2
SW version:  3.6
USB id:      DTB_WRPRHI
MAC address: 40D85511803A
Hostname:    pixelDTB058
Comment:     
------------------------------------------------------
[12:59:49.194]     INFO: RPC call hashes of host and DTB match: 413001178
[12:59:50.803]     INFO: DUT info: 
[12:59:50.803]     INFO: The DUT currently contains the following objects:
[12:59:50.803]     INFO:  2 TBM Cores (2 ON)
[12:59:50.803]     INFO: 	TBM Core alpha (0): 7 registers set
[12:59:50.803]     INFO: 	TBM Core beta  (1): 7 registers set
[12:59:50.803]     INFO: 16 ROCs (16 ON) with 4160 pixelConfigs
[12:59:50.803]     INFO: 	ROC 0: 19 DACs set, Pixels: 0 masked, 4160 active.
[12:59:50.803]     INFO: 	ROC 1: 19 DACs set, Pixels: 1 masked, 4160 active.
[12:59:50.803]     INFO: 	ROC 2: 19 DACs set, Pixels: 0 masked, 4160 active.
[12:59:50.803]     INFO: 	ROC 3: 19 DACs set, Pixels: 0 masked, 4160 active.
[12:59:50.803]     INFO: 	ROC 4: 19 DACs set, Pixels: 0 masked, 4160 active.
[12:59:50.803]     INFO: 	ROC 5: 19 DACs set, Pixels: 0 masked, 4160 active.
[12:59:50.803]     INFO: 	ROC 6: 19 DACs set, Pixels: 0 masked, 4160 active.
[12:59:50.803]     INFO: 	ROC 7: 19 DACs set, Pixels: 24 masked, 4160 active.
[12:59:50.803]     INFO: 	ROC 8: 19 DACs set, Pixels: 0 masked, 4160 active.
[12:59:50.803]     INFO: 	ROC 9: 19 DACs set, Pixels: 0 masked, 4160 active.
[12:59:50.803]     INFO: 	ROC 10: 19 DACs set, Pixels: 1 masked, 4160 active.
[12:59:50.803]     INFO: 	ROC 11: 19 DACs set, Pixels: 1 masked, 4160 active.
[12:59:50.804]     INFO: 	ROC 12: 19 DACs set, Pixels: 0 masked, 4160 active.
[12:59:50.804]     INFO: 	ROC 13: 19 DACs set, Pixels: 0 masked, 4160 active.
[12:59:50.804]     INFO: 	ROC 14: 19 DACs set, Pixels: 0 masked, 4160 active.
[12:59:50.804]     INFO: 	ROC 15: 19 DACs set, Pixels: 0 masked, 4160 active.
[12:59:50.804]    DEBUG: <PixTestParameters.cc/dump:L104> PixTestParameters: ->BB<-
[12:59:50.804]    DEBUG: <PixTestParameters.cc/dump:L107>   dumpall: checkbox(0)
[12:59:50.804]    DEBUG: <PixTestParameters.cc/dump:L107>   dumpproblematic: checkbox(0)
[12:59:50.804]    DEBUG: <PixTestParameters.cc/dump:L107>   ntrig: 5
[12:59:50.804]    DEBUG: <PixTestParameters.cc/dump:L107>   vcals: 250
[12:59:50.804]    DEBUG: <PixTestParameters.cc/dump:L104> PixTestParameters: ->BB2<-
[12:59:50.804]    DEBUG: <PixTestParameters.cc/dump:L107>   ntrig: 10
[12:59:50.804]    DEBUG: <PixTestParameters.cc/dump:L107>   vcals: 222
[12:59:50.804]    DEBUG: <PixTestParameters.cc/dump:L107>   plwidth: 35
[12:59:50.804]    DEBUG: <PixTestParameters.cc/dump:L107>   pix: 11,20
[12:59:50.804]    DEBUG: <PixTestParameters.cc/dump:L107>   targetia: 24
[12:59:50.804]    DEBUG: <PixTestParameters.cc/dump:L104> PixTestParameters: ->DAQ<-
[12:59:50.804]    DEBUG: <PixTestParameters.cc/dump:L107>   delaytbm: checkbox
[12:59:50.804]    DEBUG: <PixTestParameters.cc/dump:L107>   filltree: checkbox
[12:59:50.804]    DEBUG: <PixTestParameters.cc/dump:L107>   trgfrequency(khz): 100
[12:59:50.804]    DEBUG: <PixTestParameters.cc/dump:L107>   maskhotpixels: button
[12:59:50.804]    DEBUG: <PixTestParameters.cc/dump:L107>   trgnumber: 5
[12:59:50.804]    DEBUG: <PixTestParameters.cc/dump:L107>   iterations: 10
[12:59:50.804]    DEBUG: <PixTestParameters.cc/dump:L107>   rundaqtrg: button
[12:59:50.804]    DEBUG: <PixTestParameters.cc/dump:L107>   daqseconds: 120
[12:59:50.804]    DEBUG: <PixTestParameters.cc/dump:L107>   rundaqseconds: button
[12:59:50.804]    DEBUG: <PixTestParameters.cc/dump:L104> PixTestParameters: ->DacDacScan<-
[12:59:50.804]    DEBUG: <PixTestParameters.cc/dump:L107>   phmap: checkbox
[12:59:50.804]    DEBUG: <PixTestParameters.cc/dump:L107>   ntrig: 10
[12:59:50.804]    DEBUG: <PixTestParameters.cc/dump:L107>   dac1: caldel
[12:59:50.804]    DEBUG: <PixTestParameters.cc/dump:L107>   dac1lo: 0
[12:59:50.804]    DEBUG: <PixTestParameters.cc/dump:L107>   dac1hi: 255
[12:59:50.804]    DEBUG: <PixTestParameters.cc/dump:L107>   dac2: vthrcomp
[12:59:50.804]    DEBUG: <PixTestParameters.cc/dump:L107>   dac2lo: 0
[12:59:50.804]    DEBUG: <PixTestParameters.cc/dump:L107>   dac2hi: 255
[12:59:50.804]    DEBUG: <PixTestParameters.cc/dump:L107>   pix: 11,20
[12:59:50.804]    DEBUG: <PixTestParameters.cc/dump:L104> PixTestParameters: ->DacScan<-
[12:59:50.804]    DEBUG: <PixTestParameters.cc/dump:L107>   phmap: checkbox(1)
[12:59:50.804]    DEBUG: <PixTestParameters.cc/dump:L107>   ntrig: 10
[12:59:50.804]    DEBUG: <PixTestParameters.cc/dump:L107>   dac: vcal
[12:59:50.804]    DEBUG: <PixTestParameters.cc/dump:L107>   daclo: 0
[12:59:50.804]    DEBUG: <PixTestParameters.cc/dump:L107>   dachi: 255
[12:59:50.804]    DEBUG: <PixTestParameters.cc/dump:L107>   pix: 11,20
[12:59:50.804]    DEBUG: <PixTestParameters.cc/dump:L104> PixTestParameters: ->GainPedestal<-
[12:59:50.804]    DEBUG: <PixTestParameters.cc/dump:L107>   showfits: checkbox(0)
[12:59:50.804]    DEBUG: <PixTestParameters.cc/dump:L107>   extended: checkbox(0)
[12:59:50.804]    DEBUG: <PixTestParameters.cc/dump:L107>   dumphists: checkbox(0)
[12:59:50.804]    DEBUG: <PixTestParameters.cc/dump:L107>   ntrig: 10
[12:59:50.804]    DEBUG: <PixTestParameters.cc/dump:L107>   measure: button
[12:59:50.804]    DEBUG: <PixTestParameters.cc/dump:L107>   fit: button
[12:59:50.804]    DEBUG: <PixTestParameters.cc/dump:L107>   save: button
[12:59:50.804]    DEBUG: <PixTestParameters.cc/dump:L104> PixTestParameters: ->HighRate<-
[12:59:50.804]    DEBUG: <PixTestParameters.cc/dump:L107>   pix: 11,20
[12:59:50.804]    DEBUG: <PixTestParameters.cc/dump:L107>   maskhotpixels: button
[12:59:50.804]    DEBUG: <PixTestParameters.cc/dump:L107>   savemaskfile: checkbox(0)
[12:59:50.805]    DEBUG: <PixTestParameters.cc/dump:L107>   maskfilename: default
[12:59:50.805]    DEBUG: <PixTestParameters.cc/dump:L107>   caldelscan: button
[12:59:50.805]    DEBUG: <PixTestParameters.cc/dump:L107>   xpixelalive: button
[12:59:50.805]    DEBUG: <PixTestParameters.cc/dump:L107>   ntrig: 5
[12:59:50.805]    DEBUG: <PixTestParameters.cc/dump:L107>   vcal: 200
[12:59:50.805]    DEBUG: <PixTestParameters.cc/dump:L107>   rundaq: button
[12:59:50.805]    DEBUG: <PixTestParameters.cc/dump:L107>   trgfrequency(khz): 20
[12:59:50.805]    DEBUG: <PixTestParameters.cc/dump:L107>   runseconds: 5
[12:59:50.805]    DEBUG: <PixTestParameters.cc/dump:L107>   triggerdelay: 100
[12:59:50.805]    DEBUG: <PixTestParameters.cc/dump:L107>   delaytbm: checkbox
[12:59:50.805]    DEBUG: <PixTestParameters.cc/dump:L107>   filltree: checkbox
[12:59:50.805]    DEBUG: <PixTestParameters.cc/dump:L104> PixTestParameters: ->IV<-
[12:59:50.805]    DEBUG: <PixTestParameters.cc/dump:L107>   port: /dev/FIXME
[12:59:50.805]    DEBUG: <PixTestParameters.cc/dump:L107>   voltagestart: 0
[12:59:50.805]    DEBUG: <PixTestParameters.cc/dump:L107>   voltagestop: 600
[12:59:50.805]    DEBUG: <PixTestParameters.cc/dump:L107>   voltagestep: 5
[12:59:50.805]    DEBUG: <PixTestParameters.cc/dump:L107>   delay: 1
[12:59:50.805]    DEBUG: <PixTestParameters.cc/dump:L107>   compliance(ua): 100
[12:59:50.805]    DEBUG: <PixTestParameters.cc/dump:L104> PixTestParameters: ->PhOptimization<-
[12:59:50.805]    DEBUG: <PixTestParameters.cc/dump:L107>   ntrig: 10
[12:59:50.805]    DEBUG: <PixTestParameters.cc/dump:L107>   safetymarginlow: 20
[12:59:50.805]    DEBUG: <PixTestParameters.cc/dump:L107>   saturationvcal: 100
[12:59:50.805]    DEBUG: <PixTestParameters.cc/dump:L107>   quantilesaturation: 0.98
[12:59:50.805]    DEBUG: <PixTestParameters.cc/dump:L104> PixTestParameters: ->PixelAlive<-
[12:59:50.805]    DEBUG: <PixTestParameters.cc/dump:L107>   ntrig: 10
[12:59:50.805]    DEBUG: <PixTestParameters.cc/dump:L107>   vcal: 200
[12:59:50.805]    DEBUG: <PixTestParameters.cc/dump:L107>   alivetest: button
[12:59:50.805]    DEBUG: <PixTestParameters.cc/dump:L107>   masktest: button
[12:59:50.805]    DEBUG: <PixTestParameters.cc/dump:L107>   addressdecodingtest: button
[12:59:50.805]    DEBUG: <PixTestParameters.cc/dump:L104> PixTestParameters: ->Pretest<-
[12:59:50.805]    DEBUG: <PixTestParameters.cc/dump:L107>   programroc: button
[12:59:50.805]    DEBUG: <PixTestParameters.cc/dump:L107>   targetia: 24
[12:59:50.805]    DEBUG: <PixTestParameters.cc/dump:L107>   setvana: button
[12:59:50.805]    DEBUG: <PixTestParameters.cc/dump:L107>   iterations: 100
[12:59:50.805]    DEBUG: <PixTestParameters.cc/dump:L107>   settimings: button
[12:59:50.805]    DEBUG: <PixTestParameters.cc/dump:L107>   findworkingpixel: button
[12:59:50.805]    DEBUG: <PixTestParameters.cc/dump:L107>   setvthrcompcaldel: button
[12:59:50.805]    DEBUG: <PixTestParameters.cc/dump:L107>   pix: 11,20
[12:59:50.805]    DEBUG: <PixTestParameters.cc/dump:L107>   vcal: 250
[12:59:50.805]    DEBUG: <PixTestParameters.cc/dump:L107>   deltavthrcomp: 50
[12:59:50.805]    DEBUG: <PixTestParameters.cc/dump:L107>   fraccaldel: 0.5
[12:59:50.805]    DEBUG: <PixTestParameters.cc/dump:L107>   ntrig: 5
[12:59:50.805]    DEBUG: <PixTestParameters.cc/dump:L107>   savedacs: button
[12:59:50.805]    DEBUG: <PixTestParameters.cc/dump:L104> PixTestParameters: ->Readback<-
[12:59:50.805]    DEBUG: <PixTestParameters.cc/dump:L107>   calibratevd: button
[12:59:50.805]    DEBUG: <PixTestParameters.cc/dump:L107>   calibrateva: button
[12:59:50.805]    DEBUG: <PixTestParameters.cc/dump:L107>   calibrateia: button
[12:59:50.805]    DEBUG: <PixTestParameters.cc/dump:L107>   readbackvbg: button
[12:59:50.805]    DEBUG: <PixTestParameters.cc/dump:L107>   getcalibratedvbg: button
[12:59:50.805]    DEBUG: <PixTestParameters.cc/dump:L107>   usecalvd: checkbox(1)
[12:59:50.805]    DEBUG: <PixTestParameters.cc/dump:L107>   usecalva: checkbox(0)
[12:59:50.805]    DEBUG: <PixTestParameters.cc/dump:L107>   getcalibratedia: button
[12:59:50.805]    DEBUG: <PixTestParameters.cc/dump:L107>   setvana: button
[12:59:50.805]    DEBUG: <PixTestParameters.cc/dump:L104> PixTestParameters: ->Scurves<-
[12:59:50.805]    DEBUG: <PixTestParameters.cc/dump:L107>   adjustvcal: checkbox(1)
[12:59:50.805]    DEBUG: <PixTestParameters.cc/dump:L107>   dumpall: checkbox(0)
[12:59:50.805]    DEBUG: <PixTestParameters.cc/dump:L107>   dumpproblematic: checkbox(0)
[12:59:50.805]    DEBUG: <PixTestParameters.cc/dump:L107>   ntrig: 50
[12:59:50.805]    DEBUG: <PixTestParameters.cc/dump:L107>   dac: VthrComp
[12:59:50.805]    DEBUG: <PixTestParameters.cc/dump:L107>   daclo: 0
[12:59:50.805]    DEBUG: <PixTestParameters.cc/dump:L107>   dachi: 200
[12:59:50.805]    DEBUG: <PixTestParameters.cc/dump:L107>   dacs/step: 10
[12:59:50.805]    DEBUG: <PixTestParameters.cc/dump:L107>   scurves: button
[12:59:50.805]    DEBUG: <PixTestParameters.cc/dump:L104> PixTestParameters: ->Timing<-
[12:59:50.805]    DEBUG: <PixTestParameters.cc/dump:L107>   fastscan: checkbox(0)
[12:59:50.805]    DEBUG: <PixTestParameters.cc/dump:L107>   targetclk: 4
[12:59:50.805]    DEBUG: <PixTestParameters.cc/dump:L107>   ntrig: 10
[12:59:50.805]    DEBUG: <PixTestParameters.cc/dump:L107>   clocksdascan: button
[12:59:50.805]    DEBUG: <PixTestParameters.cc/dump:L107>   phasescan: button
[12:59:50.805]    DEBUG: <PixTestParameters.cc/dump:L107>   levelscan: button
[12:59:50.805]    DEBUG: <PixTestParameters.cc/dump:L107>   saveparameters: button
[12:59:50.805]    DEBUG: <PixTestParameters.cc/dump:L107>   timingtest: button
[12:59:50.805]    DEBUG: <PixTestParameters.cc/dump:L104> PixTestParameters: ->Trim<-
[12:59:50.805]    DEBUG: <PixTestParameters.cc/dump:L107>   trim: button
[12:59:50.806]    DEBUG: <PixTestParameters.cc/dump:L107>   ntrig: 10
[12:59:50.806]    DEBUG: <PixTestParameters.cc/dump:L107>   vcal: 35
[12:59:50.806]    DEBUG: <PixTestParameters.cc/dump:L107>   trimbits: button
[12:59:50.806]    DEBUG: <PixTestParameters.cc/dump:L104> PixTestParameters: ->Xray<-
[12:59:50.806]    DEBUG: <PixTestParameters.cc/dump:L107>   maskhotpixels: button
[12:59:50.806]    DEBUG: <PixTestParameters.cc/dump:L107>   savemaskfile: checkbox(0)
[12:59:50.806]    DEBUG: <PixTestParameters.cc/dump:L107>   maskfilename: default
[12:59:50.806]    DEBUG: <PixTestParameters.cc/dump:L107>   source: Ag
[12:59:50.806]    DEBUG: <PixTestParameters.cc/dump:L107>   phrun: button
[12:59:50.806]    DEBUG: <PixTestParameters.cc/dump:L107>   runseconds: 100
[12:59:50.806]    DEBUG: <PixTestParameters.cc/dump:L107>   trgfrequency(khz): 100
[12:59:50.806]    DEBUG: <PixTestParameters.cc/dump:L107>   ratescan: button
[12:59:50.806]    DEBUG: <PixTestParameters.cc/dump:L107>   vthrcompmin: 10
[12:59:50.806]    DEBUG: <PixTestParameters.cc/dump:L107>   vthrcompmax: 80
[12:59:50.806]    DEBUG: <PixTestParameters.cc/dump:L107>   stepseconds: 5
[12:59:50.806]    DEBUG: <PixTestParameters.cc/dump:L107>   delaytbm: checkbox
[12:59:50.806]    DEBUG: <PixTestParameters.cc/dump:L107>   filltree: checkbox
[12:59:50.806]    DEBUG: <PixSetup.cc/init:L81> PixSetup init start; getCurrentRSS() = 34791424
[12:59:50.806]    DEBUG: <PixSetup.cc/init:L87> fPixTestParameters = 0x2636f20
[12:59:50.806]    DEBUG: <PixSetup.cc/init:L88>  fConfigParameters = 0x257a890
[12:59:50.806]    DEBUG: <PixSetup.cc/init:L89>        fPxarMemory = 0x7f63d1d94010
[12:59:50.806]    DEBUG: <PixSetup.cc/init:L90>         fPxarMemHi = 0x7f63d7fff510
[12:59:50.806]    DEBUG: <PixSetup.cc/init:L106> PixSetup init done;  getCurrentRSS() = 34799616 fPxarMemory = 0x7f63d1d94010
[12:59:51.295]    DEBUG: <PixGui.cc/hvOn:L457> HV set On: 0x2c115e0
[12:59:51.354]    DEBUG: <PixTestFactory.cc/PixTestFactory:L50> PixTestFactory::PixTestFactory()
[12:59:51.354]    DEBUG: <PixTestBBMap.cc/init:L78> PixTestBBMap::init()
[12:59:51.355]    DEBUG: <PixTestBBMap.cc/PixTestBBMap:L26> PixTestBBMap ctor(PixSetup &a, string, TGTab *)
[12:59:51.360]    DEBUG: <PixTestBB2Map.cc/setParameter:L57> setting fTargetIa    = 24 mA/ROC
[12:59:51.360]    DEBUG: <PixTestBB2Map.cc/init:L96> PixTestBB2Map::init()
[12:59:51.360]    DEBUG: <PixTestBB2Map.cc/PixTestBB2Map:L28> PixTestBB2Map ctor(PixSetup &a, string, TGTab *)
[12:59:51.368]    DEBUG: <PixTestDaq.cc/init:L43> PixTestDaq::init()
[12:59:51.368]    DEBUG: <PixTestDaq.cc/PixTestDaq:L21> PixTestDaq ctor(PixSetup &a, string, TGTab *)
[12:59:51.368]     INFO:       reading data/yhc691015sn3p35/phCalibrationFitErr_C0.dat
[12:59:51.368]    ERROR: <ConfigParameters.cc/readGainPedestalParameters:L953> cannot open data/yhc691015sn3p35/phCalibrationFitErr_C0.dat for reading PH calibration constants
[12:59:51.381]    DEBUG: <PixTestDacDacScan.cc/init:L102> PixTestDacDacScan::init()
[12:59:51.381]    DEBUG: <PixTestDacDacScan.cc/PixTestDacDacScan:L21> PixTestDacDacScan ctor(PixSetup &a, string, TGTab *)
[12:59:51.414]    DEBUG: <PixTestHighRate.cc/setParameter:L66>   setting fParTriggerFrequency -> 20
[12:59:51.414]    DEBUG: <PixTestHighRate.cc/init:L156> PixTestHighRate::init()
[12:59:51.414]    DEBUG: <PixTestHighRate.cc/PixTestHighRate:L29> PixTestHighRate ctor(PixSetup &a, string, TGTab *)
[12:59:51.414]     INFO:       reading data/yhc691015sn3p35/phCalibrationFitErr_C0.dat
[12:59:51.414]    ERROR: <ConfigParameters.cc/readGainPedestalParameters:L953> cannot open data/yhc691015sn3p35/phCalibrationFitErr_C0.dat for reading PH calibration constants
[12:59:51.432]    DEBUG: <PixTest.cc/setTestParameter:L577>  setting  ntrig to new value 10
[12:59:51.432]    DEBUG: <PixTestPhOptimization.cc/setParameter:L36>   setting fParNtrig  ->10<- from sval = 10
[12:59:51.432]    DEBUG: <PixTestPhOptimization.cc/setParameter:L41>   setting fSafetyMarginLow  ->20<- from sval = 20
[12:59:51.432]    DEBUG: <PixTestPhOptimization.cc/setParameter:L47>   setting fVcalMax  ->100<- from sval = 100
[12:59:51.432]    DEBUG: <PixTestPhOptimization.cc/setParameter:L52>   setting fQuantMax  ->0.98<- from sval = 0.98
[12:59:51.437]    DEBUG: <PixTestAlive.cc/init:L76> PixTestAlive::init()
[12:59:51.437]    DEBUG: <PixTestAlive.cc/PixTestAlive:L20> PixTestAlive ctor(PixSetup &a, string, TGTab *)
[12:59:51.455]    DEBUG: <PixTestReadback.cc/setParameter:L184> fCalwVd set to 1
[12:59:51.455]    DEBUG: <PixTestReadback.cc/init:L96> PixTestReadback::init()
[12:59:51.455]    DEBUG: <PixTestReadback.cc/PixTestReadback:L22> PixTestReadback ctor(PixSetup &a, string, TGTab *)
[12:59:51.455]     INFO:       reading data/yhc691015sn3p35/readbackCal_C0.dat
[12:59:51.455]     INFO:       reading data/yhc691015sn3p35/readbackCal_C1.dat
[12:59:51.455]     INFO:       reading data/yhc691015sn3p35/readbackCal_C2.dat
[12:59:51.455]     INFO:       reading data/yhc691015sn3p35/readbackCal_C3.dat
[12:59:51.455]     INFO:       reading data/yhc691015sn3p35/readbackCal_C4.dat
[12:59:51.455]     INFO:       reading data/yhc691015sn3p35/readbackCal_C5.dat
[12:59:51.455]     INFO:       reading data/yhc691015sn3p35/readbackCal_C6.dat
[12:59:51.455]     INFO:       reading data/yhc691015sn3p35/readbackCal_C7.dat
[12:59:51.455]     INFO:       reading data/yhc691015sn3p35/readbackCal_C8.dat
[12:59:51.456]     INFO:       reading data/yhc691015sn3p35/readbackCal_C9.dat
[12:59:51.456]     INFO:       reading data/yhc691015sn3p35/readbackCal_C10.dat
[12:59:51.456]     INFO:       reading data/yhc691015sn3p35/readbackCal_C11.dat
[12:59:51.456]     INFO:       reading data/yhc691015sn3p35/readbackCal_C12.dat
[12:59:51.456]     INFO:       reading data/yhc691015sn3p35/readbackCal_C13.dat
[12:59:51.456]     INFO:       reading data/yhc691015sn3p35/readbackCal_C14.dat
[12:59:51.456]     INFO:       reading data/yhc691015sn3p35/readbackCal_C15.dat
[12:59:51.456]     INFO:       reading data/yhc691015sn3p35/phCalibrationFitErr_C0.dat
[12:59:51.456]    ERROR: <ConfigParameters.cc/readGainPedestalParameters:L953> cannot open data/yhc691015sn3p35/phCalibrationFitErr_C0.dat for reading PH calibration constants
[12:59:51.466]    DEBUG: <PixTestTiming.cc/setParameter:L45> fFastScan: 0
[12:59:51.466]    DEBUG: <PixTestTiming.cc/setParameter:L50> PixTestTiming::PixTest() targetclk = 4
[12:59:51.466]    DEBUG: <PixTestTiming.cc/setParameter:L54> PixTestTiming::PixTest() ntrig = 10
[12:59:51.466]    DEBUG: <PixTestTiming.cc/init:L64> PixTestTiming::init()
[12:59:51.477]    DEBUG: <PixTestXray.cc/init:L132> PixTestXray::init()
[12:59:51.477]    DEBUG: <PixTestXray.cc/PixTestXray:L26> PixTestXray ctor(PixSetup &a, string, TGTab *)
[12:59:51.477]     INFO:       reading data/yhc691015sn3p35/phCalibrationFitErr_C0.dat
[12:59:51.477]    ERROR: <ConfigParameters.cc/readGainPedestalParameters:L953> cannot open data/yhc691015sn3p35/phCalibrationFitErr_C0.dat for reading PH calibration constants
[12:59:58.334]     INFO: ######################################################################
[12:59:58.334]     INFO: PixTestHighRate::doTest()
[12:59:58.335]     INFO: ######################################################################
[12:59:58.335]     INFO:    ----------------------------------------------------------------------
[12:59:58.335]     INFO:    PixTestHighRate::calDelScan() ntrig = 10, vcal = 200
[12:59:58.335]     INFO:    ----------------------------------------------------------------------
[12:59:59.415]     INFO: Test took 1076ms.
[12:59:59.418]     INFO:       reading data/yhc691015sn3p35/defaultMaskFile.dat
[12:59:59.418]     INFO: ROC 1 masking pixel 33/41
[12:59:59.418]     INFO: ROC 7 masking pixel 48/1
[12:59:59.418]     INFO: ROC 7 masking pixel 48/2
[12:59:59.418]     INFO: ROC 7 masking pixel 48/3
[12:59:59.418]     INFO: ROC 7 masking pixel 49/0
[12:59:59.418]     INFO: ROC 7 masking pixel 49/1
[12:59:59.418]     INFO: ROC 7 masking pixel 49/2
[12:59:59.418]     INFO: ROC 7 masking pixel 49/3
[12:59:59.418]     INFO: ROC 7 masking pixel 49/4
[12:59:59.418]     INFO: ROC 7 masking pixel 49/5
[12:59:59.418]     INFO: ROC 7 masking pixel 50/0
[12:59:59.419]     INFO: ROC 7 masking pixel 50/1
[12:59:59.419]     INFO: ROC 7 masking pixel 50/2
[12:59:59.419]     INFO: ROC 7 masking pixel 50/4
[12:59:59.419]     INFO: ROC 7 masking pixel 50/5
[12:59:59.419]     INFO: ROC 7 masking pixel 50/6
[12:59:59.419]     INFO: ROC 7 masking pixel 51/0
[12:59:59.419]     INFO: ROC 7 masking pixel 51/1
[12:59:59.419]     INFO: ROC 7 masking pixel 51/2
[12:59:59.419]     INFO: ROC 7 masking pixel 51/3
[12:59:59.419]     INFO: ROC 7 masking pixel 51/4
[12:59:59.419]     INFO: ROC 7 masking pixel 51/5
[12:59:59.419]     INFO: ROC 7 masking pixel 51/6
[12:59:59.419]     INFO: ROC 7 masking pixel 51/7
[12:59:59.419]     INFO: ROC 7 masking pixel 51/8
[12:59:59.419]     INFO: ROC 10 masking pixel 49/18
[12:59:59.419]     INFO: ROC 11 masking pixel 50/45
[12:59:59.419]  WARNING: Pattern generator does not contain a trigger signal. No data is expected from the DUT!
[13:00:03.581]     INFO: IGNORE THE WARNING ABOVE (resetROC sent)!
[13:00:03.785]    DEBUG: <PixTest.cc/xEfficiencyMaps:L1875>       attempt #0
[13:00:06.254]    ERROR: <datapipe.cc/DecodeDeser400:L294> Number of ROCs (3) != Token Chain Length (8)
[13:00:06.254]    ERROR: <datapipe.cc/DecodeDeser400:L294> Number of ROCs (6) != Token Chain Length (8)
[13:00:06.254]  WARNING: ROC 4: Readback start marker after 15 readouts!
[13:00:06.254]  WARNING: ROC 7: Readback start marker after 15 readouts!
[13:00:06.254]  WARNING: ROC 6: Readback start marker after 15 readouts!
[13:00:06.254]  WARNING: ROC 7: Readback start marker after 15 readouts!
[13:00:06.254]  WARNING: ROC 3: Readback start marker after 31 readouts!
[13:00:06.254]  WARNING: ROC 5: Readback start marker after 31 readouts!
[13:00:06.254]  WARNING: ROC 6: Readback start marker after 31 readouts!
[13:00:06.697]     INFO: Test took 2912ms.
[13:00:06.790]     INFO: Fetched DAQ statistics. Counters are being reset now.
[13:00:06.809]    DEBUG: <PixTest.cc/xEfficiencyMaps:L1936> Size of results from : PixTestHighRate::xEfficiencyMaps: 275418
[13:00:06.815]    DEBUG: <PixTest.cc/xEfficiencyMaps:L1875>       attempt #0
[13:00:09.851]     INFO: Test took 3036ms.
[13:00:09.952]     INFO: Fetched DAQ statistics. Counters are being reset now.
[13:00:09.972]    DEBUG: <PixTest.cc/xEfficiencyMaps:L1936> Size of results from : PixTestHighRate::xEfficiencyMaps: 286567
[13:00:09.978]    DEBUG: <PixTest.cc/xEfficiencyMaps:L1875>       attempt #0
[13:00:13.075]     INFO: Test took 3097ms.
[13:00:13.178]     INFO: Fetched DAQ statistics. Counters are being reset now.
[13:00:13.199]    DEBUG: <PixTest.cc/xEfficiencyMaps:L1936> Size of results from : PixTestHighRate::xEfficiencyMaps: 289450
[13:00:13.205]    DEBUG: <PixTest.cc/xEfficiencyMaps:L1875>       attempt #0
[13:00:16.315]     INFO: Test took 3110ms.
[13:00:16.419]     INFO: Fetched DAQ statistics. Counters are being reset now.
[13:00:16.440]    DEBUG: <PixTest.cc/xEfficiencyMaps:L1936> Size of results from : PixTestHighRate::xEfficiencyMaps: 291612
[13:00:16.446]    DEBUG: <PixTest.cc/xEfficiencyMaps:L1875>       attempt #0
[13:00:19.558]     INFO: Test took 3112ms.
[13:00:19.662]     INFO: Fetched DAQ statistics. Counters are being reset now.
[13:00:19.683]    DEBUG: <PixTest.cc/xEfficiencyMaps:L1936> Size of results from : PixTestHighRate::xEfficiencyMaps: 292002
[13:00:19.689]    DEBUG: <PixTest.cc/xEfficiencyMaps:L1875>       attempt #0
[13:00:21.686]    ERROR: <datapipe.cc/DecodeDeser400:L294> Number of ROCs (6) != Token Chain Length (8)
[13:00:21.686]  WARNING: ROC 6: Readback start marker after 15 readouts!
[13:00:21.686]  WARNING: ROC 7: Readback start marker after 15 readouts!
[13:00:22.803]     INFO: Test took 3114ms.
[13:00:22.907]     INFO: Fetched DAQ statistics. Counters are being reset now.
[13:00:22.928]    DEBUG: <PixTest.cc/xEfficiencyMaps:L1936> Size of results from : PixTestHighRate::xEfficiencyMaps: 291990
[13:00:22.934]    DEBUG: <PixTest.cc/xEfficiencyMaps:L1875>       attempt #0
[13:00:26.049]     INFO: Test took 3115ms.
[13:00:26.154]     INFO: Fetched DAQ statistics. Counters are being reset now.
[13:00:26.175]    DEBUG: <PixTest.cc/xEfficiencyMaps:L1936> Size of results from : PixTestHighRate::xEfficiencyMaps: 291651
[13:00:26.181]    DEBUG: <PixTest.cc/xEfficiencyMaps:L1875>       attempt #0
[13:00:29.285]     INFO: Test took 3104ms.
[13:00:29.390]     INFO: Fetched DAQ statistics. Counters are being reset now.
[13:00:29.411]    DEBUG: <PixTest.cc/xEfficiencyMaps:L1936> Size of results from : PixTestHighRate::xEfficiencyMaps: 291292
[13:00:29.417]    DEBUG: <PixTest.cc/xEfficiencyMaps:L1875>       attempt #0
[13:00:32.534]     INFO: Test took 3117ms.
[13:00:32.638]     INFO: Fetched DAQ statistics. Counters are being reset now.
[13:00:32.659]    DEBUG: <PixTest.cc/xEfficiencyMaps:L1936> Size of results from : PixTestHighRate::xEfficiencyMaps: 292012
[13:00:32.665]    DEBUG: <PixTest.cc/xEfficiencyMaps:L1875>       attempt #0
[13:00:35.781]     INFO: Test took 3116ms.
[13:00:35.885]     INFO: Fetched DAQ statistics. Counters are being reset now.
[13:00:35.906]    DEBUG: <PixTest.cc/xEfficiencyMaps:L1936> Size of results from : PixTestHighRate::xEfficiencyMaps: 290882
[13:00:35.912]    DEBUG: <PixTest.cc/xEfficiencyMaps:L1875>       attempt #0
[13:00:39.015]     INFO: Test took 3103ms.
[13:00:39.120]     INFO: Fetched DAQ statistics. Counters are being reset now.
[13:00:39.140]    DEBUG: <PixTest.cc/xEfficiencyMaps:L1936> Size of results from : PixTestHighRate::xEfficiencyMaps: 290795
[13:00:39.147]    DEBUG: <PixTest.cc/xEfficiencyMaps:L1875>       attempt #0
[13:00:42.261]     INFO: Test took 3114ms.
[13:00:42.366]     INFO: Fetched DAQ statistics. Counters are being reset now.
[13:00:42.386]    DEBUG: <PixTest.cc/xEfficiencyMaps:L1936> Size of results from : PixTestHighRate::xEfficiencyMaps: 290988
[13:00:42.392]    DEBUG: <PixTest.cc/xEfficiencyMaps:L1875>       attempt #0
[13:00:45.492]     INFO: Test took 3100ms.
[13:00:45.597]     INFO: Fetched DAQ statistics. Counters are being reset now.
[13:00:45.617]    DEBUG: <PixTest.cc/xEfficiencyMaps:L1936> Size of results from : PixTestHighRate::xEfficiencyMaps: 291741
[13:00:45.624]    DEBUG: <PixTest.cc/xEfficiencyMaps:L1875>       attempt #0
[13:00:48.741]     INFO: Test took 3117ms.
[13:00:48.845]     INFO: Fetched DAQ statistics. Counters are being reset now.
[13:00:48.866]    DEBUG: <PixTest.cc/xEfficiencyMaps:L1936> Size of results from : PixTestHighRate::xEfficiencyMaps: 291809
[13:00:48.872]    DEBUG: <PixTest.cc/xEfficiencyMaps:L1875>       attempt #0
[13:00:51.987]     INFO: Test took 3115ms.
[13:00:52.091]     INFO: Fetched DAQ statistics. Counters are being reset now.
[13:00:52.112]    DEBUG: <PixTest.cc/xEfficiencyMaps:L1936> Size of results from : PixTestHighRate::xEfficiencyMaps: 290958
[13:00:52.118]    DEBUG: <PixTest.cc/xEfficiencyMaps:L1875>       attempt #0
[13:00:55.228]     INFO: Test took 3110ms.
[13:00:55.333]     INFO: Fetched DAQ statistics. Counters are being reset now.
[13:00:55.353]    DEBUG: <PixTest.cc/xEfficiencyMaps:L1936> Size of results from : PixTestHighRate::xEfficiencyMaps: 291618
[13:00:55.359]    DEBUG: <PixTest.cc/xEfficiencyMaps:L1875>       attempt #0
[13:00:58.463]     INFO: Test took 3104ms.
[13:00:58.568]     INFO: Fetched DAQ statistics. Counters are being reset now.
[13:00:58.588]    DEBUG: <PixTest.cc/xEfficiencyMaps:L1936> Size of results from : PixTestHighRate::xEfficiencyMaps: 290943
[13:00:58.596]    DEBUG: <PixTest.cc/xEfficiencyMaps:L1875>       attempt #0
[13:01:01.700]     INFO: Test took 3104ms.
[13:01:01.805]     INFO: Fetched DAQ statistics. Counters are being reset now.
[13:01:01.826]    DEBUG: <PixTest.cc/xEfficiencyMaps:L1936> Size of results from : PixTestHighRate::xEfficiencyMaps: 291569
[13:01:01.832]    DEBUG: <PixTest.cc/xEfficiencyMaps:L1875>       attempt #0
[13:01:04.916]     INFO: Test took 3084ms.
[13:01:05.019]     INFO: Fetched DAQ statistics. Counters are being reset now.
[13:01:05.040]    DEBUG: <PixTest.cc/xEfficiencyMaps:L1936> Size of results from : PixTestHighRate::xEfficiencyMaps: 289646
[13:01:05.046]    DEBUG: <PixTest.cc/xEfficiencyMaps:L1875>       attempt #0
[13:01:06.925]    ERROR: <datapipe.cc/DecodeDeser400:L294> Number of ROCs (5) != Token Chain Length (8)
[13:01:06.925]    ERROR: <datapipe.cc/DecodeDeser400:L294> Number of ROCs (6) != Token Chain Length (8)
[13:01:06.926]  WARNING: ROC 5: Readback start marker after 15 readouts!
[13:01:06.926]  WARNING: ROC 6: Readback start marker after 15 readouts!
[13:01:06.926]  WARNING: ROC 7: Readback start marker after 15 readouts!
[13:01:06.926]  WARNING: ROC 6: Readback start marker after 15 readouts!
[13:01:06.926]  WARNING: ROC 7: Readback start marker after 15 readouts!
[13:01:08.060]     INFO: Test took 3014ms.
[13:01:08.161]     INFO: Fetched DAQ statistics. Counters are being reset now.
[13:01:08.181]    DEBUG: <PixTest.cc/xEfficiencyMaps:L1936> Size of results from : PixTestHighRate::xEfficiencyMaps: 285291
[13:01:08.403]    DEBUG: <PixTestHighRate.cc/doCalDelScan:L378> roc  0: caldel = 121 eff = 0.999808
[13:01:08.404]    DEBUG: <PixTestHighRate.cc/doCalDelScan:L378> roc  1: caldel = 135 eff = 0.999663
[13:01:08.404]    DEBUG: <PixTestHighRate.cc/doCalDelScan:L378> roc  2: caldel = 119 eff = 0.999856
[13:01:08.404]    DEBUG: <PixTestHighRate.cc/doCalDelScan:L378> roc  3: caldel = 126 eff = 0.999399
[13:01:08.404]    DEBUG: <PixTestHighRate.cc/doCalDelScan:L378> roc  4: caldel = 136 eff = 0.999375
[13:01:08.404]    DEBUG: <PixTestHighRate.cc/doCalDelScan:L378> roc  5: caldel = 162 eff = 0.999063
[13:01:08.404]    DEBUG: <PixTestHighRate.cc/doCalDelScan:L378> roc  6: caldel = 108 eff = 0.999543
[13:01:08.404]    DEBUG: <PixTestHighRate.cc/doCalDelScan:L378> roc  7: caldel = 108 eff = 0.993942
[13:01:08.404]    DEBUG: <PixTestHighRate.cc/doCalDelScan:L378> roc  8: caldel = 142 eff = 0.999952
[13:01:08.405]    DEBUG: <PixTestHighRate.cc/doCalDelScan:L378> roc  9: caldel = 126 eff = 0.999832
[13:01:08.405]    DEBUG: <PixTestHighRate.cc/doCalDelScan:L378> roc 10: caldel = 124 eff = 0.999231
[13:01:08.405]    DEBUG: <PixTestHighRate.cc/doCalDelScan:L378> roc 11: caldel = 126 eff = 0.999519
[13:01:08.405]    DEBUG: <PixTestHighRate.cc/doCalDelScan:L378> roc 12: caldel = 107 eff = 0.999663
[13:01:08.405]    DEBUG: <PixTestHighRate.cc/doCalDelScan:L378> roc 13: caldel = 112 eff = 0.999591
[13:01:08.405]    DEBUG: <PixTestHighRate.cc/doCalDelScan:L378> roc 14: caldel = 131 eff = 0.999808
[13:01:08.405]    DEBUG: <PixTestHighRate.cc/doCalDelScan:L378> roc 15: caldel = 121 eff = 0.99988
[13:01:08.455]     INFO:    ----------------------------------------------------------------------
[13:01:08.455]     INFO:    PixTestHighRate::xPixelAlive() ntrig = 5, vcal = 200
[13:01:08.455]     INFO:    ----------------------------------------------------------------------
[13:01:08.455]    DEBUG: <PixTestHighRate.cc/doXPixelAlive:L406>  old set: clk: 4
[13:01:08.455]    DEBUG: <PixTestHighRate.cc/doXPixelAlive:L406>  old set: ctr: 4
[13:01:08.455]    DEBUG: <PixTestHighRate.cc/doXPixelAlive:L406>  old set: sda: 19
[13:01:08.455]    DEBUG: <PixTestHighRate.cc/doXPixelAlive:L406>  old set: tin: 9
[13:01:08.455]    DEBUG: <PixTestHighRate.cc/doXPixelAlive:L406>  old set: level: 15
[13:01:08.455]    DEBUG: <PixTestHighRate.cc/doXPixelAlive:L406>  old set: triggerdelay: 0
[13:01:08.455]    DEBUG: <PixTestHighRate.cc/doXPixelAlive:L422>  setting: clk: 4
[13:01:08.455]    DEBUG: <PixTestHighRate.cc/doXPixelAlive:L422>  setting: ctr: 4
[13:01:08.455]    DEBUG: <PixTestHighRate.cc/doXPixelAlive:L422>  setting: sda: 19
[13:01:08.455]    DEBUG: <PixTestHighRate.cc/doXPixelAlive:L422>  setting: tin: 9
[13:01:08.455]    DEBUG: <PixTestHighRate.cc/doXPixelAlive:L422>  setting: level: 15
[13:01:08.455]    DEBUG: <PixTestHighRate.cc/doXPixelAlive:L422>  setting: triggerdelay: 100
[13:01:08.499]     INFO:       reading data/yhc691015sn3p35/defaultMaskFile.dat
[13:01:08.499]     INFO: ROC 1 masking pixel 33/41
[13:01:08.499]     INFO: ROC 7 masking pixel 48/1
[13:01:08.499]     INFO: ROC 7 masking pixel 48/2
[13:01:08.499]     INFO: ROC 7 masking pixel 48/3
[13:01:08.499]     INFO: ROC 7 masking pixel 49/0
[13:01:08.499]     INFO: ROC 7 masking pixel 49/1
[13:01:08.499]     INFO: ROC 7 masking pixel 49/2
[13:01:08.499]     INFO: ROC 7 masking pixel 49/3
[13:01:08.499]     INFO: ROC 7 masking pixel 49/4
[13:01:08.499]     INFO: ROC 7 masking pixel 49/5
[13:01:08.499]     INFO: ROC 7 masking pixel 50/0
[13:01:08.499]     INFO: ROC 7 masking pixel 50/1
[13:01:08.499]     INFO: ROC 7 masking pixel 50/2
[13:01:08.500]     INFO: ROC 7 masking pixel 50/4
[13:01:08.500]     INFO: ROC 7 masking pixel 50/5
[13:01:08.500]     INFO: ROC 7 masking pixel 50/6
[13:01:08.500]     INFO: ROC 7 masking pixel 51/0
[13:01:08.500]     INFO: ROC 7 masking pixel 51/1
[13:01:08.500]     INFO: ROC 7 masking pixel 51/2
[13:01:08.500]     INFO: ROC 7 masking pixel 51/3
[13:01:08.500]     INFO: ROC 7 masking pixel 51/4
[13:01:08.500]     INFO: ROC 7 masking pixel 51/5
[13:01:08.500]     INFO: ROC 7 masking pixel 51/6
[13:01:08.500]     INFO: ROC 7 masking pixel 51/7
[13:01:08.500]     INFO: ROC 7 masking pixel 51/8
[13:01:08.500]     INFO: ROC 10 masking pixel 49/18
[13:01:08.500]     INFO: ROC 11 masking pixel 50/45
[13:01:08.500]  WARNING: Pattern generator does not contain a trigger signal. No data is expected from the DUT!
[13:01:12.504]     INFO: IGNORE THE WARNING ABOVE (resetROC sent)!
[13:01:12.699]    DEBUG: <PixTest.cc/xEfficiencyMaps:L1875>       attempt #0
[13:01:15.614]     INFO: Test took 2915ms.
[13:01:15.675]     INFO: Fetched DAQ statistics. Counters are being reset now.
[13:01:15.689]    DEBUG: <PixTest.cc/xEfficiencyMaps:L1936> Size of results from : PixTestHighRate::xEfficiencyMaps: 178808
[13:01:15.923]     INFO: number of dead pixels (per ROC):     0    1    0    0    0    0    0   25    0    0    1    1    0    1    0    0
[13:01:15.923]     INFO: number of red-efficiency pixels:     5    7    7   17   19   27   11   28    2    6   11    5    4    7    7    5
[13:01:15.923]     INFO: number of X-ray hits detected:    5630 3415 4175 13143 12082 14426 10409 1670 2919 6647 10044 6295 7143 4095 5623 4561
[13:01:15.923]     INFO: number of triggers sent (total per ROC):  20800 20800 20800 20800 20800 20800 20800 20800 20800 20800 20800 20800 20800 20800 20800 20800
[13:01:15.923]     INFO: number of Vcal hits detected:  20795 20789 20793 20783 20780 20773 20789 20672 20798 20794 20785 20791 20796 20789 20793 20795
[13:01:15.923]     INFO: Vcal hit fiducial efficiency (%):  100.0 100.0 100.0 99.9 99.9 99.9 99.9 100.0 100.0 100.0 99.9 100.0 100.0 100.0 100.0 100.0
[13:01:15.923]     INFO: Vcal hit overall efficiency (%):  100.0 99.9 100.0 99.9 99.9 99.9 99.9 99.4 100.0 100.0 99.9 100.0 100.0 99.9 100.0 100.0
[13:01:15.923]     INFO: X-ray hit rate [MHz/cm2]:  16.5 10.0 12.2 38.5 35.4 42.3 30.5 4.9 8.6 19.5 29.4 18.5 20.9 12.0 16.5 13.4
[13:01:15.923]     INFO: PixTestHighRate::doXPixelAlive() done
[13:01:15.961]    DEBUG: <PixTestHighRate.cc/doXPixelAlive:L541>  resetting: clk: 4
[13:01:15.961]    DEBUG: <PixTestHighRate.cc/doXPixelAlive:L541>  resetting: ctr: 4
[13:01:15.961]    DEBUG: <PixTestHighRate.cc/doXPixelAlive:L541>  resetting: sda: 19
[13:01:15.961]    DEBUG: <PixTestHighRate.cc/doXPixelAlive:L541>  resetting: tin: 9
[13:01:15.961]    DEBUG: <PixTestHighRate.cc/doXPixelAlive:L541>  resetting: level: 15
[13:01:15.961]    DEBUG: <PixTestHighRate.cc/doXPixelAlive:L541>  resetting: triggerdelay: 0
[13:01:15.961]     INFO: PixTest::       pg_setup set to default.
[13:01:15.961]     INFO:    ----------------------------------------------------------------------
[13:01:15.961]     INFO:    PixTestHighRate::runDaq() running for 5 seconds
[13:01:15.961]     INFO:    ----------------------------------------------------------------------
[13:01:15.998]     INFO:       reading data/yhc691015sn3p35/defaultMaskFile.dat
[13:01:15.998]     INFO: ROC 1 masking pixel 33/41
[13:01:15.998]     INFO: ROC 7 masking pixel 48/1
[13:01:15.998]     INFO: ROC 7 masking pixel 48/2
[13:01:15.998]     INFO: ROC 7 masking pixel 48/3
[13:01:15.998]     INFO: ROC 7 masking pixel 49/0
[13:01:15.998]     INFO: ROC 7 masking pixel 49/1
[13:01:15.998]     INFO: ROC 7 masking pixel 49/2
[13:01:15.998]     INFO: ROC 7 masking pixel 49/3
[13:01:15.998]     INFO: ROC 7 masking pixel 49/4
[13:01:15.998]     INFO: ROC 7 masking pixel 49/5
[13:01:15.998]     INFO: ROC 7 masking pixel 50/0
[13:01:15.998]     INFO: ROC 7 masking pixel 50/1
[13:01:15.998]     INFO: ROC 7 masking pixel 50/2
[13:01:15.998]     INFO: ROC 7 masking pixel 50/4
[13:01:15.998]     INFO: ROC 7 masking pixel 50/5
[13:01:15.998]     INFO: ROC 7 masking pixel 50/6
[13:01:15.998]     INFO: ROC 7 masking pixel 51/0
[13:01:15.998]     INFO: ROC 7 masking pixel 51/1
[13:01:15.998]     INFO: ROC 7 masking pixel 51/2
[13:01:15.998]     INFO: ROC 7 masking pixel 51/3
[13:01:15.998]     INFO: ROC 7 masking pixel 51/4
[13:01:15.998]     INFO: ROC 7 masking pixel 51/5
[13:01:15.998]     INFO: ROC 7 masking pixel 51/6
[13:01:15.998]     INFO: ROC 7 masking pixel 51/7
[13:01:15.998]     INFO: ROC 7 masking pixel 51/8
[13:01:15.998]     INFO: ROC 10 masking pixel 49/18
[13:01:15.998]     INFO: ROC 11 masking pixel 50/45
[13:01:15.998]    DEBUG: <PixTestHighRate.cc/doRunDaq:L583>  old set: clk: 4
[13:01:15.998]    DEBUG: <PixTestHighRate.cc/doRunDaq:L583>  old set: ctr: 4
[13:01:15.998]    DEBUG: <PixTestHighRate.cc/doRunDaq:L583>  old set: sda: 19
[13:01:15.998]    DEBUG: <PixTestHighRate.cc/doRunDaq:L583>  old set: tin: 9
[13:01:15.998]    DEBUG: <PixTestHighRate.cc/doRunDaq:L583>  old set: level: 15
[13:01:15.998]    DEBUG: <PixTestHighRate.cc/doRunDaq:L583>  old set: triggerdelay: 0
[13:01:15.998]    DEBUG: <PixTestHighRate.cc/doRunDaq:L599>  setting: clk: 4
[13:01:15.998]    DEBUG: <PixTestHighRate.cc/doRunDaq:L599>  setting: ctr: 4
[13:01:15.998]    DEBUG: <PixTestHighRate.cc/doRunDaq:L599>  setting: sda: 19
[13:01:15.998]    DEBUG: <PixTestHighRate.cc/doRunDaq:L599>  setting: tin: 9
[13:01:15.998]    DEBUG: <PixTestHighRate.cc/doRunDaq:L599>  setting: level: 15
[13:01:15.998]    DEBUG: <PixTestHighRate.cc/doRunDaq:L599>  setting: triggerdelay: 100
[13:01:15.998]  WARNING: Pattern generator does not contain a trigger signal. No data is expected from the DUT!
[13:01:16.970]     INFO: IGNORE THE WARNING ABOVE (resetROC sent)!
[13:01:18.146]     INFO: PixTestHighRate::doHitMap start TriggerLoop with trigger frequency 20 kHz, period 2011 and duration 5 seconds
[13:01:23.150]     INFO: data taking finished, elapsed time: 5 seconds.
[13:01:25.128]    DEBUG: <PixTestHighRate.cc/fillMap:L699> Processing Data: 99480 events with 530492 pixels
[13:01:25.152]     INFO: PixTest::       pg_setup set to default.
[13:01:25.180]    DEBUG: <PixTestHighRate.cc/doRunDaq:L617> analyzing hitMap_daqbbtest_C0_V0
[13:01:25.181]    DEBUG: <PixTestHighRate.cc/doRunDaq:L617> analyzing hitMap_daqbbtest_C1_V0
[13:01:25.181]    DEBUG: <PixTestHighRate.cc/doRunDaq:L617> analyzing hitMap_daqbbtest_C2_V0
[13:01:25.181]    DEBUG: <PixTestHighRate.cc/doRunDaq:L617> analyzing hitMap_daqbbtest_C3_V0
[13:01:25.181]    DEBUG: <PixTestHighRate.cc/doRunDaq:L617> analyzing hitMap_daqbbtest_C4_V0
[13:01:25.181]    DEBUG: <PixTestHighRate.cc/doRunDaq:L617> analyzing hitMap_daqbbtest_C5_V0
[13:01:25.181]    DEBUG: <PixTestHighRate.cc/doRunDaq:L617> analyzing hitMap_daqbbtest_C6_V0
[13:01:25.181]    DEBUG: <PixTestHighRate.cc/doRunDaq:L617> analyzing hitMap_daqbbtest_C7_V0
[13:01:25.181]    DEBUG: <PixTestHighRate.cc/doRunDaq:L617> analyzing hitMap_daqbbtest_C8_V0
[13:01:25.182]    DEBUG: <PixTestHighRate.cc/doRunDaq:L617> analyzing hitMap_daqbbtest_C9_V0
[13:01:25.182]    DEBUG: <PixTestHighRate.cc/doRunDaq:L617> analyzing hitMap_daqbbtest_C10_V0
[13:01:25.182]    DEBUG: <PixTestHighRate.cc/doRunDaq:L617> analyzing hitMap_daqbbtest_C11_V0
[13:01:25.182]    DEBUG: <PixTestHighRate.cc/doRunDaq:L617> analyzing hitMap_daqbbtest_C12_V0
[13:01:25.182]    DEBUG: <PixTestHighRate.cc/doRunDaq:L617> analyzing hitMap_daqbbtest_C13_V0
[13:01:25.182]    DEBUG: <PixTestHighRate.cc/doRunDaq:L617> analyzing hitMap_daqbbtest_C14_V0
[13:01:25.182]    DEBUG: <PixTestHighRate.cc/doRunDaq:L617> analyzing hitMap_daqbbtest_C15_V0
[13:01:25.182]    DEBUG: <PixTestHighRate.cc/doRunDaq:L629>  resetting: clk: 4
[13:01:25.182]    DEBUG: <PixTestHighRate.cc/doRunDaq:L629>  resetting: ctr: 4
[13:01:25.182]    DEBUG: <PixTestHighRate.cc/doRunDaq:L629>  resetting: sda: 19
[13:01:25.182]    DEBUG: <PixTestHighRate.cc/doRunDaq:L629>  resetting: tin: 9
[13:01:25.182]    DEBUG: <PixTestHighRate.cc/doRunDaq:L629>  resetting: level: 15
[13:01:25.182]    DEBUG: <PixTestHighRate.cc/doRunDaq:L629>  resetting: triggerdelay: 0
[13:01:25.182]     INFO: Pixels without X-ray hits (per ROC):   627   941   826   102   109    80    98  2390  2030   143   113  1177  1898   688   753   627 
[13:01:25.183]     INFO: PixTestHighRate::doRunDaq() done
[13:01:25.183]     INFO: PixTestHighRate::doTest() done 
[13:01:54.726]    DEBUG: <PixTest.cc/moduleMap:L943> moduleMap histname: what
[13:01:54.727]    DEBUG: <PixTest.cc/moduleMap:L953> h1->GetName() = hitMap_daqbbtest_C13_V0 -> hitMap_daqbbtest_mod
[13:02:00.239]    DEBUG: <PixGui.cc/handleButtons:L393> PixGui::exit called
[13:02:00.239]    DEBUG: <PixTestBBMap.cc/~PixTestBBMap:L96> PixTestBBMap dtor
[13:02:00.239]    DEBUG: <PixTestBB2Map.cc/~PixTestBB2Map:L114> PixTestBB2Map dtor
[13:02:00.239]    DEBUG: <PixTestDaq.cc/~PixTestDaq:L36> PixTestDaq dtor
[13:02:00.239]    DEBUG: <PixTestDacDacScan.cc/~PixTestDacDacScan:L135> PixTestDacDacScan dtor
[13:02:00.239]    DEBUG: <PixTestDacScan.cc/~PixTestDacScan:L115> PixTestDacScan dtor
[13:02:00.239]    DEBUG: <PixTestGainPedestal.cc/~PixTestGainPedestal:L121> PixTestGainPedestal dtor
[13:02:00.239]    DEBUG: <PixTestHighRate.cc/~PixTestHighRate:L203> PixTestHighRate dtor
[13:02:00.333]    DEBUG: <PixTestIV.cc/~PixTestIV:L96> PixTestIV dtor
[13:02:00.334]    DEBUG: <PixTestAlive.cc/~PixTestAlive:L108> PixTestAlive dtor
[13:02:00.334]    DEBUG: <PixTestPretest.cc/~PixTestPretest:L133> PixTestPretest dtor
[13:02:00.334]    DEBUG: <PixTestReadback.cc/~PixTestReadback:L89> PixTestReadback dtor, saving tree ... 
[13:02:00.334]    DEBUG: <PixTestScurves.cc/~PixTestScurves:L127> PixTestScurves dtor
[13:02:00.334]    DEBUG: <PixTestTiming.cc/~PixTestTiming:L87> PixTestTiming dtor
[13:02:00.334]    DEBUG: <PixTestTrim.cc/~PixTestTrim:L103> PixTestTrim dtor
[13:02:00.334]    DEBUG: <PixTestXray.cc/~PixTestXray:L215> PixTestXray dtor
[13:02:00.337]    QUIET: Connection to board 58 closed.
[13:02:00.338]    DEBUG: <PixMonitor.cc/dumpSummaries:L34> PixMonitor::dumpSummaries
