[12:57:43.220]     INFO: *** Welcome to pxar ***
[12:57:43.220]     INFO: *** Today: 2015/07/06
[12:57:43.220]     INFO:       reading data/yhc691015sn3p35/dacParameters_C0.dat
[12:57:43.220]     INFO:       reading data/yhc691015sn3p35/dacParameters_C1.dat
[12:57:43.220]     INFO:       reading data/yhc691015sn3p35/dacParameters_C2.dat
[12:57:43.220]     INFO:       reading data/yhc691015sn3p35/dacParameters_C3.dat
[12:57:43.220]     INFO:       reading data/yhc691015sn3p35/dacParameters_C4.dat
[12:57:43.220]     INFO:       reading data/yhc691015sn3p35/dacParameters_C5.dat
[12:57:43.220]     INFO:       reading data/yhc691015sn3p35/dacParameters_C6.dat
[12:57:43.221]     INFO:       reading data/yhc691015sn3p35/dacParameters_C7.dat
[12:57:43.221]     INFO:       reading data/yhc691015sn3p35/dacParameters_C8.dat
[12:57:43.221]     INFO:       reading data/yhc691015sn3p35/dacParameters_C9.dat
[12:57:43.221]     INFO:       reading data/yhc691015sn3p35/dacParameters_C10.dat
[12:57:43.221]     INFO:       reading data/yhc691015sn3p35/dacParameters_C11.dat
[12:57:43.221]     INFO:       reading data/yhc691015sn3p35/dacParameters_C12.dat
[12:57:43.221]     INFO:       reading data/yhc691015sn3p35/dacParameters_C13.dat
[12:57:43.221]     INFO:       reading data/yhc691015sn3p35/dacParameters_C14.dat
[12:57:43.221]     INFO:       reading data/yhc691015sn3p35/dacParameters_C15.dat
[12:57:43.221]     INFO:       reading data/yhc691015sn3p35/tbmParameters_C0a.dat
[12:57:43.221]     INFO:       reading data/yhc691015sn3p35/tbmParameters_C0b.dat
[12:57:43.221]     INFO:       reading data/yhc691015sn3p35/defaultMaskFile.dat
[12:57:43.221]     INFO: MASKED Roc 1 col/row: 33 41
[12:57:43.221]     INFO: MASKED Roc 7 col/row: 48 1
[12:57:43.221]     INFO: MASKED Roc 7 col/row: 48 2
[12:57:43.221]     INFO: MASKED Roc 7 col/row: 48 3
[12:57:43.221]     INFO: MASKED Roc 7 col/row: 49 0
[12:57:43.221]     INFO: MASKED Roc 7 col/row: 49 1
[12:57:43.221]     INFO: MASKED Roc 7 col/row: 49 2
[12:57:43.221]     INFO: MASKED Roc 7 col/row: 49 3
[12:57:43.221]     INFO: MASKED Roc 7 col/row: 49 4
[12:57:43.221]     INFO: MASKED Roc 7 col/row: 49 5
[12:57:43.221]     INFO: MASKED Roc 7 col/row: 50 0
[12:57:43.221]     INFO: MASKED Roc 7 col/row: 50 1
[12:57:43.221]     INFO: MASKED Roc 7 col/row: 50 2
[12:57:43.221]     INFO: MASKED Roc 7 col/row: 50 4
[12:57:43.221]     INFO: MASKED Roc 7 col/row: 50 5
[12:57:43.221]     INFO: MASKED Roc 7 col/row: 50 6
[12:57:43.221]     INFO: MASKED Roc 7 col/row: 51 0
[12:57:43.221]     INFO: MASKED Roc 7 col/row: 51 1
[12:57:43.221]     INFO: MASKED Roc 7 col/row: 51 2
[12:57:43.222]     INFO: MASKED Roc 7 col/row: 51 3
[12:57:43.222]     INFO: MASKED Roc 7 col/row: 51 4
[12:57:43.222]     INFO: MASKED Roc 7 col/row: 51 5
[12:57:43.222]     INFO: MASKED Roc 7 col/row: 51 6
[12:57:43.222]     INFO: MASKED Roc 7 col/row: 51 7
[12:57:43.222]     INFO: MASKED Roc 7 col/row: 51 8
[12:57:43.222]     INFO: MASKED Roc 10 col/row: 49 18
[12:57:43.222]     INFO: MASKED Roc 11 col/row: 50 45
[12:57:43.222]     INFO:       reading data/yhc691015sn3p35/trimParameters_C0.dat
[12:57:43.228]     INFO:   masking Roc 1 col/row: 33 41
[12:57:43.228]     INFO:       reading data/yhc691015sn3p35/trimParameters_C1.dat
[12:57:43.235]     INFO:       reading data/yhc691015sn3p35/trimParameters_C2.dat
[12:57:43.241]     INFO:       reading data/yhc691015sn3p35/trimParameters_C3.dat
[12:57:43.247]     INFO:       reading data/yhc691015sn3p35/trimParameters_C4.dat
[12:57:43.254]     INFO:       reading data/yhc691015sn3p35/trimParameters_C5.dat
[12:57:43.260]     INFO:       reading data/yhc691015sn3p35/trimParameters_C6.dat
[12:57:43.267]     INFO:   masking Roc 7 col/row: 48 1
[12:57:43.267]     INFO:   masking Roc 7 col/row: 48 2
[12:57:43.267]     INFO:   masking Roc 7 col/row: 48 3
[12:57:43.267]     INFO:   masking Roc 7 col/row: 49 0
[12:57:43.267]     INFO:   masking Roc 7 col/row: 49 1
[12:57:43.267]     INFO:   masking Roc 7 col/row: 49 2
[12:57:43.267]     INFO:   masking Roc 7 col/row: 49 3
[12:57:43.267]     INFO:   masking Roc 7 col/row: 49 4
[12:57:43.267]     INFO:   masking Roc 7 col/row: 49 5
[12:57:43.267]     INFO:   masking Roc 7 col/row: 50 0
[12:57:43.267]     INFO:   masking Roc 7 col/row: 50 1
[12:57:43.267]     INFO:   masking Roc 7 col/row: 50 2
[12:57:43.267]     INFO:   masking Roc 7 col/row: 50 4
[12:57:43.267]     INFO:   masking Roc 7 col/row: 50 5
[12:57:43.267]     INFO:   masking Roc 7 col/row: 50 6
[12:57:43.267]     INFO:   masking Roc 7 col/row: 51 0
[12:57:43.267]     INFO:   masking Roc 7 col/row: 51 1
[12:57:43.267]     INFO:   masking Roc 7 col/row: 51 2
[12:57:43.267]     INFO:   masking Roc 7 col/row: 51 3
[12:57:43.267]     INFO:   masking Roc 7 col/row: 51 4
[12:57:43.267]     INFO:   masking Roc 7 col/row: 51 5
[12:57:43.267]     INFO:   masking Roc 7 col/row: 51 6
[12:57:43.267]     INFO:   masking Roc 7 col/row: 51 7
[12:57:43.267]     INFO:   masking Roc 7 col/row: 51 8
[12:57:43.267]     INFO:       reading data/yhc691015sn3p35/trimParameters_C7.dat
[12:57:43.273]     INFO:       reading data/yhc691015sn3p35/trimParameters_C8.dat
[12:57:43.280]     INFO:       reading data/yhc691015sn3p35/trimParameters_C9.dat
[12:57:43.286]     INFO:   masking Roc 10 col/row: 49 18
[12:57:43.286]     INFO:       reading data/yhc691015sn3p35/trimParameters_C10.dat
[12:57:43.293]     INFO:   masking Roc 11 col/row: 50 45
[12:57:43.293]     INFO:       reading data/yhc691015sn3p35/trimParameters_C11.dat
[12:57:43.299]     INFO:       reading data/yhc691015sn3p35/trimParameters_C12.dat
[12:57:43.305]     INFO:       reading data/yhc691015sn3p35/trimParameters_C13.dat
[12:57:43.312]     INFO:       reading data/yhc691015sn3p35/trimParameters_C14.dat
[12:57:43.318]     INFO:       reading data/yhc691015sn3p35/trimParameters_C15.dat
[12:57:43.324]     INFO:       reading data/yhc691015sn3p35/tbParameters.dat
[12:57:43.324]     INFO:         clk: 4
[12:57:43.324]     INFO:         ctr: 4
[12:57:43.324]     INFO:         sda: 19
[12:57:43.324]     INFO:         tin: 9
[12:57:43.324]     INFO:         level: 15
[12:57:43.324]     INFO:         triggerdelay: 0
[12:57:43.324]    QUIET: Instanciating API for pxar v1.9.0
[12:57:43.324]     INFO: Log level: DEBUG
[12:57:43.338]    QUIET: Connection to board DTB_WRPRHI opened.
[12:57:43.341]     INFO: DTB startup information
--- DTB info------------------------------------------
Board id:    58
HW version:  DTB1.2
FW version:  3.2
SW version:  3.6
USB id:      DTB_WRPRHI
MAC address: 40D85511803A
Hostname:    pixelDTB058
Comment:     
------------------------------------------------------
[12:57:43.345]     INFO: RPC call hashes of host and DTB match: 413001178
[12:57:44.954]     INFO: DUT info: 
[12:57:44.954]     INFO: The DUT currently contains the following objects:
[12:57:44.954]     INFO:  2 TBM Cores (2 ON)
[12:57:44.954]     INFO: 	TBM Core alpha (0): 7 registers set
[12:57:44.954]     INFO: 	TBM Core beta  (1): 7 registers set
[12:57:44.954]     INFO: 16 ROCs (16 ON) with 4160 pixelConfigs
[12:57:44.954]     INFO: 	ROC 0: 19 DACs set, Pixels: 0 masked, 4160 active.
[12:57:44.954]     INFO: 	ROC 1: 19 DACs set, Pixels: 1 masked, 4160 active.
[12:57:44.954]     INFO: 	ROC 2: 19 DACs set, Pixels: 0 masked, 4160 active.
[12:57:44.954]     INFO: 	ROC 3: 19 DACs set, Pixels: 0 masked, 4160 active.
[12:57:44.954]     INFO: 	ROC 4: 19 DACs set, Pixels: 0 masked, 4160 active.
[12:57:44.954]     INFO: 	ROC 5: 19 DACs set, Pixels: 0 masked, 4160 active.
[12:57:44.954]     INFO: 	ROC 6: 19 DACs set, Pixels: 0 masked, 4160 active.
[12:57:44.954]     INFO: 	ROC 7: 19 DACs set, Pixels: 24 masked, 4160 active.
[12:57:44.954]     INFO: 	ROC 8: 19 DACs set, Pixels: 0 masked, 4160 active.
[12:57:44.955]     INFO: 	ROC 9: 19 DACs set, Pixels: 0 masked, 4160 active.
[12:57:44.955]     INFO: 	ROC 10: 19 DACs set, Pixels: 1 masked, 4160 active.
[12:57:44.955]     INFO: 	ROC 11: 19 DACs set, Pixels: 1 masked, 4160 active.
[12:57:44.955]     INFO: 	ROC 12: 19 DACs set, Pixels: 0 masked, 4160 active.
[12:57:44.955]     INFO: 	ROC 13: 19 DACs set, Pixels: 0 masked, 4160 active.
[12:57:44.955]     INFO: 	ROC 14: 19 DACs set, Pixels: 0 masked, 4160 active.
[12:57:44.955]     INFO: 	ROC 15: 19 DACs set, Pixels: 0 masked, 4160 active.
[12:57:44.955]    DEBUG: <PixTestParameters.cc/dump:L104> PixTestParameters: ->BB<-
[12:57:44.955]    DEBUG: <PixTestParameters.cc/dump:L107>   dumpall: checkbox(0)
[12:57:44.955]    DEBUG: <PixTestParameters.cc/dump:L107>   dumpproblematic: checkbox(0)
[12:57:44.955]    DEBUG: <PixTestParameters.cc/dump:L107>   ntrig: 5
[12:57:44.955]    DEBUG: <PixTestParameters.cc/dump:L107>   vcals: 250
[12:57:44.955]    DEBUG: <PixTestParameters.cc/dump:L104> PixTestParameters: ->BB2<-
[12:57:44.955]    DEBUG: <PixTestParameters.cc/dump:L107>   ntrig: 10
[12:57:44.955]    DEBUG: <PixTestParameters.cc/dump:L107>   vcals: 222
[12:57:44.955]    DEBUG: <PixTestParameters.cc/dump:L107>   plwidth: 35
[12:57:44.955]    DEBUG: <PixTestParameters.cc/dump:L107>   pix: 11,20
[12:57:44.955]    DEBUG: <PixTestParameters.cc/dump:L107>   targetia: 24
[12:57:44.955]    DEBUG: <PixTestParameters.cc/dump:L104> PixTestParameters: ->DAQ<-
[12:57:44.955]    DEBUG: <PixTestParameters.cc/dump:L107>   delaytbm: checkbox
[12:57:44.955]    DEBUG: <PixTestParameters.cc/dump:L107>   filltree: checkbox
[12:57:44.955]    DEBUG: <PixTestParameters.cc/dump:L107>   trgfrequency(khz): 100
[12:57:44.955]    DEBUG: <PixTestParameters.cc/dump:L107>   maskhotpixels: button
[12:57:44.955]    DEBUG: <PixTestParameters.cc/dump:L107>   trgnumber: 5
[12:57:44.955]    DEBUG: <PixTestParameters.cc/dump:L107>   iterations: 10
[12:57:44.955]    DEBUG: <PixTestParameters.cc/dump:L107>   rundaqtrg: button
[12:57:44.955]    DEBUG: <PixTestParameters.cc/dump:L107>   daqseconds: 120
[12:57:44.955]    DEBUG: <PixTestParameters.cc/dump:L107>   rundaqseconds: button
[12:57:44.955]    DEBUG: <PixTestParameters.cc/dump:L104> PixTestParameters: ->DacDacScan<-
[12:57:44.955]    DEBUG: <PixTestParameters.cc/dump:L107>   phmap: checkbox
[12:57:44.955]    DEBUG: <PixTestParameters.cc/dump:L107>   ntrig: 10
[12:57:44.955]    DEBUG: <PixTestParameters.cc/dump:L107>   dac1: caldel
[12:57:44.955]    DEBUG: <PixTestParameters.cc/dump:L107>   dac1lo: 0
[12:57:44.955]    DEBUG: <PixTestParameters.cc/dump:L107>   dac1hi: 255
[12:57:44.955]    DEBUG: <PixTestParameters.cc/dump:L107>   dac2: vthrcomp
[12:57:44.955]    DEBUG: <PixTestParameters.cc/dump:L107>   dac2lo: 0
[12:57:44.955]    DEBUG: <PixTestParameters.cc/dump:L107>   dac2hi: 255
[12:57:44.955]    DEBUG: <PixTestParameters.cc/dump:L107>   pix: 11,20
[12:57:44.955]    DEBUG: <PixTestParameters.cc/dump:L104> PixTestParameters: ->DacScan<-
[12:57:44.955]    DEBUG: <PixTestParameters.cc/dump:L107>   phmap: checkbox(1)
[12:57:44.955]    DEBUG: <PixTestParameters.cc/dump:L107>   ntrig: 10
[12:57:44.955]    DEBUG: <PixTestParameters.cc/dump:L107>   dac: vcal
[12:57:44.955]    DEBUG: <PixTestParameters.cc/dump:L107>   daclo: 0
[12:57:44.955]    DEBUG: <PixTestParameters.cc/dump:L107>   dachi: 255
[12:57:44.955]    DEBUG: <PixTestParameters.cc/dump:L107>   pix: 11,20
[12:57:44.955]    DEBUG: <PixTestParameters.cc/dump:L104> PixTestParameters: ->GainPedestal<-
[12:57:44.955]    DEBUG: <PixTestParameters.cc/dump:L107>   showfits: checkbox(0)
[12:57:44.955]    DEBUG: <PixTestParameters.cc/dump:L107>   extended: checkbox(0)
[12:57:44.955]    DEBUG: <PixTestParameters.cc/dump:L107>   dumphists: checkbox(0)
[12:57:44.955]    DEBUG: <PixTestParameters.cc/dump:L107>   ntrig: 10
[12:57:44.955]    DEBUG: <PixTestParameters.cc/dump:L107>   measure: button
[12:57:44.955]    DEBUG: <PixTestParameters.cc/dump:L107>   fit: button
[12:57:44.955]    DEBUG: <PixTestParameters.cc/dump:L107>   save: button
[12:57:44.955]    DEBUG: <PixTestParameters.cc/dump:L104> PixTestParameters: ->HighRate<-
[12:57:44.955]    DEBUG: <PixTestParameters.cc/dump:L107>   pix: 11,20
[12:57:44.955]    DEBUG: <PixTestParameters.cc/dump:L107>   maskhotpixels: button
[12:57:44.956]    DEBUG: <PixTestParameters.cc/dump:L107>   savemaskfile: checkbox(0)
[12:57:44.956]    DEBUG: <PixTestParameters.cc/dump:L107>   maskfilename: default
[12:57:44.956]    DEBUG: <PixTestParameters.cc/dump:L107>   caldelscan: button
[12:57:44.956]    DEBUG: <PixTestParameters.cc/dump:L107>   xpixelalive: button
[12:57:44.956]    DEBUG: <PixTestParameters.cc/dump:L107>   ntrig: 5
[12:57:44.956]    DEBUG: <PixTestParameters.cc/dump:L107>   vcal: 200
[12:57:44.956]    DEBUG: <PixTestParameters.cc/dump:L107>   rundaq: button
[12:57:44.956]    DEBUG: <PixTestParameters.cc/dump:L107>   trgfrequency(khz): 20
[12:57:44.956]    DEBUG: <PixTestParameters.cc/dump:L107>   runseconds: 5
[12:57:44.956]    DEBUG: <PixTestParameters.cc/dump:L107>   triggerdelay: 100
[12:57:44.956]    DEBUG: <PixTestParameters.cc/dump:L107>   delaytbm: checkbox
[12:57:44.956]    DEBUG: <PixTestParameters.cc/dump:L107>   filltree: checkbox
[12:57:44.956]    DEBUG: <PixTestParameters.cc/dump:L104> PixTestParameters: ->IV<-
[12:57:44.956]    DEBUG: <PixTestParameters.cc/dump:L107>   port: /dev/FIXME
[12:57:44.956]    DEBUG: <PixTestParameters.cc/dump:L107>   voltagestart: 0
[12:57:44.956]    DEBUG: <PixTestParameters.cc/dump:L107>   voltagestop: 600
[12:57:44.956]    DEBUG: <PixTestParameters.cc/dump:L107>   voltagestep: 5
[12:57:44.956]    DEBUG: <PixTestParameters.cc/dump:L107>   delay: 1
[12:57:44.956]    DEBUG: <PixTestParameters.cc/dump:L107>   compliance(ua): 100
[12:57:44.956]    DEBUG: <PixTestParameters.cc/dump:L104> PixTestParameters: ->PhOptimization<-
[12:57:44.956]    DEBUG: <PixTestParameters.cc/dump:L107>   ntrig: 10
[12:57:44.956]    DEBUG: <PixTestParameters.cc/dump:L107>   safetymarginlow: 20
[12:57:44.956]    DEBUG: <PixTestParameters.cc/dump:L107>   saturationvcal: 100
[12:57:44.956]    DEBUG: <PixTestParameters.cc/dump:L107>   quantilesaturation: 0.98
[12:57:44.956]    DEBUG: <PixTestParameters.cc/dump:L104> PixTestParameters: ->PixelAlive<-
[12:57:44.956]    DEBUG: <PixTestParameters.cc/dump:L107>   ntrig: 10
[12:57:44.956]    DEBUG: <PixTestParameters.cc/dump:L107>   vcal: 200
[12:57:44.956]    DEBUG: <PixTestParameters.cc/dump:L107>   alivetest: button
[12:57:44.956]    DEBUG: <PixTestParameters.cc/dump:L107>   masktest: button
[12:57:44.956]    DEBUG: <PixTestParameters.cc/dump:L107>   addressdecodingtest: button
[12:57:44.956]    DEBUG: <PixTestParameters.cc/dump:L104> PixTestParameters: ->Pretest<-
[12:57:44.956]    DEBUG: <PixTestParameters.cc/dump:L107>   programroc: button
[12:57:44.956]    DEBUG: <PixTestParameters.cc/dump:L107>   targetia: 24
[12:57:44.956]    DEBUG: <PixTestParameters.cc/dump:L107>   setvana: button
[12:57:44.956]    DEBUG: <PixTestParameters.cc/dump:L107>   iterations: 100
[12:57:44.956]    DEBUG: <PixTestParameters.cc/dump:L107>   settimings: button
[12:57:44.956]    DEBUG: <PixTestParameters.cc/dump:L107>   findworkingpixel: button
[12:57:44.956]    DEBUG: <PixTestParameters.cc/dump:L107>   setvthrcompcaldel: button
[12:57:44.956]    DEBUG: <PixTestParameters.cc/dump:L107>   pix: 11,20
[12:57:44.956]    DEBUG: <PixTestParameters.cc/dump:L107>   vcal: 250
[12:57:44.956]    DEBUG: <PixTestParameters.cc/dump:L107>   deltavthrcomp: 50
[12:57:44.956]    DEBUG: <PixTestParameters.cc/dump:L107>   fraccaldel: 0.5
[12:57:44.956]    DEBUG: <PixTestParameters.cc/dump:L107>   ntrig: 5
[12:57:44.956]    DEBUG: <PixTestParameters.cc/dump:L107>   savedacs: button
[12:57:44.956]    DEBUG: <PixTestParameters.cc/dump:L104> PixTestParameters: ->Readback<-
[12:57:44.956]    DEBUG: <PixTestParameters.cc/dump:L107>   calibratevd: button
[12:57:44.956]    DEBUG: <PixTestParameters.cc/dump:L107>   calibrateva: button
[12:57:44.956]    DEBUG: <PixTestParameters.cc/dump:L107>   calibrateia: button
[12:57:44.956]    DEBUG: <PixTestParameters.cc/dump:L107>   readbackvbg: button
[12:57:44.956]    DEBUG: <PixTestParameters.cc/dump:L107>   getcalibratedvbg: button
[12:57:44.956]    DEBUG: <PixTestParameters.cc/dump:L107>   usecalvd: checkbox(1)
[12:57:44.956]    DEBUG: <PixTestParameters.cc/dump:L107>   usecalva: checkbox(0)
[12:57:44.956]    DEBUG: <PixTestParameters.cc/dump:L107>   getcalibratedia: button
[12:57:44.956]    DEBUG: <PixTestParameters.cc/dump:L107>   setvana: button
[12:57:44.956]    DEBUG: <PixTestParameters.cc/dump:L104> PixTestParameters: ->Scurves<-
[12:57:44.956]    DEBUG: <PixTestParameters.cc/dump:L107>   adjustvcal: checkbox(1)
[12:57:44.956]    DEBUG: <PixTestParameters.cc/dump:L107>   dumpall: checkbox(0)
[12:57:44.956]    DEBUG: <PixTestParameters.cc/dump:L107>   dumpproblematic: checkbox(0)
[12:57:44.956]    DEBUG: <PixTestParameters.cc/dump:L107>   ntrig: 50
[12:57:44.956]    DEBUG: <PixTestParameters.cc/dump:L107>   dac: VthrComp
[12:57:44.956]    DEBUG: <PixTestParameters.cc/dump:L107>   daclo: 0
[12:57:44.956]    DEBUG: <PixTestParameters.cc/dump:L107>   dachi: 200
[12:57:44.956]    DEBUG: <PixTestParameters.cc/dump:L107>   dacs/step: 10
[12:57:44.956]    DEBUG: <PixTestParameters.cc/dump:L107>   scurves: button
[12:57:44.956]    DEBUG: <PixTestParameters.cc/dump:L104> PixTestParameters: ->Timing<-
[12:57:44.956]    DEBUG: <PixTestParameters.cc/dump:L107>   fastscan: checkbox(0)
[12:57:44.956]    DEBUG: <PixTestParameters.cc/dump:L107>   targetclk: 4
[12:57:44.956]    DEBUG: <PixTestParameters.cc/dump:L107>   ntrig: 10
[12:57:44.956]    DEBUG: <PixTestParameters.cc/dump:L107>   clocksdascan: button
[12:57:44.956]    DEBUG: <PixTestParameters.cc/dump:L107>   phasescan: button
[12:57:44.956]    DEBUG: <PixTestParameters.cc/dump:L107>   levelscan: button
[12:57:44.956]    DEBUG: <PixTestParameters.cc/dump:L107>   saveparameters: button
[12:57:44.956]    DEBUG: <PixTestParameters.cc/dump:L107>   timingtest: button
[12:57:44.956]    DEBUG: <PixTestParameters.cc/dump:L104> PixTestParameters: ->Trim<-
[12:57:44.956]    DEBUG: <PixTestParameters.cc/dump:L107>   trim: button
[12:57:44.956]    DEBUG: <PixTestParameters.cc/dump:L107>   ntrig: 10
[12:57:44.956]    DEBUG: <PixTestParameters.cc/dump:L107>   vcal: 35
[12:57:44.956]    DEBUG: <PixTestParameters.cc/dump:L107>   trimbits: button
[12:57:44.957]    DEBUG: <PixTestParameters.cc/dump:L104> PixTestParameters: ->Xray<-
[12:57:44.957]    DEBUG: <PixTestParameters.cc/dump:L107>   maskhotpixels: button
[12:57:44.957]    DEBUG: <PixTestParameters.cc/dump:L107>   savemaskfile: checkbox(0)
[12:57:44.957]    DEBUG: <PixTestParameters.cc/dump:L107>   maskfilename: default
[12:57:44.957]    DEBUG: <PixTestParameters.cc/dump:L107>   source: Ag
[12:57:44.957]    DEBUG: <PixTestParameters.cc/dump:L107>   phrun: button
[12:57:44.957]    DEBUG: <PixTestParameters.cc/dump:L107>   runseconds: 100
[12:57:44.957]    DEBUG: <PixTestParameters.cc/dump:L107>   trgfrequency(khz): 100
[12:57:44.957]    DEBUG: <PixTestParameters.cc/dump:L107>   ratescan: button
[12:57:44.957]    DEBUG: <PixTestParameters.cc/dump:L107>   vthrcompmin: 10
[12:57:44.957]    DEBUG: <PixTestParameters.cc/dump:L107>   vthrcompmax: 80
[12:57:44.957]    DEBUG: <PixTestParameters.cc/dump:L107>   stepseconds: 5
[12:57:44.957]    DEBUG: <PixTestParameters.cc/dump:L107>   delaytbm: checkbox
[12:57:44.957]    DEBUG: <PixTestParameters.cc/dump:L107>   filltree: checkbox
[12:57:44.957]    DEBUG: <PixSetup.cc/init:L81> PixSetup init start; getCurrentRSS() = 34725888
[12:57:44.957]    DEBUG: <PixSetup.cc/init:L87> fPixTestParameters = 0x2a67f20
[12:57:44.957]    DEBUG: <PixSetup.cc/init:L88>  fConfigParameters = 0x29ab890
[12:57:44.957]    DEBUG: <PixSetup.cc/init:L89>        fPxarMemory = 0x7f0a39d94010
[12:57:44.957]    DEBUG: <PixSetup.cc/init:L90>         fPxarMemHi = 0x7f0a3ffff510
[12:57:44.957]    DEBUG: <PixSetup.cc/init:L106> PixSetup init done;  getCurrentRSS() = 34734080 fPxarMemory = 0x7f0a39d94010
[12:57:45.446]    DEBUG: <PixGui.cc/hvOn:L457> HV set On: 0x30425f0
[12:57:45.507]    DEBUG: <PixTestFactory.cc/PixTestFactory:L50> PixTestFactory::PixTestFactory()
[12:57:45.507]    DEBUG: <PixTestBBMap.cc/init:L78> PixTestBBMap::init()
[12:57:45.508]    DEBUG: <PixTestBBMap.cc/PixTestBBMap:L26> PixTestBBMap ctor(PixSetup &a, string, TGTab *)
[12:57:45.513]    DEBUG: <PixTestBB2Map.cc/setParameter:L57> setting fTargetIa    = 24 mA/ROC
[12:57:45.513]    DEBUG: <PixTestBB2Map.cc/init:L96> PixTestBB2Map::init()
[12:57:45.513]    DEBUG: <PixTestBB2Map.cc/PixTestBB2Map:L28> PixTestBB2Map ctor(PixSetup &a, string, TGTab *)
[12:57:45.521]    DEBUG: <PixTestDaq.cc/init:L43> PixTestDaq::init()
[12:57:45.521]    DEBUG: <PixTestDaq.cc/PixTestDaq:L21> PixTestDaq ctor(PixSetup &a, string, TGTab *)
[12:57:45.521]     INFO:       reading data/yhc691015sn3p35/phCalibrationFitErr_C0.dat
[12:57:45.521]    ERROR: <ConfigParameters.cc/readGainPedestalParameters:L953> cannot open data/yhc691015sn3p35/phCalibrationFitErr_C0.dat for reading PH calibration constants
[12:57:45.545]    DEBUG: <PixTestDacDacScan.cc/init:L102> PixTestDacDacScan::init()
[12:57:45.545]    DEBUG: <PixTestDacDacScan.cc/PixTestDacDacScan:L21> PixTestDacDacScan ctor(PixSetup &a, string, TGTab *)
[12:57:45.568]    DEBUG: <PixTestHighRate.cc/setParameter:L66>   setting fParTriggerFrequency -> 20
[12:57:45.568]    DEBUG: <PixTestHighRate.cc/init:L156> PixTestHighRate::init()
[12:57:45.568]    DEBUG: <PixTestHighRate.cc/PixTestHighRate:L29> PixTestHighRate ctor(PixSetup &a, string, TGTab *)
[12:57:45.568]     INFO:       reading data/yhc691015sn3p35/phCalibrationFitErr_C0.dat
[12:57:45.568]    ERROR: <ConfigParameters.cc/readGainPedestalParameters:L953> cannot open data/yhc691015sn3p35/phCalibrationFitErr_C0.dat for reading PH calibration constants
[12:57:45.585]    DEBUG: <PixTest.cc/setTestParameter:L577>  setting  ntrig to new value 10
[12:57:45.586]    DEBUG: <PixTestPhOptimization.cc/setParameter:L36>   setting fParNtrig  ->10<- from sval = 10
[12:57:45.586]    DEBUG: <PixTestPhOptimization.cc/setParameter:L41>   setting fSafetyMarginLow  ->20<- from sval = 20
[12:57:45.586]    DEBUG: <PixTestPhOptimization.cc/setParameter:L47>   setting fVcalMax  ->100<- from sval = 100
[12:57:45.586]    DEBUG: <PixTestPhOptimization.cc/setParameter:L52>   setting fQuantMax  ->0.98<- from sval = 0.98
[12:57:45.591]    DEBUG: <PixTestAlive.cc/init:L76> PixTestAlive::init()
[12:57:45.591]    DEBUG: <PixTestAlive.cc/PixTestAlive:L20> PixTestAlive ctor(PixSetup &a, string, TGTab *)
[12:57:45.608]    DEBUG: <PixTestReadback.cc/setParameter:L184> fCalwVd set to 1
[12:57:45.608]    DEBUG: <PixTestReadback.cc/init:L96> PixTestReadback::init()
[12:57:45.608]    DEBUG: <PixTestReadback.cc/PixTestReadback:L22> PixTestReadback ctor(PixSetup &a, string, TGTab *)
[12:57:45.608]     INFO:       reading data/yhc691015sn3p35/readbackCal_C0.dat
[12:57:45.608]     INFO:       reading data/yhc691015sn3p35/readbackCal_C1.dat
[12:57:45.608]     INFO:       reading data/yhc691015sn3p35/readbackCal_C2.dat
[12:57:45.609]     INFO:       reading data/yhc691015sn3p35/readbackCal_C3.dat
[12:57:45.609]     INFO:       reading data/yhc691015sn3p35/readbackCal_C4.dat
[12:57:45.609]     INFO:       reading data/yhc691015sn3p35/readbackCal_C5.dat
[12:57:45.609]     INFO:       reading data/yhc691015sn3p35/readbackCal_C6.dat
[12:57:45.609]     INFO:       reading data/yhc691015sn3p35/readbackCal_C7.dat
[12:57:45.609]     INFO:       reading data/yhc691015sn3p35/readbackCal_C8.dat
[12:57:45.609]     INFO:       reading data/yhc691015sn3p35/readbackCal_C9.dat
[12:57:45.609]     INFO:       reading data/yhc691015sn3p35/readbackCal_C10.dat
[12:57:45.609]     INFO:       reading data/yhc691015sn3p35/readbackCal_C11.dat
[12:57:45.609]     INFO:       reading data/yhc691015sn3p35/readbackCal_C12.dat
[12:57:45.609]     INFO:       reading data/yhc691015sn3p35/readbackCal_C13.dat
[12:57:45.609]     INFO:       reading data/yhc691015sn3p35/readbackCal_C14.dat
[12:57:45.609]     INFO:       reading data/yhc691015sn3p35/readbackCal_C15.dat
[12:57:45.609]     INFO:       reading data/yhc691015sn3p35/phCalibrationFitErr_C0.dat
[12:57:45.609]    ERROR: <ConfigParameters.cc/readGainPedestalParameters:L953> cannot open data/yhc691015sn3p35/phCalibrationFitErr_C0.dat for reading PH calibration constants
[12:57:45.622]    DEBUG: <PixTestTiming.cc/setParameter:L45> fFastScan: 0
[12:57:45.622]    DEBUG: <PixTestTiming.cc/setParameter:L50> PixTestTiming::PixTest() targetclk = 4
[12:57:45.622]    DEBUG: <PixTestTiming.cc/setParameter:L54> PixTestTiming::PixTest() ntrig = 10
[12:57:45.622]    DEBUG: <PixTestTiming.cc/init:L64> PixTestTiming::init()
[12:57:45.639]    DEBUG: <PixTestXray.cc/init:L132> PixTestXray::init()
[12:57:45.639]    DEBUG: <PixTestXray.cc/PixTestXray:L26> PixTestXray ctor(PixSetup &a, string, TGTab *)
[12:57:45.639]     INFO:       reading data/yhc691015sn3p35/phCalibrationFitErr_C0.dat
[12:57:45.639]    ERROR: <ConfigParameters.cc/readGainPedestalParameters:L953> cannot open data/yhc691015sn3p35/phCalibrationFitErr_C0.dat for reading PH calibration constants
[12:57:51.990]     INFO: ######################################################################
[12:57:51.990]     INFO: PixTestHighRate::doTest()
[12:57:51.990]     INFO: ######################################################################
[12:57:51.990]     INFO:    ----------------------------------------------------------------------
[12:57:51.990]     INFO:    PixTestHighRate::calDelScan() ntrig = 10, vcal = 200
[12:57:51.990]     INFO:    ----------------------------------------------------------------------
[12:57:53.071]     INFO: Test took 1076ms.
[12:57:53.074]     INFO:       reading data/yhc691015sn3p35/defaultMaskFile.dat
[12:57:53.074]     INFO: ROC 1 masking pixel 33/41
[12:57:53.074]     INFO: ROC 7 masking pixel 48/1
[12:57:53.074]     INFO: ROC 7 masking pixel 48/2
[12:57:53.074]     INFO: ROC 7 masking pixel 48/3
[12:57:53.074]     INFO: ROC 7 masking pixel 49/0
[12:57:53.074]     INFO: ROC 7 masking pixel 49/1
[12:57:53.074]     INFO: ROC 7 masking pixel 49/2
[12:57:53.074]     INFO: ROC 7 masking pixel 49/3
[12:57:53.074]     INFO: ROC 7 masking pixel 49/4
[12:57:53.074]     INFO: ROC 7 masking pixel 49/5
[12:57:53.075]     INFO: ROC 7 masking pixel 50/0
[12:57:53.075]     INFO: ROC 7 masking pixel 50/1
[12:57:53.075]     INFO: ROC 7 masking pixel 50/2
[12:57:53.075]     INFO: ROC 7 masking pixel 50/4
[12:57:53.075]     INFO: ROC 7 masking pixel 50/5
[12:57:53.075]     INFO: ROC 7 masking pixel 50/6
[12:57:53.075]     INFO: ROC 7 masking pixel 51/0
[12:57:53.075]     INFO: ROC 7 masking pixel 51/1
[12:57:53.075]     INFO: ROC 7 masking pixel 51/2
[12:57:53.075]     INFO: ROC 7 masking pixel 51/3
[12:57:53.075]     INFO: ROC 7 masking pixel 51/4
[12:57:53.075]     INFO: ROC 7 masking pixel 51/5
[12:57:53.075]     INFO: ROC 7 masking pixel 51/6
[12:57:53.075]     INFO: ROC 7 masking pixel 51/7
[12:57:53.075]     INFO: ROC 7 masking pixel 51/8
[12:57:53.075]     INFO: ROC 10 masking pixel 49/18
[12:57:53.075]     INFO: ROC 11 masking pixel 50/45
[12:57:53.075]  WARNING: Pattern generator does not contain a trigger signal. No data is expected from the DUT!
[12:57:57.238]     INFO: IGNORE THE WARNING ABOVE (resetROC sent)!
[12:57:57.442]    DEBUG: <PixTest.cc/xEfficiencyMaps:L1875>       attempt #0
[12:58:00.444]     INFO: Test took 3002ms.
[12:58:00.565]     INFO: Fetched DAQ statistics. Counters are being reset now.
[12:58:00.591]    DEBUG: <PixTest.cc/xEfficiencyMaps:L1936> Size of results from : PixTestHighRate::xEfficiencyMaps: 378986
[12:58:00.597]    DEBUG: <PixTest.cc/xEfficiencyMaps:L1875>       attempt #0
[12:58:02.488]  WARNING: ROC 4: Readback start marker after 2 readouts!
[12:58:02.488]    ERROR: <datapipe.cc/DecodeDeser400:L294> Number of ROCs (6) != Token Chain Length (8)
[12:58:02.488]    ERROR: <datapipe.cc/DecodeDeser400:L294> Number of ROCs (4) != Token Chain Length (8)
[12:58:02.488]  WARNING: ROC 4: Readback start marker after 14 readouts!
[12:58:02.488]  WARNING: ROC 6: Readback start marker after 15 readouts!
[12:58:02.488]  WARNING: ROC 7: Readback start marker after 15 readouts!
[12:58:02.488]  WARNING: ROC 4: Readback start marker after 15 readouts!
[12:58:02.489]  WARNING: ROC 5: Readback start marker after 15 readouts!
[12:58:02.489]  WARNING: ROC 6: Readback start marker after 15 readouts!
[12:58:02.489]  WARNING: ROC 7: Readback start marker after 15 readouts!
[12:58:03.727]     INFO: Test took 3130ms.
[12:58:03.855]     INFO: Fetched DAQ statistics. Counters are being reset now.
[12:58:03.882]    DEBUG: <PixTest.cc/xEfficiencyMaps:L1936> Size of results from : PixTestHighRate::xEfficiencyMaps: 388597
[12:58:03.888]    DEBUG: <PixTest.cc/xEfficiencyMaps:L1875>       attempt #0
[12:58:07.080]     INFO: Test took 3192ms.
[12:58:07.212]     INFO: Fetched DAQ statistics. Counters are being reset now.
[12:58:07.239]    DEBUG: <PixTest.cc/xEfficiencyMaps:L1936> Size of results from : PixTestHighRate::xEfficiencyMaps: 394321
[12:58:07.245]    DEBUG: <PixTest.cc/xEfficiencyMaps:L1875>       attempt #0
[12:58:09.270]    ERROR: <datapipe.cc/DecodeDeser400:L294> Number of ROCs (6) != Token Chain Length (8)
[12:58:09.270]    ERROR: <datapipe.cc/DecodeDeser400:L294> Number of ROCs (7) != Token Chain Length (8)
[12:58:09.270]  WARNING: ROC 6: Readback start marker after 15 readouts!
[12:58:09.270]  WARNING: ROC 7: Readback start marker after 15 readouts!
[12:58:09.270]  WARNING: ROC 7: Readback start marker after 15 readouts!
[12:58:10.447]     INFO: Test took 3202ms.
[12:58:10.580]     INFO: Fetched DAQ statistics. Counters are being reset now.
[12:58:10.607]    DEBUG: <PixTest.cc/xEfficiencyMaps:L1936> Size of results from : PixTestHighRate::xEfficiencyMaps: 394476
[12:58:10.613]    DEBUG: <PixTest.cc/xEfficiencyMaps:L1875>       attempt #0
[12:58:13.835]     INFO: Test took 3222ms.
[12:58:13.969]     INFO: Fetched DAQ statistics. Counters are being reset now.
[12:58:13.997]    DEBUG: <PixTest.cc/xEfficiencyMaps:L1936> Size of results from : PixTestHighRate::xEfficiencyMaps: 395706
[12:58:14.004]    DEBUG: <PixTest.cc/xEfficiencyMaps:L1875>       attempt #0
[12:58:15.927]    ERROR: <datapipe.cc/DecodeDeser400:L294> Number of ROCs (4) != Token Chain Length (8)
[12:58:15.927]  WARNING: ROC 4: Readback start marker after 15 readouts!
[12:58:15.927]    ERROR: <datapipe.cc/DecodeDeser400:L294> Number of ROCs (5) != Token Chain Length (8)
[12:58:15.927]  WARNING: ROC 5: Readback start marker after 15 readouts!
[12:58:15.927]  WARNING: ROC 7: Readback start marker after 15 readouts!
[12:58:15.928]  WARNING: ROC 4: Readback start marker after 1 readouts!
[12:58:15.928]  WARNING: ROC 5: Readback start marker after 15 readouts!
[12:58:15.928]  WARNING: ROC 6: Readback start marker after 15 readouts!
[12:58:15.928]  WARNING: ROC 7: Readback start marker after 15 readouts!
[12:58:15.928]  WARNING: ROC 4: Readback start marker after 31 readouts!
[12:58:15.928]  WARNING: ROC 6: Readback start marker after 31 readouts!
[12:58:17.201]     INFO: Test took 3197ms.
[12:58:17.336]     INFO: Fetched DAQ statistics. Counters are being reset now.
[12:58:17.363]    DEBUG: <PixTest.cc/xEfficiencyMaps:L1936> Size of results from : PixTestHighRate::xEfficiencyMaps: 395737
[12:58:17.369]    DEBUG: <PixTest.cc/xEfficiencyMaps:L1875>       attempt #0
[12:58:20.585]     INFO: Test took 3216ms.
[12:58:20.718]     INFO: Fetched DAQ statistics. Counters are being reset now.
[12:58:20.745]    DEBUG: <PixTest.cc/xEfficiencyMaps:L1936> Size of results from : PixTestHighRate::xEfficiencyMaps: 395259
[12:58:20.751]    DEBUG: <PixTest.cc/xEfficiencyMaps:L1875>       attempt #0
[12:58:23.948]     INFO: Test took 3197ms.
[12:58:24.081]     INFO: Fetched DAQ statistics. Counters are being reset now.
[12:58:24.108]    DEBUG: <PixTest.cc/xEfficiencyMaps:L1936> Size of results from : PixTestHighRate::xEfficiencyMaps: 395614
[12:58:24.114]    DEBUG: <PixTest.cc/xEfficiencyMaps:L1875>       attempt #0
[12:58:27.339]     INFO: Test took 3225ms.
[12:58:27.474]     INFO: Fetched DAQ statistics. Counters are being reset now.
[12:58:27.501]    DEBUG: <PixTest.cc/xEfficiencyMaps:L1936> Size of results from : PixTestHighRate::xEfficiencyMaps: 396475
[12:58:27.507]    DEBUG: <PixTest.cc/xEfficiencyMaps:L1875>       attempt #0
[12:58:29.483]    ERROR: <datapipe.cc/DecodeDeser400:L294> Number of ROCs (6) != Token Chain Length (8)
[12:58:29.483]    ERROR: <datapipe.cc/DecodeDeser400:L294> Number of ROCs (6) != Token Chain Length (8)
[12:58:29.483]  WARNING: ROC 6: Readback start marker after 15 readouts!
[12:58:29.483]  WARNING: ROC 7: Readback start marker after 15 readouts!
[12:58:29.483]  WARNING: ROC 6: Readback start marker after 15 readouts!
[12:58:29.483]  WARNING: ROC 7: Readback start marker after 15 readouts!
[12:58:30.718]     INFO: Test took 3211ms.
[12:58:30.852]     INFO: Fetched DAQ statistics. Counters are being reset now.
[12:58:30.879]    DEBUG: <PixTest.cc/xEfficiencyMaps:L1936> Size of results from : PixTestHighRate::xEfficiencyMaps: 395079
[12:58:30.885]    DEBUG: <PixTest.cc/xEfficiencyMaps:L1875>       attempt #0
[12:58:34.112]     INFO: Test took 3227ms.
[12:58:34.245]     INFO: Fetched DAQ statistics. Counters are being reset now.
[12:58:34.272]    DEBUG: <PixTest.cc/xEfficiencyMaps:L1936> Size of results from : PixTestHighRate::xEfficiencyMaps: 394096
[12:58:34.278]    DEBUG: <PixTest.cc/xEfficiencyMaps:L1875>       attempt #0
[12:58:37.497]     INFO: Test took 3219ms.
[12:58:37.630]     INFO: Fetched DAQ statistics. Counters are being reset now.
[12:58:37.657]    DEBUG: <PixTest.cc/xEfficiencyMaps:L1936> Size of results from : PixTestHighRate::xEfficiencyMaps: 395777
[12:58:37.663]    DEBUG: <PixTest.cc/xEfficiencyMaps:L1875>       attempt #0
[12:58:40.878]     INFO: Test took 3215ms.
[12:58:41.012]     INFO: Fetched DAQ statistics. Counters are being reset now.
[12:58:41.040]    DEBUG: <PixTest.cc/xEfficiencyMaps:L1936> Size of results from : PixTestHighRate::xEfficiencyMaps: 395857
[12:58:41.046]    DEBUG: <PixTest.cc/xEfficiencyMaps:L1875>       attempt #0
[12:58:44.267]     INFO: Test took 3221ms.
[12:58:44.400]     INFO: Fetched DAQ statistics. Counters are being reset now.
[12:58:44.428]    DEBUG: <PixTest.cc/xEfficiencyMaps:L1936> Size of results from : PixTestHighRate::xEfficiencyMaps: 394654
[12:58:44.434]    DEBUG: <PixTest.cc/xEfficiencyMaps:L1875>       attempt #0
[12:58:47.657]     INFO: Test took 3223ms.
[12:58:47.791]     INFO: Fetched DAQ statistics. Counters are being reset now.
[12:58:47.818]    DEBUG: <PixTest.cc/xEfficiencyMaps:L1936> Size of results from : PixTestHighRate::xEfficiencyMaps: 394719
[12:58:47.824]    DEBUG: <PixTest.cc/xEfficiencyMaps:L1875>       attempt #0
[12:58:51.021]     INFO: Test took 3197ms.
[12:58:51.154]     INFO: Fetched DAQ statistics. Counters are being reset now.
[12:58:51.182]    DEBUG: <PixTest.cc/xEfficiencyMaps:L1936> Size of results from : PixTestHighRate::xEfficiencyMaps: 394423
[12:58:51.188]    DEBUG: <PixTest.cc/xEfficiencyMaps:L1875>       attempt #0
[12:58:54.420]     INFO: Test took 3232ms.
[12:58:54.553]     INFO: Fetched DAQ statistics. Counters are being reset now.
[12:58:54.580]    DEBUG: <PixTest.cc/xEfficiencyMaps:L1936> Size of results from : PixTestHighRate::xEfficiencyMaps: 394952
[12:58:54.587]    DEBUG: <PixTest.cc/xEfficiencyMaps:L1875>       attempt #0
[12:58:57.779]     INFO: Test took 3192ms.
[12:58:57.911]     INFO: Fetched DAQ statistics. Counters are being reset now.
[12:58:57.938]    DEBUG: <PixTest.cc/xEfficiencyMaps:L1936> Size of results from : PixTestHighRate::xEfficiencyMaps: 394482
[12:58:57.944]    DEBUG: <PixTest.cc/xEfficiencyMaps:L1875>       attempt #0
[12:59:01.137]     INFO: Test took 3193ms.
[12:59:01.268]     INFO: Fetched DAQ statistics. Counters are being reset now.
[12:59:01.295]    DEBUG: <PixTest.cc/xEfficiencyMaps:L1936> Size of results from : PixTestHighRate::xEfficiencyMaps: 393102
[12:59:01.301]    DEBUG: <PixTest.cc/xEfficiencyMaps:L1875>       attempt #0
[12:59:04.379]     INFO: Test took 3078ms.
[12:59:04.504]     INFO: Fetched DAQ statistics. Counters are being reset now.
[12:59:04.531]    DEBUG: <PixTest.cc/xEfficiencyMaps:L1936> Size of results from : PixTestHighRate::xEfficiencyMaps: 387958
[12:59:04.753]    DEBUG: <PixTestHighRate.cc/doCalDelScan:L378> roc  0: caldel = 129 eff = 0.999832
[12:59:04.753]    DEBUG: <PixTestHighRate.cc/doCalDelScan:L378> roc  1: caldel = 135 eff = 0.999639
[12:59:04.753]    DEBUG: <PixTestHighRate.cc/doCalDelScan:L378> roc  2: caldel = 116 eff = 0.99976
[12:59:04.753]    DEBUG: <PixTestHighRate.cc/doCalDelScan:L378> roc  3: caldel = 128 eff = 0.998726
[12:59:04.753]    DEBUG: <PixTestHighRate.cc/doCalDelScan:L378> roc  4: caldel = 130 eff = 0.99887
[12:59:04.753]    DEBUG: <PixTestHighRate.cc/doCalDelScan:L378> roc  5: caldel = 163 eff = 0.998005
[12:59:04.754]    DEBUG: <PixTestHighRate.cc/doCalDelScan:L378> roc  6: caldel = 119 eff = 0.999087
[12:59:04.754]    DEBUG: <PixTestHighRate.cc/doCalDelScan:L378> roc  7: caldel = 122 eff = 0.993918
[12:59:04.754]    DEBUG: <PixTestHighRate.cc/doCalDelScan:L378> roc  8: caldel = 136 eff = 0.999832
[12:59:04.754]    DEBUG: <PixTestHighRate.cc/doCalDelScan:L378> roc  9: caldel = 120 eff = 0.999495
[12:59:04.754]    DEBUG: <PixTestHighRate.cc/doCalDelScan:L378> roc 10: caldel = 130 eff = 0.998942
[12:59:04.754]    DEBUG: <PixTestHighRate.cc/doCalDelScan:L378> roc 11: caldel = 126 eff = 0.999207
[12:59:04.754]    DEBUG: <PixTestHighRate.cc/doCalDelScan:L378> roc 12: caldel = 118 eff = 0.999495
[12:59:04.754]    DEBUG: <PixTestHighRate.cc/doCalDelScan:L378> roc 13: caldel = 101 eff = 0.999495
[12:59:04.755]    DEBUG: <PixTestHighRate.cc/doCalDelScan:L378> roc 14: caldel = 129 eff = 0.999663
[12:59:04.755]    DEBUG: <PixTestHighRate.cc/doCalDelScan:L378> roc 15: caldel = 115 eff = 0.999832
[12:59:04.791]     INFO:    ----------------------------------------------------------------------
[12:59:04.791]     INFO:    PixTestHighRate::xPixelAlive() ntrig = 5, vcal = 200
[12:59:04.791]     INFO:    ----------------------------------------------------------------------
[12:59:04.792]    DEBUG: <PixTestHighRate.cc/doXPixelAlive:L406>  old set: clk: 4
[12:59:04.792]    DEBUG: <PixTestHighRate.cc/doXPixelAlive:L406>  old set: ctr: 4
[12:59:04.792]    DEBUG: <PixTestHighRate.cc/doXPixelAlive:L406>  old set: sda: 19
[12:59:04.792]    DEBUG: <PixTestHighRate.cc/doXPixelAlive:L406>  old set: tin: 9
[12:59:04.792]    DEBUG: <PixTestHighRate.cc/doXPixelAlive:L406>  old set: level: 15
[12:59:04.792]    DEBUG: <PixTestHighRate.cc/doXPixelAlive:L406>  old set: triggerdelay: 0
[12:59:04.792]    DEBUG: <PixTestHighRate.cc/doXPixelAlive:L422>  setting: clk: 4
[12:59:04.792]    DEBUG: <PixTestHighRate.cc/doXPixelAlive:L422>  setting: ctr: 4
[12:59:04.792]    DEBUG: <PixTestHighRate.cc/doXPixelAlive:L422>  setting: sda: 19
[12:59:04.792]    DEBUG: <PixTestHighRate.cc/doXPixelAlive:L422>  setting: tin: 9
[12:59:04.792]    DEBUG: <PixTestHighRate.cc/doXPixelAlive:L422>  setting: level: 15
[12:59:04.792]    DEBUG: <PixTestHighRate.cc/doXPixelAlive:L422>  setting: triggerdelay: 100
[12:59:04.824]     INFO:       reading data/yhc691015sn3p35/defaultMaskFile.dat
[12:59:04.824]     INFO: ROC 1 masking pixel 33/41
[12:59:04.824]     INFO: ROC 7 masking pixel 48/1
[12:59:04.824]     INFO: ROC 7 masking pixel 48/2
[12:59:04.824]     INFO: ROC 7 masking pixel 48/3
[12:59:04.824]     INFO: ROC 7 masking pixel 49/0
[12:59:04.824]     INFO: ROC 7 masking pixel 49/1
[12:59:04.824]     INFO: ROC 7 masking pixel 49/2
[12:59:04.824]     INFO: ROC 7 masking pixel 49/3
[12:59:04.824]     INFO: ROC 7 masking pixel 49/4
[12:59:04.824]     INFO: ROC 7 masking pixel 49/5
[12:59:04.824]     INFO: ROC 7 masking pixel 50/0
[12:59:04.824]     INFO: ROC 7 masking pixel 50/1
[12:59:04.824]     INFO: ROC 7 masking pixel 50/2
[12:59:04.824]     INFO: ROC 7 masking pixel 50/4
[12:59:04.824]     INFO: ROC 7 masking pixel 50/5
[12:59:04.824]     INFO: ROC 7 masking pixel 50/6
[12:59:04.824]     INFO: ROC 7 masking pixel 51/0
[12:59:04.824]     INFO: ROC 7 masking pixel 51/1
[12:59:04.824]     INFO: ROC 7 masking pixel 51/2
[12:59:04.824]     INFO: ROC 7 masking pixel 51/3
[12:59:04.824]     INFO: ROC 7 masking pixel 51/4
[12:59:04.824]     INFO: ROC 7 masking pixel 51/5
[12:59:04.824]     INFO: ROC 7 masking pixel 51/6
[12:59:04.824]     INFO: ROC 7 masking pixel 51/7
[12:59:04.824]     INFO: ROC 7 masking pixel 51/8
[12:59:04.824]     INFO: ROC 10 masking pixel 49/18
[12:59:04.824]     INFO: ROC 11 masking pixel 50/45
[12:59:04.824]  WARNING: Pattern generator does not contain a trigger signal. No data is expected from the DUT!
[12:59:08.798]     INFO: IGNORE THE WARNING ABOVE (resetROC sent)!
[12:59:08.993]    DEBUG: <PixTest.cc/xEfficiencyMaps:L1875>       attempt #0
[12:59:11.698]    ERROR: <datapipe.cc/DecodeDeser400:L294> Number of ROCs (5) != Token Chain Length (8)
[12:59:11.698]  WARNING: ROC 5: Readback start marker after 15 readouts!
[12:59:11.698]  WARNING: ROC 6: Readback start marker after 15 readouts!
[12:59:11.698]  WARNING: ROC 7: Readback start marker after 15 readouts!
[12:59:11.922]     INFO: Test took 2929ms.
[12:59:11.993]     INFO: Fetched DAQ statistics. Counters are being reset now.
[12:59:12.010]    DEBUG: <PixTest.cc/xEfficiencyMaps:L1936> Size of results from : PixTestHighRate::xEfficiencyMaps: 230807
[12:59:12.233]     INFO: number of dead pixels (per ROC):     0    1    0    0    0    0    0   25    0    0    1    1    0    1    0    0
[12:59:12.233]     INFO: number of red-efficiency pixels:    11    9   11   27   41   39   26   26    9   15   26   11   18    7   15    8
[12:59:12.233]     INFO: number of X-ray hits detected:    8268 5044 6090 19289 17926 21086 15540 2385 4296 9743 14217 9325 10254 5914 8156 6743
[12:59:12.233]     INFO: number of triggers sent (total per ROC):  20800 20800 20800 20800 20800 20800 20800 20800 20800 20800 20800 20800 20800 20800 20800 20800
[12:59:12.233]     INFO: number of Vcal hits detected:  20789 20787 20789 20773 20759 20761 20774 20674 20791 20785 20770 20784 20782 20789 20785 20792
[12:59:12.233]     INFO: Vcal hit fiducial efficiency (%):  99.9 100.0 99.9 99.9 99.8 99.8 99.9 100.0 100.0 99.9 99.9 99.9 99.9 100.0 99.9 100.0
[12:59:12.233]     INFO: Vcal hit overall efficiency (%):  99.9 99.9 99.9 99.9 99.8 99.8 99.9 99.4 100.0 99.9 99.9 99.9 99.9 99.9 99.9 100.0
[12:59:12.233]     INFO: X-ray hit rate [MHz/cm2]:  24.2 14.8 17.9 56.5 52.5 61.8 45.5 7.0 12.6 28.6 41.7 27.3 30.1 17.3 23.9 19.8
[12:59:12.233]     INFO: PixTestHighRate::doXPixelAlive() done
[12:59:12.271]    DEBUG: <PixTestHighRate.cc/doXPixelAlive:L541>  resetting: clk: 4
[12:59:12.271]    DEBUG: <PixTestHighRate.cc/doXPixelAlive:L541>  resetting: ctr: 4
[12:59:12.271]    DEBUG: <PixTestHighRate.cc/doXPixelAlive:L541>  resetting: sda: 19
[12:59:12.271]    DEBUG: <PixTestHighRate.cc/doXPixelAlive:L541>  resetting: tin: 9
[12:59:12.271]    DEBUG: <PixTestHighRate.cc/doXPixelAlive:L541>  resetting: level: 15
[12:59:12.272]    DEBUG: <PixTestHighRate.cc/doXPixelAlive:L541>  resetting: triggerdelay: 0
[12:59:12.272]     INFO: PixTest::       pg_setup set to default.
[12:59:12.272]     INFO:    ----------------------------------------------------------------------
[12:59:12.272]     INFO:    PixTestHighRate::runDaq() running for 5 seconds
[12:59:12.272]     INFO:    ----------------------------------------------------------------------
[12:59:12.290]     INFO:       reading data/yhc691015sn3p35/defaultMaskFile.dat
[12:59:12.290]     INFO: ROC 1 masking pixel 33/41
[12:59:12.290]     INFO: ROC 7 masking pixel 48/1
[12:59:12.290]     INFO: ROC 7 masking pixel 48/2
[12:59:12.290]     INFO: ROC 7 masking pixel 48/3
[12:59:12.290]     INFO: ROC 7 masking pixel 49/0
[12:59:12.290]     INFO: ROC 7 masking pixel 49/1
[12:59:12.290]     INFO: ROC 7 masking pixel 49/2
[12:59:12.290]     INFO: ROC 7 masking pixel 49/3
[12:59:12.290]     INFO: ROC 7 masking pixel 49/4
[12:59:12.290]     INFO: ROC 7 masking pixel 49/5
[12:59:12.290]     INFO: ROC 7 masking pixel 50/0
[12:59:12.290]     INFO: ROC 7 masking pixel 50/1
[12:59:12.290]     INFO: ROC 7 masking pixel 50/2
[12:59:12.290]     INFO: ROC 7 masking pixel 50/4
[12:59:12.290]     INFO: ROC 7 masking pixel 50/5
[12:59:12.290]     INFO: ROC 7 masking pixel 50/6
[12:59:12.290]     INFO: ROC 7 masking pixel 51/0
[12:59:12.290]     INFO: ROC 7 masking pixel 51/1
[12:59:12.290]     INFO: ROC 7 masking pixel 51/2
[12:59:12.290]     INFO: ROC 7 masking pixel 51/3
[12:59:12.290]     INFO: ROC 7 masking pixel 51/4
[12:59:12.290]     INFO: ROC 7 masking pixel 51/5
[12:59:12.290]     INFO: ROC 7 masking pixel 51/6
[12:59:12.290]     INFO: ROC 7 masking pixel 51/7
[12:59:12.290]     INFO: ROC 7 masking pixel 51/8
[12:59:12.290]     INFO: ROC 10 masking pixel 49/18
[12:59:12.290]     INFO: ROC 11 masking pixel 50/45
[12:59:12.291]    DEBUG: <PixTestHighRate.cc/doRunDaq:L583>  old set: clk: 4
[12:59:12.291]    DEBUG: <PixTestHighRate.cc/doRunDaq:L583>  old set: ctr: 4
[12:59:12.291]    DEBUG: <PixTestHighRate.cc/doRunDaq:L583>  old set: sda: 19
[12:59:12.291]    DEBUG: <PixTestHighRate.cc/doRunDaq:L583>  old set: tin: 9
[12:59:12.291]    DEBUG: <PixTestHighRate.cc/doRunDaq:L583>  old set: level: 15
[12:59:12.291]    DEBUG: <PixTestHighRate.cc/doRunDaq:L583>  old set: triggerdelay: 0
[12:59:12.291]    DEBUG: <PixTestHighRate.cc/doRunDaq:L599>  setting: clk: 4
[12:59:12.291]    DEBUG: <PixTestHighRate.cc/doRunDaq:L599>  setting: ctr: 4
[12:59:12.291]    DEBUG: <PixTestHighRate.cc/doRunDaq:L599>  setting: sda: 19
[12:59:12.291]    DEBUG: <PixTestHighRate.cc/doRunDaq:L599>  setting: tin: 9
[12:59:12.291]    DEBUG: <PixTestHighRate.cc/doRunDaq:L599>  setting: level: 15
[12:59:12.291]    DEBUG: <PixTestHighRate.cc/doRunDaq:L599>  setting: triggerdelay: 100
[12:59:12.291]  WARNING: Pattern generator does not contain a trigger signal. No data is expected from the DUT!
[12:59:13.263]     INFO: IGNORE THE WARNING ABOVE (resetROC sent)!
[12:59:14.440]     INFO: PixTestHighRate::doHitMap start TriggerLoop with trigger frequency 20 kHz, period 2011 and duration 5 seconds
[12:59:19.445]     INFO: data taking finished, elapsed time: 5 seconds.
[12:59:21.622]    DEBUG: <PixTestHighRate.cc/fillMap:L699> Processing Data: 99508 events with 774664 pixels
[12:59:21.649]     INFO: PixTest::       pg_setup set to default.
[12:59:21.671]    DEBUG: <PixTestHighRate.cc/doRunDaq:L617> analyzing hitMap_daqbbtest_C0_V0
[12:59:21.671]    DEBUG: <PixTestHighRate.cc/doRunDaq:L617> analyzing hitMap_daqbbtest_C1_V0
[12:59:21.671]    DEBUG: <PixTestHighRate.cc/doRunDaq:L617> analyzing hitMap_daqbbtest_C2_V0
[12:59:21.671]    DEBUG: <PixTestHighRate.cc/doRunDaq:L617> analyzing hitMap_daqbbtest_C3_V0
[12:59:21.671]    DEBUG: <PixTestHighRate.cc/doRunDaq:L617> analyzing hitMap_daqbbtest_C4_V0
[12:59:21.671]    DEBUG: <PixTestHighRate.cc/doRunDaq:L617> analyzing hitMap_daqbbtest_C5_V0
[12:59:21.671]    DEBUG: <PixTestHighRate.cc/doRunDaq:L617> analyzing hitMap_daqbbtest_C6_V0
[12:59:21.672]    DEBUG: <PixTestHighRate.cc/doRunDaq:L617> analyzing hitMap_daqbbtest_C7_V0
[12:59:21.672]    DEBUG: <PixTestHighRate.cc/doRunDaq:L617> analyzing hitMap_daqbbtest_C8_V0
[12:59:21.672]    DEBUG: <PixTestHighRate.cc/doRunDaq:L617> analyzing hitMap_daqbbtest_C9_V0
[12:59:21.672]    DEBUG: <PixTestHighRate.cc/doRunDaq:L617> analyzing hitMap_daqbbtest_C10_V0
[12:59:21.672]    DEBUG: <PixTestHighRate.cc/doRunDaq:L617> analyzing hitMap_daqbbtest_C11_V0
[12:59:21.672]    DEBUG: <PixTestHighRate.cc/doRunDaq:L617> analyzing hitMap_daqbbtest_C12_V0
[12:59:21.672]    DEBUG: <PixTestHighRate.cc/doRunDaq:L617> analyzing hitMap_daqbbtest_C13_V0
[12:59:21.672]    DEBUG: <PixTestHighRate.cc/doRunDaq:L617> analyzing hitMap_daqbbtest_C14_V0
[12:59:21.672]    DEBUG: <PixTestHighRate.cc/doRunDaq:L617> analyzing hitMap_daqbbtest_C15_V0
[12:59:21.673]    DEBUG: <PixTestHighRate.cc/doRunDaq:L629>  resetting: clk: 4
[12:59:21.673]    DEBUG: <PixTestHighRate.cc/doRunDaq:L629>  resetting: ctr: 4
[12:59:21.673]    DEBUG: <PixTestHighRate.cc/doRunDaq:L629>  resetting: sda: 19
[12:59:21.673]    DEBUG: <PixTestHighRate.cc/doRunDaq:L629>  resetting: tin: 9
[12:59:21.673]    DEBUG: <PixTestHighRate.cc/doRunDaq:L629>  resetting: level: 15
[12:59:21.673]    DEBUG: <PixTestHighRate.cc/doRunDaq:L629>  resetting: triggerdelay: 0
[12:59:21.673]     INFO: Pixels without X-ray hits (per ROC):   423   702   645    69    78    56    78  2047  1740    97    71  1141  1881   570   583   418 
[12:59:21.673]     INFO: PixTestHighRate::doRunDaq() done
[12:59:21.673]     INFO: PixTestHighRate::doTest() done 
[12:59:29.238]    DEBUG: <PixTest.cc/moduleMap:L943> moduleMap histname: what
[12:59:29.239]    DEBUG: <PixTest.cc/moduleMap:L953> h1->GetName() = hitMap_daqbbtest_C12_V0 -> hitMap_daqbbtest_mod
[12:59:32.934]    DEBUG: <PixGui.cc/handleButtons:L393> PixGui::exit called
[12:59:32.935]    DEBUG: <PixTestBBMap.cc/~PixTestBBMap:L96> PixTestBBMap dtor
[12:59:32.935]    DEBUG: <PixTestBB2Map.cc/~PixTestBB2Map:L114> PixTestBB2Map dtor
[12:59:32.935]    DEBUG: <PixTestDaq.cc/~PixTestDaq:L36> PixTestDaq dtor
[12:59:32.935]    DEBUG: <PixTestDacDacScan.cc/~PixTestDacDacScan:L135> PixTestDacDacScan dtor
[12:59:32.935]    DEBUG: <PixTestDacScan.cc/~PixTestDacScan:L115> PixTestDacScan dtor
[12:59:32.935]    DEBUG: <PixTestGainPedestal.cc/~PixTestGainPedestal:L121> PixTestGainPedestal dtor
[12:59:32.935]    DEBUG: <PixTestHighRate.cc/~PixTestHighRate:L203> PixTestHighRate dtor
[12:59:33.028]    DEBUG: <PixTestIV.cc/~PixTestIV:L96> PixTestIV dtor
[12:59:33.028]    DEBUG: <PixTestAlive.cc/~PixTestAlive:L108> PixTestAlive dtor
[12:59:33.029]    DEBUG: <PixTestPretest.cc/~PixTestPretest:L133> PixTestPretest dtor
[12:59:33.029]    DEBUG: <PixTestReadback.cc/~PixTestReadback:L89> PixTestReadback dtor, saving tree ... 
[12:59:33.029]    DEBUG: <PixTestScurves.cc/~PixTestScurves:L127> PixTestScurves dtor
[12:59:33.029]    DEBUG: <PixTestTiming.cc/~PixTestTiming:L87> PixTestTiming dtor
[12:59:33.029]    DEBUG: <PixTestTrim.cc/~PixTestTrim:L103> PixTestTrim dtor
[12:59:33.029]    DEBUG: <PixTestXray.cc/~PixTestXray:L215> PixTestXray dtor
[12:59:33.032]    QUIET: Connection to board 58 closed.
[12:59:33.033]    DEBUG: <PixMonitor.cc/dumpSummaries:L34> PixMonitor::dumpSummaries
