[12:55:22.078]     INFO: *** Welcome to pxar ***
[12:55:22.078]     INFO: *** Today: 2015/07/06
[12:55:22.078]     INFO:       reading data/yhc691015sn3p35/dacParameters_C0.dat
[12:55:22.078]     INFO:       reading data/yhc691015sn3p35/dacParameters_C1.dat
[12:55:22.078]     INFO:       reading data/yhc691015sn3p35/dacParameters_C2.dat
[12:55:22.078]     INFO:       reading data/yhc691015sn3p35/dacParameters_C3.dat
[12:55:22.078]     INFO:       reading data/yhc691015sn3p35/dacParameters_C4.dat
[12:55:22.078]     INFO:       reading data/yhc691015sn3p35/dacParameters_C5.dat
[12:55:22.078]     INFO:       reading data/yhc691015sn3p35/dacParameters_C6.dat
[12:55:22.078]     INFO:       reading data/yhc691015sn3p35/dacParameters_C7.dat
[12:55:22.078]     INFO:       reading data/yhc691015sn3p35/dacParameters_C8.dat
[12:55:22.078]     INFO:       reading data/yhc691015sn3p35/dacParameters_C9.dat
[12:55:22.078]     INFO:       reading data/yhc691015sn3p35/dacParameters_C10.dat
[12:55:22.078]     INFO:       reading data/yhc691015sn3p35/dacParameters_C11.dat
[12:55:22.078]     INFO:       reading data/yhc691015sn3p35/dacParameters_C12.dat
[12:55:22.078]     INFO:       reading data/yhc691015sn3p35/dacParameters_C13.dat
[12:55:22.079]     INFO:       reading data/yhc691015sn3p35/dacParameters_C14.dat
[12:55:22.079]     INFO:       reading data/yhc691015sn3p35/dacParameters_C15.dat
[12:55:22.079]     INFO:       reading data/yhc691015sn3p35/tbmParameters_C0a.dat
[12:55:22.079]     INFO:       reading data/yhc691015sn3p35/tbmParameters_C0b.dat
[12:55:22.079]     INFO:       reading data/yhc691015sn3p35/defaultMaskFile.dat
[12:55:22.079]     INFO: MASKED Roc 1 col/row: 33 41
[12:55:22.079]     INFO: MASKED Roc 7 col/row: 48 1
[12:55:22.079]     INFO: MASKED Roc 7 col/row: 48 2
[12:55:22.079]     INFO: MASKED Roc 7 col/row: 48 3
[12:55:22.079]     INFO: MASKED Roc 7 col/row: 49 0
[12:55:22.079]     INFO: MASKED Roc 7 col/row: 49 1
[12:55:22.079]     INFO: MASKED Roc 7 col/row: 49 2
[12:55:22.079]     INFO: MASKED Roc 7 col/row: 49 3
[12:55:22.079]     INFO: MASKED Roc 7 col/row: 49 4
[12:55:22.079]     INFO: MASKED Roc 7 col/row: 49 5
[12:55:22.079]     INFO: MASKED Roc 7 col/row: 50 0
[12:55:22.079]     INFO: MASKED Roc 7 col/row: 50 1
[12:55:22.079]     INFO: MASKED Roc 7 col/row: 50 2
[12:55:22.079]     INFO: MASKED Roc 7 col/row: 50 4
[12:55:22.079]     INFO: MASKED Roc 7 col/row: 50 5
[12:55:22.079]     INFO: MASKED Roc 7 col/row: 50 6
[12:55:22.079]     INFO: MASKED Roc 7 col/row: 51 0
[12:55:22.079]     INFO: MASKED Roc 7 col/row: 51 1
[12:55:22.079]     INFO: MASKED Roc 7 col/row: 51 2
[12:55:22.079]     INFO: MASKED Roc 7 col/row: 51 3
[12:55:22.079]     INFO: MASKED Roc 7 col/row: 51 4
[12:55:22.079]     INFO: MASKED Roc 7 col/row: 51 5
[12:55:22.079]     INFO: MASKED Roc 7 col/row: 51 6
[12:55:22.079]     INFO: MASKED Roc 7 col/row: 51 7
[12:55:22.079]     INFO: MASKED Roc 7 col/row: 51 8
[12:55:22.079]     INFO: MASKED Roc 10 col/row: 49 18
[12:55:22.079]     INFO: MASKED Roc 11 col/row: 50 45
[12:55:22.079]     INFO:       reading data/yhc691015sn3p35/trimParameters_C0.dat
[12:55:22.086]     INFO:   masking Roc 1 col/row: 33 41
[12:55:22.086]     INFO:       reading data/yhc691015sn3p35/trimParameters_C1.dat
[12:55:22.092]     INFO:       reading data/yhc691015sn3p35/trimParameters_C2.dat
[12:55:22.099]     INFO:       reading data/yhc691015sn3p35/trimParameters_C3.dat
[12:55:22.105]     INFO:       reading data/yhc691015sn3p35/trimParameters_C4.dat
[12:55:22.112]     INFO:       reading data/yhc691015sn3p35/trimParameters_C5.dat
[12:55:22.118]     INFO:       reading data/yhc691015sn3p35/trimParameters_C6.dat
[12:55:22.125]     INFO:   masking Roc 7 col/row: 48 1
[12:55:22.125]     INFO:   masking Roc 7 col/row: 48 2
[12:55:22.125]     INFO:   masking Roc 7 col/row: 48 3
[12:55:22.125]     INFO:   masking Roc 7 col/row: 49 0
[12:55:22.125]     INFO:   masking Roc 7 col/row: 49 1
[12:55:22.125]     INFO:   masking Roc 7 col/row: 49 2
[12:55:22.125]     INFO:   masking Roc 7 col/row: 49 3
[12:55:22.125]     INFO:   masking Roc 7 col/row: 49 4
[12:55:22.125]     INFO:   masking Roc 7 col/row: 49 5
[12:55:22.125]     INFO:   masking Roc 7 col/row: 50 0
[12:55:22.125]     INFO:   masking Roc 7 col/row: 50 1
[12:55:22.125]     INFO:   masking Roc 7 col/row: 50 2
[12:55:22.125]     INFO:   masking Roc 7 col/row: 50 4
[12:55:22.125]     INFO:   masking Roc 7 col/row: 50 5
[12:55:22.125]     INFO:   masking Roc 7 col/row: 50 6
[12:55:22.125]     INFO:   masking Roc 7 col/row: 51 0
[12:55:22.125]     INFO:   masking Roc 7 col/row: 51 1
[12:55:22.125]     INFO:   masking Roc 7 col/row: 51 2
[12:55:22.125]     INFO:   masking Roc 7 col/row: 51 3
[12:55:22.125]     INFO:   masking Roc 7 col/row: 51 4
[12:55:22.125]     INFO:   masking Roc 7 col/row: 51 5
[12:55:22.125]     INFO:   masking Roc 7 col/row: 51 6
[12:55:22.125]     INFO:   masking Roc 7 col/row: 51 7
[12:55:22.125]     INFO:   masking Roc 7 col/row: 51 8
[12:55:22.125]     INFO:       reading data/yhc691015sn3p35/trimParameters_C7.dat
[12:55:22.131]     INFO:       reading data/yhc691015sn3p35/trimParameters_C8.dat
[12:55:22.138]     INFO:       reading data/yhc691015sn3p35/trimParameters_C9.dat
[12:55:22.144]     INFO:   masking Roc 10 col/row: 49 18
[12:55:22.144]     INFO:       reading data/yhc691015sn3p35/trimParameters_C10.dat
[12:55:22.150]     INFO:   masking Roc 11 col/row: 50 45
[12:55:22.150]     INFO:       reading data/yhc691015sn3p35/trimParameters_C11.dat
[12:55:22.157]     INFO:       reading data/yhc691015sn3p35/trimParameters_C12.dat
[12:55:22.163]     INFO:       reading data/yhc691015sn3p35/trimParameters_C13.dat
[12:55:22.169]     INFO:       reading data/yhc691015sn3p35/trimParameters_C14.dat
[12:55:22.176]     INFO:       reading data/yhc691015sn3p35/trimParameters_C15.dat
[12:55:22.182]     INFO:       reading data/yhc691015sn3p35/tbParameters.dat
[12:55:22.182]     INFO:         clk: 4
[12:55:22.182]     INFO:         ctr: 4
[12:55:22.182]     INFO:         sda: 19
[12:55:22.182]     INFO:         tin: 9
[12:55:22.182]     INFO:         level: 15
[12:55:22.182]     INFO:         triggerdelay: 0
[12:55:22.182]    QUIET: Instanciating API for pxar v1.9.0
[12:55:22.182]     INFO: Log level: DEBUG
[12:55:22.196]    QUIET: Connection to board DTB_WRPRHI opened.
[12:55:22.199]     INFO: DTB startup information
--- DTB info------------------------------------------
Board id:    58
HW version:  DTB1.2
FW version:  3.2
SW version:  3.6
USB id:      DTB_WRPRHI
MAC address: 40D85511803A
Hostname:    pixelDTB058
Comment:     
------------------------------------------------------
[12:55:22.202]     INFO: RPC call hashes of host and DTB match: 413001178
[12:55:23.812]     INFO: DUT info: 
[12:55:23.812]     INFO: The DUT currently contains the following objects:
[12:55:23.812]     INFO:  2 TBM Cores (2 ON)
[12:55:23.812]     INFO: 	TBM Core alpha (0): 7 registers set
[12:55:23.812]     INFO: 	TBM Core beta  (1): 7 registers set
[12:55:23.812]     INFO: 16 ROCs (16 ON) with 4160 pixelConfigs
[12:55:23.812]     INFO: 	ROC 0: 19 DACs set, Pixels: 0 masked, 4160 active.
[12:55:23.812]     INFO: 	ROC 1: 19 DACs set, Pixels: 1 masked, 4160 active.
[12:55:23.812]     INFO: 	ROC 2: 19 DACs set, Pixels: 0 masked, 4160 active.
[12:55:23.812]     INFO: 	ROC 3: 19 DACs set, Pixels: 0 masked, 4160 active.
[12:55:23.812]     INFO: 	ROC 4: 19 DACs set, Pixels: 0 masked, 4160 active.
[12:55:23.812]     INFO: 	ROC 5: 19 DACs set, Pixels: 0 masked, 4160 active.
[12:55:23.812]     INFO: 	ROC 6: 19 DACs set, Pixels: 0 masked, 4160 active.
[12:55:23.812]     INFO: 	ROC 7: 19 DACs set, Pixels: 24 masked, 4160 active.
[12:55:23.812]     INFO: 	ROC 8: 19 DACs set, Pixels: 0 masked, 4160 active.
[12:55:23.812]     INFO: 	ROC 9: 19 DACs set, Pixels: 0 masked, 4160 active.
[12:55:23.812]     INFO: 	ROC 10: 19 DACs set, Pixels: 1 masked, 4160 active.
[12:55:23.812]     INFO: 	ROC 11: 19 DACs set, Pixels: 1 masked, 4160 active.
[12:55:23.812]     INFO: 	ROC 12: 19 DACs set, Pixels: 0 masked, 4160 active.
[12:55:23.812]     INFO: 	ROC 13: 19 DACs set, Pixels: 0 masked, 4160 active.
[12:55:23.812]     INFO: 	ROC 14: 19 DACs set, Pixels: 0 masked, 4160 active.
[12:55:23.812]     INFO: 	ROC 15: 19 DACs set, Pixels: 0 masked, 4160 active.
[12:55:23.813]    DEBUG: <PixTestParameters.cc/dump:L104> PixTestParameters: ->BB<-
[12:55:23.813]    DEBUG: <PixTestParameters.cc/dump:L107>   dumpall: checkbox(0)
[12:55:23.813]    DEBUG: <PixTestParameters.cc/dump:L107>   dumpproblematic: checkbox(0)
[12:55:23.813]    DEBUG: <PixTestParameters.cc/dump:L107>   ntrig: 5
[12:55:23.813]    DEBUG: <PixTestParameters.cc/dump:L107>   vcals: 250
[12:55:23.813]    DEBUG: <PixTestParameters.cc/dump:L104> PixTestParameters: ->BB2<-
[12:55:23.813]    DEBUG: <PixTestParameters.cc/dump:L107>   ntrig: 10
[12:55:23.813]    DEBUG: <PixTestParameters.cc/dump:L107>   vcals: 222
[12:55:23.813]    DEBUG: <PixTestParameters.cc/dump:L107>   plwidth: 35
[12:55:23.813]    DEBUG: <PixTestParameters.cc/dump:L107>   pix: 11,20
[12:55:23.813]    DEBUG: <PixTestParameters.cc/dump:L107>   targetia: 24
[12:55:23.813]    DEBUG: <PixTestParameters.cc/dump:L104> PixTestParameters: ->DacDacScan<-
[12:55:23.813]    DEBUG: <PixTestParameters.cc/dump:L107>   phmap: checkbox
[12:55:23.813]    DEBUG: <PixTestParameters.cc/dump:L107>   ntrig: 10
[12:55:23.813]    DEBUG: <PixTestParameters.cc/dump:L107>   dac1: caldel
[12:55:23.813]    DEBUG: <PixTestParameters.cc/dump:L107>   dac1lo: 0
[12:55:23.813]    DEBUG: <PixTestParameters.cc/dump:L107>   dac1hi: 255
[12:55:23.813]    DEBUG: <PixTestParameters.cc/dump:L107>   dac2: vthrcomp
[12:55:23.813]    DEBUG: <PixTestParameters.cc/dump:L107>   dac2lo: 0
[12:55:23.813]    DEBUG: <PixTestParameters.cc/dump:L107>   dac2hi: 255
[12:55:23.813]    DEBUG: <PixTestParameters.cc/dump:L107>   pix: 11,20
[12:55:23.813]    DEBUG: <PixTestParameters.cc/dump:L104> PixTestParameters: ->DacScan<-
[12:55:23.813]    DEBUG: <PixTestParameters.cc/dump:L107>   phmap: checkbox(1)
[12:55:23.813]    DEBUG: <PixTestParameters.cc/dump:L107>   ntrig: 10
[12:55:23.813]    DEBUG: <PixTestParameters.cc/dump:L107>   dac: vcal
[12:55:23.813]    DEBUG: <PixTestParameters.cc/dump:L107>   daclo: 0
[12:55:23.813]    DEBUG: <PixTestParameters.cc/dump:L107>   dachi: 255
[12:55:23.813]    DEBUG: <PixTestParameters.cc/dump:L107>   pix: 11,20
[12:55:23.813]    DEBUG: <PixTestParameters.cc/dump:L104> PixTestParameters: ->GainPedestal<-
[12:55:23.813]    DEBUG: <PixTestParameters.cc/dump:L107>   showfits: checkbox(0)
[12:55:23.813]    DEBUG: <PixTestParameters.cc/dump:L107>   extended: checkbox(0)
[12:55:23.813]    DEBUG: <PixTestParameters.cc/dump:L107>   dumphists: checkbox(0)
[12:55:23.813]    DEBUG: <PixTestParameters.cc/dump:L107>   ntrig: 10
[12:55:23.813]    DEBUG: <PixTestParameters.cc/dump:L107>   measure: button
[12:55:23.813]    DEBUG: <PixTestParameters.cc/dump:L107>   fit: button
[12:55:23.813]    DEBUG: <PixTestParameters.cc/dump:L107>   save: button
[12:55:23.813]    DEBUG: <PixTestParameters.cc/dump:L104> PixTestParameters: ->HighRate<-
[12:55:23.813]    DEBUG: <PixTestParameters.cc/dump:L107>   pix: 11,20
[12:55:23.813]    DEBUG: <PixTestParameters.cc/dump:L107>   maskhotpixels: button
[12:55:23.813]    DEBUG: <PixTestParameters.cc/dump:L107>   savemaskfile: checkbox(0)
[12:55:23.813]    DEBUG: <PixTestParameters.cc/dump:L107>   maskfilename: default
[12:55:23.813]    DEBUG: <PixTestParameters.cc/dump:L107>   caldelscan: button
[12:55:23.813]    DEBUG: <PixTestParameters.cc/dump:L107>   xpixelalive: button
[12:55:23.813]    DEBUG: <PixTestParameters.cc/dump:L107>   ntrig: 5
[12:55:23.813]    DEBUG: <PixTestParameters.cc/dump:L107>   vcal: 200
[12:55:23.813]    DEBUG: <PixTestParameters.cc/dump:L107>   rundaq: button
[12:55:23.813]    DEBUG: <PixTestParameters.cc/dump:L107>   trgfrequency(khz): 20
[12:55:23.813]    DEBUG: <PixTestParameters.cc/dump:L107>   runseconds: 5
[12:55:23.813]    DEBUG: <PixTestParameters.cc/dump:L107>   triggerdelay: 100
[12:55:23.813]    DEBUG: <PixTestParameters.cc/dump:L107>   delaytbm: checkbox
[12:55:23.813]    DEBUG: <PixTestParameters.cc/dump:L107>   filltree: checkbox
[12:55:23.813]    DEBUG: <PixTestParameters.cc/dump:L104> PixTestParameters: ->IV<-
[12:55:23.813]    DEBUG: <PixTestParameters.cc/dump:L107>   port: /dev/FIXME
[12:55:23.813]    DEBUG: <PixTestParameters.cc/dump:L107>   voltagestart: 0
[12:55:23.813]    DEBUG: <PixTestParameters.cc/dump:L107>   voltagestop: 600
[12:55:23.813]    DEBUG: <PixTestParameters.cc/dump:L107>   voltagestep: 5
[12:55:23.813]    DEBUG: <PixTestParameters.cc/dump:L107>   delay: 1
[12:55:23.813]    DEBUG: <PixTestParameters.cc/dump:L107>   compliance(ua): 100
[12:55:23.813]    DEBUG: <PixTestParameters.cc/dump:L104> PixTestParameters: ->PhOptimization<-
[12:55:23.813]    DEBUG: <PixTestParameters.cc/dump:L107>   ntrig: 10
[12:55:23.813]    DEBUG: <PixTestParameters.cc/dump:L107>   safetymarginlow: 20
[12:55:23.813]    DEBUG: <PixTestParameters.cc/dump:L107>   saturationvcal: 100
[12:55:23.813]    DEBUG: <PixTestParameters.cc/dump:L107>   quantilesaturation: 0.98
[12:55:23.814]    DEBUG: <PixTestParameters.cc/dump:L104> PixTestParameters: ->PixelAlive<-
[12:55:23.814]    DEBUG: <PixTestParameters.cc/dump:L107>   ntrig: 10
[12:55:23.814]    DEBUG: <PixTestParameters.cc/dump:L107>   vcal: 200
[12:55:23.814]    DEBUG: <PixTestParameters.cc/dump:L107>   alivetest: button
[12:55:23.814]    DEBUG: <PixTestParameters.cc/dump:L107>   masktest: button
[12:55:23.814]    DEBUG: <PixTestParameters.cc/dump:L107>   addressdecodingtest: button
[12:55:23.814]    DEBUG: <PixTestParameters.cc/dump:L104> PixTestParameters: ->Pretest<-
[12:55:23.814]    DEBUG: <PixTestParameters.cc/dump:L107>   programroc: button
[12:55:23.814]    DEBUG: <PixTestParameters.cc/dump:L107>   targetia: 24
[12:55:23.814]    DEBUG: <PixTestParameters.cc/dump:L107>   setvana: button
[12:55:23.814]    DEBUG: <PixTestParameters.cc/dump:L107>   iterations: 100
[12:55:23.814]    DEBUG: <PixTestParameters.cc/dump:L107>   settimings: button
[12:55:23.814]    DEBUG: <PixTestParameters.cc/dump:L107>   findworkingpixel: button
[12:55:23.814]    DEBUG: <PixTestParameters.cc/dump:L107>   setvthrcompcaldel: button
[12:55:23.814]    DEBUG: <PixTestParameters.cc/dump:L107>   pix: 11,20
[12:55:23.814]    DEBUG: <PixTestParameters.cc/dump:L107>   vcal: 250
[12:55:23.814]    DEBUG: <PixTestParameters.cc/dump:L107>   deltavthrcomp: 50
[12:55:23.814]    DEBUG: <PixTestParameters.cc/dump:L107>   fraccaldel: 0.5
[12:55:23.814]    DEBUG: <PixTestParameters.cc/dump:L107>   ntrig: 5
[12:55:23.814]    DEBUG: <PixTestParameters.cc/dump:L107>   savedacs: button
[12:55:23.814]    DEBUG: <PixTestParameters.cc/dump:L104> PixTestParameters: ->Readback<-
[12:55:23.814]    DEBUG: <PixTestParameters.cc/dump:L107>   calibratevd: button
[12:55:23.814]    DEBUG: <PixTestParameters.cc/dump:L107>   calibrateva: button
[12:55:23.814]    DEBUG: <PixTestParameters.cc/dump:L107>   calibrateia: button
[12:55:23.814]    DEBUG: <PixTestParameters.cc/dump:L107>   readbackvbg: button
[12:55:23.814]    DEBUG: <PixTestParameters.cc/dump:L107>   getcalibratedvbg: button
[12:55:23.814]    DEBUG: <PixTestParameters.cc/dump:L107>   usecalvd: checkbox(1)
[12:55:23.814]    DEBUG: <PixTestParameters.cc/dump:L107>   usecalva: checkbox(0)
[12:55:23.814]    DEBUG: <PixTestParameters.cc/dump:L107>   getcalibratedia: button
[12:55:23.814]    DEBUG: <PixTestParameters.cc/dump:L107>   setvana: button
[12:55:23.814]    DEBUG: <PixTestParameters.cc/dump:L104> PixTestParameters: ->Scurves<-
[12:55:23.814]    DEBUG: <PixTestParameters.cc/dump:L107>   adjustvcal: checkbox(1)
[12:55:23.814]    DEBUG: <PixTestParameters.cc/dump:L107>   dumpall: checkbox(0)
[12:55:23.814]    DEBUG: <PixTestParameters.cc/dump:L107>   dumpproblematic: checkbox(0)
[12:55:23.814]    DEBUG: <PixTestParameters.cc/dump:L107>   ntrig: 50
[12:55:23.814]    DEBUG: <PixTestParameters.cc/dump:L107>   dac: VthrComp
[12:55:23.814]    DEBUG: <PixTestParameters.cc/dump:L107>   daclo: 0
[12:55:23.814]    DEBUG: <PixTestParameters.cc/dump:L107>   dachi: 200
[12:55:23.814]    DEBUG: <PixTestParameters.cc/dump:L107>   dacs/step: 10
[12:55:23.814]    DEBUG: <PixTestParameters.cc/dump:L107>   scurves: button
[12:55:23.814]    DEBUG: <PixTestParameters.cc/dump:L104> PixTestParameters: ->Timing<-
[12:55:23.814]    DEBUG: <PixTestParameters.cc/dump:L107>   fastscan: checkbox(0)
[12:55:23.814]    DEBUG: <PixTestParameters.cc/dump:L107>   targetclk: 4
[12:55:23.814]    DEBUG: <PixTestParameters.cc/dump:L107>   ntrig: 10
[12:55:23.814]    DEBUG: <PixTestParameters.cc/dump:L107>   clocksdascan: button
[12:55:23.814]    DEBUG: <PixTestParameters.cc/dump:L107>   phasescan: button
[12:55:23.814]    DEBUG: <PixTestParameters.cc/dump:L107>   levelscan: button
[12:55:23.814]    DEBUG: <PixTestParameters.cc/dump:L107>   saveparameters: button
[12:55:23.814]    DEBUG: <PixTestParameters.cc/dump:L107>   timingtest: button
[12:55:23.814]    DEBUG: <PixTestParameters.cc/dump:L104> PixTestParameters: ->Trim<-
[12:55:23.814]    DEBUG: <PixTestParameters.cc/dump:L107>   trim: button
[12:55:23.814]    DEBUG: <PixTestParameters.cc/dump:L107>   ntrig: 10
[12:55:23.814]    DEBUG: <PixTestParameters.cc/dump:L107>   vcal: 35
[12:55:23.814]    DEBUG: <PixTestParameters.cc/dump:L107>   trimbits: button
[12:55:23.814]    DEBUG: <PixTestParameters.cc/dump:L104> PixTestParameters: ->Xray<-
[12:55:23.814]    DEBUG: <PixTestParameters.cc/dump:L107>   maskhotpixels: button
[12:55:23.814]    DEBUG: <PixTestParameters.cc/dump:L107>   savemaskfile: checkbox(0)
[12:55:23.814]    DEBUG: <PixTestParameters.cc/dump:L107>   maskfilename: default
[12:55:23.814]    DEBUG: <PixTestParameters.cc/dump:L107>   source: Ag
[12:55:23.814]    DEBUG: <PixTestParameters.cc/dump:L107>   phrun: button
[12:55:23.814]    DEBUG: <PixTestParameters.cc/dump:L107>   runseconds: 100
[12:55:23.814]    DEBUG: <PixTestParameters.cc/dump:L107>   trgfrequency(khz): 100
[12:55:23.814]    DEBUG: <PixTestParameters.cc/dump:L107>   ratescan: button
[12:55:23.814]    DEBUG: <PixTestParameters.cc/dump:L107>   vthrcompmin: 10
[12:55:23.814]    DEBUG: <PixTestParameters.cc/dump:L107>   vthrcompmax: 80
[12:55:23.814]    DEBUG: <PixTestParameters.cc/dump:L107>   stepseconds: 5
[12:55:23.814]    DEBUG: <PixTestParameters.cc/dump:L107>   delaytbm: checkbox
[12:55:23.814]    DEBUG: <PixTestParameters.cc/dump:L107>   filltree: checkbox
[12:55:23.815]    DEBUG: <PixSetup.cc/init:L81> PixSetup init start; getCurrentRSS() = 32935936
[12:55:23.815]    DEBUG: <PixSetup.cc/init:L87> fPixTestParameters = 0x1854f20
[12:55:23.815]    DEBUG: <PixSetup.cc/init:L88>  fConfigParameters = 0x1798890
[12:55:23.815]    DEBUG: <PixSetup.cc/init:L89>        fPxarMemory = 0x7fb4c1d94010
[12:55:23.815]    DEBUG: <PixSetup.cc/init:L90>         fPxarMemHi = 0x7fb4c7fff510
[12:55:23.815]    DEBUG: <PixSetup.cc/init:L106> PixSetup init done;  getCurrentRSS() = 32944128 fPxarMemory = 0x7fb4c1d94010
[12:55:24.304]    DEBUG: <PixGui.cc/hvOn:L457> HV set On: 0x1e2f190
[12:55:24.362]    DEBUG: <PixTestFactory.cc/PixTestFactory:L50> PixTestFactory::PixTestFactory()
[12:55:24.363]    DEBUG: <PixTestBBMap.cc/init:L78> PixTestBBMap::init()
[12:55:24.363]    DEBUG: <PixTestBBMap.cc/PixTestBBMap:L26> PixTestBBMap ctor(PixSetup &a, string, TGTab *)
[12:55:24.369]    DEBUG: <PixTestBB2Map.cc/setParameter:L57> setting fTargetIa    = 24 mA/ROC
[12:55:24.369]    DEBUG: <PixTestBB2Map.cc/init:L96> PixTestBB2Map::init()
[12:55:24.369]    DEBUG: <PixTestBB2Map.cc/PixTestBB2Map:L28> PixTestBB2Map ctor(PixSetup &a, string, TGTab *)
[12:55:24.377]    DEBUG: <PixTestDacDacScan.cc/init:L102> PixTestDacDacScan::init()
[12:55:24.377]    DEBUG: <PixTestDacDacScan.cc/PixTestDacDacScan:L21> PixTestDacDacScan ctor(PixSetup &a, string, TGTab *)
[12:55:24.405]    DEBUG: <PixTestHighRate.cc/setParameter:L66>   setting fParTriggerFrequency -> 20
[12:55:24.405]    DEBUG: <PixTestHighRate.cc/init:L156> PixTestHighRate::init()
[12:55:24.405]    DEBUG: <PixTestHighRate.cc/PixTestHighRate:L29> PixTestHighRate ctor(PixSetup &a, string, TGTab *)
[12:55:24.405]     INFO:       reading data/yhc691015sn3p35/phCalibrationFitErr_C0.dat
[12:55:24.405]    ERROR: <ConfigParameters.cc/readGainPedestalParameters:L953> cannot open data/yhc691015sn3p35/phCalibrationFitErr_C0.dat for reading PH calibration constants
[12:55:24.432]    DEBUG: <PixTest.cc/setTestParameter:L577>  setting  ntrig to new value 10
[12:55:24.432]    DEBUG: <PixTestPhOptimization.cc/setParameter:L36>   setting fParNtrig  ->10<- from sval = 10
[12:55:24.432]    DEBUG: <PixTestPhOptimization.cc/setParameter:L41>   setting fSafetyMarginLow  ->20<- from sval = 20
[12:55:24.432]    DEBUG: <PixTestPhOptimization.cc/setParameter:L47>   setting fVcalMax  ->100<- from sval = 100
[12:55:24.432]    DEBUG: <PixTestPhOptimization.cc/setParameter:L52>   setting fQuantMax  ->0.98<- from sval = 0.98
[12:55:24.439]    DEBUG: <PixTestAlive.cc/init:L76> PixTestAlive::init()
[12:55:24.439]    DEBUG: <PixTestAlive.cc/PixTestAlive:L20> PixTestAlive ctor(PixSetup &a, string, TGTab *)
[12:55:24.451]    DEBUG: <PixTestReadback.cc/setParameter:L184> fCalwVd set to 1
[12:55:24.451]    DEBUG: <PixTestReadback.cc/init:L96> PixTestReadback::init()
[12:55:24.451]    DEBUG: <PixTestReadback.cc/PixTestReadback:L22> PixTestReadback ctor(PixSetup &a, string, TGTab *)
[12:55:24.451]     INFO:       reading data/yhc691015sn3p35/readbackCal_C0.dat
[12:55:24.451]     INFO:       reading data/yhc691015sn3p35/readbackCal_C1.dat
[12:55:24.451]     INFO:       reading data/yhc691015sn3p35/readbackCal_C2.dat
[12:55:24.451]     INFO:       reading data/yhc691015sn3p35/readbackCal_C3.dat
[12:55:24.451]     INFO:       reading data/yhc691015sn3p35/readbackCal_C4.dat
[12:55:24.451]     INFO:       reading data/yhc691015sn3p35/readbackCal_C5.dat
[12:55:24.451]     INFO:       reading data/yhc691015sn3p35/readbackCal_C6.dat
[12:55:24.451]     INFO:       reading data/yhc691015sn3p35/readbackCal_C7.dat
[12:55:24.451]     INFO:       reading data/yhc691015sn3p35/readbackCal_C8.dat
[12:55:24.451]     INFO:       reading data/yhc691015sn3p35/readbackCal_C9.dat
[12:55:24.451]     INFO:       reading data/yhc691015sn3p35/readbackCal_C10.dat
[12:55:24.451]     INFO:       reading data/yhc691015sn3p35/readbackCal_C11.dat
[12:55:24.451]     INFO:       reading data/yhc691015sn3p35/readbackCal_C12.dat
[12:55:24.452]     INFO:       reading data/yhc691015sn3p35/readbackCal_C13.dat
[12:55:24.452]     INFO:       reading data/yhc691015sn3p35/readbackCal_C14.dat
[12:55:24.452]     INFO:       reading data/yhc691015sn3p35/readbackCal_C15.dat
[12:55:24.452]     INFO:       reading data/yhc691015sn3p35/phCalibrationFitErr_C0.dat
[12:55:24.452]    ERROR: <ConfigParameters.cc/readGainPedestalParameters:L953> cannot open data/yhc691015sn3p35/phCalibrationFitErr_C0.dat for reading PH calibration constants
[12:55:24.471]    DEBUG: <PixTestTiming.cc/setParameter:L45> fFastScan: 0
[12:55:24.471]    DEBUG: <PixTestTiming.cc/setParameter:L50> PixTestTiming::PixTest() targetclk = 4
[12:55:24.471]    DEBUG: <PixTestTiming.cc/setParameter:L54> PixTestTiming::PixTest() ntrig = 10
[12:55:24.471]    DEBUG: <PixTestTiming.cc/init:L64> PixTestTiming::init()
[12:55:24.483]    DEBUG: <PixTestXray.cc/init:L132> PixTestXray::init()
[12:55:24.483]    DEBUG: <PixTestXray.cc/PixTestXray:L26> PixTestXray ctor(PixSetup &a, string, TGTab *)
[12:55:24.484]     INFO:       reading data/yhc691015sn3p35/phCalibrationFitErr_C0.dat
[12:55:24.484]    ERROR: <ConfigParameters.cc/readGainPedestalParameters:L953> cannot open data/yhc691015sn3p35/phCalibrationFitErr_C0.dat for reading PH calibration constants
[12:55:32.726]     INFO: ######################################################################
[12:55:32.726]     INFO: PixTestHighRate::doTest()
[12:55:32.726]     INFO: ######################################################################
[12:55:32.726]     INFO:    ----------------------------------------------------------------------
[12:55:32.726]     INFO:    PixTestHighRate::calDelScan() ntrig = 10, vcal = 200
[12:55:32.726]     INFO:    ----------------------------------------------------------------------
[12:55:33.807]     INFO: Test took 1076ms.
[12:55:33.810]     INFO:       reading data/yhc691015sn3p35/defaultMaskFile.dat
[12:55:33.810]     INFO: ROC 1 masking pixel 33/41
[12:55:33.811]     INFO: ROC 7 masking pixel 48/1
[12:55:33.811]     INFO: ROC 7 masking pixel 48/2
[12:55:33.811]     INFO: ROC 7 masking pixel 48/3
[12:55:33.811]     INFO: ROC 7 masking pixel 49/0
[12:55:33.811]     INFO: ROC 7 masking pixel 49/1
[12:55:33.811]     INFO: ROC 7 masking pixel 49/2
[12:55:33.811]     INFO: ROC 7 masking pixel 49/3
[12:55:33.811]     INFO: ROC 7 masking pixel 49/4
[12:55:33.811]     INFO: ROC 7 masking pixel 49/5
[12:55:33.811]     INFO: ROC 7 masking pixel 50/0
[12:55:33.811]     INFO: ROC 7 masking pixel 50/1
[12:55:33.811]     INFO: ROC 7 masking pixel 50/2
[12:55:33.811]     INFO: ROC 7 masking pixel 50/4
[12:55:33.811]     INFO: ROC 7 masking pixel 50/5
[12:55:33.811]     INFO: ROC 7 masking pixel 50/6
[12:55:33.811]     INFO: ROC 7 masking pixel 51/0
[12:55:33.811]     INFO: ROC 7 masking pixel 51/1
[12:55:33.811]     INFO: ROC 7 masking pixel 51/2
[12:55:33.811]     INFO: ROC 7 masking pixel 51/3
[12:55:33.811]     INFO: ROC 7 masking pixel 51/4
[12:55:33.811]     INFO: ROC 7 masking pixel 51/5
[12:55:33.811]     INFO: ROC 7 masking pixel 51/6
[12:55:33.811]     INFO: ROC 7 masking pixel 51/7
[12:55:33.811]     INFO: ROC 7 masking pixel 51/8
[12:55:33.811]     INFO: ROC 10 masking pixel 49/18
[12:55:33.811]     INFO: ROC 11 masking pixel 50/45
[12:55:33.811]  WARNING: Pattern generator does not contain a trigger signal. No data is expected from the DUT!
[12:55:37.975]     INFO: IGNORE THE WARNING ABOVE (resetROC sent)!
[12:55:38.178]    DEBUG: <PixTest.cc/xEfficiencyMaps:L1875>       attempt #0
[12:55:41.303]     INFO: Test took 3125ms.
[12:55:41.453]     INFO: Fetched DAQ statistics. Counters are being reset now.
[12:55:41.485]    DEBUG: <PixTest.cc/xEfficiencyMaps:L1936> Size of results from : PixTestHighRate::xEfficiencyMaps: 474644
[12:55:41.491]    DEBUG: <PixTest.cc/xEfficiencyMaps:L1875>       attempt #0
[12:55:44.741]     INFO: Test took 3250ms.
[12:55:44.896]     INFO: Fetched DAQ statistics. Counters are being reset now.
[12:55:44.929]    DEBUG: <PixTest.cc/xEfficiencyMaps:L1936> Size of results from : PixTestHighRate::xEfficiencyMaps: 482388
[12:55:44.935]    DEBUG: <PixTest.cc/xEfficiencyMaps:L1875>       attempt #0
[12:55:48.194]     INFO: Test took 3259ms.
[12:55:48.352]     INFO: Fetched DAQ statistics. Counters are being reset now.
[12:55:48.385]    DEBUG: <PixTest.cc/xEfficiencyMaps:L1936> Size of results from : PixTestHighRate::xEfficiencyMaps: 486795
[12:55:48.391]    DEBUG: <PixTest.cc/xEfficiencyMaps:L1875>       attempt #0
[12:55:51.660]     INFO: Test took 3269ms.
[12:55:51.819]     INFO: Fetched DAQ statistics. Counters are being reset now.
[12:55:51.853]    DEBUG: <PixTest.cc/xEfficiencyMaps:L1936> Size of results from : PixTestHighRate::xEfficiencyMaps: 486439
[12:55:51.859]    DEBUG: <PixTest.cc/xEfficiencyMaps:L1875>       attempt #0
[12:55:55.151]     INFO: Test took 3292ms.
[12:55:55.311]     INFO: Fetched DAQ statistics. Counters are being reset now.
[12:55:55.344]    DEBUG: <PixTest.cc/xEfficiencyMaps:L1936> Size of results from : PixTestHighRate::xEfficiencyMaps: 484522
[12:55:55.350]    DEBUG: <PixTest.cc/xEfficiencyMaps:L1875>       attempt #0
[12:55:58.624]     INFO: Test took 3274ms.
[12:55:58.785]     INFO: Fetched DAQ statistics. Counters are being reset now.
[12:55:58.818]    DEBUG: <PixTest.cc/xEfficiencyMaps:L1936> Size of results from : PixTestHighRate::xEfficiencyMaps: 487350
[12:55:58.824]    DEBUG: <PixTest.cc/xEfficiencyMaps:L1875>       attempt #0
[12:56:02.130]     INFO: Test took 3306ms.
[12:56:02.290]     INFO: Fetched DAQ statistics. Counters are being reset now.
[12:56:02.323]    DEBUG: <PixTest.cc/xEfficiencyMaps:L1936> Size of results from : PixTestHighRate::xEfficiencyMaps: 486438
[12:56:02.329]    DEBUG: <PixTest.cc/xEfficiencyMaps:L1875>       attempt #0
[12:56:04.197]  WARNING: ROC 2: Readback start marker after 15 readouts!
[12:56:04.197]    ERROR: <datapipe.cc/DecodeDeser400:L294> Number of ROCs (4) != Token Chain Length (8)
[12:56:04.197]    ERROR: <datapipe.cc/DecodeDeser400:L294> Number of ROCs (4) != Token Chain Length (8)
[12:56:04.197]  WARNING: ROC 2: Readback start marker after 1 readouts!
[12:56:04.197]  WARNING: ROC 4: Readback start marker after 15 readouts!
[12:56:04.197]  WARNING: ROC 5: Readback start marker after 15 readouts!
[12:56:04.197]  WARNING: ROC 7: Readback start marker after 15 readouts!
[12:56:04.197]  WARNING: ROC 4: Readback start marker after 15 readouts!
[12:56:04.197]  WARNING: ROC 5: Readback start marker after 15 readouts!
[12:56:04.197]  WARNING: ROC 6: Readback start marker after 15 readouts!
[12:56:04.197]  WARNING: ROC 7: Readback start marker after 15 readouts!
[12:56:04.197]  WARNING: ROC 6: Readback start marker after 31 readouts!
[12:56:05.616]     INFO: Test took 3287ms.
[12:56:05.777]     INFO: Fetched DAQ statistics. Counters are being reset now.
[12:56:05.810]    DEBUG: <PixTest.cc/xEfficiencyMaps:L1936> Size of results from : PixTestHighRate::xEfficiencyMaps: 486976
[12:56:05.816]    DEBUG: <PixTest.cc/xEfficiencyMaps:L1875>       attempt #0
[12:56:09.100]     INFO: Test took 3284ms.
[12:56:09.260]     INFO: Fetched DAQ statistics. Counters are being reset now.
[12:56:09.294]    DEBUG: <PixTest.cc/xEfficiencyMaps:L1936> Size of results from : PixTestHighRate::xEfficiencyMaps: 486583
[12:56:09.300]    DEBUG: <PixTest.cc/xEfficiencyMaps:L1875>       attempt #0
[12:56:12.598]     INFO: Test took 3298ms.
[12:56:12.758]     INFO: Fetched DAQ statistics. Counters are being reset now.
[12:56:12.793]    DEBUG: <PixTest.cc/xEfficiencyMaps:L1936> Size of results from : PixTestHighRate::xEfficiencyMaps: 487184
[12:56:12.799]    DEBUG: <PixTest.cc/xEfficiencyMaps:L1875>       attempt #0
[12:56:16.081]     INFO: Test took 3282ms.
[12:56:16.242]     INFO: Fetched DAQ statistics. Counters are being reset now.
[12:56:16.276]    DEBUG: <PixTest.cc/xEfficiencyMaps:L1936> Size of results from : PixTestHighRate::xEfficiencyMaps: 486338
[12:56:16.282]    DEBUG: <PixTest.cc/xEfficiencyMaps:L1875>       attempt #0
[12:56:19.566]     INFO: Test took 3284ms.
[12:56:19.728]     INFO: Fetched DAQ statistics. Counters are being reset now.
[12:56:19.762]    DEBUG: <PixTest.cc/xEfficiencyMaps:L1936> Size of results from : PixTestHighRate::xEfficiencyMaps: 487503
[12:56:19.768]    DEBUG: <PixTest.cc/xEfficiencyMaps:L1875>       attempt #0
[12:56:23.066]     INFO: Test took 3298ms.
[12:56:23.226]     INFO: Fetched DAQ statistics. Counters are being reset now.
[12:56:23.259]    DEBUG: <PixTest.cc/xEfficiencyMaps:L1936> Size of results from : PixTestHighRate::xEfficiencyMaps: 487164
[12:56:23.265]    DEBUG: <PixTest.cc/xEfficiencyMaps:L1875>       attempt #0
[12:56:26.580]     INFO: Test took 3315ms.
[12:56:26.741]     INFO: Fetched DAQ statistics. Counters are being reset now.
[12:56:26.775]    DEBUG: <PixTest.cc/xEfficiencyMaps:L1936> Size of results from : PixTestHighRate::xEfficiencyMaps: 487518
[12:56:26.781]    DEBUG: <PixTest.cc/xEfficiencyMaps:L1875>       attempt #0
[12:56:28.846]    ERROR: <datapipe.cc/DecodeDeser400:L294> Number of ROCs (6) != Token Chain Length (8)
[12:56:28.846]    ERROR: <datapipe.cc/DecodeDeser400:L294> Number of ROCs (6) != Token Chain Length (8)
[12:56:28.846]  WARNING: ROC 6: Readback start marker after 15 readouts!
[12:56:28.846]  WARNING: ROC 7: Readback start marker after 15 readouts!
[12:56:28.846]  WARNING: ROC 6: Readback start marker after 15 readouts!
[12:56:28.846]  WARNING: ROC 7: Readback start marker after 15 readouts!
[12:56:30.092]     INFO: Test took 3311ms.
[12:56:30.252]     INFO: Fetched DAQ statistics. Counters are being reset now.
[12:56:30.285]    DEBUG: <PixTest.cc/xEfficiencyMaps:L1936> Size of results from : PixTestHighRate::xEfficiencyMaps: 486966
[12:56:30.292]    DEBUG: <PixTest.cc/xEfficiencyMaps:L1875>       attempt #0
[12:56:33.591]     INFO: Test took 3299ms.
[12:56:33.752]     INFO: Fetched DAQ statistics. Counters are being reset now.
[12:56:33.786]    DEBUG: <PixTest.cc/xEfficiencyMaps:L1936> Size of results from : PixTestHighRate::xEfficiencyMaps: 489058
[12:56:33.792]    DEBUG: <PixTest.cc/xEfficiencyMaps:L1875>       attempt #0
[12:56:37.088]     INFO: Test took 3296ms.
[12:56:37.247]     INFO: Fetched DAQ statistics. Counters are being reset now.
[12:56:37.281]    DEBUG: <PixTest.cc/xEfficiencyMaps:L1936> Size of results from : PixTestHighRate::xEfficiencyMaps: 486773
[12:56:37.287]    DEBUG: <PixTest.cc/xEfficiencyMaps:L1875>       attempt #0
[12:56:39.296]    ERROR: <datapipe.cc/DecodeDeser400:L294> Number of ROCs (6) != Token Chain Length (8)
[12:56:39.299]    ERROR: <datapipe.cc/DecodeDeser400:L294> Number of ROCs (6) != Token Chain Length (8)
[12:56:39.299]  WARNING: ROC 7: Readback start marker after 15 readouts!
[12:56:39.299]  WARNING: ROC 6: Readback start marker after 15 readouts!
[12:56:39.299]  WARNING: ROC 7: Readback start marker after 15 readouts!
[12:56:39.299]  WARNING: ROC 6: Readback start marker after 31 readouts!
[12:56:40.580]     INFO: Test took 3293ms.
[12:56:40.741]     INFO: Fetched DAQ statistics. Counters are being reset now.
[12:56:40.774]    DEBUG: <PixTest.cc/xEfficiencyMaps:L1936> Size of results from : PixTestHighRate::xEfficiencyMaps: 487163
[12:56:40.781]    DEBUG: <PixTest.cc/xEfficiencyMaps:L1875>       attempt #0
[12:56:44.060]     INFO: Test took 3279ms.
[12:56:44.217]     INFO: Fetched DAQ statistics. Counters are being reset now.
[12:56:44.250]    DEBUG: <PixTest.cc/xEfficiencyMaps:L1936> Size of results from : PixTestHighRate::xEfficiencyMaps: 484009
[12:56:44.256]    DEBUG: <PixTest.cc/xEfficiencyMaps:L1875>       attempt #0
[12:56:47.429]     INFO: Test took 3173ms.
[12:56:47.580]     INFO: Fetched DAQ statistics. Counters are being reset now.
[12:56:47.613]    DEBUG: <PixTest.cc/xEfficiencyMaps:L1936> Size of results from : PixTestHighRate::xEfficiencyMaps: 479260
[12:56:47.835]    DEBUG: <PixTestHighRate.cc/doCalDelScan:L378> roc  0: caldel = 119 eff = 0.999447
[12:56:47.835]    DEBUG: <PixTestHighRate.cc/doCalDelScan:L378> roc  1: caldel = 132 eff = 0.999567
[12:56:47.836]    DEBUG: <PixTestHighRate.cc/doCalDelScan:L378> roc  2: caldel = 116 eff = 0.999519
[12:56:47.836]    DEBUG: <PixTestHighRate.cc/doCalDelScan:L378> roc  3: caldel = 136 eff = 0.99762
[12:56:47.836]    DEBUG: <PixTestHighRate.cc/doCalDelScan:L378> roc  4: caldel = 136 eff = 0.997957
[12:56:47.836]    DEBUG: <PixTestHighRate.cc/doCalDelScan:L378> roc  5: caldel = 162 eff = 0.996683
[12:56:47.836]    DEBUG: <PixTestHighRate.cc/doCalDelScan:L378> roc  6: caldel = 123 eff = 0.998462
[12:56:47.836]    DEBUG: <PixTestHighRate.cc/doCalDelScan:L378> roc  7: caldel = 128 eff = 0.993822
[12:56:47.836]    DEBUG: <PixTestHighRate.cc/doCalDelScan:L378> roc  8: caldel = 155 eff = 0.999712
[12:56:47.836]    DEBUG: <PixTestHighRate.cc/doCalDelScan:L378> roc  9: caldel = 120 eff = 0.999303
[12:56:47.837]    DEBUG: <PixTestHighRate.cc/doCalDelScan:L378> roc 10: caldel = 131 eff = 0.998438
[12:56:47.837]    DEBUG: <PixTestHighRate.cc/doCalDelScan:L378> roc 11: caldel = 123 eff = 0.999135
[12:56:47.837]    DEBUG: <PixTestHighRate.cc/doCalDelScan:L378> roc 12: caldel = 109 eff = 0.999063
[12:56:47.837]    DEBUG: <PixTestHighRate.cc/doCalDelScan:L378> roc 13: caldel = 124 eff = 0.999399
[12:56:47.837]    DEBUG: <PixTestHighRate.cc/doCalDelScan:L378> roc 14: caldel = 131 eff = 0.999495
[12:56:47.837]    DEBUG: <PixTestHighRate.cc/doCalDelScan:L378> roc 15: caldel = 118 eff = 0.999567
[12:56:47.873]     INFO:    ----------------------------------------------------------------------
[12:56:47.873]     INFO:    PixTestHighRate::xPixelAlive() ntrig = 5, vcal = 200
[12:56:47.873]     INFO:    ----------------------------------------------------------------------
[12:56:47.874]    DEBUG: <PixTestHighRate.cc/doXPixelAlive:L406>  old set: clk: 4
[12:56:47.874]    DEBUG: <PixTestHighRate.cc/doXPixelAlive:L406>  old set: ctr: 4
[12:56:47.874]    DEBUG: <PixTestHighRate.cc/doXPixelAlive:L406>  old set: sda: 19
[12:56:47.874]    DEBUG: <PixTestHighRate.cc/doXPixelAlive:L406>  old set: tin: 9
[12:56:47.874]    DEBUG: <PixTestHighRate.cc/doXPixelAlive:L406>  old set: level: 15
[12:56:47.874]    DEBUG: <PixTestHighRate.cc/doXPixelAlive:L406>  old set: triggerdelay: 0
[12:56:47.874]    DEBUG: <PixTestHighRate.cc/doXPixelAlive:L422>  setting: clk: 4
[12:56:47.874]    DEBUG: <PixTestHighRate.cc/doXPixelAlive:L422>  setting: ctr: 4
[12:56:47.874]    DEBUG: <PixTestHighRate.cc/doXPixelAlive:L422>  setting: sda: 19
[12:56:47.874]    DEBUG: <PixTestHighRate.cc/doXPixelAlive:L422>  setting: tin: 9
[12:56:47.874]    DEBUG: <PixTestHighRate.cc/doXPixelAlive:L422>  setting: level: 15
[12:56:47.874]    DEBUG: <PixTestHighRate.cc/doXPixelAlive:L422>  setting: triggerdelay: 100
[12:56:47.899]     INFO:       reading data/yhc691015sn3p35/defaultMaskFile.dat
[12:56:47.899]     INFO: ROC 1 masking pixel 33/41
[12:56:47.899]     INFO: ROC 7 masking pixel 48/1
[12:56:47.899]     INFO: ROC 7 masking pixel 48/2
[12:56:47.899]     INFO: ROC 7 masking pixel 48/3
[12:56:47.899]     INFO: ROC 7 masking pixel 49/0
[12:56:47.899]     INFO: ROC 7 masking pixel 49/1
[12:56:47.899]     INFO: ROC 7 masking pixel 49/2
[12:56:47.899]     INFO: ROC 7 masking pixel 49/3
[12:56:47.899]     INFO: ROC 7 masking pixel 49/4
[12:56:47.899]     INFO: ROC 7 masking pixel 49/5
[12:56:47.899]     INFO: ROC 7 masking pixel 50/0
[12:56:47.899]     INFO: ROC 7 masking pixel 50/1
[12:56:47.899]     INFO: ROC 7 masking pixel 50/2
[12:56:47.899]     INFO: ROC 7 masking pixel 50/4
[12:56:47.899]     INFO: ROC 7 masking pixel 50/5
[12:56:47.899]     INFO: ROC 7 masking pixel 50/6
[12:56:47.899]     INFO: ROC 7 masking pixel 51/0
[12:56:47.899]     INFO: ROC 7 masking pixel 51/1
[12:56:47.899]     INFO: ROC 7 masking pixel 51/2
[12:56:47.899]     INFO: ROC 7 masking pixel 51/3
[12:56:47.899]     INFO: ROC 7 masking pixel 51/4
[12:56:47.899]     INFO: ROC 7 masking pixel 51/5
[12:56:47.899]     INFO: ROC 7 masking pixel 51/6
[12:56:47.899]     INFO: ROC 7 masking pixel 51/7
[12:56:47.899]     INFO: ROC 7 masking pixel 51/8
[12:56:47.899]     INFO: ROC 10 masking pixel 49/18
[12:56:47.899]     INFO: ROC 11 masking pixel 50/45
[12:56:47.899]  WARNING: Pattern generator does not contain a trigger signal. No data is expected from the DUT!
[12:56:51.873]     INFO: IGNORE THE WARNING ABOVE (resetROC sent)!
[12:56:52.068]    DEBUG: <PixTest.cc/xEfficiencyMaps:L1875>       attempt #0
[12:56:55.023]     INFO: Test took 2955ms.
[12:56:55.108]     INFO: Fetched DAQ statistics. Counters are being reset now.
[12:56:55.128]    DEBUG: <PixTest.cc/xEfficiencyMaps:L1936> Size of results from : PixTestHighRate::xEfficiencyMaps: 276600
[12:56:55.351]     INFO: number of dead pixels (per ROC):     0    1    0    0    0    0    0   25    0    0    1    1    0    1    0    0
[12:56:55.351]     INFO: number of red-efficiency pixels:    19    9    5   45   54   83   44   28    9   25   35   17   22   10   11    6
[12:56:55.351]     INFO: number of X-ray hits detected:    10667 6268 7727 24643 22805 26843 19865 3153 5554 12495 18345 11958 13112 7461 10411 8762
[12:56:55.351]     INFO: number of triggers sent (total per ROC):  20800 20800 20800 20800 20800 20800 20800 20800 20800 20800 20800 20800 20800 20800 20800 20800
[12:56:55.351]     INFO: number of Vcal hits detected:  20781 20787 20795 20754 20746 20716 20756 20672 20790 20774 20761 20779 20778 20786 20789 20794
[12:56:55.352]     INFO: Vcal hit fiducial efficiency (%):  99.9 100.0 100.0 99.8 99.8 99.6 99.8 100.0 100.0 99.9 99.8 99.9 99.9 100.0 100.0 100.0
[12:56:55.352]     INFO: Vcal hit overall efficiency (%):  99.9 99.9 100.0 99.8 99.7 99.6 99.8 99.4 100.0 99.9 99.8 99.9 99.9 99.9 99.9 100.0
[12:56:55.352]     INFO: X-ray hit rate [MHz/cm2]:  31.3 18.4 22.6 72.2 66.8 78.7 58.2 9.2 16.3 36.6 53.8 35.0 38.4 21.9 30.5 25.7
[12:56:55.352]     INFO: PixTestHighRate::doXPixelAlive() done
[12:56:55.390]    DEBUG: <PixTestHighRate.cc/doXPixelAlive:L541>  resetting: clk: 4
[12:56:55.390]    DEBUG: <PixTestHighRate.cc/doXPixelAlive:L541>  resetting: ctr: 4
[12:56:55.390]    DEBUG: <PixTestHighRate.cc/doXPixelAlive:L541>  resetting: sda: 19
[12:56:55.390]    DEBUG: <PixTestHighRate.cc/doXPixelAlive:L541>  resetting: tin: 9
[12:56:55.390]    DEBUG: <PixTestHighRate.cc/doXPixelAlive:L541>  resetting: level: 15
[12:56:55.390]    DEBUG: <PixTestHighRate.cc/doXPixelAlive:L541>  resetting: triggerdelay: 0
[12:56:55.390]     INFO: PixTest::       pg_setup set to default.
[12:56:55.390]     INFO:    ----------------------------------------------------------------------
[12:56:55.390]     INFO:    PixTestHighRate::runDaq() running for 5 seconds
[12:56:55.390]     INFO:    ----------------------------------------------------------------------
[12:56:55.409]     INFO:       reading data/yhc691015sn3p35/defaultMaskFile.dat
[12:56:55.409]     INFO: ROC 1 masking pixel 33/41
[12:56:55.409]     INFO: ROC 7 masking pixel 48/1
[12:56:55.409]     INFO: ROC 7 masking pixel 48/2
[12:56:55.409]     INFO: ROC 7 masking pixel 48/3
[12:56:55.409]     INFO: ROC 7 masking pixel 49/0
[12:56:55.409]     INFO: ROC 7 masking pixel 49/1
[12:56:55.409]     INFO: ROC 7 masking pixel 49/2
[12:56:55.409]     INFO: ROC 7 masking pixel 49/3
[12:56:55.409]     INFO: ROC 7 masking pixel 49/4
[12:56:55.409]     INFO: ROC 7 masking pixel 49/5
[12:56:55.409]     INFO: ROC 7 masking pixel 50/0
[12:56:55.409]     INFO: ROC 7 masking pixel 50/1
[12:56:55.409]     INFO: ROC 7 masking pixel 50/2
[12:56:55.409]     INFO: ROC 7 masking pixel 50/4
[12:56:55.409]     INFO: ROC 7 masking pixel 50/5
[12:56:55.409]     INFO: ROC 7 masking pixel 50/6
[12:56:55.409]     INFO: ROC 7 masking pixel 51/0
[12:56:55.409]     INFO: ROC 7 masking pixel 51/1
[12:56:55.409]     INFO: ROC 7 masking pixel 51/2
[12:56:55.409]     INFO: ROC 7 masking pixel 51/3
[12:56:55.409]     INFO: ROC 7 masking pixel 51/4
[12:56:55.409]     INFO: ROC 7 masking pixel 51/5
[12:56:55.409]     INFO: ROC 7 masking pixel 51/6
[12:56:55.410]     INFO: ROC 7 masking pixel 51/7
[12:56:55.410]     INFO: ROC 7 masking pixel 51/8
[12:56:55.410]     INFO: ROC 10 masking pixel 49/18
[12:56:55.410]     INFO: ROC 11 masking pixel 50/45
[12:56:55.410]    DEBUG: <PixTestHighRate.cc/doRunDaq:L583>  old set: clk: 4
[12:56:55.410]    DEBUG: <PixTestHighRate.cc/doRunDaq:L583>  old set: ctr: 4
[12:56:55.410]    DEBUG: <PixTestHighRate.cc/doRunDaq:L583>  old set: sda: 19
[12:56:55.410]    DEBUG: <PixTestHighRate.cc/doRunDaq:L583>  old set: tin: 9
[12:56:55.410]    DEBUG: <PixTestHighRate.cc/doRunDaq:L583>  old set: level: 15
[12:56:55.410]    DEBUG: <PixTestHighRate.cc/doRunDaq:L583>  old set: triggerdelay: 0
[12:56:55.410]    DEBUG: <PixTestHighRate.cc/doRunDaq:L599>  setting: clk: 4
[12:56:55.410]    DEBUG: <PixTestHighRate.cc/doRunDaq:L599>  setting: ctr: 4
[12:56:55.410]    DEBUG: <PixTestHighRate.cc/doRunDaq:L599>  setting: sda: 19
[12:56:55.410]    DEBUG: <PixTestHighRate.cc/doRunDaq:L599>  setting: tin: 9
[12:56:55.410]    DEBUG: <PixTestHighRate.cc/doRunDaq:L599>  setting: level: 15
[12:56:55.410]    DEBUG: <PixTestHighRate.cc/doRunDaq:L599>  setting: triggerdelay: 100
[12:56:55.410]  WARNING: Pattern generator does not contain a trigger signal. No data is expected from the DUT!
[12:56:56.382]     INFO: IGNORE THE WARNING ABOVE (resetROC sent)!
[12:56:57.558]     INFO: PixTestHighRate::doHitMap start TriggerLoop with trigger frequency 20 kHz, period 2011 and duration 5 seconds
[12:57:02.562]     INFO: data taking finished, elapsed time: 5 seconds.
[12:57:03.265]    ERROR: <datapipe.cc/DecodeDeser400:L294> Number of ROCs (5) != Token Chain Length (8)
[12:57:03.265]    ERROR: <datapipe.cc/DecodeDeser400:L294> Number of ROCs (5) != Token Chain Length (8)
[12:57:03.265]  WARNING: ROC 6: Readback start marker after 15 readouts!
[12:57:03.265]  WARNING: ROC 5: Readback start marker after 15 readouts!
[12:57:03.266]  WARNING: ROC 7: Readback start marker after 15 readouts!
[12:57:03.266]  WARNING: ROC 5: Readback start marker after 15 readouts!
[12:57:03.266]  WARNING: ROC 6: Readback start marker after 15 readouts!
[12:57:03.266]  WARNING: ROC 7: Readback start marker after 15 readouts!
[12:57:04.955]    DEBUG: <PixTestHighRate.cc/fillMap:L699> Processing Data: 99478 events with 985517 pixels
[12:57:04.981]     INFO: PixTest::       pg_setup set to default.
[12:57:05.004]    DEBUG: <PixTestHighRate.cc/doRunDaq:L617> analyzing hitMap_daqbbtest_C0_V0
[12:57:05.004]    DEBUG: <PixTestHighRate.cc/doRunDaq:L617> analyzing hitMap_daqbbtest_C1_V0
[12:57:05.004]    DEBUG: <PixTestHighRate.cc/doRunDaq:L617> analyzing hitMap_daqbbtest_C2_V0
[12:57:05.004]    DEBUG: <PixTestHighRate.cc/doRunDaq:L617> analyzing hitMap_daqbbtest_C3_V0
[12:57:05.004]    DEBUG: <PixTestHighRate.cc/doRunDaq:L617> analyzing hitMap_daqbbtest_C4_V0
[12:57:05.005]    DEBUG: <PixTestHighRate.cc/doRunDaq:L617> analyzing hitMap_daqbbtest_C5_V0
[12:57:05.005]    DEBUG: <PixTestHighRate.cc/doRunDaq:L617> analyzing hitMap_daqbbtest_C6_V0
[12:57:05.005]    DEBUG: <PixTestHighRate.cc/doRunDaq:L617> analyzing hitMap_daqbbtest_C7_V0
[12:57:05.005]    DEBUG: <PixTestHighRate.cc/doRunDaq:L617> analyzing hitMap_daqbbtest_C8_V0
[12:57:05.005]    DEBUG: <PixTestHighRate.cc/doRunDaq:L617> analyzing hitMap_daqbbtest_C9_V0
[12:57:05.005]    DEBUG: <PixTestHighRate.cc/doRunDaq:L617> analyzing hitMap_daqbbtest_C10_V0
[12:57:05.005]    DEBUG: <PixTestHighRate.cc/doRunDaq:L617> analyzing hitMap_daqbbtest_C11_V0
[12:57:05.005]    DEBUG: <PixTestHighRate.cc/doRunDaq:L617> analyzing hitMap_daqbbtest_C12_V0
[12:57:05.005]    DEBUG: <PixTestHighRate.cc/doRunDaq:L617> analyzing hitMap_daqbbtest_C13_V0
[12:57:05.006]    DEBUG: <PixTestHighRate.cc/doRunDaq:L617> analyzing hitMap_daqbbtest_C14_V0
[12:57:05.006]    DEBUG: <PixTestHighRate.cc/doRunDaq:L617> analyzing hitMap_daqbbtest_C15_V0
[12:57:05.006]    DEBUG: <PixTestHighRate.cc/doRunDaq:L629>  resetting: clk: 4
[12:57:05.006]    DEBUG: <PixTestHighRate.cc/doRunDaq:L629>  resetting: ctr: 4
[12:57:05.006]    DEBUG: <PixTestHighRate.cc/doRunDaq:L629>  resetting: sda: 19
[12:57:05.006]    DEBUG: <PixTestHighRate.cc/doRunDaq:L629>  resetting: tin: 9
[12:57:05.006]    DEBUG: <PixTestHighRate.cc/doRunDaq:L629>  resetting: level: 15
[12:57:05.006]    DEBUG: <PixTestHighRate.cc/doRunDaq:L629>  resetting: triggerdelay: 0
[12:57:05.006]     INFO: Pixels without X-ray hits (per ROC):   292   618   540    61    60    37    51  1912  1544    85    47  1121  1874   473   483   346 
[12:57:05.006]     INFO: PixTestHighRate::doRunDaq() done
[12:57:05.006]     INFO: PixTestHighRate::doTest() done 
[12:57:20.790]    DEBUG: <PixTest.cc/moduleMap:L943> moduleMap histname: what
[12:57:20.790]    DEBUG: <PixTest.cc/moduleMap:L953> h1->GetName() = hitMap_daqbbtest_C8_V0 -> hitMap_daqbbtest_mod
[12:57:37.958]    DEBUG: <PixGui.cc/handleButtons:L393> PixGui::exit called
[12:57:37.958]    DEBUG: <PixTestBBMap.cc/~PixTestBBMap:L96> PixTestBBMap dtor
[12:57:37.958]    DEBUG: <PixTestBB2Map.cc/~PixTestBB2Map:L114> PixTestBB2Map dtor
[12:57:37.959]    DEBUG: <PixTestDacDacScan.cc/~PixTestDacDacScan:L135> PixTestDacDacScan dtor
[12:57:37.959]    DEBUG: <PixTestDacScan.cc/~PixTestDacScan:L115> PixTestDacScan dtor
[12:57:37.959]    DEBUG: <PixTestGainPedestal.cc/~PixTestGainPedestal:L121> PixTestGainPedestal dtor
[12:57:37.959]    DEBUG: <PixTestHighRate.cc/~PixTestHighRate:L203> PixTestHighRate dtor
[12:57:38.053]    DEBUG: <PixTestIV.cc/~PixTestIV:L96> PixTestIV dtor
[12:57:38.053]    DEBUG: <PixTestAlive.cc/~PixTestAlive:L108> PixTestAlive dtor
[12:57:38.054]    DEBUG: <PixTestPretest.cc/~PixTestPretest:L133> PixTestPretest dtor
[12:57:38.054]    DEBUG: <PixTestReadback.cc/~PixTestReadback:L89> PixTestReadback dtor, saving tree ... 
[12:57:38.054]    DEBUG: <PixTestScurves.cc/~PixTestScurves:L127> PixTestScurves dtor
[12:57:38.054]    DEBUG: <PixTestTiming.cc/~PixTestTiming:L87> PixTestTiming dtor
[12:57:38.054]    DEBUG: <PixTestTrim.cc/~PixTestTrim:L103> PixTestTrim dtor
[12:57:38.054]    DEBUG: <PixTestXray.cc/~PixTestXray:L215> PixTestXray dtor
[12:57:38.057]    QUIET: Connection to board 58 closed.
[12:57:38.058]    DEBUG: <PixMonitor.cc/dumpSummaries:L34> PixMonitor::dumpSummaries
