[12:52:00.562]     INFO: *** Welcome to pxar ***
[12:52:00.562]     INFO: *** Today: 2015/07/06
[12:52:00.562]     INFO:       reading data/yhc691015sn3p35/dacParameters_C0.dat
[12:52:00.562]     INFO:       reading data/yhc691015sn3p35/dacParameters_C1.dat
[12:52:00.562]     INFO:       reading data/yhc691015sn3p35/dacParameters_C2.dat
[12:52:00.562]     INFO:       reading data/yhc691015sn3p35/dacParameters_C3.dat
[12:52:00.562]     INFO:       reading data/yhc691015sn3p35/dacParameters_C4.dat
[12:52:00.562]     INFO:       reading data/yhc691015sn3p35/dacParameters_C5.dat
[12:52:00.563]     INFO:       reading data/yhc691015sn3p35/dacParameters_C6.dat
[12:52:00.563]     INFO:       reading data/yhc691015sn3p35/dacParameters_C7.dat
[12:52:00.563]     INFO:       reading data/yhc691015sn3p35/dacParameters_C8.dat
[12:52:00.563]     INFO:       reading data/yhc691015sn3p35/dacParameters_C9.dat
[12:52:00.563]     INFO:       reading data/yhc691015sn3p35/dacParameters_C10.dat
[12:52:00.563]     INFO:       reading data/yhc691015sn3p35/dacParameters_C11.dat
[12:52:00.563]     INFO:       reading data/yhc691015sn3p35/dacParameters_C12.dat
[12:52:00.563]     INFO:       reading data/yhc691015sn3p35/dacParameters_C13.dat
[12:52:00.563]     INFO:       reading data/yhc691015sn3p35/dacParameters_C14.dat
[12:52:00.563]     INFO:       reading data/yhc691015sn3p35/dacParameters_C15.dat
[12:52:00.563]     INFO:       reading data/yhc691015sn3p35/tbmParameters_C0a.dat
[12:52:00.563]     INFO:       reading data/yhc691015sn3p35/tbmParameters_C0b.dat
[12:52:00.563]     INFO:       reading data/yhc691015sn3p35/defaultMaskFile.dat
[12:52:00.563]     INFO: MASKED Roc 1 col/row: 33 41
[12:52:00.563]     INFO: MASKED Roc 7 col/row: 48 1
[12:52:00.563]     INFO: MASKED Roc 7 col/row: 48 2
[12:52:00.563]     INFO: MASKED Roc 7 col/row: 48 3
[12:52:00.563]     INFO: MASKED Roc 7 col/row: 49 0
[12:52:00.563]     INFO: MASKED Roc 7 col/row: 49 1
[12:52:00.563]     INFO: MASKED Roc 7 col/row: 49 2
[12:52:00.563]     INFO: MASKED Roc 7 col/row: 49 3
[12:52:00.563]     INFO: MASKED Roc 7 col/row: 49 4
[12:52:00.563]     INFO: MASKED Roc 7 col/row: 49 5
[12:52:00.564]     INFO: MASKED Roc 7 col/row: 50 0
[12:52:00.564]     INFO: MASKED Roc 7 col/row: 50 1
[12:52:00.564]     INFO: MASKED Roc 7 col/row: 50 2
[12:52:00.564]     INFO: MASKED Roc 7 col/row: 50 4
[12:52:00.564]     INFO: MASKED Roc 7 col/row: 50 5
[12:52:00.564]     INFO: MASKED Roc 7 col/row: 50 6
[12:52:00.564]     INFO: MASKED Roc 7 col/row: 51 0
[12:52:00.564]     INFO: MASKED Roc 7 col/row: 51 1
[12:52:00.564]     INFO: MASKED Roc 7 col/row: 51 2
[12:52:00.564]     INFO: MASKED Roc 7 col/row: 51 3
[12:52:00.564]     INFO: MASKED Roc 7 col/row: 51 4
[12:52:00.564]     INFO: MASKED Roc 7 col/row: 51 5
[12:52:00.564]     INFO: MASKED Roc 7 col/row: 51 6
[12:52:00.564]     INFO: MASKED Roc 7 col/row: 51 7
[12:52:00.564]     INFO: MASKED Roc 7 col/row: 51 8
[12:52:00.564]     INFO: MASKED Roc 10 col/row: 49 18
[12:52:00.564]     INFO: MASKED Roc 11 col/row: 50 45
[12:52:00.564]     INFO:       reading data/yhc691015sn3p35/trimParameters_C0.dat
[12:52:00.570]     INFO:   masking Roc 1 col/row: 33 41
[12:52:00.571]     INFO:       reading data/yhc691015sn3p35/trimParameters_C1.dat
[12:52:00.577]     INFO:       reading data/yhc691015sn3p35/trimParameters_C2.dat
[12:52:00.583]     INFO:       reading data/yhc691015sn3p35/trimParameters_C3.dat
[12:52:00.590]     INFO:       reading data/yhc691015sn3p35/trimParameters_C4.dat
[12:52:00.596]     INFO:       reading data/yhc691015sn3p35/trimParameters_C5.dat
[12:52:00.603]     INFO:       reading data/yhc691015sn3p35/trimParameters_C6.dat
[12:52:00.609]     INFO:   masking Roc 7 col/row: 48 1
[12:52:00.609]     INFO:   masking Roc 7 col/row: 48 2
[12:52:00.609]     INFO:   masking Roc 7 col/row: 48 3
[12:52:00.610]     INFO:   masking Roc 7 col/row: 49 0
[12:52:00.610]     INFO:   masking Roc 7 col/row: 49 1
[12:52:00.610]     INFO:   masking Roc 7 col/row: 49 2
[12:52:00.610]     INFO:   masking Roc 7 col/row: 49 3
[12:52:00.610]     INFO:   masking Roc 7 col/row: 49 4
[12:52:00.610]     INFO:   masking Roc 7 col/row: 49 5
[12:52:00.610]     INFO:   masking Roc 7 col/row: 50 0
[12:52:00.610]     INFO:   masking Roc 7 col/row: 50 1
[12:52:00.610]     INFO:   masking Roc 7 col/row: 50 2
[12:52:00.610]     INFO:   masking Roc 7 col/row: 50 4
[12:52:00.610]     INFO:   masking Roc 7 col/row: 50 5
[12:52:00.610]     INFO:   masking Roc 7 col/row: 50 6
[12:52:00.610]     INFO:   masking Roc 7 col/row: 51 0
[12:52:00.610]     INFO:   masking Roc 7 col/row: 51 1
[12:52:00.610]     INFO:   masking Roc 7 col/row: 51 2
[12:52:00.610]     INFO:   masking Roc 7 col/row: 51 3
[12:52:00.610]     INFO:   masking Roc 7 col/row: 51 4
[12:52:00.610]     INFO:   masking Roc 7 col/row: 51 5
[12:52:00.610]     INFO:   masking Roc 7 col/row: 51 6
[12:52:00.610]     INFO:   masking Roc 7 col/row: 51 7
[12:52:00.610]     INFO:   masking Roc 7 col/row: 51 8
[12:52:00.610]     INFO:       reading data/yhc691015sn3p35/trimParameters_C7.dat
[12:52:00.616]     INFO:       reading data/yhc691015sn3p35/trimParameters_C8.dat
[12:52:00.623]     INFO:       reading data/yhc691015sn3p35/trimParameters_C9.dat
[12:52:00.629]     INFO:   masking Roc 10 col/row: 49 18
[12:52:00.629]     INFO:       reading data/yhc691015sn3p35/trimParameters_C10.dat
[12:52:00.636]     INFO:   masking Roc 11 col/row: 50 45
[12:52:00.636]     INFO:       reading data/yhc691015sn3p35/trimParameters_C11.dat
[12:52:00.642]     INFO:       reading data/yhc691015sn3p35/trimParameters_C12.dat
[12:52:00.649]     INFO:       reading data/yhc691015sn3p35/trimParameters_C13.dat
[12:52:00.655]     INFO:       reading data/yhc691015sn3p35/trimParameters_C14.dat
[12:52:00.661]     INFO:       reading data/yhc691015sn3p35/trimParameters_C15.dat
[12:52:00.668]     INFO:       reading data/yhc691015sn3p35/tbParameters.dat
[12:52:00.668]     INFO:         clk: 4
[12:52:00.668]     INFO:         ctr: 4
[12:52:00.668]     INFO:         sda: 19
[12:52:00.668]     INFO:         tin: 9
[12:52:00.668]     INFO:         level: 15
[12:52:00.668]     INFO:         triggerdelay: 0
[12:52:00.668]    QUIET: Instanciating API for pxar v1.9.0
[12:52:00.668]     INFO: Log level: DEBUG
[12:52:00.681]    QUIET: Connection to board DTB_WRPRHI opened.
[12:52:00.685]     INFO: DTB startup information
--- DTB info------------------------------------------
Board id:    58
HW version:  DTB1.2
FW version:  3.2
SW version:  3.6
USB id:      DTB_WRPRHI
MAC address: 40D85511803A
Hostname:    pixelDTB058
Comment:     
------------------------------------------------------
[12:52:00.688]     INFO: RPC call hashes of host and DTB match: 413001178
[12:52:02.297]     INFO: DUT info: 
[12:52:02.297]     INFO: The DUT currently contains the following objects:
[12:52:02.297]     INFO:  2 TBM Cores (2 ON)
[12:52:02.298]     INFO: 	TBM Core alpha (0): 7 registers set
[12:52:02.298]     INFO: 	TBM Core beta  (1): 7 registers set
[12:52:02.298]     INFO: 16 ROCs (16 ON) with 4160 pixelConfigs
[12:52:02.298]     INFO: 	ROC 0: 19 DACs set, Pixels: 0 masked, 4160 active.
[12:52:02.298]     INFO: 	ROC 1: 19 DACs set, Pixels: 1 masked, 4160 active.
[12:52:02.298]     INFO: 	ROC 2: 19 DACs set, Pixels: 0 masked, 4160 active.
[12:52:02.298]     INFO: 	ROC 3: 19 DACs set, Pixels: 0 masked, 4160 active.
[12:52:02.298]     INFO: 	ROC 4: 19 DACs set, Pixels: 0 masked, 4160 active.
[12:52:02.298]     INFO: 	ROC 5: 19 DACs set, Pixels: 0 masked, 4160 active.
[12:52:02.298]     INFO: 	ROC 6: 19 DACs set, Pixels: 0 masked, 4160 active.
[12:52:02.298]     INFO: 	ROC 7: 19 DACs set, Pixels: 24 masked, 4160 active.
[12:52:02.298]     INFO: 	ROC 8: 19 DACs set, Pixels: 0 masked, 4160 active.
[12:52:02.298]     INFO: 	ROC 9: 19 DACs set, Pixels: 0 masked, 4160 active.
[12:52:02.298]     INFO: 	ROC 10: 19 DACs set, Pixels: 1 masked, 4160 active.
[12:52:02.298]     INFO: 	ROC 11: 19 DACs set, Pixels: 1 masked, 4160 active.
[12:52:02.298]     INFO: 	ROC 12: 19 DACs set, Pixels: 0 masked, 4160 active.
[12:52:02.298]     INFO: 	ROC 13: 19 DACs set, Pixels: 0 masked, 4160 active.
[12:52:02.298]     INFO: 	ROC 14: 19 DACs set, Pixels: 0 masked, 4160 active.
[12:52:02.298]     INFO: 	ROC 15: 19 DACs set, Pixels: 0 masked, 4160 active.
[12:52:02.298]    DEBUG: <PixTestParameters.cc/dump:L104> PixTestParameters: ->BB<-
[12:52:02.298]    DEBUG: <PixTestParameters.cc/dump:L107>   dumpall: checkbox(0)
[12:52:02.298]    DEBUG: <PixTestParameters.cc/dump:L107>   dumpproblematic: checkbox(0)
[12:52:02.298]    DEBUG: <PixTestParameters.cc/dump:L107>   ntrig: 5
[12:52:02.298]    DEBUG: <PixTestParameters.cc/dump:L107>   vcals: 250
[12:52:02.298]    DEBUG: <PixTestParameters.cc/dump:L104> PixTestParameters: ->BB2<-
[12:52:02.298]    DEBUG: <PixTestParameters.cc/dump:L107>   ntrig: 10
[12:52:02.298]    DEBUG: <PixTestParameters.cc/dump:L107>   vcals: 222
[12:52:02.298]    DEBUG: <PixTestParameters.cc/dump:L107>   plwidth: 35
[12:52:02.298]    DEBUG: <PixTestParameters.cc/dump:L107>   pix: 11,20
[12:52:02.298]    DEBUG: <PixTestParameters.cc/dump:L107>   targetia: 24
[12:52:02.298]    DEBUG: <PixTestParameters.cc/dump:L104> PixTestParameters: ->DacDacScan<-
[12:52:02.298]    DEBUG: <PixTestParameters.cc/dump:L107>   phmap: checkbox
[12:52:02.298]    DEBUG: <PixTestParameters.cc/dump:L107>   ntrig: 10
[12:52:02.298]    DEBUG: <PixTestParameters.cc/dump:L107>   dac1: caldel
[12:52:02.298]    DEBUG: <PixTestParameters.cc/dump:L107>   dac1lo: 0
[12:52:02.298]    DEBUG: <PixTestParameters.cc/dump:L107>   dac1hi: 255
[12:52:02.298]    DEBUG: <PixTestParameters.cc/dump:L107>   dac2: vthrcomp
[12:52:02.298]    DEBUG: <PixTestParameters.cc/dump:L107>   dac2lo: 0
[12:52:02.298]    DEBUG: <PixTestParameters.cc/dump:L107>   dac2hi: 255
[12:52:02.298]    DEBUG: <PixTestParameters.cc/dump:L107>   pix: 11,20
[12:52:02.298]    DEBUG: <PixTestParameters.cc/dump:L104> PixTestParameters: ->DacScan<-
[12:52:02.298]    DEBUG: <PixTestParameters.cc/dump:L107>   phmap: checkbox(1)
[12:52:02.298]    DEBUG: <PixTestParameters.cc/dump:L107>   ntrig: 10
[12:52:02.298]    DEBUG: <PixTestParameters.cc/dump:L107>   dac: vcal
[12:52:02.299]    DEBUG: <PixTestParameters.cc/dump:L107>   daclo: 0
[12:52:02.299]    DEBUG: <PixTestParameters.cc/dump:L107>   dachi: 255
[12:52:02.299]    DEBUG: <PixTestParameters.cc/dump:L107>   pix: 11,20
[12:52:02.299]    DEBUG: <PixTestParameters.cc/dump:L104> PixTestParameters: ->GainPedestal<-
[12:52:02.299]    DEBUG: <PixTestParameters.cc/dump:L107>   showfits: checkbox(0)
[12:52:02.299]    DEBUG: <PixTestParameters.cc/dump:L107>   extended: checkbox(0)
[12:52:02.299]    DEBUG: <PixTestParameters.cc/dump:L107>   dumphists: checkbox(0)
[12:52:02.299]    DEBUG: <PixTestParameters.cc/dump:L107>   ntrig: 10
[12:52:02.299]    DEBUG: <PixTestParameters.cc/dump:L107>   measure: button
[12:52:02.299]    DEBUG: <PixTestParameters.cc/dump:L107>   fit: button
[12:52:02.299]    DEBUG: <PixTestParameters.cc/dump:L107>   save: button
[12:52:02.299]    DEBUG: <PixTestParameters.cc/dump:L104> PixTestParameters: ->HighRate<-
[12:52:02.299]    DEBUG: <PixTestParameters.cc/dump:L107>   pix: 11,20
[12:52:02.299]    DEBUG: <PixTestParameters.cc/dump:L107>   maskhotpixels: button
[12:52:02.299]    DEBUG: <PixTestParameters.cc/dump:L107>   savemaskfile: checkbox(0)
[12:52:02.299]    DEBUG: <PixTestParameters.cc/dump:L107>   maskfilename: default
[12:52:02.299]    DEBUG: <PixTestParameters.cc/dump:L107>   caldelscan: button
[12:52:02.299]    DEBUG: <PixTestParameters.cc/dump:L107>   xpixelalive: button
[12:52:02.299]    DEBUG: <PixTestParameters.cc/dump:L107>   ntrig: 5
[12:52:02.299]    DEBUG: <PixTestParameters.cc/dump:L107>   vcal: 200
[12:52:02.299]    DEBUG: <PixTestParameters.cc/dump:L107>   rundaq: button
[12:52:02.299]    DEBUG: <PixTestParameters.cc/dump:L107>   trgfrequency(khz): 20
[12:52:02.299]    DEBUG: <PixTestParameters.cc/dump:L107>   runseconds: 2
[12:52:02.299]    DEBUG: <PixTestParameters.cc/dump:L107>   triggerdelay: 20
[12:52:02.299]    DEBUG: <PixTestParameters.cc/dump:L107>   delaytbm: checkbox
[12:52:02.299]    DEBUG: <PixTestParameters.cc/dump:L107>   filltree: checkbox
[12:52:02.299]    DEBUG: <PixTestParameters.cc/dump:L104> PixTestParameters: ->IV<-
[12:52:02.299]    DEBUG: <PixTestParameters.cc/dump:L107>   port: /dev/FIXME
[12:52:02.299]    DEBUG: <PixTestParameters.cc/dump:L107>   voltagestart: 0
[12:52:02.299]    DEBUG: <PixTestParameters.cc/dump:L107>   voltagestop: 600
[12:52:02.299]    DEBUG: <PixTestParameters.cc/dump:L107>   voltagestep: 5
[12:52:02.299]    DEBUG: <PixTestParameters.cc/dump:L107>   delay: 1
[12:52:02.299]    DEBUG: <PixTestParameters.cc/dump:L107>   compliance(ua): 100
[12:52:02.299]    DEBUG: <PixTestParameters.cc/dump:L104> PixTestParameters: ->PhOptimization<-
[12:52:02.299]    DEBUG: <PixTestParameters.cc/dump:L107>   ntrig: 10
[12:52:02.299]    DEBUG: <PixTestParameters.cc/dump:L107>   safetymarginlow: 20
[12:52:02.299]    DEBUG: <PixTestParameters.cc/dump:L107>   saturationvcal: 100
[12:52:02.299]    DEBUG: <PixTestParameters.cc/dump:L107>   quantilesaturation: 0.98
[12:52:02.299]    DEBUG: <PixTestParameters.cc/dump:L104> PixTestParameters: ->PixelAlive<-
[12:52:02.299]    DEBUG: <PixTestParameters.cc/dump:L107>   ntrig: 10
[12:52:02.299]    DEBUG: <PixTestParameters.cc/dump:L107>   vcal: 200
[12:52:02.299]    DEBUG: <PixTestParameters.cc/dump:L107>   alivetest: button
[12:52:02.299]    DEBUG: <PixTestParameters.cc/dump:L107>   masktest: button
[12:52:02.299]    DEBUG: <PixTestParameters.cc/dump:L107>   addressdecodingtest: button
[12:52:02.299]    DEBUG: <PixTestParameters.cc/dump:L104> PixTestParameters: ->Pretest<-
[12:52:02.299]    DEBUG: <PixTestParameters.cc/dump:L107>   programroc: button
[12:52:02.299]    DEBUG: <PixTestParameters.cc/dump:L107>   targetia: 24
[12:52:02.299]    DEBUG: <PixTestParameters.cc/dump:L107>   setvana: button
[12:52:02.299]    DEBUG: <PixTestParameters.cc/dump:L107>   iterations: 100
[12:52:02.299]    DEBUG: <PixTestParameters.cc/dump:L107>   settimings: button
[12:52:02.299]    DEBUG: <PixTestParameters.cc/dump:L107>   findworkingpixel: button
[12:52:02.299]    DEBUG: <PixTestParameters.cc/dump:L107>   setvthrcompcaldel: button
[12:52:02.299]    DEBUG: <PixTestParameters.cc/dump:L107>   pix: 11,20
[12:52:02.299]    DEBUG: <PixTestParameters.cc/dump:L107>   vcal: 250
[12:52:02.299]    DEBUG: <PixTestParameters.cc/dump:L107>   deltavthrcomp: 50
[12:52:02.299]    DEBUG: <PixTestParameters.cc/dump:L107>   fraccaldel: 0.5
[12:52:02.299]    DEBUG: <PixTestParameters.cc/dump:L107>   ntrig: 5
[12:52:02.299]    DEBUG: <PixTestParameters.cc/dump:L107>   savedacs: button
[12:52:02.299]    DEBUG: <PixTestParameters.cc/dump:L104> PixTestParameters: ->Readback<-
[12:52:02.299]    DEBUG: <PixTestParameters.cc/dump:L107>   calibratevd: button
[12:52:02.299]    DEBUG: <PixTestParameters.cc/dump:L107>   calibrateva: button
[12:52:02.299]    DEBUG: <PixTestParameters.cc/dump:L107>   calibrateia: button
[12:52:02.299]    DEBUG: <PixTestParameters.cc/dump:L107>   readbackvbg: button
[12:52:02.299]    DEBUG: <PixTestParameters.cc/dump:L107>   getcalibratedvbg: button
[12:52:02.299]    DEBUG: <PixTestParameters.cc/dump:L107>   usecalvd: checkbox(1)
[12:52:02.299]    DEBUG: <PixTestParameters.cc/dump:L107>   usecalva: checkbox(0)
[12:52:02.299]    DEBUG: <PixTestParameters.cc/dump:L107>   getcalibratedia: button
[12:52:02.299]    DEBUG: <PixTestParameters.cc/dump:L107>   setvana: button
[12:52:02.299]    DEBUG: <PixTestParameters.cc/dump:L104> PixTestParameters: ->Scurves<-
[12:52:02.299]    DEBUG: <PixTestParameters.cc/dump:L107>   adjustvcal: checkbox(1)
[12:52:02.299]    DEBUG: <PixTestParameters.cc/dump:L107>   dumpall: checkbox(0)
[12:52:02.299]    DEBUG: <PixTestParameters.cc/dump:L107>   dumpproblematic: checkbox(0)
[12:52:02.299]    DEBUG: <PixTestParameters.cc/dump:L107>   ntrig: 50
[12:52:02.299]    DEBUG: <PixTestParameters.cc/dump:L107>   dac: VthrComp
[12:52:02.299]    DEBUG: <PixTestParameters.cc/dump:L107>   daclo: 0
[12:52:02.299]    DEBUG: <PixTestParameters.cc/dump:L107>   dachi: 200
[12:52:02.300]    DEBUG: <PixTestParameters.cc/dump:L107>   dacs/step: 10
[12:52:02.300]    DEBUG: <PixTestParameters.cc/dump:L107>   scurves: button
[12:52:02.300]    DEBUG: <PixTestParameters.cc/dump:L104> PixTestParameters: ->Timing<-
[12:52:02.300]    DEBUG: <PixTestParameters.cc/dump:L107>   fastscan: checkbox(0)
[12:52:02.300]    DEBUG: <PixTestParameters.cc/dump:L107>   targetclk: 4
[12:52:02.300]    DEBUG: <PixTestParameters.cc/dump:L107>   ntrig: 10
[12:52:02.300]    DEBUG: <PixTestParameters.cc/dump:L107>   clocksdascan: button
[12:52:02.300]    DEBUG: <PixTestParameters.cc/dump:L107>   phasescan: button
[12:52:02.300]    DEBUG: <PixTestParameters.cc/dump:L107>   levelscan: button
[12:52:02.300]    DEBUG: <PixTestParameters.cc/dump:L107>   saveparameters: button
[12:52:02.300]    DEBUG: <PixTestParameters.cc/dump:L107>   timingtest: button
[12:52:02.300]    DEBUG: <PixTestParameters.cc/dump:L104> PixTestParameters: ->Trim<-
[12:52:02.300]    DEBUG: <PixTestParameters.cc/dump:L107>   trim: button
[12:52:02.300]    DEBUG: <PixTestParameters.cc/dump:L107>   ntrig: 10
[12:52:02.300]    DEBUG: <PixTestParameters.cc/dump:L107>   vcal: 35
[12:52:02.300]    DEBUG: <PixTestParameters.cc/dump:L107>   trimbits: button
[12:52:02.300]    DEBUG: <PixTestParameters.cc/dump:L104> PixTestParameters: ->Xray<-
[12:52:02.300]    DEBUG: <PixTestParameters.cc/dump:L107>   maskhotpixels: button
[12:52:02.300]    DEBUG: <PixTestParameters.cc/dump:L107>   savemaskfile: checkbox(0)
[12:52:02.300]    DEBUG: <PixTestParameters.cc/dump:L107>   maskfilename: default
[12:52:02.300]    DEBUG: <PixTestParameters.cc/dump:L107>   source: Ag
[12:52:02.300]    DEBUG: <PixTestParameters.cc/dump:L107>   phrun: button
[12:52:02.300]    DEBUG: <PixTestParameters.cc/dump:L107>   runseconds: 100
[12:52:02.300]    DEBUG: <PixTestParameters.cc/dump:L107>   trgfrequency(khz): 100
[12:52:02.300]    DEBUG: <PixTestParameters.cc/dump:L107>   ratescan: button
[12:52:02.300]    DEBUG: <PixTestParameters.cc/dump:L107>   vthrcompmin: 10
[12:52:02.300]    DEBUG: <PixTestParameters.cc/dump:L107>   vthrcompmax: 80
[12:52:02.300]    DEBUG: <PixTestParameters.cc/dump:L107>   stepseconds: 5
[12:52:02.300]    DEBUG: <PixTestParameters.cc/dump:L107>   delaytbm: checkbox
[12:52:02.300]    DEBUG: <PixTestParameters.cc/dump:L107>   filltree: checkbox
[12:52:02.300]    DEBUG: <PixSetup.cc/init:L81> PixSetup init start; getCurrentRSS() = 32935936
[12:52:02.300]    DEBUG: <PixSetup.cc/init:L87> fPixTestParameters = 0x1318f20
[12:52:02.300]    DEBUG: <PixSetup.cc/init:L88>  fConfigParameters = 0x125c890
[12:52:02.300]    DEBUG: <PixSetup.cc/init:L89>        fPxarMemory = 0x7f9cfdd94010
[12:52:02.300]    DEBUG: <PixSetup.cc/init:L90>         fPxarMemHi = 0x7f9d03fff510
[12:52:02.300]    DEBUG: <PixSetup.cc/init:L106> PixSetup init done;  getCurrentRSS() = 32944128 fPxarMemory = 0x7f9cfdd94010
[12:52:02.790]    DEBUG: <PixGui.cc/hvOn:L457> HV set On: 0x18f30c0
[12:52:02.850]    DEBUG: <PixTestFactory.cc/PixTestFactory:L50> PixTestFactory::PixTestFactory()
[12:52:02.850]    DEBUG: <PixTestBBMap.cc/init:L78> PixTestBBMap::init()
[12:52:02.851]    DEBUG: <PixTestBBMap.cc/PixTestBBMap:L26> PixTestBBMap ctor(PixSetup &a, string, TGTab *)
[12:52:02.856]    DEBUG: <PixTestBB2Map.cc/setParameter:L57> setting fTargetIa    = 24 mA/ROC
[12:52:02.856]    DEBUG: <PixTestBB2Map.cc/init:L96> PixTestBB2Map::init()
[12:52:02.856]    DEBUG: <PixTestBB2Map.cc/PixTestBB2Map:L28> PixTestBB2Map ctor(PixSetup &a, string, TGTab *)
[12:52:02.867]    DEBUG: <PixTestDacDacScan.cc/init:L102> PixTestDacDacScan::init()
[12:52:02.867]    DEBUG: <PixTestDacDacScan.cc/PixTestDacDacScan:L21> PixTestDacDacScan ctor(PixSetup &a, string, TGTab *)
[12:52:02.909]    DEBUG: <PixTestHighRate.cc/setParameter:L66>   setting fParTriggerFrequency -> 20
[12:52:02.909]    DEBUG: <PixTestHighRate.cc/init:L156> PixTestHighRate::init()
[12:52:02.909]    DEBUG: <PixTestHighRate.cc/PixTestHighRate:L29> PixTestHighRate ctor(PixSetup &a, string, TGTab *)
[12:52:02.909]     INFO:       reading data/yhc691015sn3p35/phCalibrationFitErr_C0.dat
[12:52:02.909]    ERROR: <ConfigParameters.cc/readGainPedestalParameters:L953> cannot open data/yhc691015sn3p35/phCalibrationFitErr_C0.dat for reading PH calibration constants
[12:52:02.922]    DEBUG: <PixTest.cc/setTestParameter:L577>  setting  ntrig to new value 10
[12:52:02.922]    DEBUG: <PixTestPhOptimization.cc/setParameter:L36>   setting fParNtrig  ->10<- from sval = 10
[12:52:02.922]    DEBUG: <PixTestPhOptimization.cc/setParameter:L41>   setting fSafetyMarginLow  ->20<- from sval = 20
[12:52:02.922]    DEBUG: <PixTestPhOptimization.cc/setParameter:L47>   setting fVcalMax  ->100<- from sval = 100
[12:52:02.922]    DEBUG: <PixTestPhOptimization.cc/setParameter:L52>   setting fQuantMax  ->0.98<- from sval = 0.98
[12:52:02.929]    DEBUG: <PixTestAlive.cc/init:L76> PixTestAlive::init()
[12:52:02.929]    DEBUG: <PixTestAlive.cc/PixTestAlive:L20> PixTestAlive ctor(PixSetup &a, string, TGTab *)
[12:52:02.949]    DEBUG: <PixTestReadback.cc/setParameter:L184> fCalwVd set to 1
[12:52:02.949]    DEBUG: <PixTestReadback.cc/init:L96> PixTestReadback::init()
[12:52:02.949]    DEBUG: <PixTestReadback.cc/PixTestReadback:L22> PixTestReadback ctor(PixSetup &a, string, TGTab *)
[12:52:02.949]     INFO:       reading data/yhc691015sn3p35/readbackCal_C0.dat
[12:52:02.949]     INFO:       reading data/yhc691015sn3p35/readbackCal_C1.dat
[12:52:02.950]     INFO:       reading data/yhc691015sn3p35/readbackCal_C2.dat
[12:52:02.950]     INFO:       reading data/yhc691015sn3p35/readbackCal_C3.dat
[12:52:02.950]     INFO:       reading data/yhc691015sn3p35/readbackCal_C4.dat
[12:52:02.950]     INFO:       reading data/yhc691015sn3p35/readbackCal_C5.dat
[12:52:02.950]     INFO:       reading data/yhc691015sn3p35/readbackCal_C6.dat
[12:52:02.950]     INFO:       reading data/yhc691015sn3p35/readbackCal_C7.dat
[12:52:02.950]     INFO:       reading data/yhc691015sn3p35/readbackCal_C8.dat
[12:52:02.950]     INFO:       reading data/yhc691015sn3p35/readbackCal_C9.dat
[12:52:02.950]     INFO:       reading data/yhc691015sn3p35/readbackCal_C10.dat
[12:52:02.950]     INFO:       reading data/yhc691015sn3p35/readbackCal_C11.dat
[12:52:02.950]     INFO:       reading data/yhc691015sn3p35/readbackCal_C12.dat
[12:52:02.950]     INFO:       reading data/yhc691015sn3p35/readbackCal_C13.dat
[12:52:02.950]     INFO:       reading data/yhc691015sn3p35/readbackCal_C14.dat
[12:52:02.950]     INFO:       reading data/yhc691015sn3p35/readbackCal_C15.dat
[12:52:02.950]     INFO:       reading data/yhc691015sn3p35/phCalibrationFitErr_C0.dat
[12:52:02.950]    ERROR: <ConfigParameters.cc/readGainPedestalParameters:L953> cannot open data/yhc691015sn3p35/phCalibrationFitErr_C0.dat for reading PH calibration constants
[12:52:02.962]    DEBUG: <PixTestTiming.cc/setParameter:L45> fFastScan: 0
[12:52:02.962]    DEBUG: <PixTestTiming.cc/setParameter:L50> PixTestTiming::PixTest() targetclk = 4
[12:52:02.962]    DEBUG: <PixTestTiming.cc/setParameter:L54> PixTestTiming::PixTest() ntrig = 10
[12:52:02.962]    DEBUG: <PixTestTiming.cc/init:L64> PixTestTiming::init()
[12:52:02.972]    DEBUG: <PixTestXray.cc/init:L132> PixTestXray::init()
[12:52:02.972]    DEBUG: <PixTestXray.cc/PixTestXray:L26> PixTestXray ctor(PixSetup &a, string, TGTab *)
[12:52:02.972]     INFO:       reading data/yhc691015sn3p35/phCalibrationFitErr_C0.dat
[12:52:02.972]    ERROR: <ConfigParameters.cc/readGainPedestalParameters:L953> cannot open data/yhc691015sn3p35/phCalibrationFitErr_C0.dat for reading PH calibration constants
[12:52:30.670]    DEBUG: <PixTab.cc/setParameter:L387> xxxPressed():  ID = 5 -> runseconds to value 5
[12:52:31.270]    DEBUG: <PixTab.cc/setParameter:L387> xxxPressed():  ID = 6 -> triggerdelay to value 40
[12:52:32.982]    DEBUG: <PixTab.cc/setParameter:L387> xxxPressed():  ID = 5 -> runseconds to value 5
[12:52:39.110]    DEBUG: <PixTab.cc/setParameter:L387> xxxPressed():  ID = 6 -> triggerdelay to value 100
[12:52:41.414]    DEBUG: <PixTab.cc/setParameter:L387> xxxPressed():  ID = 5 -> runseconds to value 5
[12:52:53.150]     INFO: ######################################################################
[12:52:53.150]     INFO: PixTestHighRate::doTest()
[12:52:53.150]     INFO: ######################################################################
[12:52:53.150]     INFO:    ----------------------------------------------------------------------
[12:52:53.150]     INFO:    PixTestHighRate::calDelScan() ntrig = 10, vcal = 200
[12:52:53.150]     INFO:    ----------------------------------------------------------------------
[12:52:54.230]     INFO: Test took 1075ms.
[12:52:54.234]     INFO:       reading data/yhc691015sn3p35/defaultMaskFile.dat
[12:52:54.234]     INFO: ROC 1 masking pixel 33/41
[12:52:54.234]     INFO: ROC 7 masking pixel 48/1
[12:52:54.234]     INFO: ROC 7 masking pixel 48/2
[12:52:54.234]     INFO: ROC 7 masking pixel 48/3
[12:52:54.234]     INFO: ROC 7 masking pixel 49/0
[12:52:54.234]     INFO: ROC 7 masking pixel 49/1
[12:52:54.234]     INFO: ROC 7 masking pixel 49/2
[12:52:54.234]     INFO: ROC 7 masking pixel 49/3
[12:52:54.234]     INFO: ROC 7 masking pixel 49/4
[12:52:54.234]     INFO: ROC 7 masking pixel 49/5
[12:52:54.234]     INFO: ROC 7 masking pixel 50/0
[12:52:54.234]     INFO: ROC 7 masking pixel 50/1
[12:52:54.234]     INFO: ROC 7 masking pixel 50/2
[12:52:54.234]     INFO: ROC 7 masking pixel 50/4
[12:52:54.234]     INFO: ROC 7 masking pixel 50/5
[12:52:54.234]     INFO: ROC 7 masking pixel 50/6
[12:52:54.234]     INFO: ROC 7 masking pixel 51/0
[12:52:54.234]     INFO: ROC 7 masking pixel 51/1
[12:52:54.234]     INFO: ROC 7 masking pixel 51/2
[12:52:54.234]     INFO: ROC 7 masking pixel 51/3
[12:52:54.234]     INFO: ROC 7 masking pixel 51/4
[12:52:54.234]     INFO: ROC 7 masking pixel 51/5
[12:52:54.234]     INFO: ROC 7 masking pixel 51/6
[12:52:54.234]     INFO: ROC 7 masking pixel 51/7
[12:52:54.234]     INFO: ROC 7 masking pixel 51/8
[12:52:54.234]     INFO: ROC 10 masking pixel 49/18
[12:52:54.234]     INFO: ROC 11 masking pixel 50/45
[12:52:54.234]  WARNING: Pattern generator does not contain a trigger signal. No data is expected from the DUT!
[12:52:58.398]     INFO: IGNORE THE WARNING ABOVE (resetROC sent)!
[12:52:58.602]    DEBUG: <PixTest.cc/xEfficiencyMaps:L1875>       attempt #0
[12:53:01.773]     INFO: Test took 3171ms.
[12:53:01.945]     INFO: Fetched DAQ statistics. Counters are being reset now.
[12:53:01.981]    DEBUG: <PixTest.cc/xEfficiencyMaps:L1936> Size of results from : PixTestHighRate::xEfficiencyMaps: 545932
[12:53:01.987]    DEBUG: <PixTest.cc/xEfficiencyMaps:L1875>       attempt #0
[12:53:05.264]     INFO: Test took 3277ms.
[12:53:05.445]     INFO: Fetched DAQ statistics. Counters are being reset now.
[12:53:05.482]    DEBUG: <PixTest.cc/xEfficiencyMaps:L1936> Size of results from : PixTestHighRate::xEfficiencyMaps: 556369
[12:53:05.488]    DEBUG: <PixTest.cc/xEfficiencyMaps:L1875>       attempt #0
[12:53:07.469]    ERROR: <datapipe.cc/DecodeDeser400:L294> Number of ROCs (7) != Token Chain Length (8)
[12:53:07.469]  WARNING: ROC 6: Readback start marker after 8 readouts!
[12:53:07.469]    ERROR: <datapipe.cc/DecodeDeser400:L294> Number of ROCs (7) != Token Chain Length (8)
[12:53:07.469]  WARNING: ROC 7: Readback start marker after 15 readouts!
[12:53:07.469]  WARNING: ROC 6: Readback start marker after 8 readouts!
[12:53:07.469]  WARNING: ROC 7: Readback start marker after 15 readouts!
[12:53:08.834]     INFO: Test took 3346ms.
[12:53:09.021]     INFO: Fetched DAQ statistics. Counters are being reset now.
[12:53:09.059]    DEBUG: <PixTest.cc/xEfficiencyMaps:L1936> Size of results from : PixTestHighRate::xEfficiencyMaps: 561214
[12:53:09.064]    DEBUG: <PixTest.cc/xEfficiencyMaps:L1875>       attempt #0
[12:53:12.412]     INFO: Test took 3348ms.
[12:53:12.600]     INFO: Fetched DAQ statistics. Counters are being reset now.
[12:53:12.638]    DEBUG: <PixTest.cc/xEfficiencyMaps:L1936> Size of results from : PixTestHighRate::xEfficiencyMaps: 562494
[12:53:12.644]    DEBUG: <PixTest.cc/xEfficiencyMaps:L1875>       attempt #0
[12:53:15.986]     INFO: Test took 3342ms.
[12:53:16.172]     INFO: Fetched DAQ statistics. Counters are being reset now.
[12:53:16.210]    DEBUG: <PixTest.cc/xEfficiencyMaps:L1936> Size of results from : PixTestHighRate::xEfficiencyMaps: 562618
[12:53:16.216]    DEBUG: <PixTest.cc/xEfficiencyMaps:L1875>       attempt #0
[12:53:18.124]    ERROR: <datapipe.cc/DecodeDeser400:L294> Number of ROCs (6) != Token Chain Length (8)
[12:53:18.124]  WARNING: ROC 6: Readback start marker after 15 readouts!
[12:53:18.124]  WARNING: ROC 7: Readback start marker after 15 readouts!
[12:53:19.569]     INFO: Test took 3353ms.
[12:53:19.756]     INFO: Fetched DAQ statistics. Counters are being reset now.
[12:53:19.794]    DEBUG: <PixTest.cc/xEfficiencyMaps:L1936> Size of results from : PixTestHighRate::xEfficiencyMaps: 563190
[12:53:19.800]    DEBUG: <PixTest.cc/xEfficiencyMaps:L1875>       attempt #0
[12:53:23.164]     INFO: Test took 3364ms.
[12:53:23.352]     INFO: Fetched DAQ statistics. Counters are being reset now.
[12:53:23.391]    DEBUG: <PixTest.cc/xEfficiencyMaps:L1936> Size of results from : PixTestHighRate::xEfficiencyMaps: 563558
[12:53:23.397]    DEBUG: <PixTest.cc/xEfficiencyMaps:L1875>       attempt #0
[12:53:26.752]     INFO: Test took 3355ms.
[12:53:26.938]     INFO: Fetched DAQ statistics. Counters are being reset now.
[12:53:26.976]    DEBUG: <PixTest.cc/xEfficiencyMaps:L1936> Size of results from : PixTestHighRate::xEfficiencyMaps: 562586
[12:53:26.982]    DEBUG: <PixTest.cc/xEfficiencyMaps:L1875>       attempt #0
[12:53:30.374]     INFO: Test took 3392ms.
[12:53:30.561]     INFO: Fetched DAQ statistics. Counters are being reset now.
[12:53:30.599]    DEBUG: <PixTest.cc/xEfficiencyMaps:L1936> Size of results from : PixTestHighRate::xEfficiencyMaps: 563092
[12:53:30.605]    DEBUG: <PixTest.cc/xEfficiencyMaps:L1875>       attempt #0
[12:53:33.982]     INFO: Test took 3377ms.
[12:53:34.171]     INFO: Fetched DAQ statistics. Counters are being reset now.
[12:53:34.210]    DEBUG: <PixTest.cc/xEfficiencyMaps:L1936> Size of results from : PixTestHighRate::xEfficiencyMaps: 563762
[12:53:34.216]    DEBUG: <PixTest.cc/xEfficiencyMaps:L1875>       attempt #0
[12:53:37.588]     INFO: Test took 3372ms.
[12:53:37.776]     INFO: Fetched DAQ statistics. Counters are being reset now.
[12:53:37.814]    DEBUG: <PixTest.cc/xEfficiencyMaps:L1936> Size of results from : PixTestHighRate::xEfficiencyMaps: 563428
[12:53:37.820]    DEBUG: <PixTest.cc/xEfficiencyMaps:L1875>       attempt #0
[12:53:41.180]     INFO: Test took 3360ms.
[12:53:41.369]     INFO: Fetched DAQ statistics. Counters are being reset now.
[12:53:41.407]    DEBUG: <PixTest.cc/xEfficiencyMaps:L1936> Size of results from : PixTestHighRate::xEfficiencyMaps: 564706
[12:53:41.413]    DEBUG: <PixTest.cc/xEfficiencyMaps:L1875>       attempt #0
[12:53:44.775]     INFO: Test took 3362ms.
[12:53:44.961]     INFO: Fetched DAQ statistics. Counters are being reset now.
[12:53:44.999]    DEBUG: <PixTest.cc/xEfficiencyMaps:L1936> Size of results from : PixTestHighRate::xEfficiencyMaps: 561988
[12:53:45.006]    DEBUG: <PixTest.cc/xEfficiencyMaps:L1875>       attempt #0
[12:53:47.023]    ERROR: <datapipe.cc/DecodeDeser400:L294> Number of ROCs (6) != Token Chain Length (8)
[12:53:47.023]    ERROR: <datapipe.cc/DecodeDeser400:L294> Number of ROCs (6) != Token Chain Length (8)
[12:53:47.023]    ERROR: <datapipe.cc/CheckEventID:L127>    Event ID mismatch:  local ID (90) !=  TBM ID (255)
[12:53:47.023]    ERROR: <datapipe.cc/DecodeDeser400:L294> Number of ROCs (0) != Token Chain Length (8)
[12:53:47.023]    ERROR: <datapipe.cc/CheckEventID:L127>    Event ID mismatch:  local ID (256) !=  TBM ID (90)
[12:53:47.023]  WARNING: ROC 6: Readback start marker after 15 readouts!
[12:53:47.023]  WARNING: ROC 6: Readback start marker after 15 readouts!
[12:53:47.023]  WARNING: ROC 7: Readback start marker after 15 readouts!
[12:53:47.023]  WARNING: ROC 7: Readback start marker after 15 readouts!
[12:53:48.380] CRITICAL: <hal.cc/MultiRocAllPixelsCalibrate:L700> Incomplete DAQ data readout! Missing -1 Events.
[12:53:48.404]    DEBUG: <PixTest.cc/xEfficiencyMaps:L1875>       attempt #1
[12:53:51.791]     INFO: Test took 3387ms.
[12:53:51.980]     INFO: Fetched DAQ statistics. Counters are being reset now.
[12:53:52.018]    DEBUG: <PixTest.cc/xEfficiencyMaps:L1936> Size of results from : PixTestHighRate::xEfficiencyMaps: 562795
[12:53:52.024]    DEBUG: <PixTest.cc/xEfficiencyMaps:L1875>       attempt #0
[12:53:55.405]     INFO: Test took 3381ms.
[12:53:55.597]     INFO: Fetched DAQ statistics. Counters are being reset now.
[12:53:55.635]    DEBUG: <PixTest.cc/xEfficiencyMaps:L1936> Size of results from : PixTestHighRate::xEfficiencyMaps: 563935
[12:53:55.641]    DEBUG: <PixTest.cc/xEfficiencyMaps:L1875>       attempt #0
[12:53:59.021]     INFO: Test took 3380ms.
[12:53:59.211]     INFO: Fetched DAQ statistics. Counters are being reset now.
[12:53:59.249]    DEBUG: <PixTest.cc/xEfficiencyMaps:L1936> Size of results from : PixTestHighRate::xEfficiencyMaps: 563324
[12:53:59.256]    DEBUG: <PixTest.cc/xEfficiencyMaps:L1875>       attempt #0
[12:54:02.650]     INFO: Test took 3394ms.
[12:54:02.837]     INFO: Fetched DAQ statistics. Counters are being reset now.
[12:54:02.875]    DEBUG: <PixTest.cc/xEfficiencyMaps:L1936> Size of results from : PixTestHighRate::xEfficiencyMaps: 562092
[12:54:02.881]    DEBUG: <PixTest.cc/xEfficiencyMaps:L1875>       attempt #0
[12:54:06.236]     INFO: Test took 3355ms.
[12:54:06.423]     INFO: Fetched DAQ statistics. Counters are being reset now.
[12:54:06.461]    DEBUG: <PixTest.cc/xEfficiencyMaps:L1936> Size of results from : PixTestHighRate::xEfficiencyMaps: 563314
[12:54:06.467]    DEBUG: <PixTest.cc/xEfficiencyMaps:L1875>       attempt #0
[12:54:09.791]     INFO: Test took 3324ms.
[12:54:09.978]     INFO: Fetched DAQ statistics. Counters are being reset now.
[12:54:10.016]    DEBUG: <PixTest.cc/xEfficiencyMaps:L1936> Size of results from : PixTestHighRate::xEfficiencyMaps: 561584
[12:54:10.022]    DEBUG: <PixTest.cc/xEfficiencyMaps:L1875>       attempt #0
[12:54:13.233]     INFO: Test took 3211ms.
[12:54:13.410]     INFO: Fetched DAQ statistics. Counters are being reset now.
[12:54:13.447]    DEBUG: <PixTest.cc/xEfficiencyMaps:L1936> Size of results from : PixTestHighRate::xEfficiencyMaps: 554434
[12:54:13.669]    DEBUG: <PixTestHighRate.cc/doCalDelScan:L378> roc  0: caldel = 110 eff = 0.999183
[12:54:13.669]    DEBUG: <PixTestHighRate.cc/doCalDelScan:L378> roc  1: caldel = 118 eff = 0.999447
[12:54:13.669]    DEBUG: <PixTestHighRate.cc/doCalDelScan:L378> roc  2: caldel = 105 eff = 0.999471
[12:54:13.670]    DEBUG: <PixTestHighRate.cc/doCalDelScan:L378> roc  3: caldel = 134 eff = 0.99625
[12:54:13.670]    DEBUG: <PixTestHighRate.cc/doCalDelScan:L378> roc  4: caldel = 131 eff = 0.996707
[12:54:13.670]    DEBUG: <PixTestHighRate.cc/doCalDelScan:L378> roc  5: caldel = 147 eff = 0.995433
[12:54:13.670]    DEBUG: <PixTestHighRate.cc/doCalDelScan:L378> roc  6: caldel = 120 eff = 0.997909
[12:54:13.670]    DEBUG: <PixTestHighRate.cc/doCalDelScan:L378> roc  7: caldel = 126 eff = 0.993822
[12:54:13.670]    DEBUG: <PixTestHighRate.cc/doCalDelScan:L378> roc  8: caldel = 152 eff = 0.999375
[12:54:13.670]    DEBUG: <PixTestHighRate.cc/doCalDelScan:L378> roc  9: caldel = 126 eff = 0.999159
[12:54:13.670]    DEBUG: <PixTestHighRate.cc/doCalDelScan:L378> roc 10: caldel = 127 eff = 0.997572
[12:54:13.671]    DEBUG: <PixTestHighRate.cc/doCalDelScan:L378> roc 11: caldel = 123 eff = 0.998966
[12:54:13.671]    DEBUG: <PixTestHighRate.cc/doCalDelScan:L378> roc 12: caldel = 100 eff = 0.998534
[12:54:13.671]    DEBUG: <PixTestHighRate.cc/doCalDelScan:L378> roc 13: caldel = 101 eff = 0.999303
[12:54:13.671]    DEBUG: <PixTestHighRate.cc/doCalDelScan:L378> roc 14: caldel = 150 eff = 0.999207
[12:54:13.671]    DEBUG: <PixTestHighRate.cc/doCalDelScan:L378> roc 15: caldel = 130 eff = 0.999615
[12:54:13.707]     INFO:    ----------------------------------------------------------------------
[12:54:13.707]     INFO:    PixTestHighRate::xPixelAlive() ntrig = 5, vcal = 200
[12:54:13.707]     INFO:    ----------------------------------------------------------------------
[12:54:13.708]    DEBUG: <PixTestHighRate.cc/doXPixelAlive:L406>  old set: clk: 4
[12:54:13.708]    DEBUG: <PixTestHighRate.cc/doXPixelAlive:L406>  old set: ctr: 4
[12:54:13.708]    DEBUG: <PixTestHighRate.cc/doXPixelAlive:L406>  old set: sda: 19
[12:54:13.708]    DEBUG: <PixTestHighRate.cc/doXPixelAlive:L406>  old set: tin: 9
[12:54:13.708]    DEBUG: <PixTestHighRate.cc/doXPixelAlive:L406>  old set: level: 15
[12:54:13.708]    DEBUG: <PixTestHighRate.cc/doXPixelAlive:L406>  old set: triggerdelay: 0
[12:54:13.708]    DEBUG: <PixTestHighRate.cc/doXPixelAlive:L422>  setting: clk: 4
[12:54:13.708]    DEBUG: <PixTestHighRate.cc/doXPixelAlive:L422>  setting: ctr: 4
[12:54:13.708]    DEBUG: <PixTestHighRate.cc/doXPixelAlive:L422>  setting: sda: 19
[12:54:13.708]    DEBUG: <PixTestHighRate.cc/doXPixelAlive:L422>  setting: tin: 9
[12:54:13.708]    DEBUG: <PixTestHighRate.cc/doXPixelAlive:L422>  setting: level: 15
[12:54:13.708]    DEBUG: <PixTestHighRate.cc/doXPixelAlive:L422>  setting: triggerdelay: 100
[12:54:13.744]     INFO:       reading data/yhc691015sn3p35/defaultMaskFile.dat
[12:54:13.744]     INFO: ROC 1 masking pixel 33/41
[12:54:13.744]     INFO: ROC 7 masking pixel 48/1
[12:54:13.744]     INFO: ROC 7 masking pixel 48/2
[12:54:13.744]     INFO: ROC 7 masking pixel 48/3
[12:54:13.744]     INFO: ROC 7 masking pixel 49/0
[12:54:13.744]     INFO: ROC 7 masking pixel 49/1
[12:54:13.744]     INFO: ROC 7 masking pixel 49/2
[12:54:13.744]     INFO: ROC 7 masking pixel 49/3
[12:54:13.744]     INFO: ROC 7 masking pixel 49/4
[12:54:13.744]     INFO: ROC 7 masking pixel 49/5
[12:54:13.744]     INFO: ROC 7 masking pixel 50/0
[12:54:13.744]     INFO: ROC 7 masking pixel 50/1
[12:54:13.744]     INFO: ROC 7 masking pixel 50/2
[12:54:13.744]     INFO: ROC 7 masking pixel 50/4
[12:54:13.744]     INFO: ROC 7 masking pixel 50/5
[12:54:13.744]     INFO: ROC 7 masking pixel 50/6
[12:54:13.744]     INFO: ROC 7 masking pixel 51/0
[12:54:13.744]     INFO: ROC 7 masking pixel 51/1
[12:54:13.744]     INFO: ROC 7 masking pixel 51/2
[12:54:13.744]     INFO: ROC 7 masking pixel 51/3
[12:54:13.744]     INFO: ROC 7 masking pixel 51/4
[12:54:13.744]     INFO: ROC 7 masking pixel 51/5
[12:54:13.744]     INFO: ROC 7 masking pixel 51/6
[12:54:13.744]     INFO: ROC 7 masking pixel 51/7
[12:54:13.744]     INFO: ROC 7 masking pixel 51/8
[12:54:13.744]     INFO: ROC 10 masking pixel 49/18
[12:54:13.744]     INFO: ROC 11 masking pixel 50/45
[12:54:13.744]  WARNING: Pattern generator does not contain a trigger signal. No data is expected from the DUT!
[12:54:17.718]     INFO: IGNORE THE WARNING ABOVE (resetROC sent)!
[12:54:17.913]    DEBUG: <PixTest.cc/xEfficiencyMaps:L1875>       attempt #0
[12:54:20.892]     INFO: Test took 2979ms.
[12:54:20.987]     INFO: Fetched DAQ statistics. Counters are being reset now.
[12:54:21.010]    DEBUG: <PixTest.cc/xEfficiencyMaps:L1936> Size of results from : PixTestHighRate::xEfficiencyMaps: 315521
[12:54:21.235]     INFO: number of dead pixels (per ROC):     0    1    0    0    0    0    0   25    0    0    1    1    0    1    0    0
[12:54:21.235]     INFO: number of red-efficiency pixels:    16   20   18   87   65  118   46   32   15   26   42   22   37   16   25    7
[12:54:21.235]     INFO: number of X-ray hits detected:    12637 7483 9260 28969 27316 31962 23313 3679 6559 14618 21900 14099 15383 9185 12262 10365
[12:54:21.235]     INFO: number of triggers sent (total per ROC):  20800 20800 20800 20800 20800 20800 20800 20800 20800 20800 20800 20800 20800 20800 20800 20800
[12:54:21.235]     INFO: number of Vcal hits detected:  20784 20776 20782 20712 20733 20681 20753 20668 20785 20774 20754 20774 20762 20780 20774 20793
[12:54:21.235]     INFO: Vcal hit fiducial efficiency (%):  99.9 99.9 99.9 99.6 99.7 99.5 99.8 100.0 99.9 99.9 99.8 99.9 99.8 99.9 99.9 100.0
[12:54:21.235]     INFO: Vcal hit overall efficiency (%):  99.9 99.9 99.9 99.6 99.7 99.4 99.8 99.4 99.9 99.9 99.8 99.9 99.8 99.9 99.9 100.0
[12:54:21.235]     INFO: X-ray hit rate [MHz/cm2]:  37.0 21.9 27.1 84.9 80.1 93.7 68.3 10.8 19.2 42.8 64.2 41.3 45.1 26.9 35.9 30.4
[12:54:21.235]     INFO: PixTestHighRate::doXPixelAlive() done
[12:54:21.274]    DEBUG: <PixTestHighRate.cc/doXPixelAlive:L541>  resetting: clk: 4
[12:54:21.274]    DEBUG: <PixTestHighRate.cc/doXPixelAlive:L541>  resetting: ctr: 4
[12:54:21.274]    DEBUG: <PixTestHighRate.cc/doXPixelAlive:L541>  resetting: sda: 19
[12:54:21.274]    DEBUG: <PixTestHighRate.cc/doXPixelAlive:L541>  resetting: tin: 9
[12:54:21.274]    DEBUG: <PixTestHighRate.cc/doXPixelAlive:L541>  resetting: level: 15
[12:54:21.274]    DEBUG: <PixTestHighRate.cc/doXPixelAlive:L541>  resetting: triggerdelay: 0
[12:54:21.274]     INFO: PixTest::       pg_setup set to default.
[12:54:21.274]     INFO:    ----------------------------------------------------------------------
[12:54:21.274]     INFO:    PixTestHighRate::runDaq() running for 5 seconds
[12:54:21.274]     INFO:    ----------------------------------------------------------------------
[12:54:21.295]     INFO:       reading data/yhc691015sn3p35/defaultMaskFile.dat
[12:54:21.295]     INFO: ROC 1 masking pixel 33/41
[12:54:21.295]     INFO: ROC 7 masking pixel 48/1
[12:54:21.295]     INFO: ROC 7 masking pixel 48/2
[12:54:21.295]     INFO: ROC 7 masking pixel 48/3
[12:54:21.295]     INFO: ROC 7 masking pixel 49/0
[12:54:21.295]     INFO: ROC 7 masking pixel 49/1
[12:54:21.295]     INFO: ROC 7 masking pixel 49/2
[12:54:21.295]     INFO: ROC 7 masking pixel 49/3
[12:54:21.295]     INFO: ROC 7 masking pixel 49/4
[12:54:21.295]     INFO: ROC 7 masking pixel 49/5
[12:54:21.295]     INFO: ROC 7 masking pixel 50/0
[12:54:21.295]     INFO: ROC 7 masking pixel 50/1
[12:54:21.295]     INFO: ROC 7 masking pixel 50/2
[12:54:21.295]     INFO: ROC 7 masking pixel 50/4
[12:54:21.295]     INFO: ROC 7 masking pixel 50/5
[12:54:21.295]     INFO: ROC 7 masking pixel 50/6
[12:54:21.295]     INFO: ROC 7 masking pixel 51/0
[12:54:21.295]     INFO: ROC 7 masking pixel 51/1
[12:54:21.295]     INFO: ROC 7 masking pixel 51/2
[12:54:21.295]     INFO: ROC 7 masking pixel 51/3
[12:54:21.295]     INFO: ROC 7 masking pixel 51/4
[12:54:21.295]     INFO: ROC 7 masking pixel 51/5
[12:54:21.295]     INFO: ROC 7 masking pixel 51/6
[12:54:21.295]     INFO: ROC 7 masking pixel 51/7
[12:54:21.295]     INFO: ROC 7 masking pixel 51/8
[12:54:21.295]     INFO: ROC 10 masking pixel 49/18
[12:54:21.295]     INFO: ROC 11 masking pixel 50/45
[12:54:21.295]    DEBUG: <PixTestHighRate.cc/doRunDaq:L583>  old set: clk: 4
[12:54:21.295]    DEBUG: <PixTestHighRate.cc/doRunDaq:L583>  old set: ctr: 4
[12:54:21.295]    DEBUG: <PixTestHighRate.cc/doRunDaq:L583>  old set: sda: 19
[12:54:21.295]    DEBUG: <PixTestHighRate.cc/doRunDaq:L583>  old set: tin: 9
[12:54:21.295]    DEBUG: <PixTestHighRate.cc/doRunDaq:L583>  old set: level: 15
[12:54:21.295]    DEBUG: <PixTestHighRate.cc/doRunDaq:L583>  old set: triggerdelay: 0
[12:54:21.295]    DEBUG: <PixTestHighRate.cc/doRunDaq:L599>  setting: clk: 4
[12:54:21.295]    DEBUG: <PixTestHighRate.cc/doRunDaq:L599>  setting: ctr: 4
[12:54:21.295]    DEBUG: <PixTestHighRate.cc/doRunDaq:L599>  setting: sda: 19
[12:54:21.295]    DEBUG: <PixTestHighRate.cc/doRunDaq:L599>  setting: tin: 9
[12:54:21.295]    DEBUG: <PixTestHighRate.cc/doRunDaq:L599>  setting: level: 15
[12:54:21.295]    DEBUG: <PixTestHighRate.cc/doRunDaq:L599>  setting: triggerdelay: 100
[12:54:21.296]  WARNING: Pattern generator does not contain a trigger signal. No data is expected from the DUT!
[12:54:22.268]     INFO: IGNORE THE WARNING ABOVE (resetROC sent)!
[12:54:23.445]     INFO: PixTestHighRate::doHitMap start TriggerLoop with trigger frequency 20 kHz, period 2011 and duration 5 seconds
[12:54:28.446]     INFO: data taking finished, elapsed time: 5 seconds.
[12:54:29.702]  WARNING: ROC 5: Readback start marker after 1 readouts!
[12:54:29.702]    ERROR: <datapipe.cc/DecodeDeser400:L294> Number of ROCs (6) != Token Chain Length (8)
[12:54:29.702]    ERROR: <datapipe.cc/DecodeDeser400:L294> Number of ROCs (6) != Token Chain Length (8)
[12:54:29.702]  WARNING: ROC 6: Readback start marker after 15 readouts!
[12:54:29.702]  WARNING: ROC 5: Readback start marker after 15 readouts!
[12:54:29.702]  WARNING: ROC 4: Readback start marker after 32 readouts!
[12:54:29.702]  WARNING: ROC 7: Readback start marker after 31 readouts!
[12:54:29.702]  WARNING: ROC 6: Readback start marker after 31 readouts!
[12:54:29.703]  WARNING: ROC 7: Readback start marker after 31 readouts!
[12:54:31.057]    DEBUG: <PixTestHighRate.cc/fillMap:L699> Processing Data: 99435 events with 1169430 pixels
[12:54:31.079]     INFO: PixTest::       pg_setup set to default.
[12:54:31.099]    DEBUG: <PixTestHighRate.cc/doRunDaq:L617> analyzing hitMap_daqbbtest_C0_V0
[12:54:31.099]    DEBUG: <PixTestHighRate.cc/doRunDaq:L617> analyzing hitMap_daqbbtest_C1_V0
[12:54:31.099]    DEBUG: <PixTestHighRate.cc/doRunDaq:L617> analyzing hitMap_daqbbtest_C2_V0
[12:54:31.100]    DEBUG: <PixTestHighRate.cc/doRunDaq:L617> analyzing hitMap_daqbbtest_C3_V0
[12:54:31.100]    DEBUG: <PixTestHighRate.cc/doRunDaq:L617> analyzing hitMap_daqbbtest_C4_V0
[12:54:31.100]    DEBUG: <PixTestHighRate.cc/doRunDaq:L617> analyzing hitMap_daqbbtest_C5_V0
[12:54:31.100]    DEBUG: <PixTestHighRate.cc/doRunDaq:L617> analyzing hitMap_daqbbtest_C6_V0
[12:54:31.100]    DEBUG: <PixTestHighRate.cc/doRunDaq:L617> analyzing hitMap_daqbbtest_C7_V0
[12:54:31.100]    DEBUG: <PixTestHighRate.cc/doRunDaq:L617> analyzing hitMap_daqbbtest_C8_V0
[12:54:31.100]    DEBUG: <PixTestHighRate.cc/doRunDaq:L617> analyzing hitMap_daqbbtest_C9_V0
[12:54:31.100]    DEBUG: <PixTestHighRate.cc/doRunDaq:L617> analyzing hitMap_daqbbtest_C10_V0
[12:54:31.100]    DEBUG: <PixTestHighRate.cc/doRunDaq:L617> analyzing hitMap_daqbbtest_C11_V0
[12:54:31.101]    DEBUG: <PixTestHighRate.cc/doRunDaq:L617> analyzing hitMap_daqbbtest_C12_V0
[12:54:31.101]    DEBUG: <PixTestHighRate.cc/doRunDaq:L617> analyzing hitMap_daqbbtest_C13_V0
[12:54:31.101]    DEBUG: <PixTestHighRate.cc/doRunDaq:L617> analyzing hitMap_daqbbtest_C14_V0
[12:54:31.101]    DEBUG: <PixTestHighRate.cc/doRunDaq:L617> analyzing hitMap_daqbbtest_C15_V0
[12:54:31.101]    DEBUG: <PixTestHighRate.cc/doRunDaq:L629>  resetting: clk: 4
[12:54:31.101]    DEBUG: <PixTestHighRate.cc/doRunDaq:L629>  resetting: ctr: 4
[12:54:31.101]    DEBUG: <PixTestHighRate.cc/doRunDaq:L629>  resetting: sda: 19
[12:54:31.101]    DEBUG: <PixTestHighRate.cc/doRunDaq:L629>  resetting: tin: 9
[12:54:31.101]    DEBUG: <PixTestHighRate.cc/doRunDaq:L629>  resetting: level: 15
[12:54:31.101]    DEBUG: <PixTestHighRate.cc/doRunDaq:L629>  resetting: triggerdelay: 0
[12:54:31.101]     INFO: Pixels without X-ray hits (per ROC):   273   536   476    47    54    29    58  1731  1363    67    42  1096  1869   425   421   264 
[12:54:31.101]     INFO: PixTestHighRate::doRunDaq() done
[12:54:31.101]     INFO: PixTestHighRate::doTest() done 
[12:54:58.726]    DEBUG: <PixTest.cc/moduleMap:L943> moduleMap histname: what
[12:54:58.726]    DEBUG: <PixTest.cc/moduleMap:L953> h1->GetName() = hitMap_daqbbtest_C9_V0 -> hitMap_daqbbtest_mod
[12:55:11.574]    DEBUG: <PixGui.cc/handleButtons:L393> PixGui::exit called
[12:55:11.574]    DEBUG: <PixTestBBMap.cc/~PixTestBBMap:L96> PixTestBBMap dtor
[12:55:11.575]    DEBUG: <PixTestBB2Map.cc/~PixTestBB2Map:L114> PixTestBB2Map dtor
[12:55:11.575]    DEBUG: <PixTestDacDacScan.cc/~PixTestDacDacScan:L135> PixTestDacDacScan dtor
[12:55:11.575]    DEBUG: <PixTestDacScan.cc/~PixTestDacScan:L115> PixTestDacScan dtor
[12:55:11.575]    DEBUG: <PixTestGainPedestal.cc/~PixTestGainPedestal:L121> PixTestGainPedestal dtor
[12:55:11.575]    DEBUG: <PixTestHighRate.cc/~PixTestHighRate:L203> PixTestHighRate dtor
[12:55:11.670]    DEBUG: <PixTestIV.cc/~PixTestIV:L96> PixTestIV dtor
[12:55:11.670]    DEBUG: <PixTestAlive.cc/~PixTestAlive:L108> PixTestAlive dtor
[12:55:11.670]    DEBUG: <PixTestPretest.cc/~PixTestPretest:L133> PixTestPretest dtor
[12:55:11.670]    DEBUG: <PixTestReadback.cc/~PixTestReadback:L89> PixTestReadback dtor, saving tree ... 
[12:55:11.670]    DEBUG: <PixTestScurves.cc/~PixTestScurves:L127> PixTestScurves dtor
[12:55:11.670]    DEBUG: <PixTestTiming.cc/~PixTestTiming:L87> PixTestTiming dtor
[12:55:11.670]    DEBUG: <PixTestTrim.cc/~PixTestTrim:L103> PixTestTrim dtor
[12:55:11.670]    DEBUG: <PixTestXray.cc/~PixTestXray:L215> PixTestXray dtor
[12:55:11.674]    QUIET: Connection to board 58 closed.
[12:55:11.674]    DEBUG: <PixMonitor.cc/dumpSummaries:L34> PixMonitor::dumpSummaries
