[17:20:46.301]     INFO: *** Welcome to pxar ***
[17:20:46.301]     INFO: *** Today: 2015/04/21
[17:20:46.301]     INFO:       reading data/crosscalibrate/dacParameters40_C0.dat
[17:20:46.301]     INFO:       reading data/crosscalibrate/dacParameters40_C1.dat
[17:20:46.301]     INFO:       reading data/crosscalibrate/dacParameters40_C2.dat
[17:20:46.301]     INFO:       reading data/crosscalibrate/dacParameters40_C3.dat
[17:20:46.301]     INFO:       reading data/crosscalibrate/dacParameters40_C4.dat
[17:20:46.301]     INFO:       reading data/crosscalibrate/dacParameters40_C5.dat
[17:20:46.301]     INFO:       reading data/crosscalibrate/dacParameters40_C6.dat
[17:20:46.302]     INFO:       reading data/crosscalibrate/dacParameters40_C7.dat
[17:20:46.302]     INFO:       reading data/crosscalibrate/dacParameters40_C8.dat
[17:20:46.302]     INFO:       reading data/crosscalibrate/dacParameters40_C9.dat
[17:20:46.302]     INFO:       reading data/crosscalibrate/dacParameters40_C10.dat
[17:20:46.302]     INFO:       reading data/crosscalibrate/dacParameters40_C11.dat
[17:20:46.302]     INFO:       reading data/crosscalibrate/dacParameters40_C12.dat
[17:20:46.302]     INFO:       reading data/crosscalibrate/dacParameters40_C13.dat
[17:20:46.302]     INFO:       reading data/crosscalibrate/dacParameters40_C14.dat
[17:20:46.302]     INFO:       reading data/crosscalibrate/dacParameters40_C15.dat
[17:20:46.302]     INFO:       reading data/crosscalibrate/tbmParameters_C0a.dat
[17:20:46.302]     INFO:       reading data/crosscalibrate/tbmParameters_C0b.dat
[17:20:46.302]     INFO:       reading data/crosscalibrate/defaultMaskFile.dat
[17:20:46.302]     INFO:       reading data/crosscalibrate/trimParameters40_C0.dat
[17:20:46.309]     INFO:       reading data/crosscalibrate/trimParameters40_C1.dat
[17:20:46.316]     INFO:       reading data/crosscalibrate/trimParameters40_C2.dat
[17:20:46.323]     INFO:       reading data/crosscalibrate/trimParameters40_C3.dat
[17:20:46.329]     INFO:       reading data/crosscalibrate/trimParameters40_C4.dat
[17:20:46.336]     INFO:       reading data/crosscalibrate/trimParameters40_C5.dat
[17:20:46.343]     INFO:       reading data/crosscalibrate/trimParameters40_C6.dat
[17:20:46.349]     INFO:       reading data/crosscalibrate/trimParameters40_C7.dat
[17:20:46.356]     INFO:       reading data/crosscalibrate/trimParameters40_C8.dat
[17:20:46.363]     INFO:       reading data/crosscalibrate/trimParameters40_C9.dat
[17:20:46.369]     INFO:       reading data/crosscalibrate/trimParameters40_C10.dat
[17:20:46.376]     INFO:       reading data/crosscalibrate/trimParameters40_C11.dat
[17:20:46.382]     INFO:       reading data/crosscalibrate/trimParameters40_C12.dat
[17:20:46.389]     INFO:       reading data/crosscalibrate/trimParameters40_C13.dat
[17:20:46.396]     INFO:       reading data/crosscalibrate/trimParameters40_C14.dat
[17:20:46.402]     INFO:       reading data/crosscalibrate/trimParameters40_C15.dat
[17:20:46.409]     INFO:       reading data/crosscalibrate/tbParameters.dat
[17:20:46.409]     INFO:         clk: 4
[17:20:46.409]     INFO:         ctr: 4
[17:20:46.409]     INFO:         sda: 19
[17:20:46.409]     INFO:         tin: 9
[17:20:46.409]     INFO:         level: 15
[17:20:46.409]     INFO:         triggerdelay: 0
[17:20:46.409]    QUIET: Instanciating API for pxar crosscalibrate
[17:20:46.409]     INFO: Log level: INFO
[17:20:46.423]    QUIET: Connection to board DTB_WRPRHI opened.
[17:20:46.426]     INFO: DTB startup information
--- DTB info------------------------------------------
Board id:    58
HW version:  DTB1.2
FW version:  3.2
SW version:  3.6
USB id:      DTB_WRPRHI
MAC address: 40D85511803A
Hostname:    pixelDTB058
Comment:     
------------------------------------------------------
[17:20:46.430]     INFO: RPC call hashes of host and DTB match: 413001178
[17:20:48.043]     INFO: DUT info: 
[17:20:48.043]     INFO: The DUT currently contains the following objects:
[17:20:48.043]     INFO:  2 TBM Cores (2 ON)
[17:20:48.043]     INFO: 	TBM Core alpha (0): 7 registers set
[17:20:48.043]     INFO: 	TBM Core beta  (1): 7 registers set
[17:20:48.043]     INFO: 16 ROCs (16 ON) with 4160 pixelConfigs
[17:20:48.043]     INFO: 	ROC 0: 21 DACs set, Pixels: 0 masked, 4160 active.
[17:20:48.043]     INFO: 	ROC 1: 21 DACs set, Pixels: 0 masked, 4160 active.
[17:20:48.043]     INFO: 	ROC 2: 21 DACs set, Pixels: 0 masked, 4160 active.
[17:20:48.043]     INFO: 	ROC 3: 21 DACs set, Pixels: 0 masked, 4160 active.
[17:20:48.043]     INFO: 	ROC 4: 21 DACs set, Pixels: 0 masked, 4160 active.
[17:20:48.043]     INFO: 	ROC 5: 21 DACs set, Pixels: 0 masked, 4160 active.
[17:20:48.043]     INFO: 	ROC 6: 21 DACs set, Pixels: 0 masked, 4160 active.
[17:20:48.043]     INFO: 	ROC 7: 21 DACs set, Pixels: 0 masked, 4160 active.
[17:20:48.043]     INFO: 	ROC 8: 21 DACs set, Pixels: 0 masked, 4160 active.
[17:20:48.043]     INFO: 	ROC 9: 21 DACs set, Pixels: 0 masked, 4160 active.
[17:20:48.043]     INFO: 	ROC 10: 21 DACs set, Pixels: 0 masked, 4160 active.
[17:20:48.043]     INFO: 	ROC 11: 21 DACs set, Pixels: 0 masked, 4160 active.
[17:20:48.043]     INFO: 	ROC 12: 21 DACs set, Pixels: 0 masked, 4160 active.
[17:20:48.043]     INFO: 	ROC 13: 21 DACs set, Pixels: 0 masked, 4160 active.
[17:20:48.043]     INFO: 	ROC 14: 21 DACs set, Pixels: 0 masked, 4160 active.
[17:20:48.043]     INFO: 	ROC 15: 21 DACs set, Pixels: 0 masked, 4160 active.
[17:20:48.654]     INFO:       reading data/crosscalibrate/phCalibrationFitTanH40_C0.dat
[17:20:48.670]     INFO:       reading data/crosscalibrate/phCalibrationFitTanH40_C1.dat
[17:20:48.686]     INFO:       reading data/crosscalibrate/phCalibrationFitTanH40_C2.dat
[17:20:48.702]     INFO:       reading data/crosscalibrate/phCalibrationFitTanH40_C3.dat
[17:20:48.718]     INFO:       reading data/crosscalibrate/phCalibrationFitTanH40_C4.dat
[17:20:48.734]     INFO:       reading data/crosscalibrate/phCalibrationFitTanH40_C5.dat
[17:20:48.749]     INFO:       reading data/crosscalibrate/phCalibrationFitTanH40_C6.dat
[17:20:48.765]     INFO:       reading data/crosscalibrate/phCalibrationFitTanH40_C7.dat
[17:20:48.780]     INFO:       reading data/crosscalibrate/phCalibrationFitTanH40_C8.dat
[17:20:48.797]     INFO:       reading data/crosscalibrate/phCalibrationFitTanH40_C9.dat
[17:20:48.812]     INFO:       reading data/crosscalibrate/phCalibrationFitTanH40_C10.dat
[17:20:48.828]     INFO:       reading data/crosscalibrate/phCalibrationFitTanH40_C11.dat
[17:20:48.843]     INFO:       reading data/crosscalibrate/phCalibrationFitTanH40_C12.dat
[17:20:48.859]     INFO:       reading data/crosscalibrate/phCalibrationFitTanH40_C13.dat
[17:20:48.874]     INFO:       reading data/crosscalibrate/phCalibrationFitTanH40_C14.dat
[17:20:48.890]     INFO:       reading data/crosscalibrate/phCalibrationFitTanH40_C15.dat
[17:20:48.942]     INFO:       reading data/crosscalibrate/readbackCal_C0.dat
[17:20:48.942]     INFO:       reading data/crosscalibrate/readbackCal_C1.dat
[17:20:48.942]     INFO:       reading data/crosscalibrate/readbackCal_C2.dat
[17:20:48.942]     INFO:       reading data/crosscalibrate/readbackCal_C3.dat
[17:20:48.942]     INFO:       reading data/crosscalibrate/readbackCal_C4.dat
[17:20:48.942]     INFO:       reading data/crosscalibrate/readbackCal_C5.dat
[17:20:48.942]     INFO:       reading data/crosscalibrate/readbackCal_C6.dat
[17:20:48.942]     INFO:       reading data/crosscalibrate/readbackCal_C7.dat
[17:20:48.942]     INFO:       reading data/crosscalibrate/readbackCal_C8.dat
[17:20:48.943]     INFO:       reading data/crosscalibrate/readbackCal_C9.dat
[17:20:48.943]     INFO:       reading data/crosscalibrate/readbackCal_C10.dat
[17:20:48.943]     INFO:       reading data/crosscalibrate/readbackCal_C11.dat
[17:20:48.943]     INFO:       reading data/crosscalibrate/readbackCal_C12.dat
[17:20:48.943]     INFO:       reading data/crosscalibrate/readbackCal_C13.dat
[17:20:48.943]     INFO:       reading data/crosscalibrate/readbackCal_C14.dat
[17:20:48.943]     INFO:       reading data/crosscalibrate/readbackCal_C15.dat
[17:20:52.380]     INFO: ######################################################################
[17:20:52.380]     INFO: PixTestBBMap::doTest() Ntrig = 5, VcalS = 250 (high range)
[17:20:52.380]     INFO: ######################################################################
[17:20:52.384]     INFO: ---> dac: VthrComp name: calSMap ntrig: 5 dacrange: 0 .. 149 hits flags = 2 (plus default)
[17:20:52.419]     INFO:   dacScan step  from 0 .. 49
[17:21:28.978]     INFO: Test took 36559ms.
[17:21:29.440]     INFO: Fetched DAQ statistics. Counters are being reset now.
[17:21:29.576]     INFO:   dacScan step  from 50 .. 99
[17:22:11.636]     INFO: Test took 42059ms.
[17:22:12.384]     INFO: Fetched DAQ statistics. Counters are being reset now.
[17:22:12.669]     INFO:   dacScan step  from 100 .. 149
[17:22:46.343]     INFO: Test took 33674ms.
[17:22:46.499]     INFO: Fetched DAQ statistics. Counters are being reset now.
[17:23:21.635]     INFO: PixTestBBMap::doTest() done, duration: 149 seconds
[17:23:21.635]     INFO: number of dead bumps (per ROC):    11    7    5   20   55  244   74    7    3   86 4159   43   36   21   10   21
[17:23:21.635]     INFO: separation cut       (per ROC):    47   49   42   32   33   55   52   46   54   40   28   43   46   46   53   42
[17:23:37.152]    QUIET: Connection to board 58 closed.
