[17:04:22.429]     INFO: *** Welcome to pxar ***
[17:04:22.429]     INFO: *** Today: 2015/06/30
[17:04:22.429]     INFO:       reading data/yhc691015sn2p7//dacParameters35_C0.dat
[17:04:22.429]     INFO:       reading data/yhc691015sn2p7//dacParameters35_C1.dat
[17:04:22.429]     INFO:       reading data/yhc691015sn2p7//dacParameters35_C2.dat
[17:04:22.429]     INFO:       reading data/yhc691015sn2p7//dacParameters35_C3.dat
[17:04:22.429]     INFO:       reading data/yhc691015sn2p7//dacParameters35_C4.dat
[17:04:22.429]     INFO:       reading data/yhc691015sn2p7//dacParameters35_C5.dat
[17:04:22.429]     INFO:       reading data/yhc691015sn2p7//dacParameters35_C6.dat
[17:04:22.429]     INFO:       reading data/yhc691015sn2p7//dacParameters35_C7.dat
[17:04:22.429]     INFO:       reading data/yhc691015sn2p7//dacParameters35_C8.dat
[17:04:22.429]     INFO:       reading data/yhc691015sn2p7//dacParameters35_C9.dat
[17:04:22.429]     INFO:       reading data/yhc691015sn2p7//dacParameters35_C10.dat
[17:04:22.429]     INFO:       reading data/yhc691015sn2p7//dacParameters35_C11.dat
[17:04:22.430]     INFO:       reading data/yhc691015sn2p7//dacParameters35_C12.dat
[17:04:22.430]     INFO:       reading data/yhc691015sn2p7//dacParameters35_C13.dat
[17:04:22.430]     INFO:       reading data/yhc691015sn2p7//dacParameters35_C14.dat
[17:04:22.430]     INFO:       reading data/yhc691015sn2p7//dacParameters35_C15.dat
[17:04:22.430]     INFO:       reading data/yhc691015sn2p7//tbmParameters_C0a.dat
[17:04:22.430]     INFO:       reading data/yhc691015sn2p7//tbmParameters_C0b.dat
[17:04:22.430]     INFO:       reading data/yhc691015sn2p7//defaultMaskFile.dat
[17:04:22.430]     INFO:       reading data/yhc691015sn2p7//trimParameters35_C0.dat
[17:04:22.437]     INFO:       reading data/yhc691015sn2p7//trimParameters35_C1.dat
[17:04:22.443]     INFO:       reading data/yhc691015sn2p7//trimParameters35_C2.dat
[17:04:22.450]     INFO:       reading data/yhc691015sn2p7//trimParameters35_C3.dat
[17:04:22.456]     INFO:       reading data/yhc691015sn2p7//trimParameters35_C4.dat
[17:04:22.463]     INFO:       reading data/yhc691015sn2p7//trimParameters35_C5.dat
[17:04:22.469]     INFO:       reading data/yhc691015sn2p7//trimParameters35_C6.dat
[17:04:22.476]     INFO:       reading data/yhc691015sn2p7//trimParameters35_C7.dat
[17:04:22.482]     INFO:       reading data/yhc691015sn2p7//trimParameters35_C8.dat
[17:04:22.489]     INFO:       reading data/yhc691015sn2p7//trimParameters35_C9.dat
[17:04:22.495]     INFO:       reading data/yhc691015sn2p7//trimParameters35_C10.dat
[17:04:22.502]     INFO:       reading data/yhc691015sn2p7//trimParameters35_C11.dat
[17:04:22.508]     INFO:       reading data/yhc691015sn2p7//trimParameters35_C12.dat
[17:04:22.515]     INFO:       reading data/yhc691015sn2p7//trimParameters35_C13.dat
[17:04:22.521]     INFO:       reading data/yhc691015sn2p7//trimParameters35_C14.dat
[17:04:22.528]     INFO:       reading data/yhc691015sn2p7//trimParameters35_C15.dat
[17:04:22.534]     INFO:       reading data/yhc691015sn2p7//tbParameters.dat
[17:04:22.534]     INFO:         clk: 4
[17:04:22.534]     INFO:         ctr: 4
[17:04:22.534]     INFO:         sda: 19
[17:04:22.534]     INFO:         tin: 9
[17:04:22.534]     INFO:         level: 15
[17:04:22.534]     INFO:         triggerdelay: 0
[17:04:22.534]    QUIET: Instanciating API for pxar v1.9.0
[17:04:22.534]     INFO: Log level: DEBUG
[17:04:22.548]    QUIET: Connection to board DTB_WRPRHI opened.
[17:04:22.551]     INFO: DTB startup information
--- DTB info------------------------------------------
Board id:    58
HW version:  DTB1.2
FW version:  3.2
SW version:  3.6
USB id:      DTB_WRPRHI
MAC address: 40D85511803A
Hostname:    pixelDTB058
Comment:     
------------------------------------------------------
[17:04:22.555]     INFO: RPC call hashes of host and DTB match: 413001178
[17:04:24.165]     INFO: DUT info: 
[17:04:24.165]     INFO: The DUT currently contains the following objects:
[17:04:24.165]     INFO:  2 TBM Cores (2 ON)
[17:04:24.165]     INFO: 	TBM Core alpha (0): 7 registers set
[17:04:24.165]     INFO: 	TBM Core beta  (1): 7 registers set
[17:04:24.165]     INFO: 16 ROCs (16 ON) with 4160 pixelConfigs
[17:04:24.165]     INFO: 	ROC 0: 21 DACs set, Pixels: 0 masked, 4160 active.
[17:04:24.165]     INFO: 	ROC 1: 21 DACs set, Pixels: 0 masked, 4160 active.
[17:04:24.165]     INFO: 	ROC 2: 21 DACs set, Pixels: 0 masked, 4160 active.
[17:04:24.165]     INFO: 	ROC 3: 21 DACs set, Pixels: 0 masked, 4160 active.
[17:04:24.165]     INFO: 	ROC 4: 21 DACs set, Pixels: 0 masked, 4160 active.
[17:04:24.165]     INFO: 	ROC 5: 21 DACs set, Pixels: 0 masked, 4160 active.
[17:04:24.165]     INFO: 	ROC 6: 21 DACs set, Pixels: 0 masked, 4160 active.
[17:04:24.165]     INFO: 	ROC 7: 21 DACs set, Pixels: 0 masked, 4160 active.
[17:04:24.165]     INFO: 	ROC 8: 21 DACs set, Pixels: 0 masked, 4160 active.
[17:04:24.165]     INFO: 	ROC 9: 21 DACs set, Pixels: 0 masked, 4160 active.
[17:04:24.165]     INFO: 	ROC 10: 21 DACs set, Pixels: 0 masked, 4160 active.
[17:04:24.165]     INFO: 	ROC 11: 21 DACs set, Pixels: 0 masked, 4160 active.
[17:04:24.165]     INFO: 	ROC 12: 21 DACs set, Pixels: 0 masked, 4160 active.
[17:04:24.165]     INFO: 	ROC 13: 21 DACs set, Pixels: 0 masked, 4160 active.
[17:04:24.166]     INFO: 	ROC 14: 21 DACs set, Pixels: 0 masked, 4160 active.
[17:04:24.166]     INFO: 	ROC 15: 21 DACs set, Pixels: 0 masked, 4160 active.
[17:04:24.166]    DEBUG: <PixTestParameters.cc/dump:L104> PixTestParameters: ->BB<-
[17:04:24.166]    DEBUG: <PixTestParameters.cc/dump:L107>   dumpall: checkbox(0)
[17:04:24.166]    DEBUG: <PixTestParameters.cc/dump:L107>   dumpproblematic: checkbox(0)
[17:04:24.166]    DEBUG: <PixTestParameters.cc/dump:L107>   ntrig: 5
[17:04:24.166]    DEBUG: <PixTestParameters.cc/dump:L107>   vcals: 250
[17:04:24.166]    DEBUG: <PixTestParameters.cc/dump:L104> PixTestParameters: ->BB2<-
[17:04:24.166]    DEBUG: <PixTestParameters.cc/dump:L107>   ntrig: 10
[17:04:24.166]    DEBUG: <PixTestParameters.cc/dump:L107>   vcals: 222
[17:04:24.166]    DEBUG: <PixTestParameters.cc/dump:L107>   plwidth: 35
[17:04:24.166]    DEBUG: <PixTestParameters.cc/dump:L107>   pix: 11,20
[17:04:24.166]    DEBUG: <PixTestParameters.cc/dump:L107>   targetia: 24
[17:04:24.166]    DEBUG: <PixTestParameters.cc/dump:L104> PixTestParameters: ->DacDacScan<-
[17:04:24.166]    DEBUG: <PixTestParameters.cc/dump:L107>   phmap: checkbox
[17:04:24.166]    DEBUG: <PixTestParameters.cc/dump:L107>   ntrig: 10
[17:04:24.166]    DEBUG: <PixTestParameters.cc/dump:L107>   dac1: caldel
[17:04:24.166]    DEBUG: <PixTestParameters.cc/dump:L107>   dac1lo: 0
[17:04:24.166]    DEBUG: <PixTestParameters.cc/dump:L107>   dac1hi: 255
[17:04:24.166]    DEBUG: <PixTestParameters.cc/dump:L107>   dac2: vthrcomp
[17:04:24.166]    DEBUG: <PixTestParameters.cc/dump:L107>   dac2lo: 0
[17:04:24.166]    DEBUG: <PixTestParameters.cc/dump:L107>   dac2hi: 255
[17:04:24.166]    DEBUG: <PixTestParameters.cc/dump:L107>   pix: 11,20
[17:04:24.166]    DEBUG: <PixTestParameters.cc/dump:L104> PixTestParameters: ->DacScan<-
[17:04:24.166]    DEBUG: <PixTestParameters.cc/dump:L107>   phmap: checkbox(1)
[17:04:24.166]    DEBUG: <PixTestParameters.cc/dump:L107>   allpixels: checkbox(0)
[17:04:24.166]    DEBUG: <PixTestParameters.cc/dump:L107>   unmasked: checkbox(0)
[17:04:24.166]    DEBUG: <PixTestParameters.cc/dump:L107>   ntrig: 10
[17:04:24.166]    DEBUG: <PixTestParameters.cc/dump:L107>   dac: vcal
[17:04:24.166]    DEBUG: <PixTestParameters.cc/dump:L107>   daclo: 0
[17:04:24.166]    DEBUG: <PixTestParameters.cc/dump:L107>   dachi: 255
[17:04:24.166]    DEBUG: <PixTestParameters.cc/dump:L107>   pix: 11,20
[17:04:24.166]    DEBUG: <PixTestParameters.cc/dump:L104> PixTestParameters: ->GainPedestal<-
[17:04:24.166]    DEBUG: <PixTestParameters.cc/dump:L107>   showfits: checkbox(0)
[17:04:24.166]    DEBUG: <PixTestParameters.cc/dump:L107>   extended: checkbox(0)
[17:04:24.166]    DEBUG: <PixTestParameters.cc/dump:L107>   dumphists: checkbox(0)
[17:04:24.166]    DEBUG: <PixTestParameters.cc/dump:L107>   ntrig: 10
[17:04:24.166]    DEBUG: <PixTestParameters.cc/dump:L107>   measure: button
[17:04:24.166]    DEBUG: <PixTestParameters.cc/dump:L107>   fit: button
[17:04:24.166]    DEBUG: <PixTestParameters.cc/dump:L107>   save: button
[17:04:24.166]    DEBUG: <PixTestParameters.cc/dump:L104> PixTestParameters: ->HighRate<-
[17:04:24.166]    DEBUG: <PixTestParameters.cc/dump:L107>   pix: 11,20
[17:04:24.166]    DEBUG: <PixTestParameters.cc/dump:L107>   maskhotpixels: button
[17:04:24.166]    DEBUG: <PixTestParameters.cc/dump:L107>   savemaskfile: checkbox(0)
[17:04:24.166]    DEBUG: <PixTestParameters.cc/dump:L107>   maskfilename: default
[17:04:24.166]    DEBUG: <PixTestParameters.cc/dump:L107>   caldelscan: button
[17:04:24.166]    DEBUG: <PixTestParameters.cc/dump:L107>   xpixelalive: button
[17:04:24.166]    DEBUG: <PixTestParameters.cc/dump:L107>   ntrig: 50
[17:04:24.166]    DEBUG: <PixTestParameters.cc/dump:L107>   vcal: 200
[17:04:24.166]    DEBUG: <PixTestParameters.cc/dump:L107>   xnoisemaps: button
[17:04:24.166]    DEBUG: <PixTestParameters.cc/dump:L107>   daclo: 0
[17:04:24.166]    DEBUG: <PixTestParameters.cc/dump:L107>   dachi: 100
[17:04:24.166]    DEBUG: <PixTestParameters.cc/dump:L107>   dacs/step: 20
[17:04:24.166]    DEBUG: <PixTestParameters.cc/dump:L107>   rundaq: button
[17:04:24.166]    DEBUG: <PixTestParameters.cc/dump:L107>   trgfrequency(khz): 20
[17:04:24.166]    DEBUG: <PixTestParameters.cc/dump:L107>   runseconds: 2
[17:04:24.166]    DEBUG: <PixTestParameters.cc/dump:L107>   triggerdelay: 20
[17:04:24.167]    DEBUG: <PixTestParameters.cc/dump:L107>   delaytbm: checkbox
[17:04:24.167]    DEBUG: <PixTestParameters.cc/dump:L107>   filltree: checkbox
[17:04:24.167]    DEBUG: <PixTestParameters.cc/dump:L104> PixTestParameters: ->IV<-
[17:04:24.167]    DEBUG: <PixTestParameters.cc/dump:L107>   port: /dev/FIXME
[17:04:24.167]    DEBUG: <PixTestParameters.cc/dump:L107>   voltagestart: 0
[17:04:24.167]    DEBUG: <PixTestParameters.cc/dump:L107>   voltagestop: 600
[17:04:24.167]    DEBUG: <PixTestParameters.cc/dump:L107>   voltagestep: 5
[17:04:24.167]    DEBUG: <PixTestParameters.cc/dump:L107>   delay: 1
[17:04:24.167]    DEBUG: <PixTestParameters.cc/dump:L107>   compliance(ua): 100
[17:04:24.167]    DEBUG: <PixTestParameters.cc/dump:L104> PixTestParameters: ->PhOptimization<-
[17:04:24.167]    DEBUG: <PixTestParameters.cc/dump:L107>   ntrig: 10
[17:04:24.167]    DEBUG: <PixTestParameters.cc/dump:L107>   safetymarginlow: 20
[17:04:24.167]    DEBUG: <PixTestParameters.cc/dump:L107>   saturationvcal: 100
[17:04:24.167]    DEBUG: <PixTestParameters.cc/dump:L107>   quantilesaturation: 0.98
[17:04:24.167]    DEBUG: <PixTestParameters.cc/dump:L104> PixTestParameters: ->PixelAlive<-
[17:04:24.167]    DEBUG: <PixTestParameters.cc/dump:L107>   ntrig: 10
[17:04:24.167]    DEBUG: <PixTestParameters.cc/dump:L107>   vcal: 200
[17:04:24.167]    DEBUG: <PixTestParameters.cc/dump:L107>   alivetest: button
[17:04:24.167]    DEBUG: <PixTestParameters.cc/dump:L107>   masktest: button
[17:04:24.167]    DEBUG: <PixTestParameters.cc/dump:L107>   addressdecodingtest: button
[17:04:24.167]    DEBUG: <PixTestParameters.cc/dump:L104> PixTestParameters: ->Pretest<-
[17:04:24.167]    DEBUG: <PixTestParameters.cc/dump:L107>   programroc: button
[17:04:24.167]    DEBUG: <PixTestParameters.cc/dump:L107>   targetia: 24
[17:04:24.167]    DEBUG: <PixTestParameters.cc/dump:L107>   setvana: button
[17:04:24.167]    DEBUG: <PixTestParameters.cc/dump:L107>   iterations: 100
[17:04:24.167]    DEBUG: <PixTestParameters.cc/dump:L107>   settimings: button
[17:04:24.167]    DEBUG: <PixTestParameters.cc/dump:L107>   findworkingpixel: button
[17:04:24.167]    DEBUG: <PixTestParameters.cc/dump:L107>   setvthrcompcaldel: button
[17:04:24.167]    DEBUG: <PixTestParameters.cc/dump:L107>   pix: 11,20
[17:04:24.167]    DEBUG: <PixTestParameters.cc/dump:L107>   vcal: 250
[17:04:24.167]    DEBUG: <PixTestParameters.cc/dump:L107>   deltavthrcomp: 50
[17:04:24.167]    DEBUG: <PixTestParameters.cc/dump:L107>   fraccaldel: 0.5
[17:04:24.167]    DEBUG: <PixTestParameters.cc/dump:L107>   ntrig: 5
[17:04:24.167]    DEBUG: <PixTestParameters.cc/dump:L107>   savedacs: button
[17:04:24.167]    DEBUG: <PixTestParameters.cc/dump:L104> PixTestParameters: ->Readback<-
[17:04:24.167]    DEBUG: <PixTestParameters.cc/dump:L107>   calibratevd: button
[17:04:24.167]    DEBUG: <PixTestParameters.cc/dump:L107>   calibrateva: button
[17:04:24.167]    DEBUG: <PixTestParameters.cc/dump:L107>   calibrateia: button
[17:04:24.167]    DEBUG: <PixTestParameters.cc/dump:L107>   readbackvbg: button
[17:04:24.167]    DEBUG: <PixTestParameters.cc/dump:L107>   getcalibratedvbg: button
[17:04:24.167]    DEBUG: <PixTestParameters.cc/dump:L107>   usecalvd: checkbox(1)
[17:04:24.167]    DEBUG: <PixTestParameters.cc/dump:L107>   usecalva: checkbox(0)
[17:04:24.167]    DEBUG: <PixTestParameters.cc/dump:L107>   getcalibratedia: button
[17:04:24.167]    DEBUG: <PixTestParameters.cc/dump:L107>   setvana: button
[17:04:24.167]    DEBUG: <PixTestParameters.cc/dump:L104> PixTestParameters: ->Scurves<-
[17:04:24.167]    DEBUG: <PixTestParameters.cc/dump:L107>   adjustvcal: checkbox(1)
[17:04:24.167]    DEBUG: <PixTestParameters.cc/dump:L107>   dumpall: checkbox(0)
[17:04:24.167]    DEBUG: <PixTestParameters.cc/dump:L107>   dumpproblematic: checkbox(0)
[17:04:24.167]    DEBUG: <PixTestParameters.cc/dump:L107>   ntrig: 50
[17:04:24.167]    DEBUG: <PixTestParameters.cc/dump:L107>   dac: VthrComp
[17:04:24.167]    DEBUG: <PixTestParameters.cc/dump:L107>   daclo: 0
[17:04:24.167]    DEBUG: <PixTestParameters.cc/dump:L107>   dachi: 200
[17:04:24.167]    DEBUG: <PixTestParameters.cc/dump:L107>   dacs/step: 10
[17:04:24.167]    DEBUG: <PixTestParameters.cc/dump:L107>   scurves: button
[17:04:24.167]    DEBUG: <PixTestParameters.cc/dump:L104> PixTestParameters: ->Timing<-
[17:04:24.167]    DEBUG: <PixTestParameters.cc/dump:L107>   fastscan: checkbox(0)
[17:04:24.167]    DEBUG: <PixTestParameters.cc/dump:L107>   targetclk: 4
[17:04:24.167]    DEBUG: <PixTestParameters.cc/dump:L107>   ntrig: 10
[17:04:24.167]    DEBUG: <PixTestParameters.cc/dump:L107>   clocksdascan: button
[17:04:24.167]    DEBUG: <PixTestParameters.cc/dump:L107>   phasescan: button
[17:04:24.167]    DEBUG: <PixTestParameters.cc/dump:L107>   levelscan: button
[17:04:24.167]    DEBUG: <PixTestParameters.cc/dump:L107>   tbmphasescan: button
[17:04:24.167]    DEBUG: <PixTestParameters.cc/dump:L107>   rocdelayscan: button
[17:04:24.167]    DEBUG: <PixTestParameters.cc/dump:L107>   timingtest: button
[17:04:24.167]    DEBUG: <PixTestParameters.cc/dump:L107>   saveparameters: button
[17:04:24.167]    DEBUG: <PixTestParameters.cc/dump:L104> PixTestParameters: ->Trim<-
[17:04:24.167]    DEBUG: <PixTestParameters.cc/dump:L107>   trim: button
[17:04:24.167]    DEBUG: <PixTestParameters.cc/dump:L107>   ntrig: 10
[17:04:24.167]    DEBUG: <PixTestParameters.cc/dump:L107>   vcal: 35
[17:04:24.167]    DEBUG: <PixTestParameters.cc/dump:L107>   trimbits: button
[17:04:24.167]    DEBUG: <PixTestParameters.cc/dump:L104> PixTestParameters: ->Xray<-
[17:04:24.167]    DEBUG: <PixTestParameters.cc/dump:L107>   maskhotpixels: button
[17:04:24.167]    DEBUG: <PixTestParameters.cc/dump:L107>   savemaskfile: checkbox(0)
[17:04:24.167]    DEBUG: <PixTestParameters.cc/dump:L107>   maskfilename: default
[17:04:24.167]    DEBUG: <PixTestParameters.cc/dump:L107>   source: Ag
[17:04:24.167]    DEBUG: <PixTestParameters.cc/dump:L107>   phrun: button
[17:04:24.167]    DEBUG: <PixTestParameters.cc/dump:L107>   runseconds: 100
[17:04:24.167]    DEBUG: <PixTestParameters.cc/dump:L107>   trgfrequency(khz): 100
[17:04:24.167]    DEBUG: <PixTestParameters.cc/dump:L107>   ratescan: button
[17:04:24.168]    DEBUG: <PixTestParameters.cc/dump:L107>   vthrcompmin: 10
[17:04:24.168]    DEBUG: <PixTestParameters.cc/dump:L107>   vthrcompmax: 80
[17:04:24.168]    DEBUG: <PixTestParameters.cc/dump:L107>   stepseconds: 5
[17:04:24.168]    DEBUG: <PixTestParameters.cc/dump:L107>   delaytbm: checkbox
[17:04:24.168]    DEBUG: <PixTestParameters.cc/dump:L107>   filltree: checkbox
[17:04:24.168]    DEBUG: <PixSetup.cc/init:L81> PixSetup init start; getCurrentRSS() = 33181696
[17:04:24.168]    DEBUG: <PixSetup.cc/init:L87> fPixTestParameters = 0x1031a30
[17:04:24.168]    DEBUG: <PixSetup.cc/init:L88>  fConfigParameters = 0xf74890
[17:04:24.168]    DEBUG: <PixSetup.cc/init:L89>        fPxarMemory = 0x7f0309d94010
[17:04:24.168]    DEBUG: <PixSetup.cc/init:L90>         fPxarMemHi = 0x7f030ffff510
[17:04:24.168]    DEBUG: <PixSetup.cc/init:L106> PixSetup init done;  getCurrentRSS() = 33189888 fPxarMemory = 0x7f0309d94010
[17:04:24.661]    DEBUG: <PixGui.cc/hvOn:L457> HV set On: 0x1601470
[17:04:24.726]    DEBUG: <PixTestFactory.cc/PixTestFactory:L50> PixTestFactory::PixTestFactory()
[17:04:24.726]    DEBUG: <PixTestBBMap.cc/init:L78> PixTestBBMap::init()
[17:04:24.727]    DEBUG: <PixTestBBMap.cc/PixTestBBMap:L26> PixTestBBMap ctor(PixSetup &a, string, TGTab *)
[17:04:24.732]    DEBUG: <PixTestBB2Map.cc/setParameter:L57> setting fTargetIa    = 24 mA/ROC
[17:04:24.732]    DEBUG: <PixTestBB2Map.cc/init:L96> PixTestBB2Map::init()
[17:04:24.732]    DEBUG: <PixTestBB2Map.cc/PixTestBB2Map:L28> PixTestBB2Map ctor(PixSetup &a, string, TGTab *)
[17:04:24.743]    DEBUG: <PixTestDacDacScan.cc/init:L102> PixTestDacDacScan::init()
[17:04:24.743]    DEBUG: <PixTestDacDacScan.cc/PixTestDacDacScan:L21> PixTestDacDacScan ctor(PixSetup &a, string, TGTab *)
[17:04:24.808]    DEBUG: <PixTestHighRate.cc/setParameter:L66>   setting fParTriggerFrequency -> 20
[17:04:24.808]    DEBUG: <PixTestHighRate.cc/init:L156> PixTestHighRate::init()
[17:04:24.809]    DEBUG: <PixTestHighRate.cc/PixTestHighRate:L29> PixTestHighRate ctor(PixSetup &a, string, TGTab *)
[17:04:24.809]     INFO:       reading data/yhc691015sn2p7//phCalibrationFitErr35_C0.dat
[17:04:24.825]     INFO:       reading data/yhc691015sn2p7//phCalibrationFitErr35_C1.dat
[17:04:24.841]     INFO:       reading data/yhc691015sn2p7//phCalibrationFitErr35_C2.dat
[17:04:24.858]     INFO:       reading data/yhc691015sn2p7//phCalibrationFitErr35_C3.dat
[17:04:24.874]     INFO:       reading data/yhc691015sn2p7//phCalibrationFitErr35_C4.dat
[17:04:24.890]     INFO:       reading data/yhc691015sn2p7//phCalibrationFitErr35_C5.dat
[17:04:24.905]     INFO:       reading data/yhc691015sn2p7//phCalibrationFitErr35_C6.dat
[17:04:24.921]     INFO:       reading data/yhc691015sn2p7//phCalibrationFitErr35_C7.dat
[17:04:24.937]     INFO:       reading data/yhc691015sn2p7//phCalibrationFitErr35_C8.dat
[17:04:24.953]     INFO:       reading data/yhc691015sn2p7//phCalibrationFitErr35_C9.dat
[17:04:24.969]     INFO:       reading data/yhc691015sn2p7//phCalibrationFitErr35_C10.dat
[17:04:24.985]     INFO:       reading data/yhc691015sn2p7//phCalibrationFitErr35_C11.dat
[17:04:25.000]     INFO:       reading data/yhc691015sn2p7//phCalibrationFitErr35_C12.dat
[17:04:25.016]     INFO:       reading data/yhc691015sn2p7//phCalibrationFitErr35_C13.dat
[17:04:25.032]     INFO:       reading data/yhc691015sn2p7//phCalibrationFitErr35_C14.dat
[17:04:25.048]     INFO:       reading data/yhc691015sn2p7//phCalibrationFitErr35_C15.dat
[17:04:25.081]    DEBUG: <PixTest.cc/setTestParameter:L577>  setting  ntrig to new value 10
[17:04:25.081]    DEBUG: <PixTestPhOptimization.cc/setParameter:L36>   setting fParNtrig  ->10<- from sval = 10
[17:04:25.081]    DEBUG: <PixTestPhOptimization.cc/setParameter:L41>   setting fSafetyMarginLow  ->20<- from sval = 20
[17:04:25.081]    DEBUG: <PixTestPhOptimization.cc/setParameter:L47>   setting fVcalMax  ->100<- from sval = 100
[17:04:25.081]    DEBUG: <PixTestPhOptimization.cc/setParameter:L52>   setting fQuantMax  ->0.98<- from sval = 0.98
[17:04:25.088]    DEBUG: <PixTestAlive.cc/init:L76> PixTestAlive::init()
[17:04:25.089]    DEBUG: <PixTestAlive.cc/PixTestAlive:L20> PixTestAlive ctor(PixSetup &a, string, TGTab *)
[17:04:25.104]    DEBUG: <PixTestReadback.cc/setParameter:L184> fCalwVd set to 1
[17:04:25.104]    DEBUG: <PixTestReadback.cc/init:L96> PixTestReadback::init()
[17:04:25.104]    DEBUG: <PixTestReadback.cc/PixTestReadback:L22> PixTestReadback ctor(PixSetup &a, string, TGTab *)
[17:04:25.104]     INFO:       reading data/yhc691015sn2p7//readbackCal_C0.dat
[17:04:25.104]     INFO:       reading data/yhc691015sn2p7//readbackCal_C1.dat
[17:04:25.104]     INFO:       reading data/yhc691015sn2p7//readbackCal_C2.dat
[17:04:25.104]     INFO:       reading data/yhc691015sn2p7//readbackCal_C3.dat
[17:04:25.104]     INFO:       reading data/yhc691015sn2p7//readbackCal_C4.dat
[17:04:25.104]     INFO:       reading data/yhc691015sn2p7//readbackCal_C5.dat
[17:04:25.104]     INFO:       reading data/yhc691015sn2p7//readbackCal_C6.dat
[17:04:25.104]     INFO:       reading data/yhc691015sn2p7//readbackCal_C7.dat
[17:04:25.105]     INFO:       reading data/yhc691015sn2p7//readbackCal_C8.dat
[17:04:25.105]     INFO:       reading data/yhc691015sn2p7//readbackCal_C9.dat
[17:04:25.105]     INFO:       reading data/yhc691015sn2p7//readbackCal_C10.dat
[17:04:25.105]     INFO:       reading data/yhc691015sn2p7//readbackCal_C11.dat
[17:04:25.105]     INFO:       reading data/yhc691015sn2p7//readbackCal_C12.dat
[17:04:25.105]     INFO:       reading data/yhc691015sn2p7//readbackCal_C13.dat
[17:04:25.105]     INFO:       reading data/yhc691015sn2p7//readbackCal_C14.dat
[17:04:25.105]     INFO:       reading data/yhc691015sn2p7//readbackCal_C15.dat
[17:04:25.126]    DEBUG: <PixTestTiming.cc/setParameter:L45> fFastScan: 0
[17:04:25.126]    DEBUG: <PixTestTiming.cc/setParameter:L50> PixTestTiming::PixTest() targetclk = 4
[17:04:25.126]    DEBUG: <PixTestTiming.cc/setParameter:L54> PixTestTiming::PixTest() ntrig = 10
[17:04:25.126]    DEBUG: <PixTestTiming.cc/init:L64> PixTestTiming::init()
[17:04:25.137]    DEBUG: <PixTestXray.cc/init:L132> PixTestXray::init()
[17:04:25.137]    DEBUG: <PixTestXray.cc/PixTestXray:L26> PixTestXray ctor(PixSetup &a, string, TGTab *)
[17:04:26.920]    DEBUG: <PixTab.cc/boxChecked:L313> xxxPressed():  savemaskfile
[17:04:27.736]    DEBUG: <PixTab.cc/buttonClicked:L304> xxxPressed():  maskhotpixels
[17:04:27.736]    DEBUG: <PixTestXray.cc/runCommand:L106> running command: maskhotpixels
[17:04:27.738]     INFO:    ----------------------------------------------------------------------
[17:04:27.738]     INFO:    PixTest::maskHotPixels() running for 10 seconds with 100 kHz trigger rate
[17:04:27.738]     INFO:    ----------------------------------------------------------------------
[17:04:27.739]  WARNING: Pattern generator does not contain a trigger signal. No data is expected from the DUT!
[17:04:28.717]     INFO: IGNORE THE WARNING ABOVE (resetROC sent)!
[17:04:29.896]     INFO: PixTestHighRate::maskHotPixels start TriggerLoop with period 404 and duration 10 seconds and trigger rate 100 kHz
[17:04:38.921]     INFO: Done with hot pixel readout
[17:04:49.978]     INFO: PixTest::       pg_setup set to default.
[17:04:49.978]    DEBUG: <PixTest.cc/maskHotPixels:L2102> hot pixel determination with THR = 10
[17:04:49.978]    DEBUG: <PixTest.cc/maskHotPixels:L2112> ROC 0 with hot pixel 6/45,  hits = 1477
[17:04:49.978]    DEBUG: <PixTest.cc/maskHotPixels:L2112> ROC 0 with hot pixel 30/73,  hits = 3855
[17:04:49.978]    DEBUG: <PixTest.cc/maskHotPixels:L2112> ROC 0 with hot pixel 43/10,  hits = 51
[17:04:49.978]    DEBUG: <PixTest.cc/maskHotPixels:L2112> ROC 0 with hot pixel 45/76,  hits = 18454
[17:04:49.978]    DEBUG: <PixTest.cc/maskHotPixels:L2112> ROC 1 with hot pixel 7/29,  hits = 53459
[17:04:49.978]    DEBUG: <PixTest.cc/maskHotPixels:L2112> ROC 1 with hot pixel 39/64,  hits = 45
[17:04:49.978]    DEBUG: <PixTest.cc/maskHotPixels:L2112> ROC 1 with hot pixel 43/43,  hits = 1084
[17:04:49.978]    DEBUG: <PixTest.cc/maskHotPixels:L2112> ROC 1 with hot pixel 47/33,  hits = 17875
[17:04:49.978]    DEBUG: <PixTest.cc/maskHotPixels:L2112> ROC 2 with hot pixel 37/62,  hits = 173
[17:04:49.978]    DEBUG: <PixTest.cc/maskHotPixels:L2112> ROC 3 with hot pixel 44/33,  hits = 52
[17:04:49.978]    DEBUG: <PixTest.cc/maskHotPixels:L2112> ROC 3 with hot pixel 50/0,  hits = 262
[17:04:49.978]    DEBUG: <PixTest.cc/maskHotPixels:L2112> ROC 4 with hot pixel 33/47,  hits = 55010
[17:04:49.978]    DEBUG: <PixTest.cc/maskHotPixels:L2112> ROC 4 with hot pixel 51/18,  hits = 53
[17:04:49.979]    DEBUG: <PixTest.cc/maskHotPixels:L2112> ROC 6 with hot pixel 11/54,  hits = 3143
[17:04:49.979]    DEBUG: <PixTest.cc/maskHotPixels:L2112> ROC 6 with hot pixel 31/48,  hits = 18295
[17:04:49.979]    DEBUG: <PixTest.cc/maskHotPixels:L2112> ROC 6 with hot pixel 31/49,  hits = 777
[17:04:49.979]    DEBUG: <PixTest.cc/maskHotPixels:L2112> ROC 6 with hot pixel 33/52,  hits = 151
[17:04:49.979]    DEBUG: <PixTest.cc/maskHotPixels:L2112> ROC 6 with hot pixel 40/57,  hits = 12
[17:04:49.979]    DEBUG: <PixTest.cc/maskHotPixels:L2112> ROC 7 with hot pixel 37/51,  hits = 177
[17:04:49.979]    DEBUG: <PixTest.cc/maskHotPixels:L2112> ROC 7 with hot pixel 48/62,  hits = 211
[17:04:49.979]    DEBUG: <PixTest.cc/maskHotPixels:L2112> ROC 9 with hot pixel 41/47,  hits = 17989
[17:04:49.979]    DEBUG: <PixTest.cc/maskHotPixels:L2112> ROC 9 with hot pixel 50/61,  hits = 46710
[17:04:49.979]    DEBUG: <PixTest.cc/maskHotPixels:L2112> ROC 10 with hot pixel 34/68,  hits = 266
[17:04:49.979]    DEBUG: <PixTest.cc/maskHotPixels:L2112> ROC 10 with hot pixel 40/59,  hits = 16084
[17:04:49.979]    DEBUG: <PixTest.cc/maskHotPixels:L2112> ROC 10 with hot pixel 47/45,  hits = 1705
[17:04:49.979]    DEBUG: <PixTest.cc/maskHotPixels:L2112> ROC 11 with hot pixel 41/27,  hits = 23
[17:04:49.979]    DEBUG: <PixTest.cc/maskHotPixels:L2112> ROC 13 with hot pixel 7/37,  hits = 44912
[17:04:49.979]    DEBUG: <PixTest.cc/maskHotPixels:L2112> ROC 14 with hot pixel 13/59,  hits = 1065
[17:04:49.979]    DEBUG: <PixTest.cc/maskHotPixels:L2112> ROC 14 with hot pixel 44/74,  hits = 59418
[17:04:49.979]    DEBUG: <PixTest.cc/maskHotPixels:L2112> ROC 14 with hot pixel 48/49,  hits = 53714
[17:04:49.980]    DEBUG: <PixTest.cc/maskHotPixels:L2112> ROC 14 with hot pixel 48/50,  hits = 211
[17:04:49.980]    DEBUG: <PixTest.cc/maskHotPixels:L2112> ROC 14 with hot pixel 49/5,  hits = 14618
[17:04:49.980]    DEBUG: <PixTest.cc/maskHotPixels:L2112> ROC 14 with hot pixel 50/21,  hits = 78
[17:04:49.980]    DEBUG: <PixTest.cc/maskHotPixels:L2112> ROC 15 with hot pixel 48/60,  hits = 580
[17:04:49.980]     INFO: PixTest::maskHotPixels() done
[17:04:50.057]    DEBUG: <ConfigParameters.cc/writeMaskFile:L586> write masked pixels into data/yhc691015sn2p7//defaultMaskFile.dat
[17:04:58.368]    DEBUG: <PixGui.cc/handleButtons:L393> PixGui::exit called
[17:04:58.368]    DEBUG: <PixTestBBMap.cc/~PixTestBBMap:L96> PixTestBBMap dtor
[17:04:58.368]    DEBUG: <PixTestBB2Map.cc/~PixTestBB2Map:L114> PixTestBB2Map dtor
[17:04:58.368]    DEBUG: <PixTestDacDacScan.cc/~PixTestDacDacScan:L135> PixTestDacDacScan dtor
[17:04:58.368]    DEBUG: <PixTestDacScan.cc/~PixTestDacScan:L115> PixTestDacScan dtor
[17:04:58.368]    DEBUG: <PixTestGainPedestal.cc/~PixTestGainPedestal:L121> PixTestGainPedestal dtor
[17:04:58.368]    DEBUG: <PixTestHighRate.cc/~PixTestHighRate:L203> PixTestHighRate dtor
[17:04:58.368]    DEBUG: <PixTestIV.cc/~PixTestIV:L96> PixTestIV dtor
[17:04:58.368]    DEBUG: <PixTestAlive.cc/~PixTestAlive:L108> PixTestAlive dtor
[17:04:58.369]    DEBUG: <PixTestPretest.cc/~PixTestPretest:L133> PixTestPretest dtor
[17:04:58.369]    DEBUG: <PixTestReadback.cc/~PixTestReadback:L89> PixTestReadback dtor, saving tree ... 
[17:04:58.369]    DEBUG: <PixTestScurves.cc/~PixTestScurves:L127> PixTestScurves dtor
[17:04:58.369]    DEBUG: <PixTestTiming.cc/~PixTestTiming:L87> PixTestTiming dtor
[17:04:58.369]    DEBUG: <PixTestTrim.cc/~PixTestTrim:L103> PixTestTrim dtor
[17:04:58.369]    DEBUG: <PixTestXray.cc/~PixTestXray:L215> PixTestXray dtor
[17:04:58.422]    QUIET: Connection to board 58 closed.
[17:04:58.422]    DEBUG: <PixMonitor.cc/dumpSummaries:L34> PixMonitor::dumpSummaries
