[10:17:10.192]     INFO: *** Welcome to pxar ***
[10:17:10.192]     INFO: *** Today: 2015/07/01
[10:17:10.192]     INFO:       reading data/yhc691015sn2p7//dacParameters35_C0.dat
[10:17:10.193]     INFO:       reading data/yhc691015sn2p7//dacParameters35_C1.dat
[10:17:10.193]     INFO:       reading data/yhc691015sn2p7//dacParameters35_C2.dat
[10:17:10.193]     INFO:       reading data/yhc691015sn2p7//dacParameters35_C3.dat
[10:17:10.193]     INFO:       reading data/yhc691015sn2p7//dacParameters35_C4.dat
[10:17:10.193]     INFO:       reading data/yhc691015sn2p7//dacParameters35_C5.dat
[10:17:10.193]     INFO:       reading data/yhc691015sn2p7//dacParameters35_C6.dat
[10:17:10.193]     INFO:       reading data/yhc691015sn2p7//dacParameters35_C7.dat
[10:17:10.193]     INFO:       reading data/yhc691015sn2p7//dacParameters35_C8.dat
[10:17:10.193]     INFO:       reading data/yhc691015sn2p7//dacParameters35_C9.dat
[10:17:10.193]     INFO:       reading data/yhc691015sn2p7//dacParameters35_C10.dat
[10:17:10.193]     INFO:       reading data/yhc691015sn2p7//dacParameters35_C11.dat
[10:17:10.193]     INFO:       reading data/yhc691015sn2p7//dacParameters35_C12.dat
[10:17:10.193]     INFO:       reading data/yhc691015sn2p7//dacParameters35_C13.dat
[10:17:10.193]     INFO:       reading data/yhc691015sn2p7//dacParameters35_C14.dat
[10:17:10.193]     INFO:       reading data/yhc691015sn2p7//dacParameters35_C15.dat
[10:17:10.194]     INFO:       reading data/yhc691015sn2p7//tbmParameters_C0a.dat
[10:17:10.194]     INFO:       reading data/yhc691015sn2p7//tbmParameters_C0b.dat
[10:17:10.194]     INFO:       reading data/yhc691015sn2p7//defaultMaskFile.dat
[10:17:10.194]     INFO: MASKED Roc 0 col/row: 6 45
[10:17:10.194]     INFO: MASKED Roc 0 col/row: 30 73
[10:17:10.194]     INFO: MASKED Roc 0 col/row: 43 10
[10:17:10.194]     INFO: MASKED Roc 0 col/row: 45 76
[10:17:10.194]     INFO: MASKED Roc 1 col/row: 7 29
[10:17:10.194]     INFO: MASKED Roc 1 col/row: 39 64
[10:17:10.194]     INFO: MASKED Roc 1 col/row: 43 43
[10:17:10.194]     INFO: MASKED Roc 1 col/row: 47 33
[10:17:10.194]     INFO: MASKED Roc 2 col/row: 37 62
[10:17:10.194]     INFO: MASKED Roc 3 col/row: 44 33
[10:17:10.194]     INFO: MASKED Roc 3 col/row: 50 0
[10:17:10.194]     INFO: MASKED Roc 4 col/row: 33 47
[10:17:10.194]     INFO: MASKED Roc 4 col/row: 51 18
[10:17:10.194]     INFO: MASKED Roc 6 col/row: 11 54
[10:17:10.194]     INFO: MASKED Roc 6 col/row: 31 48
[10:17:10.194]     INFO: MASKED Roc 6 col/row: 31 49
[10:17:10.194]     INFO: MASKED Roc 6 col/row: 33 52
[10:17:10.194]     INFO: MASKED Roc 6 col/row: 40 57
[10:17:10.194]     INFO: MASKED Roc 7 col/row: 37 51
[10:17:10.194]     INFO: MASKED Roc 7 col/row: 48 62
[10:17:10.194]     INFO: MASKED Roc 9 col/row: 41 47
[10:17:10.194]     INFO: MASKED Roc 9 col/row: 50 61
[10:17:10.194]     INFO: MASKED Roc 10 col/row: 34 68
[10:17:10.194]     INFO: MASKED Roc 10 col/row: 40 59
[10:17:10.194]     INFO: MASKED Roc 10 col/row: 47 45
[10:17:10.194]     INFO: MASKED Roc 11 col/row: 41 27
[10:17:10.194]     INFO: MASKED Roc 13 col/row: 7 37
[10:17:10.194]     INFO: MASKED Roc 14 col/row: 13 59
[10:17:10.194]     INFO: MASKED Roc 14 col/row: 44 74
[10:17:10.194]     INFO: MASKED Roc 14 col/row: 48 49
[10:17:10.194]     INFO: MASKED Roc 14 col/row: 48 50
[10:17:10.194]     INFO: MASKED Roc 14 col/row: 49 5
[10:17:10.194]     INFO: MASKED Roc 14 col/row: 50 21
[10:17:10.194]     INFO: MASKED Roc 15 col/row: 48 60
[10:17:10.194]     INFO:   masking Roc 0 col/row: 6 45
[10:17:10.194]     INFO:   masking Roc 0 col/row: 30 73
[10:17:10.194]     INFO:   masking Roc 0 col/row: 43 10
[10:17:10.194]     INFO:   masking Roc 0 col/row: 45 76
[10:17:10.195]     INFO:       reading data/yhc691015sn2p7//trimParameters35_C0.dat
[10:17:10.201]     INFO:   masking Roc 1 col/row: 7 29
[10:17:10.201]     INFO:   masking Roc 1 col/row: 39 64
[10:17:10.201]     INFO:   masking Roc 1 col/row: 43 43
[10:17:10.201]     INFO:   masking Roc 1 col/row: 47 33
[10:17:10.201]     INFO:       reading data/yhc691015sn2p7//trimParameters35_C1.dat
[10:17:10.208]     INFO:   masking Roc 2 col/row: 37 62
[10:17:10.208]     INFO:       reading data/yhc691015sn2p7//trimParameters35_C2.dat
[10:17:10.215]     INFO:   masking Roc 3 col/row: 44 33
[10:17:10.215]     INFO:   masking Roc 3 col/row: 50 0
[10:17:10.215]     INFO:       reading data/yhc691015sn2p7//trimParameters35_C3.dat
[10:17:10.222]     INFO:   masking Roc 4 col/row: 33 47
[10:17:10.222]     INFO:   masking Roc 4 col/row: 51 18
[10:17:10.222]     INFO:       reading data/yhc691015sn2p7//trimParameters35_C4.dat
[10:17:10.228]     INFO:       reading data/yhc691015sn2p7//trimParameters35_C5.dat
[10:17:10.235]     INFO:   masking Roc 6 col/row: 11 54
[10:17:10.235]     INFO:   masking Roc 6 col/row: 31 48
[10:17:10.235]     INFO:   masking Roc 6 col/row: 31 49
[10:17:10.235]     INFO:   masking Roc 6 col/row: 33 52
[10:17:10.235]     INFO:   masking Roc 6 col/row: 40 57
[10:17:10.235]     INFO:       reading data/yhc691015sn2p7//trimParameters35_C6.dat
[10:17:10.242]     INFO:   masking Roc 7 col/row: 37 51
[10:17:10.242]     INFO:   masking Roc 7 col/row: 48 62
[10:17:10.242]     INFO:       reading data/yhc691015sn2p7//trimParameters35_C7.dat
[10:17:10.248]     INFO:       reading data/yhc691015sn2p7//trimParameters35_C8.dat
[10:17:10.255]     INFO:   masking Roc 9 col/row: 41 47
[10:17:10.255]     INFO:   masking Roc 9 col/row: 50 61
[10:17:10.255]     INFO:       reading data/yhc691015sn2p7//trimParameters35_C9.dat
[10:17:10.262]     INFO:   masking Roc 10 col/row: 34 68
[10:17:10.262]     INFO:   masking Roc 10 col/row: 40 59
[10:17:10.262]     INFO:   masking Roc 10 col/row: 47 45
[10:17:10.262]     INFO:       reading data/yhc691015sn2p7//trimParameters35_C10.dat
[10:17:10.268]     INFO:   masking Roc 11 col/row: 41 27
[10:17:10.268]     INFO:       reading data/yhc691015sn2p7//trimParameters35_C11.dat
[10:17:10.275]     INFO:       reading data/yhc691015sn2p7//trimParameters35_C12.dat
[10:17:10.281]     INFO:   masking Roc 13 col/row: 7 37
[10:17:10.281]     INFO:       reading data/yhc691015sn2p7//trimParameters35_C13.dat
[10:17:10.288]     INFO:   masking Roc 14 col/row: 13 59
[10:17:10.288]     INFO:   masking Roc 14 col/row: 44 74
[10:17:10.288]     INFO:   masking Roc 14 col/row: 48 49
[10:17:10.288]     INFO:   masking Roc 14 col/row: 48 50
[10:17:10.288]     INFO:   masking Roc 14 col/row: 49 5
[10:17:10.288]     INFO:   masking Roc 14 col/row: 50 21
[10:17:10.288]     INFO:       reading data/yhc691015sn2p7//trimParameters35_C14.dat
[10:17:10.295]     INFO:   masking Roc 15 col/row: 48 60
[10:17:10.295]     INFO:       reading data/yhc691015sn2p7//trimParameters35_C15.dat
[10:17:10.301]     INFO:       reading data/yhc691015sn2p7//tbParameters.dat
[10:17:10.301]     INFO:         clk: 4
[10:17:10.301]     INFO:         ctr: 4
[10:17:10.301]     INFO:         sda: 19
[10:17:10.301]     INFO:         tin: 9
[10:17:10.301]     INFO:         level: 15
[10:17:10.301]     INFO:         triggerdelay: 0
[10:17:10.301]    QUIET: Instanciating API for pxar v1.9.0
[10:17:10.302]     INFO: Log level: DEBUG
[10:17:10.317]    QUIET: Connection to board DTB_WRPRHI opened.
[10:17:10.321]     INFO: DTB startup information
--- DTB info------------------------------------------
Board id:    58
HW version:  DTB1.2
FW version:  3.2
SW version:  3.6
USB id:      DTB_WRPRHI
MAC address: 40D85511803A
Hostname:    pixelDTB058
Comment:     
------------------------------------------------------
[10:17:10.324]     INFO: RPC call hashes of host and DTB match: 413001178
[10:17:11.935]     INFO: DUT info: 
[10:17:11.935]     INFO: The DUT currently contains the following objects:
[10:17:11.935]     INFO:  2 TBM Cores (2 ON)
[10:17:11.935]     INFO: 	TBM Core alpha (0): 7 registers set
[10:17:11.935]     INFO: 	TBM Core beta  (1): 7 registers set
[10:17:11.935]     INFO: 16 ROCs (16 ON) with 4160 pixelConfigs
[10:17:11.935]     INFO: 	ROC 0: 21 DACs set, Pixels: 4 masked, 4160 active.
[10:17:11.935]     INFO: 	ROC 1: 21 DACs set, Pixels: 4 masked, 4160 active.
[10:17:11.935]     INFO: 	ROC 2: 21 DACs set, Pixels: 1 masked, 4160 active.
[10:17:11.935]     INFO: 	ROC 3: 21 DACs set, Pixels: 2 masked, 4160 active.
[10:17:11.935]     INFO: 	ROC 4: 21 DACs set, Pixels: 2 masked, 4160 active.
[10:17:11.935]     INFO: 	ROC 5: 21 DACs set, Pixels: 0 masked, 4160 active.
[10:17:11.935]     INFO: 	ROC 6: 21 DACs set, Pixels: 5 masked, 4160 active.
[10:17:11.935]     INFO: 	ROC 7: 21 DACs set, Pixels: 2 masked, 4160 active.
[10:17:11.935]     INFO: 	ROC 8: 21 DACs set, Pixels: 0 masked, 4160 active.
[10:17:11.935]     INFO: 	ROC 9: 21 DACs set, Pixels: 2 masked, 4160 active.
[10:17:11.935]     INFO: 	ROC 10: 21 DACs set, Pixels: 3 masked, 4160 active.
[10:17:11.935]     INFO: 	ROC 11: 21 DACs set, Pixels: 1 masked, 4160 active.
[10:17:11.935]     INFO: 	ROC 12: 21 DACs set, Pixels: 0 masked, 4160 active.
[10:17:11.935]     INFO: 	ROC 13: 21 DACs set, Pixels: 1 masked, 4160 active.
[10:17:11.935]     INFO: 	ROC 14: 21 DACs set, Pixels: 6 masked, 4160 active.
[10:17:11.936]     INFO: 	ROC 15: 21 DACs set, Pixels: 1 masked, 4160 active.
[10:17:11.936]    DEBUG: <PixTestParameters.cc/dump:L104> PixTestParameters: ->BB<-
[10:17:11.936]    DEBUG: <PixTestParameters.cc/dump:L107>   dumpall: checkbox(0)
[10:17:11.936]    DEBUG: <PixTestParameters.cc/dump:L107>   dumpproblematic: checkbox(0)
[10:17:11.936]    DEBUG: <PixTestParameters.cc/dump:L107>   ntrig: 5
[10:17:11.936]    DEBUG: <PixTestParameters.cc/dump:L107>   vcals: 250
[10:17:11.936]    DEBUG: <PixTestParameters.cc/dump:L104> PixTestParameters: ->BB2<-
[10:17:11.936]    DEBUG: <PixTestParameters.cc/dump:L107>   ntrig: 10
[10:17:11.936]    DEBUG: <PixTestParameters.cc/dump:L107>   vcals: 222
[10:17:11.936]    DEBUG: <PixTestParameters.cc/dump:L107>   plwidth: 35
[10:17:11.936]    DEBUG: <PixTestParameters.cc/dump:L107>   pix: 11,20
[10:17:11.936]    DEBUG: <PixTestParameters.cc/dump:L107>   targetia: 24
[10:17:11.936]    DEBUG: <PixTestParameters.cc/dump:L104> PixTestParameters: ->DacDacScan<-
[10:17:11.936]    DEBUG: <PixTestParameters.cc/dump:L107>   phmap: checkbox
[10:17:11.936]    DEBUG: <PixTestParameters.cc/dump:L107>   ntrig: 10
[10:17:11.936]    DEBUG: <PixTestParameters.cc/dump:L107>   dac1: caldel
[10:17:11.936]    DEBUG: <PixTestParameters.cc/dump:L107>   dac1lo: 0
[10:17:11.936]    DEBUG: <PixTestParameters.cc/dump:L107>   dac1hi: 255
[10:17:11.936]    DEBUG: <PixTestParameters.cc/dump:L107>   dac2: vthrcomp
[10:17:11.936]    DEBUG: <PixTestParameters.cc/dump:L107>   dac2lo: 0
[10:17:11.936]    DEBUG: <PixTestParameters.cc/dump:L107>   dac2hi: 255
[10:17:11.936]    DEBUG: <PixTestParameters.cc/dump:L107>   pix: 11,20
[10:17:11.936]    DEBUG: <PixTestParameters.cc/dump:L104> PixTestParameters: ->DacScan<-
[10:17:11.936]    DEBUG: <PixTestParameters.cc/dump:L107>   phmap: checkbox(1)
[10:17:11.936]    DEBUG: <PixTestParameters.cc/dump:L107>   allpixels: checkbox(0)
[10:17:11.936]    DEBUG: <PixTestParameters.cc/dump:L107>   unmasked: checkbox(0)
[10:17:11.936]    DEBUG: <PixTestParameters.cc/dump:L107>   ntrig: 10
[10:17:11.936]    DEBUG: <PixTestParameters.cc/dump:L107>   dac: vcal
[10:17:11.936]    DEBUG: <PixTestParameters.cc/dump:L107>   daclo: 0
[10:17:11.936]    DEBUG: <PixTestParameters.cc/dump:L107>   dachi: 255
[10:17:11.936]    DEBUG: <PixTestParameters.cc/dump:L107>   pix: 11,20
[10:17:11.936]    DEBUG: <PixTestParameters.cc/dump:L104> PixTestParameters: ->GainPedestal<-
[10:17:11.936]    DEBUG: <PixTestParameters.cc/dump:L107>   showfits: checkbox(0)
[10:17:11.936]    DEBUG: <PixTestParameters.cc/dump:L107>   extended: checkbox(0)
[10:17:11.936]    DEBUG: <PixTestParameters.cc/dump:L107>   dumphists: checkbox(0)
[10:17:11.936]    DEBUG: <PixTestParameters.cc/dump:L107>   ntrig: 10
[10:17:11.936]    DEBUG: <PixTestParameters.cc/dump:L107>   measure: button
[10:17:11.936]    DEBUG: <PixTestParameters.cc/dump:L107>   fit: button
[10:17:11.936]    DEBUG: <PixTestParameters.cc/dump:L107>   save: button
[10:17:11.936]    DEBUG: <PixTestParameters.cc/dump:L104> PixTestParameters: ->HighRate<-
[10:17:11.936]    DEBUG: <PixTestParameters.cc/dump:L107>   pix: 11,20
[10:17:11.936]    DEBUG: <PixTestParameters.cc/dump:L107>   maskhotpixels: button
[10:17:11.936]    DEBUG: <PixTestParameters.cc/dump:L107>   savemaskfile: checkbox(0)
[10:17:11.936]    DEBUG: <PixTestParameters.cc/dump:L107>   maskfilename: default
[10:17:11.936]    DEBUG: <PixTestParameters.cc/dump:L107>   caldelscan: button
[10:17:11.936]    DEBUG: <PixTestParameters.cc/dump:L107>   xpixelalive: button
[10:17:11.936]    DEBUG: <PixTestParameters.cc/dump:L107>   ntrig: 50
[10:17:11.936]    DEBUG: <PixTestParameters.cc/dump:L107>   vcal: 200
[10:17:11.936]    DEBUG: <PixTestParameters.cc/dump:L107>   xnoisemaps: button
[10:17:11.936]    DEBUG: <PixTestParameters.cc/dump:L107>   daclo: 0
[10:17:11.936]    DEBUG: <PixTestParameters.cc/dump:L107>   dachi: 100
[10:17:11.936]    DEBUG: <PixTestParameters.cc/dump:L107>   dacs/step: 20
[10:17:11.936]    DEBUG: <PixTestParameters.cc/dump:L107>   rundaq: button
[10:17:11.936]    DEBUG: <PixTestParameters.cc/dump:L107>   trgfrequency(khz): 20
[10:17:11.936]    DEBUG: <PixTestParameters.cc/dump:L107>   runseconds: 2
[10:17:11.936]    DEBUG: <PixTestParameters.cc/dump:L107>   triggerdelay: 20
[10:17:11.936]    DEBUG: <PixTestParameters.cc/dump:L107>   delaytbm: checkbox
[10:17:11.936]    DEBUG: <PixTestParameters.cc/dump:L107>   filltree: checkbox
[10:17:11.937]    DEBUG: <PixTestParameters.cc/dump:L104> PixTestParameters: ->IV<-
[10:17:11.937]    DEBUG: <PixTestParameters.cc/dump:L107>   port: /dev/FIXME
[10:17:11.937]    DEBUG: <PixTestParameters.cc/dump:L107>   voltagestart: 0
[10:17:11.937]    DEBUG: <PixTestParameters.cc/dump:L107>   voltagestop: 600
[10:17:11.937]    DEBUG: <PixTestParameters.cc/dump:L107>   voltagestep: 5
[10:17:11.937]    DEBUG: <PixTestParameters.cc/dump:L107>   delay: 1
[10:17:11.937]    DEBUG: <PixTestParameters.cc/dump:L107>   compliance(ua): 100
[10:17:11.937]    DEBUG: <PixTestParameters.cc/dump:L104> PixTestParameters: ->PhOptimization<-
[10:17:11.937]    DEBUG: <PixTestParameters.cc/dump:L107>   ntrig: 10
[10:17:11.937]    DEBUG: <PixTestParameters.cc/dump:L107>   safetymarginlow: 20
[10:17:11.937]    DEBUG: <PixTestParameters.cc/dump:L107>   saturationvcal: 100
[10:17:11.937]    DEBUG: <PixTestParameters.cc/dump:L107>   quantilesaturation: 0.98
[10:17:11.937]    DEBUG: <PixTestParameters.cc/dump:L104> PixTestParameters: ->PixelAlive<-
[10:17:11.937]    DEBUG: <PixTestParameters.cc/dump:L107>   ntrig: 10
[10:17:11.937]    DEBUG: <PixTestParameters.cc/dump:L107>   vcal: 200
[10:17:11.937]    DEBUG: <PixTestParameters.cc/dump:L107>   alivetest: button
[10:17:11.937]    DEBUG: <PixTestParameters.cc/dump:L107>   masktest: button
[10:17:11.937]    DEBUG: <PixTestParameters.cc/dump:L107>   addressdecodingtest: button
[10:17:11.937]    DEBUG: <PixTestParameters.cc/dump:L104> PixTestParameters: ->Pretest<-
[10:17:11.937]    DEBUG: <PixTestParameters.cc/dump:L107>   programroc: button
[10:17:11.937]    DEBUG: <PixTestParameters.cc/dump:L107>   targetia: 24
[10:17:11.937]    DEBUG: <PixTestParameters.cc/dump:L107>   setvana: button
[10:17:11.937]    DEBUG: <PixTestParameters.cc/dump:L107>   iterations: 100
[10:17:11.937]    DEBUG: <PixTestParameters.cc/dump:L107>   settimings: button
[10:17:11.937]    DEBUG: <PixTestParameters.cc/dump:L107>   findworkingpixel: button
[10:17:11.937]    DEBUG: <PixTestParameters.cc/dump:L107>   setvthrcompcaldel: button
[10:17:11.937]    DEBUG: <PixTestParameters.cc/dump:L107>   pix: 11,20
[10:17:11.937]    DEBUG: <PixTestParameters.cc/dump:L107>   vcal: 250
[10:17:11.937]    DEBUG: <PixTestParameters.cc/dump:L107>   deltavthrcomp: 50
[10:17:11.937]    DEBUG: <PixTestParameters.cc/dump:L107>   fraccaldel: 0.5
[10:17:11.937]    DEBUG: <PixTestParameters.cc/dump:L107>   ntrig: 5
[10:17:11.937]    DEBUG: <PixTestParameters.cc/dump:L107>   savedacs: button
[10:17:11.937]    DEBUG: <PixTestParameters.cc/dump:L104> PixTestParameters: ->Readback<-
[10:17:11.937]    DEBUG: <PixTestParameters.cc/dump:L107>   calibratevd: button
[10:17:11.937]    DEBUG: <PixTestParameters.cc/dump:L107>   calibrateva: button
[10:17:11.937]    DEBUG: <PixTestParameters.cc/dump:L107>   calibrateia: button
[10:17:11.937]    DEBUG: <PixTestParameters.cc/dump:L107>   readbackvbg: button
[10:17:11.937]    DEBUG: <PixTestParameters.cc/dump:L107>   getcalibratedvbg: button
[10:17:11.937]    DEBUG: <PixTestParameters.cc/dump:L107>   usecalvd: checkbox(1)
[10:17:11.937]    DEBUG: <PixTestParameters.cc/dump:L107>   usecalva: checkbox(0)
[10:17:11.937]    DEBUG: <PixTestParameters.cc/dump:L107>   getcalibratedia: button
[10:17:11.937]    DEBUG: <PixTestParameters.cc/dump:L107>   setvana: button
[10:17:11.937]    DEBUG: <PixTestParameters.cc/dump:L104> PixTestParameters: ->Scurves<-
[10:17:11.937]    DEBUG: <PixTestParameters.cc/dump:L107>   adjustvcal: checkbox(1)
[10:17:11.937]    DEBUG: <PixTestParameters.cc/dump:L107>   dumpall: checkbox(0)
[10:17:11.937]    DEBUG: <PixTestParameters.cc/dump:L107>   dumpproblematic: checkbox(0)
[10:17:11.937]    DEBUG: <PixTestParameters.cc/dump:L107>   ntrig: 50
[10:17:11.937]    DEBUG: <PixTestParameters.cc/dump:L107>   dac: VthrComp
[10:17:11.937]    DEBUG: <PixTestParameters.cc/dump:L107>   daclo: 0
[10:17:11.937]    DEBUG: <PixTestParameters.cc/dump:L107>   dachi: 200
[10:17:11.937]    DEBUG: <PixTestParameters.cc/dump:L107>   dacs/step: 10
[10:17:11.937]    DEBUG: <PixTestParameters.cc/dump:L107>   scurves: button
[10:17:11.937]    DEBUG: <PixTestParameters.cc/dump:L104> PixTestParameters: ->Timing<-
[10:17:11.937]    DEBUG: <PixTestParameters.cc/dump:L107>   fastscan: checkbox(0)
[10:17:11.937]    DEBUG: <PixTestParameters.cc/dump:L107>   targetclk: 4
[10:17:11.937]    DEBUG: <PixTestParameters.cc/dump:L107>   ntrig: 10
[10:17:11.937]    DEBUG: <PixTestParameters.cc/dump:L107>   clocksdascan: button
[10:17:11.937]    DEBUG: <PixTestParameters.cc/dump:L107>   phasescan: button
[10:17:11.937]    DEBUG: <PixTestParameters.cc/dump:L107>   levelscan: button
[10:17:11.937]    DEBUG: <PixTestParameters.cc/dump:L107>   tbmphasescan: button
[10:17:11.937]    DEBUG: <PixTestParameters.cc/dump:L107>   rocdelayscan: button
[10:17:11.937]    DEBUG: <PixTestParameters.cc/dump:L107>   timingtest: button
[10:17:11.937]    DEBUG: <PixTestParameters.cc/dump:L107>   saveparameters: button
[10:17:11.937]    DEBUG: <PixTestParameters.cc/dump:L104> PixTestParameters: ->Trim<-
[10:17:11.937]    DEBUG: <PixTestParameters.cc/dump:L107>   trim: button
[10:17:11.937]    DEBUG: <PixTestParameters.cc/dump:L107>   ntrig: 10
[10:17:11.937]    DEBUG: <PixTestParameters.cc/dump:L107>   vcal: 35
[10:17:11.937]    DEBUG: <PixTestParameters.cc/dump:L107>   trimbits: button
[10:17:11.937]    DEBUG: <PixTestParameters.cc/dump:L104> PixTestParameters: ->Xray<-
[10:17:11.937]    DEBUG: <PixTestParameters.cc/dump:L107>   maskhotpixels: button
[10:17:11.937]    DEBUG: <PixTestParameters.cc/dump:L107>   savemaskfile: checkbox(0)
[10:17:11.937]    DEBUG: <PixTestParameters.cc/dump:L107>   maskfilename: default
[10:17:11.938]    DEBUG: <PixTestParameters.cc/dump:L107>   source: Ag
[10:17:11.938]    DEBUG: <PixTestParameters.cc/dump:L107>   phrun: button
[10:17:11.938]    DEBUG: <PixTestParameters.cc/dump:L107>   runseconds: 100
[10:17:11.938]    DEBUG: <PixTestParameters.cc/dump:L107>   trgfrequency(khz): 100
[10:17:11.938]    DEBUG: <PixTestParameters.cc/dump:L107>   ratescan: button
[10:17:11.938]    DEBUG: <PixTestParameters.cc/dump:L107>   vthrcompmin: 10
[10:17:11.938]    DEBUG: <PixTestParameters.cc/dump:L107>   vthrcompmax: 80
[10:17:11.938]    DEBUG: <PixTestParameters.cc/dump:L107>   stepseconds: 5
[10:17:11.938]    DEBUG: <PixTestParameters.cc/dump:L107>   delaytbm: checkbox
[10:17:11.938]    DEBUG: <PixTestParameters.cc/dump:L107>   filltree: checkbox
[10:17:11.938]    DEBUG: <PixSetup.cc/init:L81> PixSetup init start; getCurrentRSS() = 34811904
[10:17:11.938]    DEBUG: <PixSetup.cc/init:L87> fPixTestParameters = 0x184ff10
[10:17:11.938]    DEBUG: <PixSetup.cc/init:L88>  fConfigParameters = 0x17b3890
[10:17:11.938]    DEBUG: <PixSetup.cc/init:L89>        fPxarMemory = 0x7f59b5d94010
[10:17:11.938]    DEBUG: <PixSetup.cc/init:L90>         fPxarMemHi = 0x7f59bbfff510
[10:17:11.938]    DEBUG: <PixSetup.cc/init:L106> PixSetup init done;  getCurrentRSS() = 34820096 fPxarMemory = 0x7f59b5d94010
[10:17:12.431]    DEBUG: <PixGui.cc/hvOn:L457> HV set On: 0x1e4b5a0
[10:17:12.508]    DEBUG: <PixTestFactory.cc/PixTestFactory:L50> PixTestFactory::PixTestFactory()
[10:17:12.508]    DEBUG: <PixTestBBMap.cc/init:L78> PixTestBBMap::init()
[10:17:12.509]    DEBUG: <PixTestBBMap.cc/PixTestBBMap:L26> PixTestBBMap ctor(PixSetup &a, string, TGTab *)
[10:17:12.515]    DEBUG: <PixTestBB2Map.cc/setParameter:L57> setting fTargetIa    = 24 mA/ROC
[10:17:12.515]    DEBUG: <PixTestBB2Map.cc/init:L96> PixTestBB2Map::init()
[10:17:12.515]    DEBUG: <PixTestBB2Map.cc/PixTestBB2Map:L28> PixTestBB2Map ctor(PixSetup &a, string, TGTab *)
[10:17:12.540]    DEBUG: <PixTestDacDacScan.cc/init:L102> PixTestDacDacScan::init()
[10:17:12.540]    DEBUG: <PixTestDacDacScan.cc/PixTestDacDacScan:L21> PixTestDacDacScan ctor(PixSetup &a, string, TGTab *)
[10:17:12.570]    DEBUG: <PixTestHighRate.cc/setParameter:L66>   setting fParTriggerFrequency -> 20
[10:17:12.570]    DEBUG: <PixTestHighRate.cc/init:L156> PixTestHighRate::init()
[10:17:12.570]    DEBUG: <PixTestHighRate.cc/PixTestHighRate:L29> PixTestHighRate ctor(PixSetup &a, string, TGTab *)
[10:17:12.570]     INFO:       reading data/yhc691015sn2p7//phCalibrationFitErr35_C0.dat
[10:17:12.590]     INFO:       reading data/yhc691015sn2p7//phCalibrationFitErr35_C1.dat
[10:17:12.606]     INFO:       reading data/yhc691015sn2p7//phCalibrationFitErr35_C2.dat
[10:17:12.622]     INFO:       reading data/yhc691015sn2p7//phCalibrationFitErr35_C3.dat
[10:17:12.639]     INFO:       reading data/yhc691015sn2p7//phCalibrationFitErr35_C4.dat
[10:17:12.656]     INFO:       reading data/yhc691015sn2p7//phCalibrationFitErr35_C5.dat
[10:17:12.672]     INFO:       reading data/yhc691015sn2p7//phCalibrationFitErr35_C6.dat
[10:17:12.688]     INFO:       reading data/yhc691015sn2p7//phCalibrationFitErr35_C7.dat
[10:17:12.704]     INFO:       reading data/yhc691015sn2p7//phCalibrationFitErr35_C8.dat
[10:17:12.721]     INFO:       reading data/yhc691015sn2p7//phCalibrationFitErr35_C9.dat
[10:17:12.738]     INFO:       reading data/yhc691015sn2p7//phCalibrationFitErr35_C10.dat
[10:17:12.755]     INFO:       reading data/yhc691015sn2p7//phCalibrationFitErr35_C11.dat
[10:17:12.772]     INFO:       reading data/yhc691015sn2p7//phCalibrationFitErr35_C12.dat
[10:17:12.793]     INFO:       reading data/yhc691015sn2p7//phCalibrationFitErr35_C13.dat
[10:17:12.809]     INFO:       reading data/yhc691015sn2p7//phCalibrationFitErr35_C14.dat
[10:17:12.826]     INFO:       reading data/yhc691015sn2p7//phCalibrationFitErr35_C15.dat
[10:17:12.872]    DEBUG: <PixTest.cc/setTestParameter:L577>  setting  ntrig to new value 10
[10:17:12.872]    DEBUG: <PixTestPhOptimization.cc/setParameter:L36>   setting fParNtrig  ->10<- from sval = 10
[10:17:12.875]    DEBUG: <PixTestPhOptimization.cc/setParameter:L41>   setting fSafetyMarginLow  ->20<- from sval = 20
[10:17:12.875]    DEBUG: <PixTestPhOptimization.cc/setParameter:L47>   setting fVcalMax  ->100<- from sval = 100
[10:17:12.875]    DEBUG: <PixTestPhOptimization.cc/setParameter:L52>   setting fQuantMax  ->0.98<- from sval = 0.98
[10:17:12.887]    DEBUG: <PixTestAlive.cc/init:L76> PixTestAlive::init()
[10:17:12.887]    DEBUG: <PixTestAlive.cc/PixTestAlive:L20> PixTestAlive ctor(PixSetup &a, string, TGTab *)
[10:17:12.907]    DEBUG: <PixTestReadback.cc/setParameter:L184> fCalwVd set to 1
[10:17:12.907]    DEBUG: <PixTestReadback.cc/init:L96> PixTestReadback::init()
[10:17:12.907]    DEBUG: <PixTestReadback.cc/PixTestReadback:L22> PixTestReadback ctor(PixSetup &a, string, TGTab *)
[10:17:12.907]     INFO:       reading data/yhc691015sn2p7//readbackCal_C0.dat
[10:17:12.907]     INFO:       reading data/yhc691015sn2p7//readbackCal_C1.dat
[10:17:12.908]     INFO:       reading data/yhc691015sn2p7//readbackCal_C2.dat
[10:17:12.908]     INFO:       reading data/yhc691015sn2p7//readbackCal_C3.dat
[10:17:12.908]     INFO:       reading data/yhc691015sn2p7//readbackCal_C4.dat
[10:17:12.908]     INFO:       reading data/yhc691015sn2p7//readbackCal_C5.dat
[10:17:12.908]     INFO:       reading data/yhc691015sn2p7//readbackCal_C6.dat
[10:17:12.908]     INFO:       reading data/yhc691015sn2p7//readbackCal_C7.dat
[10:17:12.908]     INFO:       reading data/yhc691015sn2p7//readbackCal_C8.dat
[10:17:12.908]     INFO:       reading data/yhc691015sn2p7//readbackCal_C9.dat
[10:17:12.908]     INFO:       reading data/yhc691015sn2p7//readbackCal_C10.dat
[10:17:12.908]     INFO:       reading data/yhc691015sn2p7//readbackCal_C11.dat
[10:17:12.908]     INFO:       reading data/yhc691015sn2p7//readbackCal_C12.dat
[10:17:12.908]     INFO:       reading data/yhc691015sn2p7//readbackCal_C13.dat
[10:17:12.908]     INFO:       reading data/yhc691015sn2p7//readbackCal_C14.dat
[10:17:12.908]     INFO:       reading data/yhc691015sn2p7//readbackCal_C15.dat
[10:17:12.934]    DEBUG: <PixTestTiming.cc/setParameter:L45> fFastScan: 0
[10:17:12.934]    DEBUG: <PixTestTiming.cc/setParameter:L50> PixTestTiming::PixTest() targetclk = 4
[10:17:12.934]    DEBUG: <PixTestTiming.cc/setParameter:L54> PixTestTiming::PixTest() ntrig = 10
[10:17:12.934]    DEBUG: <PixTestTiming.cc/init:L64> PixTestTiming::init()
[10:17:12.960]    DEBUG: <PixTestXray.cc/init:L132> PixTestXray::init()
[10:17:12.960]    DEBUG: <PixTestXray.cc/PixTestXray:L26> PixTestXray ctor(PixSetup &a, string, TGTab *)
[10:17:16.640]    DEBUG: <PixTab.cc/buttonClicked:L304> xxxPressed():  xpixelalive
[10:17:16.640]    DEBUG: <PixTestHighRate.cc/runCommand:L125> running command: xpixelalive
[10:17:16.640]     INFO:    ----------------------------------------------------------------------
[10:17:16.640]     INFO:    PixTestHighRate::xPixelAlive() ntrig = 50, vcal = 200
[10:17:16.640]     INFO:    ----------------------------------------------------------------------
[10:17:16.641]    DEBUG: <PixTestHighRate.cc/doXPixelAlive:L406>  old set: clk: 4
[10:17:16.641]    DEBUG: <PixTestHighRate.cc/doXPixelAlive:L406>  old set: ctr: 4
[10:17:16.641]    DEBUG: <PixTestHighRate.cc/doXPixelAlive:L406>  old set: sda: 19
[10:17:16.641]    DEBUG: <PixTestHighRate.cc/doXPixelAlive:L406>  old set: tin: 9
[10:17:16.641]    DEBUG: <PixTestHighRate.cc/doXPixelAlive:L406>  old set: level: 15
[10:17:16.641]    DEBUG: <PixTestHighRate.cc/doXPixelAlive:L406>  old set: triggerdelay: 0
[10:17:16.641]    DEBUG: <PixTestHighRate.cc/doXPixelAlive:L422>  setting: clk: 4
[10:17:16.641]    DEBUG: <PixTestHighRate.cc/doXPixelAlive:L422>  setting: ctr: 4
[10:17:16.641]    DEBUG: <PixTestHighRate.cc/doXPixelAlive:L422>  setting: sda: 19
[10:17:16.641]    DEBUG: <PixTestHighRate.cc/doXPixelAlive:L422>  setting: tin: 9
[10:17:16.641]    DEBUG: <PixTestHighRate.cc/doXPixelAlive:L422>  setting: level: 15
[10:17:16.641]    DEBUG: <PixTestHighRate.cc/doXPixelAlive:L422>  setting: triggerdelay: 20
[10:17:16.645]     INFO:       reading data/yhc691015sn2p7//defaultMaskFile.dat
[10:17:16.645]     INFO: ROC 0 masking pixel 6/45
[10:17:16.645]     INFO: ROC 0 masking pixel 30/73
[10:17:16.645]     INFO: ROC 0 masking pixel 43/10
[10:17:16.645]     INFO: ROC 0 masking pixel 45/76
[10:17:16.645]     INFO: ROC 1 masking pixel 7/29
[10:17:16.645]     INFO: ROC 1 masking pixel 39/64
[10:17:16.645]     INFO: ROC 1 masking pixel 43/43
[10:17:16.645]     INFO: ROC 1 masking pixel 47/33
[10:17:16.645]     INFO: ROC 2 masking pixel 37/62
[10:17:16.645]     INFO: ROC 3 masking pixel 44/33
[10:17:16.645]     INFO: ROC 3 masking pixel 50/0
[10:17:16.645]     INFO: ROC 4 masking pixel 33/47
[10:17:16.645]     INFO: ROC 4 masking pixel 51/18
[10:17:16.645]     INFO: ROC 6 masking pixel 11/54
[10:17:16.645]     INFO: ROC 6 masking pixel 31/48
[10:17:16.645]     INFO: ROC 6 masking pixel 31/49
[10:17:16.645]     INFO: ROC 6 masking pixel 33/52
[10:17:16.645]     INFO: ROC 6 masking pixel 40/57
[10:17:16.645]     INFO: ROC 7 masking pixel 37/51
[10:17:16.645]     INFO: ROC 7 masking pixel 48/62
[10:17:16.645]     INFO: ROC 9 masking pixel 41/47
[10:17:16.645]     INFO: ROC 9 masking pixel 50/61
[10:17:16.645]     INFO: ROC 10 masking pixel 34/68
[10:17:16.645]     INFO: ROC 10 masking pixel 40/59
[10:17:16.645]     INFO: ROC 10 masking pixel 47/45
[10:17:16.646]     INFO: ROC 11 masking pixel 41/27
[10:17:16.646]     INFO: ROC 13 masking pixel 7/37
[10:17:16.646]     INFO: ROC 14 masking pixel 13/59
[10:17:16.646]     INFO: ROC 14 masking pixel 44/74
[10:17:16.646]     INFO: ROC 14 masking pixel 48/49
[10:17:16.646]     INFO: ROC 14 masking pixel 48/50
[10:17:16.646]     INFO: ROC 14 masking pixel 49/5
[10:17:16.646]     INFO: ROC 14 masking pixel 50/21
[10:17:16.646]     INFO: ROC 15 masking pixel 48/60
[10:17:16.646]  WARNING: Pattern generator does not contain a trigger signal. No data is expected from the DUT!
[10:17:20.626]     INFO: IGNORE THE WARNING ABOVE (resetROC sent)!
[10:17:20.823]    DEBUG: <PixTest.cc/xEfficiencyMaps:L1875>       attempt #0
[10:17:35.666]     INFO: Test took 14844ms.
[10:17:40.445]     INFO: Fetched DAQ statistics. Counters are being reset now.
[10:17:40.823]    DEBUG: <PixTest.cc/xEfficiencyMaps:L1936> Size of results from : PixTestHighRate::xEfficiencyMaps: 5943882
[10:17:41.055]     INFO: number of dead pixels (per ROC):     7    4    1   75    2  145    6    2    1    8    5    3  126   79   11    1
[10:17:41.055]     INFO: number of red-efficiency pixels:   128  371 2784 4079 4109 4125 4084 4099 4137 4139 3896 4063 4094 3666  749  151
[10:17:41.055]     INFO: number of X-ray hits detected:    3250 12626 302012 455287 501995 512105 534471 486661 573301 596648 559341 506573 475731 319300 34368 4129
[10:17:41.055]     INFO: number of triggers sent (total per ROC):  208000 208000 208000 208000 208000 208000 208000 208000 208000 208000 208000 208000 208000 208000 208000 208000
[10:17:41.055]     INFO: number of Vcal hits detected:  207528 207387 199535 187571 188463 180608 188138 189102 185301 183263 191199 189559 183795 191814 206507 207797
[10:17:41.055]     INFO: Vcal hit fiducial efficiency (%):  99.9 99.8 96.1 92.1 90.9 90.3 90.9 91.2 89.5 88.7 92.4 91.5 91.3 94.1 99.6 99.9
[10:17:41.055]     INFO: Vcal hit overall efficiency (%):  99.8 99.7 95.9 90.2 90.6 86.8 90.5 90.9 89.1 88.1 91.9 91.1 88.4 92.2 99.3 99.9
[10:17:41.055]     INFO: X-ray hit rate [MHz/cm2]:  1.0 3.7 88.5 133.4 147.1 150.1 156.7 142.6 168.0 174.9 163.9 148.5 139.4 93.6 10.1 1.2
[10:17:41.055]     INFO: PixTestHighRate::doXPixelAlive() done
[10:17:41.100]    DEBUG: <PixTestHighRate.cc/doXPixelAlive:L541>  resetting: clk: 4
[10:17:41.100]    DEBUG: <PixTestHighRate.cc/doXPixelAlive:L541>  resetting: ctr: 4
[10:17:41.100]    DEBUG: <PixTestHighRate.cc/doXPixelAlive:L541>  resetting: sda: 19
[10:17:41.100]    DEBUG: <PixTestHighRate.cc/doXPixelAlive:L541>  resetting: tin: 9
[10:17:41.100]    DEBUG: <PixTestHighRate.cc/doXPixelAlive:L541>  resetting: level: 15
[10:17:41.100]    DEBUG: <PixTestHighRate.cc/doXPixelAlive:L541>  resetting: triggerdelay: 0
[10:17:41.100]     INFO: PixTest::       pg_setup set to default.
[10:17:47.536]    DEBUG: <PixTest.cc/moduleMap:L943> moduleMap histname: what
[10:17:47.536]    DEBUG: <PixTest.cc/moduleMap:L953> h1->GetName() = highRate_xraymap_C14_V0 -> highRate_xraymap_mod
[10:17:49.656]    DEBUG: <PixGui.cc/handleButtons:L393> PixGui::exit called
[10:17:49.656]    DEBUG: <PixTestBBMap.cc/~PixTestBBMap:L96> PixTestBBMap dtor
[10:17:49.656]    DEBUG: <PixTestBB2Map.cc/~PixTestBB2Map:L114> PixTestBB2Map dtor
[10:17:49.656]    DEBUG: <PixTestDacDacScan.cc/~PixTestDacDacScan:L135> PixTestDacDacScan dtor
[10:17:49.656]    DEBUG: <PixTestDacScan.cc/~PixTestDacScan:L115> PixTestDacScan dtor
[10:17:49.656]    DEBUG: <PixTestGainPedestal.cc/~PixTestGainPedestal:L121> PixTestGainPedestal dtor
[10:17:49.656]    DEBUG: <PixTestHighRate.cc/~PixTestHighRate:L203> PixTestHighRate dtor
[10:17:49.727]    DEBUG: <PixTestIV.cc/~PixTestIV:L96> PixTestIV dtor
[10:17:49.727]    DEBUG: <PixTestAlive.cc/~PixTestAlive:L108> PixTestAlive dtor
[10:17:49.727]    DEBUG: <PixTestPretest.cc/~PixTestPretest:L133> PixTestPretest dtor
[10:17:49.727]    DEBUG: <PixTestReadback.cc/~PixTestReadback:L89> PixTestReadback dtor, saving tree ... 
[10:17:49.727]    DEBUG: <PixTestScurves.cc/~PixTestScurves:L127> PixTestScurves dtor
[10:17:49.727]    DEBUG: <PixTestTiming.cc/~PixTestTiming:L87> PixTestTiming dtor
[10:17:49.727]    DEBUG: <PixTestTrim.cc/~PixTestTrim:L103> PixTestTrim dtor
[10:17:49.727]    DEBUG: <PixTestXray.cc/~PixTestXray:L215> PixTestXray dtor
[10:17:49.730]    QUIET: Connection to board 58 closed.
[10:17:49.731]    DEBUG: <PixMonitor.cc/dumpSummaries:L34> PixMonitor::dumpSummaries
