[17:15:42.079]     INFO: *** Welcome to pxar ***
[17:15:42.079]     INFO: *** Today: 2015/04/24
[17:15:42.079]     INFO:       reading data/n00902//dacParameters40_C0.dat
[17:15:42.079]     INFO:       reading data/n00902//dacParameters40_C1.dat
[17:15:42.079]     INFO:       reading data/n00902//dacParameters40_C2.dat
[17:15:42.080]     INFO:       reading data/n00902//dacParameters40_C3.dat
[17:15:42.080]     INFO:       reading data/n00902//dacParameters40_C4.dat
[17:15:42.080]     INFO:       reading data/n00902//dacParameters40_C5.dat
[17:15:42.080]     INFO:       reading data/n00902//dacParameters40_C6.dat
[17:15:42.080]     INFO:       reading data/n00902//dacParameters40_C7.dat
[17:15:42.080]     INFO:       reading data/n00902//dacParameters40_C8.dat
[17:15:42.080]     INFO:       reading data/n00902//dacParameters40_C9.dat
[17:15:42.080]     INFO:       reading data/n00902//dacParameters40_C10.dat
[17:15:42.080]     INFO:       reading data/n00902//dacParameters40_C11.dat
[17:15:42.080]     INFO:       reading data/n00902//dacParameters40_C12.dat
[17:15:42.080]     INFO:       reading data/n00902//dacParameters40_C13.dat
[17:15:42.080]     INFO:       reading data/n00902//dacParameters40_C14.dat
[17:15:42.080]     INFO:       reading data/n00902//dacParameters40_C15.dat
[17:15:42.080]     INFO:       reading data/n00902//tbmParameters_C0a.dat
[17:15:42.080]     INFO:       reading data/n00902//tbmParameters_C0b.dat
[17:15:42.080]     INFO:       reading data/n00902//defaultMaskFile.dat
[17:15:42.081]     INFO: MASKED Roc 1 col/row: 31 23
[17:15:42.081]     INFO: MASKED Roc 3 col/row: 41 2
[17:15:42.081]     INFO: MASKED Roc 5 col/row: 30 36
[17:15:42.081]     INFO: MASKED Roc 5 col/row: 44 54
[17:15:42.081]     INFO: MASKED Roc 5 col/row: 49 41
[17:15:42.081]     INFO: MASKED Roc 10 col/row: 42 33
[17:15:42.081]     INFO: MASKED Roc 12 col/row: 31 32
[17:15:42.081]     INFO: MASKED Roc 12 col/row: 43 44
[17:15:42.081]     INFO: MASKED Roc 12 col/row: 46 4
[17:15:42.081]     INFO:       reading data/n00902//trimParameters40_C0.dat
[17:15:42.087]     INFO:   masking Roc 1 col/row: 31 23
[17:15:42.087]     INFO:       reading data/n00902//trimParameters40_C1.dat
[17:15:42.094]     INFO:       reading data/n00902//trimParameters40_C2.dat
[17:15:42.100]     INFO:   masking Roc 3 col/row: 41 2
[17:15:42.101]     INFO:       reading data/n00902//trimParameters40_C3.dat
[17:15:42.107]     INFO:       reading data/n00902//trimParameters40_C4.dat
[17:15:42.114]     INFO:   masking Roc 5 col/row: 30 36
[17:15:42.114]     INFO:   masking Roc 5 col/row: 44 54
[17:15:42.114]     INFO:   masking Roc 5 col/row: 49 41
[17:15:42.114]     INFO:       reading data/n00902//trimParameters40_C5.dat
[17:15:42.121]     INFO:       reading data/n00902//trimParameters40_C6.dat
[17:15:42.127]     INFO:       reading data/n00902//trimParameters40_C7.dat
[17:15:42.134]     INFO:       reading data/n00902//trimParameters40_C8.dat
[17:15:42.140]     INFO:       reading data/n00902//trimParameters40_C9.dat
[17:15:42.147]     INFO:   masking Roc 10 col/row: 42 33
[17:15:42.147]     INFO:       reading data/n00902//trimParameters40_C10.dat
[17:15:42.153]     INFO:       reading data/n00902//trimParameters40_C11.dat
[17:15:42.160]     INFO:   masking Roc 12 col/row: 31 32
[17:15:42.160]     INFO:   masking Roc 12 col/row: 43 44
[17:15:42.160]     INFO:   masking Roc 12 col/row: 46 4
[17:15:42.160]     INFO:       reading data/n00902//trimParameters40_C12.dat
[17:15:42.166]     INFO:       reading data/n00902//trimParameters40_C13.dat
[17:15:42.173]     INFO:       reading data/n00902//trimParameters40_C14.dat
[17:15:42.179]     INFO:       reading data/n00902//trimParameters40_C15.dat
[17:15:42.186]     INFO:       reading data/n00902//tbParameters.dat
[17:15:42.186]     INFO:         clk: 4
[17:15:42.186]     INFO:         ctr: 4
[17:15:42.186]     INFO:         sda: 19
[17:15:42.186]     INFO:         tin: 9
[17:15:42.186]     INFO:         level: 15
[17:15:42.186]     INFO:         triggerdelay: 0
[17:15:42.186]    QUIET: Instanciating API for pxar help-24-g9397791
[17:15:42.186]     INFO: Log level: INFO
[17:15:42.199]    QUIET: Connection to board DTB_WRPRHI opened.
[17:15:42.203]     INFO: DTB startup information
--- DTB info------------------------------------------
Board id:    58
HW version:  DTB1.2
FW version:  3.2
SW version:  3.6
USB id:      DTB_WRPRHI
MAC address: 40D85511803A
Hostname:    pixelDTB058
Comment:     
------------------------------------------------------
[17:15:42.206]     INFO: RPC call hashes of host and DTB match: 413001178
[17:15:43.818]     INFO: DUT info: 
[17:15:43.818]     INFO: The DUT currently contains the following objects:
[17:15:43.818]     INFO:  2 TBM Cores (2 ON)
[17:15:43.818]     INFO: 	TBM Core alpha (0): 7 registers set
[17:15:43.818]     INFO: 	TBM Core beta  (1): 7 registers set
[17:15:43.818]     INFO: 16 ROCs (16 ON) with 4160 pixelConfigs
[17:15:43.818]     INFO: 	ROC 0: 21 DACs set, Pixels: 0 masked, 4160 active.
[17:15:43.818]     INFO: 	ROC 1: 21 DACs set, Pixels: 1 masked, 4160 active.
[17:15:43.818]     INFO: 	ROC 2: 21 DACs set, Pixels: 0 masked, 4160 active.
[17:15:43.818]     INFO: 	ROC 3: 21 DACs set, Pixels: 1 masked, 4160 active.
[17:15:43.818]     INFO: 	ROC 4: 21 DACs set, Pixels: 0 masked, 4160 active.
[17:15:43.818]     INFO: 	ROC 5: 21 DACs set, Pixels: 3 masked, 4160 active.
[17:15:43.818]     INFO: 	ROC 6: 21 DACs set, Pixels: 0 masked, 4160 active.
[17:15:43.818]     INFO: 	ROC 7: 21 DACs set, Pixels: 0 masked, 4160 active.
[17:15:43.818]     INFO: 	ROC 8: 21 DACs set, Pixels: 0 masked, 4160 active.
[17:15:43.818]     INFO: 	ROC 9: 21 DACs set, Pixels: 0 masked, 4160 active.
[17:15:43.818]     INFO: 	ROC 10: 21 DACs set, Pixels: 1 masked, 4160 active.
[17:15:43.818]     INFO: 	ROC 11: 21 DACs set, Pixels: 0 masked, 4160 active.
[17:15:43.818]     INFO: 	ROC 12: 21 DACs set, Pixels: 3 masked, 4160 active.
[17:15:43.818]     INFO: 	ROC 13: 21 DACs set, Pixels: 0 masked, 4160 active.
[17:15:43.818]     INFO: 	ROC 14: 21 DACs set, Pixels: 0 masked, 4160 active.
[17:15:43.818]     INFO: 	ROC 15: 21 DACs set, Pixels: 0 masked, 4160 active.
[17:15:44.435]     INFO:       reading data/n00902//phCalibrationFitErr40_C0.dat
[17:15:44.452]     INFO:       reading data/n00902//phCalibrationFitErr40_C1.dat
[17:15:44.468]     INFO:       reading data/n00902//phCalibrationFitErr40_C2.dat
[17:15:44.485]     INFO:       reading data/n00902//phCalibrationFitErr40_C3.dat
[17:15:44.501]     INFO:       reading data/n00902//phCalibrationFitErr40_C4.dat
[17:15:44.517]     INFO:       reading data/n00902//phCalibrationFitErr40_C5.dat
[17:15:44.532]     INFO:       reading data/n00902//phCalibrationFitErr40_C6.dat
[17:15:44.547]     INFO:       reading data/n00902//phCalibrationFitErr40_C7.dat
[17:15:44.563]     INFO:       reading data/n00902//phCalibrationFitErr40_C8.dat
[17:15:44.579]     INFO:       reading data/n00902//phCalibrationFitErr40_C9.dat
[17:15:44.594]     INFO:       reading data/n00902//phCalibrationFitErr40_C10.dat
[17:15:44.610]     INFO:       reading data/n00902//phCalibrationFitErr40_C11.dat
[17:15:44.625]     INFO:       reading data/n00902//phCalibrationFitErr40_C12.dat
[17:15:44.640]     INFO:       reading data/n00902//phCalibrationFitErr40_C13.dat
[17:15:44.656]     INFO:       reading data/n00902//phCalibrationFitErr40_C14.dat
[17:15:44.671]     INFO:       reading data/n00902//phCalibrationFitErr40_C15.dat
[17:15:44.730]     INFO:       reading data/n00902//readbackCal_C0.dat
[17:15:44.730]     INFO:       reading data/n00902//readbackCal_C1.dat
[17:15:44.731]     INFO:       reading data/n00902//readbackCal_C2.dat
[17:15:44.731]     INFO:       reading data/n00902//readbackCal_C3.dat
[17:15:44.731]     INFO:       reading data/n00902//readbackCal_C4.dat
[17:15:44.731]     INFO:       reading data/n00902//readbackCal_C5.dat
[17:15:44.731]     INFO:       reading data/n00902//readbackCal_C6.dat
[17:15:44.731]     INFO:       reading data/n00902//readbackCal_C7.dat
[17:15:44.731]     INFO:       reading data/n00902//readbackCal_C8.dat
[17:15:44.731]     INFO:       reading data/n00902//readbackCal_C9.dat
[17:15:44.731]     INFO:       reading data/n00902//readbackCal_C10.dat
[17:15:44.731]     INFO:       reading data/n00902//readbackCal_C11.dat
[17:15:44.731]     INFO:       reading data/n00902//readbackCal_C12.dat
[17:15:44.731]     INFO:       reading data/n00902//readbackCal_C13.dat
[17:15:44.731]     INFO:       reading data/n00902//readbackCal_C14.dat
[17:15:44.731]     INFO:       reading data/n00902//readbackCal_C15.dat
[17:15:58.534]     INFO: ######################################################################
[17:15:58.534]     INFO: PixTestXray::doTest()
[17:15:58.534]     INFO: ######################################################################
[17:15:58.534]     INFO:    ----------------------------------------------------------------------
[17:15:58.534]     INFO:    PixTestXray::doPhRun() fParRunSeconds = 600
[17:15:58.534]     INFO:    ----------------------------------------------------------------------
[17:15:58.536]     INFO:       reading data/n00902//defaultMaskFile.dat
[17:15:58.536]     INFO: ROC 1 masking pixel 31/23
[17:15:58.536]     INFO: ROC 3 masking pixel 41/2
[17:15:58.536]     INFO: ROC 5 masking pixel 30/36
[17:15:58.536]     INFO: ROC 5 masking pixel 44/54
[17:15:58.536]     INFO: ROC 5 masking pixel 49/41
[17:15:58.536]     INFO: ROC 10 masking pixel 42/33
[17:15:58.536]     INFO: ROC 12 masking pixel 31/32
[17:15:58.536]     INFO: ROC 12 masking pixel 43/44
[17:15:58.536]     INFO: ROC 12 masking pixel 46/4
[17:15:58.536]  WARNING: Pattern generator does not contain a trigger signal. No data is expected from the DUT!
[17:15:59.515]     INFO: IGNORE THE WARNING ABOVE (resetROC sent)!
[17:16:00.742]     INFO: PixTestXray::doPhRun start TriggerLoop with trigger frequency 100 kHz, period 405 and duration 600 seconds,  fEventsMax = 60000000
[17:16:17.880]     INFO: run duration 17 seconds, buffer almost full (81%), pausing triggers.
[17:16:37.526]     INFO: Resuming triggers.
[17:16:54.650]     INFO: run duration 34 seconds, buffer almost full (81%), pausing triggers.
[17:16:59.285]    ERROR: <datapipe.cc/DecodeDeser400:L294> Number of ROCs (4) != Token Chain Length (8)
[17:16:59.285]    ERROR: <datapipe.cc/CheckEventID:L127>    Event ID mismatch:  local ID (180) !=  TBM ID (10)
[17:16:59.285]    ERROR: <datapipe.cc/DecodeDeser400:L294> Number of ROCs (12) != Token Chain Length (8)
[17:16:59.286]    ERROR: <datapipe.cc/CheckEventID:L127>    Event ID mismatch:  local ID (11) !=  TBM ID (181)
[17:16:59.286]  WARNING: ROC 4: Readback start marker after 15 readouts!
[17:16:59.286]  WARNING: ROC 5: Readback start marker after 15 readouts!
[17:16:59.286]  WARNING: ROC 6: Readback start marker after 15 readouts!
[17:16:59.286]  WARNING: ROC 7: Readback start marker after 15 readouts!
[17:17:14.624]     INFO: Resuming triggers.
[17:17:31.748]     INFO: run duration 51 seconds, buffer almost full (81%), pausing triggers.
[17:17:51.743]     INFO: Resuming triggers.
[17:18:08.870]     INFO: run duration 68 seconds, buffer almost full (81%), pausing triggers.
[17:18:28.325]     INFO: Resuming triggers.
[17:18:45.482]     INFO: run duration 85 seconds, buffer almost full (81%), pausing triggers.
[17:19:05.485]     INFO: Resuming triggers.
[17:19:22.608]     INFO: run duration 102 seconds, buffer almost full (81%), pausing triggers.
[17:19:42.517]     INFO: Resuming triggers.
[17:19:59.640]     INFO: run duration 119 seconds, buffer almost full (81%), pausing triggers.
[17:20:19.541]     INFO: Resuming triggers.
[17:20:36.665]     INFO: run duration 137 seconds, buffer almost full (81%), pausing triggers.
[17:20:56.538]     INFO: Resuming triggers.
[17:21:13.664]     INFO: run duration 154 seconds, buffer almost full (81%), pausing triggers.
[17:21:33.547]     INFO: Resuming triggers.
[17:21:50.731]     INFO: run duration 171 seconds, buffer almost full (81%), pausing triggers.
[17:22:09.267]     INFO: Resuming triggers.
[17:22:26.424]     INFO: run duration 188 seconds, buffer almost full (81%), pausing triggers.
[17:22:46.347]     INFO: Resuming triggers.
[17:23:03.475]     INFO: run duration 205 seconds, buffer almost full (81%), pausing triggers.
[17:23:21.994]     INFO: Resuming triggers.
[17:23:39.120]     INFO: run duration 222 seconds, buffer almost full (81%), pausing triggers.
[17:23:59.082]     INFO: Resuming triggers.
[17:24:16.251]     INFO: run duration 239 seconds, buffer almost full (81%), pausing triggers.
[17:24:36.074]     INFO: Resuming triggers.
[17:24:53.200]     INFO: run duration 257 seconds, buffer almost full (81%), pausing triggers.
[17:25:11.828]     INFO: Resuming triggers.
[17:25:28.953]     INFO: run duration 274 seconds, buffer almost full (81%), pausing triggers.
[17:25:48.878]     INFO: Resuming triggers.
[17:26:06.003]     INFO: run duration 291 seconds, buffer almost full (81%), pausing triggers.
[17:26:25.912]     INFO: Resuming triggers.
[17:26:43.041]     INFO: run duration 308 seconds, buffer almost full (81%), pausing triggers.
[17:27:01.699]     INFO: Resuming triggers.
[17:27:18.840]     INFO: run duration 325 seconds, buffer almost full (81%), pausing triggers.
[17:27:37.264]     INFO: Resuming triggers.
[17:27:54.431]     INFO: run duration 342 seconds, buffer almost full (81%), pausing triggers.
[17:28:14.423]     INFO: Resuming triggers.
[17:28:31.547]     INFO: run duration 359 seconds, buffer almost full (81%), pausing triggers.
[17:28:51.474]     INFO: Resuming triggers.
[17:29:08.601]     INFO: run duration 376 seconds, buffer almost full (81%), pausing triggers.
[17:29:27.042]     INFO: Resuming triggers.
[17:29:44.165]     INFO: run duration 394 seconds, buffer almost full (81%), pausing triggers.
[17:30:04.096]     INFO: Resuming triggers.
[17:30:21.222]     INFO: run duration 411 seconds, buffer almost full (81%), pausing triggers.
[17:30:41.126]     INFO: Resuming triggers.
[17:30:58.268]     INFO: run duration 428 seconds, buffer almost full (81%), pausing triggers.
[17:31:18.108]     INFO: Resuming triggers.
[17:31:35.232]     INFO: run duration 445 seconds, buffer almost full (81%), pausing triggers.
[17:31:55.123]     INFO: Resuming triggers.
[17:32:12.246]     INFO: run duration 462 seconds, buffer almost full (81%), pausing triggers.
[17:32:32.102]     INFO: Resuming triggers.
[17:32:49.229]     INFO: run duration 479 seconds, buffer almost full (81%), pausing triggers.
[17:33:08.024]     INFO: Resuming triggers.
[17:33:25.147]     INFO: run duration 496 seconds, buffer almost full (81%), pausing triggers.
[17:33:44.028]     INFO: Resuming triggers.
[17:34:01.155]     INFO: run duration 513 seconds, buffer almost full (81%), pausing triggers.
[17:34:19.596]     INFO: Resuming triggers.
[17:34:36.720]     INFO: run duration 531 seconds, buffer almost full (81%), pausing triggers.
[17:34:56.645]     INFO: Resuming triggers.
[17:35:13.772]     INFO: run duration 548 seconds, buffer almost full (81%), pausing triggers.
[17:35:32.211]     INFO: Resuming triggers.
[17:35:49.380]     INFO: run duration 565 seconds, buffer almost full (81%), pausing triggers.
[17:36:08.215]     INFO: Resuming triggers.
[17:36:25.341]     INFO: run duration 582 seconds, buffer almost full (81%), pausing triggers.
[17:36:44.042]     INFO: Resuming triggers.
[17:37:01.198]     INFO: run duration 599 seconds, buffer almost full (81%), pausing triggers.
[17:37:21.115]     INFO: Resuming triggers.
[17:37:21.488]     INFO: data taking finished, elapsed time: 600 seconds.
[17:37:22.125]     INFO: PixTest::       pg_setup set to default.
[17:37:22.152]     INFO: PixTestXray::doPhRun() done
[17:37:22.152]     INFO: PixTestXray::doTest() done 
[17:38:12.339]    QUIET: Connection to board 58 closed.
