[15:14:08.942]     INFO: *** Welcome to pxar ***
[15:14:08.942]     INFO: *** Today: 2015/07/02
[15:14:08.942]     INFO:       reading data/yhc691015sn3p2//dacParameters_C0.dat
[15:14:08.942]     INFO:       reading data/yhc691015sn3p2//dacParameters_C1.dat
[15:14:08.942]     INFO:       reading data/yhc691015sn3p2//dacParameters_C2.dat
[15:14:08.942]     INFO:       reading data/yhc691015sn3p2//dacParameters_C3.dat
[15:14:08.943]     INFO:       reading data/yhc691015sn3p2//dacParameters_C4.dat
[15:14:08.943]     INFO:       reading data/yhc691015sn3p2//dacParameters_C5.dat
[15:14:08.943]     INFO:       reading data/yhc691015sn3p2//dacParameters_C6.dat
[15:14:08.943]     INFO:       reading data/yhc691015sn3p2//dacParameters_C7.dat
[15:14:08.943]     INFO:       reading data/yhc691015sn3p2//dacParameters_C8.dat
[15:14:08.943]     INFO:       reading data/yhc691015sn3p2//dacParameters_C9.dat
[15:14:08.943]     INFO:       reading data/yhc691015sn3p2//dacParameters_C10.dat
[15:14:08.943]     INFO:       reading data/yhc691015sn3p2//dacParameters_C11.dat
[15:14:08.943]     INFO:       reading data/yhc691015sn3p2//dacParameters_C12.dat
[15:14:08.943]     INFO:       reading data/yhc691015sn3p2//dacParameters_C13.dat
[15:14:08.943]     INFO:       reading data/yhc691015sn3p2//dacParameters_C14.dat
[15:14:08.943]     INFO:       reading data/yhc691015sn3p2//dacParameters_C15.dat
[15:14:08.943]     INFO:       reading data/yhc691015sn3p2//tbmParameters_C0a.dat
[15:14:08.943]     INFO:       reading data/yhc691015sn3p2//tbmParameters_C0b.dat
[15:14:08.943]     INFO:       reading data/yhc691015sn3p2//defaultMaskFile.dat
[15:14:08.944]     INFO:       reading data/yhc691015sn3p2//trimParameters_C0.dat
[15:14:08.950]     INFO:       reading data/yhc691015sn3p2//trimParameters_C1.dat
[15:14:08.956]     INFO:       reading data/yhc691015sn3p2//trimParameters_C2.dat
[15:14:08.963]     INFO:       reading data/yhc691015sn3p2//trimParameters_C3.dat
[15:14:08.969]     INFO:       reading data/yhc691015sn3p2//trimParameters_C4.dat
[15:14:08.976]     INFO:       reading data/yhc691015sn3p2//trimParameters_C5.dat
[15:14:08.982]     INFO:       reading data/yhc691015sn3p2//trimParameters_C6.dat
[15:14:08.988]     INFO:       reading data/yhc691015sn3p2//trimParameters_C7.dat
[15:14:08.995]     INFO:       reading data/yhc691015sn3p2//trimParameters_C8.dat
[15:14:09.001]     INFO:       reading data/yhc691015sn3p2//trimParameters_C9.dat
[15:14:09.007]     INFO:       reading data/yhc691015sn3p2//trimParameters_C10.dat
[15:14:09.014]     INFO:       reading data/yhc691015sn3p2//trimParameters_C11.dat
[15:14:09.020]     INFO:       reading data/yhc691015sn3p2//trimParameters_C12.dat
[15:14:09.026]     INFO:       reading data/yhc691015sn3p2//trimParameters_C13.dat
[15:14:09.032]     INFO:       reading data/yhc691015sn3p2//trimParameters_C14.dat
[15:14:09.039]     INFO:       reading data/yhc691015sn3p2//trimParameters_C15.dat
[15:14:09.045]     INFO:       reading data/yhc691015sn3p2//tbParameters.dat
[15:14:09.045]     INFO:         clk: 4
[15:14:09.045]     INFO:         ctr: 4
[15:14:09.045]     INFO:         sda: 19
[15:14:09.045]     INFO:         tin: 9
[15:14:09.045]     INFO:         level: 15
[15:14:09.045]     INFO:         triggerdelay: 0
[15:14:09.045]    QUIET: Instanciating API for pxar v1.9.0
[15:14:09.045]     INFO: Log level: DEBUG
[15:14:09.059]    QUIET: Connection to board DTB_WRPRHI opened.
[15:14:09.062]     INFO: DTB startup information
--- DTB info------------------------------------------
Board id:    58
HW version:  DTB1.2
FW version:  3.2
SW version:  3.6
USB id:      DTB_WRPRHI
MAC address: 40D85511803A
Hostname:    pixelDTB058
Comment:     
------------------------------------------------------
[15:14:09.066]     INFO: RPC call hashes of host and DTB match: 413001178
[15:14:10.677]     INFO: DUT info: 
[15:14:10.677]     INFO: The DUT currently contains the following objects:
[15:14:10.677]     INFO:  2 TBM Cores (2 ON)
[15:14:10.677]     INFO: 	TBM Core alpha (0): 7 registers set
[15:14:10.677]     INFO: 	TBM Core beta  (1): 7 registers set
[15:14:10.677]     INFO: 16 ROCs (16 ON) with 4160 pixelConfigs
[15:14:10.677]     INFO: 	ROC 0: 19 DACs set, Pixels: 0 masked, 4160 active.
[15:14:10.677]     INFO: 	ROC 1: 19 DACs set, Pixels: 0 masked, 4160 active.
[15:14:10.677]     INFO: 	ROC 2: 19 DACs set, Pixels: 0 masked, 4160 active.
[15:14:10.677]     INFO: 	ROC 3: 19 DACs set, Pixels: 0 masked, 4160 active.
[15:14:10.677]     INFO: 	ROC 4: 19 DACs set, Pixels: 0 masked, 4160 active.
[15:14:10.677]     INFO: 	ROC 5: 19 DACs set, Pixels: 0 masked, 4160 active.
[15:14:10.677]     INFO: 	ROC 6: 19 DACs set, Pixels: 0 masked, 4160 active.
[15:14:10.677]     INFO: 	ROC 7: 19 DACs set, Pixels: 0 masked, 4160 active.
[15:14:10.677]     INFO: 	ROC 8: 19 DACs set, Pixels: 0 masked, 4160 active.
[15:14:10.677]     INFO: 	ROC 9: 19 DACs set, Pixels: 0 masked, 4160 active.
[15:14:10.677]     INFO: 	ROC 10: 19 DACs set, Pixels: 0 masked, 4160 active.
[15:14:10.677]     INFO: 	ROC 11: 19 DACs set, Pixels: 0 masked, 4160 active.
[15:14:10.677]     INFO: 	ROC 12: 19 DACs set, Pixels: 0 masked, 4160 active.
[15:14:10.677]     INFO: 	ROC 13: 19 DACs set, Pixels: 0 masked, 4160 active.
[15:14:10.677]     INFO: 	ROC 14: 19 DACs set, Pixels: 0 masked, 4160 active.
[15:14:10.677]     INFO: 	ROC 15: 19 DACs set, Pixels: 0 masked, 4160 active.
[15:14:10.677]    DEBUG: <PixTestParameters.cc/dump:L104> PixTestParameters: ->BB<-
[15:14:10.677]    DEBUG: <PixTestParameters.cc/dump:L107>   dumpall: checkbox(0)
[15:14:10.677]    DEBUG: <PixTestParameters.cc/dump:L107>   dumpproblematic: checkbox(0)
[15:14:10.677]    DEBUG: <PixTestParameters.cc/dump:L107>   ntrig: 5
[15:14:10.677]    DEBUG: <PixTestParameters.cc/dump:L107>   vcals: 250
[15:14:10.677]    DEBUG: <PixTestParameters.cc/dump:L104> PixTestParameters: ->BB2<-
[15:14:10.677]    DEBUG: <PixTestParameters.cc/dump:L107>   ntrig: 10
[15:14:10.677]    DEBUG: <PixTestParameters.cc/dump:L107>   vcals: 222
[15:14:10.677]    DEBUG: <PixTestParameters.cc/dump:L107>   plwidth: 35
[15:14:10.677]    DEBUG: <PixTestParameters.cc/dump:L107>   pix: 11,20
[15:14:10.677]    DEBUG: <PixTestParameters.cc/dump:L107>   targetia: 24
[15:14:10.677]    DEBUG: <PixTestParameters.cc/dump:L104> PixTestParameters: ->DacDacScan<-
[15:14:10.677]    DEBUG: <PixTestParameters.cc/dump:L107>   phmap: checkbox
[15:14:10.677]    DEBUG: <PixTestParameters.cc/dump:L107>   ntrig: 10
[15:14:10.678]    DEBUG: <PixTestParameters.cc/dump:L107>   dac1: caldel
[15:14:10.678]    DEBUG: <PixTestParameters.cc/dump:L107>   dac1lo: 0
[15:14:10.678]    DEBUG: <PixTestParameters.cc/dump:L107>   dac1hi: 255
[15:14:10.678]    DEBUG: <PixTestParameters.cc/dump:L107>   dac2: vthrcomp
[15:14:10.678]    DEBUG: <PixTestParameters.cc/dump:L107>   dac2lo: 0
[15:14:10.678]    DEBUG: <PixTestParameters.cc/dump:L107>   dac2hi: 255
[15:14:10.678]    DEBUG: <PixTestParameters.cc/dump:L107>   pix: 11,20
[15:14:10.678]    DEBUG: <PixTestParameters.cc/dump:L104> PixTestParameters: ->DacScan<-
[15:14:10.678]    DEBUG: <PixTestParameters.cc/dump:L107>   phmap: checkbox(1)
[15:14:10.678]    DEBUG: <PixTestParameters.cc/dump:L107>   ntrig: 10
[15:14:10.678]    DEBUG: <PixTestParameters.cc/dump:L107>   dac: vcal
[15:14:10.678]    DEBUG: <PixTestParameters.cc/dump:L107>   daclo: 0
[15:14:10.678]    DEBUG: <PixTestParameters.cc/dump:L107>   dachi: 255
[15:14:10.678]    DEBUG: <PixTestParameters.cc/dump:L107>   pix: 11,20
[15:14:10.678]    DEBUG: <PixTestParameters.cc/dump:L104> PixTestParameters: ->GainPedestal<-
[15:14:10.678]    DEBUG: <PixTestParameters.cc/dump:L107>   showfits: checkbox(0)
[15:14:10.678]    DEBUG: <PixTestParameters.cc/dump:L107>   extended: checkbox(0)
[15:14:10.678]    DEBUG: <PixTestParameters.cc/dump:L107>   dumphists: checkbox(0)
[15:14:10.678]    DEBUG: <PixTestParameters.cc/dump:L107>   ntrig: 10
[15:14:10.678]    DEBUG: <PixTestParameters.cc/dump:L107>   measure: button
[15:14:10.678]    DEBUG: <PixTestParameters.cc/dump:L107>   fit: button
[15:14:10.678]    DEBUG: <PixTestParameters.cc/dump:L107>   save: button
[15:14:10.678]    DEBUG: <PixTestParameters.cc/dump:L104> PixTestParameters: ->HighRate<-
[15:14:10.678]    DEBUG: <PixTestParameters.cc/dump:L107>   pix: 11,20
[15:14:10.678]    DEBUG: <PixTestParameters.cc/dump:L107>   maskhotpixels: button
[15:14:10.678]    DEBUG: <PixTestParameters.cc/dump:L107>   savemaskfile: checkbox(0)
[15:14:10.678]    DEBUG: <PixTestParameters.cc/dump:L107>   maskfilename: default
[15:14:10.678]    DEBUG: <PixTestParameters.cc/dump:L107>   caldelscan: button
[15:14:10.678]    DEBUG: <PixTestParameters.cc/dump:L107>   xpixelalive: button
[15:14:10.678]    DEBUG: <PixTestParameters.cc/dump:L107>   ntrig: 5
[15:14:10.678]    DEBUG: <PixTestParameters.cc/dump:L107>   vcal: 200
[15:14:10.678]    DEBUG: <PixTestParameters.cc/dump:L107>   rundaq: button
[15:14:10.678]    DEBUG: <PixTestParameters.cc/dump:L107>   trgfrequency(khz): 20
[15:14:10.678]    DEBUG: <PixTestParameters.cc/dump:L107>   runseconds: 2
[15:14:10.678]    DEBUG: <PixTestParameters.cc/dump:L107>   triggerdelay: 20
[15:14:10.678]    DEBUG: <PixTestParameters.cc/dump:L107>   delaytbm: checkbox
[15:14:10.678]    DEBUG: <PixTestParameters.cc/dump:L107>   filltree: checkbox
[15:14:10.678]    DEBUG: <PixTestParameters.cc/dump:L104> PixTestParameters: ->IV<-
[15:14:10.678]    DEBUG: <PixTestParameters.cc/dump:L107>   port: /dev/FIXME
[15:14:10.678]    DEBUG: <PixTestParameters.cc/dump:L107>   voltagestart: 0
[15:14:10.678]    DEBUG: <PixTestParameters.cc/dump:L107>   voltagestop: 600
[15:14:10.678]    DEBUG: <PixTestParameters.cc/dump:L107>   voltagestep: 5
[15:14:10.678]    DEBUG: <PixTestParameters.cc/dump:L107>   delay: 1
[15:14:10.678]    DEBUG: <PixTestParameters.cc/dump:L107>   compliance(ua): 100
[15:14:10.678]    DEBUG: <PixTestParameters.cc/dump:L104> PixTestParameters: ->PhOptimization<-
[15:14:10.678]    DEBUG: <PixTestParameters.cc/dump:L107>   ntrig: 10
[15:14:10.678]    DEBUG: <PixTestParameters.cc/dump:L107>   safetymarginlow: 20
[15:14:10.678]    DEBUG: <PixTestParameters.cc/dump:L107>   saturationvcal: 100
[15:14:10.678]    DEBUG: <PixTestParameters.cc/dump:L107>   quantilesaturation: 0.98
[15:14:10.678]    DEBUG: <PixTestParameters.cc/dump:L104> PixTestParameters: ->PixelAlive<-
[15:14:10.678]    DEBUG: <PixTestParameters.cc/dump:L107>   ntrig: 10
[15:14:10.678]    DEBUG: <PixTestParameters.cc/dump:L107>   vcal: 200
[15:14:10.678]    DEBUG: <PixTestParameters.cc/dump:L107>   alivetest: button
[15:14:10.678]    DEBUG: <PixTestParameters.cc/dump:L107>   masktest: button
[15:14:10.678]    DEBUG: <PixTestParameters.cc/dump:L107>   addressdecodingtest: button
[15:14:10.678]    DEBUG: <PixTestParameters.cc/dump:L104> PixTestParameters: ->Pretest<-
[15:14:10.678]    DEBUG: <PixTestParameters.cc/dump:L107>   programroc: button
[15:14:10.678]    DEBUG: <PixTestParameters.cc/dump:L107>   targetia: 24
[15:14:10.678]    DEBUG: <PixTestParameters.cc/dump:L107>   setvana: button
[15:14:10.678]    DEBUG: <PixTestParameters.cc/dump:L107>   iterations: 100
[15:14:10.678]    DEBUG: <PixTestParameters.cc/dump:L107>   settimings: button
[15:14:10.678]    DEBUG: <PixTestParameters.cc/dump:L107>   findworkingpixel: button
[15:14:10.678]    DEBUG: <PixTestParameters.cc/dump:L107>   setvthrcompcaldel: button
[15:14:10.678]    DEBUG: <PixTestParameters.cc/dump:L107>   pix: 11,20
[15:14:10.678]    DEBUG: <PixTestParameters.cc/dump:L107>   vcal: 250
[15:14:10.678]    DEBUG: <PixTestParameters.cc/dump:L107>   deltavthrcomp: 50
[15:14:10.678]    DEBUG: <PixTestParameters.cc/dump:L107>   fraccaldel: 0.5
[15:14:10.678]    DEBUG: <PixTestParameters.cc/dump:L107>   ntrig: 5
[15:14:10.678]    DEBUG: <PixTestParameters.cc/dump:L107>   savedacs: button
[15:14:10.678]    DEBUG: <PixTestParameters.cc/dump:L104> PixTestParameters: ->Readback<-
[15:14:10.678]    DEBUG: <PixTestParameters.cc/dump:L107>   calibratevd: button
[15:14:10.678]    DEBUG: <PixTestParameters.cc/dump:L107>   calibrateva: button
[15:14:10.678]    DEBUG: <PixTestParameters.cc/dump:L107>   calibrateia: button
[15:14:10.678]    DEBUG: <PixTestParameters.cc/dump:L107>   readbackvbg: button
[15:14:10.678]    DEBUG: <PixTestParameters.cc/dump:L107>   getcalibratedvbg: button
[15:14:10.678]    DEBUG: <PixTestParameters.cc/dump:L107>   usecalvd: checkbox(1)
[15:14:10.678]    DEBUG: <PixTestParameters.cc/dump:L107>   usecalva: checkbox(0)
[15:14:10.678]    DEBUG: <PixTestParameters.cc/dump:L107>   getcalibratedia: button
[15:14:10.678]    DEBUG: <PixTestParameters.cc/dump:L107>   setvana: button
[15:14:10.679]    DEBUG: <PixTestParameters.cc/dump:L104> PixTestParameters: ->Scurves<-
[15:14:10.679]    DEBUG: <PixTestParameters.cc/dump:L107>   adjustvcal: checkbox(1)
[15:14:10.679]    DEBUG: <PixTestParameters.cc/dump:L107>   dumpall: checkbox(0)
[15:14:10.679]    DEBUG: <PixTestParameters.cc/dump:L107>   dumpproblematic: checkbox(0)
[15:14:10.679]    DEBUG: <PixTestParameters.cc/dump:L107>   ntrig: 50
[15:14:10.679]    DEBUG: <PixTestParameters.cc/dump:L107>   dac: VthrComp
[15:14:10.679]    DEBUG: <PixTestParameters.cc/dump:L107>   daclo: 0
[15:14:10.679]    DEBUG: <PixTestParameters.cc/dump:L107>   dachi: 200
[15:14:10.679]    DEBUG: <PixTestParameters.cc/dump:L107>   dacs/step: 10
[15:14:10.679]    DEBUG: <PixTestParameters.cc/dump:L107>   scurves: button
[15:14:10.679]    DEBUG: <PixTestParameters.cc/dump:L104> PixTestParameters: ->Timing<-
[15:14:10.679]    DEBUG: <PixTestParameters.cc/dump:L107>   fastscan: checkbox(0)
[15:14:10.679]    DEBUG: <PixTestParameters.cc/dump:L107>   targetclk: 4
[15:14:10.679]    DEBUG: <PixTestParameters.cc/dump:L107>   ntrig: 10
[15:14:10.679]    DEBUG: <PixTestParameters.cc/dump:L107>   clocksdascan: button
[15:14:10.679]    DEBUG: <PixTestParameters.cc/dump:L107>   phasescan: button
[15:14:10.679]    DEBUG: <PixTestParameters.cc/dump:L107>   levelscan: button
[15:14:10.679]    DEBUG: <PixTestParameters.cc/dump:L107>   saveparameters: button
[15:14:10.679]    DEBUG: <PixTestParameters.cc/dump:L107>   timingtest: button
[15:14:10.679]    DEBUG: <PixTestParameters.cc/dump:L104> PixTestParameters: ->Trim<-
[15:14:10.679]    DEBUG: <PixTestParameters.cc/dump:L107>   trim: button
[15:14:10.679]    DEBUG: <PixTestParameters.cc/dump:L107>   ntrig: 10
[15:14:10.679]    DEBUG: <PixTestParameters.cc/dump:L107>   vcal: 35
[15:14:10.679]    DEBUG: <PixTestParameters.cc/dump:L107>   trimbits: button
[15:14:10.679]    DEBUG: <PixTestParameters.cc/dump:L104> PixTestParameters: ->Xray<-
[15:14:10.679]    DEBUG: <PixTestParameters.cc/dump:L107>   maskhotpixels: button
[15:14:10.679]    DEBUG: <PixTestParameters.cc/dump:L107>   savemaskfile: checkbox(0)
[15:14:10.679]    DEBUG: <PixTestParameters.cc/dump:L107>   maskfilename: default
[15:14:10.679]    DEBUG: <PixTestParameters.cc/dump:L107>   source: Ag
[15:14:10.679]    DEBUG: <PixTestParameters.cc/dump:L107>   phrun: button
[15:14:10.679]    DEBUG: <PixTestParameters.cc/dump:L107>   runseconds: 100
[15:14:10.679]    DEBUG: <PixTestParameters.cc/dump:L107>   trgfrequency(khz): 100
[15:14:10.679]    DEBUG: <PixTestParameters.cc/dump:L107>   ratescan: button
[15:14:10.679]    DEBUG: <PixTestParameters.cc/dump:L107>   vthrcompmin: 10
[15:14:10.679]    DEBUG: <PixTestParameters.cc/dump:L107>   vthrcompmax: 80
[15:14:10.679]    DEBUG: <PixTestParameters.cc/dump:L107>   stepseconds: 5
[15:14:10.679]    DEBUG: <PixTestParameters.cc/dump:L107>   delaytbm: checkbox
[15:14:10.679]    DEBUG: <PixTestParameters.cc/dump:L107>   filltree: checkbox
[15:14:10.679]    DEBUG: <PixSetup.cc/init:L81> PixSetup init start; getCurrentRSS() = 32890880
[15:14:10.679]    DEBUG: <PixSetup.cc/init:L87> fPixTestParameters = 0x14e29d0
[15:14:10.679]    DEBUG: <PixSetup.cc/init:L88>  fConfigParameters = 0x1438890
[15:14:10.679]    DEBUG: <PixSetup.cc/init:L89>        fPxarMemory = 0x7f9eddd94010
[15:14:10.679]    DEBUG: <PixSetup.cc/init:L90>         fPxarMemHi = 0x7f9ee3fff510
[15:14:10.679]    DEBUG: <PixSetup.cc/init:L106> PixSetup init done;  getCurrentRSS() = 32899072 fPxarMemory = 0x7f9eddd94010
[15:14:11.171]    DEBUG: <PixGui.cc/hvOn:L457> HV set On: 0x1acf1f0
[15:14:11.234]    DEBUG: <PixTestFactory.cc/PixTestFactory:L50> PixTestFactory::PixTestFactory()
[15:14:11.235]    DEBUG: <PixTestBBMap.cc/init:L78> PixTestBBMap::init()
[15:14:11.235]    DEBUG: <PixTestBBMap.cc/PixTestBBMap:L26> PixTestBBMap ctor(PixSetup &a, string, TGTab *)
[15:14:11.242]    DEBUG: <PixTestBB2Map.cc/setParameter:L57> setting fTargetIa    = 24 mA/ROC
[15:14:11.242]    DEBUG: <PixTestBB2Map.cc/init:L96> PixTestBB2Map::init()
[15:14:11.242]    DEBUG: <PixTestBB2Map.cc/PixTestBB2Map:L28> PixTestBB2Map ctor(PixSetup &a, string, TGTab *)
[15:14:11.252]    DEBUG: <PixTestDacDacScan.cc/init:L102> PixTestDacDacScan::init()
[15:14:11.252]    DEBUG: <PixTestDacDacScan.cc/PixTestDacDacScan:L21> PixTestDacDacScan ctor(PixSetup &a, string, TGTab *)
[15:14:11.308]    DEBUG: <PixTestHighRate.cc/setParameter:L66>   setting fParTriggerFrequency -> 20
[15:14:11.308]    DEBUG: <PixTestHighRate.cc/init:L156> PixTestHighRate::init()
[15:14:11.308]    DEBUG: <PixTestHighRate.cc/PixTestHighRate:L29> PixTestHighRate ctor(PixSetup &a, string, TGTab *)
[15:14:11.308]     INFO:       reading data/yhc691015sn3p2//phCalibrationFitErr_C0.dat
[15:14:11.308]    ERROR: <ConfigParameters.cc/readGainPedestalParameters:L953> cannot open data/yhc691015sn3p2//phCalibrationFitErr_C0.dat for reading PH calibration constants
[15:14:11.323]    DEBUG: <PixTest.cc/setTestParameter:L577>  setting  ntrig to new value 10
[15:14:11.323]    DEBUG: <PixTestPhOptimization.cc/setParameter:L36>   setting fParNtrig  ->10<- from sval = 10
[15:14:11.323]    DEBUG: <PixTestPhOptimization.cc/setParameter:L41>   setting fSafetyMarginLow  ->20<- from sval = 20
[15:14:11.323]    DEBUG: <PixTestPhOptimization.cc/setParameter:L47>   setting fVcalMax  ->100<- from sval = 100
[15:14:11.323]    DEBUG: <PixTestPhOptimization.cc/setParameter:L52>   setting fQuantMax  ->0.98<- from sval = 0.98
[15:14:11.329]    DEBUG: <PixTestAlive.cc/init:L76> PixTestAlive::init()
[15:14:11.329]    DEBUG: <PixTestAlive.cc/PixTestAlive:L20> PixTestAlive ctor(PixSetup &a, string, TGTab *)
[15:14:11.343]    DEBUG: <PixTestReadback.cc/setParameter:L184> fCalwVd set to 1
[15:14:11.343]    DEBUG: <PixTestReadback.cc/init:L96> PixTestReadback::init()
[15:14:11.343]    DEBUG: <PixTestReadback.cc/PixTestReadback:L22> PixTestReadback ctor(PixSetup &a, string, TGTab *)
[15:14:11.343]     INFO:       reading data/yhc691015sn3p2//readbackCal_C0.dat
[15:14:11.343]     INFO:       reading data/yhc691015sn3p2//readbackCal_C1.dat
[15:14:11.343]     INFO:       reading data/yhc691015sn3p2//readbackCal_C2.dat
[15:14:11.343]     INFO:       reading data/yhc691015sn3p2//readbackCal_C3.dat
[15:14:11.343]     INFO:       reading data/yhc691015sn3p2//readbackCal_C4.dat
[15:14:11.344]     INFO:       reading data/yhc691015sn3p2//readbackCal_C5.dat
[15:14:11.344]     INFO:       reading data/yhc691015sn3p2//readbackCal_C6.dat
[15:14:11.344]     INFO:       reading data/yhc691015sn3p2//readbackCal_C7.dat
[15:14:11.344]     INFO:       reading data/yhc691015sn3p2//readbackCal_C8.dat
[15:14:11.344]     INFO:       reading data/yhc691015sn3p2//readbackCal_C9.dat
[15:14:11.344]     INFO:       reading data/yhc691015sn3p2//readbackCal_C10.dat
[15:14:11.344]     INFO:       reading data/yhc691015sn3p2//readbackCal_C11.dat
[15:14:11.344]     INFO:       reading data/yhc691015sn3p2//readbackCal_C12.dat
[15:14:11.344]     INFO:       reading data/yhc691015sn3p2//readbackCal_C13.dat
[15:14:11.344]     INFO:       reading data/yhc691015sn3p2//readbackCal_C14.dat
[15:14:11.344]     INFO:       reading data/yhc691015sn3p2//readbackCal_C15.dat
[15:14:11.344]     INFO:       reading data/yhc691015sn3p2//phCalibrationFitErr_C0.dat
[15:14:11.344]    ERROR: <ConfigParameters.cc/readGainPedestalParameters:L953> cannot open data/yhc691015sn3p2//phCalibrationFitErr_C0.dat for reading PH calibration constants
[15:14:11.360]    DEBUG: <PixTestTiming.cc/setParameter:L45> fFastScan: 0
[15:14:11.360]    DEBUG: <PixTestTiming.cc/setParameter:L50> PixTestTiming::PixTest() targetclk = 4
[15:14:11.360]    DEBUG: <PixTestTiming.cc/setParameter:L54> PixTestTiming::PixTest() ntrig = 10
[15:14:11.360]    DEBUG: <PixTestTiming.cc/init:L64> PixTestTiming::init()
[15:14:11.378]    DEBUG: <PixTestXray.cc/init:L132> PixTestXray::init()
[15:14:11.378]    DEBUG: <PixTestXray.cc/PixTestXray:L26> PixTestXray ctor(PixSetup &a, string, TGTab *)
[15:14:11.378]     INFO:       reading data/yhc691015sn3p2//phCalibrationFitErr_C0.dat
[15:14:11.378]    ERROR: <ConfigParameters.cc/readGainPedestalParameters:L953> cannot open data/yhc691015sn3p2//phCalibrationFitErr_C0.dat for reading PH calibration constants
[15:14:14.437]     INFO: ######################################################################
[15:14:14.437]     INFO: PixTestTrim::doTest()
[15:14:14.437]     INFO: ######################################################################
[15:14:14.439]     INFO:    ----------------------------------------------------------------------
[15:14:14.439]     INFO:    PixTestTrim::trimTest() ntrig = 10, vcal = 35
[15:14:14.439]     INFO:    ----------------------------------------------------------------------
[15:14:14.556]     INFO: ---> VthrComp thr map (minimal VthrComp)
[15:14:14.556]     INFO: ---> dac: vthrcomp name: TrimThr0 ntrig: 5 dacrange: 0 .. 159 hits flags = 16 (plus default)
[15:14:14.591]     INFO:   dacScan step  from 0 .. 39
[15:14:14.592]    DEBUG: <PixTest.cc/dacScan:L1486>       attempt #0
[15:14:40.896]     INFO: Test took 26304ms.
[15:14:41.017]     INFO: Fetched DAQ statistics. Counters are being reset now.
[15:14:41.017]     INFO:   dacScan step  from 40 .. 79
[15:14:41.017]    DEBUG: <PixTest.cc/dacScan:L1486>       attempt #0
