[16:50:45.981]     INFO: *** Welcome to pxar ***
[16:50:45.981]     INFO: *** Today: 2015/07/02
[16:50:45.981]     INFO:       reading data/yhc691015sn3p2//dacParameters_C0.dat
[16:50:45.981]     INFO:       reading data/yhc691015sn3p2//dacParameters_C1.dat
[16:50:45.981]     INFO:       reading data/yhc691015sn3p2//dacParameters_C2.dat
[16:50:45.981]     INFO:       reading data/yhc691015sn3p2//dacParameters_C3.dat
[16:50:45.982]     INFO:       reading data/yhc691015sn3p2//dacParameters_C4.dat
[16:50:45.982]     INFO:       reading data/yhc691015sn3p2//dacParameters_C5.dat
[16:50:45.982]     INFO:       reading data/yhc691015sn3p2//dacParameters_C6.dat
[16:50:45.982]     INFO:       reading data/yhc691015sn3p2//dacParameters_C7.dat
[16:50:45.982]     INFO:       reading data/yhc691015sn3p2//dacParameters_C8.dat
[16:50:45.982]     INFO:       reading data/yhc691015sn3p2//dacParameters_C9.dat
[16:50:45.982]     INFO:       reading data/yhc691015sn3p2//dacParameters_C10.dat
[16:50:45.982]     INFO:       reading data/yhc691015sn3p2//dacParameters_C11.dat
[16:50:45.982]     INFO:       reading data/yhc691015sn3p2//dacParameters_C12.dat
[16:50:45.982]     INFO:       reading data/yhc691015sn3p2//dacParameters_C13.dat
[16:50:45.982]     INFO:       reading data/yhc691015sn3p2//dacParameters_C14.dat
[16:50:45.982]     INFO:       reading data/yhc691015sn3p2//dacParameters_C15.dat
[16:50:45.982]     INFO:       reading data/yhc691015sn3p2//tbmParameters_C0a.dat
[16:50:45.982]     INFO:       reading data/yhc691015sn3p2//tbmParameters_C0b.dat
[16:50:45.982]     INFO:       reading data/yhc691015sn3p2//defaultMaskFile.dat
[16:50:45.982]     INFO: MASKED Roc 2 col/row: 45 43
[16:50:45.983]     INFO:       reading data/yhc691015sn3p2//trimParameters_C0.dat
[16:50:45.989]     INFO:       reading data/yhc691015sn3p2//trimParameters_C1.dat
[16:50:45.996]     INFO:   masking Roc 2 col/row: 45 43
[16:50:45.996]     INFO:       reading data/yhc691015sn3p2//trimParameters_C2.dat
[16:50:46.003]     INFO:       reading data/yhc691015sn3p2//trimParameters_C3.dat
[16:50:46.010]     INFO:       reading data/yhc691015sn3p2//trimParameters_C4.dat
[16:50:46.016]     INFO:       reading data/yhc691015sn3p2//trimParameters_C5.dat
[16:50:46.023]     INFO:       reading data/yhc691015sn3p2//trimParameters_C6.dat
[16:50:46.030]     INFO:       reading data/yhc691015sn3p2//trimParameters_C7.dat
[16:50:46.036]     INFO:       reading data/yhc691015sn3p2//trimParameters_C8.dat
[16:50:46.043]     INFO:       reading data/yhc691015sn3p2//trimParameters_C9.dat
[16:50:46.050]     INFO:       reading data/yhc691015sn3p2//trimParameters_C10.dat
[16:50:46.056]     INFO:       reading data/yhc691015sn3p2//trimParameters_C11.dat
[16:50:46.063]     INFO:       reading data/yhc691015sn3p2//trimParameters_C12.dat
[16:50:46.069]     INFO:       reading data/yhc691015sn3p2//trimParameters_C13.dat
[16:50:46.076]     INFO:       reading data/yhc691015sn3p2//trimParameters_C14.dat
[16:50:46.083]     INFO:       reading data/yhc691015sn3p2//trimParameters_C15.dat
[16:50:46.090]     INFO:       reading data/yhc691015sn3p2//tbParameters.dat
[16:50:46.090]     INFO:         clk: 4
[16:50:46.090]     INFO:         ctr: 4
[16:50:46.090]     INFO:         sda: 19
[16:50:46.090]     INFO:         tin: 9
[16:50:46.090]     INFO:         level: 15
[16:50:46.090]     INFO:         triggerdelay: 0
[16:50:46.090]    QUIET: Instanciating API for pxar v1.9.0
[16:50:46.090]     INFO: Log level: DEBUG
[16:50:46.103]    QUIET: Connection to board DTB_WRPRHI opened.
[16:50:46.107]     INFO: DTB startup information
--- DTB info------------------------------------------
Board id:    58
HW version:  DTB1.2
FW version:  3.2
SW version:  3.6
USB id:      DTB_WRPRHI
MAC address: 40D85511803A
Hostname:    pixelDTB058
Comment:     
------------------------------------------------------
[16:50:46.110]     INFO: RPC call hashes of host and DTB match: 413001178
[16:50:47.720]     INFO: DUT info: 
[16:50:47.720]     INFO: The DUT currently contains the following objects:
[16:50:47.720]     INFO:  2 TBM Cores (2 ON)
[16:50:47.720]     INFO: 	TBM Core alpha (0): 7 registers set
[16:50:47.720]     INFO: 	TBM Core beta  (1): 7 registers set
[16:50:47.720]     INFO: 16 ROCs (16 ON) with 4160 pixelConfigs
[16:50:47.720]     INFO: 	ROC 0: 19 DACs set, Pixels: 0 masked, 4160 active.
[16:50:47.720]     INFO: 	ROC 1: 19 DACs set, Pixels: 0 masked, 4160 active.
[16:50:47.720]     INFO: 	ROC 2: 19 DACs set, Pixels: 1 masked, 4160 active.
[16:50:47.720]     INFO: 	ROC 3: 19 DACs set, Pixels: 0 masked, 4160 active.
[16:50:47.720]     INFO: 	ROC 4: 19 DACs set, Pixels: 0 masked, 4160 active.
[16:50:47.720]     INFO: 	ROC 5: 19 DACs set, Pixels: 0 masked, 4160 active.
[16:50:47.720]     INFO: 	ROC 6: 19 DACs set, Pixels: 0 masked, 4160 active.
[16:50:47.720]     INFO: 	ROC 7: 19 DACs set, Pixels: 0 masked, 4160 active.
[16:50:47.720]     INFO: 	ROC 8: 19 DACs set, Pixels: 0 masked, 4160 active.
[16:50:47.720]     INFO: 	ROC 9: 19 DACs set, Pixels: 0 masked, 4160 active.
[16:50:47.720]     INFO: 	ROC 10: 19 DACs set, Pixels: 0 masked, 4160 active.
[16:50:47.720]     INFO: 	ROC 11: 19 DACs set, Pixels: 0 masked, 4160 active.
[16:50:47.720]     INFO: 	ROC 12: 19 DACs set, Pixels: 0 masked, 4160 active.
[16:50:47.720]     INFO: 	ROC 13: 19 DACs set, Pixels: 0 masked, 4160 active.
[16:50:47.720]     INFO: 	ROC 14: 19 DACs set, Pixels: 0 masked, 4160 active.
[16:50:47.720]     INFO: 	ROC 15: 19 DACs set, Pixels: 0 masked, 4160 active.
[16:50:47.721]    DEBUG: <PixTestParameters.cc/dump:L104> PixTestParameters: ->BB<-
[16:50:47.721]    DEBUG: <PixTestParameters.cc/dump:L107>   dumpall: checkbox(0)
[16:50:47.721]    DEBUG: <PixTestParameters.cc/dump:L107>   dumpproblematic: checkbox(0)
[16:50:47.721]    DEBUG: <PixTestParameters.cc/dump:L107>   ntrig: 5
[16:50:47.721]    DEBUG: <PixTestParameters.cc/dump:L107>   vcals: 250
[16:50:47.721]    DEBUG: <PixTestParameters.cc/dump:L104> PixTestParameters: ->BB2<-
[16:50:47.721]    DEBUG: <PixTestParameters.cc/dump:L107>   ntrig: 10
[16:50:47.721]    DEBUG: <PixTestParameters.cc/dump:L107>   vcals: 222
[16:50:47.721]    DEBUG: <PixTestParameters.cc/dump:L107>   plwidth: 35
[16:50:47.721]    DEBUG: <PixTestParameters.cc/dump:L107>   pix: 11,20
[16:50:47.721]    DEBUG: <PixTestParameters.cc/dump:L107>   targetia: 24
[16:50:47.721]    DEBUG: <PixTestParameters.cc/dump:L104> PixTestParameters: ->DacDacScan<-
[16:50:47.721]    DEBUG: <PixTestParameters.cc/dump:L107>   phmap: checkbox
[16:50:47.721]    DEBUG: <PixTestParameters.cc/dump:L107>   ntrig: 10
[16:50:47.721]    DEBUG: <PixTestParameters.cc/dump:L107>   dac1: caldel
[16:50:47.721]    DEBUG: <PixTestParameters.cc/dump:L107>   dac1lo: 0
[16:50:47.721]    DEBUG: <PixTestParameters.cc/dump:L107>   dac1hi: 255
[16:50:47.721]    DEBUG: <PixTestParameters.cc/dump:L107>   dac2: vthrcomp
[16:50:47.721]    DEBUG: <PixTestParameters.cc/dump:L107>   dac2lo: 0
[16:50:47.721]    DEBUG: <PixTestParameters.cc/dump:L107>   dac2hi: 255
[16:50:47.721]    DEBUG: <PixTestParameters.cc/dump:L107>   pix: 11,20
[16:50:47.721]    DEBUG: <PixTestParameters.cc/dump:L104> PixTestParameters: ->DacScan<-
[16:50:47.721]    DEBUG: <PixTestParameters.cc/dump:L107>   phmap: checkbox(1)
[16:50:47.721]    DEBUG: <PixTestParameters.cc/dump:L107>   ntrig: 10
[16:50:47.721]    DEBUG: <PixTestParameters.cc/dump:L107>   dac: vcal
[16:50:47.721]    DEBUG: <PixTestParameters.cc/dump:L107>   daclo: 0
[16:50:47.721]    DEBUG: <PixTestParameters.cc/dump:L107>   dachi: 255
[16:50:47.721]    DEBUG: <PixTestParameters.cc/dump:L107>   pix: 11,20
[16:50:47.721]    DEBUG: <PixTestParameters.cc/dump:L104> PixTestParameters: ->GainPedestal<-
[16:50:47.721]    DEBUG: <PixTestParameters.cc/dump:L107>   showfits: checkbox(0)
[16:50:47.721]    DEBUG: <PixTestParameters.cc/dump:L107>   extended: checkbox(0)
[16:50:47.721]    DEBUG: <PixTestParameters.cc/dump:L107>   dumphists: checkbox(0)
[16:50:47.721]    DEBUG: <PixTestParameters.cc/dump:L107>   ntrig: 10
[16:50:47.721]    DEBUG: <PixTestParameters.cc/dump:L107>   measure: button
[16:50:47.721]    DEBUG: <PixTestParameters.cc/dump:L107>   fit: button
[16:50:47.721]    DEBUG: <PixTestParameters.cc/dump:L107>   save: button
[16:50:47.721]    DEBUG: <PixTestParameters.cc/dump:L104> PixTestParameters: ->HighRate<-
[16:50:47.721]    DEBUG: <PixTestParameters.cc/dump:L107>   pix: 11,20
[16:50:47.721]    DEBUG: <PixTestParameters.cc/dump:L107>   maskhotpixels: button
[16:50:47.721]    DEBUG: <PixTestParameters.cc/dump:L107>   savemaskfile: checkbox(0)
[16:50:47.721]    DEBUG: <PixTestParameters.cc/dump:L107>   maskfilename: default
[16:50:47.721]    DEBUG: <PixTestParameters.cc/dump:L107>   caldelscan: button
[16:50:47.721]    DEBUG: <PixTestParameters.cc/dump:L107>   xpixelalive: button
[16:50:47.721]    DEBUG: <PixTestParameters.cc/dump:L107>   ntrig: 5
[16:50:47.721]    DEBUG: <PixTestParameters.cc/dump:L107>   vcal: 200
[16:50:47.721]    DEBUG: <PixTestParameters.cc/dump:L107>   rundaq: button
[16:50:47.721]    DEBUG: <PixTestParameters.cc/dump:L107>   trgfrequency(khz): 20
[16:50:47.721]    DEBUG: <PixTestParameters.cc/dump:L107>   runseconds: 2
[16:50:47.721]    DEBUG: <PixTestParameters.cc/dump:L107>   triggerdelay: 20
[16:50:47.721]    DEBUG: <PixTestParameters.cc/dump:L107>   delaytbm: checkbox
[16:50:47.721]    DEBUG: <PixTestParameters.cc/dump:L107>   filltree: checkbox
[16:50:47.721]    DEBUG: <PixTestParameters.cc/dump:L104> PixTestParameters: ->IV<-
[16:50:47.721]    DEBUG: <PixTestParameters.cc/dump:L107>   port: /dev/FIXME
[16:50:47.721]    DEBUG: <PixTestParameters.cc/dump:L107>   voltagestart: 0
[16:50:47.721]    DEBUG: <PixTestParameters.cc/dump:L107>   voltagestop: 600
[16:50:47.721]    DEBUG: <PixTestParameters.cc/dump:L107>   voltagestep: 5
[16:50:47.721]    DEBUG: <PixTestParameters.cc/dump:L107>   delay: 1
[16:50:47.721]    DEBUG: <PixTestParameters.cc/dump:L107>   compliance(ua): 100
[16:50:47.721]    DEBUG: <PixTestParameters.cc/dump:L104> PixTestParameters: ->PhOptimization<-
[16:50:47.721]    DEBUG: <PixTestParameters.cc/dump:L107>   ntrig: 10
[16:50:47.721]    DEBUG: <PixTestParameters.cc/dump:L107>   safetymarginlow: 20
[16:50:47.721]    DEBUG: <PixTestParameters.cc/dump:L107>   saturationvcal: 100
[16:50:47.721]    DEBUG: <PixTestParameters.cc/dump:L107>   quantilesaturation: 0.98
[16:50:47.721]    DEBUG: <PixTestParameters.cc/dump:L104> PixTestParameters: ->PixelAlive<-
[16:50:47.721]    DEBUG: <PixTestParameters.cc/dump:L107>   ntrig: 10
[16:50:47.721]    DEBUG: <PixTestParameters.cc/dump:L107>   vcal: 200
[16:50:47.721]    DEBUG: <PixTestParameters.cc/dump:L107>   alivetest: button
[16:50:47.721]    DEBUG: <PixTestParameters.cc/dump:L107>   masktest: button
[16:50:47.721]    DEBUG: <PixTestParameters.cc/dump:L107>   addressdecodingtest: button
[16:50:47.721]    DEBUG: <PixTestParameters.cc/dump:L104> PixTestParameters: ->Pretest<-
[16:50:47.721]    DEBUG: <PixTestParameters.cc/dump:L107>   programroc: button
[16:50:47.721]    DEBUG: <PixTestParameters.cc/dump:L107>   targetia: 24
[16:50:47.721]    DEBUG: <PixTestParameters.cc/dump:L107>   setvana: button
[16:50:47.722]    DEBUG: <PixTestParameters.cc/dump:L107>   iterations: 100
[16:50:47.722]    DEBUG: <PixTestParameters.cc/dump:L107>   settimings: button
[16:50:47.722]    DEBUG: <PixTestParameters.cc/dump:L107>   findworkingpixel: button
[16:50:47.722]    DEBUG: <PixTestParameters.cc/dump:L107>   setvthrcompcaldel: button
[16:50:47.722]    DEBUG: <PixTestParameters.cc/dump:L107>   pix: 11,20
[16:50:47.722]    DEBUG: <PixTestParameters.cc/dump:L107>   vcal: 250
[16:50:47.722]    DEBUG: <PixTestParameters.cc/dump:L107>   deltavthrcomp: 50
[16:50:47.722]    DEBUG: <PixTestParameters.cc/dump:L107>   fraccaldel: 0.5
[16:50:47.722]    DEBUG: <PixTestParameters.cc/dump:L107>   ntrig: 5
[16:50:47.722]    DEBUG: <PixTestParameters.cc/dump:L107>   savedacs: button
[16:50:47.722]    DEBUG: <PixTestParameters.cc/dump:L104> PixTestParameters: ->Readback<-
[16:50:47.722]    DEBUG: <PixTestParameters.cc/dump:L107>   calibratevd: button
[16:50:47.722]    DEBUG: <PixTestParameters.cc/dump:L107>   calibrateva: button
[16:50:47.722]    DEBUG: <PixTestParameters.cc/dump:L107>   calibrateia: button
[16:50:47.722]    DEBUG: <PixTestParameters.cc/dump:L107>   readbackvbg: button
[16:50:47.722]    DEBUG: <PixTestParameters.cc/dump:L107>   getcalibratedvbg: button
[16:50:47.722]    DEBUG: <PixTestParameters.cc/dump:L107>   usecalvd: checkbox(1)
[16:50:47.722]    DEBUG: <PixTestParameters.cc/dump:L107>   usecalva: checkbox(0)
[16:50:47.722]    DEBUG: <PixTestParameters.cc/dump:L107>   getcalibratedia: button
[16:50:47.722]    DEBUG: <PixTestParameters.cc/dump:L107>   setvana: button
[16:50:47.722]    DEBUG: <PixTestParameters.cc/dump:L104> PixTestParameters: ->Scurves<-
[16:50:47.722]    DEBUG: <PixTestParameters.cc/dump:L107>   adjustvcal: checkbox(1)
[16:50:47.722]    DEBUG: <PixTestParameters.cc/dump:L107>   dumpall: checkbox(0)
[16:50:47.722]    DEBUG: <PixTestParameters.cc/dump:L107>   dumpproblematic: checkbox(0)
[16:50:47.722]    DEBUG: <PixTestParameters.cc/dump:L107>   ntrig: 50
[16:50:47.722]    DEBUG: <PixTestParameters.cc/dump:L107>   dac: VthrComp
[16:50:47.722]    DEBUG: <PixTestParameters.cc/dump:L107>   daclo: 0
[16:50:47.722]    DEBUG: <PixTestParameters.cc/dump:L107>   dachi: 200
[16:50:47.722]    DEBUG: <PixTestParameters.cc/dump:L107>   dacs/step: 10
[16:50:47.722]    DEBUG: <PixTestParameters.cc/dump:L107>   scurves: button
[16:50:47.722]    DEBUG: <PixTestParameters.cc/dump:L104> PixTestParameters: ->Timing<-
[16:50:47.722]    DEBUG: <PixTestParameters.cc/dump:L107>   fastscan: checkbox(0)
[16:50:47.722]    DEBUG: <PixTestParameters.cc/dump:L107>   targetclk: 4
[16:50:47.722]    DEBUG: <PixTestParameters.cc/dump:L107>   ntrig: 10
[16:50:47.722]    DEBUG: <PixTestParameters.cc/dump:L107>   clocksdascan: button
[16:50:47.722]    DEBUG: <PixTestParameters.cc/dump:L107>   phasescan: button
[16:50:47.722]    DEBUG: <PixTestParameters.cc/dump:L107>   levelscan: button
[16:50:47.722]    DEBUG: <PixTestParameters.cc/dump:L107>   saveparameters: button
[16:50:47.722]    DEBUG: <PixTestParameters.cc/dump:L107>   timingtest: button
[16:50:47.722]    DEBUG: <PixTestParameters.cc/dump:L104> PixTestParameters: ->Trim<-
[16:50:47.722]    DEBUG: <PixTestParameters.cc/dump:L107>   trim: button
[16:50:47.722]    DEBUG: <PixTestParameters.cc/dump:L107>   ntrig: 10
[16:50:47.722]    DEBUG: <PixTestParameters.cc/dump:L107>   vcal: 35
[16:50:47.722]    DEBUG: <PixTestParameters.cc/dump:L107>   trimbits: button
[16:50:47.722]    DEBUG: <PixTestParameters.cc/dump:L104> PixTestParameters: ->Xray<-
[16:50:47.722]    DEBUG: <PixTestParameters.cc/dump:L107>   maskhotpixels: button
[16:50:47.722]    DEBUG: <PixTestParameters.cc/dump:L107>   savemaskfile: checkbox(0)
[16:50:47.722]    DEBUG: <PixTestParameters.cc/dump:L107>   maskfilename: default
[16:50:47.722]    DEBUG: <PixTestParameters.cc/dump:L107>   source: Ag
[16:50:47.722]    DEBUG: <PixTestParameters.cc/dump:L107>   phrun: button
[16:50:47.722]    DEBUG: <PixTestParameters.cc/dump:L107>   runseconds: 100
[16:50:47.722]    DEBUG: <PixTestParameters.cc/dump:L107>   trgfrequency(khz): 100
[16:50:47.722]    DEBUG: <PixTestParameters.cc/dump:L107>   ratescan: button
[16:50:47.722]    DEBUG: <PixTestParameters.cc/dump:L107>   vthrcompmin: 10
[16:50:47.722]    DEBUG: <PixTestParameters.cc/dump:L107>   vthrcompmax: 80
[16:50:47.722]    DEBUG: <PixTestParameters.cc/dump:L107>   stepseconds: 5
[16:50:47.722]    DEBUG: <PixTestParameters.cc/dump:L107>   delaytbm: checkbox
[16:50:47.722]    DEBUG: <PixTestParameters.cc/dump:L107>   filltree: checkbox
[16:50:47.722]    DEBUG: <PixSetup.cc/init:L81> PixSetup init start; getCurrentRSS() = 34287616
[16:50:47.722]    DEBUG: <PixSetup.cc/init:L87> fPixTestParameters = 0x292cf30
[16:50:47.722]    DEBUG: <PixSetup.cc/init:L88>  fConfigParameters = 0x2870890
[16:50:47.722]    DEBUG: <PixSetup.cc/init:L89>        fPxarMemory = 0x7fbd4dd94010
[16:50:47.722]    DEBUG: <PixSetup.cc/init:L90>         fPxarMemHi = 0x7fbd53fff510
[16:50:47.722]    DEBUG: <PixSetup.cc/init:L106> PixSetup init done;  getCurrentRSS() = 34295808 fPxarMemory = 0x7fbd4dd94010
[16:50:48.299]    DEBUG: <PixGui.cc/hvOn:L457> HV set On: 0x2f07120
[16:50:48.380]    DEBUG: <PixTestFactory.cc/PixTestFactory:L50> PixTestFactory::PixTestFactory()
[16:50:48.380]    DEBUG: <PixTestBBMap.cc/init:L78> PixTestBBMap::init()
[16:50:48.381]    DEBUG: <PixTestBBMap.cc/PixTestBBMap:L26> PixTestBBMap ctor(PixSetup &a, string, TGTab *)
[16:50:48.386]    DEBUG: <PixTestBB2Map.cc/setParameter:L57> setting fTargetIa    = 24 mA/ROC
[16:50:48.386]    DEBUG: <PixTestBB2Map.cc/init:L96> PixTestBB2Map::init()
[16:50:48.387]    DEBUG: <PixTestBB2Map.cc/PixTestBB2Map:L28> PixTestBB2Map ctor(PixSetup &a, string, TGTab *)
[16:50:48.399]    DEBUG: <PixTestDacDacScan.cc/init:L102> PixTestDacDacScan::init()
[16:50:48.399]    DEBUG: <PixTestDacDacScan.cc/PixTestDacDacScan:L21> PixTestDacDacScan ctor(PixSetup &a, string, TGTab *)
[16:50:48.451]    DEBUG: <PixTestHighRate.cc/setParameter:L66>   setting fParTriggerFrequency -> 20
[16:50:48.451]    DEBUG: <PixTestHighRate.cc/init:L156> PixTestHighRate::init()
[16:50:48.451]    DEBUG: <PixTestHighRate.cc/PixTestHighRate:L29> PixTestHighRate ctor(PixSetup &a, string, TGTab *)
[16:50:48.451]     INFO:       reading data/yhc691015sn3p2//phCalibrationFitErr_C0.dat
[16:50:48.451]    ERROR: <ConfigParameters.cc/readGainPedestalParameters:L953> cannot open data/yhc691015sn3p2//phCalibrationFitErr_C0.dat for reading PH calibration constants
[16:50:48.467]    DEBUG: <PixTest.cc/setTestParameter:L577>  setting  ntrig to new value 10
[16:50:48.467]    DEBUG: <PixTestPhOptimization.cc/setParameter:L36>   setting fParNtrig  ->10<- from sval = 10
[16:50:48.467]    DEBUG: <PixTestPhOptimization.cc/setParameter:L41>   setting fSafetyMarginLow  ->20<- from sval = 20
[16:50:48.467]    DEBUG: <PixTestPhOptimization.cc/setParameter:L47>   setting fVcalMax  ->100<- from sval = 100
[16:50:48.467]    DEBUG: <PixTestPhOptimization.cc/setParameter:L52>   setting fQuantMax  ->0.98<- from sval = 0.98
[16:50:48.473]    DEBUG: <PixTestAlive.cc/init:L76> PixTestAlive::init()
[16:50:48.473]    DEBUG: <PixTestAlive.cc/PixTestAlive:L20> PixTestAlive ctor(PixSetup &a, string, TGTab *)
[16:50:48.494]    DEBUG: <PixTestReadback.cc/setParameter:L184> fCalwVd set to 1
[16:50:48.494]    DEBUG: <PixTestReadback.cc/init:L96> PixTestReadback::init()
[16:50:48.494]    DEBUG: <PixTestReadback.cc/PixTestReadback:L22> PixTestReadback ctor(PixSetup &a, string, TGTab *)
[16:50:48.494]     INFO:       reading data/yhc691015sn3p2//readbackCal_C0.dat
[16:50:48.494]     INFO:       reading data/yhc691015sn3p2//readbackCal_C1.dat
[16:50:48.494]     INFO:       reading data/yhc691015sn3p2//readbackCal_C2.dat
[16:50:48.494]     INFO:       reading data/yhc691015sn3p2//readbackCal_C3.dat
[16:50:48.494]     INFO:       reading data/yhc691015sn3p2//readbackCal_C4.dat
[16:50:48.494]     INFO:       reading data/yhc691015sn3p2//readbackCal_C5.dat
[16:50:48.494]     INFO:       reading data/yhc691015sn3p2//readbackCal_C6.dat
[16:50:48.495]     INFO:       reading data/yhc691015sn3p2//readbackCal_C7.dat
[16:50:48.495]     INFO:       reading data/yhc691015sn3p2//readbackCal_C8.dat
[16:50:48.495]     INFO:       reading data/yhc691015sn3p2//readbackCal_C9.dat
[16:50:48.495]     INFO:       reading data/yhc691015sn3p2//readbackCal_C10.dat
[16:50:48.495]     INFO:       reading data/yhc691015sn3p2//readbackCal_C11.dat
[16:50:48.495]     INFO:       reading data/yhc691015sn3p2//readbackCal_C12.dat
[16:50:48.495]     INFO:       reading data/yhc691015sn3p2//readbackCal_C13.dat
[16:50:48.495]     INFO:       reading data/yhc691015sn3p2//readbackCal_C14.dat
[16:50:48.495]     INFO:       reading data/yhc691015sn3p2//readbackCal_C15.dat
[16:50:48.495]     INFO:       reading data/yhc691015sn3p2//phCalibrationFitErr_C0.dat
[16:50:48.495]    ERROR: <ConfigParameters.cc/readGainPedestalParameters:L953> cannot open data/yhc691015sn3p2//phCalibrationFitErr_C0.dat for reading PH calibration constants
[16:50:48.521]    DEBUG: <PixTestTiming.cc/setParameter:L45> fFastScan: 0
[16:50:48.521]    DEBUG: <PixTestTiming.cc/setParameter:L50> PixTestTiming::PixTest() targetclk = 4
[16:50:48.521]    DEBUG: <PixTestTiming.cc/setParameter:L54> PixTestTiming::PixTest() ntrig = 10
[16:50:48.521]    DEBUG: <PixTestTiming.cc/init:L64> PixTestTiming::init()
[16:50:48.539]    DEBUG: <PixTestXray.cc/init:L132> PixTestXray::init()
[16:50:48.539]    DEBUG: <PixTestXray.cc/PixTestXray:L26> PixTestXray ctor(PixSetup &a, string, TGTab *)
[16:50:48.539]     INFO:       reading data/yhc691015sn3p2//phCalibrationFitErr_C0.dat
[16:50:48.539]    ERROR: <ConfigParameters.cc/readGainPedestalParameters:L953> cannot open data/yhc691015sn3p2//phCalibrationFitErr_C0.dat for reading PH calibration constants
[16:50:52.997]     INFO: ######################################################################
[16:50:52.997]     INFO: PixTestHighRate::doTest()
[16:50:52.997]     INFO: ######################################################################
[16:50:52.997]     INFO:    ----------------------------------------------------------------------
[16:50:52.997]     INFO:    PixTestHighRate::calDelScan() ntrig = 10, vcal = 200
[16:50:52.997]     INFO:    ----------------------------------------------------------------------
[16:50:54.077]     INFO: Test took 1076ms.
[16:50:54.081]     INFO:       reading data/yhc691015sn3p2//defaultMaskFile.dat
[16:50:54.081]     INFO: ROC 2 masking pixel 45/43
[16:50:54.081]  WARNING: Pattern generator does not contain a trigger signal. No data is expected from the DUT!
[16:50:58.245]     INFO: IGNORE THE WARNING ABOVE (resetROC sent)!
[16:50:58.449]    DEBUG: <PixTest.cc/xEfficiencyMaps:L1875>       attempt #0
