[16:38:09.559]     INFO: *** Welcome to pxar ***
[16:38:09.559]     INFO: *** Today: 2015/07/01
[16:38:09.559]     INFO:       reading data/yhc691015sn2p20//dacParameters35_C0.dat
[16:38:09.560]     INFO:       reading data/yhc691015sn2p20//dacParameters35_C1.dat
[16:38:09.560]     INFO:       reading data/yhc691015sn2p20//dacParameters35_C2.dat
[16:38:09.560]     INFO:       reading data/yhc691015sn2p20//dacParameters35_C3.dat
[16:38:09.560]     INFO:       reading data/yhc691015sn2p20//dacParameters35_C4.dat
[16:38:09.560]     INFO:       reading data/yhc691015sn2p20//dacParameters35_C5.dat
[16:38:09.560]     INFO:       reading data/yhc691015sn2p20//dacParameters35_C6.dat
[16:38:09.560]     INFO:       reading data/yhc691015sn2p20//dacParameters35_C7.dat
[16:38:09.560]     INFO:       reading data/yhc691015sn2p20//dacParameters35_C8.dat
[16:38:09.560]     INFO:       reading data/yhc691015sn2p20//dacParameters35_C9.dat
[16:38:09.560]     INFO:       reading data/yhc691015sn2p20//dacParameters35_C10.dat
[16:38:09.560]     INFO:       reading data/yhc691015sn2p20//dacParameters35_C11.dat
[16:38:09.560]     INFO:       reading data/yhc691015sn2p20//dacParameters35_C12.dat
[16:38:09.560]     INFO:       reading data/yhc691015sn2p20//dacParameters35_C13.dat
[16:38:09.560]     INFO:       reading data/yhc691015sn2p20//dacParameters35_C14.dat
[16:38:09.560]     INFO:       reading data/yhc691015sn2p20//dacParameters35_C15.dat
[16:38:09.561]     INFO:       reading data/yhc691015sn2p20//tbmParameters_C0a.dat
[16:38:09.561]     INFO:       reading data/yhc691015sn2p20//tbmParameters_C0b.dat
[16:38:09.561]     INFO:       reading data/yhc691015sn2p20//defaultMaskFile.dat
[16:38:09.561]     INFO: MASKED Roc 4 col/row: 43 74
[16:38:09.561]     INFO: MASKED Roc 5 col/row: 32 42
[16:38:09.561]     INFO: MASKED Roc 5 col/row: 42 32
[16:38:09.561]     INFO: MASKED Roc 5 col/row: 45 49
[16:38:09.561]     INFO: MASKED Roc 6 col/row: 11 43
[16:38:09.561]     INFO: MASKED Roc 7 col/row: 45 46
[16:38:09.561]     INFO: MASKED Roc 8 col/row: 30 26
[16:38:09.561]     INFO: MASKED Roc 8 col/row: 48 47
[16:38:09.561]     INFO: MASKED Roc 8 col/row: 49 44
[16:38:09.561]     INFO: MASKED Roc 9 col/row: 26 17
[16:38:09.561]     INFO: MASKED Roc 10 col/row: 50 59
[16:38:09.561]     INFO: MASKED Roc 11 col/row: 8 68
[16:38:09.561]     INFO: MASKED Roc 12 col/row: 7 51
[16:38:09.561]     INFO: MASKED Roc 12 col/row: 44 48
[16:38:09.561]     INFO: MASKED Roc 14 col/row: 35 42
[16:38:09.561]     INFO: MASKED Roc 14 col/row: 43 65
[16:38:09.561]     INFO: MASKED Roc 15 col/row: 38 52
[16:38:09.561]     INFO:       reading data/yhc691015sn2p20//trimParameters35_C0.dat
[16:38:09.568]     INFO:       reading data/yhc691015sn2p20//trimParameters35_C1.dat
[16:38:09.574]     INFO:       reading data/yhc691015sn2p20//trimParameters35_C2.dat
[16:38:09.581]     INFO:       reading data/yhc691015sn2p20//trimParameters35_C3.dat
[16:38:09.587]     INFO:   masking Roc 4 col/row: 43 74
[16:38:09.587]     INFO:       reading data/yhc691015sn2p20//trimParameters35_C4.dat
[16:38:09.594]     INFO:   masking Roc 5 col/row: 32 42
[16:38:09.594]     INFO:   masking Roc 5 col/row: 42 32
[16:38:09.594]     INFO:   masking Roc 5 col/row: 45 49
[16:38:09.594]     INFO:       reading data/yhc691015sn2p20//trimParameters35_C5.dat
[16:38:09.601]     INFO:   masking Roc 6 col/row: 11 43
[16:38:09.601]     INFO:       reading data/yhc691015sn2p20//trimParameters35_C6.dat
[16:38:09.607]     INFO:   masking Roc 7 col/row: 45 46
[16:38:09.607]     INFO:       reading data/yhc691015sn2p20//trimParameters35_C7.dat
[16:38:09.614]     INFO:   masking Roc 8 col/row: 30 26
[16:38:09.614]     INFO:   masking Roc 8 col/row: 48 47
[16:38:09.614]     INFO:   masking Roc 8 col/row: 49 44
[16:38:09.614]     INFO:       reading data/yhc691015sn2p20//trimParameters35_C8.dat
[16:38:09.621]     INFO:   masking Roc 9 col/row: 26 17
[16:38:09.621]     INFO:       reading data/yhc691015sn2p20//trimParameters35_C9.dat
[16:38:09.627]     INFO:   masking Roc 10 col/row: 50 59
[16:38:09.627]     INFO:       reading data/yhc691015sn2p20//trimParameters35_C10.dat
[16:38:09.634]     INFO:   masking Roc 11 col/row: 8 68
[16:38:09.634]     INFO:       reading data/yhc691015sn2p20//trimParameters35_C11.dat
[16:38:09.640]     INFO:   masking Roc 12 col/row: 7 51
[16:38:09.641]     INFO:   masking Roc 12 col/row: 44 48
[16:38:09.641]     INFO:       reading data/yhc691015sn2p20//trimParameters35_C12.dat
[16:38:09.647]     INFO:       reading data/yhc691015sn2p20//trimParameters35_C13.dat
[16:38:09.654]     INFO:   masking Roc 14 col/row: 35 42
[16:38:09.654]     INFO:   masking Roc 14 col/row: 43 65
[16:38:09.654]     INFO:       reading data/yhc691015sn2p20//trimParameters35_C14.dat
[16:38:09.660]     INFO:   masking Roc 15 col/row: 38 52
[16:38:09.660]     INFO:       reading data/yhc691015sn2p20//trimParameters35_C15.dat
[16:38:09.667]     INFO:       reading data/yhc691015sn2p20//tbParameters.dat
[16:38:09.667]     INFO:         clk: 4
[16:38:09.667]     INFO:         ctr: 4
[16:38:09.667]     INFO:         sda: 19
[16:38:09.667]     INFO:         tin: 9
[16:38:09.667]     INFO:         level: 15
[16:38:09.667]     INFO:         triggerdelay: 0
[16:38:09.667]    QUIET: Instanciating API for pxar v1.9.0
[16:38:09.667]     INFO: Log level: DEBUG
[16:38:09.680]    QUIET: Connection to board DTB_WRPRHI opened.
[16:38:09.684]     INFO: DTB startup information
--- DTB info------------------------------------------
Board id:    58
HW version:  DTB1.2
FW version:  3.2
SW version:  3.6
USB id:      DTB_WRPRHI
MAC address: 40D85511803A
Hostname:    pixelDTB058
Comment:     
------------------------------------------------------
[16:38:09.687]     INFO: RPC call hashes of host and DTB match: 413001178
[16:38:11.298]     INFO: DUT info: 
[16:38:11.298]     INFO: The DUT currently contains the following objects:
[16:38:11.298]     INFO:  2 TBM Cores (2 ON)
[16:38:11.298]     INFO: 	TBM Core alpha (0): 7 registers set
[16:38:11.298]     INFO: 	TBM Core beta  (1): 7 registers set
[16:38:11.298]     INFO: 16 ROCs (16 ON) with 4160 pixelConfigs
[16:38:11.298]     INFO: 	ROC 0: 21 DACs set, Pixels: 0 masked, 4160 active.
[16:38:11.298]     INFO: 	ROC 1: 21 DACs set, Pixels: 0 masked, 4160 active.
[16:38:11.298]     INFO: 	ROC 2: 21 DACs set, Pixels: 0 masked, 4160 active.
[16:38:11.298]     INFO: 	ROC 3: 21 DACs set, Pixels: 0 masked, 4160 active.
[16:38:11.298]     INFO: 	ROC 4: 21 DACs set, Pixels: 1 masked, 4160 active.
[16:38:11.298]     INFO: 	ROC 5: 21 DACs set, Pixels: 3 masked, 4160 active.
[16:38:11.298]     INFO: 	ROC 6: 21 DACs set, Pixels: 1 masked, 4160 active.
[16:38:11.298]     INFO: 	ROC 7: 21 DACs set, Pixels: 1 masked, 4160 active.
[16:38:11.298]     INFO: 	ROC 8: 21 DACs set, Pixels: 3 masked, 4160 active.
[16:38:11.298]     INFO: 	ROC 9: 21 DACs set, Pixels: 1 masked, 4160 active.
[16:38:11.298]     INFO: 	ROC 10: 21 DACs set, Pixels: 1 masked, 4160 active.
[16:38:11.298]     INFO: 	ROC 11: 21 DACs set, Pixels: 1 masked, 4160 active.
[16:38:11.298]     INFO: 	ROC 12: 21 DACs set, Pixels: 2 masked, 4160 active.
[16:38:11.298]     INFO: 	ROC 13: 21 DACs set, Pixels: 0 masked, 4160 active.
[16:38:11.298]     INFO: 	ROC 14: 21 DACs set, Pixels: 2 masked, 4160 active.
[16:38:11.298]     INFO: 	ROC 15: 21 DACs set, Pixels: 1 masked, 4160 active.
[16:38:11.298]    DEBUG: <PixTestParameters.cc/dump:L104> PixTestParameters: ->BB<-
[16:38:11.298]    DEBUG: <PixTestParameters.cc/dump:L107>   dumpall: checkbox(0)
[16:38:11.298]    DEBUG: <PixTestParameters.cc/dump:L107>   dumpproblematic: checkbox(0)
[16:38:11.298]    DEBUG: <PixTestParameters.cc/dump:L107>   ntrig: 5
[16:38:11.298]    DEBUG: <PixTestParameters.cc/dump:L107>   vcals: 250
[16:38:11.298]    DEBUG: <PixTestParameters.cc/dump:L104> PixTestParameters: ->BB2<-
[16:38:11.298]    DEBUG: <PixTestParameters.cc/dump:L107>   ntrig: 10
[16:38:11.298]    DEBUG: <PixTestParameters.cc/dump:L107>   vcals: 222
[16:38:11.298]    DEBUG: <PixTestParameters.cc/dump:L107>   plwidth: 35
[16:38:11.298]    DEBUG: <PixTestParameters.cc/dump:L107>   pix: 11,20
[16:38:11.299]    DEBUG: <PixTestParameters.cc/dump:L107>   targetia: 24
[16:38:11.299]    DEBUG: <PixTestParameters.cc/dump:L104> PixTestParameters: ->DAQ<-
[16:38:11.299]    DEBUG: <PixTestParameters.cc/dump:L107>   delaytbm: checkbox
[16:38:11.299]    DEBUG: <PixTestParameters.cc/dump:L107>   filltree: checkbox
[16:38:11.299]    DEBUG: <PixTestParameters.cc/dump:L107>   trgfrequency(khz): 100
[16:38:11.299]    DEBUG: <PixTestParameters.cc/dump:L107>   maskhotpixels: button
[16:38:11.299]    DEBUG: <PixTestParameters.cc/dump:L107>   trgnumber: 5
[16:38:11.299]    DEBUG: <PixTestParameters.cc/dump:L107>   iterations: 10
[16:38:11.299]    DEBUG: <PixTestParameters.cc/dump:L107>   rundaqtrg: button
[16:38:11.299]    DEBUG: <PixTestParameters.cc/dump:L107>   daqseconds: 600
[16:38:11.299]    DEBUG: <PixTestParameters.cc/dump:L107>   rundaqseconds: button
[16:38:11.299]    DEBUG: <PixTestParameters.cc/dump:L104> PixTestParameters: ->DacDacScan<-
[16:38:11.299]    DEBUG: <PixTestParameters.cc/dump:L107>   phmap: checkbox
[16:38:11.299]    DEBUG: <PixTestParameters.cc/dump:L107>   ntrig: 10
[16:38:11.299]    DEBUG: <PixTestParameters.cc/dump:L107>   dac1: caldel
[16:38:11.299]    DEBUG: <PixTestParameters.cc/dump:L107>   dac1lo: 0
[16:38:11.299]    DEBUG: <PixTestParameters.cc/dump:L107>   dac1hi: 255
[16:38:11.299]    DEBUG: <PixTestParameters.cc/dump:L107>   dac2: vthrcomp
[16:38:11.299]    DEBUG: <PixTestParameters.cc/dump:L107>   dac2lo: 0
[16:38:11.299]    DEBUG: <PixTestParameters.cc/dump:L107>   dac2hi: 255
[16:38:11.299]    DEBUG: <PixTestParameters.cc/dump:L107>   pix: 11,20
[16:38:11.299]    DEBUG: <PixTestParameters.cc/dump:L104> PixTestParameters: ->DacScan<-
[16:38:11.299]    DEBUG: <PixTestParameters.cc/dump:L107>   phmap: checkbox(1)
[16:38:11.299]    DEBUG: <PixTestParameters.cc/dump:L107>   allpixels: checkbox(0)
[16:38:11.299]    DEBUG: <PixTestParameters.cc/dump:L107>   unmasked: checkbox(0)
[16:38:11.299]    DEBUG: <PixTestParameters.cc/dump:L107>   ntrig: 10
[16:38:11.299]    DEBUG: <PixTestParameters.cc/dump:L107>   dac: vcal
[16:38:11.299]    DEBUG: <PixTestParameters.cc/dump:L107>   daclo: 0
[16:38:11.299]    DEBUG: <PixTestParameters.cc/dump:L107>   dachi: 255
[16:38:11.299]    DEBUG: <PixTestParameters.cc/dump:L107>   pix: 11,20
[16:38:11.299]    DEBUG: <PixTestParameters.cc/dump:L104> PixTestParameters: ->GainPedestal<-
[16:38:11.299]    DEBUG: <PixTestParameters.cc/dump:L107>   showfits: checkbox(0)
[16:38:11.299]    DEBUG: <PixTestParameters.cc/dump:L107>   extended: checkbox(0)
[16:38:11.299]    DEBUG: <PixTestParameters.cc/dump:L107>   dumphists: checkbox(0)
[16:38:11.299]    DEBUG: <PixTestParameters.cc/dump:L107>   ntrig: 10
[16:38:11.299]    DEBUG: <PixTestParameters.cc/dump:L107>   measure: button
[16:38:11.299]    DEBUG: <PixTestParameters.cc/dump:L107>   fit: button
[16:38:11.299]    DEBUG: <PixTestParameters.cc/dump:L107>   save: button
[16:38:11.299]    DEBUG: <PixTestParameters.cc/dump:L104> PixTestParameters: ->HighRate<-
[16:38:11.299]    DEBUG: <PixTestParameters.cc/dump:L107>   pix: 11,20
[16:38:11.299]    DEBUG: <PixTestParameters.cc/dump:L107>   maskhotpixels: button
[16:38:11.299]    DEBUG: <PixTestParameters.cc/dump:L107>   savemaskfile: checkbox(0)
[16:38:11.299]    DEBUG: <PixTestParameters.cc/dump:L107>   maskfilename: default
[16:38:11.299]    DEBUG: <PixTestParameters.cc/dump:L107>   caldelscan: button
[16:38:11.299]    DEBUG: <PixTestParameters.cc/dump:L107>   xpixelalive: button
[16:38:11.299]    DEBUG: <PixTestParameters.cc/dump:L107>   ntrig: 50
[16:38:11.299]    DEBUG: <PixTestParameters.cc/dump:L107>   vcal: 200
[16:38:11.299]    DEBUG: <PixTestParameters.cc/dump:L107>   xnoisemaps: button
[16:38:11.299]    DEBUG: <PixTestParameters.cc/dump:L107>   daclo: 0
[16:38:11.299]    DEBUG: <PixTestParameters.cc/dump:L107>   dachi: 100
[16:38:11.299]    DEBUG: <PixTestParameters.cc/dump:L107>   dacs/step: 20
[16:38:11.299]    DEBUG: <PixTestParameters.cc/dump:L107>   rundaq: button
[16:38:11.299]    DEBUG: <PixTestParameters.cc/dump:L107>   trgfrequency(khz): 20
[16:38:11.299]    DEBUG: <PixTestParameters.cc/dump:L107>   runseconds: 5
[16:38:11.299]    DEBUG: <PixTestParameters.cc/dump:L107>   triggerdelay: 80
[16:38:11.299]    DEBUG: <PixTestParameters.cc/dump:L107>   delaytbm: checkbox
[16:38:11.299]    DEBUG: <PixTestParameters.cc/dump:L107>   filltree: checkbox
[16:38:11.299]    DEBUG: <PixTestParameters.cc/dump:L104> PixTestParameters: ->IV<-
[16:38:11.299]    DEBUG: <PixTestParameters.cc/dump:L107>   port: /dev/FIXME
[16:38:11.299]    DEBUG: <PixTestParameters.cc/dump:L107>   voltagestart: 0
[16:38:11.299]    DEBUG: <PixTestParameters.cc/dump:L107>   voltagestop: 600
[16:38:11.299]    DEBUG: <PixTestParameters.cc/dump:L107>   voltagestep: 5
[16:38:11.299]    DEBUG: <PixTestParameters.cc/dump:L107>   delay: 1
[16:38:11.299]    DEBUG: <PixTestParameters.cc/dump:L107>   compliance(ua): 100
[16:38:11.299]    DEBUG: <PixTestParameters.cc/dump:L104> PixTestParameters: ->PhOptimization<-
[16:38:11.299]    DEBUG: <PixTestParameters.cc/dump:L107>   ntrig: 10
[16:38:11.299]    DEBUG: <PixTestParameters.cc/dump:L107>   safetymarginlow: 20
[16:38:11.299]    DEBUG: <PixTestParameters.cc/dump:L107>   saturationvcal: 100
[16:38:11.299]    DEBUG: <PixTestParameters.cc/dump:L107>   quantilesaturation: 0.98
[16:38:11.299]    DEBUG: <PixTestParameters.cc/dump:L104> PixTestParameters: ->PixelAlive<-
[16:38:11.299]    DEBUG: <PixTestParameters.cc/dump:L107>   ntrig: 10
[16:38:11.299]    DEBUG: <PixTestParameters.cc/dump:L107>   vcal: 200
[16:38:11.299]    DEBUG: <PixTestParameters.cc/dump:L107>   alivetest: button
[16:38:11.299]    DEBUG: <PixTestParameters.cc/dump:L107>   masktest: button
[16:38:11.299]    DEBUG: <PixTestParameters.cc/dump:L107>   addressdecodingtest: button
[16:38:11.299]    DEBUG: <PixTestParameters.cc/dump:L104> PixTestParameters: ->Pretest<-
[16:38:11.299]    DEBUG: <PixTestParameters.cc/dump:L107>   programroc: button
[16:38:11.300]    DEBUG: <PixTestParameters.cc/dump:L107>   targetia: 24
[16:38:11.300]    DEBUG: <PixTestParameters.cc/dump:L107>   setvana: button
[16:38:11.300]    DEBUG: <PixTestParameters.cc/dump:L107>   iterations: 100
[16:38:11.300]    DEBUG: <PixTestParameters.cc/dump:L107>   settimings: button
[16:38:11.300]    DEBUG: <PixTestParameters.cc/dump:L107>   findworkingpixel: button
[16:38:11.300]    DEBUG: <PixTestParameters.cc/dump:L107>   setvthrcompcaldel: button
[16:38:11.300]    DEBUG: <PixTestParameters.cc/dump:L107>   pix: 11,20
[16:38:11.300]    DEBUG: <PixTestParameters.cc/dump:L107>   vcal: 250
[16:38:11.300]    DEBUG: <PixTestParameters.cc/dump:L107>   deltavthrcomp: 50
[16:38:11.300]    DEBUG: <PixTestParameters.cc/dump:L107>   fraccaldel: 0.5
[16:38:11.300]    DEBUG: <PixTestParameters.cc/dump:L107>   ntrig: 5
[16:38:11.300]    DEBUG: <PixTestParameters.cc/dump:L107>   savedacs: button
[16:38:11.300]    DEBUG: <PixTestParameters.cc/dump:L104> PixTestParameters: ->Readback<-
[16:38:11.300]    DEBUG: <PixTestParameters.cc/dump:L107>   calibratevd: button
[16:38:11.300]    DEBUG: <PixTestParameters.cc/dump:L107>   calibrateva: button
[16:38:11.300]    DEBUG: <PixTestParameters.cc/dump:L107>   calibrateia: button
[16:38:11.300]    DEBUG: <PixTestParameters.cc/dump:L107>   readbackvbg: button
[16:38:11.300]    DEBUG: <PixTestParameters.cc/dump:L107>   getcalibratedvbg: button
[16:38:11.300]    DEBUG: <PixTestParameters.cc/dump:L107>   usecalvd: checkbox(1)
[16:38:11.300]    DEBUG: <PixTestParameters.cc/dump:L107>   usecalva: checkbox(0)
[16:38:11.300]    DEBUG: <PixTestParameters.cc/dump:L107>   getcalibratedia: button
[16:38:11.300]    DEBUG: <PixTestParameters.cc/dump:L107>   setvana: button
[16:38:11.300]    DEBUG: <PixTestParameters.cc/dump:L104> PixTestParameters: ->Scurves<-
[16:38:11.300]    DEBUG: <PixTestParameters.cc/dump:L107>   adjustvcal: checkbox(1)
[16:38:11.300]    DEBUG: <PixTestParameters.cc/dump:L107>   dumpall: checkbox(0)
[16:38:11.300]    DEBUG: <PixTestParameters.cc/dump:L107>   dumpproblematic: checkbox(0)
[16:38:11.300]    DEBUG: <PixTestParameters.cc/dump:L107>   ntrig: 50
[16:38:11.300]    DEBUG: <PixTestParameters.cc/dump:L107>   dac: VthrComp
[16:38:11.300]    DEBUG: <PixTestParameters.cc/dump:L107>   daclo: 0
[16:38:11.300]    DEBUG: <PixTestParameters.cc/dump:L107>   dachi: 200
[16:38:11.300]    DEBUG: <PixTestParameters.cc/dump:L107>   dacs/step: 10
[16:38:11.300]    DEBUG: <PixTestParameters.cc/dump:L107>   scurves: button
[16:38:11.300]    DEBUG: <PixTestParameters.cc/dump:L104> PixTestParameters: ->Timing<-
[16:38:11.300]    DEBUG: <PixTestParameters.cc/dump:L107>   fastscan: checkbox(0)
[16:38:11.300]    DEBUG: <PixTestParameters.cc/dump:L107>   targetclk: 4
[16:38:11.300]    DEBUG: <PixTestParameters.cc/dump:L107>   ntrig: 10
[16:38:11.300]    DEBUG: <PixTestParameters.cc/dump:L107>   clocksdascan: button
[16:38:11.300]    DEBUG: <PixTestParameters.cc/dump:L107>   phasescan: button
[16:38:11.300]    DEBUG: <PixTestParameters.cc/dump:L107>   levelscan: button
[16:38:11.300]    DEBUG: <PixTestParameters.cc/dump:L107>   tbmphasescan: button
[16:38:11.300]    DEBUG: <PixTestParameters.cc/dump:L107>   rocdelayscan: button
[16:38:11.300]    DEBUG: <PixTestParameters.cc/dump:L107>   timingtest: button
[16:38:11.300]    DEBUG: <PixTestParameters.cc/dump:L107>   saveparameters: button
[16:38:11.300]    DEBUG: <PixTestParameters.cc/dump:L104> PixTestParameters: ->Trim<-
[16:38:11.300]    DEBUG: <PixTestParameters.cc/dump:L107>   trim: button
[16:38:11.300]    DEBUG: <PixTestParameters.cc/dump:L107>   ntrig: 10
[16:38:11.300]    DEBUG: <PixTestParameters.cc/dump:L107>   vcal: 35
[16:38:11.300]    DEBUG: <PixTestParameters.cc/dump:L107>   trimbits: button
[16:38:11.300]    DEBUG: <PixTestParameters.cc/dump:L104> PixTestParameters: ->Xray<-
[16:38:11.300]    DEBUG: <PixTestParameters.cc/dump:L107>   maskhotpixels: button
[16:38:11.300]    DEBUG: <PixTestParameters.cc/dump:L107>   savemaskfile: checkbox(0)
[16:38:11.300]    DEBUG: <PixTestParameters.cc/dump:L107>   maskfilename: default
[16:38:11.300]    DEBUG: <PixTestParameters.cc/dump:L107>   source: Ag
[16:38:11.300]    DEBUG: <PixTestParameters.cc/dump:L107>   phrun: button
[16:38:11.300]    DEBUG: <PixTestParameters.cc/dump:L107>   runseconds: 600
[16:38:11.300]    DEBUG: <PixTestParameters.cc/dump:L107>   trgfrequency(khz): 100
[16:38:11.300]    DEBUG: <PixTestParameters.cc/dump:L107>   ratescan: button
[16:38:11.300]    DEBUG: <PixTestParameters.cc/dump:L107>   vthrcompmin: 10
[16:38:11.300]    DEBUG: <PixTestParameters.cc/dump:L107>   vthrcompmax: 80
[16:38:11.300]    DEBUG: <PixTestParameters.cc/dump:L107>   stepseconds: 5
[16:38:11.300]    DEBUG: <PixTestParameters.cc/dump:L107>   delaytbm: checkbox
[16:38:11.300]    DEBUG: <PixTestParameters.cc/dump:L107>   filltree: checkbox
[16:38:11.300]    DEBUG: <PixSetup.cc/init:L81> PixSetup init start; getCurrentRSS() = 32980992
[16:38:11.300]    DEBUG: <PixSetup.cc/init:L87> fPixTestParameters = 0x26787f0
[16:38:11.300]    DEBUG: <PixSetup.cc/init:L88>  fConfigParameters = 0x25b8890
[16:38:11.300]    DEBUG: <PixSetup.cc/init:L89>        fPxarMemory = 0x7fe759d94010
[16:38:11.300]    DEBUG: <PixSetup.cc/init:L90>         fPxarMemHi = 0x7fe75ffff510
[16:38:11.301]    DEBUG: <PixSetup.cc/init:L106> PixSetup init done;  getCurrentRSS() = 32989184 fPxarMemory = 0x7fe759d94010
[16:38:11.795]    DEBUG: <PixGui.cc/hvOn:L457> HV set On: 0x2c45990
[16:38:11.861]    DEBUG: <PixTestFactory.cc/PixTestFactory:L50> PixTestFactory::PixTestFactory()
[16:38:11.861]    DEBUG: <PixTestBBMap.cc/init:L78> PixTestBBMap::init()
[16:38:11.861]    DEBUG: <PixTestBBMap.cc/PixTestBBMap:L26> PixTestBBMap ctor(PixSetup &a, string, TGTab *)
[16:38:11.867]    DEBUG: <PixTestBB2Map.cc/setParameter:L57> setting fTargetIa    = 24 mA/ROC
[16:38:11.867]    DEBUG: <PixTestBB2Map.cc/init:L96> PixTestBB2Map::init()
[16:38:11.867]    DEBUG: <PixTestBB2Map.cc/PixTestBB2Map:L28> PixTestBB2Map ctor(PixSetup &a, string, TGTab *)
[16:38:11.878]    DEBUG: <PixTestDaq.cc/init:L43> PixTestDaq::init()
[16:38:11.878]    DEBUG: <PixTestDaq.cc/PixTestDaq:L21> PixTestDaq ctor(PixSetup &a, string, TGTab *)
[16:38:11.878]     INFO:       reading data/yhc691015sn2p20//phCalibrationFitErr35_C0.dat
[16:38:11.898]     INFO:       reading data/yhc691015sn2p20//phCalibrationFitErr35_C1.dat
[16:38:11.914]     INFO:       reading data/yhc691015sn2p20//phCalibrationFitErr35_C2.dat
[16:38:11.930]     INFO:       reading data/yhc691015sn2p20//phCalibrationFitErr35_C3.dat
[16:38:11.947]     INFO:       reading data/yhc691015sn2p20//phCalibrationFitErr35_C4.dat
[16:38:11.964]     INFO:       reading data/yhc691015sn2p20//phCalibrationFitErr35_C5.dat
[16:38:11.980]     INFO:       reading data/yhc691015sn2p20//phCalibrationFitErr35_C6.dat
[16:38:11.997]     INFO:       reading data/yhc691015sn2p20//phCalibrationFitErr35_C7.dat
[16:38:12.013]     INFO:       reading data/yhc691015sn2p20//phCalibrationFitErr35_C8.dat
[16:38:12.030]     INFO:       reading data/yhc691015sn2p20//phCalibrationFitErr35_C9.dat
[16:38:12.046]     INFO:       reading data/yhc691015sn2p20//phCalibrationFitErr35_C10.dat
[16:38:12.062]     INFO:       reading data/yhc691015sn2p20//phCalibrationFitErr35_C11.dat
[16:38:12.078]     INFO:       reading data/yhc691015sn2p20//phCalibrationFitErr35_C12.dat
[16:38:12.094]     INFO:       reading data/yhc691015sn2p20//phCalibrationFitErr35_C13.dat
[16:38:12.110]     INFO:       reading data/yhc691015sn2p20//phCalibrationFitErr35_C14.dat
[16:38:12.126]     INFO:       reading data/yhc691015sn2p20//phCalibrationFitErr35_C15.dat
[16:38:12.151]    DEBUG: <PixTestDacDacScan.cc/init:L102> PixTestDacDacScan::init()
[16:38:12.151]    DEBUG: <PixTestDacDacScan.cc/PixTestDacDacScan:L21> PixTestDacDacScan ctor(PixSetup &a, string, TGTab *)
[16:38:12.169]    DEBUG: <PixTestHighRate.cc/setParameter:L66>   setting fParTriggerFrequency -> 20
[16:38:12.169]    DEBUG: <PixTestHighRate.cc/init:L156> PixTestHighRate::init()
[16:38:12.169]    DEBUG: <PixTestHighRate.cc/PixTestHighRate:L29> PixTestHighRate ctor(PixSetup &a, string, TGTab *)
[16:38:12.190]    DEBUG: <PixTest.cc/setTestParameter:L577>  setting  ntrig to new value 10
[16:38:12.190]    DEBUG: <PixTestPhOptimization.cc/setParameter:L36>   setting fParNtrig  ->10<- from sval = 10
[16:38:12.190]    DEBUG: <PixTestPhOptimization.cc/setParameter:L41>   setting fSafetyMarginLow  ->20<- from sval = 20
[16:38:12.190]    DEBUG: <PixTestPhOptimization.cc/setParameter:L47>   setting fVcalMax  ->100<- from sval = 100
[16:38:12.190]    DEBUG: <PixTestPhOptimization.cc/setParameter:L52>   setting fQuantMax  ->0.98<- from sval = 0.98
[16:38:12.196]    DEBUG: <PixTestAlive.cc/init:L76> PixTestAlive::init()
[16:38:12.196]    DEBUG: <PixTestAlive.cc/PixTestAlive:L20> PixTestAlive ctor(PixSetup &a, string, TGTab *)
[16:38:12.217]    DEBUG: <PixTestReadback.cc/setParameter:L184> fCalwVd set to 1
[16:38:12.217]    DEBUG: <PixTestReadback.cc/init:L96> PixTestReadback::init()
[16:38:12.217]    DEBUG: <PixTestReadback.cc/PixTestReadback:L22> PixTestReadback ctor(PixSetup &a, string, TGTab *)
[16:38:12.217]     INFO:       reading data/yhc691015sn2p20//readbackCal_C0.dat
[16:38:12.217]     INFO:       reading data/yhc691015sn2p20//readbackCal_C1.dat
[16:38:12.217]     INFO:       reading data/yhc691015sn2p20//readbackCal_C2.dat
[16:38:12.217]     INFO:       reading data/yhc691015sn2p20//readbackCal_C3.dat
[16:38:12.217]     INFO:       reading data/yhc691015sn2p20//readbackCal_C4.dat
[16:38:12.217]     INFO:       reading data/yhc691015sn2p20//readbackCal_C5.dat
[16:38:12.217]     INFO:       reading data/yhc691015sn2p20//readbackCal_C6.dat
[16:38:12.217]     INFO:       reading data/yhc691015sn2p20//readbackCal_C7.dat
[16:38:12.218]     INFO:       reading data/yhc691015sn2p20//readbackCal_C8.dat
[16:38:12.218]     INFO:       reading data/yhc691015sn2p20//readbackCal_C9.dat
[16:38:12.218]     INFO:       reading data/yhc691015sn2p20//readbackCal_C10.dat
[16:38:12.218]     INFO:       reading data/yhc691015sn2p20//readbackCal_C11.dat
[16:38:12.218]     INFO:       reading data/yhc691015sn2p20//readbackCal_C12.dat
[16:38:12.218]     INFO:       reading data/yhc691015sn2p20//readbackCal_C13.dat
[16:38:12.218]     INFO:       reading data/yhc691015sn2p20//readbackCal_C14.dat
[16:38:12.218]     INFO:       reading data/yhc691015sn2p20//readbackCal_C15.dat
[16:38:12.240]    DEBUG: <PixTestTiming.cc/setParameter:L45> fFastScan: 0
[16:38:12.240]    DEBUG: <PixTestTiming.cc/setParameter:L50> PixTestTiming::PixTest() targetclk = 4
[16:38:12.240]    DEBUG: <PixTestTiming.cc/setParameter:L54> PixTestTiming::PixTest() ntrig = 10
[16:38:12.240]    DEBUG: <PixTestTiming.cc/init:L64> PixTestTiming::init()
[16:38:12.252]    DEBUG: <PixTestXray.cc/init:L132> PixTestXray::init()
[16:38:12.252]    DEBUG: <PixTestXray.cc/PixTestXray:L26> PixTestXray ctor(PixSetup &a, string, TGTab *)
[16:38:19.134]    DEBUG: <PixTab.cc/setParameter:L387> xxxPressed():  ID = 1 -> source to value Cu
[16:38:38.406]    DEBUG: <PixTab.cc/setParameter:L387> xxxPressed():  ID = 2 -> runseconds to value 360
[16:38:51.902]     INFO: ######################################################################
[16:38:51.902]     INFO: PixTestXray::doTest()
[16:38:51.902]     INFO: ######################################################################
[16:38:51.902]     INFO:    ----------------------------------------------------------------------
[16:38:51.902]     INFO:    PixTestXray::doPhRun() fParRunSeconds = 360
[16:38:51.902]     INFO:    ----------------------------------------------------------------------
[16:38:51.904]     INFO:       reading data/yhc691015sn2p20//defaultMaskFile.dat
[16:38:51.904]     INFO: ROC 4 masking pixel 43/74
[16:38:51.904]     INFO: ROC 5 masking pixel 32/42
[16:38:51.904]     INFO: ROC 5 masking pixel 42/32
[16:38:51.904]     INFO: ROC 5 masking pixel 45/49
[16:38:51.904]     INFO: ROC 6 masking pixel 11/43
[16:38:51.904]     INFO: ROC 7 masking pixel 45/46
[16:38:51.904]     INFO: ROC 8 masking pixel 30/26
[16:38:51.904]     INFO: ROC 8 masking pixel 48/47
[16:38:51.904]     INFO: ROC 8 masking pixel 49/44
[16:38:51.904]     INFO: ROC 9 masking pixel 26/17
[16:38:51.904]     INFO: ROC 10 masking pixel 50/59
[16:38:51.904]     INFO: ROC 11 masking pixel 8/68
[16:38:51.904]     INFO: ROC 12 masking pixel 7/51
[16:38:51.904]     INFO: ROC 12 masking pixel 44/48
[16:38:51.904]     INFO: ROC 14 masking pixel 35/42
[16:38:51.904]     INFO: ROC 14 masking pixel 43/65
[16:38:51.904]     INFO: ROC 15 masking pixel 38/52
[16:38:51.905]  WARNING: Pattern generator does not contain a trigger signal. No data is expected from the DUT!
[16:38:52.882]     INFO: IGNORE THE WARNING ABOVE (resetROC sent)!
[16:38:54.063]     INFO: PixTestXray::doPhRun start TriggerLoop with trigger frequency 100 kHz, period 405 and duration 360 seconds,  fEventsMax = 36000000
[16:39:11.206]     INFO: run duration 17 seconds, buffer almost full (81%), pausing triggers.
[16:39:11.208]    DEBUG: <PixTestXray.cc/processData:L733> Getting Event Buffer
[16:39:30.904]    DEBUG: <PixTestXray.cc/processData:L748> Processing Data: 1688969 events.
[16:39:30.948]    DEBUG: <PixTestXray.cc/processData:L799>  # events read: 1688969, pixels seen in all events: 19909
[16:39:31.001]     INFO: Resuming triggers.
[16:39:48.165]     INFO: run duration 34 seconds, buffer almost full (81%), pausing triggers.
[16:39:48.186]    DEBUG: <PixTestXray.cc/processData:L733> Getting Event Buffer
[16:39:52.986]    ERROR: <datapipe.cc/CheckEventID:L127>    Event ID mismatch:  local ID (24) !=  TBM ID (0)
[16:39:52.986]    ERROR: <datapipe.cc/DecodeDeser400:L294> Number of ROCs (0) != Token Chain Length (8)
[16:39:52.986]    ERROR: <datapipe.cc/CheckEventID:L127>    Event ID mismatch:  local ID (1) !=  TBM ID (25)
[16:39:52.986]  WARNING: ROC 6: Readback start marker after 15 readouts!
[16:39:52.986]  WARNING: ROC 1: Readback start marker after 15 readouts!
[16:39:52.986]  WARNING: ROC 0: Readback start marker after 15 readouts!
[16:39:52.986]  WARNING: ROC 2: Readback start marker after 15 readouts!
[16:39:52.986]  WARNING: ROC 3: Readback start marker after 15 readouts!
[16:39:52.986]  WARNING: ROC 4: Readback start marker after 15 readouts!
[16:39:52.986]  WARNING: ROC 5: Readback start marker after 15 readouts!
[16:39:52.987]  WARNING: ROC 7: Readback start marker after 15 readouts!
[16:40:08.267]    DEBUG: <PixTestXray.cc/processData:L748> Processing Data: 1689052 events.
[16:40:08.306]    DEBUG: <PixTestXray.cc/processData:L799>  # events read: 1689052, pixels seen in all events: 19594
[16:40:08.355]     INFO: Resuming triggers.
[16:40:25.512]     INFO: run duration 51 seconds, buffer almost full (81%), pausing triggers.
[16:40:25.550]    DEBUG: <PixTestXray.cc/processData:L733> Getting Event Buffer
[16:40:45.331]    DEBUG: <PixTestXray.cc/processData:L748> Processing Data: 1686457 events.
[16:40:45.372]    DEBUG: <PixTestXray.cc/processData:L799>  # events read: 1686457, pixels seen in all events: 19583
[16:40:45.425]     INFO: Resuming triggers.
[16:41:02.546]     INFO: run duration 68 seconds, buffer almost full (81%), pausing triggers.
[16:41:02.564]    DEBUG: <PixTestXray.cc/processData:L733> Getting Event Buffer
[16:41:19.843]    DEBUG: <PixTestXray.cc/processData:L748> Processing Data: 1686336 events.
[16:41:19.884]    DEBUG: <PixTestXray.cc/processData:L799>  # events read: 1686336, pixels seen in all events: 19554
[16:41:19.929]     INFO: Resuming triggers.
[16:41:37.053]     INFO: run duration 85 seconds, buffer almost full (81%), pausing triggers.
[16:41:37.071]    DEBUG: <PixTestXray.cc/processData:L733> Getting Event Buffer
[16:41:55.650]    DEBUG: <PixTestXray.cc/processData:L748> Processing Data: 1686634 events.
[16:41:55.695]    DEBUG: <PixTestXray.cc/processData:L799>  # events read: 1686634, pixels seen in all events: 19746
[16:41:55.738]     INFO: Resuming triggers.
[16:42:12.893]     INFO: run duration 102 seconds, buffer almost full (81%), pausing triggers.
[16:42:12.913]    DEBUG: <PixTestXray.cc/processData:L733> Getting Event Buffer
[16:42:32.461]    DEBUG: <PixTestXray.cc/processData:L748> Processing Data: 1686594 events.
[16:42:32.498]    DEBUG: <PixTestXray.cc/processData:L799>  # events read: 1686594, pixels seen in all events: 19725
[16:42:32.535]     INFO: Resuming triggers.
[16:42:49.661]     INFO: run duration 119 seconds, buffer almost full (81%), pausing triggers.
[16:42:49.680]    DEBUG: <PixTestXray.cc/processData:L733> Getting Event Buffer
[16:43:08.332]    DEBUG: <PixTestXray.cc/processData:L748> Processing Data: 1686880 events.
[16:43:08.368]    DEBUG: <PixTestXray.cc/processData:L799>  # events read: 1686880, pixels seen in all events: 19631
[16:43:08.402]     INFO: Resuming triggers.
[16:43:25.529]     INFO: run duration 137 seconds, buffer almost full (81%), pausing triggers.
[16:43:25.548]    DEBUG: <PixTestXray.cc/processData:L733> Getting Event Buffer
[16:43:45.143]    DEBUG: <PixTestXray.cc/processData:L748> Processing Data: 1686930 events.
[16:43:45.179]    DEBUG: <PixTestXray.cc/processData:L799>  # events read: 1686930, pixels seen in all events: 19539
[16:43:45.210]     INFO: Resuming triggers.
[16:44:02.340]     INFO: run duration 154 seconds, buffer almost full (81%), pausing triggers.
[16:44:02.363]    DEBUG: <PixTestXray.cc/processData:L733> Getting Event Buffer
[16:44:21.037]    DEBUG: <PixTestXray.cc/processData:L748> Processing Data: 1687130 events.
[16:44:21.074]    DEBUG: <PixTestXray.cc/processData:L799>  # events read: 1687130, pixels seen in all events: 19550
[16:44:21.108]     INFO: Resuming triggers.
[16:44:38.231]     INFO: run duration 171 seconds, buffer almost full (81%), pausing triggers.
[16:44:38.251]    DEBUG: <PixTestXray.cc/processData:L733> Getting Event Buffer
[16:44:58.071]    DEBUG: <PixTestXray.cc/processData:L748> Processing Data: 1686440 events.
[16:44:58.108]    DEBUG: <PixTestXray.cc/processData:L799>  # events read: 1686440, pixels seen in all events: 19762
[16:44:58.143]     INFO: Resuming triggers.
[16:45:15.283]     INFO: run duration 188 seconds, buffer almost full (81%), pausing triggers.
[16:45:15.303]    DEBUG: <PixTestXray.cc/processData:L733> Getting Event Buffer
[16:45:34.914]    DEBUG: <PixTestXray.cc/processData:L748> Processing Data: 1688183 events.
[16:45:34.950]    DEBUG: <PixTestXray.cc/processData:L799>  # events read: 1688183, pixels seen in all events: 19686
[16:45:34.982]     INFO: Resuming triggers.
[16:45:52.106]     INFO: run duration 205 seconds, buffer almost full (81%), pausing triggers.
[16:45:52.128]    DEBUG: <PixTestXray.cc/processData:L733> Getting Event Buffer
[16:46:11.710]    DEBUG: <PixTestXray.cc/processData:L748> Processing Data: 1686564 events.
[16:46:11.746]    DEBUG: <PixTestXray.cc/processData:L799>  # events read: 1686564, pixels seen in all events: 19813
[16:46:11.791]     INFO: Resuming triggers.
[16:46:28.916]     INFO: run duration 222 seconds, buffer almost full (81%), pausing triggers.
[16:46:28.938]    DEBUG: <PixTestXray.cc/processData:L733> Getting Event Buffer
[16:46:48.794]    DEBUG: <PixTestXray.cc/processData:L748> Processing Data: 1686685 events.
[16:46:48.830]    DEBUG: <PixTestXray.cc/processData:L799>  # events read: 1686685, pixels seen in all events: 19910
[16:46:48.862]     INFO: Resuming triggers.
[16:47:05.988]     INFO: run duration 239 seconds, buffer almost full (81%), pausing triggers.
[16:47:06.007]    DEBUG: <PixTestXray.cc/processData:L733> Getting Event Buffer
[16:47:25.853]    DEBUG: <PixTestXray.cc/processData:L748> Processing Data: 1686783 events.
[16:47:25.890]    DEBUG: <PixTestXray.cc/processData:L799>  # events read: 1686783, pixels seen in all events: 19796
[16:47:25.921]     INFO: Resuming triggers.
[16:47:43.044]     INFO: run duration 256 seconds, buffer almost full (81%), pausing triggers.
[16:47:43.067]    DEBUG: <PixTestXray.cc/processData:L733> Getting Event Buffer
[16:48:03.026]    DEBUG: <PixTestXray.cc/processData:L748> Processing Data: 1686505 events.
[16:48:03.062]    DEBUG: <PixTestXray.cc/processData:L799>  # events read: 1686505, pixels seen in all events: 19734
[16:48:03.095]     INFO: Resuming triggers.
[16:48:20.217]     INFO: run duration 274 seconds, buffer almost full (81%), pausing triggers.
[16:48:20.236]    DEBUG: <PixTestXray.cc/processData:L733> Getting Event Buffer
[16:48:39.689]    DEBUG: <PixTestXray.cc/processData:L748> Processing Data: 1686351 events.
[16:48:39.726]    DEBUG: <PixTestXray.cc/processData:L799>  # events read: 1686351, pixels seen in all events: 19820
[16:48:39.758]     INFO: Resuming triggers.
[16:48:56.881]     INFO: run duration 291 seconds, buffer almost full (81%), pausing triggers.
[16:48:56.904]    DEBUG: <PixTestXray.cc/processData:L733> Getting Event Buffer
[16:49:16.699]    DEBUG: <PixTestXray.cc/processData:L748> Processing Data: 1686513 events.
[16:49:16.735]    DEBUG: <PixTestXray.cc/processData:L799>  # events read: 1686513, pixels seen in all events: 19674
[16:49:16.768]     INFO: Resuming triggers.
[16:49:33.897]     INFO: run duration 308 seconds, buffer almost full (81%), pausing triggers.
[16:49:33.916]    DEBUG: <PixTestXray.cc/processData:L733> Getting Event Buffer
[16:49:52.906]    DEBUG: <PixTestXray.cc/processData:L748> Processing Data: 1687135 events.
[16:49:52.943]    DEBUG: <PixTestXray.cc/processData:L799>  # events read: 1687135, pixels seen in all events: 19767
[16:49:52.979]     INFO: Resuming triggers.
[16:50:10.103]     INFO: run duration 325 seconds, buffer almost full (81%), pausing triggers.
[16:50:10.123]    DEBUG: <PixTestXray.cc/processData:L733> Getting Event Buffer
[16:50:30.109]    DEBUG: <PixTestXray.cc/processData:L748> Processing Data: 1686637 events.
[16:50:30.147]    DEBUG: <PixTestXray.cc/processData:L799>  # events read: 1686637, pixels seen in all events: 19873
[16:50:30.187]     INFO: Resuming triggers.
[16:50:47.311]     INFO: run duration 342 seconds, buffer almost full (81%), pausing triggers.
[16:50:47.331]    DEBUG: <PixTestXray.cc/processData:L733> Getting Event Buffer
[16:51:07.294]    DEBUG: <PixTestXray.cc/processData:L748> Processing Data: 1686624 events.
[16:51:07.330]    DEBUG: <PixTestXray.cc/processData:L799>  # events read: 1686624, pixels seen in all events: 19565
[16:51:07.365]     INFO: Resuming triggers.
[16:51:24.491]     INFO: run duration 359 seconds, buffer almost full (81%), pausing triggers.
[16:51:24.514]    DEBUG: <PixTestXray.cc/processData:L733> Getting Event Buffer
[16:51:43.295]    DEBUG: <PixTestXray.cc/processData:L748> Processing Data: 1686796 events.
[16:51:43.332]    DEBUG: <PixTestXray.cc/processData:L799>  # events read: 1686796, pixels seen in all events: 19822
[16:51:43.365]     INFO: Resuming triggers.
[16:51:43.652]     INFO: data taking finished, elapsed time: 360 seconds.
[16:51:43.870]    DEBUG: <PixTestXray.cc/processData:L733> Getting Event Buffer
[16:51:44.234]    DEBUG: <PixTestXray.cc/processData:L748> Processing Data: 27852 events.
[16:51:44.235]    DEBUG: <PixTestXray.cc/processData:L799>  # events read:  27852, pixels seen in all events: 314
[16:51:44.260]     INFO: PixTest::       pg_setup set to default.
[16:51:44.295]     INFO: PixTestXray::doPhRun() done
[16:51:44.295]     INFO: PixTestXray::doTest() done 
[16:52:22.742]    DEBUG: <PixTest.cc/moduleMap:L943> moduleMap histname: what
[16:52:22.742]    DEBUG: <PixTest.cc/moduleMap:L953> h1->GetName() = qMap_Cu_C15_V0 -> qMap_Cu_mod
[16:54:57.558]    DEBUG: <PixTab.cc/setParameter:L387> xxxPressed():  ID = 2 -> runseconds to value 480
[16:55:04.870]    DEBUG: <PixTab.cc/setParameter:L387> xxxPressed():  ID = 1 -> source to value Ag
[16:55:06.150]     INFO: ######################################################################
[16:55:06.150]     INFO: PixTestXray::doTest()
[16:55:06.150]     INFO: ######################################################################
[16:55:06.150]     INFO:    ----------------------------------------------------------------------
[16:55:06.150]     INFO:    PixTestXray::doPhRun() fParRunSeconds = 480
[16:55:06.150]     INFO:    ----------------------------------------------------------------------
[16:55:06.191]     INFO:       reading data/yhc691015sn2p20//defaultMaskFile.dat
[16:55:06.191]     INFO: ROC 4 masking pixel 43/74
[16:55:06.192]     INFO: ROC 5 masking pixel 32/42
[16:55:06.192]     INFO: ROC 5 masking pixel 42/32
[16:55:06.192]     INFO: ROC 5 masking pixel 45/49
[16:55:06.192]     INFO: ROC 6 masking pixel 11/43
[16:55:06.192]     INFO: ROC 7 masking pixel 45/46
[16:55:06.192]     INFO: ROC 8 masking pixel 30/26
[16:55:06.192]     INFO: ROC 8 masking pixel 48/47
[16:55:06.192]     INFO: ROC 8 masking pixel 49/44
[16:55:06.192]     INFO: ROC 9 masking pixel 26/17
[16:55:06.192]     INFO: ROC 10 masking pixel 50/59
[16:55:06.192]     INFO: ROC 11 masking pixel 8/68
[16:55:06.192]     INFO: ROC 12 masking pixel 7/51
[16:55:06.192]     INFO: ROC 12 masking pixel 44/48
[16:55:06.192]     INFO: ROC 14 masking pixel 35/42
[16:55:06.192]     INFO: ROC 14 masking pixel 43/65
[16:55:06.192]     INFO: ROC 15 masking pixel 38/52
[16:55:06.192]  WARNING: Pattern generator does not contain a trigger signal. No data is expected from the DUT!
[16:55:07.164]     INFO: IGNORE THE WARNING ABOVE (resetROC sent)!
[16:55:07.359]    DEBUG: <PixTestXray.cc/doPhRun:L267> booking new histograms as source name has changed
[16:55:08.340]     INFO: PixTestXray::doPhRun start TriggerLoop with trigger frequency 100 kHz, period 405 and duration 480 seconds,  fEventsMax = 48000000
[16:55:25.476]     INFO: run duration 17 seconds, buffer almost full (81%), pausing triggers.
[16:55:25.519]    DEBUG: <PixTestXray.cc/processData:L733> Getting Event Buffer
[16:55:44.894]    DEBUG: <PixTestXray.cc/processData:L748> Processing Data: 1688285 events.
[16:55:44.903]    DEBUG: <PixTestXray.cc/processData:L799>  # events read: 1688285, pixels seen in all events:   3
[16:55:44.931]     INFO: Resuming triggers.
[16:56:02.069]     INFO: run duration 34 seconds, buffer almost full (81%), pausing triggers.
[16:56:02.086]    DEBUG: <PixTestXray.cc/processData:L733> Getting Event Buffer
[16:56:06.550]    ERROR: <datapipe.cc/DecodeDeser400:L294> Number of ROCs (6) != Token Chain Length (8)
[16:56:06.550]    ERROR: <datapipe.cc/CheckEventID:L127>    Event ID mismatch:  local ID (104) !=  TBM ID (66)
[16:56:06.550]    ERROR: <datapipe.cc/DecodeDeser400:L294> Number of ROCs (10) != Token Chain Length (8)
[16:56:06.550]    ERROR: <datapipe.cc/CheckEventID:L127>    Event ID mismatch:  local ID (67) !=  TBM ID (105)
[16:56:06.550]  WARNING: ROC 6: Readback start marker after 15 readouts!
[16:56:06.550]  WARNING: ROC 7: Readback start marker after 15 readouts!
[16:56:21.360]    DEBUG: <PixTestXray.cc/processData:L748> Processing Data: 1687978 events.
[16:56:21.368]    DEBUG: <PixTestXray.cc/processData:L799>  # events read: 1687978, pixels seen in all events:   2
[16:56:21.397]     INFO: Resuming triggers.
[16:56:38.537]     INFO: run duration 51 seconds, buffer almost full (81%), pausing triggers.
[16:56:38.555]    DEBUG: <PixTestXray.cc/processData:L733> Getting Event Buffer
[16:56:58.528]    DEBUG: <PixTestXray.cc/processData:L748> Processing Data: 1688126 events.
[16:56:58.537]    DEBUG: <PixTestXray.cc/processData:L799>  # events read: 1688126, pixels seen in all events:   1
[16:56:58.566]     INFO: Resuming triggers.
[16:57:15.709]     INFO: run duration 68 seconds, buffer almost full (81%), pausing triggers.
[16:57:15.728]    DEBUG: <PixTestXray.cc/processData:L733> Getting Event Buffer
[16:57:35.667]    DEBUG: <PixTestXray.cc/processData:L748> Processing Data: 1688495 events.
[16:57:35.676]    DEBUG: <PixTestXray.cc/processData:L799>  # events read: 1688495, pixels seen in all events:   2
[16:57:35.705]     INFO: Resuming triggers.
[16:57:52.843]     INFO: run duration 85 seconds, buffer almost full (81%), pausing triggers.
[16:57:52.862]    DEBUG: <PixTestXray.cc/processData:L733> Getting Event Buffer
[16:58:11.400]    DEBUG: <PixTestXray.cc/processData:L748> Processing Data: 1688053 events.
[16:58:11.409]    DEBUG: <PixTestXray.cc/processData:L799>  # events read: 1688053, pixels seen in all events:   3
[16:58:11.437]     INFO: Resuming triggers.
[16:58:28.577]     INFO: run duration 102 seconds, buffer almost full (81%), pausing triggers.
[16:58:28.596]    DEBUG: <PixTestXray.cc/processData:L733> Getting Event Buffer
[16:58:48.247]    DEBUG: <PixTestXray.cc/processData:L748> Processing Data: 1688233 events.
[16:58:48.256]    DEBUG: <PixTestXray.cc/processData:L799>  # events read: 1688233, pixels seen in all events:   4
[16:58:48.284]     INFO: Resuming triggers.
[16:59:05.425]     INFO: run duration 119 seconds, buffer almost full (81%), pausing triggers.
[16:59:05.443]    DEBUG: <PixTestXray.cc/processData:L733> Getting Event Buffer
[16:59:23.884]    DEBUG: <PixTestXray.cc/processData:L748> Processing Data: 1688334 events.
[16:59:23.893]    DEBUG: <PixTestXray.cc/processData:L799>  # events read: 1688334, pixels seen in all events:   3
[16:59:23.922]     INFO: Resuming triggers.
[16:59:41.050]     INFO: run duration 137 seconds, buffer almost full (81%), pausing triggers.
[16:59:41.067]    DEBUG: <PixTestXray.cc/processData:L733> Getting Event Buffer
[16:59:59.951]    DEBUG: <PixTestXray.cc/processData:L748> Processing Data: 1686942 events.
[16:59:59.983]    DEBUG: <PixTestXray.cc/processData:L799>  # events read: 1686942, pixels seen in all events: 16286
[17:00:00.020]     INFO: Resuming triggers.
[17:00:17.179]     INFO: run duration 154 seconds, buffer almost full (81%), pausing triggers.
[17:00:17.202]    DEBUG: <PixTestXray.cc/processData:L733> Getting Event Buffer
[17:00:37.175]    DEBUG: <PixTestXray.cc/processData:L748> Processing Data: 1687117 events.
[17:00:37.205]    DEBUG: <PixTestXray.cc/processData:L799>  # events read: 1687117, pixels seen in all events: 15933
[17:00:37.242]     INFO: Resuming triggers.
[17:00:54.422]     INFO: run duration 171 seconds, buffer almost full (81%), pausing triggers.
[17:00:54.445]    DEBUG: <PixTestXray.cc/processData:L733> Getting Event Buffer
[17:01:13.729]    DEBUG: <PixTestXray.cc/processData:L748> Processing Data: 1692093 events.
[17:01:13.760]    DEBUG: <PixTestXray.cc/processData:L799>  # events read: 1692093, pixels seen in all events: 16269
[17:01:13.796]     INFO: Resuming triggers.
[17:01:30.925]     INFO: run duration 188 seconds, buffer almost full (81%), pausing triggers.
[17:01:30.950]    DEBUG: <PixTestXray.cc/processData:L733> Getting Event Buffer
[17:01:50.828]    DEBUG: <PixTestXray.cc/processData:L748> Processing Data: 1687018 events.
[17:01:50.859]    DEBUG: <PixTestXray.cc/processData:L799>  # events read: 1687018, pixels seen in all events: 16509
[17:01:50.903]     INFO: Resuming triggers.
[17:02:08.027]     INFO: run duration 205 seconds, buffer almost full (81%), pausing triggers.
[17:02:08.051]    DEBUG: <PixTestXray.cc/processData:L733> Getting Event Buffer
[17:02:27.382]    DEBUG: <PixTestXray.cc/processData:L748> Processing Data: 1686609 events.
[17:02:27.414]    DEBUG: <PixTestXray.cc/processData:L799>  # events read: 1686609, pixels seen in all events: 16346
[17:02:27.451]     INFO: Resuming triggers.
[17:02:44.593]     INFO: run duration 222 seconds, buffer almost full (81%), pausing triggers.
[17:02:44.618]    DEBUG: <PixTestXray.cc/processData:L733> Getting Event Buffer
[17:03:03.830]    DEBUG: <PixTestXray.cc/processData:L748> Processing Data: 1686845 events.
[17:03:03.861]    DEBUG: <PixTestXray.cc/processData:L799>  # events read: 1686845, pixels seen in all events: 16527
[17:03:03.907]     INFO: Resuming triggers.
[17:03:21.034]     INFO: run duration 239 seconds, buffer almost full (81%), pausing triggers.
[17:03:21.061]    DEBUG: <PixTestXray.cc/processData:L733> Getting Event Buffer
[17:03:39.734]    DEBUG: <PixTestXray.cc/processData:L748> Processing Data: 1686895 events.
[17:03:39.764]    DEBUG: <PixTestXray.cc/processData:L799>  # events read: 1686895, pixels seen in all events: 16093
[17:03:39.801]     INFO: Resuming triggers.
[17:03:56.926]     INFO: run duration 257 seconds, buffer almost full (81%), pausing triggers.
[17:03:56.951]    DEBUG: <PixTestXray.cc/processData:L733> Getting Event Buffer
[17:04:16.849]    DEBUG: <PixTestXray.cc/processData:L748> Processing Data: 1686673 events.
[17:04:16.880]    DEBUG: <PixTestXray.cc/processData:L799>  # events read: 1686673, pixels seen in all events: 16349
[17:04:16.919]     INFO: Resuming triggers.
[17:04:34.048]     INFO: run duration 274 seconds, buffer almost full (81%), pausing triggers.
[17:04:34.074]    DEBUG: <PixTestXray.cc/processData:L733> Getting Event Buffer
[17:04:53.958]    DEBUG: <PixTestXray.cc/processData:L748> Processing Data: 1687017 events.
[17:04:53.989]    DEBUG: <PixTestXray.cc/processData:L799>  # events read: 1687017, pixels seen in all events: 16512
[17:04:54.030]     INFO: Resuming triggers.
[17:05:11.159]     INFO: run duration 291 seconds, buffer almost full (81%), pausing triggers.
[17:05:11.196]    DEBUG: <PixTestXray.cc/processData:L733> Getting Event Buffer
[17:05:31.124]    DEBUG: <PixTestXray.cc/processData:L748> Processing Data: 1687079 events.
[17:05:31.154]    DEBUG: <PixTestXray.cc/processData:L799>  # events read: 1687079, pixels seen in all events: 16346
[17:05:31.195]     INFO: Resuming triggers.
[17:05:48.327]     INFO: run duration 308 seconds, buffer almost full (81%), pausing triggers.
[17:05:48.356]    DEBUG: <PixTestXray.cc/processData:L733> Getting Event Buffer
[17:06:07.931]    DEBUG: <PixTestXray.cc/processData:L748> Processing Data: 1687400 events.
[17:06:07.961]    DEBUG: <PixTestXray.cc/processData:L799>  # events read: 1687400, pixels seen in all events: 15955
[17:06:08.003]     INFO: Resuming triggers.
[17:06:25.128]     INFO: run duration 325 seconds, buffer almost full (81%), pausing triggers.
[17:06:25.164]    DEBUG: <PixTestXray.cc/processData:L733> Getting Event Buffer
[17:06:44.986]    DEBUG: <PixTestXray.cc/processData:L748> Processing Data: 1686660 events.
[17:06:45.015]    DEBUG: <PixTestXray.cc/processData:L799>  # events read: 1686660, pixels seen in all events: 16147
[17:06:45.058]     INFO: Resuming triggers.
[17:07:02.185]     INFO: run duration 342 seconds, buffer almost full (81%), pausing triggers.
[17:07:02.220]    DEBUG: <PixTestXray.cc/processData:L733> Getting Event Buffer
[17:07:21.549]    DEBUG: <PixTestXray.cc/processData:L748> Processing Data: 1686906 events.
[17:07:21.578]    DEBUG: <PixTestXray.cc/processData:L799>  # events read: 1686906, pixels seen in all events: 16493
[17:07:21.630]     INFO: Resuming triggers.
[17:07:38.757]     INFO: run duration 359 seconds, buffer almost full (81%), pausing triggers.
[17:07:38.793]    DEBUG: <PixTestXray.cc/processData:L733> Getting Event Buffer
[17:07:58.751]    DEBUG: <PixTestXray.cc/processData:L748> Processing Data: 1686882 events.
[17:07:58.780]    DEBUG: <PixTestXray.cc/processData:L799>  # events read: 1686882, pixels seen in all events: 16261
[17:07:58.831]     INFO: Resuming triggers.
[17:08:15.959]     INFO: run duration 376 seconds, buffer almost full (81%), pausing triggers.
[17:08:15.995]    DEBUG: <PixTestXray.cc/processData:L733> Getting Event Buffer
[17:08:35.742]    DEBUG: <PixTestXray.cc/processData:L748> Processing Data: 1687079 events.
[17:08:35.771]    DEBUG: <PixTestXray.cc/processData:L799>  # events read: 1687079, pixels seen in all events: 16253
[17:08:35.823]     INFO: Resuming triggers.
[17:08:52.951]     INFO: run duration 394 seconds, buffer almost full (81%), pausing triggers.
[17:08:52.987]    DEBUG: <PixTestXray.cc/processData:L733> Getting Event Buffer
[17:09:12.139]    DEBUG: <PixTestXray.cc/processData:L748> Processing Data: 1687031 events.
[17:09:12.168]    DEBUG: <PixTestXray.cc/processData:L799>  # events read: 1687031, pixels seen in all events: 16317
[17:09:12.216]     INFO: Resuming triggers.
[17:09:29.416]     INFO: run duration 411 seconds, buffer almost full (81%), pausing triggers.
[17:09:29.453]    DEBUG: <PixTestXray.cc/processData:L733> Getting Event Buffer
[17:09:49.311]    DEBUG: <PixTestXray.cc/processData:L748> Processing Data: 1694148 events.
[17:09:49.340]    DEBUG: <PixTestXray.cc/processData:L799>  # events read: 1694148, pixels seen in all events: 16537
[17:09:49.392]     INFO: Resuming triggers.
[17:10:06.519]     INFO: run duration 428 seconds, buffer almost full (81%), pausing triggers.
[17:10:06.551]    DEBUG: <PixTestXray.cc/processData:L733> Getting Event Buffer
[17:10:26.306]    DEBUG: <PixTestXray.cc/processData:L748> Processing Data: 1686893 events.
[17:10:26.335]    DEBUG: <PixTestXray.cc/processData:L799>  # events read: 1686893, pixels seen in all events: 16382
[17:10:26.386]     INFO: Resuming triggers.
[17:10:43.515]     INFO: run duration 445 seconds, buffer almost full (81%), pausing triggers.
[17:10:43.551]    DEBUG: <PixTestXray.cc/processData:L733> Getting Event Buffer
[17:11:03.361]    DEBUG: <PixTestXray.cc/processData:L748> Processing Data: 1687042 events.
[17:11:03.390]    DEBUG: <PixTestXray.cc/processData:L799>  # events read: 1687042, pixels seen in all events: 16094
[17:11:03.433]     INFO: Resuming triggers.
[17:11:20.624]     INFO: run duration 462 seconds, buffer almost full (81%), pausing triggers.
[17:11:20.653]    DEBUG: <PixTestXray.cc/processData:L733> Getting Event Buffer
[17:11:40.339]    DEBUG: <PixTestXray.cc/processData:L748> Processing Data: 1687411 events.
[17:11:40.368]    DEBUG: <PixTestXray.cc/processData:L799>  # events read: 1687411, pixels seen in all events: 16258
[17:11:40.411]     INFO: Resuming triggers.
[17:11:57.596]     INFO: run duration 479 seconds, buffer almost full (81%), pausing triggers.
[17:11:57.632]    DEBUG: <PixTestXray.cc/processData:L733> Getting Event Buffer
[17:12:17.307]    DEBUG: <PixTestXray.cc/processData:L748> Processing Data: 1686785 events.
[17:12:17.337]    DEBUG: <PixTestXray.cc/processData:L799>  # events read: 1686785, pixels seen in all events: 16453
[17:12:17.390]     INFO: Resuming triggers.
[17:12:17.493]     INFO: data taking finished, elapsed time: 480 seconds.
[17:12:17.720]    DEBUG: <PixTestXray.cc/processData:L733> Getting Event Buffer
[17:12:17.834]    DEBUG: <PixTestXray.cc/processData:L748> Processing Data: 9699 events.
[17:12:17.834]    DEBUG: <PixTestXray.cc/processData:L799>  # events read:   9699, pixels seen in all events: 102
[17:12:17.871]     INFO: PixTest::       pg_setup set to default.
[17:12:17.909]     INFO: PixTestXray::doPhRun() done
[17:12:17.909]     INFO: PixTestXray::doTest() done 
[17:13:23.487]    DEBUG: <PixTest.cc/moduleMap:L943> moduleMap histname: what
[17:13:23.487]    DEBUG: <PixTest.cc/moduleMap:L953> h1->GetName() = phMap_Ag_C3_V0 -> phMap_Ag_mod
[17:14:19.799]    DEBUG: <PixTab.cc/setParameter:L387> xxxPressed():  ID = 1 -> source to value In
[17:14:22.367]     INFO: ######################################################################
[17:14:22.367]     INFO: PixTestXray::doTest()
[17:14:22.367]     INFO: ######################################################################
[17:14:22.367]     INFO:    ----------------------------------------------------------------------
[17:14:22.367]     INFO:    PixTestXray::doPhRun() fParRunSeconds = 480
[17:14:22.367]     INFO:    ----------------------------------------------------------------------
[17:14:22.552]     INFO:       reading data/yhc691015sn2p20//defaultMaskFile.dat
[17:14:22.552]     INFO: ROC 4 masking pixel 43/74
[17:14:22.552]     INFO: ROC 5 masking pixel 32/42
[17:14:22.552]     INFO: ROC 5 masking pixel 42/32
[17:14:22.552]     INFO: ROC 5 masking pixel 45/49
[17:14:22.552]     INFO: ROC 6 masking pixel 11/43
[17:14:22.552]     INFO: ROC 7 masking pixel 45/46
[17:14:22.552]     INFO: ROC 8 masking pixel 30/26
[17:14:22.552]     INFO: ROC 8 masking pixel 48/47
[17:14:22.553]     INFO: ROC 8 masking pixel 49/44
[17:14:22.553]     INFO: ROC 9 masking pixel 26/17
[17:14:22.553]     INFO: ROC 10 masking pixel 50/59
[17:14:22.553]     INFO: ROC 11 masking pixel 8/68
[17:14:22.553]     INFO: ROC 12 masking pixel 7/51
[17:14:22.553]     INFO: ROC 12 masking pixel 44/48
[17:14:22.553]     INFO: ROC 14 masking pixel 35/42
[17:14:22.553]     INFO: ROC 14 masking pixel 43/65
[17:14:22.553]     INFO: ROC 15 masking pixel 38/52
[17:14:22.553]  WARNING: Pattern generator does not contain a trigger signal. No data is expected from the DUT!
[17:14:23.525]     INFO: IGNORE THE WARNING ABOVE (resetROC sent)!
[17:14:23.720]    DEBUG: <PixTestXray.cc/doPhRun:L267> booking new histograms as source name has changed
[17:14:24.701]     INFO: PixTestXray::doPhRun start TriggerLoop with trigger frequency 100 kHz, period 405 and duration 480 seconds,  fEventsMax = 48000000
[17:14:41.835]     INFO: run duration 17 seconds, buffer almost full (81%), pausing triggers.
[17:14:42.015]    DEBUG: <PixTestXray.cc/processData:L733> Getting Event Buffer
[17:15:01.519]    DEBUG: <PixTestXray.cc/processData:L748> Processing Data: 1688064 events.
[17:15:01.528]    DEBUG: <PixTestXray.cc/processData:L799>  # events read: 1688064, pixels seen in all events:   2
[17:15:01.555]     INFO: Resuming triggers.
[17:15:18.696]     INFO: run duration 34 seconds, buffer almost full (81%), pausing triggers.
[17:15:18.712]    DEBUG: <PixTestXray.cc/processData:L733> Getting Event Buffer
[17:15:23.319]    ERROR: <datapipe.cc/DecodeDeser400:L294> Number of ROCs (3) != Token Chain Length (8)
[17:15:23.319]    ERROR: <datapipe.cc/CheckEventID:L127>    Event ID mismatch:  local ID (40) !=  TBM ID (162)
[17:15:23.319]    ERROR: <datapipe.cc/DecodeDeser400:L294> Number of ROCs (13) != Token Chain Length (8)
[17:15:23.319]    ERROR: <datapipe.cc/CheckEventID:L127>    Event ID mismatch:  local ID (163) !=  TBM ID (41)
[17:15:23.319]  WARNING: ROC 6: Readback start marker after 15 readouts!
[17:15:23.319]  WARNING: ROC 3: Readback start marker after 15 readouts!
[17:15:23.319]  WARNING: ROC 4: Readback start marker after 15 readouts!
[17:15:23.319]  WARNING: ROC 5: Readback start marker after 15 readouts!
[17:15:23.319]  WARNING: ROC 7: Readback start marker after 15 readouts!
[17:15:38.746]    DEBUG: <PixTestXray.cc/processData:L748> Processing Data: 1688212 events.
[17:15:38.755]    DEBUG: <PixTestXray.cc/processData:L799>  # events read: 1688212, pixels seen in all events:   1
[17:15:38.786]     INFO: Resuming triggers.
[17:15:55.925]     INFO: run duration 51 seconds, buffer almost full (81%), pausing triggers.
[17:15:55.944]    DEBUG: <PixTestXray.cc/processData:L733> Getting Event Buffer
[17:16:15.933]    DEBUG: <PixTestXray.cc/processData:L748> Processing Data: 1687966 events.
[17:16:15.941]    DEBUG: <PixTestXray.cc/processData:L799>  # events read: 1687966, pixels seen in all events:   0
[17:16:15.972]     INFO: Resuming triggers.
[17:16:33.111]     INFO: run duration 68 seconds, buffer almost full (81%), pausing triggers.
[17:16:33.130]    DEBUG: <PixTestXray.cc/processData:L733> Getting Event Buffer
[17:16:53.086]    DEBUG: <PixTestXray.cc/processData:L748> Processing Data: 1688028 events.
[17:16:53.095]    DEBUG: <PixTestXray.cc/processData:L799>  # events read: 1688028, pixels seen in all events:   1
[17:16:53.123]     INFO: Resuming triggers.
[17:17:10.329]     INFO: run duration 85 seconds, buffer almost full (81%), pausing triggers.
[17:17:10.346]    DEBUG: <PixTestXray.cc/processData:L733> Getting Event Buffer
[17:17:30.244]    DEBUG: <PixTestXray.cc/processData:L748> Processing Data: 1694629 events.
[17:17:30.271]    DEBUG: <PixTestXray.cc/processData:L799>  # events read: 1694629, pixels seen in all events: 15042
[17:17:30.310]     INFO: Resuming triggers.
[17:17:47.504]     INFO: run duration 102 seconds, buffer almost full (81%), pausing triggers.
[17:17:47.524]    DEBUG: <PixTestXray.cc/processData:L733> Getting Event Buffer
[17:18:06.542]    DEBUG: <PixTestXray.cc/processData:L748> Processing Data: 1693520 events.
[17:18:06.569]    DEBUG: <PixTestXray.cc/processData:L799>  # events read: 1693520, pixels seen in all events: 15157
[17:18:06.605]     INFO: Resuming triggers.
[17:18:23.760]     INFO: run duration 120 seconds, buffer almost full (81%), pausing triggers.
[17:18:23.782]    DEBUG: <PixTestXray.cc/processData:L733> Getting Event Buffer
[17:18:43.430]    DEBUG: <PixTestXray.cc/processData:L748> Processing Data: 1689627 events.
[17:18:43.457]    DEBUG: <PixTestXray.cc/processData:L799>  # events read: 1689627, pixels seen in all events: 14826
[17:18:43.496]     INFO: Resuming triggers.
[17:19:00.622]     INFO: run duration 137 seconds, buffer almost full (81%), pausing triggers.
[17:19:00.646]    DEBUG: <PixTestXray.cc/processData:L733> Getting Event Buffer
[17:19:20.062]    DEBUG: <PixTestXray.cc/processData:L748> Processing Data: 1686821 events.
[17:19:20.090]    DEBUG: <PixTestXray.cc/processData:L799>  # events read: 1686821, pixels seen in all events: 14810
[17:19:20.127]     INFO: Resuming triggers.
[17:19:37.256]     INFO: run duration 154 seconds, buffer almost full (81%), pausing triggers.
[17:19:37.279]    DEBUG: <PixTestXray.cc/processData:L733> Getting Event Buffer
[17:19:56.857]    DEBUG: <PixTestXray.cc/processData:L748> Processing Data: 1687105 events.
[17:19:56.885]    DEBUG: <PixTestXray.cc/processData:L799>  # events read: 1687105, pixels seen in all events: 14853
[17:19:56.925]     INFO: Resuming triggers.
[17:20:14.051]     INFO: run duration 171 seconds, buffer almost full (81%), pausing triggers.
[17:20:14.076]    DEBUG: <PixTestXray.cc/processData:L733> Getting Event Buffer
[17:20:33.487]    DEBUG: <PixTestXray.cc/processData:L748> Processing Data: 1686820 events.
[17:20:33.515]    DEBUG: <PixTestXray.cc/processData:L799>  # events read: 1686820, pixels seen in all events: 14746
[17:20:33.555]     INFO: Resuming triggers.
[17:20:50.683]     INFO: run duration 188 seconds, buffer almost full (81%), pausing triggers.
[17:20:50.711]    DEBUG: <PixTestXray.cc/processData:L733> Getting Event Buffer
[17:21:10.508]    DEBUG: <PixTestXray.cc/processData:L748> Processing Data: 1687031 events.
[17:21:10.535]    DEBUG: <PixTestXray.cc/processData:L799>  # events read: 1687031, pixels seen in all events: 15045
[17:21:10.575]     INFO: Resuming triggers.
[17:21:27.705]     INFO: run duration 205 seconds, buffer almost full (81%), pausing triggers.
[17:21:27.731]    DEBUG: <PixTestXray.cc/processData:L733> Getting Event Buffer
[17:21:46.983]    DEBUG: <PixTestXray.cc/processData:L748> Processing Data: 1687164 events.
[17:21:47.010]    DEBUG: <PixTestXray.cc/processData:L799>  # events read: 1687164, pixels seen in all events: 14926
[17:21:47.049]     INFO: Resuming triggers.
[17:22:04.215]     INFO: run duration 222 seconds, buffer almost full (81%), pausing triggers.
[17:22:04.239]    DEBUG: <PixTestXray.cc/processData:L733> Getting Event Buffer
[17:22:23.520]    DEBUG: <PixTestXray.cc/processData:L748> Processing Data: 1689148 events.
[17:22:23.547]    DEBUG: <PixTestXray.cc/processData:L799>  # events read: 1689148, pixels seen in all events: 14998
[17:22:23.592]     INFO: Resuming triggers.
[17:22:40.721]     INFO: run duration 240 seconds, buffer almost full (81%), pausing triggers.
[17:22:40.750]    DEBUG: <PixTestXray.cc/processData:L733> Getting Event Buffer
[17:23:00.059]    DEBUG: <PixTestXray.cc/processData:L748> Processing Data: 1687129 events.
[17:23:00.086]    DEBUG: <PixTestXray.cc/processData:L799>  # events read: 1687129, pixels seen in all events: 15065
[17:23:00.127]     INFO: Resuming triggers.
[17:23:17.256]     INFO: run duration 257 seconds, buffer almost full (81%), pausing triggers.
[17:23:17.284]    DEBUG: <PixTestXray.cc/processData:L733> Getting Event Buffer
[17:23:36.806]    DEBUG: <PixTestXray.cc/processData:L748> Processing Data: 1687067 events.
[17:23:36.833]    DEBUG: <PixTestXray.cc/processData:L799>  # events read: 1687067, pixels seen in all events: 14789
[17:23:36.875]     INFO: Resuming triggers.
[17:23:54.011]     INFO: run duration 274 seconds, buffer almost full (81%), pausing triggers.
[17:23:54.037]    DEBUG: <PixTestXray.cc/processData:L733> Getting Event Buffer
[17:24:13.628]    DEBUG: <PixTestXray.cc/processData:L748> Processing Data: 1687763 events.
[17:24:13.655]    DEBUG: <PixTestXray.cc/processData:L799>  # events read: 1687763, pixels seen in all events: 15061
[17:24:13.701]     INFO: Resuming triggers.
[17:24:30.827]     INFO: run duration 291 seconds, buffer almost full (81%), pausing triggers.
[17:24:30.855]    DEBUG: <PixTestXray.cc/processData:L733> Getting Event Buffer
[17:24:49.769]    DEBUG: <PixTestXray.cc/processData:L748> Processing Data: 1686870 events.
[17:24:49.797]    DEBUG: <PixTestXray.cc/processData:L799>  # events read: 1686870, pixels seen in all events: 15160
[17:24:49.842]     INFO: Resuming triggers.
[17:25:07.027]     INFO: run duration 308 seconds, buffer almost full (81%), pausing triggers.
[17:25:07.055]    DEBUG: <PixTestXray.cc/processData:L733> Getting Event Buffer
[17:25:26.996]    DEBUG: <PixTestXray.cc/processData:L748> Processing Data: 1686758 events.
[17:25:27.025]    DEBUG: <PixTestXray.cc/processData:L799>  # events read: 1686758, pixels seen in all events: 14989
[17:25:27.075]     INFO: Resuming triggers.
[17:25:44.204]     INFO: run duration 325 seconds, buffer almost full (81%), pausing triggers.
[17:25:44.241]    DEBUG: <PixTestXray.cc/processData:L733> Getting Event Buffer
[17:26:04.135]    DEBUG: <PixTestXray.cc/processData:L748> Processing Data: 1687067 events.
[17:26:04.163]    DEBUG: <PixTestXray.cc/processData:L799>  # events read: 1687067, pixels seen in all events: 14845
[17:26:04.214]     INFO: Resuming triggers.
[17:26:21.343]     INFO: run duration 342 seconds, buffer almost full (81%), pausing triggers.
[17:26:21.380]    DEBUG: <PixTestXray.cc/processData:L733> Getting Event Buffer
[17:26:40.713]    DEBUG: <PixTestXray.cc/processData:L748> Processing Data: 1687105 events.
[17:26:40.740]    DEBUG: <PixTestXray.cc/processData:L799>  # events read: 1687105, pixels seen in all events: 14765
[17:26:40.793]     INFO: Resuming triggers.
[17:26:57.920]     INFO: run duration 359 seconds, buffer almost full (81%), pausing triggers.
[17:26:57.955]    DEBUG: <PixTestXray.cc/processData:L733> Getting Event Buffer
[17:27:18.027]    DEBUG: <PixTestXray.cc/processData:L748> Processing Data: 1686868 events.
[17:27:18.055]    DEBUG: <PixTestXray.cc/processData:L799>  # events read: 1686868, pixels seen in all events: 14971
[17:27:18.108]     INFO: Resuming triggers.
[17:27:35.294]     INFO: run duration 377 seconds, buffer almost full (81%), pausing triggers.
[17:27:35.325]    DEBUG: <PixTestXray.cc/processData:L733> Getting Event Buffer
[17:27:54.467]    DEBUG: <PixTestXray.cc/processData:L748> Processing Data: 1686807 events.
[17:27:54.494]    DEBUG: <PixTestXray.cc/processData:L799>  # events read: 1686807, pixels seen in all events: 14909
[17:27:54.548]     INFO: Resuming triggers.
[17:28:11.685]     INFO: run duration 394 seconds, buffer almost full (81%), pausing triggers.
[17:28:11.721]    DEBUG: <PixTestXray.cc/processData:L733> Getting Event Buffer
[17:28:31.339]    DEBUG: <PixTestXray.cc/processData:L748> Processing Data: 1687900 events.
[17:28:31.366]    DEBUG: <PixTestXray.cc/processData:L799>  # events read: 1687900, pixels seen in all events: 15263
[17:28:31.421]     INFO: Resuming triggers.
[17:28:48.588]     INFO: run duration 411 seconds, buffer almost full (81%), pausing triggers.
[17:28:48.624]    DEBUG: <PixTestXray.cc/processData:L733> Getting Event Buffer
[17:29:08.033]    DEBUG: <PixTestXray.cc/processData:L748> Processing Data: 1690848 events.
[17:29:08.061]    DEBUG: <PixTestXray.cc/processData:L799>  # events read: 1690848, pixels seen in all events: 14993
[17:29:08.106]     INFO: Resuming triggers.
[17:29:25.258]     INFO: run duration 428 seconds, buffer almost full (81%), pausing triggers.
[17:29:25.294]    DEBUG: <PixTestXray.cc/processData:L733> Getting Event Buffer
[17:29:45.246]    DEBUG: <PixTestXray.cc/processData:L748> Processing Data: 1689369 events.
[17:29:45.273]    DEBUG: <PixTestXray.cc/processData:L799>  # events read: 1689369, pixels seen in all events: 15006
[17:29:45.325]     INFO: Resuming triggers.
[17:30:02.467]     INFO: run duration 445 seconds, buffer almost full (81%), pausing triggers.
[17:30:02.504]    DEBUG: <PixTestXray.cc/processData:L733> Getting Event Buffer
[17:30:22.042]    DEBUG: <PixTestXray.cc/processData:L748> Processing Data: 1688372 events.
[17:30:22.069]    DEBUG: <PixTestXray.cc/processData:L799>  # events read: 1688372, pixels seen in all events: 14798
[17:30:22.121]     INFO: Resuming triggers.
[17:30:39.248]     INFO: run duration 462 seconds, buffer almost full (81%), pausing triggers.
[17:30:39.279]    DEBUG: <PixTestXray.cc/processData:L733> Getting Event Buffer
[17:30:58.837]    DEBUG: <PixTestXray.cc/processData:L748> Processing Data: 1686857 events.
[17:30:58.865]    DEBUG: <PixTestXray.cc/processData:L799>  # events read: 1686857, pixels seen in all events: 14906
[17:30:58.917]     INFO: Resuming triggers.
[17:31:16.050]     INFO: data taking finished, elapsed time: 480 seconds.
[17:31:16.281]    DEBUG: <PixTestXray.cc/processData:L733> Getting Event Buffer
[17:31:35.618]    DEBUG: <PixTestXray.cc/processData:L748> Processing Data: 1681610 events.
[17:31:35.645]    DEBUG: <PixTestXray.cc/processData:L799>  # events read: 1681610, pixels seen in all events: 14894
[17:31:35.697]     INFO: PixTest::       pg_setup set to default.
[17:31:35.722]     INFO: PixTestXray::doPhRun() done
[17:31:35.722]     INFO: PixTestXray::doTest() done 
[17:34:42.967]    DEBUG: <PixTest.cc/moduleMap:L943> moduleMap histname: what
[17:34:42.967]    DEBUG: <PixTest.cc/moduleMap:L953> h1->GetName() = phMap_In_C1_V0 -> phMap_In_mod
[17:35:02.735]    DEBUG: <PixTab.cc/setParameter:L387> xxxPressed():  ID = 1 -> source to value Sn
[17:36:20.903]    DEBUG: <PixTab.cc/setParameter:L387> xxxPressed():  ID = 2 -> runseconds to value 360
[17:36:22.879]     INFO: ######################################################################
[17:36:22.879]     INFO: PixTestXray::doTest()
[17:36:22.879]     INFO: ######################################################################
[17:36:22.879]     INFO:    ----------------------------------------------------------------------
[17:36:22.879]     INFO:    PixTestXray::doPhRun() fParRunSeconds = 360
[17:36:22.879]     INFO:    ----------------------------------------------------------------------
[17:36:23.064]     INFO:       reading data/yhc691015sn2p20//defaultMaskFile.dat
[17:36:23.064]     INFO: ROC 4 masking pixel 43/74
[17:36:23.064]     INFO: ROC 5 masking pixel 32/42
[17:36:23.064]     INFO: ROC 5 masking pixel 42/32
[17:36:23.064]     INFO: ROC 5 masking pixel 45/49
[17:36:23.064]     INFO: ROC 6 masking pixel 11/43
[17:36:23.064]     INFO: ROC 7 masking pixel 45/46
[17:36:23.064]     INFO: ROC 8 masking pixel 30/26
[17:36:23.064]     INFO: ROC 8 masking pixel 48/47
[17:36:23.064]     INFO: ROC 8 masking pixel 49/44
[17:36:23.064]     INFO: ROC 9 masking pixel 26/17
[17:36:23.064]     INFO: ROC 10 masking pixel 50/59
[17:36:23.064]     INFO: ROC 11 masking pixel 8/68
[17:36:23.064]     INFO: ROC 12 masking pixel 7/51
[17:36:23.064]     INFO: ROC 12 masking pixel 44/48
[17:36:23.064]     INFO: ROC 14 masking pixel 35/42
[17:36:23.065]     INFO: ROC 14 masking pixel 43/65
[17:36:23.065]     INFO: ROC 15 masking pixel 38/52
[17:36:23.065]  WARNING: Pattern generator does not contain a trigger signal. No data is expected from the DUT!
[17:36:24.037]     INFO: IGNORE THE WARNING ABOVE (resetROC sent)!
[17:36:24.232]    DEBUG: <PixTestXray.cc/doPhRun:L267> booking new histograms as source name has changed
[17:36:25.228]     INFO: PixTestXray::doPhRun start TriggerLoop with trigger frequency 100 kHz, period 405 and duration 360 seconds,  fEventsMax = 36000000
[17:36:42.441]     INFO: run duration 17 seconds, buffer almost full (81%), pausing triggers.
[17:36:42.621]    DEBUG: <PixTestXray.cc/processData:L733> Getting Event Buffer
[17:37:02.058]    DEBUG: <PixTestXray.cc/processData:L748> Processing Data: 1695909 events.
[17:37:02.080]    DEBUG: <PixTestXray.cc/processData:L799>  # events read: 1695909, pixels seen in all events: 10367
[17:37:02.118]     INFO: Resuming triggers.
[17:37:19.300]     INFO: run duration 34 seconds, buffer almost full (81%), pausing triggers.
[17:37:19.320]    DEBUG: <PixTestXray.cc/processData:L733> Getting Event Buffer
[17:37:23.727]    ERROR: <datapipe.cc/CheckEventID:L127>    Event ID mismatch:  local ID (246) !=  TBM ID (122)
[17:37:23.727]    ERROR: <datapipe.cc/CheckEventID:L127>    Event ID mismatch:  local ID (123) !=  TBM ID (247)
[17:37:38.745]    DEBUG: <PixTestXray.cc/processData:L748> Processing Data: 1692240 events.
[17:37:38.771]    DEBUG: <PixTestXray.cc/processData:L799>  # events read: 1692240, pixels seen in all events: 14261
[17:37:38.818]     INFO: Resuming triggers.
[17:37:55.945]     INFO: run duration 51 seconds, buffer almost full (81%), pausing triggers.
[17:37:55.967]    DEBUG: <PixTestXray.cc/processData:L733> Getting Event Buffer
[17:38:15.292]    DEBUG: <PixTestXray.cc/processData:L748> Processing Data: 1686819 events.
[17:38:15.319]    DEBUG: <PixTestXray.cc/processData:L799>  # events read: 1686819, pixels seen in all events: 14442
[17:38:15.360]     INFO: Resuming triggers.
[17:38:32.487]     INFO: run duration 68 seconds, buffer almost full (81%), pausing triggers.
[17:38:32.510]    DEBUG: <PixTestXray.cc/processData:L733> Getting Event Buffer
[17:38:51.516]    DEBUG: <PixTestXray.cc/processData:L748> Processing Data: 1686919 events.
[17:38:51.542]    DEBUG: <PixTestXray.cc/processData:L799>  # events read: 1686919, pixels seen in all events: 14233
[17:38:51.581]     INFO: Resuming triggers.
[17:39:08.722]     INFO: run duration 85 seconds, buffer almost full (81%), pausing triggers.
[17:39:08.744]    DEBUG: <PixTestXray.cc/processData:L733> Getting Event Buffer
[17:39:28.256]    DEBUG: <PixTestXray.cc/processData:L748> Processing Data: 1686797 events.
[17:39:28.282]    DEBUG: <PixTestXray.cc/processData:L799>  # events read: 1686797, pixels seen in all events: 14275
[17:39:28.321]     INFO: Resuming triggers.
[17:39:45.451]     INFO: run duration 102 seconds, buffer almost full (81%), pausing triggers.
[17:39:45.476]    DEBUG: <PixTestXray.cc/processData:L733> Getting Event Buffer
[17:40:04.297]    DEBUG: <PixTestXray.cc/processData:L748> Processing Data: 1687201 events.
[17:40:04.323]    DEBUG: <PixTestXray.cc/processData:L799>  # events read: 1687201, pixels seen in all events: 14248
[17:40:04.366]     INFO: Resuming triggers.
[17:40:21.507]     INFO: run duration 120 seconds, buffer almost full (81%), pausing triggers.
[17:40:21.532]    DEBUG: <PixTestXray.cc/processData:L733> Getting Event Buffer
[17:40:41.473]    DEBUG: <PixTestXray.cc/processData:L748> Processing Data: 1688323 events.
[17:40:41.500]    DEBUG: <PixTestXray.cc/processData:L799>  # events read: 1688323, pixels seen in all events: 14227
[17:40:41.542]     INFO: Resuming triggers.
[17:40:58.707]     INFO: run duration 137 seconds, buffer almost full (81%), pausing triggers.
[17:40:58.732]    DEBUG: <PixTestXray.cc/processData:L733> Getting Event Buffer
[17:41:18.723]    DEBUG: <PixTestXray.cc/processData:L748> Processing Data: 1690652 events.
[17:41:18.750]    DEBUG: <PixTestXray.cc/processData:L799>  # events read: 1690652, pixels seen in all events: 14570
[17:41:18.790]     INFO: Resuming triggers.
[17:41:35.919]     INFO: run duration 154 seconds, buffer almost full (81%), pausing triggers.
[17:41:35.946]    DEBUG: <PixTestXray.cc/processData:L733> Getting Event Buffer
[17:41:55.244]    DEBUG: <PixTestXray.cc/processData:L748> Processing Data: 1687129 events.
[17:41:55.270]    DEBUG: <PixTestXray.cc/processData:L799>  # events read: 1687129, pixels seen in all events: 14061
[17:41:55.313]     INFO: Resuming triggers.
[17:42:12.440]     INFO: run duration 171 seconds, buffer almost full (81%), pausing triggers.
[17:42:12.468]    DEBUG: <PixTestXray.cc/processData:L733> Getting Event Buffer
[17:42:31.739]    DEBUG: <PixTestXray.cc/processData:L748> Processing Data: 1686882 events.
[17:42:31.766]    DEBUG: <PixTestXray.cc/processData:L799>  # events read: 1686882, pixels seen in all events: 14375
[17:42:31.809]     INFO: Resuming triggers.
[17:42:48.936]     INFO: run duration 188 seconds, buffer almost full (81%), pausing triggers.
[17:42:48.961]    DEBUG: <PixTestXray.cc/processData:L733> Getting Event Buffer
[17:43:08.864]    DEBUG: <PixTestXray.cc/processData:L748> Processing Data: 1686920 events.
[17:43:08.891]    DEBUG: <PixTestXray.cc/processData:L799>  # events read: 1686920, pixels seen in all events: 14521
[17:43:08.935]     INFO: Resuming triggers.
[17:43:26.065]     INFO: run duration 205 seconds, buffer almost full (81%), pausing triggers.
[17:43:26.094]    DEBUG: <PixTestXray.cc/processData:L733> Getting Event Buffer
[17:43:46.067]    DEBUG: <PixTestXray.cc/processData:L748> Processing Data: 1687128 events.
[17:43:46.093]    DEBUG: <PixTestXray.cc/processData:L799>  # events read: 1687128, pixels seen in all events: 14346
[17:43:46.146]     INFO: Resuming triggers.
[17:44:03.369]     INFO: run duration 222 seconds, buffer almost full (81%), pausing triggers.
[17:44:03.399]    DEBUG: <PixTestXray.cc/processData:L733> Getting Event Buffer
[17:44:23.471]    DEBUG: <PixTestXray.cc/processData:L748> Processing Data: 1696341 events.
[17:44:23.497]    DEBUG: <PixTestXray.cc/processData:L799>  # events read: 1696341, pixels seen in all events: 14396
[17:44:23.541]     INFO: Resuming triggers.
[17:44:40.684]     INFO: run duration 240 seconds, buffer almost full (81%), pausing triggers.
[17:44:40.712]    DEBUG: <PixTestXray.cc/processData:L733> Getting Event Buffer
[17:44:43.826]    ERROR: <datapipe.cc/DecodeDeser400:L294> Number of ROCs (6) != Token Chain Length (8)
[17:44:43.826]    ERROR: <datapipe.cc/DecodeDeser400:L294> Number of ROCs (6) != Token Chain Length (8)
[17:44:43.826]  WARNING: ROC 6: Readback start marker after 15 readouts!
[17:44:43.826]  WARNING: ROC 7: Readback start marker after 15 readouts!
[17:44:43.826]  WARNING: ROC 7: Readback start marker after 15 readouts!
[17:44:43.826]  WARNING: ROC 6: Readback start marker after 15 readouts!
[17:45:00.529]    DEBUG: <PixTestXray.cc/processData:L748> Processing Data: 1688423 events.
[17:45:00.556]    DEBUG: <PixTestXray.cc/processData:L799>  # events read: 1688423, pixels seen in all events: 14395
[17:45:00.604]     INFO: Resuming triggers.
[17:45:17.732]     INFO: run duration 257 seconds, buffer almost full (81%), pausing triggers.
[17:45:17.768]    DEBUG: <PixTestXray.cc/processData:L733> Getting Event Buffer
[17:45:36.988]    DEBUG: <PixTestXray.cc/processData:L748> Processing Data: 1687041 events.
[17:45:37.015]    DEBUG: <PixTestXray.cc/processData:L799>  # events read: 1687041, pixels seen in all events: 14669
[17:45:37.068]     INFO: Resuming triggers.
[17:45:54.207]     INFO: run duration 274 seconds, buffer almost full (81%), pausing triggers.
[17:45:54.244]    DEBUG: <PixTestXray.cc/processData:L733> Getting Event Buffer
[17:46:12.775]    DEBUG: <PixTestXray.cc/processData:L748> Processing Data: 1688015 events.
[17:46:12.801]    DEBUG: <PixTestXray.cc/processData:L799>  # events read: 1688015, pixels seen in all events: 14090
[17:46:12.848]     INFO: Resuming triggers.
[17:46:30.008]     INFO: run duration 291 seconds, buffer almost full (81%), pausing triggers.
[17:46:30.045]    DEBUG: <PixTestXray.cc/processData:L733> Getting Event Buffer
[17:46:49.824]    DEBUG: <PixTestXray.cc/processData:L748> Processing Data: 1687228 events.
[17:46:49.851]    DEBUG: <PixTestXray.cc/processData:L799>  # events read: 1687228, pixels seen in all events: 14409
[17:46:49.908]     INFO: Resuming triggers.
[17:47:07.035]     INFO: run duration 308 seconds, buffer almost full (81%), pausing triggers.
[17:47:07.073]    DEBUG: <PixTestXray.cc/processData:L733> Getting Event Buffer
[17:47:26.970]    DEBUG: <PixTestXray.cc/processData:L748> Processing Data: 1686882 events.
[17:47:26.997]    DEBUG: <PixTestXray.cc/processData:L799>  # events read: 1686882, pixels seen in all events: 14169
[17:47:27.041]     INFO: Resuming triggers.
[17:47:44.172]     INFO: run duration 325 seconds, buffer almost full (81%), pausing triggers.
[17:47:44.199]    DEBUG: <PixTestXray.cc/processData:L733> Getting Event Buffer
[17:48:03.029]    DEBUG: <PixTestXray.cc/processData:L748> Processing Data: 1687228 events.
[17:48:03.055]    DEBUG: <PixTestXray.cc/processData:L799>  # events read: 1687228, pixels seen in all events: 14245
[17:48:03.108]     INFO: Resuming triggers.
[17:48:20.236]     INFO: run duration 342 seconds, buffer almost full (81%), pausing triggers.
[17:48:20.263]    DEBUG: <PixTestXray.cc/processData:L733> Getting Event Buffer
[17:48:39.805]    DEBUG: <PixTestXray.cc/processData:L748> Processing Data: 1686993 events.
[17:48:39.831]    DEBUG: <PixTestXray.cc/processData:L799>  # events read: 1686993, pixels seen in all events: 14285
[17:48:39.884]     INFO: Resuming triggers.
[17:48:57.024]     INFO: data taking finished, elapsed time: 360 seconds.
[17:48:57.251]    DEBUG: <PixTestXray.cc/processData:L733> Getting Event Buffer
[17:49:16.573]    DEBUG: <PixTestXray.cc/processData:L748> Processing Data: 1686611 events.
[17:49:16.599]    DEBUG: <PixTestXray.cc/processData:L799>  # events read: 1686611, pixels seen in all events: 14239
[17:49:16.646]     INFO: PixTest::       pg_setup set to default.
[17:49:16.662]     INFO: PixTestXray::doPhRun() done
[17:49:16.662]     INFO: PixTestXray::doTest() done 
[17:59:23.303]    DEBUG: <PixTest.cc/moduleMap:L943> moduleMap histname: what
[17:59:23.303]    DEBUG: <PixTest.cc/moduleMap:L953> h1->GetName() = phMap_Sn_C3_V0 -> phMap_Sn_mod
[17:59:28.295]    DEBUG: <PixGui.cc/handleButtons:L393> PixGui::exit called
[17:59:28.295]    DEBUG: <PixTestBBMap.cc/~PixTestBBMap:L96> PixTestBBMap dtor
[17:59:28.296]    DEBUG: <PixTestBB2Map.cc/~PixTestBB2Map:L114> PixTestBB2Map dtor
[17:59:28.296]    DEBUG: <PixTestDaq.cc/~PixTestDaq:L36> PixTestDaq dtor
[17:59:28.296]    DEBUG: <PixTestDacDacScan.cc/~PixTestDacDacScan:L135> PixTestDacDacScan dtor
[17:59:28.296]    DEBUG: <PixTestDacScan.cc/~PixTestDacScan:L115> PixTestDacScan dtor
[17:59:28.296]    DEBUG: <PixTestGainPedestal.cc/~PixTestGainPedestal:L121> PixTestGainPedestal dtor
[17:59:28.296]    DEBUG: <PixTestHighRate.cc/~PixTestHighRate:L203> PixTestHighRate dtor
[17:59:28.296]    DEBUG: <PixTestIV.cc/~PixTestIV:L96> PixTestIV dtor
[17:59:28.296]    DEBUG: <PixTestAlive.cc/~PixTestAlive:L108> PixTestAlive dtor
[17:59:28.296]    DEBUG: <PixTestPretest.cc/~PixTestPretest:L133> PixTestPretest dtor
[17:59:28.296]    DEBUG: <PixTestReadback.cc/~PixTestReadback:L89> PixTestReadback dtor, saving tree ... 
[17:59:28.296]    DEBUG: <PixTestScurves.cc/~PixTestScurves:L127> PixTestScurves dtor
[17:59:28.296]    DEBUG: <PixTestTiming.cc/~PixTestTiming:L87> PixTestTiming dtor
[17:59:28.297]    DEBUG: <PixTestTrim.cc/~PixTestTrim:L103> PixTestTrim dtor
[17:59:28.297]    DEBUG: <PixTestXray.cc/~PixTestXray:L215> PixTestXray dtor
[17:59:28.986]    QUIET: Connection to board 58 closed.
[17:59:28.989]    DEBUG: <PixMonitor.cc/dumpSummaries:L34> PixMonitor::dumpSummaries
