[16:43:41.377]     INFO: *** Welcome to pxar ***
[16:43:41.377]     INFO: *** Today: 2015/07/06
[16:43:41.377]     INFO:       reading data/yhc691015sn2p20/dacParameters35_C0.dat
[16:43:41.377]     INFO:       reading data/yhc691015sn2p20/dacParameters35_C1.dat
[16:43:41.377]     INFO:       reading data/yhc691015sn2p20/dacParameters35_C2.dat
[16:43:41.377]     INFO:       reading data/yhc691015sn2p20/dacParameters35_C3.dat
[16:43:41.377]     INFO:       reading data/yhc691015sn2p20/dacParameters35_C4.dat
[16:43:41.377]     INFO:       reading data/yhc691015sn2p20/dacParameters35_C5.dat
[16:43:41.377]     INFO:       reading data/yhc691015sn2p20/dacParameters35_C6.dat
[16:43:41.378]     INFO:       reading data/yhc691015sn2p20/dacParameters35_C7.dat
[16:43:41.378]     INFO:       reading data/yhc691015sn2p20/dacParameters35_C8.dat
[16:43:41.378]     INFO:       reading data/yhc691015sn2p20/dacParameters35_C9.dat
[16:43:41.378]     INFO:       reading data/yhc691015sn2p20/dacParameters35_C10.dat
[16:43:41.378]     INFO:       reading data/yhc691015sn2p20/dacParameters35_C11.dat
[16:43:41.378]     INFO:       reading data/yhc691015sn2p20/dacParameters35_C12.dat
[16:43:41.378]     INFO:       reading data/yhc691015sn2p20/dacParameters35_C13.dat
[16:43:41.378]     INFO:       reading data/yhc691015sn2p20/dacParameters35_C14.dat
[16:43:41.378]     INFO:       reading data/yhc691015sn2p20/dacParameters35_C15.dat
[16:43:41.378]     INFO:       reading data/yhc691015sn2p20/tbmParameters_C0a.dat
[16:43:41.378]     INFO:       reading data/yhc691015sn2p20/tbmParameters_C0b.dat
[16:43:41.378]     INFO:       reading data/yhc691015sn2p20/defaultMaskFile.dat
[16:43:41.378]     INFO: MASKED Roc 4 col/row: 43 74
[16:43:41.378]     INFO: MASKED Roc 5 col/row: 43 42
[16:43:41.378]     INFO: MASKED Roc 6 col/row: 43 54
[16:43:41.378]     INFO: MASKED Roc 14 col/row: 42 47
[16:43:41.378]     INFO:       reading data/yhc691015sn2p20/trimParameters35_C0.dat
[16:43:41.385]     INFO:       reading data/yhc691015sn2p20/trimParameters35_C1.dat
[16:43:41.392]     INFO:       reading data/yhc691015sn2p20/trimParameters35_C2.dat
[16:43:41.398]     INFO:       reading data/yhc691015sn2p20/trimParameters35_C3.dat
[16:43:41.405]     INFO:   masking Roc 4 col/row: 43 74
[16:43:41.405]     INFO:       reading data/yhc691015sn2p20/trimParameters35_C4.dat
[16:43:41.412]     INFO:   masking Roc 5 col/row: 43 42
[16:43:41.412]     INFO:       reading data/yhc691015sn2p20/trimParameters35_C5.dat
[16:43:41.419]     INFO:   masking Roc 6 col/row: 43 54
[16:43:41.419]     INFO:       reading data/yhc691015sn2p20/trimParameters35_C6.dat
[16:43:41.426]     INFO:       reading data/yhc691015sn2p20/trimParameters35_C7.dat
[16:43:41.432]     INFO:       reading data/yhc691015sn2p20/trimParameters35_C8.dat
[16:43:41.439]     INFO:       reading data/yhc691015sn2p20/trimParameters35_C9.dat
[16:43:41.446]     INFO:       reading data/yhc691015sn2p20/trimParameters35_C10.dat
[16:43:41.452]     INFO:       reading data/yhc691015sn2p20/trimParameters35_C11.dat
[16:43:41.459]     INFO:       reading data/yhc691015sn2p20/trimParameters35_C12.dat
[16:43:41.466]     INFO:       reading data/yhc691015sn2p20/trimParameters35_C13.dat
[16:43:41.473]     INFO:   masking Roc 14 col/row: 42 47
[16:43:41.473]     INFO:       reading data/yhc691015sn2p20/trimParameters35_C14.dat
[16:43:41.479]     INFO:       reading data/yhc691015sn2p20/trimParameters35_C15.dat
[16:43:41.487]     INFO:       reading data/yhc691015sn2p20/tbParameters.dat
[16:43:41.487]     INFO:         clk: 4
[16:43:41.487]     INFO:         ctr: 4
[16:43:41.487]     INFO:         sda: 19
[16:43:41.487]     INFO:         tin: 9
[16:43:41.487]     INFO:         level: 15
[16:43:41.487]     INFO:         triggerdelay: 0
[16:43:41.487]    QUIET: Instanciating API for pxar v1.9.0
[16:43:41.487]     INFO: Log level: DEBUG
[16:43:41.500]    QUIET: Connection to board DTB_WRPRHI opened.
[16:43:41.503]     INFO: DTB startup information
--- DTB info------------------------------------------
Board id:    58
HW version:  DTB1.2
FW version:  3.2
SW version:  3.6
USB id:      DTB_WRPRHI
MAC address: 40D85511803A
Hostname:    pixelDTB058
Comment:     
------------------------------------------------------
[16:43:41.507]     INFO: RPC call hashes of host and DTB match: 413001178
[16:43:43.116]     INFO: DUT info: 
[16:43:43.116]     INFO: The DUT currently contains the following objects:
[16:43:43.116]     INFO:  2 TBM Cores (2 ON)
[16:43:43.116]     INFO: 	TBM Core alpha (0): 7 registers set
[16:43:43.116]     INFO: 	TBM Core beta  (1): 7 registers set
[16:43:43.116]     INFO: 16 ROCs (16 ON) with 4160 pixelConfigs
[16:43:43.116]     INFO: 	ROC 0: 19 DACs set, Pixels: 0 masked, 4160 active.
[16:43:43.116]     INFO: 	ROC 1: 19 DACs set, Pixels: 0 masked, 4160 active.
[16:43:43.116]     INFO: 	ROC 2: 19 DACs set, Pixels: 0 masked, 4160 active.
[16:43:43.116]     INFO: 	ROC 3: 19 DACs set, Pixels: 0 masked, 4160 active.
[16:43:43.116]     INFO: 	ROC 4: 19 DACs set, Pixels: 1 masked, 4160 active.
[16:43:43.116]     INFO: 	ROC 5: 19 DACs set, Pixels: 1 masked, 4160 active.
[16:43:43.116]     INFO: 	ROC 6: 19 DACs set, Pixels: 1 masked, 4160 active.
[16:43:43.116]     INFO: 	ROC 7: 19 DACs set, Pixels: 0 masked, 4160 active.
[16:43:43.116]     INFO: 	ROC 8: 19 DACs set, Pixels: 0 masked, 4160 active.
[16:43:43.116]     INFO: 	ROC 9: 19 DACs set, Pixels: 0 masked, 4160 active.
[16:43:43.116]     INFO: 	ROC 10: 19 DACs set, Pixels: 0 masked, 4160 active.
[16:43:43.116]     INFO: 	ROC 11: 19 DACs set, Pixels: 0 masked, 4160 active.
[16:43:43.117]     INFO: 	ROC 12: 19 DACs set, Pixels: 0 masked, 4160 active.
[16:43:43.117]     INFO: 	ROC 13: 19 DACs set, Pixels: 0 masked, 4160 active.
[16:43:43.117]     INFO: 	ROC 14: 19 DACs set, Pixels: 1 masked, 4160 active.
[16:43:43.117]     INFO: 	ROC 15: 19 DACs set, Pixels: 0 masked, 4160 active.
[16:43:43.117]    DEBUG: <PixTestParameters.cc/dump:L104> PixTestParameters: ->BB<-
[16:43:43.117]    DEBUG: <PixTestParameters.cc/dump:L107>   dumpall: checkbox(0)
[16:43:43.117]    DEBUG: <PixTestParameters.cc/dump:L107>   dumpproblematic: checkbox(0)
[16:43:43.117]    DEBUG: <PixTestParameters.cc/dump:L107>   ntrig: 5
[16:43:43.117]    DEBUG: <PixTestParameters.cc/dump:L107>   vcals: 250
[16:43:43.117]    DEBUG: <PixTestParameters.cc/dump:L104> PixTestParameters: ->BB2<-
[16:43:43.117]    DEBUG: <PixTestParameters.cc/dump:L107>   ntrig: 10
[16:43:43.117]    DEBUG: <PixTestParameters.cc/dump:L107>   vcals: 222
[16:43:43.117]    DEBUG: <PixTestParameters.cc/dump:L107>   plwidth: 35
[16:43:43.117]    DEBUG: <PixTestParameters.cc/dump:L107>   pix: 11,20
[16:43:43.117]    DEBUG: <PixTestParameters.cc/dump:L107>   targetia: 24
[16:43:43.117]    DEBUG: <PixTestParameters.cc/dump:L104> PixTestParameters: ->DAQ<-
[16:43:43.117]    DEBUG: <PixTestParameters.cc/dump:L107>   delaytbm: checkbox
[16:43:43.117]    DEBUG: <PixTestParameters.cc/dump:L107>   filltree: checkbox
[16:43:43.117]    DEBUG: <PixTestParameters.cc/dump:L107>   trgfrequency(khz): 100
[16:43:43.117]    DEBUG: <PixTestParameters.cc/dump:L107>   maskhotpixels: button
[16:43:43.117]    DEBUG: <PixTestParameters.cc/dump:L107>   trgnumber: 5
[16:43:43.117]    DEBUG: <PixTestParameters.cc/dump:L107>   iterations: 10
[16:43:43.117]    DEBUG: <PixTestParameters.cc/dump:L107>   rundaqtrg: button
[16:43:43.117]    DEBUG: <PixTestParameters.cc/dump:L107>   daqseconds: 120
[16:43:43.117]    DEBUG: <PixTestParameters.cc/dump:L107>   rundaqseconds: button
[16:43:43.117]    DEBUG: <PixTestParameters.cc/dump:L104> PixTestParameters: ->DacDacScan<-
[16:43:43.117]    DEBUG: <PixTestParameters.cc/dump:L107>   phmap: checkbox
[16:43:43.117]    DEBUG: <PixTestParameters.cc/dump:L107>   ntrig: 10
[16:43:43.117]    DEBUG: <PixTestParameters.cc/dump:L107>   dac1: caldel
[16:43:43.117]    DEBUG: <PixTestParameters.cc/dump:L107>   dac1lo: 0
[16:43:43.117]    DEBUG: <PixTestParameters.cc/dump:L107>   dac1hi: 255
[16:43:43.117]    DEBUG: <PixTestParameters.cc/dump:L107>   dac2: vthrcomp
[16:43:43.117]    DEBUG: <PixTestParameters.cc/dump:L107>   dac2lo: 0
[16:43:43.117]    DEBUG: <PixTestParameters.cc/dump:L107>   dac2hi: 255
[16:43:43.117]    DEBUG: <PixTestParameters.cc/dump:L107>   pix: 11,20
[16:43:43.117]    DEBUG: <PixTestParameters.cc/dump:L104> PixTestParameters: ->DacScan<-
[16:43:43.117]    DEBUG: <PixTestParameters.cc/dump:L107>   phmap: checkbox(1)
[16:43:43.117]    DEBUG: <PixTestParameters.cc/dump:L107>   ntrig: 10
[16:43:43.117]    DEBUG: <PixTestParameters.cc/dump:L107>   dac: vcal
[16:43:43.117]    DEBUG: <PixTestParameters.cc/dump:L107>   daclo: 0
[16:43:43.117]    DEBUG: <PixTestParameters.cc/dump:L107>   dachi: 255
[16:43:43.117]    DEBUG: <PixTestParameters.cc/dump:L107>   pix: 11,20
[16:43:43.117]    DEBUG: <PixTestParameters.cc/dump:L104> PixTestParameters: ->GainPedestal<-
[16:43:43.117]    DEBUG: <PixTestParameters.cc/dump:L107>   showfits: checkbox(0)
[16:43:43.117]    DEBUG: <PixTestParameters.cc/dump:L107>   extended: checkbox(0)
[16:43:43.117]    DEBUG: <PixTestParameters.cc/dump:L107>   dumphists: checkbox(0)
[16:43:43.117]    DEBUG: <PixTestParameters.cc/dump:L107>   ntrig: 10
[16:43:43.117]    DEBUG: <PixTestParameters.cc/dump:L107>   measure: button
[16:43:43.117]    DEBUG: <PixTestParameters.cc/dump:L107>   fit: button
[16:43:43.117]    DEBUG: <PixTestParameters.cc/dump:L107>   save: button
[16:43:43.117]    DEBUG: <PixTestParameters.cc/dump:L104> PixTestParameters: ->HighRate<-
[16:43:43.117]    DEBUG: <PixTestParameters.cc/dump:L107>   pix: 11,20
[16:43:43.117]    DEBUG: <PixTestParameters.cc/dump:L107>   maskhotpixels: button
[16:43:43.118]    DEBUG: <PixTestParameters.cc/dump:L107>   savemaskfile: checkbox(0)
[16:43:43.118]    DEBUG: <PixTestParameters.cc/dump:L107>   maskfilename: default
[16:43:43.118]    DEBUG: <PixTestParameters.cc/dump:L107>   caldelscan: button
[16:43:43.118]    DEBUG: <PixTestParameters.cc/dump:L107>   xpixelalive: button
[16:43:43.118]    DEBUG: <PixTestParameters.cc/dump:L107>   ntrig: 5
[16:43:43.118]    DEBUG: <PixTestParameters.cc/dump:L107>   vcal: 200
[16:43:43.118]    DEBUG: <PixTestParameters.cc/dump:L107>   rundaq: button
[16:43:43.118]    DEBUG: <PixTestParameters.cc/dump:L107>   trgfrequency(khz): 20
[16:43:43.118]    DEBUG: <PixTestParameters.cc/dump:L107>   runseconds: 5
[16:43:43.118]    DEBUG: <PixTestParameters.cc/dump:L107>   triggerdelay: 100
[16:43:43.118]    DEBUG: <PixTestParameters.cc/dump:L107>   delaytbm: checkbox
[16:43:43.118]    DEBUG: <PixTestParameters.cc/dump:L107>   filltree: checkbox
[16:43:43.118]    DEBUG: <PixTestParameters.cc/dump:L104> PixTestParameters: ->IV<-
[16:43:43.118]    DEBUG: <PixTestParameters.cc/dump:L107>   port: /dev/FIXME
[16:43:43.118]    DEBUG: <PixTestParameters.cc/dump:L107>   voltagestart: 0
[16:43:43.118]    DEBUG: <PixTestParameters.cc/dump:L107>   voltagestop: 600
[16:43:43.118]    DEBUG: <PixTestParameters.cc/dump:L107>   voltagestep: 5
[16:43:43.118]    DEBUG: <PixTestParameters.cc/dump:L107>   delay: 1
[16:43:43.118]    DEBUG: <PixTestParameters.cc/dump:L107>   compliance(ua): 100
[16:43:43.118]    DEBUG: <PixTestParameters.cc/dump:L104> PixTestParameters: ->PhOptimization<-
[16:43:43.118]    DEBUG: <PixTestParameters.cc/dump:L107>   ntrig: 10
[16:43:43.118]    DEBUG: <PixTestParameters.cc/dump:L107>   safetymarginlow: 20
[16:43:43.118]    DEBUG: <PixTestParameters.cc/dump:L107>   saturationvcal: 100
[16:43:43.118]    DEBUG: <PixTestParameters.cc/dump:L107>   quantilesaturation: 0.98
[16:43:43.118]    DEBUG: <PixTestParameters.cc/dump:L104> PixTestParameters: ->PixelAlive<-
[16:43:43.118]    DEBUG: <PixTestParameters.cc/dump:L107>   ntrig: 10
[16:43:43.118]    DEBUG: <PixTestParameters.cc/dump:L107>   vcal: 200
[16:43:43.118]    DEBUG: <PixTestParameters.cc/dump:L107>   alivetest: button
[16:43:43.118]    DEBUG: <PixTestParameters.cc/dump:L107>   masktest: button
[16:43:43.118]    DEBUG: <PixTestParameters.cc/dump:L107>   addressdecodingtest: button
[16:43:43.118]    DEBUG: <PixTestParameters.cc/dump:L104> PixTestParameters: ->Pretest<-
[16:43:43.118]    DEBUG: <PixTestParameters.cc/dump:L107>   programroc: button
[16:43:43.118]    DEBUG: <PixTestParameters.cc/dump:L107>   targetia: 24
[16:43:43.118]    DEBUG: <PixTestParameters.cc/dump:L107>   setvana: button
[16:43:43.118]    DEBUG: <PixTestParameters.cc/dump:L107>   iterations: 100
[16:43:43.118]    DEBUG: <PixTestParameters.cc/dump:L107>   settimings: button
[16:43:43.118]    DEBUG: <PixTestParameters.cc/dump:L107>   findworkingpixel: button
[16:43:43.118]    DEBUG: <PixTestParameters.cc/dump:L107>   setvthrcompcaldel: button
[16:43:43.118]    DEBUG: <PixTestParameters.cc/dump:L107>   pix: 11,20
[16:43:43.118]    DEBUG: <PixTestParameters.cc/dump:L107>   vcal: 250
[16:43:43.118]    DEBUG: <PixTestParameters.cc/dump:L107>   deltavthrcomp: 50
[16:43:43.118]    DEBUG: <PixTestParameters.cc/dump:L107>   fraccaldel: 0.5
[16:43:43.118]    DEBUG: <PixTestParameters.cc/dump:L107>   ntrig: 5
[16:43:43.118]    DEBUG: <PixTestParameters.cc/dump:L107>   savedacs: button
[16:43:43.118]    DEBUG: <PixTestParameters.cc/dump:L104> PixTestParameters: ->Readback<-
[16:43:43.118]    DEBUG: <PixTestParameters.cc/dump:L107>   calibratevd: button
[16:43:43.118]    DEBUG: <PixTestParameters.cc/dump:L107>   calibrateva: button
[16:43:43.118]    DEBUG: <PixTestParameters.cc/dump:L107>   calibrateia: button
[16:43:43.118]    DEBUG: <PixTestParameters.cc/dump:L107>   readbackvbg: button
[16:43:43.118]    DEBUG: <PixTestParameters.cc/dump:L107>   getcalibratedvbg: button
[16:43:43.118]    DEBUG: <PixTestParameters.cc/dump:L107>   usecalvd: checkbox(1)
[16:43:43.118]    DEBUG: <PixTestParameters.cc/dump:L107>   usecalva: checkbox(0)
[16:43:43.118]    DEBUG: <PixTestParameters.cc/dump:L107>   getcalibratedia: button
[16:43:43.118]    DEBUG: <PixTestParameters.cc/dump:L107>   setvana: button
[16:43:43.118]    DEBUG: <PixTestParameters.cc/dump:L104> PixTestParameters: ->Scurves<-
[16:43:43.118]    DEBUG: <PixTestParameters.cc/dump:L107>   adjustvcal: checkbox(1)
[16:43:43.118]    DEBUG: <PixTestParameters.cc/dump:L107>   dumpall: checkbox(0)
[16:43:43.118]    DEBUG: <PixTestParameters.cc/dump:L107>   dumpproblematic: checkbox(0)
[16:43:43.118]    DEBUG: <PixTestParameters.cc/dump:L107>   ntrig: 50
[16:43:43.118]    DEBUG: <PixTestParameters.cc/dump:L107>   dac: VthrComp
[16:43:43.118]    DEBUG: <PixTestParameters.cc/dump:L107>   daclo: 0
[16:43:43.118]    DEBUG: <PixTestParameters.cc/dump:L107>   dachi: 200
[16:43:43.118]    DEBUG: <PixTestParameters.cc/dump:L107>   dacs/step: 10
[16:43:43.118]    DEBUG: <PixTestParameters.cc/dump:L107>   scurves: button
[16:43:43.118]    DEBUG: <PixTestParameters.cc/dump:L104> PixTestParameters: ->Timing<-
[16:43:43.118]    DEBUG: <PixTestParameters.cc/dump:L107>   fastscan: checkbox(0)
[16:43:43.118]    DEBUG: <PixTestParameters.cc/dump:L107>   targetclk: 4
[16:43:43.118]    DEBUG: <PixTestParameters.cc/dump:L107>   ntrig: 10
[16:43:43.118]    DEBUG: <PixTestParameters.cc/dump:L107>   clocksdascan: button
[16:43:43.118]    DEBUG: <PixTestParameters.cc/dump:L107>   phasescan: button
[16:43:43.118]    DEBUG: <PixTestParameters.cc/dump:L107>   levelscan: button
[16:43:43.118]    DEBUG: <PixTestParameters.cc/dump:L107>   saveparameters: button
[16:43:43.118]    DEBUG: <PixTestParameters.cc/dump:L107>   timingtest: button
[16:43:43.118]    DEBUG: <PixTestParameters.cc/dump:L104> PixTestParameters: ->Trim<-
[16:43:43.119]    DEBUG: <PixTestParameters.cc/dump:L107>   trim: button
[16:43:43.119]    DEBUG: <PixTestParameters.cc/dump:L107>   ntrig: 10
[16:43:43.119]    DEBUG: <PixTestParameters.cc/dump:L107>   vcal: 35
[16:43:43.119]    DEBUG: <PixTestParameters.cc/dump:L107>   trimbits: button
[16:43:43.119]    DEBUG: <PixTestParameters.cc/dump:L104> PixTestParameters: ->Xray<-
[16:43:43.119]    DEBUG: <PixTestParameters.cc/dump:L107>   maskhotpixels: button
[16:43:43.119]    DEBUG: <PixTestParameters.cc/dump:L107>   savemaskfile: checkbox(0)
[16:43:43.119]    DEBUG: <PixTestParameters.cc/dump:L107>   maskfilename: default
[16:43:43.119]    DEBUG: <PixTestParameters.cc/dump:L107>   source: Ag
[16:43:43.119]    DEBUG: <PixTestParameters.cc/dump:L107>   phrun: button
[16:43:43.119]    DEBUG: <PixTestParameters.cc/dump:L107>   runseconds: 100
[16:43:43.119]    DEBUG: <PixTestParameters.cc/dump:L107>   trgfrequency(khz): 100
[16:43:43.119]    DEBUG: <PixTestParameters.cc/dump:L107>   ratescan: button
[16:43:43.119]    DEBUG: <PixTestParameters.cc/dump:L107>   vthrcompmin: 10
[16:43:43.119]    DEBUG: <PixTestParameters.cc/dump:L107>   vthrcompmax: 80
[16:43:43.119]    DEBUG: <PixTestParameters.cc/dump:L107>   stepseconds: 5
[16:43:43.119]    DEBUG: <PixTestParameters.cc/dump:L107>   delaytbm: checkbox
[16:43:43.119]    DEBUG: <PixTestParameters.cc/dump:L107>   filltree: checkbox
[16:43:43.119]    DEBUG: <PixSetup.cc/init:L81> PixSetup init start; getCurrentRSS() = 34369536
[16:43:43.119]    DEBUG: <PixSetup.cc/init:L87> fPixTestParameters = 0x2311140
[16:43:43.119]    DEBUG: <PixSetup.cc/init:L88>  fConfigParameters = 0x209b890
[16:43:43.119]    DEBUG: <PixSetup.cc/init:L89>        fPxarMemory = 0x7fcf1dd94010
[16:43:43.119]    DEBUG: <PixSetup.cc/init:L90>         fPxarMemHi = 0x7fcf23fff510
[16:43:43.119]    DEBUG: <PixSetup.cc/init:L106> PixSetup init done;  getCurrentRSS() = 34377728 fPxarMemory = 0x7fcf1dd94010
[16:43:43.608]    DEBUG: <PixGui.cc/hvOn:L457> HV set On: 0x2732700
[16:43:43.667]    DEBUG: <PixTestFactory.cc/PixTestFactory:L50> PixTestFactory::PixTestFactory()
[16:43:43.668]    DEBUG: <PixTestBBMap.cc/init:L78> PixTestBBMap::init()
[16:43:43.668]    DEBUG: <PixTestBBMap.cc/PixTestBBMap:L26> PixTestBBMap ctor(PixSetup &a, string, TGTab *)
[16:43:43.673]    DEBUG: <PixTestBB2Map.cc/setParameter:L57> setting fTargetIa    = 24 mA/ROC
[16:43:43.673]    DEBUG: <PixTestBB2Map.cc/init:L96> PixTestBB2Map::init()
[16:43:43.674]    DEBUG: <PixTestBB2Map.cc/PixTestBB2Map:L28> PixTestBB2Map ctor(PixSetup &a, string, TGTab *)
[16:43:43.681]    DEBUG: <PixTestDaq.cc/init:L43> PixTestDaq::init()
[16:43:43.681]    DEBUG: <PixTestDaq.cc/PixTestDaq:L21> PixTestDaq ctor(PixSetup &a, string, TGTab *)
[16:43:43.681]     INFO:       reading data/yhc691015sn2p20/phCalibrationFitErr35_C0.dat
[16:43:43.698]     INFO:       reading data/yhc691015sn2p20/phCalibrationFitErr35_C1.dat
[16:43:43.713]     INFO:       reading data/yhc691015sn2p20/phCalibrationFitErr35_C2.dat
[16:43:43.730]     INFO:       reading data/yhc691015sn2p20/phCalibrationFitErr35_C3.dat
[16:43:43.745]     INFO:       reading data/yhc691015sn2p20/phCalibrationFitErr35_C4.dat
[16:43:43.761]     INFO:       reading data/yhc691015sn2p20/phCalibrationFitErr35_C5.dat
[16:43:43.777]     INFO:       reading data/yhc691015sn2p20/phCalibrationFitErr35_C6.dat
[16:43:43.793]     INFO:       reading data/yhc691015sn2p20/phCalibrationFitErr35_C7.dat
[16:43:43.808]     INFO:       reading data/yhc691015sn2p20/phCalibrationFitErr35_C8.dat
[16:43:43.825]     INFO:       reading data/yhc691015sn2p20/phCalibrationFitErr35_C9.dat
[16:43:43.841]     INFO:       reading data/yhc691015sn2p20/phCalibrationFitErr35_C10.dat
[16:43:43.856]     INFO:       reading data/yhc691015sn2p20/phCalibrationFitErr35_C11.dat
[16:43:43.872]     INFO:       reading data/yhc691015sn2p20/phCalibrationFitErr35_C12.dat
[16:43:43.887]     INFO:       reading data/yhc691015sn2p20/phCalibrationFitErr35_C13.dat
[16:43:43.903]     INFO:       reading data/yhc691015sn2p20/phCalibrationFitErr35_C14.dat
[16:43:43.918]     INFO:       reading data/yhc691015sn2p20/phCalibrationFitErr35_C15.dat
[16:43:43.941]    DEBUG: <PixTestDacDacScan.cc/init:L102> PixTestDacDacScan::init()
[16:43:43.941]    DEBUG: <PixTestDacDacScan.cc/PixTestDacDacScan:L21> PixTestDacDacScan ctor(PixSetup &a, string, TGTab *)
[16:43:43.961]    DEBUG: <PixTestHighRate.cc/setParameter:L66>   setting fParTriggerFrequency -> 20
[16:43:43.961]    DEBUG: <PixTestHighRate.cc/init:L156> PixTestHighRate::init()
[16:43:43.961]    DEBUG: <PixTestHighRate.cc/PixTestHighRate:L29> PixTestHighRate ctor(PixSetup &a, string, TGTab *)
[16:43:43.978]    DEBUG: <PixTest.cc/setTestParameter:L577>  setting  ntrig to new value 10
[16:43:43.978]    DEBUG: <PixTestPhOptimization.cc/setParameter:L36>   setting fParNtrig  ->10<- from sval = 10
[16:43:43.978]    DEBUG: <PixTestPhOptimization.cc/setParameter:L41>   setting fSafetyMarginLow  ->20<- from sval = 20
[16:43:43.978]    DEBUG: <PixTestPhOptimization.cc/setParameter:L47>   setting fVcalMax  ->100<- from sval = 100
[16:43:43.978]    DEBUG: <PixTestPhOptimization.cc/setParameter:L52>   setting fQuantMax  ->0.98<- from sval = 0.98
[16:43:43.986]    DEBUG: <PixTestAlive.cc/init:L76> PixTestAlive::init()
[16:43:43.986]    DEBUG: <PixTestAlive.cc/PixTestAlive:L20> PixTestAlive ctor(PixSetup &a, string, TGTab *)
[16:43:43.998]    DEBUG: <PixTestReadback.cc/setParameter:L184> fCalwVd set to 1
[16:43:43.998]    DEBUG: <PixTestReadback.cc/init:L96> PixTestReadback::init()
[16:43:43.998]    DEBUG: <PixTestReadback.cc/PixTestReadback:L22> PixTestReadback ctor(PixSetup &a, string, TGTab *)
[16:43:43.998]     INFO:       reading data/yhc691015sn2p20/readbackCal_C0.dat
[16:43:43.998]     INFO:       reading data/yhc691015sn2p20/readbackCal_C1.dat
[16:43:43.998]     INFO:       reading data/yhc691015sn2p20/readbackCal_C2.dat
[16:43:43.998]     INFO:       reading data/yhc691015sn2p20/readbackCal_C3.dat
[16:43:43.998]     INFO:       reading data/yhc691015sn2p20/readbackCal_C4.dat
[16:43:43.998]     INFO:       reading data/yhc691015sn2p20/readbackCal_C5.dat
[16:43:43.998]     INFO:       reading data/yhc691015sn2p20/readbackCal_C6.dat
[16:43:43.998]     INFO:       reading data/yhc691015sn2p20/readbackCal_C7.dat
[16:43:43.998]     INFO:       reading data/yhc691015sn2p20/readbackCal_C8.dat
[16:43:43.999]     INFO:       reading data/yhc691015sn2p20/readbackCal_C9.dat
[16:43:43.999]     INFO:       reading data/yhc691015sn2p20/readbackCal_C10.dat
[16:43:43.999]     INFO:       reading data/yhc691015sn2p20/readbackCal_C11.dat
[16:43:43.999]     INFO:       reading data/yhc691015sn2p20/readbackCal_C12.dat
[16:43:43.999]     INFO:       reading data/yhc691015sn2p20/readbackCal_C13.dat
[16:43:43.999]     INFO:       reading data/yhc691015sn2p20/readbackCal_C14.dat
[16:43:43.999]     INFO:       reading data/yhc691015sn2p20/readbackCal_C15.dat
[16:43:44.018]    DEBUG: <PixTestTiming.cc/setParameter:L45> fFastScan: 0
[16:43:44.018]    DEBUG: <PixTestTiming.cc/setParameter:L50> PixTestTiming::PixTest() targetclk = 4
[16:43:44.018]    DEBUG: <PixTestTiming.cc/setParameter:L54> PixTestTiming::PixTest() ntrig = 10
[16:43:44.018]    DEBUG: <PixTestTiming.cc/init:L64> PixTestTiming::init()
[16:43:44.029]    DEBUG: <PixTestXray.cc/init:L132> PixTestXray::init()
[16:43:44.029]    DEBUG: <PixTestXray.cc/PixTestXray:L26> PixTestXray ctor(PixSetup &a, string, TGTab *)
[16:43:49.362]     INFO: ######################################################################
[16:43:49.362]     INFO: PixTestXray::doTest()
[16:43:49.362]     INFO: ######################################################################
[16:43:49.362]     INFO:    ----------------------------------------------------------------------
[16:43:49.362]     INFO:    PixTestXray::doPhRun() fParRunSeconds = 100
[16:43:49.362]     INFO:    ----------------------------------------------------------------------
[16:43:49.364]     INFO:       reading data/yhc691015sn2p20/defaultMaskFile.dat
[16:43:49.364]     INFO: ROC 4 masking pixel 43/74
[16:43:49.364]     INFO: ROC 5 masking pixel 43/42
[16:43:49.364]     INFO: ROC 6 masking pixel 43/54
[16:43:49.364]     INFO: ROC 14 masking pixel 42/47
[16:43:49.364]  WARNING: Pattern generator does not contain a trigger signal. No data is expected from the DUT!
[16:43:50.342]     INFO: IGNORE THE WARNING ABOVE (resetROC sent)!
[16:43:51.522]     INFO: PixTestXray::doPhRun start TriggerLoop with trigger frequency 100 kHz, period 405 and duration 100 seconds,  fEventsMax = 10000000
[16:44:01.549]     INFO: run duration 10 seconds, buffer almost full (81%), pausing triggers.
[16:44:01.551]    DEBUG: <PixTestXray.cc/processData:L733> Getting Event Buffer
[16:44:21.286]    DEBUG: <PixTestXray.cc/processData:L748> Processing Data: 987862 events.
[16:44:30.691]    DEBUG: <PixTestXray.cc/processData:L799>  # events read: 987862, pixels seen in all events: 8411695
[16:44:31.020]     INFO: Resuming triggers.
[16:44:41.052]     INFO: run duration 20 seconds, buffer almost full (81%), pausing triggers.
[16:44:41.269]    DEBUG: <PixTestXray.cc/processData:L733> Getting Event Buffer
[16:44:45.846]    ERROR: <datapipe.cc/DecodeDeser400:L294> Number of ROCs (6) != Token Chain Length (8)
[16:44:45.846]  WARNING: ROC 6: Readback start marker after 15 readouts!
[16:44:45.846]  WARNING: ROC 7: Readback start marker after 15 readouts!
