[16:31:36.770]     INFO: *** Welcome to pxar ***
[16:31:36.770]     INFO: *** Today: 2015/07/01
[16:31:36.770]     INFO:       reading data/yhc691015sn2p20//dacParameters35_C0.dat
[16:31:36.770]     INFO:       reading data/yhc691015sn2p20//dacParameters35_C1.dat
[16:31:36.770]     INFO:       reading data/yhc691015sn2p20//dacParameters35_C2.dat
[16:31:36.770]     INFO:       reading data/yhc691015sn2p20//dacParameters35_C3.dat
[16:31:36.771]     INFO:       reading data/yhc691015sn2p20//dacParameters35_C4.dat
[16:31:36.771]     INFO:       reading data/yhc691015sn2p20//dacParameters35_C5.dat
[16:31:36.771]     INFO:       reading data/yhc691015sn2p20//dacParameters35_C6.dat
[16:31:36.771]     INFO:       reading data/yhc691015sn2p20//dacParameters35_C7.dat
[16:31:36.771]     INFO:       reading data/yhc691015sn2p20//dacParameters35_C8.dat
[16:31:36.771]     INFO:       reading data/yhc691015sn2p20//dacParameters35_C9.dat
[16:31:36.771]     INFO:       reading data/yhc691015sn2p20//dacParameters35_C10.dat
[16:31:36.771]     INFO:       reading data/yhc691015sn2p20//dacParameters35_C11.dat
[16:31:36.771]     INFO:       reading data/yhc691015sn2p20//dacParameters35_C12.dat
[16:31:36.771]     INFO:       reading data/yhc691015sn2p20//dacParameters35_C13.dat
[16:31:36.771]     INFO:       reading data/yhc691015sn2p20//dacParameters35_C14.dat
[16:31:36.771]     INFO:       reading data/yhc691015sn2p20//dacParameters35_C15.dat
[16:31:36.771]     INFO:       reading data/yhc691015sn2p20//tbmParameters_C0a.dat
[16:31:36.771]     INFO:       reading data/yhc691015sn2p20//tbmParameters_C0b.dat
[16:31:36.771]     INFO:       reading data/yhc691015sn2p20//defaultMaskFile.dat
[16:31:36.771]     INFO: MASKED Roc 4 col/row: 43 74
[16:31:36.772]     INFO: MASKED Roc 5 col/row: 32 42
[16:31:36.772]     INFO: MASKED Roc 5 col/row: 42 32
[16:31:36.772]     INFO: MASKED Roc 5 col/row: 45 49
[16:31:36.772]     INFO: MASKED Roc 6 col/row: 11 43
[16:31:36.772]     INFO: MASKED Roc 7 col/row: 45 46
[16:31:36.772]     INFO: MASKED Roc 8 col/row: 30 26
[16:31:36.772]     INFO: MASKED Roc 8 col/row: 48 47
[16:31:36.772]     INFO: MASKED Roc 8 col/row: 49 44
[16:31:36.772]     INFO: MASKED Roc 9 col/row: 26 17
[16:31:36.772]     INFO: MASKED Roc 10 col/row: 50 59
[16:31:36.772]     INFO: MASKED Roc 11 col/row: 8 68
[16:31:36.772]     INFO: MASKED Roc 12 col/row: 7 51
[16:31:36.772]     INFO: MASKED Roc 12 col/row: 44 48
[16:31:36.772]     INFO: MASKED Roc 14 col/row: 35 42
[16:31:36.772]     INFO: MASKED Roc 14 col/row: 43 65
[16:31:36.772]     INFO: MASKED Roc 15 col/row: 38 52
[16:31:36.772]     INFO:       reading data/yhc691015sn2p20//trimParameters35_C0.dat
[16:31:36.778]     INFO:       reading data/yhc691015sn2p20//trimParameters35_C1.dat
[16:31:36.785]     INFO:       reading data/yhc691015sn2p20//trimParameters35_C2.dat
[16:31:36.793]     INFO:       reading data/yhc691015sn2p20//trimParameters35_C3.dat
[16:31:36.799]     INFO:   masking Roc 4 col/row: 43 74
[16:31:36.799]     INFO:       reading data/yhc691015sn2p20//trimParameters35_C4.dat
[16:31:36.806]     INFO:   masking Roc 5 col/row: 32 42
[16:31:36.806]     INFO:   masking Roc 5 col/row: 42 32
[16:31:36.806]     INFO:   masking Roc 5 col/row: 45 49
[16:31:36.806]     INFO:       reading data/yhc691015sn2p20//trimParameters35_C5.dat
[16:31:36.813]     INFO:   masking Roc 6 col/row: 11 43
[16:31:36.813]     INFO:       reading data/yhc691015sn2p20//trimParameters35_C6.dat
[16:31:36.820]     INFO:   masking Roc 7 col/row: 45 46
[16:31:36.820]     INFO:       reading data/yhc691015sn2p20//trimParameters35_C7.dat
[16:31:36.826]     INFO:   masking Roc 8 col/row: 30 26
[16:31:36.826]     INFO:   masking Roc 8 col/row: 48 47
[16:31:36.826]     INFO:   masking Roc 8 col/row: 49 44
[16:31:36.826]     INFO:       reading data/yhc691015sn2p20//trimParameters35_C8.dat
[16:31:36.833]     INFO:   masking Roc 9 col/row: 26 17
[16:31:36.833]     INFO:       reading data/yhc691015sn2p20//trimParameters35_C9.dat
[16:31:36.840]     INFO:   masking Roc 10 col/row: 50 59
[16:31:36.840]     INFO:       reading data/yhc691015sn2p20//trimParameters35_C10.dat
[16:31:36.846]     INFO:   masking Roc 11 col/row: 8 68
[16:31:36.846]     INFO:       reading data/yhc691015sn2p20//trimParameters35_C11.dat
[16:31:36.853]     INFO:   masking Roc 12 col/row: 7 51
[16:31:36.853]     INFO:   masking Roc 12 col/row: 44 48
[16:31:36.853]     INFO:       reading data/yhc691015sn2p20//trimParameters35_C12.dat
[16:31:36.859]     INFO:       reading data/yhc691015sn2p20//trimParameters35_C13.dat
[16:31:36.866]     INFO:   masking Roc 14 col/row: 35 42
[16:31:36.866]     INFO:   masking Roc 14 col/row: 43 65
[16:31:36.866]     INFO:       reading data/yhc691015sn2p20//trimParameters35_C14.dat
[16:31:36.873]     INFO:   masking Roc 15 col/row: 38 52
[16:31:36.873]     INFO:       reading data/yhc691015sn2p20//trimParameters35_C15.dat
[16:31:36.879]     INFO:       reading data/yhc691015sn2p20//tbParameters.dat
[16:31:36.880]     INFO:         clk: 4
[16:31:36.880]     INFO:         ctr: 4
[16:31:36.880]     INFO:         sda: 19
[16:31:36.880]     INFO:         tin: 9
[16:31:36.880]     INFO:         level: 15
[16:31:36.880]     INFO:         triggerdelay: 0
[16:31:36.880]    QUIET: Instanciating API for pxar v1.9.0
[16:31:36.880]     INFO: Log level: DEBUG
[16:31:36.893]    QUIET: Connection to board DTB_WRPRHI opened.
[16:31:36.896]     INFO: DTB startup information
--- DTB info------------------------------------------
Board id:    58
HW version:  DTB1.2
FW version:  3.2
SW version:  3.6
USB id:      DTB_WRPRHI
MAC address: 40D85511803A
Hostname:    pixelDTB058
Comment:     
------------------------------------------------------
[16:31:36.900]     INFO: RPC call hashes of host and DTB match: 413001178
[16:31:38.512]     INFO: DUT info: 
[16:31:38.512]     INFO: The DUT currently contains the following objects:
[16:31:38.512]     INFO:  2 TBM Cores (2 ON)
[16:31:38.512]     INFO: 	TBM Core alpha (0): 7 registers set
[16:31:38.512]     INFO: 	TBM Core beta  (1): 7 registers set
[16:31:38.512]     INFO: 16 ROCs (16 ON) with 4160 pixelConfigs
[16:31:38.512]     INFO: 	ROC 0: 21 DACs set, Pixels: 0 masked, 4160 active.
[16:31:38.512]     INFO: 	ROC 1: 21 DACs set, Pixels: 0 masked, 4160 active.
[16:31:38.512]     INFO: 	ROC 2: 21 DACs set, Pixels: 0 masked, 4160 active.
[16:31:38.512]     INFO: 	ROC 3: 21 DACs set, Pixels: 0 masked, 4160 active.
[16:31:38.512]     INFO: 	ROC 4: 21 DACs set, Pixels: 1 masked, 4160 active.
[16:31:38.512]     INFO: 	ROC 5: 21 DACs set, Pixels: 3 masked, 4160 active.
[16:31:38.512]     INFO: 	ROC 6: 21 DACs set, Pixels: 1 masked, 4160 active.
[16:31:38.512]     INFO: 	ROC 7: 21 DACs set, Pixels: 1 masked, 4160 active.
[16:31:38.512]     INFO: 	ROC 8: 21 DACs set, Pixels: 3 masked, 4160 active.
[16:31:38.512]     INFO: 	ROC 9: 21 DACs set, Pixels: 1 masked, 4160 active.
[16:31:38.512]     INFO: 	ROC 10: 21 DACs set, Pixels: 1 masked, 4160 active.
[16:31:38.512]     INFO: 	ROC 11: 21 DACs set, Pixels: 1 masked, 4160 active.
[16:31:38.512]     INFO: 	ROC 12: 21 DACs set, Pixels: 2 masked, 4160 active.
[16:31:38.512]     INFO: 	ROC 13: 21 DACs set, Pixels: 0 masked, 4160 active.
[16:31:38.512]     INFO: 	ROC 14: 21 DACs set, Pixels: 2 masked, 4160 active.
[16:31:38.512]     INFO: 	ROC 15: 21 DACs set, Pixels: 1 masked, 4160 active.
[16:31:38.512]    DEBUG: <PixTestParameters.cc/dump:L104> PixTestParameters: ->BB<-
[16:31:38.512]    DEBUG: <PixTestParameters.cc/dump:L107>   dumpall: checkbox(0)
[16:31:38.512]    DEBUG: <PixTestParameters.cc/dump:L107>   dumpproblematic: checkbox(0)
[16:31:38.512]    DEBUG: <PixTestParameters.cc/dump:L107>   ntrig: 5
[16:31:38.512]    DEBUG: <PixTestParameters.cc/dump:L107>   vcals: 250
[16:31:38.513]    DEBUG: <PixTestParameters.cc/dump:L104> PixTestParameters: ->BB2<-
[16:31:38.513]    DEBUG: <PixTestParameters.cc/dump:L107>   ntrig: 10
[16:31:38.513]    DEBUG: <PixTestParameters.cc/dump:L107>   vcals: 222
[16:31:38.513]    DEBUG: <PixTestParameters.cc/dump:L107>   plwidth: 35
[16:31:38.513]    DEBUG: <PixTestParameters.cc/dump:L107>   pix: 11,20
[16:31:38.513]    DEBUG: <PixTestParameters.cc/dump:L107>   targetia: 24
[16:31:38.513]    DEBUG: <PixTestParameters.cc/dump:L104> PixTestParameters: ->DAQ<-
[16:31:38.513]    DEBUG: <PixTestParameters.cc/dump:L107>   delaytbm: checkbox
[16:31:38.513]    DEBUG: <PixTestParameters.cc/dump:L107>   filltree: checkbox
[16:31:38.513]    DEBUG: <PixTestParameters.cc/dump:L107>   trgfrequency(khz): 100
[16:31:38.513]    DEBUG: <PixTestParameters.cc/dump:L107>   maskhotpixels: button
[16:31:38.513]    DEBUG: <PixTestParameters.cc/dump:L107>   trgnumber: 5
[16:31:38.513]    DEBUG: <PixTestParameters.cc/dump:L107>   iterations: 10
[16:31:38.513]    DEBUG: <PixTestParameters.cc/dump:L107>   rundaqtrg: button
[16:31:38.513]    DEBUG: <PixTestParameters.cc/dump:L107>   daqseconds: 600
[16:31:38.513]    DEBUG: <PixTestParameters.cc/dump:L107>   rundaqseconds: button
[16:31:38.513]    DEBUG: <PixTestParameters.cc/dump:L104> PixTestParameters: ->DacDacScan<-
[16:31:38.513]    DEBUG: <PixTestParameters.cc/dump:L107>   phmap: checkbox
[16:31:38.513]    DEBUG: <PixTestParameters.cc/dump:L107>   ntrig: 10
[16:31:38.513]    DEBUG: <PixTestParameters.cc/dump:L107>   dac1: caldel
[16:31:38.513]    DEBUG: <PixTestParameters.cc/dump:L107>   dac1lo: 0
[16:31:38.513]    DEBUG: <PixTestParameters.cc/dump:L107>   dac1hi: 255
[16:31:38.513]    DEBUG: <PixTestParameters.cc/dump:L107>   dac2: vthrcomp
[16:31:38.513]    DEBUG: <PixTestParameters.cc/dump:L107>   dac2lo: 0
[16:31:38.513]    DEBUG: <PixTestParameters.cc/dump:L107>   dac2hi: 255
[16:31:38.513]    DEBUG: <PixTestParameters.cc/dump:L107>   pix: 11,20
[16:31:38.513]    DEBUG: <PixTestParameters.cc/dump:L104> PixTestParameters: ->DacScan<-
[16:31:38.513]    DEBUG: <PixTestParameters.cc/dump:L107>   phmap: checkbox(1)
[16:31:38.513]    DEBUG: <PixTestParameters.cc/dump:L107>   allpixels: checkbox(0)
[16:31:38.513]    DEBUG: <PixTestParameters.cc/dump:L107>   unmasked: checkbox(0)
[16:31:38.513]    DEBUG: <PixTestParameters.cc/dump:L107>   ntrig: 10
[16:31:38.513]    DEBUG: <PixTestParameters.cc/dump:L107>   dac: vcal
[16:31:38.513]    DEBUG: <PixTestParameters.cc/dump:L107>   daclo: 0
[16:31:38.513]    DEBUG: <PixTestParameters.cc/dump:L107>   dachi: 255
[16:31:38.513]    DEBUG: <PixTestParameters.cc/dump:L107>   pix: 11,20
[16:31:38.513]    DEBUG: <PixTestParameters.cc/dump:L104> PixTestParameters: ->GainPedestal<-
[16:31:38.513]    DEBUG: <PixTestParameters.cc/dump:L107>   showfits: checkbox(0)
[16:31:38.513]    DEBUG: <PixTestParameters.cc/dump:L107>   extended: checkbox(0)
[16:31:38.513]    DEBUG: <PixTestParameters.cc/dump:L107>   dumphists: checkbox(0)
[16:31:38.513]    DEBUG: <PixTestParameters.cc/dump:L107>   ntrig: 10
[16:31:38.513]    DEBUG: <PixTestParameters.cc/dump:L107>   measure: button
[16:31:38.513]    DEBUG: <PixTestParameters.cc/dump:L107>   fit: button
[16:31:38.513]    DEBUG: <PixTestParameters.cc/dump:L107>   save: button
[16:31:38.513]    DEBUG: <PixTestParameters.cc/dump:L104> PixTestParameters: ->HighRate<-
[16:31:38.513]    DEBUG: <PixTestParameters.cc/dump:L107>   pix: 11,20
[16:31:38.513]    DEBUG: <PixTestParameters.cc/dump:L107>   maskhotpixels: button
[16:31:38.513]    DEBUG: <PixTestParameters.cc/dump:L107>   savemaskfile: checkbox(0)
[16:31:38.513]    DEBUG: <PixTestParameters.cc/dump:L107>   maskfilename: default
[16:31:38.513]    DEBUG: <PixTestParameters.cc/dump:L107>   caldelscan: button
[16:31:38.513]    DEBUG: <PixTestParameters.cc/dump:L107>   xpixelalive: button
[16:31:38.513]    DEBUG: <PixTestParameters.cc/dump:L107>   ntrig: 50
[16:31:38.513]    DEBUG: <PixTestParameters.cc/dump:L107>   vcal: 200
[16:31:38.513]    DEBUG: <PixTestParameters.cc/dump:L107>   xnoisemaps: button
[16:31:38.513]    DEBUG: <PixTestParameters.cc/dump:L107>   daclo: 0
[16:31:38.513]    DEBUG: <PixTestParameters.cc/dump:L107>   dachi: 100
[16:31:38.513]    DEBUG: <PixTestParameters.cc/dump:L107>   dacs/step: 20
[16:31:38.513]    DEBUG: <PixTestParameters.cc/dump:L107>   rundaq: button
[16:31:38.513]    DEBUG: <PixTestParameters.cc/dump:L107>   trgfrequency(khz): 20
[16:31:38.513]    DEBUG: <PixTestParameters.cc/dump:L107>   runseconds: 5
[16:31:38.513]    DEBUG: <PixTestParameters.cc/dump:L107>   triggerdelay: 80
[16:31:38.513]    DEBUG: <PixTestParameters.cc/dump:L107>   delaytbm: checkbox
[16:31:38.513]    DEBUG: <PixTestParameters.cc/dump:L107>   filltree: checkbox
[16:31:38.513]    DEBUG: <PixTestParameters.cc/dump:L104> PixTestParameters: ->IV<-
[16:31:38.513]    DEBUG: <PixTestParameters.cc/dump:L107>   port: /dev/FIXME
[16:31:38.513]    DEBUG: <PixTestParameters.cc/dump:L107>   voltagestart: 0
[16:31:38.513]    DEBUG: <PixTestParameters.cc/dump:L107>   voltagestop: 600
[16:31:38.513]    DEBUG: <PixTestParameters.cc/dump:L107>   voltagestep: 5
[16:31:38.513]    DEBUG: <PixTestParameters.cc/dump:L107>   delay: 1
[16:31:38.514]    DEBUG: <PixTestParameters.cc/dump:L107>   compliance(ua): 100
[16:31:38.514]    DEBUG: <PixTestParameters.cc/dump:L104> PixTestParameters: ->PhOptimization<-
[16:31:38.514]    DEBUG: <PixTestParameters.cc/dump:L107>   ntrig: 10
[16:31:38.514]    DEBUG: <PixTestParameters.cc/dump:L107>   safetymarginlow: 20
[16:31:38.514]    DEBUG: <PixTestParameters.cc/dump:L107>   saturationvcal: 100
[16:31:38.514]    DEBUG: <PixTestParameters.cc/dump:L107>   quantilesaturation: 0.98
[16:31:38.514]    DEBUG: <PixTestParameters.cc/dump:L104> PixTestParameters: ->PixelAlive<-
[16:31:38.514]    DEBUG: <PixTestParameters.cc/dump:L107>   ntrig: 10
[16:31:38.514]    DEBUG: <PixTestParameters.cc/dump:L107>   vcal: 200
[16:31:38.514]    DEBUG: <PixTestParameters.cc/dump:L107>   alivetest: button
[16:31:38.514]    DEBUG: <PixTestParameters.cc/dump:L107>   masktest: button
[16:31:38.514]    DEBUG: <PixTestParameters.cc/dump:L107>   addressdecodingtest: button
[16:31:38.514]    DEBUG: <PixTestParameters.cc/dump:L104> PixTestParameters: ->Pretest<-
[16:31:38.514]    DEBUG: <PixTestParameters.cc/dump:L107>   programroc: button
[16:31:38.514]    DEBUG: <PixTestParameters.cc/dump:L107>   targetia: 24
[16:31:38.514]    DEBUG: <PixTestParameters.cc/dump:L107>   setvana: button
[16:31:38.514]    DEBUG: <PixTestParameters.cc/dump:L107>   iterations: 100
[16:31:38.514]    DEBUG: <PixTestParameters.cc/dump:L107>   settimings: button
[16:31:38.514]    DEBUG: <PixTestParameters.cc/dump:L107>   findworkingpixel: button
[16:31:38.514]    DEBUG: <PixTestParameters.cc/dump:L107>   setvthrcompcaldel: button
[16:31:38.514]    DEBUG: <PixTestParameters.cc/dump:L107>   pix: 11,20
[16:31:38.514]    DEBUG: <PixTestParameters.cc/dump:L107>   vcal: 250
[16:31:38.514]    DEBUG: <PixTestParameters.cc/dump:L107>   deltavthrcomp: 50
[16:31:38.514]    DEBUG: <PixTestParameters.cc/dump:L107>   fraccaldel: 0.5
[16:31:38.514]    DEBUG: <PixTestParameters.cc/dump:L107>   ntrig: 5
[16:31:38.514]    DEBUG: <PixTestParameters.cc/dump:L107>   savedacs: button
[16:31:38.514]    DEBUG: <PixTestParameters.cc/dump:L104> PixTestParameters: ->Readback<-
[16:31:38.514]    DEBUG: <PixTestParameters.cc/dump:L107>   calibratevd: button
[16:31:38.514]    DEBUG: <PixTestParameters.cc/dump:L107>   calibrateva: button
[16:31:38.514]    DEBUG: <PixTestParameters.cc/dump:L107>   calibrateia: button
[16:31:38.514]    DEBUG: <PixTestParameters.cc/dump:L107>   readbackvbg: button
[16:31:38.514]    DEBUG: <PixTestParameters.cc/dump:L107>   getcalibratedvbg: button
[16:31:38.514]    DEBUG: <PixTestParameters.cc/dump:L107>   usecalvd: checkbox(1)
[16:31:38.514]    DEBUG: <PixTestParameters.cc/dump:L107>   usecalva: checkbox(0)
[16:31:38.514]    DEBUG: <PixTestParameters.cc/dump:L107>   getcalibratedia: button
[16:31:38.514]    DEBUG: <PixTestParameters.cc/dump:L107>   setvana: button
[16:31:38.514]    DEBUG: <PixTestParameters.cc/dump:L104> PixTestParameters: ->Scurves<-
[16:31:38.514]    DEBUG: <PixTestParameters.cc/dump:L107>   adjustvcal: checkbox(1)
[16:31:38.514]    DEBUG: <PixTestParameters.cc/dump:L107>   dumpall: checkbox(0)
[16:31:38.514]    DEBUG: <PixTestParameters.cc/dump:L107>   dumpproblematic: checkbox(0)
[16:31:38.514]    DEBUG: <PixTestParameters.cc/dump:L107>   ntrig: 50
[16:31:38.514]    DEBUG: <PixTestParameters.cc/dump:L107>   dac: VthrComp
[16:31:38.514]    DEBUG: <PixTestParameters.cc/dump:L107>   daclo: 0
[16:31:38.514]    DEBUG: <PixTestParameters.cc/dump:L107>   dachi: 200
[16:31:38.514]    DEBUG: <PixTestParameters.cc/dump:L107>   dacs/step: 10
[16:31:38.514]    DEBUG: <PixTestParameters.cc/dump:L107>   scurves: button
[16:31:38.514]    DEBUG: <PixTestParameters.cc/dump:L104> PixTestParameters: ->Timing<-
[16:31:38.514]    DEBUG: <PixTestParameters.cc/dump:L107>   fastscan: checkbox(0)
[16:31:38.514]    DEBUG: <PixTestParameters.cc/dump:L107>   targetclk: 4
[16:31:38.514]    DEBUG: <PixTestParameters.cc/dump:L107>   ntrig: 10
[16:31:38.514]    DEBUG: <PixTestParameters.cc/dump:L107>   clocksdascan: button
[16:31:38.514]    DEBUG: <PixTestParameters.cc/dump:L107>   phasescan: button
[16:31:38.514]    DEBUG: <PixTestParameters.cc/dump:L107>   levelscan: button
[16:31:38.514]    DEBUG: <PixTestParameters.cc/dump:L107>   tbmphasescan: button
[16:31:38.514]    DEBUG: <PixTestParameters.cc/dump:L107>   rocdelayscan: button
[16:31:38.514]    DEBUG: <PixTestParameters.cc/dump:L107>   timingtest: button
[16:31:38.514]    DEBUG: <PixTestParameters.cc/dump:L107>   saveparameters: button
[16:31:38.514]    DEBUG: <PixTestParameters.cc/dump:L104> PixTestParameters: ->Trim<-
[16:31:38.514]    DEBUG: <PixTestParameters.cc/dump:L107>   trim: button
[16:31:38.514]    DEBUG: <PixTestParameters.cc/dump:L107>   ntrig: 10
[16:31:38.514]    DEBUG: <PixTestParameters.cc/dump:L107>   vcal: 35
[16:31:38.514]    DEBUG: <PixTestParameters.cc/dump:L107>   trimbits: button
[16:31:38.514]    DEBUG: <PixTestParameters.cc/dump:L104> PixTestParameters: ->Xray<-
[16:31:38.514]    DEBUG: <PixTestParameters.cc/dump:L107>   maskhotpixels: button
[16:31:38.514]    DEBUG: <PixTestParameters.cc/dump:L107>   savemaskfile: checkbox(0)
[16:31:38.514]    DEBUG: <PixTestParameters.cc/dump:L107>   maskfilename: default
[16:31:38.514]    DEBUG: <PixTestParameters.cc/dump:L107>   source: Ag
[16:31:38.514]    DEBUG: <PixTestParameters.cc/dump:L107>   phrun: button
[16:31:38.514]    DEBUG: <PixTestParameters.cc/dump:L107>   runseconds: 600
[16:31:38.514]    DEBUG: <PixTestParameters.cc/dump:L107>   trgfrequency(khz): 100
[16:31:38.514]    DEBUG: <PixTestParameters.cc/dump:L107>   ratescan: button
[16:31:38.514]    DEBUG: <PixTestParameters.cc/dump:L107>   vthrcompmin: 10
[16:31:38.514]    DEBUG: <PixTestParameters.cc/dump:L107>   vthrcompmax: 80
[16:31:38.514]    DEBUG: <PixTestParameters.cc/dump:L107>   stepseconds: 5
[16:31:38.514]    DEBUG: <PixTestParameters.cc/dump:L107>   delaytbm: checkbox
[16:31:38.514]    DEBUG: <PixTestParameters.cc/dump:L107>   filltree: checkbox
[16:31:38.515]    DEBUG: <PixSetup.cc/init:L81> PixSetup init start; getCurrentRSS() = 34811904
[16:31:38.515]    DEBUG: <PixSetup.cc/init:L87> fPixTestParameters = 0x20dca00
[16:31:38.515]    DEBUG: <PixSetup.cc/init:L88>  fConfigParameters = 0x201f890
[16:31:38.515]    DEBUG: <PixSetup.cc/init:L89>        fPxarMemory = 0x7f186dd94010
[16:31:38.515]    DEBUG: <PixSetup.cc/init:L90>         fPxarMemHi = 0x7f1873fff510
[16:31:38.515]    DEBUG: <PixSetup.cc/init:L106> PixSetup init done;  getCurrentRSS() = 34820096 fPxarMemory = 0x7f186dd94010
[16:31:39.021]    DEBUG: <PixGui.cc/hvOn:L457> HV set On: 0x26b7a80
[16:31:39.092]    DEBUG: <PixTestFactory.cc/PixTestFactory:L50> PixTestFactory::PixTestFactory()
[16:31:39.092]    DEBUG: <PixTestBBMap.cc/init:L78> PixTestBBMap::init()
[16:31:39.092]    DEBUG: <PixTestBBMap.cc/PixTestBBMap:L26> PixTestBBMap ctor(PixSetup &a, string, TGTab *)
[16:31:39.098]    DEBUG: <PixTestBB2Map.cc/setParameter:L57> setting fTargetIa    = 24 mA/ROC
[16:31:39.098]    DEBUG: <PixTestBB2Map.cc/init:L96> PixTestBB2Map::init()
[16:31:39.098]    DEBUG: <PixTestBB2Map.cc/PixTestBB2Map:L28> PixTestBB2Map ctor(PixSetup &a, string, TGTab *)
[16:31:39.110]    DEBUG: <PixTestDaq.cc/init:L43> PixTestDaq::init()
[16:31:39.110]    DEBUG: <PixTestDaq.cc/PixTestDaq:L21> PixTestDaq ctor(PixSetup &a, string, TGTab *)
[16:31:39.110]     INFO:       reading data/yhc691015sn2p20//phCalibrationFitErr35_C0.dat
[16:31:39.127]     INFO:       reading data/yhc691015sn2p20//phCalibrationFitErr35_C1.dat
[16:31:39.143]     INFO:       reading data/yhc691015sn2p20//phCalibrationFitErr35_C2.dat
[16:31:39.159]     INFO:       reading data/yhc691015sn2p20//phCalibrationFitErr35_C3.dat
[16:31:39.175]     INFO:       reading data/yhc691015sn2p20//phCalibrationFitErr35_C4.dat
[16:31:39.191]     INFO:       reading data/yhc691015sn2p20//phCalibrationFitErr35_C5.dat
[16:31:39.207]     INFO:       reading data/yhc691015sn2p20//phCalibrationFitErr35_C6.dat
[16:31:39.222]     INFO:       reading data/yhc691015sn2p20//phCalibrationFitErr35_C7.dat
[16:31:39.238]     INFO:       reading data/yhc691015sn2p20//phCalibrationFitErr35_C8.dat
[16:31:39.254]     INFO:       reading data/yhc691015sn2p20//phCalibrationFitErr35_C9.dat
[16:31:39.270]     INFO:       reading data/yhc691015sn2p20//phCalibrationFitErr35_C10.dat
[16:31:39.285]     INFO:       reading data/yhc691015sn2p20//phCalibrationFitErr35_C11.dat
[16:31:39.301]     INFO:       reading data/yhc691015sn2p20//phCalibrationFitErr35_C12.dat
[16:31:39.316]     INFO:       reading data/yhc691015sn2p20//phCalibrationFitErr35_C13.dat
[16:31:39.332]     INFO:       reading data/yhc691015sn2p20//phCalibrationFitErr35_C14.dat
[16:31:39.348]     INFO:       reading data/yhc691015sn2p20//phCalibrationFitErr35_C15.dat
[16:31:39.372]    DEBUG: <PixTestDacDacScan.cc/init:L102> PixTestDacDacScan::init()
[16:31:39.372]    DEBUG: <PixTestDacDacScan.cc/PixTestDacDacScan:L21> PixTestDacDacScan ctor(PixSetup &a, string, TGTab *)
[16:31:39.397]    DEBUG: <PixTestHighRate.cc/setParameter:L66>   setting fParTriggerFrequency -> 20
[16:31:39.397]    DEBUG: <PixTestHighRate.cc/init:L156> PixTestHighRate::init()
[16:31:39.397]    DEBUG: <PixTestHighRate.cc/PixTestHighRate:L29> PixTestHighRate ctor(PixSetup &a, string, TGTab *)
[16:31:39.421]    DEBUG: <PixTest.cc/setTestParameter:L577>  setting  ntrig to new value 10
[16:31:39.421]    DEBUG: <PixTestPhOptimization.cc/setParameter:L36>   setting fParNtrig  ->10<- from sval = 10
[16:31:39.421]    DEBUG: <PixTestPhOptimization.cc/setParameter:L41>   setting fSafetyMarginLow  ->20<- from sval = 20
[16:31:39.421]    DEBUG: <PixTestPhOptimization.cc/setParameter:L47>   setting fVcalMax  ->100<- from sval = 100
[16:31:39.421]    DEBUG: <PixTestPhOptimization.cc/setParameter:L52>   setting fQuantMax  ->0.98<- from sval = 0.98
[16:31:39.428]    DEBUG: <PixTestAlive.cc/init:L76> PixTestAlive::init()
[16:31:39.428]    DEBUG: <PixTestAlive.cc/PixTestAlive:L20> PixTestAlive ctor(PixSetup &a, string, TGTab *)
[16:31:39.448]    DEBUG: <PixTestReadback.cc/setParameter:L184> fCalwVd set to 1
[16:31:39.448]    DEBUG: <PixTestReadback.cc/init:L96> PixTestReadback::init()
[16:31:39.448]    DEBUG: <PixTestReadback.cc/PixTestReadback:L22> PixTestReadback ctor(PixSetup &a, string, TGTab *)
[16:31:39.448]     INFO:       reading data/yhc691015sn2p20//readbackCal_C0.dat
[16:31:39.448]     INFO:       reading data/yhc691015sn2p20//readbackCal_C1.dat
[16:31:39.448]     INFO:       reading data/yhc691015sn2p20//readbackCal_C2.dat
[16:31:39.448]     INFO:       reading data/yhc691015sn2p20//readbackCal_C3.dat
[16:31:39.448]     INFO:       reading data/yhc691015sn2p20//readbackCal_C4.dat
[16:31:39.448]     INFO:       reading data/yhc691015sn2p20//readbackCal_C5.dat
[16:31:39.448]     INFO:       reading data/yhc691015sn2p20//readbackCal_C6.dat
[16:31:39.448]     INFO:       reading data/yhc691015sn2p20//readbackCal_C7.dat
[16:31:39.448]     INFO:       reading data/yhc691015sn2p20//readbackCal_C8.dat
[16:31:39.448]     INFO:       reading data/yhc691015sn2p20//readbackCal_C9.dat
[16:31:39.448]     INFO:       reading data/yhc691015sn2p20//readbackCal_C10.dat
[16:31:39.449]     INFO:       reading data/yhc691015sn2p20//readbackCal_C11.dat
[16:31:39.449]     INFO:       reading data/yhc691015sn2p20//readbackCal_C12.dat
[16:31:39.449]     INFO:       reading data/yhc691015sn2p20//readbackCal_C13.dat
[16:31:39.449]     INFO:       reading data/yhc691015sn2p20//readbackCal_C14.dat
[16:31:39.449]     INFO:       reading data/yhc691015sn2p20//readbackCal_C15.dat
[16:31:39.465]    DEBUG: <PixTestTiming.cc/setParameter:L45> fFastScan: 0
[16:31:39.465]    DEBUG: <PixTestTiming.cc/setParameter:L50> PixTestTiming::PixTest() targetclk = 4
[16:31:39.465]    DEBUG: <PixTestTiming.cc/setParameter:L54> PixTestTiming::PixTest() ntrig = 10
[16:31:39.465]    DEBUG: <PixTestTiming.cc/init:L64> PixTestTiming::init()
[16:31:39.484]    DEBUG: <PixTestXray.cc/init:L132> PixTestXray::init()
[16:31:39.484]    DEBUG: <PixTestXray.cc/PixTestXray:L26> PixTestXray ctor(PixSetup &a, string, TGTab *)
[16:31:50.598]     INFO: ######################################################################
[16:31:50.598]     INFO: PixTestHighRate::doTest()
[16:31:50.598]     INFO: ######################################################################
[16:31:50.598]     INFO:    ----------------------------------------------------------------------
[16:31:50.598]     INFO:    PixTestHighRate::calDelScan() ntrig = 10, vcal = 200
[16:31:50.598]     INFO:    ----------------------------------------------------------------------
[16:31:51.679]     INFO: Test took 1077ms.
[16:31:51.683]     INFO:       reading data/yhc691015sn2p20//defaultMaskFile.dat
[16:31:51.683]     INFO: ROC 4 masking pixel 43/74
[16:31:51.683]     INFO: ROC 5 masking pixel 32/42
[16:31:51.683]     INFO: ROC 5 masking pixel 42/32
[16:31:51.683]     INFO: ROC 5 masking pixel 45/49
[16:31:51.683]     INFO: ROC 6 masking pixel 11/43
[16:31:51.683]     INFO: ROC 7 masking pixel 45/46
[16:31:51.683]     INFO: ROC 8 masking pixel 30/26
[16:31:51.683]     INFO: ROC 8 masking pixel 48/47
[16:31:51.683]     INFO: ROC 8 masking pixel 49/44
[16:31:51.683]     INFO: ROC 9 masking pixel 26/17
[16:31:51.683]     INFO: ROC 10 masking pixel 50/59
[16:31:51.683]     INFO: ROC 11 masking pixel 8/68
[16:31:51.683]     INFO: ROC 12 masking pixel 7/51
[16:31:51.683]     INFO: ROC 12 masking pixel 44/48
[16:31:51.683]     INFO: ROC 14 masking pixel 35/42
[16:31:51.683]     INFO: ROC 14 masking pixel 43/65
[16:31:51.683]     INFO: ROC 15 masking pixel 38/52
[16:31:51.683]  WARNING: Pattern generator does not contain a trigger signal. No data is expected from the DUT!
[16:31:55.847]     INFO: IGNORE THE WARNING ABOVE (resetROC sent)!
[16:31:56.051]    DEBUG: <PixTest.cc/xEfficiencyMaps:L1875>       attempt #0
[16:31:59.073]     INFO: Test took 3022ms.
[16:31:59.180]     INFO: Fetched DAQ statistics. Counters are being reset now.
[16:31:59.204]    DEBUG: <PixTest.cc/xEfficiencyMaps:L1936> Size of results from : PixTestHighRate::xEfficiencyMaps: 329823
[16:31:59.210]    DEBUG: <PixTest.cc/xEfficiencyMaps:L1875>       attempt #0
[16:32:02.338]     INFO: Test took 3128ms.
[16:32:02.454]     INFO: Fetched DAQ statistics. Counters are being reset now.
[16:32:02.478]    DEBUG: <PixTest.cc/xEfficiencyMaps:L1936> Size of results from : PixTestHighRate::xEfficiencyMaps: 334907
[16:32:02.483]    DEBUG: <PixTest.cc/xEfficiencyMaps:L1875>       attempt #0
[16:32:05.660]     INFO: Test took 3177ms.
[16:32:05.775]     INFO: Fetched DAQ statistics. Counters are being reset now.
[16:32:05.799]    DEBUG: <PixTest.cc/xEfficiencyMaps:L1936> Size of results from : PixTestHighRate::xEfficiencyMaps: 337293
[16:32:05.808]    DEBUG: <PixTest.cc/xEfficiencyMaps:L1875>       attempt #0
[16:32:08.989]     INFO: Test took 3181ms.
[16:32:09.105]     INFO: Fetched DAQ statistics. Counters are being reset now.
[16:32:09.129]    DEBUG: <PixTest.cc/xEfficiencyMaps:L1936> Size of results from : PixTestHighRate::xEfficiencyMaps: 339025
[16:32:09.135]    DEBUG: <PixTest.cc/xEfficiencyMaps:L1875>       attempt #0
[16:32:12.329]     INFO: Test took 3194ms.
[16:32:12.445]     INFO: Fetched DAQ statistics. Counters are being reset now.
[16:32:12.469]    DEBUG: <PixTest.cc/xEfficiencyMaps:L1936> Size of results from : PixTestHighRate::xEfficiencyMaps: 338704
[16:32:12.475]    DEBUG: <PixTest.cc/xEfficiencyMaps:L1875>       attempt #0
[16:32:15.673]     INFO: Test took 3198ms.
[16:32:15.791]     INFO: Fetched DAQ statistics. Counters are being reset now.
[16:32:15.815]    DEBUG: <PixTest.cc/xEfficiencyMaps:L1936> Size of results from : PixTestHighRate::xEfficiencyMaps: 337555
[16:32:15.820]    DEBUG: <PixTest.cc/xEfficiencyMaps:L1875>       attempt #0
[16:32:19.017]     INFO: Test took 3196ms.
[16:32:19.133]     INFO: Fetched DAQ statistics. Counters are being reset now.
[16:32:19.157]    DEBUG: <PixTest.cc/xEfficiencyMaps:L1936> Size of results from : PixTestHighRate::xEfficiencyMaps: 337798
[16:32:19.163]    DEBUG: <PixTest.cc/xEfficiencyMaps:L1875>       attempt #0
[16:32:22.352]     INFO: Test took 3189ms.
[16:32:22.467]     INFO: Fetched DAQ statistics. Counters are being reset now.
[16:32:22.491]    DEBUG: <PixTest.cc/xEfficiencyMaps:L1936> Size of results from : PixTestHighRate::xEfficiencyMaps: 337003
[16:32:22.497]    DEBUG: <PixTest.cc/xEfficiencyMaps:L1875>       attempt #0
[16:32:25.714]     INFO: Test took 3217ms.
[16:32:25.830]     INFO: Fetched DAQ statistics. Counters are being reset now.
[16:32:25.854]    DEBUG: <PixTest.cc/xEfficiencyMaps:L1936> Size of results from : PixTestHighRate::xEfficiencyMaps: 338101
[16:32:25.861]    DEBUG: <PixTest.cc/xEfficiencyMaps:L1875>       attempt #0
[16:32:29.056]     INFO: Test took 3195ms.
[16:32:29.173]     INFO: Fetched DAQ statistics. Counters are being reset now.
[16:32:29.197]    DEBUG: <PixTest.cc/xEfficiencyMaps:L1936> Size of results from : PixTestHighRate::xEfficiencyMaps: 337911
[16:32:29.203]    DEBUG: <PixTest.cc/xEfficiencyMaps:L1875>       attempt #0
[16:32:32.409]     INFO: Test took 3206ms.
[16:32:32.525]     INFO: Fetched DAQ statistics. Counters are being reset now.
[16:32:32.549]    DEBUG: <PixTest.cc/xEfficiencyMaps:L1936> Size of results from : PixTestHighRate::xEfficiencyMaps: 337295
[16:32:32.555]    DEBUG: <PixTest.cc/xEfficiencyMaps:L1875>       attempt #0
[16:32:35.761]     INFO: Test took 3205ms.
[16:32:35.877]     INFO: Fetched DAQ statistics. Counters are being reset now.
[16:32:35.901]    DEBUG: <PixTest.cc/xEfficiencyMaps:L1936> Size of results from : PixTestHighRate::xEfficiencyMaps: 338109
[16:32:35.908]    DEBUG: <PixTest.cc/xEfficiencyMaps:L1875>       attempt #0
[16:32:39.124]     INFO: Test took 3216ms.
[16:32:39.240]     INFO: Fetched DAQ statistics. Counters are being reset now.
[16:32:39.264]    DEBUG: <PixTest.cc/xEfficiencyMaps:L1936> Size of results from : PixTestHighRate::xEfficiencyMaps: 339292
[16:32:39.270]    DEBUG: <PixTest.cc/xEfficiencyMaps:L1875>       attempt #0
[16:32:42.482]     INFO: Test took 3212ms.
[16:32:42.599]     INFO: Fetched DAQ statistics. Counters are being reset now.
[16:32:42.623]    DEBUG: <PixTest.cc/xEfficiencyMaps:L1936> Size of results from : PixTestHighRate::xEfficiencyMaps: 337352
[16:32:42.629]    DEBUG: <PixTest.cc/xEfficiencyMaps:L1875>       attempt #0
[16:32:45.840]     INFO: Test took 3211ms.
[16:32:45.955]     INFO: Fetched DAQ statistics. Counters are being reset now.
[16:32:45.979]    DEBUG: <PixTest.cc/xEfficiencyMaps:L1936> Size of results from : PixTestHighRate::xEfficiencyMaps: 337739
[16:32:45.986]    DEBUG: <PixTest.cc/xEfficiencyMaps:L1875>       attempt #0
[16:32:49.198]     INFO: Test took 3212ms.
[16:32:49.314]     INFO: Fetched DAQ statistics. Counters are being reset now.
[16:32:49.338]    DEBUG: <PixTest.cc/xEfficiencyMaps:L1936> Size of results from : PixTestHighRate::xEfficiencyMaps: 337152
[16:32:49.344]    DEBUG: <PixTest.cc/xEfficiencyMaps:L1875>       attempt #0
[16:32:52.568]     INFO: Test took 3224ms.
[16:32:52.683]     INFO: Fetched DAQ statistics. Counters are being reset now.
[16:32:52.707]    DEBUG: <PixTest.cc/xEfficiencyMaps:L1936> Size of results from : PixTestHighRate::xEfficiencyMaps: 336992
[16:32:52.714]    DEBUG: <PixTest.cc/xEfficiencyMaps:L1875>       attempt #0
[16:32:55.911]     INFO: Test took 3197ms.
[16:32:56.027]     INFO: Fetched DAQ statistics. Counters are being reset now.
[16:32:56.051]    DEBUG: <PixTest.cc/xEfficiencyMaps:L1936> Size of results from : PixTestHighRate::xEfficiencyMaps: 337141
[16:32:56.057]    DEBUG: <PixTest.cc/xEfficiencyMaps:L1875>       attempt #0
[16:32:59.253]     INFO: Test took 3196ms.
[16:32:59.369]     INFO: Fetched DAQ statistics. Counters are being reset now.
[16:32:59.393]    DEBUG: <PixTest.cc/xEfficiencyMaps:L1936> Size of results from : PixTestHighRate::xEfficiencyMaps: 337069
[16:32:59.400]    DEBUG: <PixTest.cc/xEfficiencyMaps:L1875>       attempt #0
[16:33:02.468]     INFO: Test took 3068ms.
[16:33:02.578]     INFO: Fetched DAQ statistics. Counters are being reset now.
[16:33:02.602]    DEBUG: <PixTest.cc/xEfficiencyMaps:L1936> Size of results from : PixTestHighRate::xEfficiencyMaps: 333520
[16:33:02.828]    DEBUG: <PixTestHighRate.cc/doCalDelScan:L378> roc  0: caldel = 124 eff = 1
[16:33:02.829]    DEBUG: <PixTestHighRate.cc/doCalDelScan:L378> roc  1: caldel = 161 eff = 0.99976
[16:33:02.829]    DEBUG: <PixTestHighRate.cc/doCalDelScan:L378> roc  2: caldel = 147 eff = 0.999543
[16:33:02.829]    DEBUG: <PixTestHighRate.cc/doCalDelScan:L378> roc  3: caldel = 159 eff = 0.99899
[16:33:02.829]    DEBUG: <PixTestHighRate.cc/doCalDelScan:L378> roc  4: caldel = 149 eff = 0.99887
[16:33:02.829]    DEBUG: <PixTestHighRate.cc/doCalDelScan:L378> roc  5: caldel = 144 eff = 0.997476
[16:33:02.829]    DEBUG: <PixTestHighRate.cc/doCalDelScan:L378> roc  6: caldel = 152 eff = 0.998606
[16:33:02.829]    DEBUG: <PixTestHighRate.cc/doCalDelScan:L378> roc  7: caldel = 129 eff = 0.999038
[16:33:02.829]    DEBUG: <PixTestHighRate.cc/doCalDelScan:L378> roc  8: caldel = 173 eff = 0.998053
[16:33:02.830]    DEBUG: <PixTestHighRate.cc/doCalDelScan:L378> roc  9: caldel = 135 eff = 0.999087
[16:33:02.830]    DEBUG: <PixTestHighRate.cc/doCalDelScan:L378> roc 10: caldel = 154 eff = 0.998245
[16:33:02.830]    DEBUG: <PixTestHighRate.cc/doCalDelScan:L378> roc 11: caldel = 164 eff = 0.998654
[16:33:02.830]    DEBUG: <PixTestHighRate.cc/doCalDelScan:L378> roc 12: caldel = 144 eff = 0.998221
[16:33:02.830]    DEBUG: <PixTestHighRate.cc/doCalDelScan:L378> roc 13: caldel = 162 eff = 0.999591
[16:33:02.830]    DEBUG: <PixTestHighRate.cc/doCalDelScan:L378> roc 14: caldel = 153 eff = 0.999038
[16:33:02.830]    DEBUG: <PixTestHighRate.cc/doCalDelScan:L378> roc 15: caldel = 113 eff = 0.999519
[16:33:02.869]     INFO:    ----------------------------------------------------------------------
[16:33:02.869]     INFO:    PixTestHighRate::xPixelAlive() ntrig = 50, vcal = 200
[16:33:02.869]     INFO:    ----------------------------------------------------------------------
[16:33:02.869]    DEBUG: <PixTestHighRate.cc/doXPixelAlive:L406>  old set: clk: 4
[16:33:02.869]    DEBUG: <PixTestHighRate.cc/doXPixelAlive:L406>  old set: ctr: 4
[16:33:02.870]    DEBUG: <PixTestHighRate.cc/doXPixelAlive:L406>  old set: sda: 19
[16:33:02.870]    DEBUG: <PixTestHighRate.cc/doXPixelAlive:L406>  old set: tin: 9
[16:33:02.870]    DEBUG: <PixTestHighRate.cc/doXPixelAlive:L406>  old set: level: 15
[16:33:02.870]    DEBUG: <PixTestHighRate.cc/doXPixelAlive:L406>  old set: triggerdelay: 0
[16:33:02.870]    DEBUG: <PixTestHighRate.cc/doXPixelAlive:L422>  setting: clk: 4
[16:33:02.870]    DEBUG: <PixTestHighRate.cc/doXPixelAlive:L422>  setting: ctr: 4
[16:33:02.870]    DEBUG: <PixTestHighRate.cc/doXPixelAlive:L422>  setting: sda: 19
[16:33:02.870]    DEBUG: <PixTestHighRate.cc/doXPixelAlive:L422>  setting: tin: 9
[16:33:02.870]    DEBUG: <PixTestHighRate.cc/doXPixelAlive:L422>  setting: level: 15
[16:33:02.870]    DEBUG: <PixTestHighRate.cc/doXPixelAlive:L422>  setting: triggerdelay: 80
[16:33:02.902]     INFO:       reading data/yhc691015sn2p20//defaultMaskFile.dat
[16:33:02.902]     INFO: ROC 4 masking pixel 43/74
[16:33:02.902]     INFO: ROC 5 masking pixel 32/42
[16:33:02.902]     INFO: ROC 5 masking pixel 42/32
[16:33:02.902]     INFO: ROC 5 masking pixel 45/49
[16:33:02.902]     INFO: ROC 6 masking pixel 11/43
[16:33:02.902]     INFO: ROC 7 masking pixel 45/46
[16:33:02.902]     INFO: ROC 8 masking pixel 30/26
[16:33:02.902]     INFO: ROC 8 masking pixel 48/47
[16:33:02.902]     INFO: ROC 8 masking pixel 49/44
[16:33:02.902]     INFO: ROC 9 masking pixel 26/17
[16:33:02.902]     INFO: ROC 10 masking pixel 50/59
[16:33:02.902]     INFO: ROC 11 masking pixel 8/68
[16:33:02.902]     INFO: ROC 12 masking pixel 7/51
[16:33:02.902]     INFO: ROC 12 masking pixel 44/48
[16:33:02.902]     INFO: ROC 14 masking pixel 35/42
[16:33:02.902]     INFO: ROC 14 masking pixel 43/65
[16:33:02.902]     INFO: ROC 15 masking pixel 38/52
[16:33:02.902]  WARNING: Pattern generator does not contain a trigger signal. No data is expected from the DUT!
[16:33:06.876]     INFO: IGNORE THE WARNING ABOVE (resetROC sent)!
[16:33:07.071]    DEBUG: <PixTest.cc/xEfficiencyMaps:L1875>       attempt #0
[16:33:20.696]     INFO: Test took 13625ms.
[16:33:21.332]     INFO: Fetched DAQ statistics. Counters are being reset now.
[16:33:21.429]    DEBUG: <PixTest.cc/xEfficiencyMaps:L1936> Size of results from : PixTestHighRate::xEfficiencyMaps: 1418849
[16:33:21.653]     INFO: number of dead pixels (per ROC):     0    1    1    2    3    8    3    5    6    1    4    3    5    0    4    2
[16:33:21.653]     INFO: number of red-efficiency pixels:     1    7   76  157  151  138  184  162  195  147  183  143  225   86   13    4
[16:33:21.653]     INFO: number of X-ray hits detected:     791 3549 70171 107107 115105 119682 120836 112429 127057 127991 126221 115798 118088 76086 10495  931
[16:33:21.653]     INFO: number of triggers sent (total per ROC):  208000 208000 208000 208000 208000 208000 208000 208000 208000 208000 208000 208000 208000 208000 208000 208000
[16:33:21.653]     INFO: number of Vcal hits detected:  207999 207944 207875 207742 207701 207466 207667 207556 207505 207799 207614 207707 207228 207913 207791 207898
[16:33:21.653]     INFO: Vcal hit fiducial efficiency (%):  100.0 100.0 100.0 99.9 99.9 99.9 99.9 99.9 99.9 99.9 99.9 99.9 99.7 100.0 100.0 100.0
[16:33:21.653]     INFO: Vcal hit overall efficiency (%):  100.0 100.0 99.9 99.9 99.9 99.7 99.8 99.8 99.8 99.9 99.8 99.9 99.6 100.0 99.9 100.0
[16:33:21.653]     INFO: X-ray hit rate [MHz/cm2]:  0.2 1.0 20.6 31.4 33.7 35.1 35.4 33.0 37.2 37.5 37.0 33.9 34.6 22.3 3.1 0.3
[16:33:21.653]     INFO: PixTestHighRate::doXPixelAlive() done
[16:33:21.696]    DEBUG: <PixTestHighRate.cc/doXPixelAlive:L541>  resetting: clk: 4
[16:33:21.696]    DEBUG: <PixTestHighRate.cc/doXPixelAlive:L541>  resetting: ctr: 4
[16:33:21.696]    DEBUG: <PixTestHighRate.cc/doXPixelAlive:L541>  resetting: sda: 19
[16:33:21.696]    DEBUG: <PixTestHighRate.cc/doXPixelAlive:L541>  resetting: tin: 9
[16:33:21.696]    DEBUG: <PixTestHighRate.cc/doXPixelAlive:L541>  resetting: level: 15
[16:33:21.696]    DEBUG: <PixTestHighRate.cc/doXPixelAlive:L541>  resetting: triggerdelay: 0
[16:33:21.696]     INFO: PixTest::       pg_setup set to default.
[16:33:21.696]     INFO:    ----------------------------------------------------------------------
[16:33:21.696]     INFO:    PixTestHighRate::runDaq() running for 5 seconds
[16:33:21.696]     INFO:    ----------------------------------------------------------------------
[16:33:21.712]     INFO:       reading data/yhc691015sn2p20//defaultMaskFile.dat
[16:33:21.712]     INFO: ROC 4 masking pixel 43/74
[16:33:21.712]     INFO: ROC 5 masking pixel 32/42
[16:33:21.712]     INFO: ROC 5 masking pixel 42/32
[16:33:21.712]     INFO: ROC 5 masking pixel 45/49
[16:33:21.712]     INFO: ROC 6 masking pixel 11/43
[16:33:21.712]     INFO: ROC 7 masking pixel 45/46
[16:33:21.712]     INFO: ROC 8 masking pixel 30/26
[16:33:21.712]     INFO: ROC 8 masking pixel 48/47
[16:33:21.712]     INFO: ROC 8 masking pixel 49/44
[16:33:21.712]     INFO: ROC 9 masking pixel 26/17
[16:33:21.712]     INFO: ROC 10 masking pixel 50/59
[16:33:21.712]     INFO: ROC 11 masking pixel 8/68
[16:33:21.712]     INFO: ROC 12 masking pixel 7/51
[16:33:21.712]     INFO: ROC 12 masking pixel 44/48
[16:33:21.713]     INFO: ROC 14 masking pixel 35/42
[16:33:21.713]     INFO: ROC 14 masking pixel 43/65
[16:33:21.713]     INFO: ROC 15 masking pixel 38/52
[16:33:21.713]    DEBUG: <PixTestHighRate.cc/doRunDaq:L583>  old set: clk: 4
[16:33:21.713]    DEBUG: <PixTestHighRate.cc/doRunDaq:L583>  old set: ctr: 4
[16:33:21.713]    DEBUG: <PixTestHighRate.cc/doRunDaq:L583>  old set: sda: 19
[16:33:21.713]    DEBUG: <PixTestHighRate.cc/doRunDaq:L583>  old set: tin: 9
[16:33:21.713]    DEBUG: <PixTestHighRate.cc/doRunDaq:L583>  old set: level: 15
[16:33:21.713]    DEBUG: <PixTestHighRate.cc/doRunDaq:L583>  old set: triggerdelay: 0
[16:33:21.713]    DEBUG: <PixTestHighRate.cc/doRunDaq:L599>  setting: clk: 4
[16:33:21.713]    DEBUG: <PixTestHighRate.cc/doRunDaq:L599>  setting: ctr: 4
[16:33:21.713]    DEBUG: <PixTestHighRate.cc/doRunDaq:L599>  setting: sda: 19
[16:33:21.713]    DEBUG: <PixTestHighRate.cc/doRunDaq:L599>  setting: tin: 9
[16:33:21.713]    DEBUG: <PixTestHighRate.cc/doRunDaq:L599>  setting: level: 15
[16:33:21.713]    DEBUG: <PixTestHighRate.cc/doRunDaq:L599>  setting: triggerdelay: 80
[16:33:21.713]  WARNING: Pattern generator does not contain a trigger signal. No data is expected from the DUT!
[16:33:22.744]     INFO: IGNORE THE WARNING ABOVE (resetROC sent)!
[16:33:23.921]     INFO: PixTestHighRate::doHitMap start TriggerLoop with trigger frequency 20 kHz, period 2011 and duration 5 seconds
[16:33:27.192]    DEBUG: <PixTest.cc/moduleMap:L943> moduleMap histname: what
[16:33:27.192]    DEBUG: <PixTest.cc/moduleMap:L953> h1->GetName() = highRate_xraymap_C12_V0 -> highRate_xraymap_mod
[16:33:28.924]     INFO: data taking finished, elapsed time: 5 seconds.
[16:33:31.002]    DEBUG: <PixTestHighRate.cc/fillMap:L699> Processing Data: 99458 events with 630348 pixels
[16:33:31.027]     INFO: PixTest::       pg_setup set to default.
[16:33:31.143]    DEBUG: <PixTestHighRate.cc/doRunDaq:L617> analyzing hitMap_daqbbtest_C0_V0
[16:33:31.143]    DEBUG: <PixTestHighRate.cc/doRunDaq:L617> analyzing hitMap_daqbbtest_C1_V0
[16:33:31.144]    DEBUG: <PixTestHighRate.cc/doRunDaq:L617> analyzing hitMap_daqbbtest_C2_V0
[16:33:31.144]    DEBUG: <PixTestHighRate.cc/doRunDaq:L617> analyzing hitMap_daqbbtest_C3_V0
[16:33:31.144]    DEBUG: <PixTestHighRate.cc/doRunDaq:L617> analyzing hitMap_daqbbtest_C4_V0
[16:33:31.144]    DEBUG: <PixTestHighRate.cc/doRunDaq:L617> analyzing hitMap_daqbbtest_C5_V0
[16:33:31.144]    DEBUG: <PixTestHighRate.cc/doRunDaq:L617> analyzing hitMap_daqbbtest_C6_V0
[16:33:31.144]    DEBUG: <PixTestHighRate.cc/doRunDaq:L617> analyzing hitMap_daqbbtest_C7_V0
[16:33:31.144]    DEBUG: <PixTestHighRate.cc/doRunDaq:L617> analyzing hitMap_daqbbtest_C8_V0
[16:33:31.144]    DEBUG: <PixTestHighRate.cc/doRunDaq:L617> analyzing hitMap_daqbbtest_C9_V0
[16:33:31.144]    DEBUG: <PixTestHighRate.cc/doRunDaq:L617> analyzing hitMap_daqbbtest_C10_V0
[16:33:31.145]    DEBUG: <PixTestHighRate.cc/doRunDaq:L617> analyzing hitMap_daqbbtest_C11_V0
[16:33:31.145]    DEBUG: <PixTestHighRate.cc/doRunDaq:L617> analyzing hitMap_daqbbtest_C12_V0
[16:33:31.145]    DEBUG: <PixTestHighRate.cc/doRunDaq:L617> analyzing hitMap_daqbbtest_C13_V0
[16:33:31.145]    DEBUG: <PixTestHighRate.cc/doRunDaq:L617> analyzing hitMap_daqbbtest_C14_V0
[16:33:31.145]    DEBUG: <PixTestHighRate.cc/doRunDaq:L617> analyzing hitMap_daqbbtest_C15_V0
[16:33:31.145]    DEBUG: <PixTestHighRate.cc/doRunDaq:L629>  resetting: clk: 4
[16:33:31.145]    DEBUG: <PixTestHighRate.cc/doRunDaq:L629>  resetting: ctr: 4
[16:33:31.145]    DEBUG: <PixTestHighRate.cc/doRunDaq:L629>  resetting: sda: 19
[16:33:31.145]    DEBUG: <PixTestHighRate.cc/doRunDaq:L629>  resetting: tin: 9
[16:33:31.145]    DEBUG: <PixTestHighRate.cc/doRunDaq:L629>  resetting: level: 15
[16:33:31.145]    DEBUG: <PixTestHighRate.cc/doRunDaq:L629>  resetting: triggerdelay: 0
[16:33:31.145]     INFO: Pixels without X-ray hits (per ROC):  3805  3269   668    94    91   315    87   228    71    78    68   195    71   525  2610  3742 
[16:33:31.145]     INFO: PixTestHighRate::doRunDaq() done
[16:33:31.145]     INFO: PixTestHighRate::doTest() done 
[16:33:31.146]    DEBUG: <PixGui.cc/handleButtons:L393> PixGui::exit called
[16:33:31.146]    DEBUG: <PixTestBBMap.cc/~PixTestBBMap:L96> PixTestBBMap dtor
[16:33:31.146]    DEBUG: <PixTestBB2Map.cc/~PixTestBB2Map:L114> PixTestBB2Map dtor
[16:33:31.146]    DEBUG: <PixTestDaq.cc/~PixTestDaq:L36> PixTestDaq dtor
[16:33:31.146]    DEBUG: <PixTestDacDacScan.cc/~PixTestDacDacScan:L135> PixTestDacDacScan dtor
[16:33:31.146]    DEBUG: <PixTestDacScan.cc/~PixTestDacScan:L115> PixTestDacScan dtor
[16:33:31.146]    DEBUG: <PixTestGainPedestal.cc/~PixTestGainPedestal:L121> PixTestGainPedestal dtor
[16:33:31.146]    DEBUG: <PixTestHighRate.cc/~PixTestHighRate:L203> PixTestHighRate dtor
[16:33:31.244]    DEBUG: <PixTestIV.cc/~PixTestIV:L96> PixTestIV dtor
[16:33:31.244]    DEBUG: <PixTestAlive.cc/~PixTestAlive:L108> PixTestAlive dtor
[16:33:31.244]    DEBUG: <PixTestPretest.cc/~PixTestPretest:L133> PixTestPretest dtor
[16:33:31.244]    DEBUG: <PixTestReadback.cc/~PixTestReadback:L89> PixTestReadback dtor, saving tree ... 
[16:33:31.244]    DEBUG: <PixTestScurves.cc/~PixTestScurves:L127> PixTestScurves dtor
[16:33:31.244]    DEBUG: <PixTestTiming.cc/~PixTestTiming:L87> PixTestTiming dtor
[16:33:31.244]    DEBUG: <PixTestTrim.cc/~PixTestTrim:L103> PixTestTrim dtor
[16:33:31.244]    DEBUG: <PixTestXray.cc/~PixTestXray:L215> PixTestXray dtor
[16:33:31.248]    QUIET: Connection to board 58 closed.
[16:33:31.248]    DEBUG: <PixMonitor.cc/dumpSummaries:L34> PixMonitor::dumpSummaries
