[16:29:00.918]     INFO: *** Welcome to pxar ***
[16:29:00.918]     INFO: *** Today: 2015/07/01
[16:29:00.918]     INFO:       reading data/yhc691015sn2p20//dacParameters35_C0.dat
[16:29:00.918]     INFO:       reading data/yhc691015sn2p20//dacParameters35_C1.dat
[16:29:00.918]     INFO:       reading data/yhc691015sn2p20//dacParameters35_C2.dat
[16:29:00.918]     INFO:       reading data/yhc691015sn2p20//dacParameters35_C3.dat
[16:29:00.918]     INFO:       reading data/yhc691015sn2p20//dacParameters35_C4.dat
[16:29:00.918]     INFO:       reading data/yhc691015sn2p20//dacParameters35_C5.dat
[16:29:00.918]     INFO:       reading data/yhc691015sn2p20//dacParameters35_C6.dat
[16:29:00.918]     INFO:       reading data/yhc691015sn2p20//dacParameters35_C7.dat
[16:29:00.918]     INFO:       reading data/yhc691015sn2p20//dacParameters35_C8.dat
[16:29:00.919]     INFO:       reading data/yhc691015sn2p20//dacParameters35_C9.dat
[16:29:00.919]     INFO:       reading data/yhc691015sn2p20//dacParameters35_C10.dat
[16:29:00.919]     INFO:       reading data/yhc691015sn2p20//dacParameters35_C11.dat
[16:29:00.919]     INFO:       reading data/yhc691015sn2p20//dacParameters35_C12.dat
[16:29:00.919]     INFO:       reading data/yhc691015sn2p20//dacParameters35_C13.dat
[16:29:00.919]     INFO:       reading data/yhc691015sn2p20//dacParameters35_C14.dat
[16:29:00.919]     INFO:       reading data/yhc691015sn2p20//dacParameters35_C15.dat
[16:29:00.919]     INFO:       reading data/yhc691015sn2p20//tbmParameters_C0a.dat
[16:29:00.919]     INFO:       reading data/yhc691015sn2p20//tbmParameters_C0b.dat
[16:29:00.919]     INFO:       reading data/yhc691015sn2p20//defaultMaskFile.dat
[16:29:00.919]     INFO: MASKED Roc 4 col/row: 43 74
[16:29:00.919]     INFO: MASKED Roc 5 col/row: 32 42
[16:29:00.919]     INFO: MASKED Roc 5 col/row: 42 32
[16:29:00.919]     INFO: MASKED Roc 5 col/row: 45 49
[16:29:00.919]     INFO: MASKED Roc 6 col/row: 11 43
[16:29:00.919]     INFO: MASKED Roc 7 col/row: 45 46
[16:29:00.919]     INFO: MASKED Roc 8 col/row: 30 26
[16:29:00.919]     INFO: MASKED Roc 8 col/row: 48 47
[16:29:00.919]     INFO: MASKED Roc 8 col/row: 49 44
[16:29:00.919]     INFO: MASKED Roc 9 col/row: 26 17
[16:29:00.919]     INFO: MASKED Roc 10 col/row: 50 59
[16:29:00.919]     INFO: MASKED Roc 11 col/row: 8 68
[16:29:00.919]     INFO: MASKED Roc 12 col/row: 7 51
[16:29:00.919]     INFO: MASKED Roc 12 col/row: 44 48
[16:29:00.919]     INFO: MASKED Roc 14 col/row: 35 42
[16:29:00.919]     INFO: MASKED Roc 14 col/row: 43 65
[16:29:00.919]     INFO: MASKED Roc 15 col/row: 38 52
[16:29:00.919]     INFO:       reading data/yhc691015sn2p20//trimParameters35_C0.dat
[16:29:00.926]     INFO:       reading data/yhc691015sn2p20//trimParameters35_C1.dat
[16:29:00.933]     INFO:       reading data/yhc691015sn2p20//trimParameters35_C2.dat
[16:29:00.939]     INFO:       reading data/yhc691015sn2p20//trimParameters35_C3.dat
[16:29:00.946]     INFO:   masking Roc 4 col/row: 43 74
[16:29:00.946]     INFO:       reading data/yhc691015sn2p20//trimParameters35_C4.dat
[16:29:00.952]     INFO:   masking Roc 5 col/row: 32 42
[16:29:00.952]     INFO:   masking Roc 5 col/row: 42 32
[16:29:00.952]     INFO:   masking Roc 5 col/row: 45 49
[16:29:00.953]     INFO:       reading data/yhc691015sn2p20//trimParameters35_C5.dat
[16:29:00.959]     INFO:   masking Roc 6 col/row: 11 43
[16:29:00.959]     INFO:       reading data/yhc691015sn2p20//trimParameters35_C6.dat
[16:29:00.966]     INFO:   masking Roc 7 col/row: 45 46
[16:29:00.966]     INFO:       reading data/yhc691015sn2p20//trimParameters35_C7.dat
[16:29:00.972]     INFO:   masking Roc 8 col/row: 30 26
[16:29:00.972]     INFO:   masking Roc 8 col/row: 48 47
[16:29:00.972]     INFO:   masking Roc 8 col/row: 49 44
[16:29:00.972]     INFO:       reading data/yhc691015sn2p20//trimParameters35_C8.dat
[16:29:00.979]     INFO:   masking Roc 9 col/row: 26 17
[16:29:00.979]     INFO:       reading data/yhc691015sn2p20//trimParameters35_C9.dat
[16:29:00.986]     INFO:   masking Roc 10 col/row: 50 59
[16:29:00.986]     INFO:       reading data/yhc691015sn2p20//trimParameters35_C10.dat
[16:29:00.992]     INFO:   masking Roc 11 col/row: 8 68
[16:29:00.993]     INFO:       reading data/yhc691015sn2p20//trimParameters35_C11.dat
[16:29:00.999]     INFO:   masking Roc 12 col/row: 7 51
[16:29:00.999]     INFO:   masking Roc 12 col/row: 44 48
[16:29:00.999]     INFO:       reading data/yhc691015sn2p20//trimParameters35_C12.dat
[16:29:01.006]     INFO:       reading data/yhc691015sn2p20//trimParameters35_C13.dat
[16:29:01.013]     INFO:   masking Roc 14 col/row: 35 42
[16:29:01.013]     INFO:   masking Roc 14 col/row: 43 65
[16:29:01.013]     INFO:       reading data/yhc691015sn2p20//trimParameters35_C14.dat
[16:29:01.019]     INFO:   masking Roc 15 col/row: 38 52
[16:29:01.019]     INFO:       reading data/yhc691015sn2p20//trimParameters35_C15.dat
[16:29:01.026]     INFO:       reading data/yhc691015sn2p20//tbParameters.dat
[16:29:01.026]     INFO:         clk: 4
[16:29:01.026]     INFO:         ctr: 4
[16:29:01.026]     INFO:         sda: 19
[16:29:01.026]     INFO:         tin: 9
[16:29:01.026]     INFO:         level: 15
[16:29:01.026]     INFO:         triggerdelay: 0
[16:29:01.027]    QUIET: Instanciating API for pxar v1.9.0
[16:29:01.027]     INFO: Log level: DEBUG
[16:29:01.045]    QUIET: Connection to board DTB_WRPRHI opened.
[16:29:01.049]     INFO: DTB startup information
--- DTB info------------------------------------------
Board id:    58
HW version:  DTB1.2
FW version:  3.2
SW version:  3.6
USB id:      DTB_WRPRHI
MAC address: 40D85511803A
Hostname:    pixelDTB058
Comment:     
------------------------------------------------------
[16:29:01.052]     INFO: RPC call hashes of host and DTB match: 413001178
[16:29:02.664]     INFO: DUT info: 
[16:29:02.664]     INFO: The DUT currently contains the following objects:
[16:29:02.664]     INFO:  2 TBM Cores (2 ON)
[16:29:02.664]     INFO: 	TBM Core alpha (0): 7 registers set
[16:29:02.664]     INFO: 	TBM Core beta  (1): 7 registers set
[16:29:02.664]     INFO: 16 ROCs (16 ON) with 4160 pixelConfigs
[16:29:02.664]     INFO: 	ROC 0: 21 DACs set, Pixels: 0 masked, 4160 active.
[16:29:02.664]     INFO: 	ROC 1: 21 DACs set, Pixels: 0 masked, 4160 active.
[16:29:02.664]     INFO: 	ROC 2: 21 DACs set, Pixels: 0 masked, 4160 active.
[16:29:02.664]     INFO: 	ROC 3: 21 DACs set, Pixels: 0 masked, 4160 active.
[16:29:02.664]     INFO: 	ROC 4: 21 DACs set, Pixels: 1 masked, 4160 active.
[16:29:02.664]     INFO: 	ROC 5: 21 DACs set, Pixels: 3 masked, 4160 active.
[16:29:02.664]     INFO: 	ROC 6: 21 DACs set, Pixels: 1 masked, 4160 active.
[16:29:02.664]     INFO: 	ROC 7: 21 DACs set, Pixels: 1 masked, 4160 active.
[16:29:02.664]     INFO: 	ROC 8: 21 DACs set, Pixels: 3 masked, 4160 active.
[16:29:02.664]     INFO: 	ROC 9: 21 DACs set, Pixels: 1 masked, 4160 active.
[16:29:02.664]     INFO: 	ROC 10: 21 DACs set, Pixels: 1 masked, 4160 active.
[16:29:02.664]     INFO: 	ROC 11: 21 DACs set, Pixels: 1 masked, 4160 active.
[16:29:02.664]     INFO: 	ROC 12: 21 DACs set, Pixels: 2 masked, 4160 active.
[16:29:02.664]     INFO: 	ROC 13: 21 DACs set, Pixels: 0 masked, 4160 active.
[16:29:02.664]     INFO: 	ROC 14: 21 DACs set, Pixels: 2 masked, 4160 active.
[16:29:02.664]     INFO: 	ROC 15: 21 DACs set, Pixels: 1 masked, 4160 active.
[16:29:02.665]    DEBUG: <PixTestParameters.cc/dump:L104> PixTestParameters: ->BB<-
[16:29:02.665]    DEBUG: <PixTestParameters.cc/dump:L107>   dumpall: checkbox(0)
[16:29:02.665]    DEBUG: <PixTestParameters.cc/dump:L107>   dumpproblematic: checkbox(0)
[16:29:02.665]    DEBUG: <PixTestParameters.cc/dump:L107>   ntrig: 5
[16:29:02.665]    DEBUG: <PixTestParameters.cc/dump:L107>   vcals: 250
[16:29:02.665]    DEBUG: <PixTestParameters.cc/dump:L104> PixTestParameters: ->BB2<-
[16:29:02.665]    DEBUG: <PixTestParameters.cc/dump:L107>   ntrig: 10
[16:29:02.665]    DEBUG: <PixTestParameters.cc/dump:L107>   vcals: 222
[16:29:02.665]    DEBUG: <PixTestParameters.cc/dump:L107>   plwidth: 35
[16:29:02.665]    DEBUG: <PixTestParameters.cc/dump:L107>   pix: 11,20
[16:29:02.665]    DEBUG: <PixTestParameters.cc/dump:L107>   targetia: 24
[16:29:02.665]    DEBUG: <PixTestParameters.cc/dump:L104> PixTestParameters: ->DAQ<-
[16:29:02.665]    DEBUG: <PixTestParameters.cc/dump:L107>   delaytbm: checkbox
[16:29:02.665]    DEBUG: <PixTestParameters.cc/dump:L107>   filltree: checkbox
[16:29:02.665]    DEBUG: <PixTestParameters.cc/dump:L107>   trgfrequency(khz): 100
[16:29:02.665]    DEBUG: <PixTestParameters.cc/dump:L107>   maskhotpixels: button
[16:29:02.665]    DEBUG: <PixTestParameters.cc/dump:L107>   trgnumber: 5
[16:29:02.665]    DEBUG: <PixTestParameters.cc/dump:L107>   iterations: 10
[16:29:02.665]    DEBUG: <PixTestParameters.cc/dump:L107>   rundaqtrg: button
[16:29:02.665]    DEBUG: <PixTestParameters.cc/dump:L107>   daqseconds: 600
[16:29:02.665]    DEBUG: <PixTestParameters.cc/dump:L107>   rundaqseconds: button
[16:29:02.665]    DEBUG: <PixTestParameters.cc/dump:L104> PixTestParameters: ->DacDacScan<-
[16:29:02.665]    DEBUG: <PixTestParameters.cc/dump:L107>   phmap: checkbox
[16:29:02.665]    DEBUG: <PixTestParameters.cc/dump:L107>   ntrig: 10
[16:29:02.665]    DEBUG: <PixTestParameters.cc/dump:L107>   dac1: caldel
[16:29:02.665]    DEBUG: <PixTestParameters.cc/dump:L107>   dac1lo: 0
[16:29:02.665]    DEBUG: <PixTestParameters.cc/dump:L107>   dac1hi: 255
[16:29:02.665]    DEBUG: <PixTestParameters.cc/dump:L107>   dac2: vthrcomp
[16:29:02.665]    DEBUG: <PixTestParameters.cc/dump:L107>   dac2lo: 0
[16:29:02.665]    DEBUG: <PixTestParameters.cc/dump:L107>   dac2hi: 255
[16:29:02.665]    DEBUG: <PixTestParameters.cc/dump:L107>   pix: 11,20
[16:29:02.665]    DEBUG: <PixTestParameters.cc/dump:L104> PixTestParameters: ->DacScan<-
[16:29:02.665]    DEBUG: <PixTestParameters.cc/dump:L107>   phmap: checkbox(1)
[16:29:02.665]    DEBUG: <PixTestParameters.cc/dump:L107>   allpixels: checkbox(0)
[16:29:02.665]    DEBUG: <PixTestParameters.cc/dump:L107>   unmasked: checkbox(0)
[16:29:02.665]    DEBUG: <PixTestParameters.cc/dump:L107>   ntrig: 10
[16:29:02.665]    DEBUG: <PixTestParameters.cc/dump:L107>   dac: vcal
[16:29:02.665]    DEBUG: <PixTestParameters.cc/dump:L107>   daclo: 0
[16:29:02.665]    DEBUG: <PixTestParameters.cc/dump:L107>   dachi: 255
[16:29:02.665]    DEBUG: <PixTestParameters.cc/dump:L107>   pix: 11,20
[16:29:02.665]    DEBUG: <PixTestParameters.cc/dump:L104> PixTestParameters: ->GainPedestal<-
[16:29:02.665]    DEBUG: <PixTestParameters.cc/dump:L107>   showfits: checkbox(0)
[16:29:02.665]    DEBUG: <PixTestParameters.cc/dump:L107>   extended: checkbox(0)
[16:29:02.665]    DEBUG: <PixTestParameters.cc/dump:L107>   dumphists: checkbox(0)
[16:29:02.665]    DEBUG: <PixTestParameters.cc/dump:L107>   ntrig: 10
[16:29:02.665]    DEBUG: <PixTestParameters.cc/dump:L107>   measure: button
[16:29:02.665]    DEBUG: <PixTestParameters.cc/dump:L107>   fit: button
[16:29:02.665]    DEBUG: <PixTestParameters.cc/dump:L107>   save: button
[16:29:02.665]    DEBUG: <PixTestParameters.cc/dump:L104> PixTestParameters: ->HighRate<-
[16:29:02.665]    DEBUG: <PixTestParameters.cc/dump:L107>   pix: 11,20
[16:29:02.665]    DEBUG: <PixTestParameters.cc/dump:L107>   maskhotpixels: button
[16:29:02.665]    DEBUG: <PixTestParameters.cc/dump:L107>   savemaskfile: checkbox(0)
[16:29:02.665]    DEBUG: <PixTestParameters.cc/dump:L107>   maskfilename: default
[16:29:02.665]    DEBUG: <PixTestParameters.cc/dump:L107>   caldelscan: button
[16:29:02.665]    DEBUG: <PixTestParameters.cc/dump:L107>   xpixelalive: button
[16:29:02.665]    DEBUG: <PixTestParameters.cc/dump:L107>   ntrig: 50
[16:29:02.665]    DEBUG: <PixTestParameters.cc/dump:L107>   vcal: 200
[16:29:02.665]    DEBUG: <PixTestParameters.cc/dump:L107>   xnoisemaps: button
[16:29:02.665]    DEBUG: <PixTestParameters.cc/dump:L107>   daclo: 0
[16:29:02.665]    DEBUG: <PixTestParameters.cc/dump:L107>   dachi: 100
[16:29:02.665]    DEBUG: <PixTestParameters.cc/dump:L107>   dacs/step: 20
[16:29:02.665]    DEBUG: <PixTestParameters.cc/dump:L107>   rundaq: button
[16:29:02.665]    DEBUG: <PixTestParameters.cc/dump:L107>   trgfrequency(khz): 20
[16:29:02.665]    DEBUG: <PixTestParameters.cc/dump:L107>   runseconds: 5
[16:29:02.666]    DEBUG: <PixTestParameters.cc/dump:L107>   triggerdelay: 80
[16:29:02.666]    DEBUG: <PixTestParameters.cc/dump:L107>   delaytbm: checkbox
[16:29:02.666]    DEBUG: <PixTestParameters.cc/dump:L107>   filltree: checkbox
[16:29:02.666]    DEBUG: <PixTestParameters.cc/dump:L104> PixTestParameters: ->IV<-
[16:29:02.666]    DEBUG: <PixTestParameters.cc/dump:L107>   port: /dev/FIXME
[16:29:02.666]    DEBUG: <PixTestParameters.cc/dump:L107>   voltagestart: 0
[16:29:02.666]    DEBUG: <PixTestParameters.cc/dump:L107>   voltagestop: 600
[16:29:02.666]    DEBUG: <PixTestParameters.cc/dump:L107>   voltagestep: 5
[16:29:02.666]    DEBUG: <PixTestParameters.cc/dump:L107>   delay: 1
[16:29:02.666]    DEBUG: <PixTestParameters.cc/dump:L107>   compliance(ua): 100
[16:29:02.666]    DEBUG: <PixTestParameters.cc/dump:L104> PixTestParameters: ->PhOptimization<-
[16:29:02.666]    DEBUG: <PixTestParameters.cc/dump:L107>   ntrig: 10
[16:29:02.666]    DEBUG: <PixTestParameters.cc/dump:L107>   safetymarginlow: 20
[16:29:02.666]    DEBUG: <PixTestParameters.cc/dump:L107>   saturationvcal: 100
[16:29:02.666]    DEBUG: <PixTestParameters.cc/dump:L107>   quantilesaturation: 0.98
[16:29:02.666]    DEBUG: <PixTestParameters.cc/dump:L104> PixTestParameters: ->PixelAlive<-
[16:29:02.666]    DEBUG: <PixTestParameters.cc/dump:L107>   ntrig: 10
[16:29:02.666]    DEBUG: <PixTestParameters.cc/dump:L107>   vcal: 200
[16:29:02.666]    DEBUG: <PixTestParameters.cc/dump:L107>   alivetest: button
[16:29:02.666]    DEBUG: <PixTestParameters.cc/dump:L107>   masktest: button
[16:29:02.666]    DEBUG: <PixTestParameters.cc/dump:L107>   addressdecodingtest: button
[16:29:02.666]    DEBUG: <PixTestParameters.cc/dump:L104> PixTestParameters: ->Pretest<-
[16:29:02.666]    DEBUG: <PixTestParameters.cc/dump:L107>   programroc: button
[16:29:02.666]    DEBUG: <PixTestParameters.cc/dump:L107>   targetia: 24
[16:29:02.666]    DEBUG: <PixTestParameters.cc/dump:L107>   setvana: button
[16:29:02.666]    DEBUG: <PixTestParameters.cc/dump:L107>   iterations: 100
[16:29:02.666]    DEBUG: <PixTestParameters.cc/dump:L107>   settimings: button
[16:29:02.666]    DEBUG: <PixTestParameters.cc/dump:L107>   findworkingpixel: button
[16:29:02.666]    DEBUG: <PixTestParameters.cc/dump:L107>   setvthrcompcaldel: button
[16:29:02.666]    DEBUG: <PixTestParameters.cc/dump:L107>   pix: 11,20
[16:29:02.666]    DEBUG: <PixTestParameters.cc/dump:L107>   vcal: 250
[16:29:02.666]    DEBUG: <PixTestParameters.cc/dump:L107>   deltavthrcomp: 50
[16:29:02.666]    DEBUG: <PixTestParameters.cc/dump:L107>   fraccaldel: 0.5
[16:29:02.666]    DEBUG: <PixTestParameters.cc/dump:L107>   ntrig: 5
[16:29:02.666]    DEBUG: <PixTestParameters.cc/dump:L107>   savedacs: button
[16:29:02.666]    DEBUG: <PixTestParameters.cc/dump:L104> PixTestParameters: ->Readback<-
[16:29:02.666]    DEBUG: <PixTestParameters.cc/dump:L107>   calibratevd: button
[16:29:02.666]    DEBUG: <PixTestParameters.cc/dump:L107>   calibrateva: button
[16:29:02.666]    DEBUG: <PixTestParameters.cc/dump:L107>   calibrateia: button
[16:29:02.666]    DEBUG: <PixTestParameters.cc/dump:L107>   readbackvbg: button
[16:29:02.666]    DEBUG: <PixTestParameters.cc/dump:L107>   getcalibratedvbg: button
[16:29:02.666]    DEBUG: <PixTestParameters.cc/dump:L107>   usecalvd: checkbox(1)
[16:29:02.666]    DEBUG: <PixTestParameters.cc/dump:L107>   usecalva: checkbox(0)
[16:29:02.666]    DEBUG: <PixTestParameters.cc/dump:L107>   getcalibratedia: button
[16:29:02.666]    DEBUG: <PixTestParameters.cc/dump:L107>   setvana: button
[16:29:02.666]    DEBUG: <PixTestParameters.cc/dump:L104> PixTestParameters: ->Scurves<-
[16:29:02.666]    DEBUG: <PixTestParameters.cc/dump:L107>   adjustvcal: checkbox(1)
[16:29:02.666]    DEBUG: <PixTestParameters.cc/dump:L107>   dumpall: checkbox(0)
[16:29:02.666]    DEBUG: <PixTestParameters.cc/dump:L107>   dumpproblematic: checkbox(0)
[16:29:02.666]    DEBUG: <PixTestParameters.cc/dump:L107>   ntrig: 50
[16:29:02.666]    DEBUG: <PixTestParameters.cc/dump:L107>   dac: VthrComp
[16:29:02.666]    DEBUG: <PixTestParameters.cc/dump:L107>   daclo: 0
[16:29:02.666]    DEBUG: <PixTestParameters.cc/dump:L107>   dachi: 200
[16:29:02.666]    DEBUG: <PixTestParameters.cc/dump:L107>   dacs/step: 10
[16:29:02.666]    DEBUG: <PixTestParameters.cc/dump:L107>   scurves: button
[16:29:02.666]    DEBUG: <PixTestParameters.cc/dump:L104> PixTestParameters: ->Timing<-
[16:29:02.666]    DEBUG: <PixTestParameters.cc/dump:L107>   fastscan: checkbox(0)
[16:29:02.666]    DEBUG: <PixTestParameters.cc/dump:L107>   targetclk: 4
[16:29:02.666]    DEBUG: <PixTestParameters.cc/dump:L107>   ntrig: 10
[16:29:02.666]    DEBUG: <PixTestParameters.cc/dump:L107>   clocksdascan: button
[16:29:02.666]    DEBUG: <PixTestParameters.cc/dump:L107>   phasescan: button
[16:29:02.666]    DEBUG: <PixTestParameters.cc/dump:L107>   levelscan: button
[16:29:02.666]    DEBUG: <PixTestParameters.cc/dump:L107>   tbmphasescan: button
[16:29:02.666]    DEBUG: <PixTestParameters.cc/dump:L107>   rocdelayscan: button
[16:29:02.666]    DEBUG: <PixTestParameters.cc/dump:L107>   timingtest: button
[16:29:02.666]    DEBUG: <PixTestParameters.cc/dump:L107>   saveparameters: button
[16:29:02.666]    DEBUG: <PixTestParameters.cc/dump:L104> PixTestParameters: ->Trim<-
[16:29:02.666]    DEBUG: <PixTestParameters.cc/dump:L107>   trim: button
[16:29:02.666]    DEBUG: <PixTestParameters.cc/dump:L107>   ntrig: 10
[16:29:02.666]    DEBUG: <PixTestParameters.cc/dump:L107>   vcal: 35
[16:29:02.666]    DEBUG: <PixTestParameters.cc/dump:L107>   trimbits: button
[16:29:02.666]    DEBUG: <PixTestParameters.cc/dump:L104> PixTestParameters: ->Xray<-
[16:29:02.666]    DEBUG: <PixTestParameters.cc/dump:L107>   maskhotpixels: button
[16:29:02.666]    DEBUG: <PixTestParameters.cc/dump:L107>   savemaskfile: checkbox(0)
[16:29:02.666]    DEBUG: <PixTestParameters.cc/dump:L107>   maskfilename: default
[16:29:02.666]    DEBUG: <PixTestParameters.cc/dump:L107>   source: Ag
[16:29:02.666]    DEBUG: <PixTestParameters.cc/dump:L107>   phrun: button
[16:29:02.666]    DEBUG: <PixTestParameters.cc/dump:L107>   runseconds: 600
[16:29:02.666]    DEBUG: <PixTestParameters.cc/dump:L107>   trgfrequency(khz): 100
[16:29:02.667]    DEBUG: <PixTestParameters.cc/dump:L107>   ratescan: button
[16:29:02.667]    DEBUG: <PixTestParameters.cc/dump:L107>   vthrcompmin: 10
[16:29:02.667]    DEBUG: <PixTestParameters.cc/dump:L107>   vthrcompmax: 80
[16:29:02.667]    DEBUG: <PixTestParameters.cc/dump:L107>   stepseconds: 5
[16:29:02.667]    DEBUG: <PixTestParameters.cc/dump:L107>   delaytbm: checkbox
[16:29:02.667]    DEBUG: <PixTestParameters.cc/dump:L107>   filltree: checkbox
[16:29:02.667]    DEBUG: <PixSetup.cc/init:L81> PixSetup init start; getCurrentRSS() = 32935936
[16:29:02.667]    DEBUG: <PixSetup.cc/init:L87> fPixTestParameters = 0x15b8a00
[16:29:02.667]    DEBUG: <PixSetup.cc/init:L88>  fConfigParameters = 0x14fb890
[16:29:02.667]    DEBUG: <PixSetup.cc/init:L89>        fPxarMemory = 0x7faa19d94010
[16:29:02.667]    DEBUG: <PixSetup.cc/init:L90>         fPxarMemHi = 0x7faa1ffff510
[16:29:02.667]    DEBUG: <PixSetup.cc/init:L106> PixSetup init done;  getCurrentRSS() = 32944128 fPxarMemory = 0x7faa19d94010
[16:29:03.156]    DEBUG: <PixGui.cc/hvOn:L457> HV set On: 0x1b93880
[16:29:03.225]    DEBUG: <PixTestFactory.cc/PixTestFactory:L50> PixTestFactory::PixTestFactory()
[16:29:03.225]    DEBUG: <PixTestBBMap.cc/init:L78> PixTestBBMap::init()
[16:29:03.226]    DEBUG: <PixTestBBMap.cc/PixTestBBMap:L26> PixTestBBMap ctor(PixSetup &a, string, TGTab *)
[16:29:03.231]    DEBUG: <PixTestBB2Map.cc/setParameter:L57> setting fTargetIa    = 24 mA/ROC
[16:29:03.231]    DEBUG: <PixTestBB2Map.cc/init:L96> PixTestBB2Map::init()
[16:29:03.232]    DEBUG: <PixTestBB2Map.cc/PixTestBB2Map:L28> PixTestBB2Map ctor(PixSetup &a, string, TGTab *)
[16:29:03.240]    DEBUG: <PixTestDaq.cc/init:L43> PixTestDaq::init()
[16:29:03.240]    DEBUG: <PixTestDaq.cc/PixTestDaq:L21> PixTestDaq ctor(PixSetup &a, string, TGTab *)
[16:29:03.240]     INFO:       reading data/yhc691015sn2p20//phCalibrationFitErr35_C0.dat
[16:29:03.257]     INFO:       reading data/yhc691015sn2p20//phCalibrationFitErr35_C1.dat
[16:29:03.273]     INFO:       reading data/yhc691015sn2p20//phCalibrationFitErr35_C2.dat
[16:29:03.289]     INFO:       reading data/yhc691015sn2p20//phCalibrationFitErr35_C3.dat
[16:29:03.305]     INFO:       reading data/yhc691015sn2p20//phCalibrationFitErr35_C4.dat
[16:29:03.321]     INFO:       reading data/yhc691015sn2p20//phCalibrationFitErr35_C5.dat
[16:29:03.336]     INFO:       reading data/yhc691015sn2p20//phCalibrationFitErr35_C6.dat
[16:29:03.352]     INFO:       reading data/yhc691015sn2p20//phCalibrationFitErr35_C7.dat
[16:29:03.367]     INFO:       reading data/yhc691015sn2p20//phCalibrationFitErr35_C8.dat
[16:29:03.384]     INFO:       reading data/yhc691015sn2p20//phCalibrationFitErr35_C9.dat
[16:29:03.399]     INFO:       reading data/yhc691015sn2p20//phCalibrationFitErr35_C10.dat
[16:29:03.415]     INFO:       reading data/yhc691015sn2p20//phCalibrationFitErr35_C11.dat
[16:29:03.430]     INFO:       reading data/yhc691015sn2p20//phCalibrationFitErr35_C12.dat
[16:29:03.446]     INFO:       reading data/yhc691015sn2p20//phCalibrationFitErr35_C13.dat
[16:29:03.461]     INFO:       reading data/yhc691015sn2p20//phCalibrationFitErr35_C14.dat
[16:29:03.477]     INFO:       reading data/yhc691015sn2p20//phCalibrationFitErr35_C15.dat
[16:29:03.500]    DEBUG: <PixTestDacDacScan.cc/init:L102> PixTestDacDacScan::init()
[16:29:03.500]    DEBUG: <PixTestDacDacScan.cc/PixTestDacDacScan:L21> PixTestDacDacScan ctor(PixSetup &a, string, TGTab *)
[16:29:03.523]    DEBUG: <PixTestHighRate.cc/setParameter:L66>   setting fParTriggerFrequency -> 20
[16:29:03.523]    DEBUG: <PixTestHighRate.cc/init:L156> PixTestHighRate::init()
[16:29:03.523]    DEBUG: <PixTestHighRate.cc/PixTestHighRate:L29> PixTestHighRate ctor(PixSetup &a, string, TGTab *)
[16:29:03.548]    DEBUG: <PixTest.cc/setTestParameter:L577>  setting  ntrig to new value 10
[16:29:03.548]    DEBUG: <PixTestPhOptimization.cc/setParameter:L36>   setting fParNtrig  ->10<- from sval = 10
[16:29:03.548]    DEBUG: <PixTestPhOptimization.cc/setParameter:L41>   setting fSafetyMarginLow  ->20<- from sval = 20
[16:29:03.548]    DEBUG: <PixTestPhOptimization.cc/setParameter:L47>   setting fVcalMax  ->100<- from sval = 100
[16:29:03.548]    DEBUG: <PixTestPhOptimization.cc/setParameter:L52>   setting fQuantMax  ->0.98<- from sval = 0.98
[16:29:03.555]    DEBUG: <PixTestAlive.cc/init:L76> PixTestAlive::init()
[16:29:03.555]    DEBUG: <PixTestAlive.cc/PixTestAlive:L20> PixTestAlive ctor(PixSetup &a, string, TGTab *)
[16:29:03.568]    DEBUG: <PixTestReadback.cc/setParameter:L184> fCalwVd set to 1
[16:29:03.568]    DEBUG: <PixTestReadback.cc/init:L96> PixTestReadback::init()
[16:29:03.568]    DEBUG: <PixTestReadback.cc/PixTestReadback:L22> PixTestReadback ctor(PixSetup &a, string, TGTab *)
[16:29:03.568]     INFO:       reading data/yhc691015sn2p20//readbackCal_C0.dat
[16:29:03.568]     INFO:       reading data/yhc691015sn2p20//readbackCal_C1.dat
[16:29:03.568]     INFO:       reading data/yhc691015sn2p20//readbackCal_C2.dat
[16:29:03.568]     INFO:       reading data/yhc691015sn2p20//readbackCal_C3.dat
[16:29:03.568]     INFO:       reading data/yhc691015sn2p20//readbackCal_C4.dat
[16:29:03.568]     INFO:       reading data/yhc691015sn2p20//readbackCal_C5.dat
[16:29:03.568]     INFO:       reading data/yhc691015sn2p20//readbackCal_C6.dat
[16:29:03.568]     INFO:       reading data/yhc691015sn2p20//readbackCal_C7.dat
[16:29:03.568]     INFO:       reading data/yhc691015sn2p20//readbackCal_C8.dat
[16:29:03.568]     INFO:       reading data/yhc691015sn2p20//readbackCal_C9.dat
[16:29:03.568]     INFO:       reading data/yhc691015sn2p20//readbackCal_C10.dat
[16:29:03.568]     INFO:       reading data/yhc691015sn2p20//readbackCal_C11.dat
[16:29:03.568]     INFO:       reading data/yhc691015sn2p20//readbackCal_C12.dat
[16:29:03.568]     INFO:       reading data/yhc691015sn2p20//readbackCal_C13.dat
[16:29:03.568]     INFO:       reading data/yhc691015sn2p20//readbackCal_C14.dat
[16:29:03.569]     INFO:       reading data/yhc691015sn2p20//readbackCal_C15.dat
[16:29:03.590]    DEBUG: <PixTestTiming.cc/setParameter:L45> fFastScan: 0
[16:29:03.590]    DEBUG: <PixTestTiming.cc/setParameter:L50> PixTestTiming::PixTest() targetclk = 4
[16:29:03.590]    DEBUG: <PixTestTiming.cc/setParameter:L54> PixTestTiming::PixTest() ntrig = 10
[16:29:03.590]    DEBUG: <PixTestTiming.cc/init:L64> PixTestTiming::init()
[16:29:03.612]    DEBUG: <PixTestXray.cc/init:L132> PixTestXray::init()
[16:29:03.612]    DEBUG: <PixTestXray.cc/PixTestXray:L26> PixTestXray ctor(PixSetup &a, string, TGTab *)
[16:29:11.774]     INFO: ######################################################################
[16:29:11.774]     INFO: PixTestHighRate::doTest()
[16:29:11.774]     INFO: ######################################################################
[16:29:11.774]     INFO:    ----------------------------------------------------------------------
[16:29:11.774]     INFO:    PixTestHighRate::calDelScan() ntrig = 10, vcal = 200
[16:29:11.774]     INFO:    ----------------------------------------------------------------------
[16:29:12.855]     INFO: Test took 1077ms.
[16:29:12.859]     INFO:       reading data/yhc691015sn2p20//defaultMaskFile.dat
[16:29:12.859]     INFO: ROC 4 masking pixel 43/74
[16:29:12.859]     INFO: ROC 5 masking pixel 32/42
[16:29:12.859]     INFO: ROC 5 masking pixel 42/32
[16:29:12.859]     INFO: ROC 5 masking pixel 45/49
[16:29:12.859]     INFO: ROC 6 masking pixel 11/43
[16:29:12.859]     INFO: ROC 7 masking pixel 45/46
[16:29:12.859]     INFO: ROC 8 masking pixel 30/26
[16:29:12.859]     INFO: ROC 8 masking pixel 48/47
[16:29:12.859]     INFO: ROC 8 masking pixel 49/44
[16:29:12.859]     INFO: ROC 9 masking pixel 26/17
[16:29:12.859]     INFO: ROC 10 masking pixel 50/59
[16:29:12.859]     INFO: ROC 11 masking pixel 8/68
[16:29:12.859]     INFO: ROC 12 masking pixel 7/51
[16:29:12.859]     INFO: ROC 12 masking pixel 44/48
[16:29:12.859]     INFO: ROC 14 masking pixel 35/42
[16:29:12.859]     INFO: ROC 14 masking pixel 43/65
[16:29:12.859]     INFO: ROC 15 masking pixel 38/52
[16:29:12.859]  WARNING: Pattern generator does not contain a trigger signal. No data is expected from the DUT!
[16:29:17.024]     INFO: IGNORE THE WARNING ABOVE (resetROC sent)!
[16:29:17.227]    DEBUG: <PixTest.cc/xEfficiencyMaps:L1875>       attempt #0
[16:29:20.541]     INFO: Test took 3314ms.
[16:29:20.744]     INFO: Fetched DAQ statistics. Counters are being reset now.
[16:29:20.787]    DEBUG: <PixTest.cc/xEfficiencyMaps:L1936> Size of results from : PixTestHighRate::xEfficiencyMaps: 637563
[16:29:20.793]    DEBUG: <PixTest.cc/xEfficiencyMaps:L1875>       attempt #0
[16:29:24.211]     INFO: Test took 3419ms.
[16:29:24.420]     INFO: Fetched DAQ statistics. Counters are being reset now.
[16:29:24.465]    DEBUG: <PixTest.cc/xEfficiencyMaps:L1936> Size of results from : PixTestHighRate::xEfficiencyMaps: 647127
[16:29:24.472]    DEBUG: <PixTest.cc/xEfficiencyMaps:L1875>       attempt #0
[16:29:27.951]     INFO: Test took 3479ms.
[16:29:28.167]     INFO: Fetched DAQ statistics. Counters are being reset now.
[16:29:28.211]    DEBUG: <PixTest.cc/xEfficiencyMaps:L1936> Size of results from : PixTestHighRate::xEfficiencyMaps: 651254
[16:29:28.218]    DEBUG: <PixTest.cc/xEfficiencyMaps:L1875>       attempt #0
[16:29:31.712]     INFO: Test took 3494ms.
[16:29:31.925]     INFO: Fetched DAQ statistics. Counters are being reset now.
[16:29:31.969]    DEBUG: <PixTest.cc/xEfficiencyMaps:L1936> Size of results from : PixTestHighRate::xEfficiencyMaps: 650882
[16:29:31.976]    DEBUG: <PixTest.cc/xEfficiencyMaps:L1875>       attempt #0
[16:29:35.478]     INFO: Test took 3502ms.
[16:29:35.691]     INFO: Fetched DAQ statistics. Counters are being reset now.
[16:29:35.736]    DEBUG: <PixTest.cc/xEfficiencyMaps:L1936> Size of results from : PixTestHighRate::xEfficiencyMaps: 651182
[16:29:35.743]    DEBUG: <PixTest.cc/xEfficiencyMaps:L1875>       attempt #0
[16:29:39.251]     INFO: Test took 3508ms.
[16:29:39.467]     INFO: Fetched DAQ statistics. Counters are being reset now.
[16:29:39.512]    DEBUG: <PixTest.cc/xEfficiencyMaps:L1936> Size of results from : PixTestHighRate::xEfficiencyMaps: 650857
[16:29:39.519]    DEBUG: <PixTest.cc/xEfficiencyMaps:L1875>       attempt #0
[16:29:43.091]     INFO: Test took 3572ms.
[16:29:43.306]     INFO: Fetched DAQ statistics. Counters are being reset now.
[16:29:43.351]    DEBUG: <PixTest.cc/xEfficiencyMaps:L1936> Size of results from : PixTestHighRate::xEfficiencyMaps: 654349
[16:29:43.358]    DEBUG: <PixTest.cc/xEfficiencyMaps:L1875>       attempt #0
[16:29:46.863]     INFO: Test took 3505ms.
[16:29:47.076]     INFO: Fetched DAQ statistics. Counters are being reset now.
[16:29:47.120]    DEBUG: <PixTest.cc/xEfficiencyMaps:L1936> Size of results from : PixTestHighRate::xEfficiencyMaps: 651329
[16:29:47.127]    DEBUG: <PixTest.cc/xEfficiencyMaps:L1875>       attempt #0
[16:29:50.641]     INFO: Test took 3514ms.
[16:29:50.855]     INFO: Fetched DAQ statistics. Counters are being reset now.
[16:29:50.899]    DEBUG: <PixTest.cc/xEfficiencyMaps:L1936> Size of results from : PixTestHighRate::xEfficiencyMaps: 652209
[16:29:50.906]    DEBUG: <PixTest.cc/xEfficiencyMaps:L1875>       attempt #0
[16:29:54.409]     INFO: Test took 3503ms.
[16:29:54.623]     INFO: Fetched DAQ statistics. Counters are being reset now.
[16:29:54.667]    DEBUG: <PixTest.cc/xEfficiencyMaps:L1936> Size of results from : PixTestHighRate::xEfficiencyMaps: 654279
[16:29:54.674]    DEBUG: <PixTest.cc/xEfficiencyMaps:L1875>       attempt #0
[16:29:58.199]     INFO: Test took 3525ms.
[16:29:58.415]     INFO: Fetched DAQ statistics. Counters are being reset now.
[16:29:58.459]    DEBUG: <PixTest.cc/xEfficiencyMaps:L1936> Size of results from : PixTestHighRate::xEfficiencyMaps: 652026
[16:29:58.466]    DEBUG: <PixTest.cc/xEfficiencyMaps:L1875>       attempt #0
[16:30:02.008]     INFO: Test took 3542ms.
[16:30:02.229]     INFO: Fetched DAQ statistics. Counters are being reset now.
[16:30:02.274]    DEBUG: <PixTest.cc/xEfficiencyMaps:L1936> Size of results from : PixTestHighRate::xEfficiencyMaps: 652517
[16:30:02.280]    DEBUG: <PixTest.cc/xEfficiencyMaps:L1875>       attempt #0
[16:30:05.803]     INFO: Test took 3523ms.
[16:30:06.022]     INFO: Fetched DAQ statistics. Counters are being reset now.
[16:30:06.067]    DEBUG: <PixTest.cc/xEfficiencyMaps:L1936> Size of results from : PixTestHighRate::xEfficiencyMaps: 651539
[16:30:06.073]    DEBUG: <PixTest.cc/xEfficiencyMaps:L1875>       attempt #0
[16:30:09.643]     INFO: Test took 3570ms.
[16:30:09.869]     INFO: Fetched DAQ statistics. Counters are being reset now.
[16:30:09.915]    DEBUG: <PixTest.cc/xEfficiencyMaps:L1936> Size of results from : PixTestHighRate::xEfficiencyMaps: 653333
[16:30:09.921]    DEBUG: <PixTest.cc/xEfficiencyMaps:L1875>       attempt #0
[16:30:13.467]     INFO: Test took 3546ms.
[16:30:13.681]     INFO: Fetched DAQ statistics. Counters are being reset now.
[16:30:13.725]    DEBUG: <PixTest.cc/xEfficiencyMaps:L1936> Size of results from : PixTestHighRate::xEfficiencyMaps: 652669
[16:30:13.731]    DEBUG: <PixTest.cc/xEfficiencyMaps:L1875>       attempt #0
[16:30:17.304]     INFO: Test took 3573ms.
[16:30:17.522]     INFO: Fetched DAQ statistics. Counters are being reset now.
[16:30:17.567]    DEBUG: <PixTest.cc/xEfficiencyMaps:L1936> Size of results from : PixTestHighRate::xEfficiencyMaps: 651421
[16:30:17.573]    DEBUG: <PixTest.cc/xEfficiencyMaps:L1875>       attempt #0
[16:30:21.122]     INFO: Test took 3549ms.
[16:30:21.337]     INFO: Fetched DAQ statistics. Counters are being reset now.
[16:30:21.381]    DEBUG: <PixTest.cc/xEfficiencyMaps:L1936> Size of results from : PixTestHighRate::xEfficiencyMaps: 649222
[16:30:21.389]    DEBUG: <PixTest.cc/xEfficiencyMaps:L1875>       attempt #0
[16:30:24.901]     INFO: Test took 3512ms.
[16:30:25.117]     INFO: Fetched DAQ statistics. Counters are being reset now.
[16:30:25.162]    DEBUG: <PixTest.cc/xEfficiencyMaps:L1936> Size of results from : PixTestHighRate::xEfficiencyMaps: 651625
[16:30:25.168]    DEBUG: <PixTest.cc/xEfficiencyMaps:L1875>       attempt #0
[16:30:28.662]     INFO: Test took 3494ms.
[16:30:28.876]     INFO: Fetched DAQ statistics. Counters are being reset now.
[16:30:28.921]    DEBUG: <PixTest.cc/xEfficiencyMaps:L1936> Size of results from : PixTestHighRate::xEfficiencyMaps: 650852
[16:30:28.927]    DEBUG: <PixTest.cc/xEfficiencyMaps:L1875>       attempt #0
[16:30:32.285]     INFO: Test took 3358ms.
[16:30:32.491]     INFO: Fetched DAQ statistics. Counters are being reset now.
[16:30:32.536]    DEBUG: <PixTest.cc/xEfficiencyMaps:L1936> Size of results from : PixTestHighRate::xEfficiencyMaps: 648865
[16:30:32.762]    DEBUG: <PixTestHighRate.cc/doCalDelScan:L378> roc  0: caldel = 125 eff = 1
[16:30:32.762]    DEBUG: <PixTestHighRate.cc/doCalDelScan:L378> roc  1: caldel = 155 eff = 0.99976
[16:30:32.762]    DEBUG: <PixTestHighRate.cc/doCalDelScan:L378> roc  2: caldel = 153 eff = 0.998413
[16:30:32.763]    DEBUG: <PixTestHighRate.cc/doCalDelScan:L378> roc  3: caldel = 174 eff = 0.997476
[16:30:32.763]    DEBUG: <PixTestHighRate.cc/doCalDelScan:L378> roc  4: caldel = 157 eff = 0.996563
[16:30:32.763]    DEBUG: <PixTestHighRate.cc/doCalDelScan:L378> roc  5: caldel = 135 eff = 0.995144
[16:30:32.763]    DEBUG: <PixTestHighRate.cc/doCalDelScan:L378> roc  6: caldel = 141 eff = 0.996298
[16:30:32.763]    DEBUG: <PixTestHighRate.cc/doCalDelScan:L378> roc  7: caldel = 114 eff = 0.996346
[16:30:32.763]    DEBUG: <PixTestHighRate.cc/doCalDelScan:L378> roc  8: caldel = 175 eff = 0.995481
[16:30:32.763]    DEBUG: <PixTestHighRate.cc/doCalDelScan:L378> roc  9: caldel = 118 eff = 0.996178
[16:30:32.763]    DEBUG: <PixTestHighRate.cc/doCalDelScan:L378> roc 10: caldel = 134 eff = 0.995673
[16:30:32.764]    DEBUG: <PixTestHighRate.cc/doCalDelScan:L378> roc 11: caldel = 162 eff = 0.996394
[16:30:32.764]    DEBUG: <PixTestHighRate.cc/doCalDelScan:L378> roc 12: caldel = 160 eff = 0.987909
[16:30:32.764]    DEBUG: <PixTestHighRate.cc/doCalDelScan:L378> roc 13: caldel = 166 eff = 0.998486
[16:30:32.764]    DEBUG: <PixTestHighRate.cc/doCalDelScan:L378> roc 14: caldel = 147 eff = 0.99899
[16:30:32.764]    DEBUG: <PixTestHighRate.cc/doCalDelScan:L378> roc 15: caldel = 115 eff = 0.999519
[16:30:32.814]     INFO:    ----------------------------------------------------------------------
[16:30:32.814]     INFO:    PixTestHighRate::xPixelAlive() ntrig = 50, vcal = 200
[16:30:32.814]     INFO:    ----------------------------------------------------------------------
[16:30:32.814]    DEBUG: <PixTestHighRate.cc/doXPixelAlive:L406>  old set: clk: 4
[16:30:32.814]    DEBUG: <PixTestHighRate.cc/doXPixelAlive:L406>  old set: ctr: 4
[16:30:32.814]    DEBUG: <PixTestHighRate.cc/doXPixelAlive:L406>  old set: sda: 19
[16:30:32.814]    DEBUG: <PixTestHighRate.cc/doXPixelAlive:L406>  old set: tin: 9
[16:30:32.814]    DEBUG: <PixTestHighRate.cc/doXPixelAlive:L406>  old set: level: 15
[16:30:32.814]    DEBUG: <PixTestHighRate.cc/doXPixelAlive:L406>  old set: triggerdelay: 0
[16:30:32.814]    DEBUG: <PixTestHighRate.cc/doXPixelAlive:L422>  setting: clk: 4
[16:30:32.814]    DEBUG: <PixTestHighRate.cc/doXPixelAlive:L422>  setting: ctr: 4
[16:30:32.814]    DEBUG: <PixTestHighRate.cc/doXPixelAlive:L422>  setting: sda: 19
[16:30:32.814]    DEBUG: <PixTestHighRate.cc/doXPixelAlive:L422>  setting: tin: 9
[16:30:32.814]    DEBUG: <PixTestHighRate.cc/doXPixelAlive:L422>  setting: level: 15
[16:30:32.814]    DEBUG: <PixTestHighRate.cc/doXPixelAlive:L422>  setting: triggerdelay: 80
[16:30:32.855]     INFO:       reading data/yhc691015sn2p20//defaultMaskFile.dat
[16:30:32.856]     INFO: ROC 4 masking pixel 43/74
[16:30:32.856]     INFO: ROC 5 masking pixel 32/42
[16:30:32.856]     INFO: ROC 5 masking pixel 42/32
[16:30:32.856]     INFO: ROC 5 masking pixel 45/49
[16:30:32.856]     INFO: ROC 6 masking pixel 11/43
[16:30:32.856]     INFO: ROC 7 masking pixel 45/46
[16:30:32.856]     INFO: ROC 8 masking pixel 30/26
[16:30:32.856]     INFO: ROC 8 masking pixel 48/47
[16:30:32.856]     INFO: ROC 8 masking pixel 49/44
[16:30:32.856]     INFO: ROC 9 masking pixel 26/17
[16:30:32.856]     INFO: ROC 10 masking pixel 50/59
[16:30:32.856]     INFO: ROC 11 masking pixel 8/68
[16:30:32.856]     INFO: ROC 12 masking pixel 7/51
[16:30:32.856]     INFO: ROC 12 masking pixel 44/48
[16:30:32.856]     INFO: ROC 14 masking pixel 35/42
[16:30:32.856]     INFO: ROC 14 masking pixel 43/65
[16:30:32.856]     INFO: ROC 15 masking pixel 38/52
[16:30:32.856]  WARNING: Pattern generator does not contain a trigger signal. No data is expected from the DUT!
[16:30:36.844]     INFO: IGNORE THE WARNING ABOVE (resetROC sent)!
[16:30:37.039]    DEBUG: <PixTest.cc/xEfficiencyMaps:L1875>       attempt #0
[16:30:52.388]     INFO: Test took 15349ms.
[16:30:54.045]     INFO: Fetched DAQ statistics. Counters are being reset now.
[16:30:54.243]    DEBUG: <PixTest.cc/xEfficiencyMaps:L1936> Size of results from : PixTestHighRate::xEfficiencyMaps: 2965605
[16:30:54.480]     INFO: number of dead pixels (per ROC):     0    1    1    2    3    8    3   74    6    8    3    6    5    0    4    2
[16:30:54.480]     INFO: number of red-efficiency pixels:     4    6  302  468  561  640  631  616  713  750  661  587  786  321   26    3
[16:30:54.480]     INFO: number of X-ray hits detected:    1665 7697 150224 230370 247442 256657 258162 238333 272940 275036 270973 247111 253991 163864 22582 2124
[16:30:54.480]     INFO: number of triggers sent (total per ROC):  208000 208000 208000 208000 208000 208000 208000 208000 208000 208000 208000 208000 208000 208000 208000 208000
[16:30:54.480]     INFO: number of Vcal hits detected:  207996 207945 207615 207401 207225 206908 207162 203651 206925 206754 207070 207037 203380 207649 207778 207899
[16:30:54.480]     INFO: Vcal hit fiducial efficiency (%):  100.0 100.0 99.9 99.8 99.7 99.7 99.7 99.7 99.6 99.6 99.6 99.7 97.8 99.8 100.0 100.0
[16:30:54.480]     INFO: Vcal hit overall efficiency (%):  100.0 100.0 99.8 99.7 99.6 99.5 99.6 97.9 99.5 99.4 99.6 99.5 97.8 99.8 99.9 100.0
[16:30:54.480]     INFO: X-ray hit rate [MHz/cm2]:  0.5 2.3 44.0 67.5 72.5 75.2 75.7 69.9 80.0 80.6 79.4 72.4 74.4 48.0 6.6 0.6
[16:30:54.480]     INFO: PixTestHighRate::doXPixelAlive() done
[16:30:54.522]    DEBUG: <PixTestHighRate.cc/doXPixelAlive:L541>  resetting: clk: 4
[16:30:54.523]    DEBUG: <PixTestHighRate.cc/doXPixelAlive:L541>  resetting: ctr: 4
[16:30:54.523]    DEBUG: <PixTestHighRate.cc/doXPixelAlive:L541>  resetting: sda: 19
[16:30:54.523]    DEBUG: <PixTestHighRate.cc/doXPixelAlive:L541>  resetting: tin: 9
[16:30:54.523]    DEBUG: <PixTestHighRate.cc/doXPixelAlive:L541>  resetting: level: 15
[16:30:54.523]    DEBUG: <PixTestHighRate.cc/doXPixelAlive:L541>  resetting: triggerdelay: 0
[16:30:54.523]     INFO: PixTest::       pg_setup set to default.
[16:30:54.523]     INFO:    ----------------------------------------------------------------------
[16:30:54.523]     INFO:    PixTestHighRate::runDaq() running for 5 seconds
[16:30:54.523]     INFO:    ----------------------------------------------------------------------
[16:30:54.541]     INFO:       reading data/yhc691015sn2p20//defaultMaskFile.dat
[16:30:54.541]     INFO: ROC 4 masking pixel 43/74
[16:30:54.541]     INFO: ROC 5 masking pixel 32/42
[16:30:54.541]     INFO: ROC 5 masking pixel 42/32
[16:30:54.541]     INFO: ROC 5 masking pixel 45/49
[16:30:54.541]     INFO: ROC 6 masking pixel 11/43
[16:30:54.541]     INFO: ROC 7 masking pixel 45/46
[16:30:54.541]     INFO: ROC 8 masking pixel 30/26
[16:30:54.541]     INFO: ROC 8 masking pixel 48/47
[16:30:54.541]     INFO: ROC 8 masking pixel 49/44
[16:30:54.541]     INFO: ROC 9 masking pixel 26/17
[16:30:54.541]     INFO: ROC 10 masking pixel 50/59
[16:30:54.541]     INFO: ROC 11 masking pixel 8/68
[16:30:54.541]     INFO: ROC 12 masking pixel 7/51
[16:30:54.541]     INFO: ROC 12 masking pixel 44/48
[16:30:54.541]     INFO: ROC 14 masking pixel 35/42
[16:30:54.541]     INFO: ROC 14 masking pixel 43/65
[16:30:54.541]     INFO: ROC 15 masking pixel 38/52
[16:30:54.541]    DEBUG: <PixTestHighRate.cc/doRunDaq:L583>  old set: clk: 4
[16:30:54.541]    DEBUG: <PixTestHighRate.cc/doRunDaq:L583>  old set: ctr: 4
[16:30:54.541]    DEBUG: <PixTestHighRate.cc/doRunDaq:L583>  old set: sda: 19
[16:30:54.541]    DEBUG: <PixTestHighRate.cc/doRunDaq:L583>  old set: tin: 9
[16:30:54.541]    DEBUG: <PixTestHighRate.cc/doRunDaq:L583>  old set: level: 15
[16:30:54.541]    DEBUG: <PixTestHighRate.cc/doRunDaq:L583>  old set: triggerdelay: 0
[16:30:54.541]    DEBUG: <PixTestHighRate.cc/doRunDaq:L599>  setting: clk: 4
[16:30:54.541]    DEBUG: <PixTestHighRate.cc/doRunDaq:L599>  setting: ctr: 4
[16:30:54.541]    DEBUG: <PixTestHighRate.cc/doRunDaq:L599>  setting: sda: 19
[16:30:54.541]    DEBUG: <PixTestHighRate.cc/doRunDaq:L599>  setting: tin: 9
[16:30:54.541]    DEBUG: <PixTestHighRate.cc/doRunDaq:L599>  setting: level: 15
[16:30:54.541]    DEBUG: <PixTestHighRate.cc/doRunDaq:L599>  setting: triggerdelay: 80
[16:30:54.542]  WARNING: Pattern generator does not contain a trigger signal. No data is expected from the DUT!
[16:30:55.573]     INFO: IGNORE THE WARNING ABOVE (resetROC sent)!
[16:30:56.751]     INFO: PixTestHighRate::doHitMap start TriggerLoop with trigger frequency 20 kHz, period 2011 and duration 5 seconds
[16:31:01.752]     INFO: data taking finished, elapsed time: 5 seconds.
[16:31:04.577]    DEBUG: <PixTestHighRate.cc/fillMap:L699> Processing Data: 99436 events with 1288502 pixels
[16:31:04.600]     INFO: PixTest::       pg_setup set to default.
[16:31:04.622]    DEBUG: <PixTestHighRate.cc/doRunDaq:L617> analyzing hitMap_daqbbtest_C0_V0
[16:31:04.622]    DEBUG: <PixTestHighRate.cc/doRunDaq:L617> analyzing hitMap_daqbbtest_C1_V0
[16:31:04.623]    DEBUG: <PixTestHighRate.cc/doRunDaq:L617> analyzing hitMap_daqbbtest_C2_V0
[16:31:04.623]    DEBUG: <PixTestHighRate.cc/doRunDaq:L617> analyzing hitMap_daqbbtest_C3_V0
[16:31:04.623]    DEBUG: <PixTestHighRate.cc/doRunDaq:L617> analyzing hitMap_daqbbtest_C4_V0
[16:31:04.623]    DEBUG: <PixTestHighRate.cc/doRunDaq:L617> analyzing hitMap_daqbbtest_C5_V0
[16:31:04.623]    DEBUG: <PixTestHighRate.cc/doRunDaq:L617> analyzing hitMap_daqbbtest_C6_V0
[16:31:04.623]    DEBUG: <PixTestHighRate.cc/doRunDaq:L617> analyzing hitMap_daqbbtest_C7_V0
[16:31:04.623]    DEBUG: <PixTestHighRate.cc/doRunDaq:L617> analyzing hitMap_daqbbtest_C8_V0
[16:31:04.623]    DEBUG: <PixTestHighRate.cc/doRunDaq:L617> analyzing hitMap_daqbbtest_C9_V0
[16:31:04.623]    DEBUG: <PixTestHighRate.cc/doRunDaq:L617> analyzing hitMap_daqbbtest_C10_V0
[16:31:04.624]    DEBUG: <PixTestHighRate.cc/doRunDaq:L617> analyzing hitMap_daqbbtest_C11_V0
[16:31:04.624]    DEBUG: <PixTestHighRate.cc/doRunDaq:L617> analyzing hitMap_daqbbtest_C12_V0
[16:31:04.624]    DEBUG: <PixTestHighRate.cc/doRunDaq:L617> analyzing hitMap_daqbbtest_C13_V0
[16:31:04.624]    DEBUG: <PixTestHighRate.cc/doRunDaq:L617> analyzing hitMap_daqbbtest_C14_V0
[16:31:04.624]    DEBUG: <PixTestHighRate.cc/doRunDaq:L617> analyzing hitMap_daqbbtest_C15_V0
[16:31:04.624]    DEBUG: <PixTestHighRate.cc/doRunDaq:L629>  resetting: clk: 4
[16:31:04.624]    DEBUG: <PixTestHighRate.cc/doRunDaq:L629>  resetting: ctr: 4
[16:31:04.624]    DEBUG: <PixTestHighRate.cc/doRunDaq:L629>  resetting: sda: 19
[16:31:04.624]    DEBUG: <PixTestHighRate.cc/doRunDaq:L629>  resetting: tin: 9
[16:31:04.624]    DEBUG: <PixTestHighRate.cc/doRunDaq:L629>  resetting: level: 15
[16:31:04.624]    DEBUG: <PixTestHighRate.cc/doRunDaq:L629>  resetting: triggerdelay: 0
[16:31:04.624]     INFO: Pixels without X-ray hits (per ROC):  3503  2761   389    36    36   516   194   191    32   593    25   392    26   287  2019  3354 
[16:31:04.624]     INFO: PixTestHighRate::doRunDaq() done
[16:31:04.624]     INFO: PixTestHighRate::doTest() done 
[16:31:29.638]    DEBUG: <PixTest.cc/moduleMap:L943> moduleMap histname: what
[16:31:29.638]    DEBUG: <PixTest.cc/moduleMap:L953> h1->GetName() = hitMap_daqbbtest_C14_V0 -> hitMap_daqbbtest_mod
[16:31:32.230]    DEBUG: <PixGui.cc/handleButtons:L393> PixGui::exit called
[16:31:32.230]    DEBUG: <PixTestBBMap.cc/~PixTestBBMap:L96> PixTestBBMap dtor
[16:31:32.230]    DEBUG: <PixTestBB2Map.cc/~PixTestBB2Map:L114> PixTestBB2Map dtor
[16:31:32.230]    DEBUG: <PixTestDaq.cc/~PixTestDaq:L36> PixTestDaq dtor
[16:31:32.230]    DEBUG: <PixTestDacDacScan.cc/~PixTestDacDacScan:L135> PixTestDacDacScan dtor
[16:31:32.230]    DEBUG: <PixTestDacScan.cc/~PixTestDacScan:L115> PixTestDacScan dtor
[16:31:32.230]    DEBUG: <PixTestGainPedestal.cc/~PixTestGainPedestal:L121> PixTestGainPedestal dtor
[16:31:32.230]    DEBUG: <PixTestHighRate.cc/~PixTestHighRate:L203> PixTestHighRate dtor
[16:31:32.328]    DEBUG: <PixTestIV.cc/~PixTestIV:L96> PixTestIV dtor
[16:31:32.328]    DEBUG: <PixTestAlive.cc/~PixTestAlive:L108> PixTestAlive dtor
[16:31:32.328]    DEBUG: <PixTestPretest.cc/~PixTestPretest:L133> PixTestPretest dtor
[16:31:32.328]    DEBUG: <PixTestReadback.cc/~PixTestReadback:L89> PixTestReadback dtor, saving tree ... 
[16:31:32.329]    DEBUG: <PixTestScurves.cc/~PixTestScurves:L127> PixTestScurves dtor
[16:31:32.329]    DEBUG: <PixTestTiming.cc/~PixTestTiming:L87> PixTestTiming dtor
[16:31:32.329]    DEBUG: <PixTestTrim.cc/~PixTestTrim:L103> PixTestTrim dtor
[16:31:32.329]    DEBUG: <PixTestXray.cc/~PixTestXray:L215> PixTestXray dtor
[16:31:32.332]    QUIET: Connection to board 58 closed.
[16:31:32.333]    DEBUG: <PixMonitor.cc/dumpSummaries:L34> PixMonitor::dumpSummaries
