[16:24:23.967]     INFO: *** Welcome to pxar ***
[16:24:23.967]     INFO: *** Today: 2015/07/01
[16:24:23.967]     INFO:       reading data/yhc691015sn2p20//dacParameters35_C0.dat
[16:24:23.967]     INFO:       reading data/yhc691015sn2p20//dacParameters35_C1.dat
[16:24:23.967]     INFO:       reading data/yhc691015sn2p20//dacParameters35_C2.dat
[16:24:23.967]     INFO:       reading data/yhc691015sn2p20//dacParameters35_C3.dat
[16:24:23.967]     INFO:       reading data/yhc691015sn2p20//dacParameters35_C4.dat
[16:24:23.968]     INFO:       reading data/yhc691015sn2p20//dacParameters35_C5.dat
[16:24:23.968]     INFO:       reading data/yhc691015sn2p20//dacParameters35_C6.dat
[16:24:23.968]     INFO:       reading data/yhc691015sn2p20//dacParameters35_C7.dat
[16:24:23.968]     INFO:       reading data/yhc691015sn2p20//dacParameters35_C8.dat
[16:24:23.968]     INFO:       reading data/yhc691015sn2p20//dacParameters35_C9.dat
[16:24:23.968]     INFO:       reading data/yhc691015sn2p20//dacParameters35_C10.dat
[16:24:23.968]     INFO:       reading data/yhc691015sn2p20//dacParameters35_C11.dat
[16:24:23.968]     INFO:       reading data/yhc691015sn2p20//dacParameters35_C12.dat
[16:24:23.968]     INFO:       reading data/yhc691015sn2p20//dacParameters35_C13.dat
[16:24:23.968]     INFO:       reading data/yhc691015sn2p20//dacParameters35_C14.dat
[16:24:23.968]     INFO:       reading data/yhc691015sn2p20//dacParameters35_C15.dat
[16:24:23.968]     INFO:       reading data/yhc691015sn2p20//tbmParameters_C0a.dat
[16:24:23.968]     INFO:       reading data/yhc691015sn2p20//tbmParameters_C0b.dat
[16:24:23.968]     INFO:       reading data/yhc691015sn2p20//defaultMaskFile.dat
[16:24:23.968]     INFO: MASKED Roc 4 col/row: 43 74
[16:24:23.968]     INFO: MASKED Roc 5 col/row: 32 42
[16:24:23.968]     INFO: MASKED Roc 5 col/row: 42 32
[16:24:23.968]     INFO: MASKED Roc 5 col/row: 45 49
[16:24:23.968]     INFO: MASKED Roc 6 col/row: 11 43
[16:24:23.968]     INFO: MASKED Roc 7 col/row: 45 46
[16:24:23.968]     INFO: MASKED Roc 8 col/row: 30 26
[16:24:23.969]     INFO: MASKED Roc 8 col/row: 48 47
[16:24:23.969]     INFO: MASKED Roc 8 col/row: 49 44
[16:24:23.969]     INFO: MASKED Roc 9 col/row: 26 17
[16:24:23.969]     INFO: MASKED Roc 10 col/row: 50 59
[16:24:23.969]     INFO: MASKED Roc 11 col/row: 8 68
[16:24:23.969]     INFO: MASKED Roc 12 col/row: 7 51
[16:24:23.969]     INFO: MASKED Roc 12 col/row: 44 48
[16:24:23.969]     INFO: MASKED Roc 14 col/row: 35 42
[16:24:23.969]     INFO: MASKED Roc 14 col/row: 43 65
[16:24:23.969]     INFO: MASKED Roc 15 col/row: 38 52
[16:24:23.969]     INFO:       reading data/yhc691015sn2p20//trimParameters35_C0.dat
[16:24:23.975]     INFO:       reading data/yhc691015sn2p20//trimParameters35_C1.dat
[16:24:23.982]     INFO:       reading data/yhc691015sn2p20//trimParameters35_C2.dat
[16:24:23.988]     INFO:       reading data/yhc691015sn2p20//trimParameters35_C3.dat
[16:24:23.995]     INFO:   masking Roc 4 col/row: 43 74
[16:24:23.995]     INFO:       reading data/yhc691015sn2p20//trimParameters35_C4.dat
[16:24:24.001]     INFO:   masking Roc 5 col/row: 32 42
[16:24:24.002]     INFO:   masking Roc 5 col/row: 42 32
[16:24:24.002]     INFO:   masking Roc 5 col/row: 45 49
[16:24:24.002]     INFO:       reading data/yhc691015sn2p20//trimParameters35_C5.dat
[16:24:24.008]     INFO:   masking Roc 6 col/row: 11 43
[16:24:24.008]     INFO:       reading data/yhc691015sn2p20//trimParameters35_C6.dat
[16:24:24.015]     INFO:   masking Roc 7 col/row: 45 46
[16:24:24.015]     INFO:       reading data/yhc691015sn2p20//trimParameters35_C7.dat
[16:24:24.021]     INFO:   masking Roc 8 col/row: 30 26
[16:24:24.021]     INFO:   masking Roc 8 col/row: 48 47
[16:24:24.021]     INFO:   masking Roc 8 col/row: 49 44
[16:24:24.022]     INFO:       reading data/yhc691015sn2p20//trimParameters35_C8.dat
[16:24:24.028]     INFO:   masking Roc 9 col/row: 26 17
[16:24:24.028]     INFO:       reading data/yhc691015sn2p20//trimParameters35_C9.dat
[16:24:24.035]     INFO:   masking Roc 10 col/row: 50 59
[16:24:24.035]     INFO:       reading data/yhc691015sn2p20//trimParameters35_C10.dat
[16:24:24.041]     INFO:   masking Roc 11 col/row: 8 68
[16:24:24.042]     INFO:       reading data/yhc691015sn2p20//trimParameters35_C11.dat
[16:24:24.048]     INFO:   masking Roc 12 col/row: 7 51
[16:24:24.048]     INFO:   masking Roc 12 col/row: 44 48
[16:24:24.048]     INFO:       reading data/yhc691015sn2p20//trimParameters35_C12.dat
[16:24:24.055]     INFO:       reading data/yhc691015sn2p20//trimParameters35_C13.dat
[16:24:24.061]     INFO:   masking Roc 14 col/row: 35 42
[16:24:24.061]     INFO:   masking Roc 14 col/row: 43 65
[16:24:24.061]     INFO:       reading data/yhc691015sn2p20//trimParameters35_C14.dat
[16:24:24.068]     INFO:   masking Roc 15 col/row: 38 52
[16:24:24.068]     INFO:       reading data/yhc691015sn2p20//trimParameters35_C15.dat
[16:24:24.075]     INFO:       reading data/yhc691015sn2p20//tbParameters.dat
[16:24:24.075]     INFO:         clk: 4
[16:24:24.075]     INFO:         ctr: 4
[16:24:24.075]     INFO:         sda: 19
[16:24:24.075]     INFO:         tin: 9
[16:24:24.075]     INFO:         level: 15
[16:24:24.075]     INFO:         triggerdelay: 0
[16:24:24.075]    QUIET: Instanciating API for pxar v1.9.0
[16:24:24.075]     INFO: Log level: DEBUG
[16:24:24.088]    QUIET: Connection to board DTB_WRPRHI opened.
[16:24:24.091]     INFO: DTB startup information
--- DTB info------------------------------------------
Board id:    58
HW version:  DTB1.2
FW version:  3.2
SW version:  3.6
USB id:      DTB_WRPRHI
MAC address: 40D85511803A
Hostname:    pixelDTB058
Comment:     
------------------------------------------------------
[16:24:24.095]     INFO: RPC call hashes of host and DTB match: 413001178
[16:24:25.706]     INFO: DUT info: 
[16:24:25.706]     INFO: The DUT currently contains the following objects:
[16:24:25.706]     INFO:  2 TBM Cores (2 ON)
[16:24:25.706]     INFO: 	TBM Core alpha (0): 7 registers set
[16:24:25.706]     INFO: 	TBM Core beta  (1): 7 registers set
[16:24:25.706]     INFO: 16 ROCs (16 ON) with 4160 pixelConfigs
[16:24:25.706]     INFO: 	ROC 0: 21 DACs set, Pixels: 0 masked, 4160 active.
[16:24:25.706]     INFO: 	ROC 1: 21 DACs set, Pixels: 0 masked, 4160 active.
[16:24:25.706]     INFO: 	ROC 2: 21 DACs set, Pixels: 0 masked, 4160 active.
[16:24:25.706]     INFO: 	ROC 3: 21 DACs set, Pixels: 0 masked, 4160 active.
[16:24:25.706]     INFO: 	ROC 4: 21 DACs set, Pixels: 1 masked, 4160 active.
[16:24:25.706]     INFO: 	ROC 5: 21 DACs set, Pixels: 3 masked, 4160 active.
[16:24:25.706]     INFO: 	ROC 6: 21 DACs set, Pixels: 1 masked, 4160 active.
[16:24:25.706]     INFO: 	ROC 7: 21 DACs set, Pixels: 1 masked, 4160 active.
[16:24:25.706]     INFO: 	ROC 8: 21 DACs set, Pixels: 3 masked, 4160 active.
[16:24:25.706]     INFO: 	ROC 9: 21 DACs set, Pixels: 1 masked, 4160 active.
[16:24:25.706]     INFO: 	ROC 10: 21 DACs set, Pixels: 1 masked, 4160 active.
[16:24:25.706]     INFO: 	ROC 11: 21 DACs set, Pixels: 1 masked, 4160 active.
[16:24:25.706]     INFO: 	ROC 12: 21 DACs set, Pixels: 2 masked, 4160 active.
[16:24:25.706]     INFO: 	ROC 13: 21 DACs set, Pixels: 0 masked, 4160 active.
[16:24:25.706]     INFO: 	ROC 14: 21 DACs set, Pixels: 2 masked, 4160 active.
[16:24:25.706]     INFO: 	ROC 15: 21 DACs set, Pixels: 1 masked, 4160 active.
[16:24:25.706]    DEBUG: <PixTestParameters.cc/dump:L104> PixTestParameters: ->BB<-
[16:24:25.707]    DEBUG: <PixTestParameters.cc/dump:L107>   dumpall: checkbox(0)
[16:24:25.707]    DEBUG: <PixTestParameters.cc/dump:L107>   dumpproblematic: checkbox(0)
[16:24:25.707]    DEBUG: <PixTestParameters.cc/dump:L107>   ntrig: 5
[16:24:25.707]    DEBUG: <PixTestParameters.cc/dump:L107>   vcals: 250
[16:24:25.707]    DEBUG: <PixTestParameters.cc/dump:L104> PixTestParameters: ->BB2<-
[16:24:25.707]    DEBUG: <PixTestParameters.cc/dump:L107>   ntrig: 10
[16:24:25.707]    DEBUG: <PixTestParameters.cc/dump:L107>   vcals: 222
[16:24:25.707]    DEBUG: <PixTestParameters.cc/dump:L107>   plwidth: 35
[16:24:25.707]    DEBUG: <PixTestParameters.cc/dump:L107>   pix: 11,20
[16:24:25.707]    DEBUG: <PixTestParameters.cc/dump:L107>   targetia: 24
[16:24:25.707]    DEBUG: <PixTestParameters.cc/dump:L104> PixTestParameters: ->DAQ<-
[16:24:25.707]    DEBUG: <PixTestParameters.cc/dump:L107>   delaytbm: checkbox
[16:24:25.707]    DEBUG: <PixTestParameters.cc/dump:L107>   filltree: checkbox
[16:24:25.707]    DEBUG: <PixTestParameters.cc/dump:L107>   trgfrequency(khz): 100
[16:24:25.707]    DEBUG: <PixTestParameters.cc/dump:L107>   maskhotpixels: button
[16:24:25.707]    DEBUG: <PixTestParameters.cc/dump:L107>   trgnumber: 5
[16:24:25.707]    DEBUG: <PixTestParameters.cc/dump:L107>   iterations: 10
[16:24:25.707]    DEBUG: <PixTestParameters.cc/dump:L107>   rundaqtrg: button
[16:24:25.707]    DEBUG: <PixTestParameters.cc/dump:L107>   daqseconds: 600
[16:24:25.707]    DEBUG: <PixTestParameters.cc/dump:L107>   rundaqseconds: button
[16:24:25.707]    DEBUG: <PixTestParameters.cc/dump:L104> PixTestParameters: ->DacDacScan<-
[16:24:25.707]    DEBUG: <PixTestParameters.cc/dump:L107>   phmap: checkbox
[16:24:25.707]    DEBUG: <PixTestParameters.cc/dump:L107>   ntrig: 10
[16:24:25.707]    DEBUG: <PixTestParameters.cc/dump:L107>   dac1: caldel
[16:24:25.707]    DEBUG: <PixTestParameters.cc/dump:L107>   dac1lo: 0
[16:24:25.707]    DEBUG: <PixTestParameters.cc/dump:L107>   dac1hi: 255
[16:24:25.707]    DEBUG: <PixTestParameters.cc/dump:L107>   dac2: vthrcomp
[16:24:25.707]    DEBUG: <PixTestParameters.cc/dump:L107>   dac2lo: 0
[16:24:25.707]    DEBUG: <PixTestParameters.cc/dump:L107>   dac2hi: 255
[16:24:25.707]    DEBUG: <PixTestParameters.cc/dump:L107>   pix: 11,20
[16:24:25.707]    DEBUG: <PixTestParameters.cc/dump:L104> PixTestParameters: ->DacScan<-
[16:24:25.707]    DEBUG: <PixTestParameters.cc/dump:L107>   phmap: checkbox(1)
[16:24:25.707]    DEBUG: <PixTestParameters.cc/dump:L107>   allpixels: checkbox(0)
[16:24:25.707]    DEBUG: <PixTestParameters.cc/dump:L107>   unmasked: checkbox(0)
[16:24:25.707]    DEBUG: <PixTestParameters.cc/dump:L107>   ntrig: 10
[16:24:25.707]    DEBUG: <PixTestParameters.cc/dump:L107>   dac: vcal
[16:24:25.707]    DEBUG: <PixTestParameters.cc/dump:L107>   daclo: 0
[16:24:25.707]    DEBUG: <PixTestParameters.cc/dump:L107>   dachi: 255
[16:24:25.707]    DEBUG: <PixTestParameters.cc/dump:L107>   pix: 11,20
[16:24:25.707]    DEBUG: <PixTestParameters.cc/dump:L104> PixTestParameters: ->GainPedestal<-
[16:24:25.707]    DEBUG: <PixTestParameters.cc/dump:L107>   showfits: checkbox(0)
[16:24:25.707]    DEBUG: <PixTestParameters.cc/dump:L107>   extended: checkbox(0)
[16:24:25.707]    DEBUG: <PixTestParameters.cc/dump:L107>   dumphists: checkbox(0)
[16:24:25.707]    DEBUG: <PixTestParameters.cc/dump:L107>   ntrig: 10
[16:24:25.707]    DEBUG: <PixTestParameters.cc/dump:L107>   measure: button
[16:24:25.707]    DEBUG: <PixTestParameters.cc/dump:L107>   fit: button
[16:24:25.707]    DEBUG: <PixTestParameters.cc/dump:L107>   save: button
[16:24:25.707]    DEBUG: <PixTestParameters.cc/dump:L104> PixTestParameters: ->HighRate<-
[16:24:25.707]    DEBUG: <PixTestParameters.cc/dump:L107>   pix: 11,20
[16:24:25.707]    DEBUG: <PixTestParameters.cc/dump:L107>   maskhotpixels: button
[16:24:25.707]    DEBUG: <PixTestParameters.cc/dump:L107>   savemaskfile: checkbox(0)
[16:24:25.707]    DEBUG: <PixTestParameters.cc/dump:L107>   maskfilename: default
[16:24:25.707]    DEBUG: <PixTestParameters.cc/dump:L107>   caldelscan: button
[16:24:25.707]    DEBUG: <PixTestParameters.cc/dump:L107>   xpixelalive: button
[16:24:25.707]    DEBUG: <PixTestParameters.cc/dump:L107>   ntrig: 50
[16:24:25.707]    DEBUG: <PixTestParameters.cc/dump:L107>   vcal: 200
[16:24:25.707]    DEBUG: <PixTestParameters.cc/dump:L107>   xnoisemaps: button
[16:24:25.707]    DEBUG: <PixTestParameters.cc/dump:L107>   daclo: 0
[16:24:25.707]    DEBUG: <PixTestParameters.cc/dump:L107>   dachi: 100
[16:24:25.707]    DEBUG: <PixTestParameters.cc/dump:L107>   dacs/step: 20
[16:24:25.707]    DEBUG: <PixTestParameters.cc/dump:L107>   rundaq: button
[16:24:25.707]    DEBUG: <PixTestParameters.cc/dump:L107>   trgfrequency(khz): 20
[16:24:25.707]    DEBUG: <PixTestParameters.cc/dump:L107>   runseconds: 5
[16:24:25.707]    DEBUG: <PixTestParameters.cc/dump:L107>   triggerdelay: 80
[16:24:25.707]    DEBUG: <PixTestParameters.cc/dump:L107>   delaytbm: checkbox
[16:24:25.707]    DEBUG: <PixTestParameters.cc/dump:L107>   filltree: checkbox
[16:24:25.707]    DEBUG: <PixTestParameters.cc/dump:L104> PixTestParameters: ->IV<-
[16:24:25.707]    DEBUG: <PixTestParameters.cc/dump:L107>   port: /dev/FIXME
[16:24:25.707]    DEBUG: <PixTestParameters.cc/dump:L107>   voltagestart: 0
[16:24:25.707]    DEBUG: <PixTestParameters.cc/dump:L107>   voltagestop: 600
[16:24:25.707]    DEBUG: <PixTestParameters.cc/dump:L107>   voltagestep: 5
[16:24:25.707]    DEBUG: <PixTestParameters.cc/dump:L107>   delay: 1
[16:24:25.707]    DEBUG: <PixTestParameters.cc/dump:L107>   compliance(ua): 100
[16:24:25.707]    DEBUG: <PixTestParameters.cc/dump:L104> PixTestParameters: ->PhOptimization<-
[16:24:25.707]    DEBUG: <PixTestParameters.cc/dump:L107>   ntrig: 10
[16:24:25.707]    DEBUG: <PixTestParameters.cc/dump:L107>   safetymarginlow: 20
[16:24:25.707]    DEBUG: <PixTestParameters.cc/dump:L107>   saturationvcal: 100
[16:24:25.707]    DEBUG: <PixTestParameters.cc/dump:L107>   quantilesaturation: 0.98
[16:24:25.707]    DEBUG: <PixTestParameters.cc/dump:L104> PixTestParameters: ->PixelAlive<-
[16:24:25.708]    DEBUG: <PixTestParameters.cc/dump:L107>   ntrig: 10
[16:24:25.708]    DEBUG: <PixTestParameters.cc/dump:L107>   vcal: 200
[16:24:25.708]    DEBUG: <PixTestParameters.cc/dump:L107>   alivetest: button
[16:24:25.708]    DEBUG: <PixTestParameters.cc/dump:L107>   masktest: button
[16:24:25.708]    DEBUG: <PixTestParameters.cc/dump:L107>   addressdecodingtest: button
[16:24:25.708]    DEBUG: <PixTestParameters.cc/dump:L104> PixTestParameters: ->Pretest<-
[16:24:25.708]    DEBUG: <PixTestParameters.cc/dump:L107>   programroc: button
[16:24:25.708]    DEBUG: <PixTestParameters.cc/dump:L107>   targetia: 24
[16:24:25.708]    DEBUG: <PixTestParameters.cc/dump:L107>   setvana: button
[16:24:25.708]    DEBUG: <PixTestParameters.cc/dump:L107>   iterations: 100
[16:24:25.708]    DEBUG: <PixTestParameters.cc/dump:L107>   settimings: button
[16:24:25.708]    DEBUG: <PixTestParameters.cc/dump:L107>   findworkingpixel: button
[16:24:25.708]    DEBUG: <PixTestParameters.cc/dump:L107>   setvthrcompcaldel: button
[16:24:25.708]    DEBUG: <PixTestParameters.cc/dump:L107>   pix: 11,20
[16:24:25.708]    DEBUG: <PixTestParameters.cc/dump:L107>   vcal: 250
[16:24:25.708]    DEBUG: <PixTestParameters.cc/dump:L107>   deltavthrcomp: 50
[16:24:25.708]    DEBUG: <PixTestParameters.cc/dump:L107>   fraccaldel: 0.5
[16:24:25.708]    DEBUG: <PixTestParameters.cc/dump:L107>   ntrig: 5
[16:24:25.708]    DEBUG: <PixTestParameters.cc/dump:L107>   savedacs: button
[16:24:25.708]    DEBUG: <PixTestParameters.cc/dump:L104> PixTestParameters: ->Readback<-
[16:24:25.708]    DEBUG: <PixTestParameters.cc/dump:L107>   calibratevd: button
[16:24:25.708]    DEBUG: <PixTestParameters.cc/dump:L107>   calibrateva: button
[16:24:25.708]    DEBUG: <PixTestParameters.cc/dump:L107>   calibrateia: button
[16:24:25.708]    DEBUG: <PixTestParameters.cc/dump:L107>   readbackvbg: button
[16:24:25.708]    DEBUG: <PixTestParameters.cc/dump:L107>   getcalibratedvbg: button
[16:24:25.708]    DEBUG: <PixTestParameters.cc/dump:L107>   usecalvd: checkbox(1)
[16:24:25.708]    DEBUG: <PixTestParameters.cc/dump:L107>   usecalva: checkbox(0)
[16:24:25.708]    DEBUG: <PixTestParameters.cc/dump:L107>   getcalibratedia: button
[16:24:25.708]    DEBUG: <PixTestParameters.cc/dump:L107>   setvana: button
[16:24:25.708]    DEBUG: <PixTestParameters.cc/dump:L104> PixTestParameters: ->Scurves<-
[16:24:25.708]    DEBUG: <PixTestParameters.cc/dump:L107>   adjustvcal: checkbox(1)
[16:24:25.708]    DEBUG: <PixTestParameters.cc/dump:L107>   dumpall: checkbox(0)
[16:24:25.708]    DEBUG: <PixTestParameters.cc/dump:L107>   dumpproblematic: checkbox(0)
[16:24:25.708]    DEBUG: <PixTestParameters.cc/dump:L107>   ntrig: 50
[16:24:25.708]    DEBUG: <PixTestParameters.cc/dump:L107>   dac: VthrComp
[16:24:25.708]    DEBUG: <PixTestParameters.cc/dump:L107>   daclo: 0
[16:24:25.708]    DEBUG: <PixTestParameters.cc/dump:L107>   dachi: 200
[16:24:25.708]    DEBUG: <PixTestParameters.cc/dump:L107>   dacs/step: 10
[16:24:25.708]    DEBUG: <PixTestParameters.cc/dump:L107>   scurves: button
[16:24:25.708]    DEBUG: <PixTestParameters.cc/dump:L104> PixTestParameters: ->Timing<-
[16:24:25.708]    DEBUG: <PixTestParameters.cc/dump:L107>   fastscan: checkbox(0)
[16:24:25.708]    DEBUG: <PixTestParameters.cc/dump:L107>   targetclk: 4
[16:24:25.708]    DEBUG: <PixTestParameters.cc/dump:L107>   ntrig: 10
[16:24:25.708]    DEBUG: <PixTestParameters.cc/dump:L107>   clocksdascan: button
[16:24:25.708]    DEBUG: <PixTestParameters.cc/dump:L107>   phasescan: button
[16:24:25.708]    DEBUG: <PixTestParameters.cc/dump:L107>   levelscan: button
[16:24:25.708]    DEBUG: <PixTestParameters.cc/dump:L107>   tbmphasescan: button
[16:24:25.708]    DEBUG: <PixTestParameters.cc/dump:L107>   rocdelayscan: button
[16:24:25.708]    DEBUG: <PixTestParameters.cc/dump:L107>   timingtest: button
[16:24:25.708]    DEBUG: <PixTestParameters.cc/dump:L107>   saveparameters: button
[16:24:25.708]    DEBUG: <PixTestParameters.cc/dump:L104> PixTestParameters: ->Trim<-
[16:24:25.708]    DEBUG: <PixTestParameters.cc/dump:L107>   trim: button
[16:24:25.708]    DEBUG: <PixTestParameters.cc/dump:L107>   ntrig: 10
[16:24:25.708]    DEBUG: <PixTestParameters.cc/dump:L107>   vcal: 35
[16:24:25.708]    DEBUG: <PixTestParameters.cc/dump:L107>   trimbits: button
[16:24:25.708]    DEBUG: <PixTestParameters.cc/dump:L104> PixTestParameters: ->Xray<-
[16:24:25.708]    DEBUG: <PixTestParameters.cc/dump:L107>   maskhotpixels: button
[16:24:25.708]    DEBUG: <PixTestParameters.cc/dump:L107>   savemaskfile: checkbox(0)
[16:24:25.708]    DEBUG: <PixTestParameters.cc/dump:L107>   maskfilename: default
[16:24:25.708]    DEBUG: <PixTestParameters.cc/dump:L107>   source: Ag
[16:24:25.708]    DEBUG: <PixTestParameters.cc/dump:L107>   phrun: button
[16:24:25.708]    DEBUG: <PixTestParameters.cc/dump:L107>   runseconds: 600
[16:24:25.708]    DEBUG: <PixTestParameters.cc/dump:L107>   trgfrequency(khz): 100
[16:24:25.708]    DEBUG: <PixTestParameters.cc/dump:L107>   ratescan: button
[16:24:25.708]    DEBUG: <PixTestParameters.cc/dump:L107>   vthrcompmin: 10
[16:24:25.708]    DEBUG: <PixTestParameters.cc/dump:L107>   vthrcompmax: 80
[16:24:25.708]    DEBUG: <PixTestParameters.cc/dump:L107>   stepseconds: 5
[16:24:25.708]    DEBUG: <PixTestParameters.cc/dump:L107>   delaytbm: checkbox
[16:24:25.708]    DEBUG: <PixTestParameters.cc/dump:L107>   filltree: checkbox
[16:24:25.708]    DEBUG: <PixSetup.cc/init:L81> PixSetup init start; getCurrentRSS() = 33132544
[16:24:25.708]    DEBUG: <PixSetup.cc/init:L87> fPixTestParameters = 0x2a76a00
[16:24:25.709]    DEBUG: <PixSetup.cc/init:L88>  fConfigParameters = 0x29b9890
[16:24:25.709]    DEBUG: <PixSetup.cc/init:L89>        fPxarMemory = 0x7f7de9d94010
[16:24:25.709]    DEBUG: <PixSetup.cc/init:L90>         fPxarMemHi = 0x7f7deffff510
[16:24:25.709]    DEBUG: <PixSetup.cc/init:L106> PixSetup init done;  getCurrentRSS() = 33140736 fPxarMemory = 0x7f7de9d94010
[16:24:26.200]    DEBUG: <PixGui.cc/hvOn:L457> HV set On: 0x30519a0
[16:24:26.264]    DEBUG: <PixTestFactory.cc/PixTestFactory:L50> PixTestFactory::PixTestFactory()
[16:24:26.264]    DEBUG: <PixTestBBMap.cc/init:L78> PixTestBBMap::init()
[16:24:26.264]    DEBUG: <PixTestBBMap.cc/PixTestBBMap:L26> PixTestBBMap ctor(PixSetup &a, string, TGTab *)
[16:24:26.270]    DEBUG: <PixTestBB2Map.cc/setParameter:L57> setting fTargetIa    = 24 mA/ROC
[16:24:26.270]    DEBUG: <PixTestBB2Map.cc/init:L96> PixTestBB2Map::init()
[16:24:26.270]    DEBUG: <PixTestBB2Map.cc/PixTestBB2Map:L28> PixTestBB2Map ctor(PixSetup &a, string, TGTab *)
[16:24:26.281]    DEBUG: <PixTestDaq.cc/init:L43> PixTestDaq::init()
[16:24:26.281]    DEBUG: <PixTestDaq.cc/PixTestDaq:L21> PixTestDaq ctor(PixSetup &a, string, TGTab *)
[16:24:26.281]     INFO:       reading data/yhc691015sn2p20//phCalibrationFitErr35_C0.dat
[16:24:26.301]     INFO:       reading data/yhc691015sn2p20//phCalibrationFitErr35_C1.dat
[16:24:26.317]     INFO:       reading data/yhc691015sn2p20//phCalibrationFitErr35_C2.dat
[16:24:26.333]     INFO:       reading data/yhc691015sn2p20//phCalibrationFitErr35_C3.dat
[16:24:26.348]     INFO:       reading data/yhc691015sn2p20//phCalibrationFitErr35_C4.dat
[16:24:26.364]     INFO:       reading data/yhc691015sn2p20//phCalibrationFitErr35_C5.dat
[16:24:26.380]     INFO:       reading data/yhc691015sn2p20//phCalibrationFitErr35_C6.dat
[16:24:26.396]     INFO:       reading data/yhc691015sn2p20//phCalibrationFitErr35_C7.dat
[16:24:26.411]     INFO:       reading data/yhc691015sn2p20//phCalibrationFitErr35_C8.dat
[16:24:26.428]     INFO:       reading data/yhc691015sn2p20//phCalibrationFitErr35_C9.dat
[16:24:26.443]     INFO:       reading data/yhc691015sn2p20//phCalibrationFitErr35_C10.dat
[16:24:26.459]     INFO:       reading data/yhc691015sn2p20//phCalibrationFitErr35_C11.dat
[16:24:26.475]     INFO:       reading data/yhc691015sn2p20//phCalibrationFitErr35_C12.dat
[16:24:26.491]     INFO:       reading data/yhc691015sn2p20//phCalibrationFitErr35_C13.dat
[16:24:26.506]     INFO:       reading data/yhc691015sn2p20//phCalibrationFitErr35_C14.dat
[16:24:26.522]     INFO:       reading data/yhc691015sn2p20//phCalibrationFitErr35_C15.dat
[16:24:26.549]    DEBUG: <PixTestDacDacScan.cc/init:L102> PixTestDacDacScan::init()
[16:24:26.549]    DEBUG: <PixTestDacDacScan.cc/PixTestDacDacScan:L21> PixTestDacDacScan ctor(PixSetup &a, string, TGTab *)
[16:24:26.580]    DEBUG: <PixTestHighRate.cc/setParameter:L66>   setting fParTriggerFrequency -> 20
[16:24:26.580]    DEBUG: <PixTestHighRate.cc/init:L156> PixTestHighRate::init()
[16:24:26.580]    DEBUG: <PixTestHighRate.cc/PixTestHighRate:L29> PixTestHighRate ctor(PixSetup &a, string, TGTab *)
[16:24:26.599]    DEBUG: <PixTest.cc/setTestParameter:L577>  setting  ntrig to new value 10
[16:24:26.599]    DEBUG: <PixTestPhOptimization.cc/setParameter:L36>   setting fParNtrig  ->10<- from sval = 10
[16:24:26.599]    DEBUG: <PixTestPhOptimization.cc/setParameter:L41>   setting fSafetyMarginLow  ->20<- from sval = 20
[16:24:26.599]    DEBUG: <PixTestPhOptimization.cc/setParameter:L47>   setting fVcalMax  ->100<- from sval = 100
[16:24:26.599]    DEBUG: <PixTestPhOptimization.cc/setParameter:L52>   setting fQuantMax  ->0.98<- from sval = 0.98
[16:24:26.610]    DEBUG: <PixTestAlive.cc/init:L76> PixTestAlive::init()
[16:24:26.611]    DEBUG: <PixTestAlive.cc/PixTestAlive:L20> PixTestAlive ctor(PixSetup &a, string, TGTab *)
[16:24:26.624]    DEBUG: <PixTestReadback.cc/setParameter:L184> fCalwVd set to 1
[16:24:26.624]    DEBUG: <PixTestReadback.cc/init:L96> PixTestReadback::init()
[16:24:26.624]    DEBUG: <PixTestReadback.cc/PixTestReadback:L22> PixTestReadback ctor(PixSetup &a, string, TGTab *)
[16:24:26.624]     INFO:       reading data/yhc691015sn2p20//readbackCal_C0.dat
[16:24:26.624]     INFO:       reading data/yhc691015sn2p20//readbackCal_C1.dat
[16:24:26.624]     INFO:       reading data/yhc691015sn2p20//readbackCal_C2.dat
[16:24:26.624]     INFO:       reading data/yhc691015sn2p20//readbackCal_C3.dat
[16:24:26.624]     INFO:       reading data/yhc691015sn2p20//readbackCal_C4.dat
[16:24:26.624]     INFO:       reading data/yhc691015sn2p20//readbackCal_C5.dat
[16:24:26.624]     INFO:       reading data/yhc691015sn2p20//readbackCal_C6.dat
[16:24:26.624]     INFO:       reading data/yhc691015sn2p20//readbackCal_C7.dat
[16:24:26.624]     INFO:       reading data/yhc691015sn2p20//readbackCal_C8.dat
[16:24:26.624]     INFO:       reading data/yhc691015sn2p20//readbackCal_C9.dat
[16:24:26.624]     INFO:       reading data/yhc691015sn2p20//readbackCal_C10.dat
[16:24:26.624]     INFO:       reading data/yhc691015sn2p20//readbackCal_C11.dat
[16:24:26.624]     INFO:       reading data/yhc691015sn2p20//readbackCal_C12.dat
[16:24:26.625]     INFO:       reading data/yhc691015sn2p20//readbackCal_C13.dat
[16:24:26.625]     INFO:       reading data/yhc691015sn2p20//readbackCal_C14.dat
[16:24:26.625]     INFO:       reading data/yhc691015sn2p20//readbackCal_C15.dat
[16:24:26.648]    DEBUG: <PixTestTiming.cc/setParameter:L45> fFastScan: 0
[16:24:26.648]    DEBUG: <PixTestTiming.cc/setParameter:L50> PixTestTiming::PixTest() targetclk = 4
[16:24:26.648]    DEBUG: <PixTestTiming.cc/setParameter:L54> PixTestTiming::PixTest() ntrig = 10
[16:24:26.648]    DEBUG: <PixTestTiming.cc/init:L64> PixTestTiming::init()
[16:24:26.659]    DEBUG: <PixTestXray.cc/init:L132> PixTestXray::init()
[16:24:26.659]    DEBUG: <PixTestXray.cc/PixTestXray:L26> PixTestXray ctor(PixSetup &a, string, TGTab *)
[16:24:32.518]     INFO: ######################################################################
[16:24:32.518]     INFO: PixTestHighRate::doTest()
[16:24:32.518]     INFO: ######################################################################
[16:24:32.518]     INFO:    ----------------------------------------------------------------------
[16:24:32.518]     INFO:    PixTestHighRate::calDelScan() ntrig = 10, vcal = 200
[16:24:32.518]     INFO:    ----------------------------------------------------------------------
[16:24:33.599]     INFO: Test took 1077ms.
[16:24:33.602]     INFO:       reading data/yhc691015sn2p20//defaultMaskFile.dat
[16:24:33.602]     INFO: ROC 4 masking pixel 43/74
[16:24:33.602]     INFO: ROC 5 masking pixel 32/42
[16:24:33.602]     INFO: ROC 5 masking pixel 42/32
[16:24:33.602]     INFO: ROC 5 masking pixel 45/49
[16:24:33.602]     INFO: ROC 6 masking pixel 11/43
[16:24:33.602]     INFO: ROC 7 masking pixel 45/46
[16:24:33.603]     INFO: ROC 8 masking pixel 30/26
[16:24:33.603]     INFO: ROC 8 masking pixel 48/47
[16:24:33.603]     INFO: ROC 8 masking pixel 49/44
[16:24:33.603]     INFO: ROC 9 masking pixel 26/17
[16:24:33.603]     INFO: ROC 10 masking pixel 50/59
[16:24:33.603]     INFO: ROC 11 masking pixel 8/68
[16:24:33.603]     INFO: ROC 12 masking pixel 7/51
[16:24:33.603]     INFO: ROC 12 masking pixel 44/48
[16:24:33.603]     INFO: ROC 14 masking pixel 35/42
[16:24:33.603]     INFO: ROC 14 masking pixel 43/65
[16:24:33.603]     INFO: ROC 15 masking pixel 38/52
[16:24:33.603]  WARNING: Pattern generator does not contain a trigger signal. No data is expected from the DUT!
[16:24:37.766]     INFO: IGNORE THE WARNING ABOVE (resetROC sent)!
[16:24:37.969]    DEBUG: <PixTest.cc/xEfficiencyMaps:L1875>       attempt #0
[16:24:41.583]     INFO: Test took 3613ms.
[16:24:41.895]     INFO: Fetched DAQ statistics. Counters are being reset now.
[16:24:41.957]    DEBUG: <PixTest.cc/xEfficiencyMaps:L1936> Size of results from : PixTestHighRate::xEfficiencyMaps: 950662
[16:24:41.963]    DEBUG: <PixTest.cc/xEfficiencyMaps:L1875>       attempt #0
[16:24:45.679]     INFO: Test took 3716ms.
[16:24:45.997]     INFO: Fetched DAQ statistics. Counters are being reset now.
[16:24:46.060]    DEBUG: <PixTest.cc/xEfficiencyMaps:L1936> Size of results from : PixTestHighRate::xEfficiencyMaps: 956813
[16:24:46.066]    DEBUG: <PixTest.cc/xEfficiencyMaps:L1875>       attempt #0
[16:24:49.840]     INFO: Test took 3774ms.
[16:24:50.160]     INFO: Fetched DAQ statistics. Counters are being reset now.
[16:24:50.224]    DEBUG: <PixTest.cc/xEfficiencyMaps:L1936> Size of results from : PixTestHighRate::xEfficiencyMaps: 961203
[16:24:50.229]    DEBUG: <PixTest.cc/xEfficiencyMaps:L1875>       attempt #0
[16:24:54.007]     INFO: Test took 3777ms.
[16:24:54.329]     INFO: Fetched DAQ statistics. Counters are being reset now.
[16:24:54.392]    DEBUG: <PixTest.cc/xEfficiencyMaps:L1936> Size of results from : PixTestHighRate::xEfficiencyMaps: 961156
[16:24:54.398]    DEBUG: <PixTest.cc/xEfficiencyMaps:L1875>       attempt #0
[16:24:58.108]     INFO: Test took 3710ms.
[16:24:58.432]     INFO: Fetched DAQ statistics. Counters are being reset now.
[16:24:58.495]    DEBUG: <PixTest.cc/xEfficiencyMaps:L1936> Size of results from : PixTestHighRate::xEfficiencyMaps: 960534
[16:24:58.501]    DEBUG: <PixTest.cc/xEfficiencyMaps:L1875>       attempt #0
[16:25:02.176]     INFO: Test took 3675ms.
[16:25:02.499]     INFO: Fetched DAQ statistics. Counters are being reset now.
[16:25:02.562]    DEBUG: <PixTest.cc/xEfficiencyMaps:L1936> Size of results from : PixTestHighRate::xEfficiencyMaps: 961694
[16:25:02.568]    DEBUG: <PixTest.cc/xEfficiencyMaps:L1875>       attempt #0
[16:25:06.347]     INFO: Test took 3779ms.
[16:25:06.670]     INFO: Fetched DAQ statistics. Counters are being reset now.
[16:25:06.734]    DEBUG: <PixTest.cc/xEfficiencyMaps:L1936> Size of results from : PixTestHighRate::xEfficiencyMaps: 962095
[16:25:06.740]    DEBUG: <PixTest.cc/xEfficiencyMaps:L1875>       attempt #0
[16:25:10.569]     INFO: Test took 3829ms.
[16:25:10.898]     INFO: Fetched DAQ statistics. Counters are being reset now.
[16:25:10.961]    DEBUG: <PixTest.cc/xEfficiencyMaps:L1936> Size of results from : PixTestHighRate::xEfficiencyMaps: 962962
[16:25:10.967]    DEBUG: <PixTest.cc/xEfficiencyMaps:L1875>       attempt #0
[16:25:14.797]     INFO: Test took 3830ms.
[16:25:15.125]     INFO: Fetched DAQ statistics. Counters are being reset now.
[16:25:15.189]    DEBUG: <PixTest.cc/xEfficiencyMaps:L1936> Size of results from : PixTestHighRate::xEfficiencyMaps: 963532
[16:25:15.195]    DEBUG: <PixTest.cc/xEfficiencyMaps:L1875>       attempt #0
[16:25:19.011]     INFO: Test took 3816ms.
[16:25:19.335]     INFO: Fetched DAQ statistics. Counters are being reset now.
[16:25:19.399]    DEBUG: <PixTest.cc/xEfficiencyMaps:L1936> Size of results from : PixTestHighRate::xEfficiencyMaps: 964647
[16:25:19.407]    DEBUG: <PixTest.cc/xEfficiencyMaps:L1875>       attempt #0
[16:25:23.218]     INFO: Test took 3811ms.
[16:25:23.543]     INFO: Fetched DAQ statistics. Counters are being reset now.
[16:25:23.607]    DEBUG: <PixTest.cc/xEfficiencyMaps:L1936> Size of results from : PixTestHighRate::xEfficiencyMaps: 961116
[16:25:23.613]    DEBUG: <PixTest.cc/xEfficiencyMaps:L1875>       attempt #0
[16:25:27.424]     INFO: Test took 3811ms.
[16:25:27.750]     INFO: Fetched DAQ statistics. Counters are being reset now.
[16:25:27.813]    DEBUG: <PixTest.cc/xEfficiencyMaps:L1936> Size of results from : PixTestHighRate::xEfficiencyMaps: 962515
[16:25:27.820]    DEBUG: <PixTest.cc/xEfficiencyMaps:L1875>       attempt #0
[16:25:31.618]     INFO: Test took 3798ms.
[16:25:31.944]     INFO: Fetched DAQ statistics. Counters are being reset now.
[16:25:32.008]    DEBUG: <PixTest.cc/xEfficiencyMaps:L1936> Size of results from : PixTestHighRate::xEfficiencyMaps: 962375
[16:25:32.014]    DEBUG: <PixTest.cc/xEfficiencyMaps:L1875>       attempt #0
[16:25:35.893]     INFO: Test took 3879ms.
[16:25:36.223]     INFO: Fetched DAQ statistics. Counters are being reset now.
[16:25:36.287]    DEBUG: <PixTest.cc/xEfficiencyMaps:L1936> Size of results from : PixTestHighRate::xEfficiencyMaps: 964282
[16:25:36.294]    DEBUG: <PixTest.cc/xEfficiencyMaps:L1875>       attempt #0
[16:25:40.111]     INFO: Test took 3817ms.
[16:25:40.441]     INFO: Fetched DAQ statistics. Counters are being reset now.
[16:25:40.505]    DEBUG: <PixTest.cc/xEfficiencyMaps:L1936> Size of results from : PixTestHighRate::xEfficiencyMaps: 961590
[16:25:40.511]    DEBUG: <PixTest.cc/xEfficiencyMaps:L1875>       attempt #0
[16:25:44.302]     INFO: Test took 3791ms.
[16:25:44.627]     INFO: Fetched DAQ statistics. Counters are being reset now.
[16:25:44.690]    DEBUG: <PixTest.cc/xEfficiencyMaps:L1936> Size of results from : PixTestHighRate::xEfficiencyMaps: 960901
[16:25:44.696]    DEBUG: <PixTest.cc/xEfficiencyMaps:L1875>       attempt #0
[16:25:48.558]     INFO: Test took 3862ms.
[16:25:48.884]     INFO: Fetched DAQ statistics. Counters are being reset now.
[16:25:48.947]    DEBUG: <PixTest.cc/xEfficiencyMaps:L1936> Size of results from : PixTestHighRate::xEfficiencyMaps: 961840
[16:25:48.954]    DEBUG: <PixTest.cc/xEfficiencyMaps:L1875>       attempt #0
[16:25:52.773]     INFO: Test took 3819ms.
[16:25:53.098]     INFO: Fetched DAQ statistics. Counters are being reset now.
[16:25:53.163]    DEBUG: <PixTest.cc/xEfficiencyMaps:L1936> Size of results from : PixTestHighRate::xEfficiencyMaps: 962945
[16:25:53.169]    DEBUG: <PixTest.cc/xEfficiencyMaps:L1875>       attempt #0
[16:25:56.950]     INFO: Test took 3781ms.
[16:25:57.275]     INFO: Fetched DAQ statistics. Counters are being reset now.
[16:25:57.338]    DEBUG: <PixTest.cc/xEfficiencyMaps:L1936> Size of results from : PixTestHighRate::xEfficiencyMaps: 960988
[16:25:57.345]    DEBUG: <PixTest.cc/xEfficiencyMaps:L1875>       attempt #0
[16:26:00.956]     INFO: Test took 3611ms.
[16:26:01.267]     INFO: Fetched DAQ statistics. Counters are being reset now.
[16:26:01.330]    DEBUG: <PixTest.cc/xEfficiencyMaps:L1936> Size of results from : PixTestHighRate::xEfficiencyMaps: 957422
[16:26:01.556]    DEBUG: <PixTestHighRate.cc/doCalDelScan:L378> roc  0: caldel = 125 eff = 0.999928
[16:26:01.556]    DEBUG: <PixTestHighRate.cc/doCalDelScan:L378> roc  1: caldel = 170 eff = 0.999663
[16:26:01.557]    DEBUG: <PixTestHighRate.cc/doCalDelScan:L378> roc  2: caldel = 142 eff = 0.995889
[16:26:01.557]    DEBUG: <PixTestHighRate.cc/doCalDelScan:L378> roc  3: caldel = 169 eff = 0.99274
[16:26:01.557]    DEBUG: <PixTestHighRate.cc/doCalDelScan:L378> roc  4: caldel = 152 eff = 0.991322
[16:26:01.557]    DEBUG: <PixTestHighRate.cc/doCalDelScan:L378> roc  5: caldel = 141 eff = 0.988942
[16:26:01.557]    DEBUG: <PixTestHighRate.cc/doCalDelScan:L378> roc  6: caldel = 146 eff = 0.989712
[16:26:01.557]    DEBUG: <PixTestHighRate.cc/doCalDelScan:L378> roc  7: caldel = 114 eff = 0.991514
[16:26:01.557]    DEBUG: <PixTestHighRate.cc/doCalDelScan:L378> roc  8: caldel = 166 eff = 0.987716
[16:26:01.557]    DEBUG: <PixTestHighRate.cc/doCalDelScan:L378> roc  9: caldel = 126 eff = 0.987861
[16:26:01.558]    DEBUG: <PixTestHighRate.cc/doCalDelScan:L378> roc 10: caldel = 140 eff = 0.987716
[16:26:01.558]    DEBUG: <PixTestHighRate.cc/doCalDelScan:L378> roc 11: caldel = 148 eff = 0.989784
[16:26:01.558]    DEBUG: <PixTestHighRate.cc/doCalDelScan:L378> roc 12: caldel = 150 eff = 0.970745
[16:26:01.558]    DEBUG: <PixTestHighRate.cc/doCalDelScan:L378> roc 13: caldel = 154 eff = 0.995529
[16:26:01.558]    DEBUG: <PixTestHighRate.cc/doCalDelScan:L378> roc 14: caldel = 165 eff = 0.998582
[16:26:01.558]    DEBUG: <PixTestHighRate.cc/doCalDelScan:L378> roc 15: caldel = 136 eff = 0.999207
[16:26:01.604]     INFO:    ----------------------------------------------------------------------
[16:26:01.604]     INFO:    PixTestHighRate::xPixelAlive() ntrig = 50, vcal = 200
[16:26:01.604]     INFO:    ----------------------------------------------------------------------
[16:26:01.604]    DEBUG: <PixTestHighRate.cc/doXPixelAlive:L406>  old set: clk: 4
[16:26:01.604]    DEBUG: <PixTestHighRate.cc/doXPixelAlive:L406>  old set: ctr: 4
[16:26:01.604]    DEBUG: <PixTestHighRate.cc/doXPixelAlive:L406>  old set: sda: 19
[16:26:01.604]    DEBUG: <PixTestHighRate.cc/doXPixelAlive:L406>  old set: tin: 9
[16:26:01.604]    DEBUG: <PixTestHighRate.cc/doXPixelAlive:L406>  old set: level: 15
[16:26:01.604]    DEBUG: <PixTestHighRate.cc/doXPixelAlive:L406>  old set: triggerdelay: 0
[16:26:01.604]    DEBUG: <PixTestHighRate.cc/doXPixelAlive:L422>  setting: clk: 4
[16:26:01.604]    DEBUG: <PixTestHighRate.cc/doXPixelAlive:L422>  setting: ctr: 4
[16:26:01.604]    DEBUG: <PixTestHighRate.cc/doXPixelAlive:L422>  setting: sda: 19
[16:26:01.604]    DEBUG: <PixTestHighRate.cc/doXPixelAlive:L422>  setting: tin: 9
[16:26:01.604]    DEBUG: <PixTestHighRate.cc/doXPixelAlive:L422>  setting: level: 15
[16:26:01.604]    DEBUG: <PixTestHighRate.cc/doXPixelAlive:L422>  setting: triggerdelay: 80
[16:26:01.641]     INFO:       reading data/yhc691015sn2p20//defaultMaskFile.dat
[16:26:01.641]     INFO: ROC 4 masking pixel 43/74
[16:26:01.641]     INFO: ROC 5 masking pixel 32/42
[16:26:01.641]     INFO: ROC 5 masking pixel 42/32
[16:26:01.641]     INFO: ROC 5 masking pixel 45/49
[16:26:01.641]     INFO: ROC 6 masking pixel 11/43
[16:26:01.641]     INFO: ROC 7 masking pixel 45/46
[16:26:01.641]     INFO: ROC 8 masking pixel 30/26
[16:26:01.641]     INFO: ROC 8 masking pixel 48/47
[16:26:01.641]     INFO: ROC 8 masking pixel 49/44
[16:26:01.641]     INFO: ROC 9 masking pixel 26/17
[16:26:01.641]     INFO: ROC 10 masking pixel 50/59
[16:26:01.641]     INFO: ROC 11 masking pixel 8/68
[16:26:01.641]     INFO: ROC 12 masking pixel 7/51
[16:26:01.641]     INFO: ROC 12 masking pixel 44/48
[16:26:01.641]     INFO: ROC 14 masking pixel 35/42
[16:26:01.641]     INFO: ROC 14 masking pixel 43/65
[16:26:01.641]     INFO: ROC 15 masking pixel 38/52
[16:26:01.641]  WARNING: Pattern generator does not contain a trigger signal. No data is expected from the DUT!
[16:26:05.615]     INFO: IGNORE THE WARNING ABOVE (resetROC sent)!
[16:26:05.810]    DEBUG: <PixTest.cc/xEfficiencyMaps:L1875>       attempt #0
[16:26:22.469]     INFO: Test took 16659ms.
[16:26:25.504]     INFO: Fetched DAQ statistics. Counters are being reset now.
[16:26:25.787]    DEBUG: <PixTest.cc/xEfficiencyMaps:L1936> Size of results from : PixTestHighRate::xEfficiencyMaps: 4495040
[16:26:26.014]     INFO: number of dead pixels (per ROC):     0    1    1    2    3    8    3   86    6    8    4    3   12    0    4    2
[16:26:26.014]     INFO: number of red-efficiency pixels:     2   16  608 1173 1378 1474 1526 1421 1611 1757 1626 1389 1563  752   42    4
[16:26:26.014]     INFO: number of X-ray hits detected:    2481 11787 230055 351710 377989 393182 396263 359725 418864 417581 413285 379046 387124 251265 34957 3309
[16:26:26.014]     INFO: number of triggers sent (total per ROC):  208000 208000 208000 208000 208000 208000 208000 208000 208000 208000 208000 208000 208000 208000 208000 208000
[16:26:26.014]     INFO: number of Vcal hits detected:  207998 207935 207161 206452 206023 205548 205777 201943 205508 204802 205554 205840 200122 207026 207760 207898
[16:26:26.014]     INFO: Vcal hit fiducial efficiency (%):  100.0 100.0 99.7 99.4 99.2 99.1 99.1 99.2 99.0 98.8 99.0 99.1 96.5 99.6 100.0 100.0
[16:26:26.014]     INFO: Vcal hit overall efficiency (%):  100.0 100.0 99.6 99.3 99.0 98.8 98.9 97.1 98.8 98.5 98.8 99.0 96.2 99.5 99.9 100.0
[16:26:26.014]     INFO: X-ray hit rate [MHz/cm2]:  0.7 3.5 67.4 103.1 110.8 115.2 116.1 105.4 122.8 122.4 121.1 111.1 113.5 73.6 10.2 1.0
[16:26:26.014]     INFO: PixTestHighRate::doXPixelAlive() done
[16:26:26.057]    DEBUG: <PixTestHighRate.cc/doXPixelAlive:L541>  resetting: clk: 4
[16:26:26.057]    DEBUG: <PixTestHighRate.cc/doXPixelAlive:L541>  resetting: ctr: 4
[16:26:26.057]    DEBUG: <PixTestHighRate.cc/doXPixelAlive:L541>  resetting: sda: 19
[16:26:26.057]    DEBUG: <PixTestHighRate.cc/doXPixelAlive:L541>  resetting: tin: 9
[16:26:26.057]    DEBUG: <PixTestHighRate.cc/doXPixelAlive:L541>  resetting: level: 15
[16:26:26.057]    DEBUG: <PixTestHighRate.cc/doXPixelAlive:L541>  resetting: triggerdelay: 0
[16:26:26.058]     INFO: PixTest::       pg_setup set to default.
[16:26:26.058]     INFO:    ----------------------------------------------------------------------
[16:26:26.058]     INFO:    PixTestHighRate::runDaq() running for 5 seconds
[16:26:26.058]     INFO:    ----------------------------------------------------------------------
[16:26:26.081]     INFO:       reading data/yhc691015sn2p20//defaultMaskFile.dat
[16:26:26.081]     INFO: ROC 4 masking pixel 43/74
[16:26:26.081]     INFO: ROC 5 masking pixel 32/42
[16:26:26.081]     INFO: ROC 5 masking pixel 42/32
[16:26:26.081]     INFO: ROC 5 masking pixel 45/49
[16:26:26.081]     INFO: ROC 6 masking pixel 11/43
[16:26:26.081]     INFO: ROC 7 masking pixel 45/46
[16:26:26.081]     INFO: ROC 8 masking pixel 30/26
[16:26:26.081]     INFO: ROC 8 masking pixel 48/47
[16:26:26.081]     INFO: ROC 8 masking pixel 49/44
[16:26:26.081]     INFO: ROC 9 masking pixel 26/17
[16:26:26.081]     INFO: ROC 10 masking pixel 50/59
[16:26:26.081]     INFO: ROC 11 masking pixel 8/68
[16:26:26.081]     INFO: ROC 12 masking pixel 7/51
[16:26:26.081]     INFO: ROC 12 masking pixel 44/48
[16:26:26.081]     INFO: ROC 14 masking pixel 35/42
[16:26:26.082]     INFO: ROC 14 masking pixel 43/65
[16:26:26.082]     INFO: ROC 15 masking pixel 38/52
[16:26:26.082]    DEBUG: <PixTestHighRate.cc/doRunDaq:L583>  old set: clk: 4
[16:26:26.082]    DEBUG: <PixTestHighRate.cc/doRunDaq:L583>  old set: ctr: 4
[16:26:26.082]    DEBUG: <PixTestHighRate.cc/doRunDaq:L583>  old set: sda: 19
[16:26:26.082]    DEBUG: <PixTestHighRate.cc/doRunDaq:L583>  old set: tin: 9
[16:26:26.082]    DEBUG: <PixTestHighRate.cc/doRunDaq:L583>  old set: level: 15
[16:26:26.082]    DEBUG: <PixTestHighRate.cc/doRunDaq:L583>  old set: triggerdelay: 0
[16:26:26.082]    DEBUG: <PixTestHighRate.cc/doRunDaq:L599>  setting: clk: 4
[16:26:26.082]    DEBUG: <PixTestHighRate.cc/doRunDaq:L599>  setting: ctr: 4
[16:26:26.082]    DEBUG: <PixTestHighRate.cc/doRunDaq:L599>  setting: sda: 19
[16:26:26.082]    DEBUG: <PixTestHighRate.cc/doRunDaq:L599>  setting: tin: 9
[16:26:26.082]    DEBUG: <PixTestHighRate.cc/doRunDaq:L599>  setting: level: 15
[16:26:26.082]    DEBUG: <PixTestHighRate.cc/doRunDaq:L599>  setting: triggerdelay: 80
[16:26:26.082]  WARNING: Pattern generator does not contain a trigger signal. No data is expected from the DUT!
[16:26:27.054]     INFO: IGNORE THE WARNING ABOVE (resetROC sent)!
[16:26:28.246]     INFO: PixTestHighRate::doHitMap start TriggerLoop with trigger frequency 20 kHz, period 2011 and duration 5 seconds
[16:26:33.249]     INFO: data taking finished, elapsed time: 5 seconds.
[16:26:36.692]    DEBUG: <PixTestHighRate.cc/fillMap:L699> Processing Data: 99468 events with 1942905 pixels
[16:26:36.708]     INFO: PixTest::       pg_setup set to default.
[16:26:36.729]    DEBUG: <PixTestHighRate.cc/doRunDaq:L617> analyzing hitMap_daqbbtest_C0_V0
[16:26:36.729]    DEBUG: <PixTestHighRate.cc/doRunDaq:L617> analyzing hitMap_daqbbtest_C1_V0
[16:26:36.729]    DEBUG: <PixTestHighRate.cc/doRunDaq:L617> analyzing hitMap_daqbbtest_C2_V0
[16:26:36.730]    DEBUG: <PixTestHighRate.cc/doRunDaq:L617> analyzing hitMap_daqbbtest_C3_V0
[16:26:36.730]    DEBUG: <PixTestHighRate.cc/doRunDaq:L617> analyzing hitMap_daqbbtest_C4_V0
[16:26:36.730]    DEBUG: <PixTestHighRate.cc/doRunDaq:L617> analyzing hitMap_daqbbtest_C5_V0
[16:26:36.730]    DEBUG: <PixTestHighRate.cc/doRunDaq:L617> analyzing hitMap_daqbbtest_C6_V0
[16:26:36.730]    DEBUG: <PixTestHighRate.cc/doRunDaq:L617> analyzing hitMap_daqbbtest_C7_V0
[16:26:36.730]    DEBUG: <PixTestHighRate.cc/doRunDaq:L617> analyzing hitMap_daqbbtest_C8_V0
[16:26:36.730]    DEBUG: <PixTestHighRate.cc/doRunDaq:L617> analyzing hitMap_daqbbtest_C9_V0
[16:26:36.730]    DEBUG: <PixTestHighRate.cc/doRunDaq:L617> analyzing hitMap_daqbbtest_C10_V0
[16:26:36.731]    DEBUG: <PixTestHighRate.cc/doRunDaq:L617> analyzing hitMap_daqbbtest_C11_V0
[16:26:36.731]    DEBUG: <PixTestHighRate.cc/doRunDaq:L617> analyzing hitMap_daqbbtest_C12_V0
[16:26:36.731]    DEBUG: <PixTestHighRate.cc/doRunDaq:L617> analyzing hitMap_daqbbtest_C13_V0
[16:26:36.731]    DEBUG: <PixTestHighRate.cc/doRunDaq:L617> analyzing hitMap_daqbbtest_C14_V0
[16:26:36.731]    DEBUG: <PixTestHighRate.cc/doRunDaq:L617> analyzing hitMap_daqbbtest_C15_V0
[16:26:36.731]    DEBUG: <PixTestHighRate.cc/doRunDaq:L629>  resetting: clk: 4
[16:26:36.731]    DEBUG: <PixTestHighRate.cc/doRunDaq:L629>  resetting: ctr: 4
[16:26:36.731]    DEBUG: <PixTestHighRate.cc/doRunDaq:L629>  resetting: sda: 19
[16:26:36.731]    DEBUG: <PixTestHighRate.cc/doRunDaq:L629>  resetting: tin: 9
[16:26:36.731]    DEBUG: <PixTestHighRate.cc/doRunDaq:L629>  resetting: level: 15
[16:26:36.731]    DEBUG: <PixTestHighRate.cc/doRunDaq:L629>  resetting: triggerdelay: 0
[16:26:36.731]     INFO: Pixels without X-ray hits (per ROC):  3221  2286   268    22   181   547   176   177     7   536    14   350    10   231  1624  3021 
[16:26:36.731]     INFO: PixTestHighRate::doRunDaq() done
[16:26:36.731]     INFO: PixTestHighRate::doTest() done 
[16:28:53.630]    DEBUG: <PixTest.cc/moduleMap:L943> moduleMap histname: what
[16:28:53.630]    DEBUG: <PixTest.cc/moduleMap:L953> h1->GetName() = hitMap_daqbbtest_C14_V0 -> hitMap_daqbbtest_mod
[16:28:55.198]    DEBUG: <PixGui.cc/handleButtons:L393> PixGui::exit called
[16:28:55.198]    DEBUG: <PixTestBBMap.cc/~PixTestBBMap:L96> PixTestBBMap dtor
[16:28:55.198]    DEBUG: <PixTestBB2Map.cc/~PixTestBB2Map:L114> PixTestBB2Map dtor
[16:28:55.198]    DEBUG: <PixTestDaq.cc/~PixTestDaq:L36> PixTestDaq dtor
[16:28:55.198]    DEBUG: <PixTestDacDacScan.cc/~PixTestDacDacScan:L135> PixTestDacDacScan dtor
[16:28:55.198]    DEBUG: <PixTestDacScan.cc/~PixTestDacScan:L115> PixTestDacScan dtor
[16:28:55.198]    DEBUG: <PixTestGainPedestal.cc/~PixTestGainPedestal:L121> PixTestGainPedestal dtor
[16:28:55.198]    DEBUG: <PixTestHighRate.cc/~PixTestHighRate:L203> PixTestHighRate dtor
[16:28:55.302]    DEBUG: <PixTestIV.cc/~PixTestIV:L96> PixTestIV dtor
[16:28:55.302]    DEBUG: <PixTestAlive.cc/~PixTestAlive:L108> PixTestAlive dtor
[16:28:55.302]    DEBUG: <PixTestPretest.cc/~PixTestPretest:L133> PixTestPretest dtor
[16:28:55.302]    DEBUG: <PixTestReadback.cc/~PixTestReadback:L89> PixTestReadback dtor, saving tree ... 
[16:28:55.302]    DEBUG: <PixTestScurves.cc/~PixTestScurves:L127> PixTestScurves dtor
[16:28:55.302]    DEBUG: <PixTestTiming.cc/~PixTestTiming:L87> PixTestTiming dtor
[16:28:55.302]    DEBUG: <PixTestTrim.cc/~PixTestTrim:L103> PixTestTrim dtor
[16:28:55.302]    DEBUG: <PixTestXray.cc/~PixTestXray:L215> PixTestXray dtor
[16:28:55.305]    QUIET: Connection to board 58 closed.
[16:28:55.306]    DEBUG: <PixMonitor.cc/dumpSummaries:L34> PixMonitor::dumpSummaries
