[16:15:03.564]     INFO: *** Welcome to pxar ***
[16:15:03.564]     INFO: *** Today: 2015/07/01
[16:15:03.564]     INFO:       reading data/yhc691015sn2p20//dacParameters35_C0.dat
[16:15:03.564]     INFO:       reading data/yhc691015sn2p20//dacParameters35_C1.dat
[16:15:03.564]     INFO:       reading data/yhc691015sn2p20//dacParameters35_C2.dat
[16:15:03.564]     INFO:       reading data/yhc691015sn2p20//dacParameters35_C3.dat
[16:15:03.564]     INFO:       reading data/yhc691015sn2p20//dacParameters35_C4.dat
[16:15:03.564]     INFO:       reading data/yhc691015sn2p20//dacParameters35_C5.dat
[16:15:03.564]     INFO:       reading data/yhc691015sn2p20//dacParameters35_C6.dat
[16:15:03.564]     INFO:       reading data/yhc691015sn2p20//dacParameters35_C7.dat
[16:15:03.564]     INFO:       reading data/yhc691015sn2p20//dacParameters35_C8.dat
[16:15:03.564]     INFO:       reading data/yhc691015sn2p20//dacParameters35_C9.dat
[16:15:03.564]     INFO:       reading data/yhc691015sn2p20//dacParameters35_C10.dat
[16:15:03.564]     INFO:       reading data/yhc691015sn2p20//dacParameters35_C11.dat
[16:15:03.564]     INFO:       reading data/yhc691015sn2p20//dacParameters35_C12.dat
[16:15:03.564]     INFO:       reading data/yhc691015sn2p20//dacParameters35_C13.dat
[16:15:03.565]     INFO:       reading data/yhc691015sn2p20//dacParameters35_C14.dat
[16:15:03.565]     INFO:       reading data/yhc691015sn2p20//dacParameters35_C15.dat
[16:15:03.565]     INFO:       reading data/yhc691015sn2p20//tbmParameters_C0a.dat
[16:15:03.565]     INFO:       reading data/yhc691015sn2p20//tbmParameters_C0b.dat
[16:15:03.565]     INFO:       reading data/yhc691015sn2p20//defaultMaskFile.dat
[16:15:03.565]     INFO: MASKED Roc 4 col/row: 43 74
[16:15:03.565]     INFO: MASKED Roc 5 col/row: 32 42
[16:15:03.565]     INFO: MASKED Roc 5 col/row: 42 32
[16:15:03.565]     INFO: MASKED Roc 5 col/row: 45 49
[16:15:03.565]     INFO: MASKED Roc 6 col/row: 11 43
[16:15:03.565]     INFO: MASKED Roc 7 col/row: 45 46
[16:15:03.565]     INFO: MASKED Roc 8 col/row: 30 26
[16:15:03.565]     INFO: MASKED Roc 8 col/row: 48 47
[16:15:03.565]     INFO: MASKED Roc 8 col/row: 49 44
[16:15:03.565]     INFO: MASKED Roc 9 col/row: 26 17
[16:15:03.565]     INFO: MASKED Roc 10 col/row: 50 59
[16:15:03.565]     INFO: MASKED Roc 11 col/row: 8 68
[16:15:03.565]     INFO: MASKED Roc 12 col/row: 7 51
[16:15:03.565]     INFO: MASKED Roc 12 col/row: 44 48
[16:15:03.565]     INFO: MASKED Roc 14 col/row: 35 42
[16:15:03.565]     INFO: MASKED Roc 14 col/row: 43 65
[16:15:03.565]     INFO: MASKED Roc 15 col/row: 38 52
[16:15:03.565]     INFO:       reading data/yhc691015sn2p20//trimParameters35_C0.dat
[16:15:03.572]     INFO:       reading data/yhc691015sn2p20//trimParameters35_C1.dat
[16:15:03.578]     INFO:       reading data/yhc691015sn2p20//trimParameters35_C2.dat
[16:15:03.585]     INFO:       reading data/yhc691015sn2p20//trimParameters35_C3.dat
[16:15:03.591]     INFO:   masking Roc 4 col/row: 43 74
[16:15:03.591]     INFO:       reading data/yhc691015sn2p20//trimParameters35_C4.dat
[16:15:03.598]     INFO:   masking Roc 5 col/row: 32 42
[16:15:03.598]     INFO:   masking Roc 5 col/row: 42 32
[16:15:03.598]     INFO:   masking Roc 5 col/row: 45 49
[16:15:03.598]     INFO:       reading data/yhc691015sn2p20//trimParameters35_C5.dat
[16:15:03.605]     INFO:   masking Roc 6 col/row: 11 43
[16:15:03.605]     INFO:       reading data/yhc691015sn2p20//trimParameters35_C6.dat
[16:15:03.611]     INFO:   masking Roc 7 col/row: 45 46
[16:15:03.612]     INFO:       reading data/yhc691015sn2p20//trimParameters35_C7.dat
[16:15:03.618]     INFO:   masking Roc 8 col/row: 30 26
[16:15:03.618]     INFO:   masking Roc 8 col/row: 48 47
[16:15:03.618]     INFO:   masking Roc 8 col/row: 49 44
[16:15:03.618]     INFO:       reading data/yhc691015sn2p20//trimParameters35_C8.dat
[16:15:03.625]     INFO:   masking Roc 9 col/row: 26 17
[16:15:03.625]     INFO:       reading data/yhc691015sn2p20//trimParameters35_C9.dat
[16:15:03.631]     INFO:   masking Roc 10 col/row: 50 59
[16:15:03.632]     INFO:       reading data/yhc691015sn2p20//trimParameters35_C10.dat
[16:15:03.638]     INFO:   masking Roc 11 col/row: 8 68
[16:15:03.638]     INFO:       reading data/yhc691015sn2p20//trimParameters35_C11.dat
[16:15:03.644]     INFO:   masking Roc 12 col/row: 7 51
[16:15:03.645]     INFO:   masking Roc 12 col/row: 44 48
[16:15:03.645]     INFO:       reading data/yhc691015sn2p20//trimParameters35_C12.dat
[16:15:03.651]     INFO:       reading data/yhc691015sn2p20//trimParameters35_C13.dat
[16:15:03.658]     INFO:   masking Roc 14 col/row: 35 42
[16:15:03.658]     INFO:   masking Roc 14 col/row: 43 65
[16:15:03.658]     INFO:       reading data/yhc691015sn2p20//trimParameters35_C14.dat
[16:15:03.664]     INFO:   masking Roc 15 col/row: 38 52
[16:15:03.664]     INFO:       reading data/yhc691015sn2p20//trimParameters35_C15.dat
[16:15:03.671]     INFO:       reading data/yhc691015sn2p20//tbParameters.dat
[16:15:03.671]     INFO:         clk: 4
[16:15:03.671]     INFO:         ctr: 4
[16:15:03.671]     INFO:         sda: 19
[16:15:03.671]     INFO:         tin: 9
[16:15:03.671]     INFO:         level: 15
[16:15:03.671]     INFO:         triggerdelay: 0
[16:15:03.671]    QUIET: Instanciating API for pxar v1.9.0
[16:15:03.671]     INFO: Log level: DEBUG
[16:15:03.685]    QUIET: Connection to board DTB_WRPRHI opened.
[16:15:03.688]     INFO: DTB startup information
--- DTB info------------------------------------------
Board id:    58
HW version:  DTB1.2
FW version:  3.2
SW version:  3.6
USB id:      DTB_WRPRHI
MAC address: 40D85511803A
Hostname:    pixelDTB058
Comment:     
------------------------------------------------------
[16:15:03.692]     INFO: RPC call hashes of host and DTB match: 413001178
[16:15:05.302]     INFO: DUT info: 
[16:15:05.302]     INFO: The DUT currently contains the following objects:
[16:15:05.302]     INFO:  2 TBM Cores (2 ON)
[16:15:05.302]     INFO: 	TBM Core alpha (0): 7 registers set
[16:15:05.302]     INFO: 	TBM Core beta  (1): 7 registers set
[16:15:05.302]     INFO: 16 ROCs (16 ON) with 4160 pixelConfigs
[16:15:05.302]     INFO: 	ROC 0: 21 DACs set, Pixels: 0 masked, 4160 active.
[16:15:05.302]     INFO: 	ROC 1: 21 DACs set, Pixels: 0 masked, 4160 active.
[16:15:05.302]     INFO: 	ROC 2: 21 DACs set, Pixels: 0 masked, 4160 active.
[16:15:05.302]     INFO: 	ROC 3: 21 DACs set, Pixels: 0 masked, 4160 active.
[16:15:05.302]     INFO: 	ROC 4: 21 DACs set, Pixels: 1 masked, 4160 active.
[16:15:05.302]     INFO: 	ROC 5: 21 DACs set, Pixels: 3 masked, 4160 active.
[16:15:05.302]     INFO: 	ROC 6: 21 DACs set, Pixels: 1 masked, 4160 active.
[16:15:05.302]     INFO: 	ROC 7: 21 DACs set, Pixels: 1 masked, 4160 active.
[16:15:05.302]     INFO: 	ROC 8: 21 DACs set, Pixels: 3 masked, 4160 active.
[16:15:05.302]     INFO: 	ROC 9: 21 DACs set, Pixels: 1 masked, 4160 active.
[16:15:05.302]     INFO: 	ROC 10: 21 DACs set, Pixels: 1 masked, 4160 active.
[16:15:05.302]     INFO: 	ROC 11: 21 DACs set, Pixels: 1 masked, 4160 active.
[16:15:05.302]     INFO: 	ROC 12: 21 DACs set, Pixels: 2 masked, 4160 active.
[16:15:05.302]     INFO: 	ROC 13: 21 DACs set, Pixels: 0 masked, 4160 active.
[16:15:05.302]     INFO: 	ROC 14: 21 DACs set, Pixels: 2 masked, 4160 active.
[16:15:05.302]     INFO: 	ROC 15: 21 DACs set, Pixels: 1 masked, 4160 active.
[16:15:05.303]    DEBUG: <PixTestParameters.cc/dump:L104> PixTestParameters: ->BB<-
[16:15:05.303]    DEBUG: <PixTestParameters.cc/dump:L107>   dumpall: checkbox(0)
[16:15:05.303]    DEBUG: <PixTestParameters.cc/dump:L107>   dumpproblematic: checkbox(0)
[16:15:05.303]    DEBUG: <PixTestParameters.cc/dump:L107>   ntrig: 5
[16:15:05.303]    DEBUG: <PixTestParameters.cc/dump:L107>   vcals: 250
[16:15:05.303]    DEBUG: <PixTestParameters.cc/dump:L104> PixTestParameters: ->BB2<-
[16:15:05.303]    DEBUG: <PixTestParameters.cc/dump:L107>   ntrig: 10
[16:15:05.303]    DEBUG: <PixTestParameters.cc/dump:L107>   vcals: 222
[16:15:05.303]    DEBUG: <PixTestParameters.cc/dump:L107>   plwidth: 35
[16:15:05.303]    DEBUG: <PixTestParameters.cc/dump:L107>   pix: 11,20
[16:15:05.303]    DEBUG: <PixTestParameters.cc/dump:L107>   targetia: 24
[16:15:05.303]    DEBUG: <PixTestParameters.cc/dump:L104> PixTestParameters: ->DAQ<-
[16:15:05.303]    DEBUG: <PixTestParameters.cc/dump:L107>   delaytbm: checkbox
[16:15:05.303]    DEBUG: <PixTestParameters.cc/dump:L107>   filltree: checkbox
[16:15:05.303]    DEBUG: <PixTestParameters.cc/dump:L107>   trgfrequency(khz): 100
[16:15:05.303]    DEBUG: <PixTestParameters.cc/dump:L107>   maskhotpixels: button
[16:15:05.303]    DEBUG: <PixTestParameters.cc/dump:L107>   trgnumber: 5
[16:15:05.303]    DEBUG: <PixTestParameters.cc/dump:L107>   iterations: 10
[16:15:05.303]    DEBUG: <PixTestParameters.cc/dump:L107>   rundaqtrg: button
[16:15:05.303]    DEBUG: <PixTestParameters.cc/dump:L107>   daqseconds: 600
[16:15:05.303]    DEBUG: <PixTestParameters.cc/dump:L107>   rundaqseconds: button
[16:15:05.303]    DEBUG: <PixTestParameters.cc/dump:L104> PixTestParameters: ->DacDacScan<-
[16:15:05.303]    DEBUG: <PixTestParameters.cc/dump:L107>   phmap: checkbox
[16:15:05.303]    DEBUG: <PixTestParameters.cc/dump:L107>   ntrig: 10
[16:15:05.303]    DEBUG: <PixTestParameters.cc/dump:L107>   dac1: caldel
[16:15:05.303]    DEBUG: <PixTestParameters.cc/dump:L107>   dac1lo: 0
[16:15:05.303]    DEBUG: <PixTestParameters.cc/dump:L107>   dac1hi: 255
[16:15:05.303]    DEBUG: <PixTestParameters.cc/dump:L107>   dac2: vthrcomp
[16:15:05.303]    DEBUG: <PixTestParameters.cc/dump:L107>   dac2lo: 0
[16:15:05.303]    DEBUG: <PixTestParameters.cc/dump:L107>   dac2hi: 255
[16:15:05.303]    DEBUG: <PixTestParameters.cc/dump:L107>   pix: 11,20
[16:15:05.303]    DEBUG: <PixTestParameters.cc/dump:L104> PixTestParameters: ->DacScan<-
[16:15:05.303]    DEBUG: <PixTestParameters.cc/dump:L107>   phmap: checkbox(1)
[16:15:05.303]    DEBUG: <PixTestParameters.cc/dump:L107>   allpixels: checkbox(0)
[16:15:05.303]    DEBUG: <PixTestParameters.cc/dump:L107>   unmasked: checkbox(0)
[16:15:05.303]    DEBUG: <PixTestParameters.cc/dump:L107>   ntrig: 10
[16:15:05.303]    DEBUG: <PixTestParameters.cc/dump:L107>   dac: vcal
[16:15:05.303]    DEBUG: <PixTestParameters.cc/dump:L107>   daclo: 0
[16:15:05.303]    DEBUG: <PixTestParameters.cc/dump:L107>   dachi: 255
[16:15:05.303]    DEBUG: <PixTestParameters.cc/dump:L107>   pix: 11,20
[16:15:05.303]    DEBUG: <PixTestParameters.cc/dump:L104> PixTestParameters: ->GainPedestal<-
[16:15:05.303]    DEBUG: <PixTestParameters.cc/dump:L107>   showfits: checkbox(0)
[16:15:05.303]    DEBUG: <PixTestParameters.cc/dump:L107>   extended: checkbox(0)
[16:15:05.303]    DEBUG: <PixTestParameters.cc/dump:L107>   dumphists: checkbox(0)
[16:15:05.303]    DEBUG: <PixTestParameters.cc/dump:L107>   ntrig: 10
[16:15:05.303]    DEBUG: <PixTestParameters.cc/dump:L107>   measure: button
[16:15:05.303]    DEBUG: <PixTestParameters.cc/dump:L107>   fit: button
[16:15:05.303]    DEBUG: <PixTestParameters.cc/dump:L107>   save: button
[16:15:05.303]    DEBUG: <PixTestParameters.cc/dump:L104> PixTestParameters: ->HighRate<-
[16:15:05.303]    DEBUG: <PixTestParameters.cc/dump:L107>   pix: 11,20
[16:15:05.303]    DEBUG: <PixTestParameters.cc/dump:L107>   maskhotpixels: button
[16:15:05.303]    DEBUG: <PixTestParameters.cc/dump:L107>   savemaskfile: checkbox(0)
[16:15:05.303]    DEBUG: <PixTestParameters.cc/dump:L107>   maskfilename: default
[16:15:05.303]    DEBUG: <PixTestParameters.cc/dump:L107>   caldelscan: button
[16:15:05.303]    DEBUG: <PixTestParameters.cc/dump:L107>   xpixelalive: button
[16:15:05.303]    DEBUG: <PixTestParameters.cc/dump:L107>   ntrig: 50
[16:15:05.303]    DEBUG: <PixTestParameters.cc/dump:L107>   vcal: 200
[16:15:05.303]    DEBUG: <PixTestParameters.cc/dump:L107>   xnoisemaps: button
[16:15:05.303]    DEBUG: <PixTestParameters.cc/dump:L107>   daclo: 0
[16:15:05.303]    DEBUG: <PixTestParameters.cc/dump:L107>   dachi: 100
[16:15:05.303]    DEBUG: <PixTestParameters.cc/dump:L107>   dacs/step: 20
[16:15:05.303]    DEBUG: <PixTestParameters.cc/dump:L107>   rundaq: button
[16:15:05.304]    DEBUG: <PixTestParameters.cc/dump:L107>   trgfrequency(khz): 20
[16:15:05.304]    DEBUG: <PixTestParameters.cc/dump:L107>   runseconds: 5
[16:15:05.304]    DEBUG: <PixTestParameters.cc/dump:L107>   triggerdelay: 80
[16:15:05.304]    DEBUG: <PixTestParameters.cc/dump:L107>   delaytbm: checkbox
[16:15:05.304]    DEBUG: <PixTestParameters.cc/dump:L107>   filltree: checkbox
[16:15:05.304]    DEBUG: <PixTestParameters.cc/dump:L104> PixTestParameters: ->IV<-
[16:15:05.304]    DEBUG: <PixTestParameters.cc/dump:L107>   port: /dev/FIXME
[16:15:05.304]    DEBUG: <PixTestParameters.cc/dump:L107>   voltagestart: 0
[16:15:05.304]    DEBUG: <PixTestParameters.cc/dump:L107>   voltagestop: 600
[16:15:05.304]    DEBUG: <PixTestParameters.cc/dump:L107>   voltagestep: 5
[16:15:05.304]    DEBUG: <PixTestParameters.cc/dump:L107>   delay: 1
[16:15:05.304]    DEBUG: <PixTestParameters.cc/dump:L107>   compliance(ua): 100
[16:15:05.304]    DEBUG: <PixTestParameters.cc/dump:L104> PixTestParameters: ->PhOptimization<-
[16:15:05.304]    DEBUG: <PixTestParameters.cc/dump:L107>   ntrig: 10
[16:15:05.304]    DEBUG: <PixTestParameters.cc/dump:L107>   safetymarginlow: 20
[16:15:05.304]    DEBUG: <PixTestParameters.cc/dump:L107>   saturationvcal: 100
[16:15:05.304]    DEBUG: <PixTestParameters.cc/dump:L107>   quantilesaturation: 0.98
[16:15:05.304]    DEBUG: <PixTestParameters.cc/dump:L104> PixTestParameters: ->PixelAlive<-
[16:15:05.304]    DEBUG: <PixTestParameters.cc/dump:L107>   ntrig: 10
[16:15:05.304]    DEBUG: <PixTestParameters.cc/dump:L107>   vcal: 200
[16:15:05.304]    DEBUG: <PixTestParameters.cc/dump:L107>   alivetest: button
[16:15:05.304]    DEBUG: <PixTestParameters.cc/dump:L107>   masktest: button
[16:15:05.304]    DEBUG: <PixTestParameters.cc/dump:L107>   addressdecodingtest: button
[16:15:05.304]    DEBUG: <PixTestParameters.cc/dump:L104> PixTestParameters: ->Pretest<-
[16:15:05.304]    DEBUG: <PixTestParameters.cc/dump:L107>   programroc: button
[16:15:05.304]    DEBUG: <PixTestParameters.cc/dump:L107>   targetia: 24
[16:15:05.304]    DEBUG: <PixTestParameters.cc/dump:L107>   setvana: button
[16:15:05.304]    DEBUG: <PixTestParameters.cc/dump:L107>   iterations: 100
[16:15:05.304]    DEBUG: <PixTestParameters.cc/dump:L107>   settimings: button
[16:15:05.304]    DEBUG: <PixTestParameters.cc/dump:L107>   findworkingpixel: button
[16:15:05.304]    DEBUG: <PixTestParameters.cc/dump:L107>   setvthrcompcaldel: button
[16:15:05.304]    DEBUG: <PixTestParameters.cc/dump:L107>   pix: 11,20
[16:15:05.304]    DEBUG: <PixTestParameters.cc/dump:L107>   vcal: 250
[16:15:05.304]    DEBUG: <PixTestParameters.cc/dump:L107>   deltavthrcomp: 50
[16:15:05.304]    DEBUG: <PixTestParameters.cc/dump:L107>   fraccaldel: 0.5
[16:15:05.304]    DEBUG: <PixTestParameters.cc/dump:L107>   ntrig: 5
[16:15:05.304]    DEBUG: <PixTestParameters.cc/dump:L107>   savedacs: button
[16:15:05.304]    DEBUG: <PixTestParameters.cc/dump:L104> PixTestParameters: ->Readback<-
[16:15:05.304]    DEBUG: <PixTestParameters.cc/dump:L107>   calibratevd: button
[16:15:05.304]    DEBUG: <PixTestParameters.cc/dump:L107>   calibrateva: button
[16:15:05.304]    DEBUG: <PixTestParameters.cc/dump:L107>   calibrateia: button
[16:15:05.304]    DEBUG: <PixTestParameters.cc/dump:L107>   readbackvbg: button
[16:15:05.304]    DEBUG: <PixTestParameters.cc/dump:L107>   getcalibratedvbg: button
[16:15:05.304]    DEBUG: <PixTestParameters.cc/dump:L107>   usecalvd: checkbox(1)
[16:15:05.304]    DEBUG: <PixTestParameters.cc/dump:L107>   usecalva: checkbox(0)
[16:15:05.304]    DEBUG: <PixTestParameters.cc/dump:L107>   getcalibratedia: button
[16:15:05.304]    DEBUG: <PixTestParameters.cc/dump:L107>   setvana: button
[16:15:05.304]    DEBUG: <PixTestParameters.cc/dump:L104> PixTestParameters: ->Scurves<-
[16:15:05.304]    DEBUG: <PixTestParameters.cc/dump:L107>   adjustvcal: checkbox(1)
[16:15:05.304]    DEBUG: <PixTestParameters.cc/dump:L107>   dumpall: checkbox(0)
[16:15:05.304]    DEBUG: <PixTestParameters.cc/dump:L107>   dumpproblematic: checkbox(0)
[16:15:05.304]    DEBUG: <PixTestParameters.cc/dump:L107>   ntrig: 50
[16:15:05.304]    DEBUG: <PixTestParameters.cc/dump:L107>   dac: VthrComp
[16:15:05.304]    DEBUG: <PixTestParameters.cc/dump:L107>   daclo: 0
[16:15:05.304]    DEBUG: <PixTestParameters.cc/dump:L107>   dachi: 200
[16:15:05.304]    DEBUG: <PixTestParameters.cc/dump:L107>   dacs/step: 10
[16:15:05.304]    DEBUG: <PixTestParameters.cc/dump:L107>   scurves: button
[16:15:05.304]    DEBUG: <PixTestParameters.cc/dump:L104> PixTestParameters: ->Timing<-
[16:15:05.304]    DEBUG: <PixTestParameters.cc/dump:L107>   fastscan: checkbox(0)
[16:15:05.304]    DEBUG: <PixTestParameters.cc/dump:L107>   targetclk: 4
[16:15:05.304]    DEBUG: <PixTestParameters.cc/dump:L107>   ntrig: 10
[16:15:05.304]    DEBUG: <PixTestParameters.cc/dump:L107>   clocksdascan: button
[16:15:05.304]    DEBUG: <PixTestParameters.cc/dump:L107>   phasescan: button
[16:15:05.304]    DEBUG: <PixTestParameters.cc/dump:L107>   levelscan: button
[16:15:05.304]    DEBUG: <PixTestParameters.cc/dump:L107>   tbmphasescan: button
[16:15:05.304]    DEBUG: <PixTestParameters.cc/dump:L107>   rocdelayscan: button
[16:15:05.304]    DEBUG: <PixTestParameters.cc/dump:L107>   timingtest: button
[16:15:05.304]    DEBUG: <PixTestParameters.cc/dump:L107>   saveparameters: button
[16:15:05.304]    DEBUG: <PixTestParameters.cc/dump:L104> PixTestParameters: ->Trim<-
[16:15:05.304]    DEBUG: <PixTestParameters.cc/dump:L107>   trim: button
[16:15:05.304]    DEBUG: <PixTestParameters.cc/dump:L107>   ntrig: 10
[16:15:05.304]    DEBUG: <PixTestParameters.cc/dump:L107>   vcal: 35
[16:15:05.304]    DEBUG: <PixTestParameters.cc/dump:L107>   trimbits: button
[16:15:05.304]    DEBUG: <PixTestParameters.cc/dump:L104> PixTestParameters: ->Xray<-
[16:15:05.304]    DEBUG: <PixTestParameters.cc/dump:L107>   maskhotpixels: button
[16:15:05.304]    DEBUG: <PixTestParameters.cc/dump:L107>   savemaskfile: checkbox(0)
[16:15:05.304]    DEBUG: <PixTestParameters.cc/dump:L107>   maskfilename: default
[16:15:05.304]    DEBUG: <PixTestParameters.cc/dump:L107>   source: Ag
[16:15:05.305]    DEBUG: <PixTestParameters.cc/dump:L107>   phrun: button
[16:15:05.305]    DEBUG: <PixTestParameters.cc/dump:L107>   runseconds: 600
[16:15:05.305]    DEBUG: <PixTestParameters.cc/dump:L107>   trgfrequency(khz): 100
[16:15:05.305]    DEBUG: <PixTestParameters.cc/dump:L107>   ratescan: button
[16:15:05.305]    DEBUG: <PixTestParameters.cc/dump:L107>   vthrcompmin: 10
[16:15:05.305]    DEBUG: <PixTestParameters.cc/dump:L107>   vthrcompmax: 80
[16:15:05.305]    DEBUG: <PixTestParameters.cc/dump:L107>   stepseconds: 5
[16:15:05.305]    DEBUG: <PixTestParameters.cc/dump:L107>   delaytbm: checkbox
[16:15:05.305]    DEBUG: <PixTestParameters.cc/dump:L107>   filltree: checkbox
[16:15:05.305]    DEBUG: <PixSetup.cc/init:L81> PixSetup init start; getCurrentRSS() = 34648064
[16:15:05.305]    DEBUG: <PixSetup.cc/init:L87> fPixTestParameters = 0x25f2a00
[16:15:05.305]    DEBUG: <PixSetup.cc/init:L88>  fConfigParameters = 0x2535890
[16:15:05.305]    DEBUG: <PixSetup.cc/init:L89>        fPxarMemory = 0x7fe86dd94010
[16:15:05.305]    DEBUG: <PixSetup.cc/init:L90>         fPxarMemHi = 0x7fe873fff510
[16:15:05.305]    DEBUG: <PixSetup.cc/init:L106> PixSetup init done;  getCurrentRSS() = 34656256 fPxarMemory = 0x7fe86dd94010
[16:15:05.797]    DEBUG: <PixGui.cc/hvOn:L457> HV set On: 0x2bcda10
[16:15:05.882]    DEBUG: <PixTestFactory.cc/PixTestFactory:L50> PixTestFactory::PixTestFactory()
[16:15:05.882]    DEBUG: <PixTestBBMap.cc/init:L78> PixTestBBMap::init()
[16:15:05.883]    DEBUG: <PixTestBBMap.cc/PixTestBBMap:L26> PixTestBBMap ctor(PixSetup &a, string, TGTab *)
[16:15:05.889]    DEBUG: <PixTestBB2Map.cc/setParameter:L57> setting fTargetIa    = 24 mA/ROC
[16:15:05.889]    DEBUG: <PixTestBB2Map.cc/init:L96> PixTestBB2Map::init()
[16:15:05.889]    DEBUG: <PixTestBB2Map.cc/PixTestBB2Map:L28> PixTestBB2Map ctor(PixSetup &a, string, TGTab *)
[16:15:05.897]    DEBUG: <PixTestDaq.cc/init:L43> PixTestDaq::init()
[16:15:05.897]    DEBUG: <PixTestDaq.cc/PixTestDaq:L21> PixTestDaq ctor(PixSetup &a, string, TGTab *)
[16:15:05.897]     INFO:       reading data/yhc691015sn2p20//phCalibrationFitErr35_C0.dat
[16:15:05.914]     INFO:       reading data/yhc691015sn2p20//phCalibrationFitErr35_C1.dat
[16:15:05.930]     INFO:       reading data/yhc691015sn2p20//phCalibrationFitErr35_C2.dat
[16:15:05.946]     INFO:       reading data/yhc691015sn2p20//phCalibrationFitErr35_C3.dat
[16:15:05.962]     INFO:       reading data/yhc691015sn2p20//phCalibrationFitErr35_C4.dat
[16:15:05.978]     INFO:       reading data/yhc691015sn2p20//phCalibrationFitErr35_C5.dat
[16:15:05.994]     INFO:       reading data/yhc691015sn2p20//phCalibrationFitErr35_C6.dat
[16:15:06.009]     INFO:       reading data/yhc691015sn2p20//phCalibrationFitErr35_C7.dat
[16:15:06.025]     INFO:       reading data/yhc691015sn2p20//phCalibrationFitErr35_C8.dat
[16:15:06.042]     INFO:       reading data/yhc691015sn2p20//phCalibrationFitErr35_C9.dat
[16:15:06.058]     INFO:       reading data/yhc691015sn2p20//phCalibrationFitErr35_C10.dat
[16:15:06.073]     INFO:       reading data/yhc691015sn2p20//phCalibrationFitErr35_C11.dat
[16:15:06.089]     INFO:       reading data/yhc691015sn2p20//phCalibrationFitErr35_C12.dat
[16:15:06.104]     INFO:       reading data/yhc691015sn2p20//phCalibrationFitErr35_C13.dat
[16:15:06.120]     INFO:       reading data/yhc691015sn2p20//phCalibrationFitErr35_C14.dat
[16:15:06.135]     INFO:       reading data/yhc691015sn2p20//phCalibrationFitErr35_C15.dat
[16:15:06.158]    DEBUG: <PixTestDacDacScan.cc/init:L102> PixTestDacDacScan::init()
[16:15:06.158]    DEBUG: <PixTestDacDacScan.cc/PixTestDacDacScan:L21> PixTestDacDacScan ctor(PixSetup &a, string, TGTab *)
[16:15:06.190]    DEBUG: <PixTestHighRate.cc/setParameter:L66>   setting fParTriggerFrequency -> 20
[16:15:06.190]    DEBUG: <PixTestHighRate.cc/init:L156> PixTestHighRate::init()
[16:15:06.190]    DEBUG: <PixTestHighRate.cc/PixTestHighRate:L29> PixTestHighRate ctor(PixSetup &a, string, TGTab *)
[16:15:06.211]    DEBUG: <PixTest.cc/setTestParameter:L577>  setting  ntrig to new value 10
[16:15:06.211]    DEBUG: <PixTestPhOptimization.cc/setParameter:L36>   setting fParNtrig  ->10<- from sval = 10
[16:15:06.211]    DEBUG: <PixTestPhOptimization.cc/setParameter:L41>   setting fSafetyMarginLow  ->20<- from sval = 20
[16:15:06.211]    DEBUG: <PixTestPhOptimization.cc/setParameter:L47>   setting fVcalMax  ->100<- from sval = 100
[16:15:06.211]    DEBUG: <PixTestPhOptimization.cc/setParameter:L52>   setting fQuantMax  ->0.98<- from sval = 0.98
[16:15:06.216]    DEBUG: <PixTestAlive.cc/init:L76> PixTestAlive::init()
[16:15:06.217]    DEBUG: <PixTestAlive.cc/PixTestAlive:L20> PixTestAlive ctor(PixSetup &a, string, TGTab *)
[16:15:06.238]    DEBUG: <PixTestReadback.cc/setParameter:L184> fCalwVd set to 1
[16:15:06.238]    DEBUG: <PixTestReadback.cc/init:L96> PixTestReadback::init()
[16:15:06.238]    DEBUG: <PixTestReadback.cc/PixTestReadback:L22> PixTestReadback ctor(PixSetup &a, string, TGTab *)
[16:15:06.238]     INFO:       reading data/yhc691015sn2p20//readbackCal_C0.dat
[16:15:06.238]     INFO:       reading data/yhc691015sn2p20//readbackCal_C1.dat
[16:15:06.238]     INFO:       reading data/yhc691015sn2p20//readbackCal_C2.dat
[16:15:06.238]     INFO:       reading data/yhc691015sn2p20//readbackCal_C3.dat
[16:15:06.238]     INFO:       reading data/yhc691015sn2p20//readbackCal_C4.dat
[16:15:06.238]     INFO:       reading data/yhc691015sn2p20//readbackCal_C5.dat
[16:15:06.238]     INFO:       reading data/yhc691015sn2p20//readbackCal_C6.dat
[16:15:06.238]     INFO:       reading data/yhc691015sn2p20//readbackCal_C7.dat
[16:15:06.238]     INFO:       reading data/yhc691015sn2p20//readbackCal_C8.dat
[16:15:06.238]     INFO:       reading data/yhc691015sn2p20//readbackCal_C9.dat
[16:15:06.238]     INFO:       reading data/yhc691015sn2p20//readbackCal_C10.dat
[16:15:06.238]     INFO:       reading data/yhc691015sn2p20//readbackCal_C11.dat
[16:15:06.238]     INFO:       reading data/yhc691015sn2p20//readbackCal_C12.dat
[16:15:06.238]     INFO:       reading data/yhc691015sn2p20//readbackCal_C13.dat
[16:15:06.238]     INFO:       reading data/yhc691015sn2p20//readbackCal_C14.dat
[16:15:06.239]     INFO:       reading data/yhc691015sn2p20//readbackCal_C15.dat
[16:15:06.263]    DEBUG: <PixTestTiming.cc/setParameter:L45> fFastScan: 0
[16:15:06.263]    DEBUG: <PixTestTiming.cc/setParameter:L50> PixTestTiming::PixTest() targetclk = 4
[16:15:06.263]    DEBUG: <PixTestTiming.cc/setParameter:L54> PixTestTiming::PixTest() ntrig = 10
[16:15:06.263]    DEBUG: <PixTestTiming.cc/init:L64> PixTestTiming::init()
[16:15:06.274]    DEBUG: <PixTestXray.cc/init:L132> PixTestXray::init()
[16:15:06.274]    DEBUG: <PixTestXray.cc/PixTestXray:L26> PixTestXray ctor(PixSetup &a, string, TGTab *)
[16:15:13.766]    DEBUG: <PixParTab.cc/updateParameters:L646> PixParTab::updateParameters: 
[16:16:30.822]     INFO: ######################################################################
[16:16:30.822]     INFO: PixTestHighRate::doTest()
[16:16:30.822]     INFO: ######################################################################
[16:16:30.822]     INFO:    ----------------------------------------------------------------------
[16:16:30.822]     INFO:    PixTestHighRate::calDelScan() ntrig = 10, vcal = 200
[16:16:30.822]     INFO:    ----------------------------------------------------------------------
[16:16:31.903]     INFO: Test took 1077ms.
[16:16:31.906]     INFO:       reading data/yhc691015sn2p20//defaultMaskFile.dat
[16:16:31.907]     INFO: ROC 4 masking pixel 43/74
[16:16:31.907]     INFO: ROC 5 masking pixel 32/42
[16:16:31.907]     INFO: ROC 5 masking pixel 42/32
[16:16:31.907]     INFO: ROC 5 masking pixel 45/49
[16:16:31.907]     INFO: ROC 6 masking pixel 11/43
[16:16:31.907]     INFO: ROC 7 masking pixel 45/46
[16:16:31.907]     INFO: ROC 8 masking pixel 30/26
[16:16:31.907]     INFO: ROC 8 masking pixel 48/47
[16:16:31.907]     INFO: ROC 8 masking pixel 49/44
[16:16:31.907]     INFO: ROC 9 masking pixel 26/17
[16:16:31.907]     INFO: ROC 10 masking pixel 50/59
[16:16:31.907]     INFO: ROC 11 masking pixel 8/68
[16:16:31.907]     INFO: ROC 12 masking pixel 7/51
[16:16:31.907]     INFO: ROC 12 masking pixel 44/48
[16:16:31.907]     INFO: ROC 14 masking pixel 35/42
[16:16:31.907]     INFO: ROC 14 masking pixel 43/65
[16:16:31.907]     INFO: ROC 15 masking pixel 38/52
[16:16:31.907]  WARNING: Pattern generator does not contain a trigger signal. No data is expected from the DUT!
[16:16:36.071]     INFO: IGNORE THE WARNING ABOVE (resetROC sent)!
[16:16:36.274]    DEBUG: <PixTest.cc/xEfficiencyMaps:L1875>       attempt #0
[16:16:40.396]     INFO: Test took 4122ms.
[16:16:40.914]     INFO: Fetched DAQ statistics. Counters are being reset now.
[16:16:41.005]    DEBUG: <PixTest.cc/xEfficiencyMaps:L1936> Size of results from : PixTestHighRate::xEfficiencyMaps: 1425691
[16:16:41.011]    DEBUG: <PixTest.cc/xEfficiencyMaps:L1875>       attempt #0
[16:16:45.234]     INFO: Test took 4223ms.
[16:16:45.757]     INFO: Fetched DAQ statistics. Counters are being reset now.
[16:16:45.849]    DEBUG: <PixTest.cc/xEfficiencyMaps:L1936> Size of results from : PixTestHighRate::xEfficiencyMaps: 1423402
[16:16:45.857]    DEBUG: <PixTest.cc/xEfficiencyMaps:L1875>       attempt #0
[16:16:50.091]     INFO: Test took 4234ms.
[16:16:50.615]     INFO: Fetched DAQ statistics. Counters are being reset now.
[16:16:50.708]    DEBUG: <PixTest.cc/xEfficiencyMaps:L1936> Size of results from : PixTestHighRate::xEfficiencyMaps: 1422892
[16:16:50.715]    DEBUG: <PixTest.cc/xEfficiencyMaps:L1875>       attempt #0
[16:16:54.941]     INFO: Test took 4226ms.
[16:16:55.457]     INFO: Fetched DAQ statistics. Counters are being reset now.
[16:16:55.550]    DEBUG: <PixTest.cc/xEfficiencyMaps:L1936> Size of results from : PixTestHighRate::xEfficiencyMaps: 1423469
[16:16:55.557]    DEBUG: <PixTest.cc/xEfficiencyMaps:L1875>       attempt #0
[16:16:59.803]     INFO: Test took 4246ms.
[16:17:00.324]     INFO: Fetched DAQ statistics. Counters are being reset now.
[16:17:00.416]    DEBUG: <PixTest.cc/xEfficiencyMaps:L1936> Size of results from : PixTestHighRate::xEfficiencyMaps: 1422142
[16:17:00.424]    DEBUG: <PixTest.cc/xEfficiencyMaps:L1875>       attempt #0
[16:17:04.651]     INFO: Test took 4227ms.
[16:17:05.170]     INFO: Fetched DAQ statistics. Counters are being reset now.
[16:17:05.262]    DEBUG: <PixTest.cc/xEfficiencyMaps:L1936> Size of results from : PixTestHighRate::xEfficiencyMaps: 1423718
[16:17:05.270]    DEBUG: <PixTest.cc/xEfficiencyMaps:L1875>       attempt #0
[16:17:09.530]     INFO: Test took 4260ms.
[16:17:10.058]     INFO: Fetched DAQ statistics. Counters are being reset now.
[16:17:10.152]    DEBUG: <PixTest.cc/xEfficiencyMaps:L1936> Size of results from : PixTestHighRate::xEfficiencyMaps: 1426480
[16:17:10.160]    DEBUG: <PixTest.cc/xEfficiencyMaps:L1875>       attempt #0
[16:17:14.429]     INFO: Test took 4269ms.
[16:17:14.960]     INFO: Fetched DAQ statistics. Counters are being reset now.
[16:17:15.052]    DEBUG: <PixTest.cc/xEfficiencyMaps:L1936> Size of results from : PixTestHighRate::xEfficiencyMaps: 1423595
[16:17:15.060]    DEBUG: <PixTest.cc/xEfficiencyMaps:L1875>       attempt #0
[16:17:19.318]     INFO: Test took 4258ms.
[16:17:19.857]     INFO: Fetched DAQ statistics. Counters are being reset now.
[16:17:19.949]    DEBUG: <PixTest.cc/xEfficiencyMaps:L1936> Size of results from : PixTestHighRate::xEfficiencyMaps: 1421749
[16:17:19.957]    DEBUG: <PixTest.cc/xEfficiencyMaps:L1875>       attempt #0
[16:17:24.202]     INFO: Test took 4245ms.
[16:17:24.737]     INFO: Fetched DAQ statistics. Counters are being reset now.
[16:17:24.830]    DEBUG: <PixTest.cc/xEfficiencyMaps:L1936> Size of results from : PixTestHighRate::xEfficiencyMaps: 1419211
[16:17:24.838]    DEBUG: <PixTest.cc/xEfficiencyMaps:L1875>       attempt #0
[16:17:29.182]     INFO: Test took 4344ms.
[16:17:29.726]     INFO: Fetched DAQ statistics. Counters are being reset now.
[16:17:29.819]    DEBUG: <PixTest.cc/xEfficiencyMaps:L1936> Size of results from : PixTestHighRate::xEfficiencyMaps: 1416659
[16:17:29.827]    DEBUG: <PixTest.cc/xEfficiencyMaps:L1875>       attempt #0
[16:17:34.109]     INFO: Test took 4282ms.
[16:17:34.652]     INFO: Fetched DAQ statistics. Counters are being reset now.
[16:17:34.754]    DEBUG: <PixTest.cc/xEfficiencyMaps:L1936> Size of results from : PixTestHighRate::xEfficiencyMaps: 1421693
[16:17:34.762]    DEBUG: <PixTest.cc/xEfficiencyMaps:L1875>       attempt #0
[16:17:39.081]     INFO: Test took 4319ms.
[16:17:39.627]     INFO: Fetched DAQ statistics. Counters are being reset now.
[16:17:39.726]    DEBUG: <PixTest.cc/xEfficiencyMaps:L1936> Size of results from : PixTestHighRate::xEfficiencyMaps: 1421219
[16:17:39.735]    DEBUG: <PixTest.cc/xEfficiencyMaps:L1875>       attempt #0
[16:17:44.057]     INFO: Test took 4322ms.
[16:17:44.606]     INFO: Fetched DAQ statistics. Counters are being reset now.
[16:17:44.699]    DEBUG: <PixTest.cc/xEfficiencyMaps:L1936> Size of results from : PixTestHighRate::xEfficiencyMaps: 1419427
[16:17:44.708]    DEBUG: <PixTest.cc/xEfficiencyMaps:L1875>       attempt #0
[16:17:49.035]     INFO: Test took 4327ms.
[16:17:49.586]     INFO: Fetched DAQ statistics. Counters are being reset now.
[16:17:49.681]    DEBUG: <PixTest.cc/xEfficiencyMaps:L1936> Size of results from : PixTestHighRate::xEfficiencyMaps: 1415474
[16:17:49.690]    DEBUG: <PixTest.cc/xEfficiencyMaps:L1875>       attempt #0
[16:17:54.025]     INFO: Test took 4335ms.
[16:17:54.583]     INFO: Fetched DAQ statistics. Counters are being reset now.
[16:17:54.679]    DEBUG: <PixTest.cc/xEfficiencyMaps:L1936> Size of results from : PixTestHighRate::xEfficiencyMaps: 1416540
[16:17:54.689]    DEBUG: <PixTest.cc/xEfficiencyMaps:L1875>       attempt #0
[16:17:58.960]     INFO: Test took 4271ms.
[16:17:59.498]     INFO: Fetched DAQ statistics. Counters are being reset now.
[16:17:59.591]    DEBUG: <PixTest.cc/xEfficiencyMaps:L1936> Size of results from : PixTestHighRate::xEfficiencyMaps: 1421462
[16:17:59.600]    DEBUG: <PixTest.cc/xEfficiencyMaps:L1875>       attempt #0
[16:18:03.870]     INFO: Test took 4270ms.
[16:18:04.418]     INFO: Fetched DAQ statistics. Counters are being reset now.
[16:18:04.512]    DEBUG: <PixTest.cc/xEfficiencyMaps:L1936> Size of results from : PixTestHighRate::xEfficiencyMaps: 1420072
[16:18:04.521]    DEBUG: <PixTest.cc/xEfficiencyMaps:L1875>       attempt #0
[16:18:08.783]     INFO: Test took 4262ms.
[16:18:09.326]     INFO: Fetched DAQ statistics. Counters are being reset now.
[16:18:09.418]    DEBUG: <PixTest.cc/xEfficiencyMaps:L1936> Size of results from : PixTestHighRate::xEfficiencyMaps: 1424896
[16:18:09.426]    DEBUG: <PixTest.cc/xEfficiencyMaps:L1875>       attempt #0
[16:18:13.512]     INFO: Test took 4086ms.
[16:18:14.046]     INFO: Fetched DAQ statistics. Counters are being reset now.
[16:18:14.143]    DEBUG: <PixTest.cc/xEfficiencyMaps:L1936> Size of results from : PixTestHighRate::xEfficiencyMaps: 1432881
[16:18:14.373]    DEBUG: <PixTestHighRate.cc/doCalDelScan:L378> roc  0: caldel = 113 eff = 0.981202
[16:18:14.373]    DEBUG: <PixTestHighRate.cc/doCalDelScan:L378> roc  1: caldel = 180 eff = 0.978918
[16:18:14.374]    DEBUG: <PixTestHighRate.cc/doCalDelScan:L378> roc  2: caldel = 140 eff = 0.963702
[16:18:14.374]    DEBUG: <PixTestHighRate.cc/doCalDelScan:L378> roc  3: caldel = 177 eff = 0.951851
[16:18:14.374]    DEBUG: <PixTestHighRate.cc/doCalDelScan:L378> roc  4: caldel = 149 eff = 0.946635
[16:18:14.374]    DEBUG: <PixTestHighRate.cc/doCalDelScan:L378> roc  5: caldel = 140 eff = 0.941082
[16:18:14.374]    DEBUG: <PixTestHighRate.cc/doCalDelScan:L378> roc  6: caldel = 138 eff = 0.941442
[16:18:14.374]    DEBUG: <PixTestHighRate.cc/doCalDelScan:L378> roc  7: caldel = 114 eff = 0.946755
[16:18:14.374]    DEBUG: <PixTestHighRate.cc/doCalDelScan:L378> roc  8: caldel = 166 eff = 0.911659
[16:18:14.374]    DEBUG: <PixTestHighRate.cc/doCalDelScan:L378> roc  9: caldel = 122 eff = 0.906587
[16:18:14.374]    DEBUG: <PixTestHighRate.cc/doCalDelScan:L378> roc 10: caldel = 139 eff = 0.90988
[16:18:14.375]    DEBUG: <PixTestHighRate.cc/doCalDelScan:L378> roc 11: caldel = 159 eff = 0.918534
[16:18:14.375]    DEBUG: <PixTestHighRate.cc/doCalDelScan:L378> roc 12: caldel = 148 eff = 0.894519
[16:18:14.375]    DEBUG: <PixTestHighRate.cc/doCalDelScan:L378> roc 13: caldel = 162 eff = 0.93488
[16:18:14.375]    DEBUG: <PixTestHighRate.cc/doCalDelScan:L378> roc 14: caldel = 175 eff = 0.962692
[16:18:14.375]    DEBUG: <PixTestHighRate.cc/doCalDelScan:L378> roc 15: caldel = 97 eff = 0.959399
[16:18:14.425]     INFO:    ----------------------------------------------------------------------
[16:18:14.425]     INFO:    PixTestHighRate::xPixelAlive() ntrig = 50, vcal = 200
[16:18:14.425]     INFO:    ----------------------------------------------------------------------
[16:18:14.425]    DEBUG: <PixTestHighRate.cc/doXPixelAlive:L406>  old set: clk: 4
[16:18:14.425]    DEBUG: <PixTestHighRate.cc/doXPixelAlive:L406>  old set: ctr: 4
[16:18:14.425]    DEBUG: <PixTestHighRate.cc/doXPixelAlive:L406>  old set: sda: 19
[16:18:14.425]    DEBUG: <PixTestHighRate.cc/doXPixelAlive:L406>  old set: tin: 9
[16:18:14.425]    DEBUG: <PixTestHighRate.cc/doXPixelAlive:L406>  old set: level: 15
[16:18:14.425]    DEBUG: <PixTestHighRate.cc/doXPixelAlive:L406>  old set: triggerdelay: 0
[16:18:14.425]    DEBUG: <PixTestHighRate.cc/doXPixelAlive:L422>  setting: clk: 4
[16:18:14.425]    DEBUG: <PixTestHighRate.cc/doXPixelAlive:L422>  setting: ctr: 4
[16:18:14.425]    DEBUG: <PixTestHighRate.cc/doXPixelAlive:L422>  setting: sda: 19
[16:18:14.425]    DEBUG: <PixTestHighRate.cc/doXPixelAlive:L422>  setting: tin: 9
[16:18:14.425]    DEBUG: <PixTestHighRate.cc/doXPixelAlive:L422>  setting: level: 15
[16:18:14.425]    DEBUG: <PixTestHighRate.cc/doXPixelAlive:L422>  setting: triggerdelay: 80
[16:18:14.465]     INFO:       reading data/yhc691015sn2p20//defaultMaskFile.dat
[16:18:14.465]     INFO: ROC 4 masking pixel 43/74
[16:18:14.465]     INFO: ROC 5 masking pixel 32/42
[16:18:14.465]     INFO: ROC 5 masking pixel 42/32
[16:18:14.465]     INFO: ROC 5 masking pixel 45/49
[16:18:14.466]     INFO: ROC 6 masking pixel 11/43
[16:18:14.466]     INFO: ROC 7 masking pixel 45/46
[16:18:14.466]     INFO: ROC 8 masking pixel 30/26
[16:18:14.466]     INFO: ROC 8 masking pixel 48/47
[16:18:14.466]     INFO: ROC 8 masking pixel 49/44
[16:18:14.466]     INFO: ROC 9 masking pixel 26/17
[16:18:14.466]     INFO: ROC 10 masking pixel 50/59
[16:18:14.466]     INFO: ROC 11 masking pixel 8/68
[16:18:14.466]     INFO: ROC 12 masking pixel 7/51
[16:18:14.466]     INFO: ROC 12 masking pixel 44/48
[16:18:14.466]     INFO: ROC 14 masking pixel 35/42
[16:18:14.466]     INFO: ROC 14 masking pixel 43/65
[16:18:14.466]     INFO: ROC 15 masking pixel 38/52
[16:18:14.466]  WARNING: Pattern generator does not contain a trigger signal. No data is expected from the DUT!
[16:18:18.491]     INFO: IGNORE THE WARNING ABOVE (resetROC sent)!
[16:18:18.686]    DEBUG: <PixTest.cc/xEfficiencyMaps:L1875>       attempt #0
[16:18:37.963]     INFO: Test took 19277ms.
[16:18:44.343]     INFO: Fetched DAQ statistics. Counters are being reset now.
[16:18:44.787]    DEBUG: <PixTest.cc/xEfficiencyMaps:L1936> Size of results from : PixTestHighRate::xEfficiencyMaps: 6949330
[16:18:45.022]     INFO: number of dead pixels (per ROC):     0    1    1    1    3    8    2  129    6   26    4    2    4    0    4    2
[16:18:45.022]     INFO: number of red-efficiency pixels:   129   45 1529 2850 3146 3201 3275 3029 3446 3369 3267 3021 3220 1650  289  263
[16:18:45.022]     INFO: number of X-ray hits detected:    3978 18535 359395 547020 588332 611994 614473 556533 649778 644952 643211 589105 607463 388987 53940 5267
[16:18:45.022]     INFO: number of triggers sent (total per ROC):  208000 208000 208000 208000 208000 208000 208000 208000 208000 208000 208000 208000 208000 208000 208000 208000
[16:18:45.022]     INFO: number of Vcal hits detected:  207871 207830 204920 202225 201047 200041 200171 195200 199211 197485 198894 200881 194183 204500 207040 207611
[16:18:45.022]     INFO: Vcal hit fiducial efficiency (%):  99.9 99.9 98.7 97.5 97.0 96.7 96.6 97.1 96.3 95.9 96.2 97.0 93.7 98.5 99.6 99.9
[16:18:45.022]     INFO: Vcal hit overall efficiency (%):  99.9 99.9 98.5 97.2 96.7 96.2 96.2 93.8 95.8 94.9 95.6 96.6 93.4 98.3 99.5 99.8
[16:18:45.022]     INFO: X-ray hit rate [MHz/cm2]:  1.2 5.4 105.3 160.3 172.4 179.4 180.1 163.1 190.5 189.0 188.5 172.7 178.1 114.0 15.8 1.5
[16:18:45.022]     INFO: PixTestHighRate::doXPixelAlive() done
[16:18:45.070]    DEBUG: <PixTestHighRate.cc/doXPixelAlive:L541>  resetting: clk: 4
[16:18:45.070]    DEBUG: <PixTestHighRate.cc/doXPixelAlive:L541>  resetting: ctr: 4
[16:18:45.070]    DEBUG: <PixTestHighRate.cc/doXPixelAlive:L541>  resetting: sda: 19
[16:18:45.070]    DEBUG: <PixTestHighRate.cc/doXPixelAlive:L541>  resetting: tin: 9
[16:18:45.070]    DEBUG: <PixTestHighRate.cc/doXPixelAlive:L541>  resetting: level: 15
[16:18:45.070]    DEBUG: <PixTestHighRate.cc/doXPixelAlive:L541>  resetting: triggerdelay: 0
[16:18:45.070]     INFO: PixTest::       pg_setup set to default.
[16:18:45.070]     INFO:    ----------------------------------------------------------------------
[16:18:45.070]     INFO:    PixTestHighRate::runDaq() running for 5 seconds
[16:18:45.070]     INFO:    ----------------------------------------------------------------------
[16:18:45.101]     INFO:       reading data/yhc691015sn2p20//defaultMaskFile.dat
[16:18:45.101]     INFO: ROC 4 masking pixel 43/74
[16:18:45.101]     INFO: ROC 5 masking pixel 32/42
[16:18:45.101]     INFO: ROC 5 masking pixel 42/32
[16:18:45.101]     INFO: ROC 5 masking pixel 45/49
[16:18:45.101]     INFO: ROC 6 masking pixel 11/43
[16:18:45.101]     INFO: ROC 7 masking pixel 45/46
[16:18:45.101]     INFO: ROC 8 masking pixel 30/26
[16:18:45.101]     INFO: ROC 8 masking pixel 48/47
[16:18:45.101]     INFO: ROC 8 masking pixel 49/44
[16:18:45.101]     INFO: ROC 9 masking pixel 26/17
[16:18:45.101]     INFO: ROC 10 masking pixel 50/59
[16:18:45.101]     INFO: ROC 11 masking pixel 8/68
[16:18:45.101]     INFO: ROC 12 masking pixel 7/51
[16:18:45.101]     INFO: ROC 12 masking pixel 44/48
[16:18:45.101]     INFO: ROC 14 masking pixel 35/42
[16:18:45.101]     INFO: ROC 14 masking pixel 43/65
[16:18:45.101]     INFO: ROC 15 masking pixel 38/52
[16:18:45.101]    DEBUG: <PixTestHighRate.cc/doRunDaq:L583>  old set: clk: 4
[16:18:45.102]    DEBUG: <PixTestHighRate.cc/doRunDaq:L583>  old set: ctr: 4
[16:18:45.102]    DEBUG: <PixTestHighRate.cc/doRunDaq:L583>  old set: sda: 19
[16:18:45.102]    DEBUG: <PixTestHighRate.cc/doRunDaq:L583>  old set: tin: 9
[16:18:45.102]    DEBUG: <PixTestHighRate.cc/doRunDaq:L583>  old set: level: 15
[16:18:45.102]    DEBUG: <PixTestHighRate.cc/doRunDaq:L583>  old set: triggerdelay: 0
[16:18:45.102]    DEBUG: <PixTestHighRate.cc/doRunDaq:L599>  setting: clk: 4
[16:18:45.102]    DEBUG: <PixTestHighRate.cc/doRunDaq:L599>  setting: ctr: 4
[16:18:45.102]    DEBUG: <PixTestHighRate.cc/doRunDaq:L599>  setting: sda: 19
[16:18:45.102]    DEBUG: <PixTestHighRate.cc/doRunDaq:L599>  setting: tin: 9
[16:18:45.102]    DEBUG: <PixTestHighRate.cc/doRunDaq:L599>  setting: level: 15
[16:18:45.102]    DEBUG: <PixTestHighRate.cc/doRunDaq:L599>  setting: triggerdelay: 80
[16:18:45.102]  WARNING: Pattern generator does not contain a trigger signal. No data is expected from the DUT!
[16:18:46.134]     INFO: IGNORE THE WARNING ABOVE (resetROC sent)!
[16:18:47.372]     INFO: PixTestHighRate::doHitMap start TriggerLoop with trigger frequency 20 kHz, period 2011 and duration 5 seconds
[16:18:52.375]     INFO: data taking finished, elapsed time: 5 seconds.
[16:18:57.137]    DEBUG: <PixTestHighRate.cc/fillMap:L699> Processing Data: 99473 events with 3201566 pixels
[16:18:57.156]     INFO: PixTest::       pg_setup set to default.
[16:18:57.191]    DEBUG: <PixTestHighRate.cc/doRunDaq:L617> analyzing hitMap_daqbbtest_C0_V0
[16:18:57.191]    DEBUG: <PixTestHighRate.cc/doRunDaq:L617> analyzing hitMap_daqbbtest_C1_V0
[16:18:57.191]    DEBUG: <PixTestHighRate.cc/doRunDaq:L617> analyzing hitMap_daqbbtest_C2_V0
[16:18:57.191]    DEBUG: <PixTestHighRate.cc/doRunDaq:L617> analyzing hitMap_daqbbtest_C3_V0
[16:18:57.192]    DEBUG: <PixTestHighRate.cc/doRunDaq:L617> analyzing hitMap_daqbbtest_C4_V0
[16:18:57.192]    DEBUG: <PixTestHighRate.cc/doRunDaq:L617> analyzing hitMap_daqbbtest_C5_V0
[16:18:57.192]    DEBUG: <PixTestHighRate.cc/doRunDaq:L617> analyzing hitMap_daqbbtest_C6_V0
[16:18:57.192]    DEBUG: <PixTestHighRate.cc/doRunDaq:L617> analyzing hitMap_daqbbtest_C7_V0
[16:18:57.192]    DEBUG: <PixTestHighRate.cc/doRunDaq:L617> analyzing hitMap_daqbbtest_C8_V0
[16:18:57.192]    DEBUG: <PixTestHighRate.cc/doRunDaq:L617> analyzing hitMap_daqbbtest_C9_V0
[16:18:57.192]    DEBUG: <PixTestHighRate.cc/doRunDaq:L617> analyzing hitMap_daqbbtest_C10_V0
[16:18:57.192]    DEBUG: <PixTestHighRate.cc/doRunDaq:L617> analyzing hitMap_daqbbtest_C11_V0
[16:18:57.193]    DEBUG: <PixTestHighRate.cc/doRunDaq:L617> analyzing hitMap_daqbbtest_C12_V0
[16:18:57.193]    DEBUG: <PixTestHighRate.cc/doRunDaq:L617> analyzing hitMap_daqbbtest_C13_V0
[16:18:57.193]    DEBUG: <PixTestHighRate.cc/doRunDaq:L617> analyzing hitMap_daqbbtest_C14_V0
[16:18:57.193]    DEBUG: <PixTestHighRate.cc/doRunDaq:L617> analyzing hitMap_daqbbtest_C15_V0
[16:18:57.193]    DEBUG: <PixTestHighRate.cc/doRunDaq:L629>  resetting: clk: 4
[16:18:57.193]    DEBUG: <PixTestHighRate.cc/doRunDaq:L629>  resetting: ctr: 4
[16:18:57.193]    DEBUG: <PixTestHighRate.cc/doRunDaq:L629>  resetting: sda: 19
[16:18:57.193]    DEBUG: <PixTestHighRate.cc/doRunDaq:L629>  resetting: tin: 9
[16:18:57.193]    DEBUG: <PixTestHighRate.cc/doRunDaq:L629>  resetting: level: 15
[16:18:57.193]    DEBUG: <PixTestHighRate.cc/doRunDaq:L629>  resetting: triggerdelay: 0
[16:18:57.193]     INFO: Pixels without X-ray hits (per ROC):  2821  1809   128     4     8    15     9   166    11   467     5   175     8   265  1253  2629 
[16:18:57.193]     INFO: PixTestHighRate::doRunDaq() done
[16:18:57.193]     INFO: PixTestHighRate::doTest() done 
[16:20:32.006]    DEBUG: <PixTest.cc/moduleMap:L943> moduleMap histname: what
[16:20:32.006]    DEBUG: <PixTest.cc/moduleMap:L953> h1->GetName() = hitMap_daqbbtest_C14_V0 -> hitMap_daqbbtest_mod
[16:20:37.150]    DEBUG: <PixGui.cc/handleButtons:L393> PixGui::exit called
[16:20:37.150]    DEBUG: <PixTestBBMap.cc/~PixTestBBMap:L96> PixTestBBMap dtor
[16:20:37.150]    DEBUG: <PixTestBB2Map.cc/~PixTestBB2Map:L114> PixTestBB2Map dtor
[16:20:37.150]    DEBUG: <PixTestDaq.cc/~PixTestDaq:L36> PixTestDaq dtor
[16:20:37.150]    DEBUG: <PixTestDacDacScan.cc/~PixTestDacDacScan:L135> PixTestDacDacScan dtor
[16:20:37.150]    DEBUG: <PixTestDacScan.cc/~PixTestDacScan:L115> PixTestDacScan dtor
[16:20:37.150]    DEBUG: <PixTestGainPedestal.cc/~PixTestGainPedestal:L121> PixTestGainPedestal dtor
[16:20:37.150]    DEBUG: <PixTestHighRate.cc/~PixTestHighRate:L203> PixTestHighRate dtor
[16:20:37.266]    DEBUG: <PixTestIV.cc/~PixTestIV:L96> PixTestIV dtor
[16:20:37.267]    DEBUG: <PixTestAlive.cc/~PixTestAlive:L108> PixTestAlive dtor
[16:20:37.267]    DEBUG: <PixTestPretest.cc/~PixTestPretest:L133> PixTestPretest dtor
[16:20:37.267]    DEBUG: <PixTestReadback.cc/~PixTestReadback:L89> PixTestReadback dtor, saving tree ... 
[16:20:37.267]    DEBUG: <PixTestScurves.cc/~PixTestScurves:L127> PixTestScurves dtor
[16:20:37.267]    DEBUG: <PixTestTiming.cc/~PixTestTiming:L87> PixTestTiming dtor
[16:20:37.267]    DEBUG: <PixTestTrim.cc/~PixTestTrim:L103> PixTestTrim dtor
[16:20:37.267]    DEBUG: <PixTestXray.cc/~PixTestXray:L215> PixTestXray dtor
[16:20:37.271]    QUIET: Connection to board 58 closed.
[16:20:37.271]    DEBUG: <PixMonitor.cc/dumpSummaries:L34> PixMonitor::dumpSummaries
