[13:34:30.059]     INFO: *** Welcome to pxar ***
[13:34:30.059]     INFO: *** Today: 2015/04/06
[13:34:30.059]     INFO:       reading data/mtt922//dacParameters40_C0.dat
[13:34:30.059]     INFO:       reading data/mtt922//dacParameters40_C1.dat
[13:34:30.059]     INFO:       reading data/mtt922//dacParameters40_C2.dat
[13:34:30.059]     INFO:       reading data/mtt922//dacParameters40_C3.dat
[13:34:30.059]     INFO:       reading data/mtt922//dacParameters40_C4.dat
[13:34:30.059]     INFO:       reading data/mtt922//dacParameters40_C5.dat
[13:34:30.059]     INFO:       reading data/mtt922//dacParameters40_C6.dat
[13:34:30.059]     INFO:       reading data/mtt922//dacParameters40_C7.dat
[13:34:30.059]     INFO:       reading data/mtt922//dacParameters40_C8.dat
[13:34:30.059]     INFO:       reading data/mtt922//dacParameters40_C9.dat
[13:34:30.059]     INFO:       reading data/mtt922//dacParameters40_C10.dat
[13:34:30.059]     INFO:       reading data/mtt922//dacParameters40_C11.dat
[13:34:30.059]     INFO:       reading data/mtt922//dacParameters40_C12.dat
[13:34:30.060]     INFO:       reading data/mtt922//dacParameters40_C13.dat
[13:34:30.060]     INFO:       reading data/mtt922//dacParameters40_C14.dat
[13:34:30.060]     INFO:       reading data/mtt922//dacParameters40_C15.dat
[13:34:30.060]     INFO:       reading data/mtt922//tbmParameters_C0a.dat
[13:34:30.060]     INFO:       reading data/mtt922//tbmParameters_C0b.dat
[13:34:30.060]     INFO:       reading data/mtt922//defaultMaskFile.dat
[13:34:30.060]     INFO:       reading data/mtt922//trimParameters40_C0.dat
[13:34:30.067]     INFO:       reading data/mtt922//trimParameters40_C1.dat
[13:34:30.073]     INFO:       reading data/mtt922//trimParameters40_C2.dat
[13:34:30.080]     INFO:       reading data/mtt922//trimParameters40_C3.dat
[13:34:30.086]     INFO:       reading data/mtt922//trimParameters40_C4.dat
[13:34:30.093]     INFO:       reading data/mtt922//trimParameters40_C5.dat
[13:34:30.099]     INFO:       reading data/mtt922//trimParameters40_C6.dat
[13:34:30.106]     INFO:       reading data/mtt922//trimParameters40_C7.dat
[13:34:30.112]     INFO:       reading data/mtt922//trimParameters40_C8.dat
[13:34:30.119]     INFO:       reading data/mtt922//trimParameters40_C9.dat
[13:34:30.125]     INFO:       reading data/mtt922//trimParameters40_C10.dat
[13:34:30.132]     INFO:       reading data/mtt922//trimParameters40_C11.dat
[13:34:30.138]     INFO:       reading data/mtt922//trimParameters40_C12.dat
[13:34:30.144]     INFO:       reading data/mtt922//trimParameters40_C13.dat
[13:34:30.151]     INFO:       reading data/mtt922//trimParameters40_C14.dat
[13:34:30.157]     INFO:       reading data/mtt922//trimParameters40_C15.dat
[13:34:30.164]     INFO:       reading data/mtt922//tbParameters.dat
[13:34:30.164]     INFO:         clk: 4
[13:34:30.164]     INFO:         ctr: 4
[13:34:30.164]     INFO:         sda: 19
[13:34:30.164]     INFO:         tin: 9
[13:34:30.164]     INFO:         level: 15
[13:34:30.164]     INFO:         triggerdelay: 0
[13:34:30.164]    QUIET: Instanciating API for pxar crosscalibrate
[13:34:30.164]     INFO: Log level: INFO
[13:34:30.178]    QUIET: Connection to board DTB_WRPRHI opened.
[13:34:30.184]     INFO: DTB startup information
--- DTB info------------------------------------------
Board id:    58
HW version:  DTB1.2
FW version:  3.2
SW version:  3.6
USB id:      DTB_WRPRHI
MAC address: 40D85511803A
Hostname:    pixelDTB058
Comment:     
------------------------------------------------------
[13:34:30.187]     INFO: RPC call hashes of host and DTB match: 413001178
[13:34:31.798]     INFO: DUT info: 
[13:34:31.798]     INFO: The DUT currently contains the following objects:
[13:34:31.798]     INFO:  2 TBM Cores (2 ON)
[13:34:31.798]     INFO: 	TBM Core alpha (0): 7 registers set
[13:34:31.798]     INFO: 	TBM Core beta  (1): 7 registers set
[13:34:31.798]     INFO: 16 ROCs (16 ON) with 4160 pixelConfigs
[13:34:31.798]     INFO: 	ROC 0: 21 DACs set, Pixels: 0 masked, 4160 active.
[13:34:31.798]     INFO: 	ROC 1: 21 DACs set, Pixels: 0 masked, 4160 active.
[13:34:31.798]     INFO: 	ROC 2: 21 DACs set, Pixels: 0 masked, 4160 active.
[13:34:31.798]     INFO: 	ROC 3: 21 DACs set, Pixels: 0 masked, 4160 active.
[13:34:31.798]     INFO: 	ROC 4: 21 DACs set, Pixels: 0 masked, 4160 active.
[13:34:31.798]     INFO: 	ROC 5: 21 DACs set, Pixels: 0 masked, 4160 active.
[13:34:31.798]     INFO: 	ROC 6: 21 DACs set, Pixels: 0 masked, 4160 active.
[13:34:31.798]     INFO: 	ROC 7: 21 DACs set, Pixels: 0 masked, 4160 active.
[13:34:31.798]     INFO: 	ROC 8: 21 DACs set, Pixels: 0 masked, 4160 active.
[13:34:31.798]     INFO: 	ROC 9: 21 DACs set, Pixels: 0 masked, 4160 active.
[13:34:31.798]     INFO: 	ROC 10: 21 DACs set, Pixels: 0 masked, 4160 active.
[13:34:31.798]     INFO: 	ROC 11: 21 DACs set, Pixels: 0 masked, 4160 active.
[13:34:31.799]     INFO: 	ROC 12: 21 DACs set, Pixels: 0 masked, 4160 active.
[13:34:31.799]     INFO: 	ROC 13: 21 DACs set, Pixels: 0 masked, 4160 active.
[13:34:31.799]     INFO: 	ROC 14: 21 DACs set, Pixels: 0 masked, 4160 active.
[13:34:31.799]     INFO: 	ROC 15: 21 DACs set, Pixels: 0 masked, 4160 active.
[13:34:32.396]     INFO:       reading data/mtt922//phCalibrationFitTanH40_C0.dat
[13:34:32.413]     INFO:       reading data/mtt922//phCalibrationFitTanH40_C1.dat
[13:34:32.429]     INFO:       reading data/mtt922//phCalibrationFitTanH40_C2.dat
[13:34:32.445]     INFO:       reading data/mtt922//phCalibrationFitTanH40_C3.dat
[13:34:32.461]     INFO:       reading data/mtt922//phCalibrationFitTanH40_C4.dat
[13:34:32.477]     INFO:       reading data/mtt922//phCalibrationFitTanH40_C5.dat
[13:34:32.492]     INFO:       reading data/mtt922//phCalibrationFitTanH40_C6.dat
[13:34:32.508]     INFO:       reading data/mtt922//phCalibrationFitTanH40_C7.dat
[13:34:32.524]     INFO:       reading data/mtt922//phCalibrationFitTanH40_C8.dat
[13:34:32.540]     INFO:       reading data/mtt922//phCalibrationFitTanH40_C9.dat
[13:34:32.556]     INFO:       reading data/mtt922//phCalibrationFitTanH40_C10.dat
[13:34:32.571]     INFO:       reading data/mtt922//phCalibrationFitTanH40_C11.dat
[13:34:32.587]     INFO:       reading data/mtt922//phCalibrationFitTanH40_C12.dat
[13:34:32.603]     INFO:       reading data/mtt922//phCalibrationFitTanH40_C13.dat
[13:34:32.619]     INFO:       reading data/mtt922//phCalibrationFitTanH40_C14.dat
[13:34:32.635]     INFO:       reading data/mtt922//phCalibrationFitTanH40_C15.dat
[13:34:32.686]     INFO:       reading data/mtt922//readbackCal_C0.dat
[13:34:32.686]     INFO:       reading data/mtt922//readbackCal_C1.dat
[13:34:32.686]     INFO:       reading data/mtt922//readbackCal_C2.dat
[13:34:32.686]     INFO:       reading data/mtt922//readbackCal_C3.dat
[13:34:32.687]     INFO:       reading data/mtt922//readbackCal_C4.dat
[13:34:32.687]     INFO:       reading data/mtt922//readbackCal_C5.dat
[13:34:32.687]     INFO:       reading data/mtt922//readbackCal_C6.dat
[13:34:32.687]     INFO:       reading data/mtt922//readbackCal_C7.dat
[13:34:32.687]     INFO:       reading data/mtt922//readbackCal_C8.dat
[13:34:32.687]     INFO:       reading data/mtt922//readbackCal_C9.dat
[13:34:32.687]     INFO:       reading data/mtt922//readbackCal_C10.dat
[13:34:32.687]     INFO:       reading data/mtt922//readbackCal_C11.dat
[13:34:32.687]     INFO:       reading data/mtt922//readbackCal_C12.dat
[13:34:32.687]     INFO:       reading data/mtt922//readbackCal_C13.dat
[13:34:32.687]     INFO:       reading data/mtt922//readbackCal_C14.dat
[13:34:32.687]     INFO:       reading data/mtt922//readbackCal_C15.dat
[13:34:35.966]     INFO: ######################################################################
[13:34:35.966]     INFO: PixTestBBMap::doTest() Ntrig = 5, VcalS = 250 (high range)
[13:34:35.966]     INFO: ######################################################################
[13:34:35.971]     INFO: ---> dac: VthrComp name: calSMap ntrig: 5 dacrange: 0 .. 149 hits flags = 2 (plus default)
[13:34:36.007]     INFO:   dacScan step  from 0 .. 49
[13:35:11.943]     INFO: Test took 35935ms.
[13:35:12.373]     INFO: Fetched DAQ statistics. Counters are being reset now.
[13:35:12.496]     INFO:   dacScan step  from 50 .. 99
[13:35:55.822]     INFO: Test took 43325ms.
[13:35:56.625]     INFO: Fetched DAQ statistics. Counters are being reset now.
[13:35:56.945]     INFO:   dacScan step  from 100 .. 149
[13:36:30.408]     INFO: Test took 33463ms.
[13:36:30.572]     INFO: Fetched DAQ statistics. Counters are being reset now.
[13:37:06.862]     INFO: PixTestBBMap::doTest() done, duration: 150 seconds
[13:37:06.863]     INFO: number of dead bumps (per ROC):    11    7    4   17   42 4160   60    7    3   72  382   28   19   18    9   20
[13:37:06.863]     INFO: separation cut       (per ROC):    49   51   46   35   37   -6   53   50   59   40   47   45   49   49   63   43
[15:04:26.691]    QUIET: Connection to board 58 closed.
