[17:04:16.121]     INFO: *** Welcome to pxar ***
[17:04:16.121]     INFO: *** Today: 2015/04/23
[17:04:16.121]     INFO:       reading data/mtt922//dacParameters40_C0.dat
[17:04:16.121]     INFO:       reading data/mtt922//dacParameters40_C1.dat
[17:04:16.122]     INFO:       reading data/mtt922//dacParameters40_C2.dat
[17:04:16.122]     INFO:       reading data/mtt922//dacParameters40_C3.dat
[17:04:16.122]     INFO:       reading data/mtt922//dacParameters40_C4.dat
[17:04:16.122]     INFO:       reading data/mtt922//dacParameters40_C5.dat
[17:04:16.122]     INFO:       reading data/mtt922//dacParameters40_C6.dat
[17:04:16.122]     INFO:       reading data/mtt922//dacParameters40_C7.dat
[17:04:16.122]     INFO:       reading data/mtt922//dacParameters40_C8.dat
[17:04:16.122]     INFO:       reading data/mtt922//dacParameters40_C9.dat
[17:04:16.122]     INFO:       reading data/mtt922//dacParameters40_C10.dat
[17:04:16.122]     INFO:       reading data/mtt922//dacParameters40_C11.dat
[17:04:16.122]     INFO:       reading data/mtt922//dacParameters40_C12.dat
[17:04:16.122]     INFO:       reading data/mtt922//dacParameters40_C13.dat
[17:04:16.122]     INFO:       reading data/mtt922//dacParameters40_C14.dat
[17:04:16.122]     INFO:       reading data/mtt922//dacParameters40_C15.dat
[17:04:16.122]     INFO:       reading data/mtt922//tbmParameters_C0a.dat
[17:04:16.122]     INFO:       reading data/mtt922//tbmParameters_C0b.dat
[17:04:16.123]     INFO:       reading data/mtt922//defaultMaskFile.dat
[17:04:16.123]     INFO:       reading data/mtt922//trimParameters40_C0.dat
[17:04:16.129]     INFO:       reading data/mtt922//trimParameters40_C1.dat
[17:04:16.136]     INFO:       reading data/mtt922//trimParameters40_C2.dat
[17:04:16.143]     INFO:       reading data/mtt922//trimParameters40_C3.dat
[17:04:16.149]     INFO:       reading data/mtt922//trimParameters40_C4.dat
[17:04:16.156]     INFO:       reading data/mtt922//trimParameters40_C5.dat
[17:04:16.162]     INFO:       reading data/mtt922//trimParameters40_C6.dat
[17:04:16.169]     INFO:       reading data/mtt922//trimParameters40_C7.dat
[17:04:16.176]     INFO:       reading data/mtt922//trimParameters40_C8.dat
[17:04:16.182]     INFO:       reading data/mtt922//trimParameters40_C9.dat
[17:04:16.189]     INFO:       reading data/mtt922//trimParameters40_C10.dat
[17:04:16.195]     INFO:       reading data/mtt922//trimParameters40_C11.dat
[17:04:16.202]     INFO:       reading data/mtt922//trimParameters40_C12.dat
[17:04:16.208]     INFO:       reading data/mtt922//trimParameters40_C13.dat
[17:04:16.215]     INFO:       reading data/mtt922//trimParameters40_C14.dat
[17:04:16.221]     INFO:       reading data/mtt922//trimParameters40_C15.dat
[17:04:16.228]     INFO:       reading data/mtt922//tbParameters.dat
[17:04:16.228]     INFO:         clk: 4
[17:04:16.228]     INFO:         ctr: 4
[17:04:16.228]     INFO:         sda: 19
[17:04:16.228]     INFO:         tin: 9
[17:04:16.228]     INFO:         level: 15
[17:04:16.228]     INFO:         triggerdelay: 0
[17:04:16.228]    QUIET: Instanciating API for pxar crosscalibrate
[17:04:16.228]     INFO: Log level: INFO
[17:04:16.242]    QUIET: Connection to board DTB_WRPRHI opened.
[17:04:16.245]     INFO: DTB startup information
--- DTB info------------------------------------------
Board id:    58
HW version:  DTB1.2
FW version:  3.2
SW version:  3.6
USB id:      DTB_WRPRHI
MAC address: 40D85511803A
Hostname:    pixelDTB058
Comment:     
------------------------------------------------------
[17:04:16.248]     INFO: RPC call hashes of host and DTB match: 413001178
[17:04:17.859]     INFO: DUT info: 
[17:04:17.859]     INFO: The DUT currently contains the following objects:
[17:04:17.859]     INFO:  2 TBM Cores (2 ON)
[17:04:17.859]     INFO: 	TBM Core alpha (0): 7 registers set
[17:04:17.859]     INFO: 	TBM Core beta  (1): 7 registers set
[17:04:17.859]     INFO: 16 ROCs (16 ON) with 4160 pixelConfigs
[17:04:17.859]     INFO: 	ROC 0: 21 DACs set, Pixels: 0 masked, 4160 active.
[17:04:17.859]     INFO: 	ROC 1: 21 DACs set, Pixels: 0 masked, 4160 active.
[17:04:17.859]     INFO: 	ROC 2: 21 DACs set, Pixels: 0 masked, 4160 active.
[17:04:17.859]     INFO: 	ROC 3: 21 DACs set, Pixels: 0 masked, 4160 active.
[17:04:17.859]     INFO: 	ROC 4: 21 DACs set, Pixels: 0 masked, 4160 active.
[17:04:17.859]     INFO: 	ROC 5: 21 DACs set, Pixels: 0 masked, 4160 active.
[17:04:17.859]     INFO: 	ROC 6: 21 DACs set, Pixels: 0 masked, 4160 active.
[17:04:17.859]     INFO: 	ROC 7: 21 DACs set, Pixels: 0 masked, 4160 active.
[17:04:17.859]     INFO: 	ROC 8: 21 DACs set, Pixels: 0 masked, 4160 active.
[17:04:17.859]     INFO: 	ROC 9: 21 DACs set, Pixels: 0 masked, 4160 active.
[17:04:17.859]     INFO: 	ROC 10: 21 DACs set, Pixels: 0 masked, 4160 active.
[17:04:17.859]     INFO: 	ROC 11: 21 DACs set, Pixels: 0 masked, 4160 active.
[17:04:17.859]     INFO: 	ROC 12: 21 DACs set, Pixels: 0 masked, 4160 active.
[17:04:17.859]     INFO: 	ROC 13: 21 DACs set, Pixels: 0 masked, 4160 active.
[17:04:17.859]     INFO: 	ROC 14: 21 DACs set, Pixels: 0 masked, 4160 active.
[17:04:17.859]     INFO: 	ROC 15: 21 DACs set, Pixels: 0 masked, 4160 active.
[17:04:18.468]     INFO:       reading data/mtt922//phCalibrationFitTanH40_C0.dat
[17:04:18.486]     INFO:       reading data/mtt922//phCalibrationFitTanH40_C1.dat
[17:04:18.502]     INFO:       reading data/mtt922//phCalibrationFitTanH40_C2.dat
[17:04:18.518]     INFO:       reading data/mtt922//phCalibrationFitTanH40_C3.dat
[17:04:18.533]     INFO:       reading data/mtt922//phCalibrationFitTanH40_C4.dat
[17:04:18.549]     INFO:       reading data/mtt922//phCalibrationFitTanH40_C5.dat
[17:04:18.565]     INFO:       reading data/mtt922//phCalibrationFitTanH40_C6.dat
[17:04:18.581]     INFO:       reading data/mtt922//phCalibrationFitTanH40_C7.dat
[17:04:18.597]     INFO:       reading data/mtt922//phCalibrationFitTanH40_C8.dat
[17:04:18.614]     INFO:       reading data/mtt922//phCalibrationFitTanH40_C9.dat
[17:04:18.629]     INFO:       reading data/mtt922//phCalibrationFitTanH40_C10.dat
[17:04:18.645]     INFO:       reading data/mtt922//phCalibrationFitTanH40_C11.dat
[17:04:18.661]     INFO:       reading data/mtt922//phCalibrationFitTanH40_C12.dat
[17:04:18.676]     INFO:       reading data/mtt922//phCalibrationFitTanH40_C13.dat
[17:04:18.693]     INFO:       reading data/mtt922//phCalibrationFitTanH40_C14.dat
[17:04:18.708]     INFO:       reading data/mtt922//phCalibrationFitTanH40_C15.dat
[17:04:18.761]     INFO:       reading data/mtt922//readbackCal_C0.dat
[17:04:18.761]     INFO:       reading data/mtt922//readbackCal_C1.dat
[17:04:18.761]     INFO:       reading data/mtt922//readbackCal_C2.dat
[17:04:18.761]     INFO:       reading data/mtt922//readbackCal_C3.dat
[17:04:18.761]     INFO:       reading data/mtt922//readbackCal_C4.dat
[17:04:18.762]     INFO:       reading data/mtt922//readbackCal_C5.dat
[17:04:18.762]     INFO:       reading data/mtt922//readbackCal_C6.dat
[17:04:18.762]     INFO:       reading data/mtt922//readbackCal_C7.dat
[17:04:18.762]     INFO:       reading data/mtt922//readbackCal_C8.dat
[17:04:18.762]     INFO:       reading data/mtt922//readbackCal_C9.dat
[17:04:18.762]     INFO:       reading data/mtt922//readbackCal_C10.dat
[17:04:18.762]     INFO:       reading data/mtt922//readbackCal_C11.dat
[17:04:18.762]     INFO:       reading data/mtt922//readbackCal_C12.dat
[17:04:18.762]     INFO:       reading data/mtt922//readbackCal_C13.dat
[17:04:18.762]     INFO:       reading data/mtt922//readbackCal_C14.dat
[17:04:18.762]     INFO:       reading data/mtt922//readbackCal_C15.dat
[17:05:04.679]     INFO: ######################################################################
[17:05:04.679]     INFO: PixTestXray::doTest()
[17:05:04.679]     INFO: ######################################################################
[17:05:04.679]     INFO:    ----------------------------------------------------------------------
[17:05:04.679]     INFO:    PixTestXray::doPhRun() fParRunSeconds = 600
[17:05:04.679]     INFO:    ----------------------------------------------------------------------
[17:05:04.681]     INFO:       reading data/mtt922//defaultMaskFile.dat
[17:05:04.681]  WARNING: Pattern generator does not contain a trigger signal. No data is expected from the DUT!
[17:05:05.659]     INFO: IGNORE THE WARNING ABOVE (resetROC sent)!
[17:05:06.839]     INFO: PixTestXray::doPhRun start TriggerLoop with trigger frequency 100 kHz, period 405 and duration 600 seconds,  fEventsMax = 60000000
[17:05:23.964]     INFO: run duration 17 seconds, buffer almost full (81%), pausing triggers.
[17:05:43.047]     INFO: Resuming triggers.
[17:06:00.175]     INFO: run duration 34 seconds, buffer almost full (81%), pausing triggers.
[17:06:04.564]    ERROR: <datapipe.cc/CheckEventID:L127>    Event ID mismatch:  local ID (46) !=  TBM ID (249)
[17:06:04.564]    ERROR: <datapipe.cc/DecodeDeser400:L294> Number of ROCs (3) != Token Chain Length (8)
[17:06:04.564]    ERROR: <datapipe.cc/CheckEventID:L127>    Event ID mismatch:  local ID (250) !=  TBM ID (155)
[17:06:04.564]    ERROR: <datapipe.cc/DecodeDeser400:L294> Number of ROCs (2) != Token Chain Length (8)
[17:06:04.564]    ERROR: <datapipe.cc/CheckEventID:L127>    Event ID mismatch:  local ID (156) !=  TBM ID (47)
[17:06:04.564]  WARNING: ROC 0: Readback start marker after 17 readouts!
[17:06:04.564]  WARNING: ROC 1: Readback start marker after 17 readouts!
[17:06:04.564]  WARNING: ROC 3: Readback start marker after 15 readouts!
[17:06:04.564]  WARNING: ROC 5: Readback start marker after 15 readouts!
[17:06:04.564]  WARNING: ROC 6: Readback start marker after 15 readouts!
[17:06:04.564]  WARNING: ROC 7: Readback start marker after 15 readouts!
[17:06:04.564]  WARNING: ROC 4: Readback start marker after 31 readouts!
[17:06:19.120]     INFO: Resuming triggers.
[17:06:36.249]     INFO: run duration 51 seconds, buffer almost full (81%), pausing triggers.
[17:06:54.894]     INFO: Resuming triggers.
[17:07:12.025]     INFO: run duration 68 seconds, buffer almost full (81%), pausing triggers.
[17:07:31.871]     INFO: Resuming triggers.
[17:07:48.999]     INFO: run duration 85 seconds, buffer almost full (81%), pausing triggers.
[17:08:08.807]     INFO: Resuming triggers.
[17:08:25.934]     INFO: run duration 102 seconds, buffer almost full (81%), pausing triggers.
[17:08:46.038]     INFO: Resuming triggers.
[17:09:03.168]     INFO: run duration 119 seconds, buffer almost full (81%), pausing triggers.
[17:09:22.195]     INFO: Resuming triggers.
[17:09:39.329]     INFO: run duration 137 seconds, buffer almost full (81%), pausing triggers.
[17:09:59.679]     INFO: Resuming triggers.
[17:10:16.807]     INFO: run duration 154 seconds, buffer almost full (81%), pausing triggers.
[17:10:34.829]     INFO: Resuming triggers.
[17:10:51.959]     INFO: run duration 171 seconds, buffer almost full (81%), pausing triggers.
[17:11:11.834]     INFO: Resuming triggers.
[17:11:28.967]     INFO: run duration 188 seconds, buffer almost full (81%), pausing triggers.
[17:11:47.762]     INFO: Resuming triggers.
[17:12:04.889]     INFO: run duration 205 seconds, buffer almost full (81%), pausing triggers.
[17:12:23.793]     INFO: Resuming triggers.
[17:12:40.920]     INFO: run duration 222 seconds, buffer almost full (81%), pausing triggers.
[17:12:59.533]     INFO: Resuming triggers.
[17:13:16.664]     INFO: run duration 239 seconds, buffer almost full (81%), pausing triggers.
[17:13:36.647]     INFO: Resuming triggers.
[17:13:53.778]     INFO: run duration 256 seconds, buffer almost full (81%), pausing triggers.
[17:14:13.704]     INFO: Resuming triggers.
[17:14:30.833]     INFO: run duration 274 seconds, buffer almost full (81%), pausing triggers.
[17:14:50.873]     INFO: Resuming triggers.
[17:15:08.005]     INFO: run duration 291 seconds, buffer almost full (81%), pausing triggers.
[17:15:27.942]     INFO: Resuming triggers.
[17:15:45.073]     INFO: run duration 308 seconds, buffer almost full (81%), pausing triggers.
[17:16:05.067]     INFO: Resuming triggers.
[17:16:22.210]     INFO: run duration 325 seconds, buffer almost full (81%), pausing triggers.
[17:16:42.458]     INFO: Resuming triggers.
[17:16:59.588]     INFO: run duration 342 seconds, buffer almost full (81%), pausing triggers.
[17:17:17.280]     INFO: Resuming triggers.
[17:17:34.407]     INFO: run duration 359 seconds, buffer almost full (81%), pausing triggers.
[17:17:54.393]     INFO: Resuming triggers.
[17:18:11.523]     INFO: run duration 376 seconds, buffer almost full (81%), pausing triggers.
[17:18:31.182]     INFO: Resuming triggers.
[17:18:48.311]     INFO: run duration 393 seconds, buffer almost full (81%), pausing triggers.
[17:19:08.688]     INFO: Resuming triggers.
[17:19:25.851]     INFO: run duration 411 seconds, buffer almost full (81%), pausing triggers.
[17:19:46.290]     INFO: Resuming triggers.
[17:20:03.418]     INFO: run duration 428 seconds, buffer almost full (81%), pausing triggers.
[17:20:23.529]     INFO: Resuming triggers.
[17:20:40.656]     INFO: run duration 445 seconds, buffer almost full (81%), pausing triggers.
[17:21:00.284]     INFO: Resuming triggers.
[17:21:17.414]     INFO: run duration 462 seconds, buffer almost full (81%), pausing triggers.
[17:21:35.360]     INFO: Resuming triggers.
[17:21:52.506]     INFO: run duration 479 seconds, buffer almost full (81%), pausing triggers.
[17:22:13.004]     INFO: Resuming triggers.
[17:22:30.164]     INFO: run duration 496 seconds, buffer almost full (81%), pausing triggers.
[17:22:50.123]     INFO: Resuming triggers.
[17:23:07.267]     INFO: run duration 513 seconds, buffer almost full (81%), pausing triggers.
[17:23:27.465]     INFO: Resuming triggers.
[17:23:44.596]     INFO: run duration 531 seconds, buffer almost full (81%), pausing triggers.
[17:24:04.552]     INFO: Resuming triggers.
[17:24:21.679]     INFO: run duration 548 seconds, buffer almost full (81%), pausing triggers.
[17:24:40.299]     INFO: Resuming triggers.
[17:24:57.428]     INFO: run duration 565 seconds, buffer almost full (81%), pausing triggers.
[17:25:17.269]     INFO: Resuming triggers.
[17:25:34.399]     INFO: run duration 582 seconds, buffer almost full (81%), pausing triggers.
[17:25:53.027]     INFO: Resuming triggers.
[17:26:10.157]     INFO: run duration 599 seconds, buffer almost full (81%), pausing triggers.
[17:26:28.733]     INFO: Resuming triggers.
[17:26:29.196]     INFO: data taking finished, elapsed time: 600 seconds.
[17:26:29.968]     INFO: PixTest::       pg_setup set to default.
[17:26:29.994]     INFO: PixTestXray::doPhRun() done
[17:26:29.994]     INFO: PixTestXray::doTest() done 
[17:30:58.246]    QUIET: Connection to board 58 closed.
