[15:46:37.486]     INFO: *** Welcome to pxar ***
[15:46:37.486]     INFO: *** Today: 2015/04/23
[15:46:37.486]     INFO:       reading data/mtt922//dacParameters40_C0.dat
[15:46:37.486]     INFO:       reading data/mtt922//dacParameters40_C1.dat
[15:46:37.487]     INFO:       reading data/mtt922//dacParameters40_C2.dat
[15:46:37.487]     INFO:       reading data/mtt922//dacParameters40_C3.dat
[15:46:37.487]     INFO:       reading data/mtt922//dacParameters40_C4.dat
[15:46:37.487]     INFO:       reading data/mtt922//dacParameters40_C5.dat
[15:46:37.487]     INFO:       reading data/mtt922//dacParameters40_C6.dat
[15:46:37.487]     INFO:       reading data/mtt922//dacParameters40_C7.dat
[15:46:37.487]     INFO:       reading data/mtt922//dacParameters40_C8.dat
[15:46:37.487]     INFO:       reading data/mtt922//dacParameters40_C9.dat
[15:46:37.487]     INFO:       reading data/mtt922//dacParameters40_C10.dat
[15:46:37.487]     INFO:       reading data/mtt922//dacParameters40_C11.dat
[15:46:37.487]     INFO:       reading data/mtt922//dacParameters40_C12.dat
[15:46:37.487]     INFO:       reading data/mtt922//dacParameters40_C13.dat
[15:46:37.487]     INFO:       reading data/mtt922//dacParameters40_C14.dat
[15:46:37.487]     INFO:       reading data/mtt922//dacParameters40_C15.dat
[15:46:37.487]     INFO:       reading data/mtt922//tbmParameters_C0a.dat
[15:46:37.488]     INFO:       reading data/mtt922//tbmParameters_C0b.dat
[15:46:37.488]     INFO:       reading data/mtt922//defaultMaskFile.dat
[15:46:37.488]     INFO:       reading data/mtt922//trimParameters40_C0.dat
[15:46:37.495]     INFO:       reading data/mtt922//trimParameters40_C1.dat
[15:46:37.502]     INFO:       reading data/mtt922//trimParameters40_C2.dat
[15:46:37.508]     INFO:       reading data/mtt922//trimParameters40_C3.dat
[15:46:37.515]     INFO:       reading data/mtt922//trimParameters40_C4.dat
[15:46:37.522]     INFO:       reading data/mtt922//trimParameters40_C5.dat
[15:46:37.529]     INFO:       reading data/mtt922//trimParameters40_C6.dat
[15:46:37.536]     INFO:       reading data/mtt922//trimParameters40_C7.dat
[15:46:37.542]     INFO:       reading data/mtt922//trimParameters40_C8.dat
[15:46:37.549]     INFO:       reading data/mtt922//trimParameters40_C9.dat
[15:46:37.556]     INFO:       reading data/mtt922//trimParameters40_C10.dat
[15:46:37.562]     INFO:       reading data/mtt922//trimParameters40_C11.dat
[15:46:37.569]     INFO:       reading data/mtt922//trimParameters40_C12.dat
[15:46:37.576]     INFO:       reading data/mtt922//trimParameters40_C13.dat
[15:46:37.582]     INFO:       reading data/mtt922//trimParameters40_C14.dat
[15:46:37.589]     INFO:       reading data/mtt922//trimParameters40_C15.dat
[15:46:37.596]     INFO:       reading data/mtt922//tbParameters.dat
[15:46:37.596]     INFO:         clk: 4
[15:46:37.596]     INFO:         ctr: 4
[15:46:37.596]     INFO:         sda: 19
[15:46:37.596]     INFO:         tin: 9
[15:46:37.596]     INFO:         level: 15
[15:46:37.596]     INFO:         triggerdelay: 0
[15:46:37.596]    QUIET: Instanciating API for pxar crosscalibrate
[15:46:37.596]     INFO: Log level: INFO
[15:46:37.609]    QUIET: Connection to board DTB_WRPRHI opened.
[15:46:37.613]     INFO: DTB startup information
--- DTB info------------------------------------------
Board id:    58
HW version:  DTB1.2
FW version:  3.2
SW version:  3.6
USB id:      DTB_WRPRHI
MAC address: 40D85511803A
Hostname:    pixelDTB058
Comment:     
------------------------------------------------------
[15:46:37.616]     INFO: RPC call hashes of host and DTB match: 413001178
[15:46:39.227]     INFO: DUT info: 
[15:46:39.227]     INFO: The DUT currently contains the following objects:
[15:46:39.227]     INFO:  2 TBM Cores (2 ON)
[15:46:39.227]     INFO: 	TBM Core alpha (0): 7 registers set
[15:46:39.227]     INFO: 	TBM Core beta  (1): 7 registers set
[15:46:39.227]     INFO: 16 ROCs (16 ON) with 4160 pixelConfigs
[15:46:39.227]     INFO: 	ROC 0: 21 DACs set, Pixels: 0 masked, 4160 active.
[15:46:39.227]     INFO: 	ROC 1: 21 DACs set, Pixels: 0 masked, 4160 active.
[15:46:39.227]     INFO: 	ROC 2: 21 DACs set, Pixels: 0 masked, 4160 active.
[15:46:39.227]     INFO: 	ROC 3: 21 DACs set, Pixels: 0 masked, 4160 active.
[15:46:39.227]     INFO: 	ROC 4: 21 DACs set, Pixels: 0 masked, 4160 active.
[15:46:39.227]     INFO: 	ROC 5: 21 DACs set, Pixels: 0 masked, 4160 active.
[15:46:39.227]     INFO: 	ROC 6: 21 DACs set, Pixels: 0 masked, 4160 active.
[15:46:39.227]     INFO: 	ROC 7: 21 DACs set, Pixels: 0 masked, 4160 active.
[15:46:39.227]     INFO: 	ROC 8: 21 DACs set, Pixels: 0 masked, 4160 active.
[15:46:39.227]     INFO: 	ROC 9: 21 DACs set, Pixels: 0 masked, 4160 active.
[15:46:39.227]     INFO: 	ROC 10: 21 DACs set, Pixels: 0 masked, 4160 active.
[15:46:39.227]     INFO: 	ROC 11: 21 DACs set, Pixels: 0 masked, 4160 active.
[15:46:39.227]     INFO: 	ROC 12: 21 DACs set, Pixels: 0 masked, 4160 active.
[15:46:39.227]     INFO: 	ROC 13: 21 DACs set, Pixels: 0 masked, 4160 active.
[15:46:39.227]     INFO: 	ROC 14: 21 DACs set, Pixels: 0 masked, 4160 active.
[15:46:39.227]     INFO: 	ROC 15: 21 DACs set, Pixels: 0 masked, 4160 active.
[15:46:39.829]     INFO:       reading data/mtt922//phCalibrationFitTanH40_C0.dat
[15:46:39.846]     INFO:       reading data/mtt922//phCalibrationFitTanH40_C1.dat
[15:46:39.862]     INFO:       reading data/mtt922//phCalibrationFitTanH40_C2.dat
[15:46:39.878]     INFO:       reading data/mtt922//phCalibrationFitTanH40_C3.dat
[15:46:39.894]     INFO:       reading data/mtt922//phCalibrationFitTanH40_C4.dat
[15:46:39.910]     INFO:       reading data/mtt922//phCalibrationFitTanH40_C5.dat
[15:46:39.926]     INFO:       reading data/mtt922//phCalibrationFitTanH40_C6.dat
[15:46:39.941]     INFO:       reading data/mtt922//phCalibrationFitTanH40_C7.dat
[15:46:39.957]     INFO:       reading data/mtt922//phCalibrationFitTanH40_C8.dat
[15:46:39.973]     INFO:       reading data/mtt922//phCalibrationFitTanH40_C9.dat
[15:46:39.989]     INFO:       reading data/mtt922//phCalibrationFitTanH40_C10.dat
[15:46:40.005]     INFO:       reading data/mtt922//phCalibrationFitTanH40_C11.dat
[15:46:40.020]     INFO:       reading data/mtt922//phCalibrationFitTanH40_C12.dat
[15:46:40.036]     INFO:       reading data/mtt922//phCalibrationFitTanH40_C13.dat
[15:46:40.052]     INFO:       reading data/mtt922//phCalibrationFitTanH40_C14.dat
[15:46:40.067]     INFO:       reading data/mtt922//phCalibrationFitTanH40_C15.dat
[15:46:40.121]     INFO:       reading data/mtt922//readbackCal_C0.dat
[15:46:40.121]     INFO:       reading data/mtt922//readbackCal_C1.dat
[15:46:40.121]     INFO:       reading data/mtt922//readbackCal_C2.dat
[15:46:40.121]     INFO:       reading data/mtt922//readbackCal_C3.dat
[15:46:40.121]     INFO:       reading data/mtt922//readbackCal_C4.dat
[15:46:40.121]     INFO:       reading data/mtt922//readbackCal_C5.dat
[15:46:40.121]     INFO:       reading data/mtt922//readbackCal_C6.dat
[15:46:40.121]     INFO:       reading data/mtt922//readbackCal_C7.dat
[15:46:40.121]     INFO:       reading data/mtt922//readbackCal_C8.dat
[15:46:40.121]     INFO:       reading data/mtt922//readbackCal_C9.dat
[15:46:40.121]     INFO:       reading data/mtt922//readbackCal_C10.dat
[15:46:40.121]     INFO:       reading data/mtt922//readbackCal_C11.dat
[15:46:40.121]     INFO:       reading data/mtt922//readbackCal_C12.dat
[15:46:40.122]     INFO:       reading data/mtt922//readbackCal_C13.dat
[15:46:40.122]     INFO:       reading data/mtt922//readbackCal_C14.dat
[15:46:40.122]     INFO:       reading data/mtt922//readbackCal_C15.dat
[15:47:02.822]     INFO: ######################################################################
[15:47:02.822]     INFO: PixTestXray::doTest()
[15:47:02.822]     INFO: ######################################################################
[15:47:02.822]     INFO:    ----------------------------------------------------------------------
[15:47:02.822]     INFO:    PixTestXray::doPhRun() fParRunSeconds = 600
[15:47:02.822]     INFO:    ----------------------------------------------------------------------
[15:47:02.824]     INFO:       reading data/mtt922//defaultMaskFile.dat
[15:47:02.824]  WARNING: Pattern generator does not contain a trigger signal. No data is expected from the DUT!
[15:47:03.802]     INFO: IGNORE THE WARNING ABOVE (resetROC sent)!
[15:47:04.983]     INFO: PixTestXray::doPhRun start TriggerLoop with trigger frequency 100 kHz, period 405 and duration 600 seconds,  fEventsMax = 60000000
[15:47:22.106]     INFO: run duration 17 seconds, buffer almost full (81%), pausing triggers.
[15:47:40.916]     INFO: Resuming triggers.
[15:47:58.070]     INFO: run duration 34 seconds, buffer almost full (81%), pausing triggers.
[15:48:02.351]  WARNING: ROC 2: Readback start marker after 15 readouts!
[15:48:02.351]    ERROR: <datapipe.cc/CheckEventID:L127>    Event ID mismatch:  local ID (125) !=  TBM ID (126)
[15:48:02.351]  WARNING: ROC 4: Readback start marker after 15 readouts!
[15:48:02.351]  WARNING: ROC 0: Readback start marker after 15 readouts!
[15:48:02.351]  WARNING: ROC 1: Readback start marker after 15 readouts!
[15:48:02.351]  WARNING: ROC 3: Readback start marker after 15 readouts!
[15:48:02.351]  WARNING: ROC 5: Readback start marker after 15 readouts!
[15:48:02.351]  WARNING: ROC 6: Readback start marker after 15 readouts!
[15:48:02.351]  WARNING: ROC 7: Readback start marker after 15 readouts!
[15:48:16.683]     INFO: Resuming triggers.
[15:48:33.824]     INFO: run duration 51 seconds, buffer almost full (81%), pausing triggers.
[15:48:52.500]     INFO: Resuming triggers.
[15:49:09.629]     INFO: run duration 68 seconds, buffer almost full (81%), pausing triggers.
[15:49:29.420]     INFO: Resuming triggers.
[15:49:46.546]     INFO: run duration 85 seconds, buffer almost full (81%), pausing triggers.
[15:50:06.355]     INFO: Resuming triggers.
[15:50:23.484]     INFO: run duration 102 seconds, buffer almost full (81%), pausing triggers.
[15:50:42.043]     INFO: Resuming triggers.
[15:50:59.169]     INFO: run duration 119 seconds, buffer almost full (81%), pausing triggers.
[15:51:17.844]     INFO: Resuming triggers.
[15:51:34.974]     INFO: run duration 137 seconds, buffer almost full (81%), pausing triggers.
[15:51:54.825]     INFO: Resuming triggers.
[15:52:11.955]     INFO: run duration 154 seconds, buffer almost full (81%), pausing triggers.
[15:52:31.757]     INFO: Resuming triggers.
[15:52:48.901]     INFO: run duration 171 seconds, buffer almost full (81%), pausing triggers.
[15:53:08.727]     INFO: Resuming triggers.
[15:53:25.853]     INFO: run duration 188 seconds, buffer almost full (81%), pausing triggers.
[15:53:44.449]     INFO: Resuming triggers.
[15:54:01.589]     INFO: run duration 205 seconds, buffer almost full (81%), pausing triggers.
[15:54:20.401]     INFO: Resuming triggers.
[15:54:37.559]     INFO: run duration 222 seconds, buffer almost full (81%), pausing triggers.
[15:54:56.162]     INFO: Resuming triggers.
[15:55:13.289]     INFO: run duration 239 seconds, buffer almost full (81%), pausing triggers.
[15:55:32.090]     INFO: Resuming triggers.
[15:55:49.231]     INFO: run duration 256 seconds, buffer almost full (81%), pausing triggers.
[15:56:06.702]     INFO: Resuming triggers.
[15:56:23.830]     INFO: run duration 274 seconds, buffer almost full (81%), pausing triggers.
[15:56:43.617]     INFO: Resuming triggers.
[15:57:00.743]     INFO: run duration 291 seconds, buffer almost full (81%), pausing triggers.
[15:57:20.556]     INFO: Resuming triggers.
[15:57:37.685]     INFO: run duration 308 seconds, buffer almost full (81%), pausing triggers.
[15:57:56.474]     INFO: Resuming triggers.
[15:58:13.600]     INFO: run duration 325 seconds, buffer almost full (81%), pausing triggers.
[15:58:33.622]     INFO: Resuming triggers.
[15:58:50.749]     INFO: run duration 342 seconds, buffer almost full (81%), pausing triggers.
[15:59:10.721]     INFO: Resuming triggers.
[15:59:27.850]     INFO: run duration 359 seconds, buffer almost full (81%), pausing triggers.
[15:59:46.686]     INFO: Resuming triggers.
[16:00:03.827]     INFO: run duration 376 seconds, buffer almost full (81%), pausing triggers.
[16:00:23.706]     INFO: Resuming triggers.
[16:00:40.831]     INFO: run duration 393 seconds, buffer almost full (81%), pausing triggers.
[16:01:00.707]     INFO: Resuming triggers.
[16:01:17.836]     INFO: run duration 411 seconds, buffer almost full (81%), pausing triggers.
[16:01:37.726]     INFO: Resuming triggers.
[16:01:54.852]     INFO: run duration 428 seconds, buffer almost full (81%), pausing triggers.
[16:02:13.451]     INFO: Resuming triggers.
[16:02:30.577]     INFO: run duration 445 seconds, buffer almost full (81%), pausing triggers.
[16:02:49.392]     INFO: Resuming triggers.
[16:03:06.518]     INFO: run duration 462 seconds, buffer almost full (81%), pausing triggers.
[16:03:25.442]     INFO: Resuming triggers.
[16:03:42.567]     INFO: run duration 479 seconds, buffer almost full (81%), pausing triggers.
[16:04:02.451]     INFO: Resuming triggers.
[16:04:19.576]     INFO: run duration 496 seconds, buffer almost full (81%), pausing triggers.
[16:04:39.432]     INFO: Resuming triggers.
[16:04:56.617]     INFO: run duration 513 seconds, buffer almost full (81%), pausing triggers.
[16:05:16.534]     INFO: Resuming triggers.
[16:05:33.677]     INFO: run duration 531 seconds, buffer almost full (81%), pausing triggers.
[16:05:51.244]     INFO: Resuming triggers.
[16:06:08.370]     INFO: run duration 548 seconds, buffer almost full (81%), pausing triggers.
[16:06:27.133]     INFO: Resuming triggers.
[16:06:44.261]     INFO: run duration 565 seconds, buffer almost full (81%), pausing triggers.
[16:07:02.987]     INFO: Resuming triggers.
[16:07:20.115]     INFO: run duration 582 seconds, buffer almost full (81%), pausing triggers.
[16:07:38.765]     INFO: Resuming triggers.
[16:07:55.893]     INFO: run duration 599 seconds, buffer almost full (81%), pausing triggers.
[16:08:15.742]     INFO: Resuming triggers.
[16:08:16.181]     INFO: data taking finished, elapsed time: 600 seconds.
[16:08:16.954]     INFO: PixTest::       pg_setup set to default.
[16:08:16.983]     INFO: PixTestXray::doPhRun() done
[16:08:16.983]     INFO: PixTestXray::doTest() done 
[16:11:30.447]    QUIET: Connection to board 58 closed.
