[14:32:08.469]     INFO: *** Welcome to pxar ***
[14:32:08.469]     INFO: *** Today: 2015/04/08
[14:32:08.470]     INFO:       reading data/mtt922//dacParameters40_C0.dat
[14:32:08.470]     INFO:       reading data/mtt922//dacParameters40_C1.dat
[14:32:08.470]     INFO:       reading data/mtt922//dacParameters40_C2.dat
[14:32:08.470]     INFO:       reading data/mtt922//dacParameters40_C3.dat
[14:32:08.470]     INFO:       reading data/mtt922//dacParameters40_C4.dat
[14:32:08.470]     INFO:       reading data/mtt922//dacParameters40_C5.dat
[14:32:08.470]     INFO:       reading data/mtt922//dacParameters40_C6.dat
[14:32:08.470]     INFO:       reading data/mtt922//dacParameters40_C7.dat
[14:32:08.470]     INFO:       reading data/mtt922//dacParameters40_C8.dat
[14:32:08.470]     INFO:       reading data/mtt922//dacParameters40_C9.dat
[14:32:08.470]     INFO:       reading data/mtt922//dacParameters40_C10.dat
[14:32:08.470]     INFO:       reading data/mtt922//dacParameters40_C11.dat
[14:32:08.470]     INFO:       reading data/mtt922//dacParameters40_C12.dat
[14:32:08.470]     INFO:       reading data/mtt922//dacParameters40_C13.dat
[14:32:08.470]     INFO:       reading data/mtt922//dacParameters40_C14.dat
[14:32:08.470]     INFO:       reading data/mtt922//dacParameters40_C15.dat
[14:32:08.471]     INFO:       reading data/mtt922//tbmParameters_C0a.dat
[14:32:08.471]     INFO:       reading data/mtt922//tbmParameters_C0b.dat
[14:32:08.471]     INFO:       reading data/mtt922//defaultMaskFile.dat
[14:32:08.471]     INFO:       reading data/mtt922//trimParameters40_C0.dat
[14:32:08.477]     INFO:       reading data/mtt922//trimParameters40_C1.dat
[14:32:08.484]     INFO:       reading data/mtt922//trimParameters40_C2.dat
[14:32:08.491]     INFO:       reading data/mtt922//trimParameters40_C3.dat
[14:32:08.497]     INFO:       reading data/mtt922//trimParameters40_C4.dat
[14:32:08.504]     INFO:       reading data/mtt922//trimParameters40_C5.dat
[14:32:08.510]     INFO:       reading data/mtt922//trimParameters40_C6.dat
[14:32:08.517]     INFO:       reading data/mtt922//trimParameters40_C7.dat
[14:32:08.523]     INFO:       reading data/mtt922//trimParameters40_C8.dat
[14:32:08.530]     INFO:       reading data/mtt922//trimParameters40_C9.dat
[14:32:08.536]     INFO:       reading data/mtt922//trimParameters40_C10.dat
[14:32:08.543]     INFO:       reading data/mtt922//trimParameters40_C11.dat
[14:32:08.549]     INFO:       reading data/mtt922//trimParameters40_C12.dat
[14:32:08.556]     INFO:       reading data/mtt922//trimParameters40_C13.dat
[14:32:08.562]     INFO:       reading data/mtt922//trimParameters40_C14.dat
[14:32:08.569]     INFO:       reading data/mtt922//trimParameters40_C15.dat
[14:32:08.576]     INFO:       reading data/mtt922//tbParameters.dat
[14:32:08.576]     INFO:         clk: 4
[14:32:08.576]     INFO:         ctr: 4
[14:32:08.576]     INFO:         sda: 19
[14:32:08.576]     INFO:         tin: 9
[14:32:08.576]     INFO:         level: 15
[14:32:08.576]     INFO:         triggerdelay: 0
[14:32:08.576]    QUIET: Instanciating API for pxar crosscalibrate
[14:32:08.576]     INFO: Log level: INFO
[14:32:08.589]    QUIET: Connection to board DTB_WRPRHI opened.
[14:32:08.593]     INFO: DTB startup information
--- DTB info------------------------------------------
Board id:    58
HW version:  DTB1.2
FW version:  3.2
SW version:  3.6
USB id:      DTB_WRPRHI
MAC address: 40D85511803A
Hostname:    pixelDTB058
Comment:     
------------------------------------------------------
[14:32:08.596]     INFO: RPC call hashes of host and DTB match: 413001178
[14:32:10.209]     INFO: DUT info: 
[14:32:10.209]     INFO: The DUT currently contains the following objects:
[14:32:10.209]     INFO:  2 TBM Cores (2 ON)
[14:32:10.209]     INFO: 	TBM Core alpha (0): 7 registers set
[14:32:10.209]     INFO: 	TBM Core beta  (1): 7 registers set
[14:32:10.209]     INFO: 16 ROCs (16 ON) with 4160 pixelConfigs
[14:32:10.209]     INFO: 	ROC 0: 21 DACs set, Pixels: 0 masked, 4160 active.
[14:32:10.209]     INFO: 	ROC 1: 21 DACs set, Pixels: 0 masked, 4160 active.
[14:32:10.209]     INFO: 	ROC 2: 21 DACs set, Pixels: 0 masked, 4160 active.
[14:32:10.209]     INFO: 	ROC 3: 21 DACs set, Pixels: 0 masked, 4160 active.
[14:32:10.209]     INFO: 	ROC 4: 21 DACs set, Pixels: 0 masked, 4160 active.
[14:32:10.209]     INFO: 	ROC 5: 21 DACs set, Pixels: 0 masked, 4160 active.
[14:32:10.209]     INFO: 	ROC 6: 21 DACs set, Pixels: 0 masked, 4160 active.
[14:32:10.209]     INFO: 	ROC 7: 21 DACs set, Pixels: 0 masked, 4160 active.
[14:32:10.209]     INFO: 	ROC 8: 21 DACs set, Pixels: 0 masked, 4160 active.
[14:32:10.209]     INFO: 	ROC 9: 21 DACs set, Pixels: 0 masked, 4160 active.
[14:32:10.209]     INFO: 	ROC 10: 21 DACs set, Pixels: 0 masked, 4160 active.
[14:32:10.209]     INFO: 	ROC 11: 21 DACs set, Pixels: 0 masked, 4160 active.
[14:32:10.209]     INFO: 	ROC 12: 21 DACs set, Pixels: 0 masked, 4160 active.
[14:32:10.209]     INFO: 	ROC 13: 21 DACs set, Pixels: 0 masked, 4160 active.
[14:32:10.209]     INFO: 	ROC 14: 21 DACs set, Pixels: 0 masked, 4160 active.
[14:32:10.209]     INFO: 	ROC 15: 21 DACs set, Pixels: 0 masked, 4160 active.
[14:32:10.814]     INFO:       reading data/mtt922//phCalibrationFitTanH40_C0.dat
[14:32:10.831]     INFO:       reading data/mtt922//phCalibrationFitTanH40_C1.dat
[14:32:10.846]     INFO:       reading data/mtt922//phCalibrationFitTanH40_C2.dat
[14:32:10.862]     INFO:       reading data/mtt922//phCalibrationFitTanH40_C3.dat
[14:32:10.878]     INFO:       reading data/mtt922//phCalibrationFitTanH40_C4.dat
[14:32:10.894]     INFO:       reading data/mtt922//phCalibrationFitTanH40_C5.dat
[14:32:10.909]     INFO:       reading data/mtt922//phCalibrationFitTanH40_C6.dat
[14:32:10.925]     INFO:       reading data/mtt922//phCalibrationFitTanH40_C7.dat
[14:32:10.940]     INFO:       reading data/mtt922//phCalibrationFitTanH40_C8.dat
[14:32:10.957]     INFO:       reading data/mtt922//phCalibrationFitTanH40_C9.dat
[14:32:10.972]     INFO:       reading data/mtt922//phCalibrationFitTanH40_C10.dat
[14:32:10.987]     INFO:       reading data/mtt922//phCalibrationFitTanH40_C11.dat
[14:32:11.003]     INFO:       reading data/mtt922//phCalibrationFitTanH40_C12.dat
[14:32:11.018]     INFO:       reading data/mtt922//phCalibrationFitTanH40_C13.dat
[14:32:11.033]     INFO:       reading data/mtt922//phCalibrationFitTanH40_C14.dat
[14:32:11.048]     INFO:       reading data/mtt922//phCalibrationFitTanH40_C15.dat
[14:32:11.100]     INFO:       reading data/mtt922//readbackCal_C0.dat
[14:32:11.100]     INFO:       reading data/mtt922//readbackCal_C1.dat
[14:32:11.100]     INFO:       reading data/mtt922//readbackCal_C2.dat
[14:32:11.100]     INFO:       reading data/mtt922//readbackCal_C3.dat
[14:32:11.100]     INFO:       reading data/mtt922//readbackCal_C4.dat
[14:32:11.100]     INFO:       reading data/mtt922//readbackCal_C5.dat
[14:32:11.100]     INFO:       reading data/mtt922//readbackCal_C6.dat
[14:32:11.100]     INFO:       reading data/mtt922//readbackCal_C7.dat
[14:32:11.100]     INFO:       reading data/mtt922//readbackCal_C8.dat
[14:32:11.100]     INFO:       reading data/mtt922//readbackCal_C9.dat
[14:32:11.100]     INFO:       reading data/mtt922//readbackCal_C10.dat
[14:32:11.100]     INFO:       reading data/mtt922//readbackCal_C11.dat
[14:32:11.101]     INFO:       reading data/mtt922//readbackCal_C12.dat
[14:32:11.101]     INFO:       reading data/mtt922//readbackCal_C13.dat
[14:32:11.101]     INFO:       reading data/mtt922//readbackCal_C14.dat
[14:32:11.101]     INFO:       reading data/mtt922//readbackCal_C15.dat
[14:32:25.274]     INFO: changing rootfilenme: ../mtt922data/floro15_Mo_40_nc_0408.root
[14:32:37.986]     INFO: ######################################################################
[14:32:37.986]     INFO: PixTestXray::doTest()
[14:32:37.986]     INFO: ######################################################################
[14:32:37.986]     INFO:    ----------------------------------------------------------------------
[14:32:37.986]     INFO:    PixTestXray::doPhRun() fParRunSeconds = 900
[14:32:37.986]     INFO:    ----------------------------------------------------------------------
[14:32:37.988]     INFO:       reading data/mtt922//defaultMaskFile.dat
[14:32:37.988]  WARNING: Pattern generator does not contain a trigger signal. No data is expected from the DUT!
[14:32:38.966]     INFO: IGNORE THE WARNING ABOVE (resetROC sent)!
[14:32:40.145]     INFO: PixTestXray::doPhRun start TriggerLoop with trigger frequency 100 kHz, period 405 and duration 900 seconds,  fEventsMax = 90000000
