[15:23:33.973]     INFO: *** Welcome to pxar ***
[15:23:33.973]     INFO: *** Today: 2015/04/22
[15:23:33.973]     INFO:       reading data/mtt922//dacParameters40_C0.dat
[15:23:33.983]     INFO:       reading data/mtt922//dacParameters40_C1.dat
[15:23:33.984]     INFO:       reading data/mtt922//dacParameters40_C2.dat
[15:23:33.984]     INFO:       reading data/mtt922//dacParameters40_C3.dat
[15:23:33.984]     INFO:       reading data/mtt922//dacParameters40_C4.dat
[15:23:33.984]     INFO:       reading data/mtt922//dacParameters40_C5.dat
[15:23:33.984]     INFO:       reading data/mtt922//dacParameters40_C6.dat
[15:23:33.984]     INFO:       reading data/mtt922//dacParameters40_C7.dat
[15:23:33.984]     INFO:       reading data/mtt922//dacParameters40_C8.dat
[15:23:33.985]     INFO:       reading data/mtt922//dacParameters40_C9.dat
[15:23:33.985]     INFO:       reading data/mtt922//dacParameters40_C10.dat
[15:23:33.985]     INFO:       reading data/mtt922//dacParameters40_C11.dat
[15:23:33.985]     INFO:       reading data/mtt922//dacParameters40_C12.dat
[15:23:33.985]     INFO:       reading data/mtt922//dacParameters40_C13.dat
[15:23:33.985]     INFO:       reading data/mtt922//dacParameters40_C14.dat
[15:23:33.985]     INFO:       reading data/mtt922//dacParameters40_C15.dat
[15:23:33.986]     INFO:       reading data/mtt922//tbmParameters_C0a.dat
[15:23:33.997]     INFO:       reading data/mtt922//tbmParameters_C0b.dat
[15:23:33.998]     INFO:       reading data/mtt922//defaultMaskFile.dat
[15:23:34.023]     INFO:       reading data/mtt922//trimParameters40_C0.dat
[15:23:34.043]     INFO:       reading data/mtt922//trimParameters40_C1.dat
[15:23:34.049]     INFO:       reading data/mtt922//trimParameters40_C2.dat
[15:23:34.056]     INFO:       reading data/mtt922//trimParameters40_C3.dat
[15:23:34.071]     INFO:       reading data/mtt922//trimParameters40_C4.dat
[15:23:34.079]     INFO:       reading data/mtt922//trimParameters40_C5.dat
[15:23:34.093]     INFO:       reading data/mtt922//trimParameters40_C6.dat
[15:23:34.100]     INFO:       reading data/mtt922//trimParameters40_C7.dat
[15:23:34.107]     INFO:       reading data/mtt922//trimParameters40_C8.dat
[15:23:34.114]     INFO:       reading data/mtt922//trimParameters40_C9.dat
[15:23:34.121]     INFO:       reading data/mtt922//trimParameters40_C10.dat
[15:23:34.128]     INFO:       reading data/mtt922//trimParameters40_C11.dat
[15:23:34.145]     INFO:       reading data/mtt922//trimParameters40_C12.dat
[15:23:34.151]     INFO:       reading data/mtt922//trimParameters40_C13.dat
[15:23:34.158]     INFO:       reading data/mtt922//trimParameters40_C14.dat
[15:23:34.165]     INFO:       reading data/mtt922//trimParameters40_C15.dat
[15:23:34.173]     INFO:       reading data/mtt922//tbParameters.dat
[15:23:34.174]     INFO:         clk: 4
[15:23:34.174]     INFO:         ctr: 4
[15:23:34.174]     INFO:         sda: 19
[15:23:34.174]     INFO:         tin: 9
[15:23:34.174]     INFO:         level: 15
[15:23:34.174]     INFO:         triggerdelay: 0
[15:23:34.174]    QUIET: Instanciating API for pxar crosscalibrate
[15:23:34.174]     INFO: Log level: INFO
[15:23:34.206]    QUIET: Connection to board DTB_WRPRHI opened.
[15:23:34.209]     INFO: DTB startup information
--- DTB info------------------------------------------
Board id:    58
HW version:  DTB1.2
FW version:  3.2
SW version:  3.6
USB id:      DTB_WRPRHI
MAC address: 40D85511803A
Hostname:    pixelDTB058
Comment:     
------------------------------------------------------
[15:23:34.212]     INFO: RPC call hashes of host and DTB match: 413001178
[15:23:35.843]     INFO: DUT info: 
[15:23:35.843]     INFO: The DUT currently contains the following objects:
[15:23:35.843]     INFO:  2 TBM Cores (2 ON)
[15:23:35.843]     INFO: 	TBM Core alpha (0): 7 registers set
[15:23:35.843]     INFO: 	TBM Core beta  (1): 7 registers set
[15:23:35.843]     INFO: 16 ROCs (16 ON) with 4160 pixelConfigs
[15:23:35.843]     INFO: 	ROC 0: 21 DACs set, Pixels: 0 masked, 4160 active.
[15:23:35.843]     INFO: 	ROC 1: 21 DACs set, Pixels: 0 masked, 4160 active.
[15:23:35.843]     INFO: 	ROC 2: 21 DACs set, Pixels: 0 masked, 4160 active.
[15:23:35.843]     INFO: 	ROC 3: 21 DACs set, Pixels: 0 masked, 4160 active.
[15:23:35.843]     INFO: 	ROC 4: 21 DACs set, Pixels: 0 masked, 4160 active.
[15:23:35.843]     INFO: 	ROC 5: 21 DACs set, Pixels: 0 masked, 4160 active.
[15:23:35.843]     INFO: 	ROC 6: 21 DACs set, Pixels: 0 masked, 4160 active.
[15:23:35.843]     INFO: 	ROC 7: 21 DACs set, Pixels: 0 masked, 4160 active.
[15:23:35.843]     INFO: 	ROC 8: 21 DACs set, Pixels: 0 masked, 4160 active.
[15:23:35.843]     INFO: 	ROC 9: 21 DACs set, Pixels: 0 masked, 4160 active.
[15:23:35.843]     INFO: 	ROC 10: 21 DACs set, Pixels: 0 masked, 4160 active.
[15:23:35.843]     INFO: 	ROC 11: 21 DACs set, Pixels: 0 masked, 4160 active.
[15:23:35.843]     INFO: 	ROC 12: 21 DACs set, Pixels: 0 masked, 4160 active.
[15:23:35.843]     INFO: 	ROC 13: 21 DACs set, Pixels: 0 masked, 4160 active.
[15:23:35.843]     INFO: 	ROC 14: 21 DACs set, Pixels: 0 masked, 4160 active.
[15:23:35.843]     INFO: 	ROC 15: 21 DACs set, Pixels: 0 masked, 4160 active.
[15:23:36.461]     INFO:       reading data/mtt922//phCalibrationFitTanH40_C0.dat
[15:23:36.480]     INFO:       reading data/mtt922//phCalibrationFitTanH40_C1.dat
[15:23:36.497]     INFO:       reading data/mtt922//phCalibrationFitTanH40_C2.dat
[15:23:36.520]     INFO:       reading data/mtt922//phCalibrationFitTanH40_C3.dat
[15:23:36.536]     INFO:       reading data/mtt922//phCalibrationFitTanH40_C4.dat
[15:23:36.553]     INFO:       reading data/mtt922//phCalibrationFitTanH40_C5.dat
[15:23:36.569]     INFO:       reading data/mtt922//phCalibrationFitTanH40_C6.dat
[15:23:36.585]     INFO:       reading data/mtt922//phCalibrationFitTanH40_C7.dat
[15:23:36.601]     INFO:       reading data/mtt922//phCalibrationFitTanH40_C8.dat
[15:23:36.618]     INFO:       reading data/mtt922//phCalibrationFitTanH40_C9.dat
[15:23:36.634]     INFO:       reading data/mtt922//phCalibrationFitTanH40_C10.dat
[15:23:36.650]     INFO:       reading data/mtt922//phCalibrationFitTanH40_C11.dat
[15:23:36.666]     INFO:       reading data/mtt922//phCalibrationFitTanH40_C12.dat
[15:23:36.682]     INFO:       reading data/mtt922//phCalibrationFitTanH40_C13.dat
[15:23:36.699]     INFO:       reading data/mtt922//phCalibrationFitTanH40_C14.dat
[15:23:36.715]     INFO:       reading data/mtt922//phCalibrationFitTanH40_C15.dat
[15:23:36.774]     INFO:       reading data/mtt922//readbackCal_C0.dat
[15:23:36.774]     INFO:       reading data/mtt922//readbackCal_C1.dat
[15:23:36.774]     INFO:       reading data/mtt922//readbackCal_C2.dat
[15:23:36.775]     INFO:       reading data/mtt922//readbackCal_C3.dat
[15:23:36.775]     INFO:       reading data/mtt922//readbackCal_C4.dat
[15:23:36.775]     INFO:       reading data/mtt922//readbackCal_C5.dat
[15:23:36.776]     INFO:       reading data/mtt922//readbackCal_C6.dat
[15:23:36.776]     INFO:       reading data/mtt922//readbackCal_C7.dat
[15:23:36.776]     INFO:       reading data/mtt922//readbackCal_C8.dat
[15:23:36.776]     INFO:       reading data/mtt922//readbackCal_C9.dat
[15:23:36.777]     INFO:       reading data/mtt922//readbackCal_C10.dat
[15:23:36.777]     INFO:       reading data/mtt922//readbackCal_C11.dat
[15:23:36.777]     INFO:       reading data/mtt922//readbackCal_C12.dat
[15:23:36.777]     INFO:       reading data/mtt922//readbackCal_C13.dat
[15:23:36.777]     INFO:       reading data/mtt922//readbackCal_C14.dat
[15:23:36.778]     INFO:       reading data/mtt922//readbackCal_C15.dat
[15:23:40.713]     INFO:    ----------------------------------------------------------------------
[15:23:40.713]     INFO:    PixTest::maskHotPixels() running for 10 seconds with 100 kHz trigger rate
[15:23:40.713]     INFO:    ----------------------------------------------------------------------
[15:23:40.714]  WARNING: Pattern generator does not contain a trigger signal. No data is expected from the DUT!
[15:23:41.692]     INFO: IGNORE THE WARNING ABOVE (resetROC sent)!
[15:23:42.870]     INFO: PixTestHighRate::maskHotPixels start TriggerLoop with period 404 and duration 10 seconds and trigger rate 100 kHz
