[15:19:25.154]     INFO: *** Welcome to pxar ***
[15:19:25.154]     INFO: *** Today: 2015/04/23
[15:19:25.154]     INFO:       reading data/mtt922//dacParameters40_C0.dat
[15:19:25.154]     INFO:       reading data/mtt922//dacParameters40_C1.dat
[15:19:25.154]     INFO:       reading data/mtt922//dacParameters40_C2.dat
[15:19:25.154]     INFO:       reading data/mtt922//dacParameters40_C3.dat
[15:19:25.154]     INFO:       reading data/mtt922//dacParameters40_C4.dat
[15:19:25.154]     INFO:       reading data/mtt922//dacParameters40_C5.dat
[15:19:25.154]     INFO:       reading data/mtt922//dacParameters40_C6.dat
[15:19:25.154]     INFO:       reading data/mtt922//dacParameters40_C7.dat
[15:19:25.155]     INFO:       reading data/mtt922//dacParameters40_C8.dat
[15:19:25.155]     INFO:       reading data/mtt922//dacParameters40_C9.dat
[15:19:25.155]     INFO:       reading data/mtt922//dacParameters40_C10.dat
[15:19:25.155]     INFO:       reading data/mtt922//dacParameters40_C11.dat
[15:19:25.155]     INFO:       reading data/mtt922//dacParameters40_C12.dat
[15:19:25.155]     INFO:       reading data/mtt922//dacParameters40_C13.dat
[15:19:25.155]     INFO:       reading data/mtt922//dacParameters40_C14.dat
[15:19:25.155]     INFO:       reading data/mtt922//dacParameters40_C15.dat
[15:19:25.155]     INFO:       reading data/mtt922//tbmParameters_C0a.dat
[15:19:25.155]     INFO:       reading data/mtt922//tbmParameters_C0b.dat
[15:19:25.155]     INFO:       reading data/mtt922//defaultMaskFile.dat
[15:19:25.155]     INFO:       reading data/mtt922//trimParameters40_C0.dat
[15:19:25.162]     INFO:       reading data/mtt922//trimParameters40_C1.dat
[15:19:25.169]     INFO:       reading data/mtt922//trimParameters40_C2.dat
[15:19:25.175]     INFO:       reading data/mtt922//trimParameters40_C3.dat
[15:19:25.182]     INFO:       reading data/mtt922//trimParameters40_C4.dat
[15:19:25.188]     INFO:       reading data/mtt922//trimParameters40_C5.dat
[15:19:25.195]     INFO:       reading data/mtt922//trimParameters40_C6.dat
[15:19:25.201]     INFO:       reading data/mtt922//trimParameters40_C7.dat
[15:19:25.208]     INFO:       reading data/mtt922//trimParameters40_C8.dat
[15:19:25.214]     INFO:       reading data/mtt922//trimParameters40_C9.dat
[15:19:25.221]     INFO:       reading data/mtt922//trimParameters40_C10.dat
[15:19:25.228]     INFO:       reading data/mtt922//trimParameters40_C11.dat
[15:19:25.234]     INFO:       reading data/mtt922//trimParameters40_C12.dat
[15:19:25.241]     INFO:       reading data/mtt922//trimParameters40_C13.dat
[15:19:25.247]     INFO:       reading data/mtt922//trimParameters40_C14.dat
[15:19:25.254]     INFO:       reading data/mtt922//trimParameters40_C15.dat
[15:19:25.260]     INFO:       reading data/mtt922//tbParameters.dat
[15:19:25.260]     INFO:         clk: 4
[15:19:25.261]     INFO:         ctr: 4
[15:19:25.261]     INFO:         sda: 19
[15:19:25.261]     INFO:         tin: 9
[15:19:25.261]     INFO:         level: 15
[15:19:25.261]     INFO:         triggerdelay: 0
[15:19:25.261]    QUIET: Instanciating API for pxar crosscalibrate
[15:19:25.261]     INFO: Log level: INFO
[15:19:25.274]    QUIET: Connection to board DTB_WRPRHI opened.
[15:19:25.277]     INFO: DTB startup information
--- DTB info------------------------------------------
Board id:    58
HW version:  DTB1.2
FW version:  3.2
SW version:  3.6
USB id:      DTB_WRPRHI
MAC address: 40D85511803A
Hostname:    pixelDTB058
Comment:     
------------------------------------------------------
[15:19:25.284]     INFO: RPC call hashes of host and DTB match: 413001178
[15:19:26.894]     INFO: DUT info: 
[15:19:26.894]     INFO: The DUT currently contains the following objects:
[15:19:26.894]     INFO:  2 TBM Cores (2 ON)
[15:19:26.895]     INFO: 	TBM Core alpha (0): 7 registers set
[15:19:26.895]     INFO: 	TBM Core beta  (1): 7 registers set
[15:19:26.895]     INFO: 16 ROCs (16 ON) with 4160 pixelConfigs
[15:19:26.895]     INFO: 	ROC 0: 21 DACs set, Pixels: 0 masked, 4160 active.
[15:19:26.895]     INFO: 	ROC 1: 21 DACs set, Pixels: 0 masked, 4160 active.
[15:19:26.895]     INFO: 	ROC 2: 21 DACs set, Pixels: 0 masked, 4160 active.
[15:19:26.895]     INFO: 	ROC 3: 21 DACs set, Pixels: 0 masked, 4160 active.
[15:19:26.895]     INFO: 	ROC 4: 21 DACs set, Pixels: 0 masked, 4160 active.
[15:19:26.895]     INFO: 	ROC 5: 21 DACs set, Pixels: 0 masked, 4160 active.
[15:19:26.895]     INFO: 	ROC 6: 21 DACs set, Pixels: 0 masked, 4160 active.
[15:19:26.895]     INFO: 	ROC 7: 21 DACs set, Pixels: 0 masked, 4160 active.
[15:19:26.895]     INFO: 	ROC 8: 21 DACs set, Pixels: 0 masked, 4160 active.
[15:19:26.895]     INFO: 	ROC 9: 21 DACs set, Pixels: 0 masked, 4160 active.
[15:19:26.895]     INFO: 	ROC 10: 21 DACs set, Pixels: 0 masked, 4160 active.
[15:19:26.895]     INFO: 	ROC 11: 21 DACs set, Pixels: 0 masked, 4160 active.
[15:19:26.895]     INFO: 	ROC 12: 21 DACs set, Pixels: 0 masked, 4160 active.
[15:19:26.895]     INFO: 	ROC 13: 21 DACs set, Pixels: 0 masked, 4160 active.
[15:19:26.895]     INFO: 	ROC 14: 21 DACs set, Pixels: 0 masked, 4160 active.
[15:19:26.895]     INFO: 	ROC 15: 21 DACs set, Pixels: 0 masked, 4160 active.
[15:19:27.494]     INFO:       reading data/mtt922//phCalibrationFitTanH40_C0.dat
[15:19:27.511]     INFO:       reading data/mtt922//phCalibrationFitTanH40_C1.dat
[15:19:27.527]     INFO:       reading data/mtt922//phCalibrationFitTanH40_C2.dat
[15:19:27.543]     INFO:       reading data/mtt922//phCalibrationFitTanH40_C3.dat
[15:19:27.558]     INFO:       reading data/mtt922//phCalibrationFitTanH40_C4.dat
[15:19:27.574]     INFO:       reading data/mtt922//phCalibrationFitTanH40_C5.dat
[15:19:27.590]     INFO:       reading data/mtt922//phCalibrationFitTanH40_C6.dat
[15:19:27.605]     INFO:       reading data/mtt922//phCalibrationFitTanH40_C7.dat
[15:19:27.621]     INFO:       reading data/mtt922//phCalibrationFitTanH40_C8.dat
[15:19:27.637]     INFO:       reading data/mtt922//phCalibrationFitTanH40_C9.dat
[15:19:27.653]     INFO:       reading data/mtt922//phCalibrationFitTanH40_C10.dat
[15:19:27.668]     INFO:       reading data/mtt922//phCalibrationFitTanH40_C11.dat
[15:19:27.684]     INFO:       reading data/mtt922//phCalibrationFitTanH40_C12.dat
[15:19:27.699]     INFO:       reading data/mtt922//phCalibrationFitTanH40_C13.dat
[15:19:27.714]     INFO:       reading data/mtt922//phCalibrationFitTanH40_C14.dat
[15:19:27.730]     INFO:       reading data/mtt922//phCalibrationFitTanH40_C15.dat
[15:19:27.782]     INFO:       reading data/mtt922//readbackCal_C0.dat
[15:19:27.782]     INFO:       reading data/mtt922//readbackCal_C1.dat
[15:19:27.782]     INFO:       reading data/mtt922//readbackCal_C2.dat
[15:19:27.782]     INFO:       reading data/mtt922//readbackCal_C3.dat
[15:19:27.782]     INFO:       reading data/mtt922//readbackCal_C4.dat
[15:19:27.782]     INFO:       reading data/mtt922//readbackCal_C5.dat
[15:19:27.782]     INFO:       reading data/mtt922//readbackCal_C6.dat
[15:19:27.783]     INFO:       reading data/mtt922//readbackCal_C7.dat
[15:19:27.783]     INFO:       reading data/mtt922//readbackCal_C8.dat
[15:19:27.783]     INFO:       reading data/mtt922//readbackCal_C9.dat
[15:19:27.783]     INFO:       reading data/mtt922//readbackCal_C10.dat
[15:19:27.783]     INFO:       reading data/mtt922//readbackCal_C11.dat
[15:19:27.783]     INFO:       reading data/mtt922//readbackCal_C12.dat
[15:19:27.783]     INFO:       reading data/mtt922//readbackCal_C13.dat
[15:19:27.783]     INFO:       reading data/mtt922//readbackCal_C14.dat
[15:19:27.783]     INFO:       reading data/mtt922//readbackCal_C15.dat
[15:19:51.053]     INFO: ######################################################################
[15:19:51.053]     INFO: PixTestXray::doTest()
[15:19:51.053]     INFO: ######################################################################
[15:19:51.053]     INFO:    ----------------------------------------------------------------------
[15:19:51.053]     INFO:    PixTestXray::doPhRun() fParRunSeconds = 600
[15:19:51.053]     INFO:    ----------------------------------------------------------------------
[15:19:51.055]     INFO:       reading data/mtt922//defaultMaskFile.dat
[15:19:51.055]  WARNING: Pattern generator does not contain a trigger signal. No data is expected from the DUT!
[15:19:52.033]     INFO: IGNORE THE WARNING ABOVE (resetROC sent)!
[15:19:53.214]     INFO: PixTestXray::doPhRun start TriggerLoop with trigger frequency 100 kHz, period 405 and duration 600 seconds,  fEventsMax = 60000000
[15:20:10.339]     INFO: run duration 17 seconds, buffer almost full (81%), pausing triggers.
[15:20:29.115]     INFO: Resuming triggers.
[15:20:46.243]     INFO: run duration 34 seconds, buffer almost full (81%), pausing triggers.
[15:20:50.581]    ERROR: <datapipe.cc/CheckEventID:L127>    Event ID mismatch:  local ID (138) !=  TBM ID (175)
[15:20:50.582]  WARNING: ROC 0: Readback start marker after 11 readouts!
[15:20:50.582]  WARNING: ROC 1: Readback start marker after 11 readouts!
[15:20:50.582]  WARNING: ROC 3: Readback start marker after 11 readouts!
[15:20:50.582]  WARNING: ROC 4: Readback start marker after 12 readouts!
[15:20:50.582]    ERROR: <datapipe.cc/CheckEventID:L127>    Event ID mismatch:  local ID (176) !=  TBM ID (139)
[15:20:50.582]  WARNING: ROC 4: Readback start marker after 4 readouts!
[15:20:50.582]  WARNING: ROC 0: Readback start marker after 5 readouts!
[15:20:50.582]  WARNING: ROC 1: Readback start marker after 5 readouts!
[15:20:50.582]  WARNING: ROC 3: Readback start marker after 5 readouts!
[15:21:04.960]     INFO: Resuming triggers.
[15:21:22.088]     INFO: run duration 51 seconds, buffer almost full (81%), pausing triggers.
[15:21:41.073]     INFO: Resuming triggers.
[15:21:58.198]     INFO: run duration 68 seconds, buffer almost full (81%), pausing triggers.
[15:22:18.190]     INFO: Resuming triggers.
[15:22:35.316]     INFO: run duration 85 seconds, buffer almost full (81%), pausing triggers.
[15:22:55.365]     INFO: Resuming triggers.
[15:23:12.507]     INFO: run duration 102 seconds, buffer almost full (81%), pausing triggers.
[15:23:31.474]     INFO: Resuming triggers.
[15:23:48.599]     INFO: run duration 119 seconds, buffer almost full (81%), pausing triggers.
[15:24:08.485]     INFO: Resuming triggers.
[15:24:25.610]     INFO: run duration 137 seconds, buffer almost full (81%), pausing triggers.
[15:24:45.430]     INFO: Resuming triggers.
[15:25:02.556]     INFO: run duration 154 seconds, buffer almost full (81%), pausing triggers.
[15:25:20.194]     INFO: Resuming triggers.
[15:25:37.320]     INFO: run duration 171 seconds, buffer almost full (81%), pausing triggers.
[15:25:57.313]     INFO: Resuming triggers.
[15:26:14.457]     INFO: run duration 188 seconds, buffer almost full (81%), pausing triggers.
[15:26:34.378]     INFO: Resuming triggers.
[15:26:51.552]     INFO: run duration 205 seconds, buffer almost full (81%), pausing triggers.
[15:27:11.448]     INFO: Resuming triggers.
[15:27:28.577]     INFO: run duration 222 seconds, buffer almost full (81%), pausing triggers.
[15:27:48.481]     INFO: Resuming triggers.
[15:28:05.608]     INFO: run duration 239 seconds, buffer almost full (81%), pausing triggers.
[15:28:25.571]     INFO: Resuming triggers.
[15:28:42.698]     INFO: run duration 256 seconds, buffer almost full (81%), pausing triggers.
[15:29:01.502]     INFO: Resuming triggers.
[15:29:18.632]     INFO: run duration 274 seconds, buffer almost full (81%), pausing triggers.
[15:29:38.464]     INFO: Resuming triggers.
[15:29:55.590]     INFO: run duration 291 seconds, buffer almost full (81%), pausing triggers.
[15:30:15.490]     INFO: Resuming triggers.
[15:30:32.618]     INFO: run duration 308 seconds, buffer almost full (81%), pausing triggers.
[15:30:52.679]     INFO: Resuming triggers.
[15:31:09.809]     INFO: run duration 325 seconds, buffer almost full (81%), pausing triggers.
[15:31:29.711]     INFO: Resuming triggers.
[15:31:46.844]     INFO: run duration 342 seconds, buffer almost full (81%), pausing triggers.
[15:32:05.564]     INFO: Resuming triggers.
[15:32:22.693]     INFO: run duration 359 seconds, buffer almost full (81%), pausing triggers.
[15:32:42.541]     INFO: Resuming triggers.
[15:32:59.713]     INFO: run duration 376 seconds, buffer almost full (81%), pausing triggers.
[15:33:19.627]     INFO: Resuming triggers.
[15:33:36.755]     INFO: run duration 393 seconds, buffer almost full (81%), pausing triggers.
[15:33:56.523]     INFO: Resuming triggers.
[15:34:13.648]     INFO: run duration 411 seconds, buffer almost full (81%), pausing triggers.
[15:34:33.546]     INFO: Resuming triggers.
[15:34:50.718]     INFO: run duration 428 seconds, buffer almost full (81%), pausing triggers.
[15:35:10.609]     INFO: Resuming triggers.
[15:35:27.737]     INFO: run duration 445 seconds, buffer almost full (81%), pausing triggers.
[15:35:46.375]     INFO: Resuming triggers.
[15:36:03.519]     INFO: run duration 462 seconds, buffer almost full (81%), pausing triggers.
[15:36:22.339]     INFO: Resuming triggers.
[15:36:39.497]     INFO: run duration 479 seconds, buffer almost full (81%), pausing triggers.
[15:36:59.406]     INFO: Resuming triggers.
