[16:18:46.398]     INFO: *** Welcome to pxar ***
[16:18:46.398]     INFO: *** Today: 2015/04/22
[16:18:46.398]     INFO:       reading data/mtt922//dacParameters40_C0.dat
[16:18:46.398]     INFO:       reading data/mtt922//dacParameters40_C1.dat
[16:18:46.398]     INFO:       reading data/mtt922//dacParameters40_C2.dat
[16:18:46.398]     INFO:       reading data/mtt922//dacParameters40_C3.dat
[16:18:46.398]     INFO:       reading data/mtt922//dacParameters40_C4.dat
[16:18:46.398]     INFO:       reading data/mtt922//dacParameters40_C5.dat
[16:18:46.398]     INFO:       reading data/mtt922//dacParameters40_C6.dat
[16:18:46.398]     INFO:       reading data/mtt922//dacParameters40_C7.dat
[16:18:46.398]     INFO:       reading data/mtt922//dacParameters40_C8.dat
[16:18:46.398]     INFO:       reading data/mtt922//dacParameters40_C9.dat
[16:18:46.398]     INFO:       reading data/mtt922//dacParameters40_C10.dat
[16:18:46.399]     INFO:       reading data/mtt922//dacParameters40_C11.dat
[16:18:46.399]     INFO:       reading data/mtt922//dacParameters40_C12.dat
[16:18:46.399]     INFO:       reading data/mtt922//dacParameters40_C13.dat
[16:18:46.399]     INFO:       reading data/mtt922//dacParameters40_C14.dat
[16:18:46.399]     INFO:       reading data/mtt922//dacParameters40_C15.dat
[16:18:46.399]     INFO:       reading data/mtt922//tbmParameters_C0a.dat
[16:18:46.399]     INFO:       reading data/mtt922//tbmParameters_C0b.dat
[16:18:46.399]     INFO:       reading data/mtt922//defaultMaskFile.dat
[16:18:46.399]     INFO:       reading data/mtt922//trimParameters40_C0.dat
[16:18:46.406]     INFO:       reading data/mtt922//trimParameters40_C1.dat
[16:18:46.412]     INFO:       reading data/mtt922//trimParameters40_C2.dat
[16:18:46.419]     INFO:       reading data/mtt922//trimParameters40_C3.dat
[16:18:46.426]     INFO:       reading data/mtt922//trimParameters40_C4.dat
[16:18:46.432]     INFO:       reading data/mtt922//trimParameters40_C5.dat
[16:18:46.439]     INFO:       reading data/mtt922//trimParameters40_C6.dat
[16:18:46.445]     INFO:       reading data/mtt922//trimParameters40_C7.dat
[16:18:46.452]     INFO:       reading data/mtt922//trimParameters40_C8.dat
[16:18:46.459]     INFO:       reading data/mtt922//trimParameters40_C9.dat
[16:18:46.465]     INFO:       reading data/mtt922//trimParameters40_C10.dat
[16:18:46.472]     INFO:       reading data/mtt922//trimParameters40_C11.dat
[16:18:46.478]     INFO:       reading data/mtt922//trimParameters40_C12.dat
[16:18:46.485]     INFO:       reading data/mtt922//trimParameters40_C13.dat
[16:18:46.491]     INFO:       reading data/mtt922//trimParameters40_C14.dat
[16:18:46.498]     INFO:       reading data/mtt922//trimParameters40_C15.dat
[16:18:46.504]     INFO:       reading data/mtt922//tbParameters.dat
[16:18:46.504]     INFO:         clk: 4
[16:18:46.504]     INFO:         ctr: 4
[16:18:46.504]     INFO:         sda: 19
[16:18:46.504]     INFO:         tin: 9
[16:18:46.504]     INFO:         level: 15
[16:18:46.504]     INFO:         triggerdelay: 0
[16:18:46.504]    QUIET: Instanciating API for pxar crosscalibrate
[16:18:46.504]     INFO: Log level: INFO
[16:18:46.518]    QUIET: Connection to board DTB_WRPRHI opened.
[16:18:46.521]     INFO: DTB startup information
--- DTB info------------------------------------------
Board id:    58
HW version:  DTB1.2
FW version:  3.2
SW version:  3.6
USB id:      DTB_WRPRHI
MAC address: 40D85511803A
Hostname:    pixelDTB058
Comment:     
------------------------------------------------------
[16:18:46.525]     INFO: RPC call hashes of host and DTB match: 413001178
[16:18:48.137]     INFO: DUT info: 
[16:18:48.137]     INFO: The DUT currently contains the following objects:
[16:18:48.137]     INFO:  2 TBM Cores (2 ON)
[16:18:48.138]     INFO: 	TBM Core alpha (0): 7 registers set
[16:18:48.138]     INFO: 	TBM Core beta  (1): 7 registers set
[16:18:48.138]     INFO: 16 ROCs (16 ON) with 4160 pixelConfigs
[16:18:48.138]     INFO: 	ROC 0: 21 DACs set, Pixels: 0 masked, 4160 active.
[16:18:48.138]     INFO: 	ROC 1: 21 DACs set, Pixels: 0 masked, 4160 active.
[16:18:48.138]     INFO: 	ROC 2: 21 DACs set, Pixels: 0 masked, 4160 active.
[16:18:48.138]     INFO: 	ROC 3: 21 DACs set, Pixels: 0 masked, 4160 active.
[16:18:48.138]     INFO: 	ROC 4: 21 DACs set, Pixels: 0 masked, 4160 active.
[16:18:48.138]     INFO: 	ROC 5: 21 DACs set, Pixels: 0 masked, 4160 active.
[16:18:48.138]     INFO: 	ROC 6: 21 DACs set, Pixels: 0 masked, 4160 active.
[16:18:48.138]     INFO: 	ROC 7: 21 DACs set, Pixels: 0 masked, 4160 active.
[16:18:48.138]     INFO: 	ROC 8: 21 DACs set, Pixels: 0 masked, 4160 active.
[16:18:48.138]     INFO: 	ROC 9: 21 DACs set, Pixels: 0 masked, 4160 active.
[16:18:48.138]     INFO: 	ROC 10: 21 DACs set, Pixels: 0 masked, 4160 active.
[16:18:48.138]     INFO: 	ROC 11: 21 DACs set, Pixels: 0 masked, 4160 active.
[16:18:48.138]     INFO: 	ROC 12: 21 DACs set, Pixels: 0 masked, 4160 active.
[16:18:48.138]     INFO: 	ROC 13: 21 DACs set, Pixels: 0 masked, 4160 active.
[16:18:48.138]     INFO: 	ROC 14: 21 DACs set, Pixels: 0 masked, 4160 active.
[16:18:48.138]     INFO: 	ROC 15: 21 DACs set, Pixels: 0 masked, 4160 active.
[16:18:48.740]     INFO:       reading data/mtt922//phCalibrationFitTanH40_C0.dat
[16:18:48.756]     INFO:       reading data/mtt922//phCalibrationFitTanH40_C1.dat
[16:18:48.770]     INFO:       reading data/mtt922//phCalibrationFitTanH40_C2.dat
[16:18:48.786]     INFO:       reading data/mtt922//phCalibrationFitTanH40_C3.dat
[16:18:48.800]     INFO:       reading data/mtt922//phCalibrationFitTanH40_C4.dat
[16:18:48.816]     INFO:       reading data/mtt922//phCalibrationFitTanH40_C5.dat
[16:18:48.830]     INFO:       reading data/mtt922//phCalibrationFitTanH40_C6.dat
[16:18:48.845]     INFO:       reading data/mtt922//phCalibrationFitTanH40_C7.dat
[16:18:48.860]     INFO:       reading data/mtt922//phCalibrationFitTanH40_C8.dat
[16:18:48.876]     INFO:       reading data/mtt922//phCalibrationFitTanH40_C9.dat
[16:18:48.891]     INFO:       reading data/mtt922//phCalibrationFitTanH40_C10.dat
[16:18:48.906]     INFO:       reading data/mtt922//phCalibrationFitTanH40_C11.dat
[16:18:48.921]     INFO:       reading data/mtt922//phCalibrationFitTanH40_C12.dat
[16:18:48.935]     INFO:       reading data/mtt922//phCalibrationFitTanH40_C13.dat
[16:18:48.950]     INFO:       reading data/mtt922//phCalibrationFitTanH40_C14.dat
[16:18:48.965]     INFO:       reading data/mtt922//phCalibrationFitTanH40_C15.dat
[16:18:49.023]     INFO:       reading data/mtt922//readbackCal_C0.dat
[16:18:49.023]     INFO:       reading data/mtt922//readbackCal_C1.dat
[16:18:49.024]     INFO:       reading data/mtt922//readbackCal_C2.dat
[16:18:49.024]     INFO:       reading data/mtt922//readbackCal_C3.dat
[16:18:49.024]     INFO:       reading data/mtt922//readbackCal_C4.dat
[16:18:49.024]     INFO:       reading data/mtt922//readbackCal_C5.dat
[16:18:49.024]     INFO:       reading data/mtt922//readbackCal_C6.dat
[16:18:49.024]     INFO:       reading data/mtt922//readbackCal_C7.dat
[16:18:49.024]     INFO:       reading data/mtt922//readbackCal_C8.dat
[16:18:49.024]     INFO:       reading data/mtt922//readbackCal_C9.dat
[16:18:49.024]     INFO:       reading data/mtt922//readbackCal_C10.dat
[16:18:49.024]     INFO:       reading data/mtt922//readbackCal_C11.dat
[16:18:49.024]     INFO:       reading data/mtt922//readbackCal_C12.dat
[16:18:49.024]     INFO:       reading data/mtt922//readbackCal_C13.dat
[16:18:49.024]     INFO:       reading data/mtt922//readbackCal_C14.dat
[16:18:49.024]     INFO:       reading data/mtt922//readbackCal_C15.dat
[16:19:01.024]    QUIET: Connection to board 58 closed.
