[10:44:04.376]     INFO: *** Welcome to pxar ***
[10:44:04.376]     INFO: *** Today: 2015/04/21
[10:44:04.376]     INFO:       reading data/crosscalibrate/dacParameters_C0.dat
[10:44:04.376]     INFO:       reading data/crosscalibrate/dacParameters_C1.dat
[10:44:04.376]     INFO:       reading data/crosscalibrate/dacParameters_C2.dat
[10:44:04.376]     INFO:       reading data/crosscalibrate/dacParameters_C3.dat
[10:44:04.376]     INFO:       reading data/crosscalibrate/dacParameters_C4.dat
[10:44:04.376]     INFO:       reading data/crosscalibrate/dacParameters_C5.dat
[10:44:04.377]     INFO:       reading data/crosscalibrate/dacParameters_C6.dat
[10:44:04.377]     INFO:       reading data/crosscalibrate/dacParameters_C7.dat
[10:44:04.377]     INFO:       reading data/crosscalibrate/dacParameters_C8.dat
[10:44:04.377]     INFO:       reading data/crosscalibrate/dacParameters_C9.dat
[10:44:04.377]     INFO:       reading data/crosscalibrate/dacParameters_C10.dat
[10:44:04.377]     INFO:       reading data/crosscalibrate/dacParameters_C11.dat
[10:44:04.377]     INFO:       reading data/crosscalibrate/dacParameters_C12.dat
[10:44:04.377]     INFO:       reading data/crosscalibrate/dacParameters_C13.dat
[10:44:04.377]     INFO:       reading data/crosscalibrate/dacParameters_C14.dat
[10:44:04.377]     INFO:       reading data/crosscalibrate/dacParameters_C15.dat
[10:44:04.377]     INFO:       reading data/crosscalibrate/tbmParameters_C0a.dat
[10:44:04.377]     INFO:       reading data/crosscalibrate/tbmParameters_C0b.dat
[10:44:04.377]     INFO:       reading data/crosscalibrate/defaultMaskFile.dat
[10:44:04.377]     INFO:       reading data/crosscalibrate/trimParameters_C0.dat
[10:44:04.384]     INFO:       reading data/crosscalibrate/trimParameters_C1.dat
[10:44:04.391]     INFO:       reading data/crosscalibrate/trimParameters_C2.dat
[10:44:04.398]     INFO:       reading data/crosscalibrate/trimParameters_C3.dat
[10:44:04.404]     INFO:       reading data/crosscalibrate/trimParameters_C4.dat
[10:44:04.411]     INFO:       reading data/crosscalibrate/trimParameters_C5.dat
[10:44:04.418]     INFO:       reading data/crosscalibrate/trimParameters_C6.dat
[10:44:04.425]     INFO:       reading data/crosscalibrate/trimParameters_C7.dat
[10:44:04.431]     INFO:       reading data/crosscalibrate/trimParameters_C8.dat
[10:44:04.438]     INFO:       reading data/crosscalibrate/trimParameters_C9.dat
[10:44:04.445]     INFO:       reading data/crosscalibrate/trimParameters_C10.dat
[10:44:04.451]     INFO:       reading data/crosscalibrate/trimParameters_C11.dat
[10:44:04.458]     INFO:       reading data/crosscalibrate/trimParameters_C12.dat
[10:44:04.465]     INFO:       reading data/crosscalibrate/trimParameters_C13.dat
[10:44:04.471]     INFO:       reading data/crosscalibrate/trimParameters_C14.dat
[10:44:04.478]     INFO:       reading data/crosscalibrate/trimParameters_C15.dat
[10:44:04.485]     INFO:       reading data/crosscalibrate/tbParameters.dat
[10:44:04.485]     INFO:         clk: 4
[10:44:04.485]     INFO:         ctr: 4
[10:44:04.485]     INFO:         sda: 19
[10:44:04.485]     INFO:         tin: 9
[10:44:04.485]     INFO:         level: 15
[10:44:04.485]     INFO:         triggerdelay: 0
[10:44:04.485]    QUIET: Instanciating API for pxar crosscalibrate
[10:44:04.485]     INFO: Log level: INFO
[10:44:04.498]    QUIET: Connection to board DTB_WRPRHI opened.
[10:44:04.502]     INFO: DTB startup information
--- DTB info------------------------------------------
Board id:    58
HW version:  DTB1.2
FW version:  3.2
SW version:  3.6
USB id:      DTB_WRPRHI
MAC address: 40D85511803A
Hostname:    pixelDTB058
Comment:     
------------------------------------------------------
[10:44:04.505]     INFO: RPC call hashes of host and DTB match: 413001178
[10:44:06.118]     INFO: DUT info: 
[10:44:06.118]     INFO: The DUT currently contains the following objects:
[10:44:06.118]     INFO:  2 TBM Cores (2 ON)
[10:44:06.118]     INFO: 	TBM Core alpha (0): 7 registers set
[10:44:06.118]     INFO: 	TBM Core beta  (1): 7 registers set
[10:44:06.118]     INFO: 16 ROCs (16 ON) with 4160 pixelConfigs
[10:44:06.118]     INFO: 	ROC 0: 21 DACs set, Pixels: 0 masked, 4160 active.
[10:44:06.118]     INFO: 	ROC 1: 21 DACs set, Pixels: 0 masked, 4160 active.
[10:44:06.118]     INFO: 	ROC 2: 21 DACs set, Pixels: 0 masked, 4160 active.
[10:44:06.118]     INFO: 	ROC 3: 21 DACs set, Pixels: 0 masked, 4160 active.
[10:44:06.118]     INFO: 	ROC 4: 21 DACs set, Pixels: 0 masked, 4160 active.
[10:44:06.118]     INFO: 	ROC 5: 21 DACs set, Pixels: 0 masked, 4160 active.
[10:44:06.118]     INFO: 	ROC 6: 21 DACs set, Pixels: 0 masked, 4160 active.
[10:44:06.118]     INFO: 	ROC 7: 21 DACs set, Pixels: 0 masked, 4160 active.
[10:44:06.118]     INFO: 	ROC 8: 21 DACs set, Pixels: 0 masked, 4160 active.
[10:44:06.118]     INFO: 	ROC 9: 21 DACs set, Pixels: 0 masked, 4160 active.
[10:44:06.118]     INFO: 	ROC 10: 21 DACs set, Pixels: 0 masked, 4160 active.
[10:44:06.118]     INFO: 	ROC 11: 21 DACs set, Pixels: 0 masked, 4160 active.
[10:44:06.118]     INFO: 	ROC 12: 21 DACs set, Pixels: 0 masked, 4160 active.
[10:44:06.118]     INFO: 	ROC 13: 21 DACs set, Pixels: 0 masked, 4160 active.
[10:44:06.118]     INFO: 	ROC 14: 21 DACs set, Pixels: 0 masked, 4160 active.
[10:44:06.118]     INFO: 	ROC 15: 21 DACs set, Pixels: 0 masked, 4160 active.
[10:44:06.720]     INFO:       reading data/crosscalibrate/phCalibrationFitTanH_C0.dat
[10:44:06.720]    ERROR: <ConfigParameters.cc/readGainPedestalParameters:L952> cannot open data/crosscalibrate/phCalibrationFitTanH_C0.dat for reading PH calibration constants
[10:44:06.775]     INFO:       reading data/crosscalibrate/readbackCal_C0.dat
[10:44:06.775]     INFO:       reading data/crosscalibrate/readbackCal_C1.dat
[10:44:06.775]     INFO:       reading data/crosscalibrate/readbackCal_C2.dat
[10:44:06.775]     INFO:       reading data/crosscalibrate/readbackCal_C3.dat
[10:44:06.775]     INFO:       reading data/crosscalibrate/readbackCal_C4.dat
[10:44:06.775]     INFO:       reading data/crosscalibrate/readbackCal_C5.dat
[10:44:06.775]     INFO:       reading data/crosscalibrate/readbackCal_C6.dat
[10:44:06.775]     INFO:       reading data/crosscalibrate/readbackCal_C7.dat
[10:44:06.775]     INFO:       reading data/crosscalibrate/readbackCal_C8.dat
[10:44:06.775]     INFO:       reading data/crosscalibrate/readbackCal_C9.dat
[10:44:06.775]     INFO:       reading data/crosscalibrate/readbackCal_C10.dat
[10:44:06.775]     INFO:       reading data/crosscalibrate/readbackCal_C11.dat
[10:44:06.775]     INFO:       reading data/crosscalibrate/readbackCal_C12.dat
[10:44:06.775]     INFO:       reading data/crosscalibrate/readbackCal_C13.dat
[10:44:06.775]     INFO:       reading data/crosscalibrate/readbackCal_C14.dat
[10:44:06.775]     INFO:       reading data/crosscalibrate/readbackCal_C15.dat
[10:44:06.776]     INFO:       reading data/crosscalibrate/phCalibrationFitTanH_C0.dat
[10:44:06.776]    ERROR: <ConfigParameters.cc/readGainPedestalParameters:L952> cannot open data/crosscalibrate/phCalibrationFitTanH_C0.dat for reading PH calibration constants
[10:44:06.814]     INFO:       reading data/crosscalibrate/phCalibrationFitTanH_C0.dat
[10:44:06.814]    ERROR: <ConfigParameters.cc/readGainPedestalParameters:L952> cannot open data/crosscalibrate/phCalibrationFitTanH_C0.dat for reading PH calibration constants
[10:44:27.110]     INFO: ######################################################################
[10:44:27.110]     INFO: PixTestScurves::doTest() ntrig = 50
[10:44:27.110]     INFO: ######################################################################
[10:44:27.110]     INFO: ---> dac: Vcal name: scurveVcal ntrig: 50 dacrange: 0 .. 200 hits flags = 16 (plus default)
[10:44:27.143]     INFO:   dacScan step  from 0 .. 9
[10:45:07.780]     INFO: Test took 40637ms.
[10:45:07.963]     INFO: Fetched DAQ statistics. Counters are being reset now.
[10:45:07.963]     INFO:   dacScan step  from 10 .. 19
[10:45:49.014]     INFO: Test took 41051ms.
[10:45:49.206]     INFO: Fetched DAQ statistics. Counters are being reset now.
[10:45:49.207]     INFO:   dacScan step  from 20 .. 29
[10:46:31.710]     INFO: Test took 42503ms.
[10:46:32.051]     INFO: Fetched DAQ statistics. Counters are being reset now.
[10:46:32.061]     INFO:   dacScan step  from 30 .. 39
[10:47:24.912]     INFO: Test took 52851ms.
[10:47:25.683]     INFO: Fetched DAQ statistics. Counters are being reset now.
[10:47:25.740]     INFO:   dacScan step  from 40 .. 49
[10:48:31.492]     INFO: Test took 65752ms.
[10:48:32.722]     INFO: Fetched DAQ statistics. Counters are being reset now.
[10:48:32.809]     INFO:   dacScan step  from 50 .. 59
[10:49:45.859]     INFO: Test took 73050ms.
[10:49:47.268]     INFO: Fetched DAQ statistics. Counters are being reset now.
[10:49:47.361]     INFO:   dacScan step  from 60 .. 69
[10:50:59.863]     INFO: Test took 72502ms.
[10:51:01.263]     INFO: Fetched DAQ statistics. Counters are being reset now.
[10:51:01.356]     INFO:   dacScan step  from 70 .. 79
[10:52:11.387]     INFO: Test took 70031ms.
[10:52:12.784]     INFO: Fetched DAQ statistics. Counters are being reset now.
[10:52:12.878]     INFO:   dacScan step  from 80 .. 89
[10:53:23.550]     INFO: Test took 70672ms.
[10:53:24.936]     INFO: Fetched DAQ statistics. Counters are being reset now.
[10:53:25.028]     INFO:   dacScan step  from 90 .. 99
[10:54:35.910]     INFO: Test took 70881ms.
[10:54:37.293]     INFO: Fetched DAQ statistics. Counters are being reset now.
[10:54:37.385]     INFO:   dacScan step  from 100 .. 109
[10:55:47.601]     INFO: Test took 70216ms.
[10:55:48.985]     INFO: Fetched DAQ statistics. Counters are being reset now.
[10:55:49.078]     INFO:   dacScan step  from 110 .. 119
[10:57:00.579]     INFO: Test took 71500ms.
[10:57:01.961]     INFO: Fetched DAQ statistics. Counters are being reset now.
[10:57:02.055]     INFO:   dacScan step  from 120 .. 129
[10:58:12.539]     INFO: Test took 70484ms.
[10:58:13.919]     INFO: Fetched DAQ statistics. Counters are being reset now.
[10:58:14.012]     INFO:   dacScan step  from 130 .. 139
[10:59:24.383]     INFO: Test took 70370ms.
[10:59:25.784]     INFO: Fetched DAQ statistics. Counters are being reset now.
[10:59:25.877]     INFO:   dacScan step  from 140 .. 149
[11:00:37.362]     INFO: Test took 71485ms.
[11:00:38.745]     INFO: Fetched DAQ statistics. Counters are being reset now.
[11:00:38.838]     INFO:   dacScan step  from 150 .. 159
[11:01:49.741]     INFO: Test took 70903ms.
[11:01:51.123]     INFO: Fetched DAQ statistics. Counters are being reset now.
[11:01:51.216]     INFO:   dacScan step  from 160 .. 169
[11:03:02.670]     INFO: Test took 71454ms.
[11:03:04.054]     INFO: Fetched DAQ statistics. Counters are being reset now.
[11:03:04.147]     INFO:   dacScan step  from 170 .. 179
[11:04:14.647]     INFO: Test took 70499ms.
[11:04:16.047]     INFO: Fetched DAQ statistics. Counters are being reset now.
[11:04:16.140]     INFO:   dacScan step  from 180 .. 189
[11:05:28.684]     INFO: Test took 72544ms.
[11:05:30.068]     INFO: Fetched DAQ statistics. Counters are being reset now.
[11:05:30.161]     INFO:   dacScan step  from 190 .. 199
[11:06:41.568]     INFO: Test took 71407ms.
[11:06:42.968]     INFO: Fetched DAQ statistics. Counters are being reset now.
[11:06:43.060]     INFO:   dacScan step  from 200 .. 200
[11:06:52.885]     INFO: Test took 9825ms.
[11:06:53.024]     INFO: Fetched DAQ statistics. Counters are being reset now.
[11:07:48.289]     INFO: PixTestScurves::scurves() done 
[11:07:48.289]     INFO: Vcal mean:  42.25  34.17  32.46  26.49  27.59  47.97  46.69  37.41  38.50  37.83  38.79  34.29  33.39  36.28  42.33  34.31 
[11:07:48.289]     INFO: Vcal RMS:    4.32   4.59   4.53   4.18   5.05   4.29   4.22   4.58   4.86   4.89   4.70   4.49   4.44   4.73   3.82   4.72 
[11:08:46.864]    QUIET: Connection to board 58 closed.
