[13:24:37.892]     INFO: *** Welcome to pxar ***
[13:24:37.892]     INFO: *** Today: 2015/04/06
[13:24:37.892]     INFO:       reading data/mtt922//dacParameters40_C0.dat
[13:24:37.892]     INFO:       reading data/mtt922//dacParameters40_C1.dat
[13:24:37.892]     INFO:       reading data/mtt922//dacParameters40_C2.dat
[13:24:37.892]     INFO:       reading data/mtt922//dacParameters40_C3.dat
[13:24:37.892]     INFO:       reading data/mtt922//dacParameters40_C4.dat
[13:24:37.892]     INFO:       reading data/mtt922//dacParameters40_C5.dat
[13:24:37.892]     INFO:       reading data/mtt922//dacParameters40_C6.dat
[13:24:37.893]     INFO:       reading data/mtt922//dacParameters40_C7.dat
[13:24:37.893]     INFO:       reading data/mtt922//dacParameters40_C8.dat
[13:24:37.893]     INFO:       reading data/mtt922//dacParameters40_C9.dat
[13:24:37.893]     INFO:       reading data/mtt922//dacParameters40_C10.dat
[13:24:37.893]     INFO:       reading data/mtt922//dacParameters40_C11.dat
[13:24:37.893]     INFO:       reading data/mtt922//dacParameters40_C12.dat
[13:24:37.893]     INFO:       reading data/mtt922//dacParameters40_C13.dat
[13:24:37.893]     INFO:       reading data/mtt922//dacParameters40_C14.dat
[13:24:37.893]     INFO:       reading data/mtt922//dacParameters40_C15.dat
[13:24:37.893]     INFO:       reading data/mtt922//tbmParameters_C0a.dat
[13:24:37.893]     INFO:       reading data/mtt922//tbmParameters_C0b.dat
[13:24:37.893]     INFO:       reading data/mtt922//defaultMaskFile.dat
[13:24:37.893]     INFO:       reading data/mtt922//trimParameters40_C0.dat
[13:24:37.900]     INFO:       reading data/mtt922//trimParameters40_C1.dat
[13:24:37.907]     INFO:       reading data/mtt922//trimParameters40_C2.dat
[13:24:37.913]     INFO:       reading data/mtt922//trimParameters40_C3.dat
[13:24:37.920]     INFO:       reading data/mtt922//trimParameters40_C4.dat
[13:24:37.926]     INFO:       reading data/mtt922//trimParameters40_C5.dat
[13:24:37.933]     INFO:       reading data/mtt922//trimParameters40_C6.dat
[13:24:37.939]     INFO:       reading data/mtt922//trimParameters40_C7.dat
[13:24:37.946]     INFO:       reading data/mtt922//trimParameters40_C8.dat
[13:24:37.952]     INFO:       reading data/mtt922//trimParameters40_C9.dat
[13:24:37.959]     INFO:       reading data/mtt922//trimParameters40_C10.dat
[13:24:37.965]     INFO:       reading data/mtt922//trimParameters40_C11.dat
[13:24:37.972]     INFO:       reading data/mtt922//trimParameters40_C12.dat
[13:24:37.978]     INFO:       reading data/mtt922//trimParameters40_C13.dat
[13:24:37.985]     INFO:       reading data/mtt922//trimParameters40_C14.dat
[13:24:37.992]     INFO:       reading data/mtt922//trimParameters40_C15.dat
[13:24:37.998]     INFO:       reading data/mtt922//tbParameters.dat
[13:24:37.999]     INFO:         clk: 4
[13:24:37.999]     INFO:         ctr: 4
[13:24:37.999]     INFO:         sda: 19
[13:24:37.999]     INFO:         tin: 9
[13:24:37.999]     INFO:         level: 15
[13:24:37.999]     INFO:         triggerdelay: 0
[13:24:37.999]    QUIET: Instanciating API for pxar crosscalibrate
[13:24:37.999]     INFO: Log level: INFO
[13:24:38.012]    QUIET: Connection to board DTB_WRPRHI opened.
[13:24:38.015]     INFO: DTB startup information
--- DTB info------------------------------------------
Board id:    58
HW version:  DTB1.2
FW version:  3.2
SW version:  3.6
USB id:      DTB_WRPRHI
MAC address: 40D85511803A
Hostname:    pixelDTB058
Comment:     
------------------------------------------------------
[13:24:38.019]     INFO: RPC call hashes of host and DTB match: 413001178
[13:24:39.693]     INFO: DUT info: 
[13:24:39.693]     INFO: The DUT currently contains the following objects:
[13:24:39.693]     INFO:  2 TBM Cores (2 ON)
[13:24:39.693]     INFO: 	TBM Core alpha (0): 7 registers set
[13:24:39.693]     INFO: 	TBM Core beta  (1): 7 registers set
[13:24:39.693]     INFO: 16 ROCs (16 ON) with 4160 pixelConfigs
[13:24:39.693]     INFO: 	ROC 0: 21 DACs set, Pixels: 0 masked, 4160 active.
[13:24:39.693]     INFO: 	ROC 1: 21 DACs set, Pixels: 0 masked, 4160 active.
[13:24:39.693]     INFO: 	ROC 2: 21 DACs set, Pixels: 0 masked, 4160 active.
[13:24:39.693]     INFO: 	ROC 3: 21 DACs set, Pixels: 0 masked, 4160 active.
[13:24:39.693]     INFO: 	ROC 4: 21 DACs set, Pixels: 0 masked, 4160 active.
[13:24:39.693]     INFO: 	ROC 5: 21 DACs set, Pixels: 0 masked, 4160 active.
[13:24:39.693]     INFO: 	ROC 6: 21 DACs set, Pixels: 0 masked, 4160 active.
[13:24:39.693]     INFO: 	ROC 7: 21 DACs set, Pixels: 0 masked, 4160 active.
[13:24:39.693]     INFO: 	ROC 8: 21 DACs set, Pixels: 0 masked, 4160 active.
[13:24:39.693]     INFO: 	ROC 9: 21 DACs set, Pixels: 0 masked, 4160 active.
[13:24:39.693]     INFO: 	ROC 10: 21 DACs set, Pixels: 0 masked, 4160 active.
[13:24:39.693]     INFO: 	ROC 11: 21 DACs set, Pixels: 0 masked, 4160 active.
[13:24:39.693]     INFO: 	ROC 12: 21 DACs set, Pixels: 0 masked, 4160 active.
[13:24:39.693]     INFO: 	ROC 13: 21 DACs set, Pixels: 0 masked, 4160 active.
[13:24:39.693]     INFO: 	ROC 14: 21 DACs set, Pixels: 0 masked, 4160 active.
[13:24:39.693]     INFO: 	ROC 15: 21 DACs set, Pixels: 0 masked, 4160 active.
[13:24:40.291]     INFO:       reading data/mtt922//phCalibrationFitTanH40_C0.dat
[13:24:40.307]     INFO:       reading data/mtt922//phCalibrationFitTanH40_C1.dat
[13:24:40.323]     INFO:       reading data/mtt922//phCalibrationFitTanH40_C2.dat
[13:24:40.339]     INFO:       reading data/mtt922//phCalibrationFitTanH40_C3.dat
[13:24:40.354]     INFO:       reading data/mtt922//phCalibrationFitTanH40_C4.dat
[13:24:40.370]     INFO:       reading data/mtt922//phCalibrationFitTanH40_C5.dat
[13:24:40.386]     INFO:       reading data/mtt922//phCalibrationFitTanH40_C6.dat
[13:24:40.401]     INFO:       reading data/mtt922//phCalibrationFitTanH40_C7.dat
[13:24:40.417]     INFO:       reading data/mtt922//phCalibrationFitTanH40_C8.dat
[13:24:40.433]     INFO:       reading data/mtt922//phCalibrationFitTanH40_C9.dat
[13:24:40.449]     INFO:       reading data/mtt922//phCalibrationFitTanH40_C10.dat
[13:24:40.465]     INFO:       reading data/mtt922//phCalibrationFitTanH40_C11.dat
[13:24:40.480]     INFO:       reading data/mtt922//phCalibrationFitTanH40_C12.dat
[13:24:40.496]     INFO:       reading data/mtt922//phCalibrationFitTanH40_C13.dat
[13:24:40.511]     INFO:       reading data/mtt922//phCalibrationFitTanH40_C14.dat
[13:24:40.527]     INFO:       reading data/mtt922//phCalibrationFitTanH40_C15.dat
[13:24:40.578]     INFO:       reading data/mtt922//readbackCal_C0.dat
[13:24:40.579]     INFO:       reading data/mtt922//readbackCal_C1.dat
[13:24:40.579]     INFO:       reading data/mtt922//readbackCal_C2.dat
[13:24:40.579]     INFO:       reading data/mtt922//readbackCal_C3.dat
[13:24:40.579]     INFO:       reading data/mtt922//readbackCal_C4.dat
[13:24:40.579]     INFO:       reading data/mtt922//readbackCal_C5.dat
[13:24:40.579]     INFO:       reading data/mtt922//readbackCal_C6.dat
[13:24:40.579]     INFO:       reading data/mtt922//readbackCal_C7.dat
[13:24:40.579]     INFO:       reading data/mtt922//readbackCal_C8.dat
[13:24:40.579]     INFO:       reading data/mtt922//readbackCal_C9.dat
[13:24:40.579]     INFO:       reading data/mtt922//readbackCal_C10.dat
[13:24:40.579]     INFO:       reading data/mtt922//readbackCal_C11.dat
[13:24:40.579]     INFO:       reading data/mtt922//readbackCal_C12.dat
[13:24:40.579]     INFO:       reading data/mtt922//readbackCal_C13.dat
[13:24:40.579]     INFO:       reading data/mtt922//readbackCal_C14.dat
[13:24:40.579]     INFO:       reading data/mtt922//readbackCal_C15.dat
[13:24:45.207]    ERROR: <PixMonitorFrame.cc/Update:L124> digital current reading unphysical
[13:24:55.508]    QUIET: Connection to board 58 closed.
