[16:18:45.857]     INFO: *** Welcome to pxar ***
[16:18:45.857]     INFO: *** Today: 2015/04/03
[16:18:45.858]     INFO:       reading data/mtt922//dacParameters_C0.dat
[16:18:45.858]     INFO:       reading data/mtt922//dacParameters_C1.dat
[16:18:45.858]     INFO:       reading data/mtt922//dacParameters_C2.dat
[16:18:45.858]     INFO:       reading data/mtt922//dacParameters_C3.dat
[16:18:45.858]     INFO:       reading data/mtt922//dacParameters_C4.dat
[16:18:45.858]     INFO:       reading data/mtt922//dacParameters_C5.dat
[16:18:45.858]     INFO:       reading data/mtt922//dacParameters_C6.dat
[16:18:45.858]     INFO:       reading data/mtt922//dacParameters_C7.dat
[16:18:45.858]     INFO:       reading data/mtt922//dacParameters_C8.dat
[16:18:45.858]     INFO:       reading data/mtt922//dacParameters_C9.dat
[16:18:45.858]     INFO:       reading data/mtt922//dacParameters_C10.dat
[16:18:45.858]     INFO:       reading data/mtt922//dacParameters_C11.dat
[16:18:45.858]     INFO:       reading data/mtt922//dacParameters_C12.dat
[16:18:45.858]     INFO:       reading data/mtt922//dacParameters_C13.dat
[16:18:45.858]     INFO:       reading data/mtt922//dacParameters_C14.dat
[16:18:45.859]     INFO:       reading data/mtt922//dacParameters_C15.dat
[16:18:45.859]     INFO:       reading data/mtt922//tbmParameters_C0a.dat
[16:18:45.859]     INFO:       reading data/mtt922//tbmParameters_C0b.dat
[16:18:45.859]     INFO:       reading data/mtt922//defaultMaskFile.dat
[16:18:45.859]     INFO:       reading data/mtt922//trimParameters_C0.dat
[16:18:45.865]     INFO:       reading data/mtt922//trimParameters_C1.dat
[16:18:45.872]     INFO:       reading data/mtt922//trimParameters_C2.dat
[16:18:45.878]     INFO:       reading data/mtt922//trimParameters_C3.dat
[16:18:45.885]     INFO:       reading data/mtt922//trimParameters_C4.dat
[16:18:45.891]     INFO:       reading data/mtt922//trimParameters_C5.dat
[16:18:45.898]     INFO:       reading data/mtt922//trimParameters_C6.dat
[16:18:45.904]     INFO:       reading data/mtt922//trimParameters_C7.dat
[16:18:45.911]     INFO:       reading data/mtt922//trimParameters_C8.dat
[16:18:45.917]     INFO:       reading data/mtt922//trimParameters_C9.dat
[16:18:45.924]     INFO:       reading data/mtt922//trimParameters_C10.dat
[16:18:45.930]     INFO:       reading data/mtt922//trimParameters_C11.dat
[16:18:45.937]     INFO:       reading data/mtt922//trimParameters_C12.dat
[16:18:45.943]     INFO:       reading data/mtt922//trimParameters_C13.dat
[16:18:45.949]     INFO:       reading data/mtt922//trimParameters_C14.dat
[16:18:45.956]     INFO:       reading data/mtt922//trimParameters_C15.dat
[16:18:45.963]     INFO:       reading data/mtt922//tbParameters.dat
[16:18:45.963]     INFO:         clk: 4
[16:18:45.963]     INFO:         ctr: 4
[16:18:45.963]     INFO:         sda: 19
[16:18:45.963]     INFO:         tin: 9
[16:18:45.963]     INFO:         level: 15
[16:18:45.963]     INFO:         triggerdelay: 0
[16:18:45.963]    QUIET: Instanciating API for pxar crosscalibrate
[16:18:45.963]     INFO: Log level: INFO
[16:18:45.976]    QUIET: Connection to board DTB_WRPRHI opened.
[16:18:45.980]     INFO: DTB startup information
--- DTB info------------------------------------------
Board id:    58
HW version:  DTB1.2
FW version:  3.2
SW version:  3.6
USB id:      DTB_WRPRHI
MAC address: 40D85511803A
Hostname:    pixelDTB058
Comment:     
------------------------------------------------------
[16:18:45.983]     INFO: RPC call hashes of host and DTB match: 413001178
[16:18:47.595]     INFO: DUT info: 
[16:18:47.595]     INFO: The DUT currently contains the following objects:
[16:18:47.595]     INFO:  2 TBM Cores (2 ON)
[16:18:47.595]     INFO: 	TBM Core alpha (0): 7 registers set
[16:18:47.595]     INFO: 	TBM Core beta  (1): 7 registers set
[16:18:47.595]     INFO: 16 ROCs (16 ON) with 4160 pixelConfigs
[16:18:47.595]     INFO: 	ROC 0: 21 DACs set, Pixels: 0 masked, 4160 active.
[16:18:47.595]     INFO: 	ROC 1: 21 DACs set, Pixels: 0 masked, 4160 active.
[16:18:47.595]     INFO: 	ROC 2: 21 DACs set, Pixels: 0 masked, 4160 active.
[16:18:47.595]     INFO: 	ROC 3: 21 DACs set, Pixels: 0 masked, 4160 active.
[16:18:47.595]     INFO: 	ROC 4: 21 DACs set, Pixels: 0 masked, 4160 active.
[16:18:47.595]     INFO: 	ROC 5: 21 DACs set, Pixels: 0 masked, 4160 active.
[16:18:47.595]     INFO: 	ROC 6: 21 DACs set, Pixels: 0 masked, 4160 active.
[16:18:47.595]     INFO: 	ROC 7: 21 DACs set, Pixels: 0 masked, 4160 active.
[16:18:47.595]     INFO: 	ROC 8: 21 DACs set, Pixels: 0 masked, 4160 active.
[16:18:47.595]     INFO: 	ROC 9: 21 DACs set, Pixels: 0 masked, 4160 active.
[16:18:47.595]     INFO: 	ROC 10: 21 DACs set, Pixels: 0 masked, 4160 active.
[16:18:47.595]     INFO: 	ROC 11: 21 DACs set, Pixels: 0 masked, 4160 active.
[16:18:47.595]     INFO: 	ROC 12: 21 DACs set, Pixels: 0 masked, 4160 active.
[16:18:47.595]     INFO: 	ROC 13: 21 DACs set, Pixels: 0 masked, 4160 active.
[16:18:47.595]     INFO: 	ROC 14: 21 DACs set, Pixels: 0 masked, 4160 active.
[16:18:47.595]     INFO: 	ROC 15: 21 DACs set, Pixels: 0 masked, 4160 active.
[16:18:48.196]     INFO:       reading data/mtt922//phCalibrationFitTanH_C0.dat
[16:18:48.196]    ERROR: <ConfigParameters.cc/readGainPedestalParameters:L952> cannot open data/mtt922//phCalibrationFitTanH_C0.dat for reading PH calibration constants
[16:18:48.239]     INFO:       reading data/mtt922//readbackCal_C0.dat
[16:18:48.239]     INFO:       reading data/mtt922//readbackCal_C1.dat
[16:18:48.240]     INFO:       reading data/mtt922//readbackCal_C2.dat
[16:18:48.240]     INFO:       reading data/mtt922//readbackCal_C3.dat
[16:18:48.240]     INFO:       reading data/mtt922//readbackCal_C4.dat
[16:18:48.240]     INFO:       reading data/mtt922//readbackCal_C5.dat
[16:18:48.240]     INFO:       reading data/mtt922//readbackCal_C6.dat
[16:18:48.240]     INFO:       reading data/mtt922//readbackCal_C7.dat
[16:18:48.240]     INFO:       reading data/mtt922//readbackCal_C8.dat
[16:18:48.240]     INFO:       reading data/mtt922//readbackCal_C9.dat
[16:18:48.240]     INFO:       reading data/mtt922//readbackCal_C10.dat
[16:18:48.240]     INFO:       reading data/mtt922//readbackCal_C11.dat
[16:18:48.240]     INFO:       reading data/mtt922//readbackCal_C12.dat
[16:18:48.240]     INFO:       reading data/mtt922//readbackCal_C13.dat
[16:18:48.240]     INFO:       reading data/mtt922//readbackCal_C14.dat
[16:18:48.240]     INFO:       reading data/mtt922//readbackCal_C15.dat
[16:18:48.240]     INFO:       reading data/mtt922//phCalibrationFitTanH_C0.dat
[16:18:48.240]    ERROR: <ConfigParameters.cc/readGainPedestalParameters:L952> cannot open data/mtt922//phCalibrationFitTanH_C0.dat for reading PH calibration constants
[16:18:48.270]     INFO:       reading data/mtt922//phCalibrationFitTanH_C0.dat
[16:18:48.270]    ERROR: <ConfigParameters.cc/readGainPedestalParameters:L952> cannot open data/mtt922//phCalibrationFitTanH_C0.dat for reading PH calibration constants
[16:18:53.509]     INFO: ######################################################################
[16:18:53.509]     INFO: PixTestScurves::doTest() ntrig = 50
[16:18:53.509]     INFO: ######################################################################
[16:18:53.509]     INFO: adjusting VCAL to have VthrComp average threshold at default VthrComp
[16:18:56.455]     INFO: Test took 2940ms.
[16:18:56.482]     INFO: Fetched DAQ statistics. Counters are being reset now.
[16:19:07.586]     INFO: Test took 11083ms.
[16:19:08.651]     INFO: ---> dac: VthrComp name: scurveVthrComp ntrig: 50 dacrange: 0 .. 200 hits flags = 16 (plus default)
[16:19:08.686]     INFO:   dacScan step  from 0 .. 9
[16:19:50.025]     INFO: Test took 41339ms.
[16:19:50.212]     INFO: Fetched DAQ statistics. Counters are being reset now.
[16:19:50.212]     INFO:   dacScan step  from 10 .. 19
[16:20:31.471]     INFO: Test took 41259ms.
[16:20:31.649]     INFO: Fetched DAQ statistics. Counters are being reset now.
[16:20:31.649]     INFO:   dacScan step  from 20 .. 29
[16:21:12.776]     INFO: Test took 41126ms.
[16:21:12.958]     INFO: Fetched DAQ statistics. Counters are being reset now.
[16:21:12.958]     INFO:   dacScan step  from 30 .. 39
[16:21:54.437]     INFO: Test took 41479ms.
[16:21:54.669]     INFO: Fetched DAQ statistics. Counters are being reset now.
[16:21:54.672]     INFO:   dacScan step  from 40 .. 49
[16:22:41.114]     INFO: Test took 46442ms.
[16:22:41.632]     INFO: Fetched DAQ statistics. Counters are being reset now.
[16:22:41.664]     INFO:   dacScan step  from 50 .. 59
[16:23:39.788]     INFO: Test took 58124ms.
[16:23:40.800]     INFO: Fetched DAQ statistics. Counters are being reset now.
[16:23:40.877]     INFO:   dacScan step  from 60 .. 69
[16:24:48.654]     INFO: Test took 67777ms.
[16:24:49.988]     INFO: Fetched DAQ statistics. Counters are being reset now.
[16:24:50.077]     INFO:   dacScan step  from 70 .. 79
[16:26:00.611]     INFO: Test took 70534ms.
[16:26:01.976]     INFO: Fetched DAQ statistics. Counters are being reset now.
[16:26:02.067]     INFO:   dacScan step  from 80 .. 89
[16:27:06.084]     INFO: Test took 64017ms.
[16:27:07.296]     INFO: Fetched DAQ statistics. Counters are being reset now.
[16:27:07.382]     INFO:   dacScan step  from 90 .. 99
[16:28:06.214]     INFO: Test took 58831ms.
[16:28:07.126]     INFO: Fetched DAQ statistics. Counters are being reset now.
[16:28:07.191]     INFO:   dacScan step  from 100 .. 109
[16:28:57.210]     INFO: Test took 50019ms.
[16:28:57.820]     INFO: Fetched DAQ statistics. Counters are being reset now.
[16:28:57.861]     INFO:   dacScan step  from 110 .. 119
[16:29:41.156]     INFO: Test took 43295ms.
[16:29:41.521]     INFO: Fetched DAQ statistics. Counters are being reset now.
[16:29:41.534]     INFO:   dacScan step  from 120 .. 129
[16:30:22.881]     INFO: Test took 41347ms.
[16:30:23.118]     INFO: Fetched DAQ statistics. Counters are being reset now.
[16:30:23.121]     INFO:   dacScan step  from 130 .. 139
[16:31:04.235]     INFO: Test took 41113ms.
[16:31:04.417]     INFO: Fetched DAQ statistics. Counters are being reset now.
[16:31:04.417]     INFO:   dacScan step  from 140 .. 149
[16:31:46.100]     INFO: Test took 41682ms.
[16:31:46.272]     INFO: Fetched DAQ statistics. Counters are being reset now.
[16:31:46.272]     INFO:   dacScan step  from 150 .. 159
[16:32:27.003]     INFO: Test took 40731ms.
[16:32:27.171]     INFO: Fetched DAQ statistics. Counters are being reset now.
[16:32:27.171]     INFO:   dacScan step  from 160 .. 169
[16:33:08.172]     INFO: Test took 41001ms.
[16:33:08.343]     INFO: Fetched DAQ statistics. Counters are being reset now.
[16:33:08.343]     INFO:   dacScan step  from 170 .. 179
[16:33:49.248]     INFO: Test took 40905ms.
[16:33:49.415]     INFO: Fetched DAQ statistics. Counters are being reset now.
[16:33:49.415]     INFO:   dacScan step  from 180 .. 189
[16:34:30.443]     INFO: Test took 41027ms.
[16:34:30.612]     INFO: Fetched DAQ statistics. Counters are being reset now.
[16:34:30.612]     INFO:   dacScan step  from 190 .. 199
[16:35:11.524]     INFO: Test took 40912ms.
[16:35:11.691]     INFO: Fetched DAQ statistics. Counters are being reset now.
[16:35:11.691]     INFO:   dacScan step  from 200 .. 200
[16:35:18.453]     INFO: Test took 6762ms.
[16:35:18.471]     INFO: Fetched DAQ statistics. Counters are being reset now.
[16:35:55.518]     INFO: PixTestScurves::scurves() done 
[16:35:55.518]     INFO: VthrComp mean:  45.52  48.86  52.19  62.52  62.57  57.41  56.76  55.72  48.07  49.09  50.84  45.25  48.68  56.60  66.28  45.65 
[16:35:55.518]     INFO: VthrComp RMS:    4.53   4.84   5.85   9.28   9.31   6.41   6.30   6.24   5.10   5.53   5.27   4.57   4.65   6.13   6.41   4.66 
[16:37:14.325]    QUIET: Connection to board 58 closed.
