[15:27:12.616]     INFO: *** Welcome to pxar ***
[15:27:12.616]     INFO: *** Today: 2015/04/06
[15:27:12.616]     INFO:       reading data/mtt922//dacParameters40_C0.dat
[15:27:12.616]     INFO:       reading data/mtt922//dacParameters40_C1.dat
[15:27:12.616]     INFO:       reading data/mtt922//dacParameters40_C2.dat
[15:27:12.616]     INFO:       reading data/mtt922//dacParameters40_C3.dat
[15:27:12.616]     INFO:       reading data/mtt922//dacParameters40_C4.dat
[15:27:12.616]     INFO:       reading data/mtt922//dacParameters40_C5.dat
[15:27:12.616]     INFO:       reading data/mtt922//dacParameters40_C6.dat
[15:27:12.616]     INFO:       reading data/mtt922//dacParameters40_C7.dat
[15:27:12.616]     INFO:       reading data/mtt922//dacParameters40_C8.dat
[15:27:12.616]     INFO:       reading data/mtt922//dacParameters40_C9.dat
[15:27:12.616]     INFO:       reading data/mtt922//dacParameters40_C10.dat
[15:27:12.616]     INFO:       reading data/mtt922//dacParameters40_C11.dat
[15:27:12.617]     INFO:       reading data/mtt922//dacParameters40_C12.dat
[15:27:12.617]     INFO:       reading data/mtt922//dacParameters40_C13.dat
[15:27:12.617]     INFO:       reading data/mtt922//dacParameters40_C14.dat
[15:27:12.617]     INFO:       reading data/mtt922//dacParameters40_C15.dat
[15:27:12.617]     INFO:       reading data/mtt922//tbmParameters_C0a.dat
[15:27:12.617]     INFO:       reading data/mtt922//tbmParameters_C0b.dat
[15:27:12.617]     INFO:       reading data/mtt922//defaultMaskFile.dat
[15:27:12.617]     INFO:       reading data/mtt922//trimParameters40_C0.dat
[15:27:12.624]     INFO:       reading data/mtt922//trimParameters40_C1.dat
[15:27:12.630]     INFO:       reading data/mtt922//trimParameters40_C2.dat
[15:27:12.637]     INFO:       reading data/mtt922//trimParameters40_C3.dat
[15:27:12.644]     INFO:       reading data/mtt922//trimParameters40_C4.dat
[15:27:12.650]     INFO:       reading data/mtt922//trimParameters40_C5.dat
[15:27:12.657]     INFO:       reading data/mtt922//trimParameters40_C6.dat
[15:27:12.663]     INFO:       reading data/mtt922//trimParameters40_C7.dat
[15:27:12.670]     INFO:       reading data/mtt922//trimParameters40_C8.dat
[15:27:12.677]     INFO:       reading data/mtt922//trimParameters40_C9.dat
[15:27:12.683]     INFO:       reading data/mtt922//trimParameters40_C10.dat
[15:27:12.690]     INFO:       reading data/mtt922//trimParameters40_C11.dat
[15:27:12.696]     INFO:       reading data/mtt922//trimParameters40_C12.dat
[15:27:12.702]     INFO:       reading data/mtt922//trimParameters40_C13.dat
[15:27:12.709]     INFO:       reading data/mtt922//trimParameters40_C14.dat
[15:27:12.715]     INFO:       reading data/mtt922//trimParameters40_C15.dat
[15:27:12.722]     INFO:       reading data/mtt922//tbParameters.dat
[15:27:12.722]     INFO:         clk: 4
[15:27:12.722]     INFO:         ctr: 4
[15:27:12.722]     INFO:         sda: 19
[15:27:12.722]     INFO:         tin: 9
[15:27:12.722]     INFO:         level: 15
[15:27:12.722]     INFO:         triggerdelay: 0
[15:27:12.722]    QUIET: Instanciating API for pxar crosscalibrate
[15:27:12.722]     INFO: Log level: INFO
[15:27:12.736]    QUIET: Connection to board DTB_WRPRHI opened.
[15:27:12.739]     INFO: DTB startup information
--- DTB info------------------------------------------
Board id:    58
HW version:  DTB1.2
FW version:  3.2
SW version:  3.6
USB id:      DTB_WRPRHI
MAC address: 40D85511803A
Hostname:    pixelDTB058
Comment:     
------------------------------------------------------
[15:27:12.743]     INFO: RPC call hashes of host and DTB match: 413001178
[15:27:14.353]     INFO: DUT info: 
[15:27:14.353]     INFO: The DUT currently contains the following objects:
[15:27:14.353]     INFO:  2 TBM Cores (2 ON)
[15:27:14.353]     INFO: 	TBM Core alpha (0): 7 registers set
[15:27:14.353]     INFO: 	TBM Core beta  (1): 7 registers set
[15:27:14.353]     INFO: 16 ROCs (16 ON) with 4160 pixelConfigs
[15:27:14.353]     INFO: 	ROC 0: 21 DACs set, Pixels: 0 masked, 4160 active.
[15:27:14.353]     INFO: 	ROC 1: 21 DACs set, Pixels: 0 masked, 4160 active.
[15:27:14.353]     INFO: 	ROC 2: 21 DACs set, Pixels: 0 masked, 4160 active.
[15:27:14.353]     INFO: 	ROC 3: 21 DACs set, Pixels: 0 masked, 4160 active.
[15:27:14.353]     INFO: 	ROC 4: 21 DACs set, Pixels: 0 masked, 4160 active.
[15:27:14.353]     INFO: 	ROC 5: 21 DACs set, Pixels: 0 masked, 4160 active.
[15:27:14.354]     INFO: 	ROC 6: 21 DACs set, Pixels: 0 masked, 4160 active.
[15:27:14.354]     INFO: 	ROC 7: 21 DACs set, Pixels: 0 masked, 4160 active.
[15:27:14.354]     INFO: 	ROC 8: 21 DACs set, Pixels: 0 masked, 4160 active.
[15:27:14.354]     INFO: 	ROC 9: 21 DACs set, Pixels: 0 masked, 4160 active.
[15:27:14.354]     INFO: 	ROC 10: 21 DACs set, Pixels: 0 masked, 4160 active.
[15:27:14.354]     INFO: 	ROC 11: 21 DACs set, Pixels: 0 masked, 4160 active.
[15:27:14.354]     INFO: 	ROC 12: 21 DACs set, Pixels: 0 masked, 4160 active.
[15:27:14.354]     INFO: 	ROC 13: 21 DACs set, Pixels: 0 masked, 4160 active.
[15:27:14.354]     INFO: 	ROC 14: 21 DACs set, Pixels: 0 masked, 4160 active.
[15:27:14.354]     INFO: 	ROC 15: 21 DACs set, Pixels: 0 masked, 4160 active.
[15:27:14.954]     INFO:       reading data/mtt922//phCalibrationFitTanH40_C0.dat
[15:27:14.972]     INFO:       reading data/mtt922//phCalibrationFitTanH40_C1.dat
[15:27:14.988]     INFO:       reading data/mtt922//phCalibrationFitTanH40_C2.dat
[15:27:15.004]     INFO:       reading data/mtt922//phCalibrationFitTanH40_C3.dat
[15:27:15.020]     INFO:       reading data/mtt922//phCalibrationFitTanH40_C4.dat
[15:27:15.036]     INFO:       reading data/mtt922//phCalibrationFitTanH40_C5.dat
[15:27:15.052]     INFO:       reading data/mtt922//phCalibrationFitTanH40_C6.dat
[15:27:15.068]     INFO:       reading data/mtt922//phCalibrationFitTanH40_C7.dat
[15:27:15.083]     INFO:       reading data/mtt922//phCalibrationFitTanH40_C8.dat
[15:27:15.100]     INFO:       reading data/mtt922//phCalibrationFitTanH40_C9.dat
[15:27:15.115]     INFO:       reading data/mtt922//phCalibrationFitTanH40_C10.dat
[15:27:15.131]     INFO:       reading data/mtt922//phCalibrationFitTanH40_C11.dat
[15:27:15.146]     INFO:       reading data/mtt922//phCalibrationFitTanH40_C12.dat
[15:27:15.161]     INFO:       reading data/mtt922//phCalibrationFitTanH40_C13.dat
[15:27:15.176]     INFO:       reading data/mtt922//phCalibrationFitTanH40_C14.dat
[15:27:15.192]     INFO:       reading data/mtt922//phCalibrationFitTanH40_C15.dat
[15:27:15.243]     INFO:       reading data/mtt922//readbackCal_C0.dat
[15:27:15.243]     INFO:       reading data/mtt922//readbackCal_C1.dat
[15:27:15.243]     INFO:       reading data/mtt922//readbackCal_C2.dat
[15:27:15.243]     INFO:       reading data/mtt922//readbackCal_C3.dat
[15:27:15.243]     INFO:       reading data/mtt922//readbackCal_C4.dat
[15:27:15.243]     INFO:       reading data/mtt922//readbackCal_C5.dat
[15:27:15.243]     INFO:       reading data/mtt922//readbackCal_C6.dat
[15:27:15.244]     INFO:       reading data/mtt922//readbackCal_C7.dat
[15:27:15.244]     INFO:       reading data/mtt922//readbackCal_C8.dat
[15:27:15.244]     INFO:       reading data/mtt922//readbackCal_C9.dat
[15:27:15.244]     INFO:       reading data/mtt922//readbackCal_C10.dat
[15:27:15.244]     INFO:       reading data/mtt922//readbackCal_C11.dat
[15:27:15.244]     INFO:       reading data/mtt922//readbackCal_C12.dat
[15:27:15.244]     INFO:       reading data/mtt922//readbackCal_C13.dat
[15:27:15.244]     INFO:       reading data/mtt922//readbackCal_C14.dat
[15:27:15.244]     INFO:       reading data/mtt922//readbackCal_C15.dat
[15:27:23.855]     INFO: ######################################################################
[15:27:23.855]     INFO: PixTestScurves::doTest() ntrig = 50
[15:27:23.855]     INFO: ######################################################################
[15:27:23.856]     INFO: ---> dac: Vcal name: scurveVcal ntrig: 50 dacrange: 0 .. 200 hits flags = 16 (plus default)
[15:27:23.890]     INFO:   dacScan step  from 0 .. 9
[15:28:04.791]     INFO: Test took 40901ms.
[15:28:04.970]     INFO: Fetched DAQ statistics. Counters are being reset now.
[15:28:04.970]     INFO:   dacScan step  from 10 .. 19
[15:28:45.876]     INFO: Test took 40906ms.
[15:28:46.051]     INFO: Fetched DAQ statistics. Counters are being reset now.
[15:28:46.051]     INFO:   dacScan step  from 20 .. 29
[15:29:26.982]     INFO: Test took 40931ms.
[15:29:27.154]     INFO: Fetched DAQ statistics. Counters are being reset now.
[15:29:27.154]     INFO:   dacScan step  from 30 .. 39
[15:30:10.434]     INFO: Test took 43279ms.
[15:30:10.858]     INFO: Fetched DAQ statistics. Counters are being reset now.
[15:30:10.905]     INFO:   dacScan step  from 40 .. 49
[15:31:15.612]     INFO: Test took 64707ms.
[15:31:17.052]     INFO: Fetched DAQ statistics. Counters are being reset now.
[15:31:17.145]     INFO:   dacScan step  from 50 .. 59
[15:32:30.602]     INFO: Test took 73457ms.
[15:32:32.020]     INFO: Fetched DAQ statistics. Counters are being reset now.
[15:32:32.112]     INFO:   dacScan step  from 60 .. 69
[15:33:43.717]     INFO: Test took 71605ms.
[15:33:45.124]     INFO: Fetched DAQ statistics. Counters are being reset now.
[15:33:45.218]     INFO:   dacScan step  from 70 .. 79
[15:34:56.768]     INFO: Test took 71550ms.
[15:34:58.142]     INFO: Fetched DAQ statistics. Counters are being reset now.
[15:34:58.234]     INFO:   dacScan step  from 80 .. 89
[15:36:09.785]     INFO: Test took 71551ms.
[15:36:11.213]     INFO: Fetched DAQ statistics. Counters are being reset now.
[15:36:11.307]     INFO:   dacScan step  from 90 .. 99
[15:37:22.798]     INFO: Test took 71491ms.
[15:37:24.193]     INFO: Fetched DAQ statistics. Counters are being reset now.
[15:37:24.287]     INFO:   dacScan step  from 100 .. 109
[15:38:35.973]     INFO: Test took 71686ms.
[15:38:37.357]     INFO: Fetched DAQ statistics. Counters are being reset now.
[15:38:37.449]     INFO:   dacScan step  from 110 .. 119
[15:39:48.884]     INFO: Test took 71434ms.
[15:39:50.256]     INFO: Fetched DAQ statistics. Counters are being reset now.
[15:39:50.347]     INFO:   dacScan step  from 120 .. 129
[15:41:01.957]     INFO: Test took 71609ms.
[15:41:03.330]     INFO: Fetched DAQ statistics. Counters are being reset now.
[15:41:03.422]     INFO:   dacScan step  from 130 .. 139
[15:42:15.030]     INFO: Test took 71608ms.
[15:42:16.407]     INFO: Fetched DAQ statistics. Counters are being reset now.
[15:42:16.501]     INFO:   dacScan step  from 140 .. 149
[15:43:28.762]     INFO: Test took 72261ms.
[15:43:30.197]     INFO: Fetched DAQ statistics. Counters are being reset now.
[15:43:30.290]     INFO:   dacScan step  from 150 .. 159
[15:44:41.939]     INFO: Test took 71648ms.
[15:44:43.334]     INFO: Fetched DAQ statistics. Counters are being reset now.
[15:44:43.426]     INFO:   dacScan step  from 160 .. 169
[15:45:54.953]     INFO: Test took 71527ms.
[15:45:56.329]     INFO: Fetched DAQ statistics. Counters are being reset now.
[15:45:56.423]     INFO:   dacScan step  from 170 .. 179
[15:47:07.984]     INFO: Test took 71561ms.
[15:47:09.360]     INFO: Fetched DAQ statistics. Counters are being reset now.
[15:47:09.452]     INFO:   dacScan step  from 180 .. 189
[15:48:20.984]     INFO: Test took 71532ms.
[15:48:22.361]     INFO: Fetched DAQ statistics. Counters are being reset now.
[15:48:22.455]     INFO:   dacScan step  from 190 .. 199
[15:49:34.125]     INFO: Test took 71670ms.
[15:49:35.500]     INFO: Fetched DAQ statistics. Counters are being reset now.
[15:49:35.592]     INFO:   dacScan step  from 200 .. 200
[15:49:45.405]     INFO: Test took 9813ms.
[15:49:45.542]     INFO: Fetched DAQ statistics. Counters are being reset now.
[15:50:48.252]     INFO: PixTestScurves::scurves() done 
[15:50:48.253]     INFO: Vcal mean:  40.15  40.33  40.25  40.40  40.49  40.16  40.17  40.12  40.29  40.30  40.28  40.17  40.19  40.20  40.05  40.22 
[15:50:48.253]     INFO: Vcal RMS:    0.93   1.06   1.10   1.00   1.04   1.00   0.98   0.97   0.96   1.06   1.15   0.93   1.36   0.98   0.91   1.14 
[15:58:49.392]    QUIET: Connection to board 58 closed.
