[17:43:13.317]     INFO: *** Welcome to pxar ***
[17:43:13.317]     INFO: *** Today: 2015/06/03
[17:43:13.317]     INFO:       reading data/crosscalibrate_UNLconfig/dacParameters35_C0.dat
[17:43:13.317]     INFO:       reading data/crosscalibrate_UNLconfig/dacParameters35_C1.dat
[17:43:13.317]     INFO:       reading data/crosscalibrate_UNLconfig/dacParameters35_C2.dat
[17:43:13.317]     INFO:       reading data/crosscalibrate_UNLconfig/dacParameters35_C3.dat
[17:43:13.317]     INFO:       reading data/crosscalibrate_UNLconfig/dacParameters35_C4.dat
[17:43:13.317]     INFO:       reading data/crosscalibrate_UNLconfig/dacParameters35_C5.dat
[17:43:13.317]     INFO:       reading data/crosscalibrate_UNLconfig/dacParameters35_C6.dat
[17:43:13.317]     INFO:       reading data/crosscalibrate_UNLconfig/dacParameters35_C7.dat
[17:43:13.317]     INFO:       reading data/crosscalibrate_UNLconfig/dacParameters35_C8.dat
[17:43:13.318]     INFO:       reading data/crosscalibrate_UNLconfig/dacParameters35_C9.dat
[17:43:13.318]     INFO:       reading data/crosscalibrate_UNLconfig/dacParameters35_C10.dat
[17:43:13.318]     INFO:       reading data/crosscalibrate_UNLconfig/dacParameters35_C11.dat
[17:43:13.318]     INFO:       reading data/crosscalibrate_UNLconfig/dacParameters35_C12.dat
[17:43:13.318]     INFO:       reading data/crosscalibrate_UNLconfig/dacParameters35_C13.dat
[17:43:13.318]     INFO:       reading data/crosscalibrate_UNLconfig/dacParameters35_C14.dat
[17:43:13.318]     INFO:       reading data/crosscalibrate_UNLconfig/dacParameters35_C15.dat
[17:43:13.318]     INFO:       reading data/crosscalibrate_UNLconfig/tbmParameters_C0a.dat
[17:43:13.318]     INFO:       reading data/crosscalibrate_UNLconfig/tbmParameters_C0b.dat
[17:43:13.318]     INFO:       reading data/crosscalibrate_UNLconfig/defaultMaskFile.dat
[17:43:13.318]     INFO:       reading data/crosscalibrate_UNLconfig/trimParameters35_C0.dat
[17:43:13.325]     INFO:       reading data/crosscalibrate_UNLconfig/trimParameters35_C1.dat
[17:43:13.331]     INFO:       reading data/crosscalibrate_UNLconfig/trimParameters35_C2.dat
[17:43:13.338]     INFO:       reading data/crosscalibrate_UNLconfig/trimParameters35_C3.dat
[17:43:13.344]     INFO:       reading data/crosscalibrate_UNLconfig/trimParameters35_C4.dat
[17:43:13.351]     INFO:       reading data/crosscalibrate_UNLconfig/trimParameters35_C5.dat
[17:43:13.357]     INFO:       reading data/crosscalibrate_UNLconfig/trimParameters35_C6.dat
[17:43:13.364]     INFO:       reading data/crosscalibrate_UNLconfig/trimParameters35_C7.dat
[17:43:13.370]     INFO:       reading data/crosscalibrate_UNLconfig/trimParameters35_C8.dat
[17:43:13.377]     INFO:       reading data/crosscalibrate_UNLconfig/trimParameters35_C9.dat
[17:43:13.383]     INFO:       reading data/crosscalibrate_UNLconfig/trimParameters35_C10.dat
[17:43:13.389]     INFO:       reading data/crosscalibrate_UNLconfig/trimParameters35_C11.dat
[17:43:13.396]     INFO:       reading data/crosscalibrate_UNLconfig/trimParameters35_C12.dat
[17:43:13.402]     INFO:       reading data/crosscalibrate_UNLconfig/trimParameters35_C13.dat
[17:43:13.409]     INFO:       reading data/crosscalibrate_UNLconfig/trimParameters35_C14.dat
[17:43:13.415]     INFO:       reading data/crosscalibrate_UNLconfig/trimParameters35_C15.dat
[17:43:13.422]     INFO:       reading data/crosscalibrate_UNLconfig/tbParameters.dat
[17:43:13.422]     INFO:         clk: 4
[17:43:13.422]     INFO:         ctr: 4
[17:43:13.422]     INFO:         sda: 19
[17:43:13.422]     INFO:         tin: 9
[17:43:13.422]     INFO:         level: 15
[17:43:13.422]     INFO:         triggerdelay: 0
[17:43:13.422]    QUIET: Instanciating API for pxar crosscalibrate_v1.1
[17:43:13.422]     INFO: Log level: DEBUG
[17:43:13.436]    QUIET: Connection to board DTB_WRPRHI opened.
[17:43:13.439]     INFO: DTB startup information
--- DTB info------------------------------------------
Board id:    58
HW version:  DTB1.2
FW version:  4.0
SW version:  4.0
USB id:      DTB_WRPRHI
MAC address: 40D85511803A
Hostname:    pixelDTB058
Comment:     
------------------------------------------------------
[17:43:13.442]     INFO: RPC call hashes of host and DTB match: 447413373
[17:43:15.060]     INFO: DUT info: 
[17:43:15.060]     INFO: The DUT currently contains the following objects:
[17:43:15.060]     INFO:  2 TBM Cores (2 ON)
[17:43:15.060]     INFO: 	TBM Core alpha (0): 7 registers set
[17:43:15.060]     INFO: 	TBM Core beta  (1): 7 registers set
[17:43:15.060]     INFO: 16 ROCs (16 ON) with 4160 pixelConfigs
[17:43:15.060]     INFO: 	ROC 0: 21 DACs set, Pixels: 0 masked, 4160 active.
[17:43:15.060]     INFO: 	ROC 1: 21 DACs set, Pixels: 0 masked, 4160 active.
[17:43:15.060]     INFO: 	ROC 2: 21 DACs set, Pixels: 0 masked, 4160 active.
[17:43:15.060]     INFO: 	ROC 3: 21 DACs set, Pixels: 0 masked, 4160 active.
[17:43:15.060]     INFO: 	ROC 4: 21 DACs set, Pixels: 0 masked, 4160 active.
[17:43:15.060]     INFO: 	ROC 5: 21 DACs set, Pixels: 0 masked, 4160 active.
[17:43:15.060]     INFO: 	ROC 6: 21 DACs set, Pixels: 0 masked, 4160 active.
[17:43:15.060]     INFO: 	ROC 7: 21 DACs set, Pixels: 0 masked, 4160 active.
[17:43:15.060]     INFO: 	ROC 8: 21 DACs set, Pixels: 0 masked, 4160 active.
[17:43:15.060]     INFO: 	ROC 9: 21 DACs set, Pixels: 0 masked, 4160 active.
[17:43:15.060]     INFO: 	ROC 10: 21 DACs set, Pixels: 0 masked, 4160 active.
[17:43:15.060]     INFO: 	ROC 11: 21 DACs set, Pixels: 0 masked, 4160 active.
[17:43:15.060]     INFO: 	ROC 12: 21 DACs set, Pixels: 0 masked, 4160 active.
[17:43:15.060]     INFO: 	ROC 13: 21 DACs set, Pixels: 0 masked, 4160 active.
[17:43:15.060]     INFO: 	ROC 14: 21 DACs set, Pixels: 0 masked, 4160 active.
[17:43:15.060]     INFO: 	ROC 15: 21 DACs set, Pixels: 0 masked, 4160 active.
[17:43:15.060]    DEBUG: <PixTestParameters.cc/dump:L104> PixTestParameters: ->BB<-
[17:43:15.060]    DEBUG: <PixTestParameters.cc/dump:L107>   dumpall: checkbox(0)
[17:43:15.060]    DEBUG: <PixTestParameters.cc/dump:L107>   dumpproblematic: checkbox(0)
[17:43:15.060]    DEBUG: <PixTestParameters.cc/dump:L107>   ntrig: 5
[17:43:15.060]    DEBUG: <PixTestParameters.cc/dump:L107>   vcals: 250
[17:43:15.060]    DEBUG: <PixTestParameters.cc/dump:L104> PixTestParameters: ->BB2<-
[17:43:15.060]    DEBUG: <PixTestParameters.cc/dump:L107>   ntrig: 10
[17:43:15.061]    DEBUG: <PixTestParameters.cc/dump:L107>   vcals: 222
[17:43:15.061]    DEBUG: <PixTestParameters.cc/dump:L107>   plwidth: 35
[17:43:15.061]    DEBUG: <PixTestParameters.cc/dump:L107>   pix: 11,20
[17:43:15.061]    DEBUG: <PixTestParameters.cc/dump:L107>   targetia: 24
[17:43:15.061]    DEBUG: <PixTestParameters.cc/dump:L104> PixTestParameters: ->DacDacScan<-
[17:43:15.061]    DEBUG: <PixTestParameters.cc/dump:L107>   phmap: checkbox
[17:43:15.061]    DEBUG: <PixTestParameters.cc/dump:L107>   ntrig: 10
[17:43:15.061]    DEBUG: <PixTestParameters.cc/dump:L107>   dac1: caldel
[17:43:15.061]    DEBUG: <PixTestParameters.cc/dump:L107>   dac1lo: 0
[17:43:15.061]    DEBUG: <PixTestParameters.cc/dump:L107>   dac1hi: 255
[17:43:15.061]    DEBUG: <PixTestParameters.cc/dump:L107>   dac2: vthrcomp
[17:43:15.061]    DEBUG: <PixTestParameters.cc/dump:L107>   dac2lo: 0
[17:43:15.061]    DEBUG: <PixTestParameters.cc/dump:L107>   dac2hi: 255
[17:43:15.061]    DEBUG: <PixTestParameters.cc/dump:L107>   pix: 11,20
[17:43:15.061]    DEBUG: <PixTestParameters.cc/dump:L104> PixTestParameters: ->DacScan<-
[17:43:15.061]    DEBUG: <PixTestParameters.cc/dump:L107>   phmap: checkbox(1)
[17:43:15.061]    DEBUG: <PixTestParameters.cc/dump:L107>   allpixels: checkbox(0)
[17:43:15.061]    DEBUG: <PixTestParameters.cc/dump:L107>   unmasked: checkbox(0)
[17:43:15.061]    DEBUG: <PixTestParameters.cc/dump:L107>   ntrig: 10
[17:43:15.061]    DEBUG: <PixTestParameters.cc/dump:L107>   dac: vcal
[17:43:15.061]    DEBUG: <PixTestParameters.cc/dump:L107>   daclo: 0
[17:43:15.061]    DEBUG: <PixTestParameters.cc/dump:L107>   dachi: 255
[17:43:15.061]    DEBUG: <PixTestParameters.cc/dump:L107>   pix: 11,20
[17:43:15.061]    DEBUG: <PixTestParameters.cc/dump:L104> PixTestParameters: ->GainPedestal<-
[17:43:15.061]    DEBUG: <PixTestParameters.cc/dump:L107>   showfits: checkbox(0)
[17:43:15.061]    DEBUG: <PixTestParameters.cc/dump:L107>   extended: checkbox(0)
[17:43:15.061]    DEBUG: <PixTestParameters.cc/dump:L107>   dumphists: checkbox(0)
[17:43:15.061]    DEBUG: <PixTestParameters.cc/dump:L107>   ntrig: 10
[17:43:15.061]    DEBUG: <PixTestParameters.cc/dump:L107>   measure: button
[17:43:15.061]    DEBUG: <PixTestParameters.cc/dump:L107>   fit: button
[17:43:15.061]    DEBUG: <PixTestParameters.cc/dump:L107>   save: button
[17:43:15.061]    DEBUG: <PixTestParameters.cc/dump:L104> PixTestParameters: ->HighRate<-
[17:43:15.061]    DEBUG: <PixTestParameters.cc/dump:L107>   pix: 11,20
[17:43:15.061]    DEBUG: <PixTestParameters.cc/dump:L107>   maskhotpixels: button
[17:43:15.061]    DEBUG: <PixTestParameters.cc/dump:L107>   savemaskfile: checkbox(0)
[17:43:15.061]    DEBUG: <PixTestParameters.cc/dump:L107>   maskfilename: default
[17:43:15.061]    DEBUG: <PixTestParameters.cc/dump:L107>   caldelscan: button
[17:43:15.061]    DEBUG: <PixTestParameters.cc/dump:L107>   xpixelalive: button
[17:43:15.061]    DEBUG: <PixTestParameters.cc/dump:L107>   ntrig: 50
[17:43:15.061]    DEBUG: <PixTestParameters.cc/dump:L107>   vcal: 200
[17:43:15.061]    DEBUG: <PixTestParameters.cc/dump:L107>   xnoisemaps: button
[17:43:15.061]    DEBUG: <PixTestParameters.cc/dump:L107>   daclo: 0
[17:43:15.061]    DEBUG: <PixTestParameters.cc/dump:L107>   dachi: 100
[17:43:15.061]    DEBUG: <PixTestParameters.cc/dump:L107>   dacs/step: 20
[17:43:15.061]    DEBUG: <PixTestParameters.cc/dump:L107>   rundaq: button
[17:43:15.061]    DEBUG: <PixTestParameters.cc/dump:L107>   trgfrequency(khz): 20
[17:43:15.061]    DEBUG: <PixTestParameters.cc/dump:L107>   runseconds: 2
[17:43:15.061]    DEBUG: <PixTestParameters.cc/dump:L107>   triggerdelay: 100
[17:43:15.061]    DEBUG: <PixTestParameters.cc/dump:L107>   delaytbm: checkbox
[17:43:15.061]    DEBUG: <PixTestParameters.cc/dump:L107>   filltree: checkbox
[17:43:15.061]    DEBUG: <PixTestParameters.cc/dump:L104> PixTestParameters: ->IV<-
[17:43:15.061]    DEBUG: <PixTestParameters.cc/dump:L107>   port: /dev/FIXME
[17:43:15.061]    DEBUG: <PixTestParameters.cc/dump:L107>   voltagestart: 0
[17:43:15.061]    DEBUG: <PixTestParameters.cc/dump:L107>   voltagestop: 600
[17:43:15.061]    DEBUG: <PixTestParameters.cc/dump:L107>   voltagestep: 5
[17:43:15.061]    DEBUG: <PixTestParameters.cc/dump:L107>   delay: 1
[17:43:15.061]    DEBUG: <PixTestParameters.cc/dump:L107>   compliance(ua): 100
[17:43:15.061]    DEBUG: <PixTestParameters.cc/dump:L104> PixTestParameters: ->PhOptimization<-
[17:43:15.061]    DEBUG: <PixTestParameters.cc/dump:L107>   ntrig: 10
[17:43:15.061]    DEBUG: <PixTestParameters.cc/dump:L107>   safetymarginlow: 20
[17:43:15.061]    DEBUG: <PixTestParameters.cc/dump:L107>   saturationvcal: 100
[17:43:15.061]    DEBUG: <PixTestParameters.cc/dump:L107>   quantilesaturation: 0.98
[17:43:15.061]    DEBUG: <PixTestParameters.cc/dump:L104> PixTestParameters: ->PixelAlive<-
[17:43:15.061]    DEBUG: <PixTestParameters.cc/dump:L107>   ntrig: 10
[17:43:15.061]    DEBUG: <PixTestParameters.cc/dump:L107>   vcal: 200
[17:43:15.061]    DEBUG: <PixTestParameters.cc/dump:L107>   alivetest: button
[17:43:15.061]    DEBUG: <PixTestParameters.cc/dump:L107>   masktest: button
[17:43:15.061]    DEBUG: <PixTestParameters.cc/dump:L107>   addressdecodingtest: button
[17:43:15.061]    DEBUG: <PixTestParameters.cc/dump:L104> PixTestParameters: ->Pretest<-
[17:43:15.061]    DEBUG: <PixTestParameters.cc/dump:L107>   programroc: button
[17:43:15.061]    DEBUG: <PixTestParameters.cc/dump:L107>   targetia: 24
[17:43:15.061]    DEBUG: <PixTestParameters.cc/dump:L107>   setvana: button
[17:43:15.061]    DEBUG: <PixTestParameters.cc/dump:L107>   iterations: 100
[17:43:15.061]    DEBUG: <PixTestParameters.cc/dump:L107>   settimings: button
[17:43:15.061]    DEBUG: <PixTestParameters.cc/dump:L107>   findworkingpixel: button
[17:43:15.061]    DEBUG: <PixTestParameters.cc/dump:L107>   setvthrcompcaldel: button
[17:43:15.061]    DEBUG: <PixTestParameters.cc/dump:L107>   pix: 11,20
[17:43:15.061]    DEBUG: <PixTestParameters.cc/dump:L107>   vcal: 250
[17:43:15.062]    DEBUG: <PixTestParameters.cc/dump:L107>   deltavthrcomp: 50
[17:43:15.062]    DEBUG: <PixTestParameters.cc/dump:L107>   fraccaldel: 0.5
[17:43:15.062]    DEBUG: <PixTestParameters.cc/dump:L107>   ntrig: 5
[17:43:15.062]    DEBUG: <PixTestParameters.cc/dump:L107>   savedacs: button
[17:43:15.062]    DEBUG: <PixTestParameters.cc/dump:L104> PixTestParameters: ->Readback<-
[17:43:15.062]    DEBUG: <PixTestParameters.cc/dump:L107>   calibratevd: button
[17:43:15.062]    DEBUG: <PixTestParameters.cc/dump:L107>   calibrateva: button
[17:43:15.062]    DEBUG: <PixTestParameters.cc/dump:L107>   calibrateia: button
[17:43:15.062]    DEBUG: <PixTestParameters.cc/dump:L107>   readbackvbg: button
[17:43:15.062]    DEBUG: <PixTestParameters.cc/dump:L107>   getcalibratedvbg: button
[17:43:15.062]    DEBUG: <PixTestParameters.cc/dump:L107>   usecalvd: checkbox(1)
[17:43:15.062]    DEBUG: <PixTestParameters.cc/dump:L107>   usecalva: checkbox(0)
[17:43:15.062]    DEBUG: <PixTestParameters.cc/dump:L107>   setvana: button
[17:43:15.062]    DEBUG: <PixTestParameters.cc/dump:L104> PixTestParameters: ->Scurves<-
[17:43:15.062]    DEBUG: <PixTestParameters.cc/dump:L107>   adjustvcal: checkbox(1)
[17:43:15.062]    DEBUG: <PixTestParameters.cc/dump:L107>   dumpall: checkbox(0)
[17:43:15.062]    DEBUG: <PixTestParameters.cc/dump:L107>   dumpproblematic: checkbox(0)
[17:43:15.062]    DEBUG: <PixTestParameters.cc/dump:L107>   ntrig: 50
[17:43:15.062]    DEBUG: <PixTestParameters.cc/dump:L107>   dac: VthrComp
[17:43:15.062]    DEBUG: <PixTestParameters.cc/dump:L107>   daclo: 0
[17:43:15.062]    DEBUG: <PixTestParameters.cc/dump:L107>   dachi: 200
[17:43:15.062]    DEBUG: <PixTestParameters.cc/dump:L107>   dacs/step: 10
[17:43:15.062]    DEBUG: <PixTestParameters.cc/dump:L107>   scurves: button
[17:43:15.062]    DEBUG: <PixTestParameters.cc/dump:L104> PixTestParameters: ->Timing<-
[17:43:15.062]    DEBUG: <PixTestParameters.cc/dump:L107>   fastscan: checkbox(0)
[17:43:15.062]    DEBUG: <PixTestParameters.cc/dump:L107>   targetclk: 4
[17:43:15.062]    DEBUG: <PixTestParameters.cc/dump:L107>   ntrig: 10
[17:43:15.062]    DEBUG: <PixTestParameters.cc/dump:L107>   clocksdascan: button
[17:43:15.062]    DEBUG: <PixTestParameters.cc/dump:L107>   phasescan: button
[17:43:15.062]    DEBUG: <PixTestParameters.cc/dump:L107>   levelscan: button
[17:43:15.062]    DEBUG: <PixTestParameters.cc/dump:L107>   tbmphasescan: button
[17:43:15.062]    DEBUG: <PixTestParameters.cc/dump:L107>   rocdelayscan: button
[17:43:15.062]    DEBUG: <PixTestParameters.cc/dump:L107>   timingtest: button
[17:43:15.062]    DEBUG: <PixTestParameters.cc/dump:L107>   saveparameters: button
[17:43:15.062]    DEBUG: <PixTestParameters.cc/dump:L104> PixTestParameters: ->Trim<-
[17:43:15.062]    DEBUG: <PixTestParameters.cc/dump:L107>   trim: button
[17:43:15.062]    DEBUG: <PixTestParameters.cc/dump:L107>   ntrig: 10
[17:43:15.062]    DEBUG: <PixTestParameters.cc/dump:L107>   vcal: 35
[17:43:15.062]    DEBUG: <PixTestParameters.cc/dump:L107>   trimbits: button
[17:43:15.062]    DEBUG: <PixTestParameters.cc/dump:L104> PixTestParameters: ->Xray<-
[17:43:15.062]    DEBUG: <PixTestParameters.cc/dump:L107>   maskhotpixels: button
[17:43:15.062]    DEBUG: <PixTestParameters.cc/dump:L107>   savemaskfile: checkbox(0)
[17:43:15.062]    DEBUG: <PixTestParameters.cc/dump:L107>   maskfilename: default
[17:43:15.062]    DEBUG: <PixTestParameters.cc/dump:L107>   source: Ag
[17:43:15.062]    DEBUG: <PixTestParameters.cc/dump:L107>   phrun: button
[17:43:15.062]    DEBUG: <PixTestParameters.cc/dump:L107>   runseconds: 100
[17:43:15.062]    DEBUG: <PixTestParameters.cc/dump:L107>   trgfrequency(khz): 100
[17:43:15.062]    DEBUG: <PixTestParameters.cc/dump:L107>   ratescan: button
[17:43:15.062]    DEBUG: <PixTestParameters.cc/dump:L107>   vthrcompmin: 10
[17:43:15.062]    DEBUG: <PixTestParameters.cc/dump:L107>   vthrcompmax: 80
[17:43:15.062]    DEBUG: <PixTestParameters.cc/dump:L107>   stepseconds: 5
[17:43:15.062]    DEBUG: <PixTestParameters.cc/dump:L107>   delaytbm: checkbox
[17:43:15.062]    DEBUG: <PixTestParameters.cc/dump:L107>   filltree: checkbox
[17:43:15.062]    DEBUG: <PixSetup.cc/init:L81> PixSetup init start; getCurrentRSS() = 34361344
[17:43:15.062]    DEBUG: <PixSetup.cc/init:L87> fPixTestParameters = 0x16f0220
[17:43:15.062]    DEBUG: <PixSetup.cc/init:L88>  fConfigParameters = 0x1618650
[17:43:15.062]    DEBUG: <PixSetup.cc/init:L89>        fPxarMemory = 0x7f1e8dd94010
[17:43:15.062]    DEBUG: <PixSetup.cc/init:L90>         fPxarMemHi = 0x7f1e93fff510
[17:43:15.062]    DEBUG: <PixSetup.cc/init:L106> PixSetup init done;  getCurrentRSS() = 34369536 fPxarMemory = 0x7f1e8dd94010
[17:43:15.551]    DEBUG: <PixGui.cc/hvOn:L457> HV set On: 0x1cb1020
[17:43:15.615]    DEBUG: <PixTestFactory.cc/PixTestFactory:L50> PixTestFactory::PixTestFactory()
[17:43:15.615]    DEBUG: <PixTestBBMap.cc/init:L78> PixTestBBMap::init()
[17:43:15.616]    DEBUG: <PixTestBBMap.cc/PixTestBBMap:L26> PixTestBBMap ctor(PixSetup &a, string, TGTab *)
[17:43:15.621]    DEBUG: <PixTestBB2Map.cc/setParameter:L57> setting fTargetIa    = 24 mA/ROC
[17:43:15.621]    DEBUG: <PixTestBB2Map.cc/init:L96> PixTestBB2Map::init()
[17:43:15.621]    DEBUG: <PixTestBB2Map.cc/PixTestBB2Map:L28> PixTestBB2Map ctor(PixSetup &a, string, TGTab *)
[17:43:15.632]    DEBUG: <PixTestDacDacScan.cc/init:L102> PixTestDacDacScan::init()
[17:43:15.632]    DEBUG: <PixTestDacDacScan.cc/PixTestDacDacScan:L21> PixTestDacDacScan ctor(PixSetup &a, string, TGTab *)
[17:43:15.663]    DEBUG: <PixTestHighRate.cc/setParameter:L67>   setting fParTriggerFrequency -> 20
[17:43:15.663]    DEBUG: <PixTestHighRate.cc/init:L174> PixTestHighRate::init()
[17:43:15.663]    DEBUG: <PixTestHighRate.cc/PixTestHighRate:L30> PixTestHighRate ctor(PixSetup &a, string, TGTab *)
[17:43:15.663]     INFO:       reading data/crosscalibrate_UNLconfig/phCalibrationFitErr35_C0.dat
[17:43:15.679]     INFO:       reading data/crosscalibrate_UNLconfig/phCalibrationFitErr35_C1.dat
[17:43:15.694]     INFO:       reading data/crosscalibrate_UNLconfig/phCalibrationFitErr35_C2.dat
[17:43:15.709]     INFO:       reading data/crosscalibrate_UNLconfig/phCalibrationFitErr35_C3.dat
[17:43:15.724]     INFO:       reading data/crosscalibrate_UNLconfig/phCalibrationFitErr35_C4.dat
[17:43:15.739]     INFO:       reading data/crosscalibrate_UNLconfig/phCalibrationFitErr35_C5.dat
[17:43:15.754]     INFO:       reading data/crosscalibrate_UNLconfig/phCalibrationFitErr35_C6.dat
[17:43:15.769]     INFO:       reading data/crosscalibrate_UNLconfig/phCalibrationFitErr35_C7.dat
[17:43:15.784]     INFO:       reading data/crosscalibrate_UNLconfig/phCalibrationFitErr35_C8.dat
[17:43:15.799]     INFO:       reading data/crosscalibrate_UNLconfig/phCalibrationFitErr35_C9.dat
[17:43:15.815]     INFO:       reading data/crosscalibrate_UNLconfig/phCalibrationFitErr35_C10.dat
[17:43:15.830]     INFO:       reading data/crosscalibrate_UNLconfig/phCalibrationFitErr35_C11.dat
[17:43:15.844]     INFO:       reading data/crosscalibrate_UNLconfig/phCalibrationFitErr35_C12.dat
[17:43:15.859]     INFO:       reading data/crosscalibrate_UNLconfig/phCalibrationFitErr35_C13.dat
[17:43:15.874]     INFO:       reading data/crosscalibrate_UNLconfig/phCalibrationFitErr35_C14.dat
[17:43:15.889]     INFO:       reading data/crosscalibrate_UNLconfig/phCalibrationFitErr35_C15.dat
[17:43:15.922]    DEBUG: <PixTest.cc/setTestParameter:L607>  setting  ntrig to new value 10
[17:43:15.922]    DEBUG: <PixTestPhOptimization.cc/setParameter:L36>   setting fParNtrig  ->10<- from sval = 10
[17:43:15.922]    DEBUG: <PixTestPhOptimization.cc/setParameter:L41>   setting fSafetyMarginLow  ->20<- from sval = 20
[17:43:15.922]    DEBUG: <PixTestPhOptimization.cc/setParameter:L47>   setting fVcalMax  ->100<- from sval = 100
[17:43:15.922]    DEBUG: <PixTestPhOptimization.cc/setParameter:L52>   setting fQuantMax  ->0.98<- from sval = 0.98
[17:43:15.928]    DEBUG: <PixTestAlive.cc/init:L76> PixTestAlive::init()
[17:43:15.928]    DEBUG: <PixTestAlive.cc/PixTestAlive:L20> PixTestAlive ctor(PixSetup &a, string, TGTab *)
[17:43:15.943]    DEBUG: <PixTestReadback.cc/setParameter:L172> fCalwVd set to 1
[17:43:15.943]    DEBUG: <PixTestReadback.cc/init:L95> PixTestReadback::init()
[17:43:15.943]    DEBUG: <PixTestReadback.cc/PixTestReadback:L22> PixTestReadback ctor(PixSetup &a, string, TGTab *)
[17:43:15.943]     INFO:       reading data/crosscalibrate_UNLconfig/readbackCal_C0.dat
[17:43:15.944]     INFO:       reading data/crosscalibrate_UNLconfig/readbackCal_C1.dat
[17:43:15.944]     INFO:       reading data/crosscalibrate_UNLconfig/readbackCal_C2.dat
[17:43:15.944]     INFO:       reading data/crosscalibrate_UNLconfig/readbackCal_C3.dat
[17:43:15.944]     INFO:       reading data/crosscalibrate_UNLconfig/readbackCal_C4.dat
[17:43:15.944]     INFO:       reading data/crosscalibrate_UNLconfig/readbackCal_C5.dat
[17:43:15.944]     INFO:       reading data/crosscalibrate_UNLconfig/readbackCal_C6.dat
[17:43:15.944]     INFO:       reading data/crosscalibrate_UNLconfig/readbackCal_C7.dat
[17:43:15.944]     INFO:       reading data/crosscalibrate_UNLconfig/readbackCal_C8.dat
[17:43:15.944]     INFO:       reading data/crosscalibrate_UNLconfig/readbackCal_C9.dat
[17:43:15.944]     INFO:       reading data/crosscalibrate_UNLconfig/readbackCal_C10.dat
[17:43:15.944]     INFO:       reading data/crosscalibrate_UNLconfig/readbackCal_C11.dat
[17:43:15.944]     INFO:       reading data/crosscalibrate_UNLconfig/readbackCal_C12.dat
[17:43:15.944]     INFO:       reading data/crosscalibrate_UNLconfig/readbackCal_C13.dat
[17:43:15.944]     INFO:       reading data/crosscalibrate_UNLconfig/readbackCal_C14.dat
[17:43:15.944]     INFO:       reading data/crosscalibrate_UNLconfig/readbackCal_C15.dat
[17:43:15.966]    DEBUG: <PixTestTiming.cc/setParameter:L46> fFastScan: 0
[17:43:15.966]    DEBUG: <PixTestTiming.cc/setParameter:L51> PixTestTiming::PixTest() targetclk = 4
[17:43:15.966]    DEBUG: <PixTestTiming.cc/setParameter:L55> PixTestTiming::PixTest() ntrig = 10
[17:43:15.966]    DEBUG: <PixTestTiming.cc/init:L65> PixTestTiming::init()
[17:43:15.978]    DEBUG: <PixTestXray.cc/init:L132> PixTestXray::init()
[17:43:15.978]    DEBUG: <PixTestXray.cc/PixTestXray:L26> PixTestXray ctor(PixSetup &a, string, TGTab *)
[17:43:19.229]     INFO: ######################################################################
[17:43:19.229]     INFO: PixTestHighRate::doTest()
[17:43:19.229]     INFO: ######################################################################
[17:43:19.229]     INFO:    ----------------------------------------------------------------------
[17:43:19.229]     INFO:    PixTestHighRate::calDelScan() ntrig = 10, vcal = 200
[17:43:19.229]     INFO:    ----------------------------------------------------------------------
[17:43:20.312]     INFO: Test took 1079ms.
[17:43:20.315]     INFO:       reading data/crosscalibrate_UNLconfig/defaultMaskFile.dat
[17:43:20.318]    DEBUG: <PixTest.cc/efficiencyMaps:L369>       attempt #0
[17:43:23.703]     INFO: Test took 3385ms.
[17:43:23.921]     INFO: Fetched DAQ statistics. Counters are being reset now.
[17:43:23.921]    DEBUG: <PixTest.cc/efficiencyMaps:L380>  eff result size = 677705
[17:43:23.921]    DEBUG: <PixTest.cc/efficiencyMaps:L386> Create hist HR_xeff_CalDelScan_step0_C0
[17:43:23.921]    DEBUG: <PixTest.cc/efficiencyMaps:L386> Create hist HR_xeff_CalDelScan_step0_C1
[17:43:23.921]    DEBUG: <PixTest.cc/efficiencyMaps:L386> Create hist HR_xeff_CalDelScan_step0_C2
[17:43:23.921]    DEBUG: <PixTest.cc/efficiencyMaps:L386> Create hist HR_xeff_CalDelScan_step0_C3
[17:43:23.921]    DEBUG: <PixTest.cc/efficiencyMaps:L386> Create hist HR_xeff_CalDelScan_step0_C4
[17:43:23.921]    DEBUG: <PixTest.cc/efficiencyMaps:L386> Create hist HR_xeff_CalDelScan_step0_C5
[17:43:23.921]    DEBUG: <PixTest.cc/efficiencyMaps:L386> Create hist HR_xeff_CalDelScan_step0_C6
[17:43:23.921]    DEBUG: <PixTest.cc/efficiencyMaps:L386> Create hist HR_xeff_CalDelScan_step0_C7
[17:43:23.921]    DEBUG: <PixTest.cc/efficiencyMaps:L386> Create hist HR_xeff_CalDelScan_step0_C8
[17:43:23.921]    DEBUG: <PixTest.cc/efficiencyMaps:L386> Create hist HR_xeff_CalDelScan_step0_C9
[17:43:23.921]    DEBUG: <PixTest.cc/efficiencyMaps:L386> Create hist HR_xeff_CalDelScan_step0_C10
[17:43:23.921]    DEBUG: <PixTest.cc/efficiencyMaps:L386> Create hist HR_xeff_CalDelScan_step0_C11
[17:43:23.921]    DEBUG: <PixTest.cc/efficiencyMaps:L386> Create hist HR_xeff_CalDelScan_step0_C12
[17:43:23.922]    DEBUG: <PixTest.cc/efficiencyMaps:L386> Create hist HR_xeff_CalDelScan_step0_C13
[17:43:23.922]    DEBUG: <PixTest.cc/efficiencyMaps:L386> Create hist HR_xeff_CalDelScan_step0_C14
[17:43:23.922]    DEBUG: <PixTest.cc/efficiencyMaps:L386> Create hist HR_xeff_CalDelScan_step0_C15
[17:43:23.922]    DEBUG: <PixTest.cc/efficiencyMaps:L396> booking xray maps for unmasked detector
[17:43:23.973]    DEBUG: <PixTest.cc/efficiencyMaps:L369>       attempt #0
[17:43:27.407]     INFO: Test took 3434ms.
[17:43:27.628]     INFO: Fetched DAQ statistics. Counters are being reset now.
[17:43:27.628]    DEBUG: <PixTest.cc/efficiencyMaps:L380>  eff result size = 684221
[17:43:27.628]    DEBUG: <PixTest.cc/efficiencyMaps:L386> Create hist HR_xeff_CalDelScan_step1_C0
[17:43:27.628]    DEBUG: <PixTest.cc/efficiencyMaps:L386> Create hist HR_xeff_CalDelScan_step1_C1
[17:43:27.629]    DEBUG: <PixTest.cc/efficiencyMaps:L386> Create hist HR_xeff_CalDelScan_step1_C2
[17:43:27.629]    DEBUG: <PixTest.cc/efficiencyMaps:L386> Create hist HR_xeff_CalDelScan_step1_C3
[17:43:27.629]    DEBUG: <PixTest.cc/efficiencyMaps:L386> Create hist HR_xeff_CalDelScan_step1_C4
[17:43:27.629]    DEBUG: <PixTest.cc/efficiencyMaps:L386> Create hist HR_xeff_CalDelScan_step1_C5
[17:43:27.629]    DEBUG: <PixTest.cc/efficiencyMaps:L386> Create hist HR_xeff_CalDelScan_step1_C6
[17:43:27.629]    DEBUG: <PixTest.cc/efficiencyMaps:L386> Create hist HR_xeff_CalDelScan_step1_C7
[17:43:27.629]    DEBUG: <PixTest.cc/efficiencyMaps:L386> Create hist HR_xeff_CalDelScan_step1_C8
[17:43:27.629]    DEBUG: <PixTest.cc/efficiencyMaps:L386> Create hist HR_xeff_CalDelScan_step1_C9
[17:43:27.629]    DEBUG: <PixTest.cc/efficiencyMaps:L386> Create hist HR_xeff_CalDelScan_step1_C10
[17:43:27.629]    DEBUG: <PixTest.cc/efficiencyMaps:L386> Create hist HR_xeff_CalDelScan_step1_C11
[17:43:27.629]    DEBUG: <PixTest.cc/efficiencyMaps:L386> Create hist HR_xeff_CalDelScan_step1_C12
[17:43:27.629]    DEBUG: <PixTest.cc/efficiencyMaps:L386> Create hist HR_xeff_CalDelScan_step1_C13
[17:43:27.629]    DEBUG: <PixTest.cc/efficiencyMaps:L386> Create hist HR_xeff_CalDelScan_step1_C14
[17:43:27.629]    DEBUG: <PixTest.cc/efficiencyMaps:L386> Create hist HR_xeff_CalDelScan_step1_C15
[17:43:27.629]    DEBUG: <PixTest.cc/efficiencyMaps:L396> booking xray maps for unmasked detector
[17:43:27.681]    DEBUG: <PixTest.cc/efficiencyMaps:L369>       attempt #0
[17:43:31.172]     INFO: Test took 3491ms.
[17:43:31.399]     INFO: Fetched DAQ statistics. Counters are being reset now.
[17:43:31.399]    DEBUG: <PixTest.cc/efficiencyMaps:L380>  eff result size = 686204
[17:43:31.399]    DEBUG: <PixTest.cc/efficiencyMaps:L386> Create hist HR_xeff_CalDelScan_step2_C0
[17:43:31.399]    DEBUG: <PixTest.cc/efficiencyMaps:L386> Create hist HR_xeff_CalDelScan_step2_C1
[17:43:31.399]    DEBUG: <PixTest.cc/efficiencyMaps:L386> Create hist HR_xeff_CalDelScan_step2_C2
[17:43:31.399]    DEBUG: <PixTest.cc/efficiencyMaps:L386> Create hist HR_xeff_CalDelScan_step2_C3
[17:43:31.399]    DEBUG: <PixTest.cc/efficiencyMaps:L386> Create hist HR_xeff_CalDelScan_step2_C4
[17:43:31.399]    DEBUG: <PixTest.cc/efficiencyMaps:L386> Create hist HR_xeff_CalDelScan_step2_C5
[17:43:31.399]    DEBUG: <PixTest.cc/efficiencyMaps:L386> Create hist HR_xeff_CalDelScan_step2_C6
[17:43:31.399]    DEBUG: <PixTest.cc/efficiencyMaps:L386> Create hist HR_xeff_CalDelScan_step2_C7
[17:43:31.399]    DEBUG: <PixTest.cc/efficiencyMaps:L386> Create hist HR_xeff_CalDelScan_step2_C8
[17:43:31.399]    DEBUG: <PixTest.cc/efficiencyMaps:L386> Create hist HR_xeff_CalDelScan_step2_C9
[17:43:31.399]    DEBUG: <PixTest.cc/efficiencyMaps:L386> Create hist HR_xeff_CalDelScan_step2_C10
[17:43:31.399]    DEBUG: <PixTest.cc/efficiencyMaps:L386> Create hist HR_xeff_CalDelScan_step2_C11
[17:43:31.399]    DEBUG: <PixTest.cc/efficiencyMaps:L386> Create hist HR_xeff_CalDelScan_step2_C12
[17:43:31.400]    DEBUG: <PixTest.cc/efficiencyMaps:L386> Create hist HR_xeff_CalDelScan_step2_C13
[17:43:31.400]    DEBUG: <PixTest.cc/efficiencyMaps:L386> Create hist HR_xeff_CalDelScan_step2_C14
[17:43:31.400]    DEBUG: <PixTest.cc/efficiencyMaps:L386> Create hist HR_xeff_CalDelScan_step2_C15
[17:43:31.400]    DEBUG: <PixTest.cc/efficiencyMaps:L396> booking xray maps for unmasked detector
[17:43:31.452]    DEBUG: <PixTest.cc/efficiencyMaps:L369>       attempt #0
[17:43:34.936]     INFO: Test took 3484ms.
[17:43:35.161]     INFO: Fetched DAQ statistics. Counters are being reset now.
[17:43:35.162]    DEBUG: <PixTest.cc/efficiencyMaps:L380>  eff result size = 687406
[17:43:35.162]    DEBUG: <PixTest.cc/efficiencyMaps:L386> Create hist HR_xeff_CalDelScan_step3_C0
[17:43:35.162]    DEBUG: <PixTest.cc/efficiencyMaps:L386> Create hist HR_xeff_CalDelScan_step3_C1
[17:43:35.162]    DEBUG: <PixTest.cc/efficiencyMaps:L386> Create hist HR_xeff_CalDelScan_step3_C2
[17:43:35.162]    DEBUG: <PixTest.cc/efficiencyMaps:L386> Create hist HR_xeff_CalDelScan_step3_C3
[17:43:35.162]    DEBUG: <PixTest.cc/efficiencyMaps:L386> Create hist HR_xeff_CalDelScan_step3_C4
[17:43:35.162]    DEBUG: <PixTest.cc/efficiencyMaps:L386> Create hist HR_xeff_CalDelScan_step3_C5
[17:43:35.162]    DEBUG: <PixTest.cc/efficiencyMaps:L386> Create hist HR_xeff_CalDelScan_step3_C6
[17:43:35.162]    DEBUG: <PixTest.cc/efficiencyMaps:L386> Create hist HR_xeff_CalDelScan_step3_C7
[17:43:35.162]    DEBUG: <PixTest.cc/efficiencyMaps:L386> Create hist HR_xeff_CalDelScan_step3_C8
[17:43:35.162]    DEBUG: <PixTest.cc/efficiencyMaps:L386> Create hist HR_xeff_CalDelScan_step3_C9
[17:43:35.162]    DEBUG: <PixTest.cc/efficiencyMaps:L386> Create hist HR_xeff_CalDelScan_step3_C10
[17:43:35.162]    DEBUG: <PixTest.cc/efficiencyMaps:L386> Create hist HR_xeff_CalDelScan_step3_C11
[17:43:35.162]    DEBUG: <PixTest.cc/efficiencyMaps:L386> Create hist HR_xeff_CalDelScan_step3_C12
[17:43:35.162]    DEBUG: <PixTest.cc/efficiencyMaps:L386> Create hist HR_xeff_CalDelScan_step3_C13
[17:43:35.162]    DEBUG: <PixTest.cc/efficiencyMaps:L386> Create hist HR_xeff_CalDelScan_step3_C14
[17:43:35.162]    DEBUG: <PixTest.cc/efficiencyMaps:L386> Create hist HR_xeff_CalDelScan_step3_C15
[17:43:35.162]    DEBUG: <PixTest.cc/efficiencyMaps:L396> booking xray maps for unmasked detector
[17:43:35.214]    DEBUG: <PixTest.cc/efficiencyMaps:L369>       attempt #0
[17:43:38.716]     INFO: Test took 3502ms.
[17:43:38.941]     INFO: Fetched DAQ statistics. Counters are being reset now.
[17:43:38.941]    DEBUG: <PixTest.cc/efficiencyMaps:L380>  eff result size = 687354
[17:43:38.941]    DEBUG: <PixTest.cc/efficiencyMaps:L386> Create hist HR_xeff_CalDelScan_step4_C0
[17:43:38.941]    DEBUG: <PixTest.cc/efficiencyMaps:L386> Create hist HR_xeff_CalDelScan_step4_C1
[17:43:38.942]    DEBUG: <PixTest.cc/efficiencyMaps:L386> Create hist HR_xeff_CalDelScan_step4_C2
[17:43:38.942]    DEBUG: <PixTest.cc/efficiencyMaps:L386> Create hist HR_xeff_CalDelScan_step4_C3
[17:43:38.942]    DEBUG: <PixTest.cc/efficiencyMaps:L386> Create hist HR_xeff_CalDelScan_step4_C4
[17:43:38.942]    DEBUG: <PixTest.cc/efficiencyMaps:L386> Create hist HR_xeff_CalDelScan_step4_C5
[17:43:38.942]    DEBUG: <PixTest.cc/efficiencyMaps:L386> Create hist HR_xeff_CalDelScan_step4_C6
[17:43:38.942]    DEBUG: <PixTest.cc/efficiencyMaps:L386> Create hist HR_xeff_CalDelScan_step4_C7
[17:43:38.942]    DEBUG: <PixTest.cc/efficiencyMaps:L386> Create hist HR_xeff_CalDelScan_step4_C8
[17:43:38.942]    DEBUG: <PixTest.cc/efficiencyMaps:L386> Create hist HR_xeff_CalDelScan_step4_C9
[17:43:38.942]    DEBUG: <PixTest.cc/efficiencyMaps:L386> Create hist HR_xeff_CalDelScan_step4_C10
[17:43:38.942]    DEBUG: <PixTest.cc/efficiencyMaps:L386> Create hist HR_xeff_CalDelScan_step4_C11
[17:43:38.942]    DEBUG: <PixTest.cc/efficiencyMaps:L386> Create hist HR_xeff_CalDelScan_step4_C12
[17:43:38.942]    DEBUG: <PixTest.cc/efficiencyMaps:L386> Create hist HR_xeff_CalDelScan_step4_C13
[17:43:38.942]    DEBUG: <PixTest.cc/efficiencyMaps:L386> Create hist HR_xeff_CalDelScan_step4_C14
[17:43:38.942]    DEBUG: <PixTest.cc/efficiencyMaps:L386> Create hist HR_xeff_CalDelScan_step4_C15
[17:43:38.942]    DEBUG: <PixTest.cc/efficiencyMaps:L396> booking xray maps for unmasked detector
[17:43:38.994]    DEBUG: <PixTest.cc/efficiencyMaps:L369>       attempt #0
[17:43:42.496]     INFO: Test took 3502ms.
[17:43:42.723]     INFO: Fetched DAQ statistics. Counters are being reset now.
[17:43:42.723]    DEBUG: <PixTest.cc/efficiencyMaps:L380>  eff result size = 689816
[17:43:42.723]    DEBUG: <PixTest.cc/efficiencyMaps:L386> Create hist HR_xeff_CalDelScan_step5_C0
[17:43:42.723]    DEBUG: <PixTest.cc/efficiencyMaps:L386> Create hist HR_xeff_CalDelScan_step5_C1
[17:43:42.723]    DEBUG: <PixTest.cc/efficiencyMaps:L386> Create hist HR_xeff_CalDelScan_step5_C2
[17:43:42.723]    DEBUG: <PixTest.cc/efficiencyMaps:L386> Create hist HR_xeff_CalDelScan_step5_C3
[17:43:42.723]    DEBUG: <PixTest.cc/efficiencyMaps:L386> Create hist HR_xeff_CalDelScan_step5_C4
[17:43:42.723]    DEBUG: <PixTest.cc/efficiencyMaps:L386> Create hist HR_xeff_CalDelScan_step5_C5
[17:43:42.724]    DEBUG: <PixTest.cc/efficiencyMaps:L386> Create hist HR_xeff_CalDelScan_step5_C6
[17:43:42.724]    DEBUG: <PixTest.cc/efficiencyMaps:L386> Create hist HR_xeff_CalDelScan_step5_C7
[17:43:42.724]    DEBUG: <PixTest.cc/efficiencyMaps:L386> Create hist HR_xeff_CalDelScan_step5_C8
[17:43:42.724]    DEBUG: <PixTest.cc/efficiencyMaps:L386> Create hist HR_xeff_CalDelScan_step5_C9
[17:43:42.724]    DEBUG: <PixTest.cc/efficiencyMaps:L386> Create hist HR_xeff_CalDelScan_step5_C10
[17:43:42.724]    DEBUG: <PixTest.cc/efficiencyMaps:L386> Create hist HR_xeff_CalDelScan_step5_C11
[17:43:42.724]    DEBUG: <PixTest.cc/efficiencyMaps:L386> Create hist HR_xeff_CalDelScan_step5_C12
[17:43:42.724]    DEBUG: <PixTest.cc/efficiencyMaps:L386> Create hist HR_xeff_CalDelScan_step5_C13
[17:43:42.724]    DEBUG: <PixTest.cc/efficiencyMaps:L386> Create hist HR_xeff_CalDelScan_step5_C14
[17:43:42.724]    DEBUG: <PixTest.cc/efficiencyMaps:L386> Create hist HR_xeff_CalDelScan_step5_C15
[17:43:42.724]    DEBUG: <PixTest.cc/efficiencyMaps:L396> booking xray maps for unmasked detector
[17:43:42.776]    DEBUG: <PixTest.cc/efficiencyMaps:L369>       attempt #0
[17:43:46.268]     INFO: Test took 3492ms.
[17:43:46.495]     INFO: Fetched DAQ statistics. Counters are being reset now.
[17:43:46.495]    DEBUG: <PixTest.cc/efficiencyMaps:L380>  eff result size = 689482
[17:43:46.495]    DEBUG: <PixTest.cc/efficiencyMaps:L386> Create hist HR_xeff_CalDelScan_step6_C0
[17:43:46.495]    DEBUG: <PixTest.cc/efficiencyMaps:L386> Create hist HR_xeff_CalDelScan_step6_C1
[17:43:46.495]    DEBUG: <PixTest.cc/efficiencyMaps:L386> Create hist HR_xeff_CalDelScan_step6_C2
[17:43:46.495]    DEBUG: <PixTest.cc/efficiencyMaps:L386> Create hist HR_xeff_CalDelScan_step6_C3
[17:43:46.495]    DEBUG: <PixTest.cc/efficiencyMaps:L386> Create hist HR_xeff_CalDelScan_step6_C4
[17:43:46.495]    DEBUG: <PixTest.cc/efficiencyMaps:L386> Create hist HR_xeff_CalDelScan_step6_C5
[17:43:46.495]    DEBUG: <PixTest.cc/efficiencyMaps:L386> Create hist HR_xeff_CalDelScan_step6_C6
[17:43:46.495]    DEBUG: <PixTest.cc/efficiencyMaps:L386> Create hist HR_xeff_CalDelScan_step6_C7
[17:43:46.495]    DEBUG: <PixTest.cc/efficiencyMaps:L386> Create hist HR_xeff_CalDelScan_step6_C8
[17:43:46.495]    DEBUG: <PixTest.cc/efficiencyMaps:L386> Create hist HR_xeff_CalDelScan_step6_C9
[17:43:46.496]    DEBUG: <PixTest.cc/efficiencyMaps:L386> Create hist HR_xeff_CalDelScan_step6_C10
[17:43:46.496]    DEBUG: <PixTest.cc/efficiencyMaps:L386> Create hist HR_xeff_CalDelScan_step6_C11
[17:43:46.496]    DEBUG: <PixTest.cc/efficiencyMaps:L386> Create hist HR_xeff_CalDelScan_step6_C12
[17:43:46.496]    DEBUG: <PixTest.cc/efficiencyMaps:L386> Create hist HR_xeff_CalDelScan_step6_C13
[17:43:46.496]    DEBUG: <PixTest.cc/efficiencyMaps:L386> Create hist HR_xeff_CalDelScan_step6_C14
[17:43:46.496]    DEBUG: <PixTest.cc/efficiencyMaps:L386> Create hist HR_xeff_CalDelScan_step6_C15
[17:43:46.496]    DEBUG: <PixTest.cc/efficiencyMaps:L396> booking xray maps for unmasked detector
[17:43:46.548]    DEBUG: <PixTest.cc/efficiencyMaps:L369>       attempt #0
[17:43:50.078]     INFO: Test took 3530ms.
[17:43:50.304]     INFO: Fetched DAQ statistics. Counters are being reset now.
[17:43:50.304]    DEBUG: <PixTest.cc/efficiencyMaps:L380>  eff result size = 687286
[17:43:50.304]    DEBUG: <PixTest.cc/efficiencyMaps:L386> Create hist HR_xeff_CalDelScan_step7_C0
[17:43:50.304]    DEBUG: <PixTest.cc/efficiencyMaps:L386> Create hist HR_xeff_CalDelScan_step7_C1
[17:43:50.304]    DEBUG: <PixTest.cc/efficiencyMaps:L386> Create hist HR_xeff_CalDelScan_step7_C2
[17:43:50.304]    DEBUG: <PixTest.cc/efficiencyMaps:L386> Create hist HR_xeff_CalDelScan_step7_C3
[17:43:50.304]    DEBUG: <PixTest.cc/efficiencyMaps:L386> Create hist HR_xeff_CalDelScan_step7_C4
[17:43:50.304]    DEBUG: <PixTest.cc/efficiencyMaps:L386> Create hist HR_xeff_CalDelScan_step7_C5
[17:43:50.304]    DEBUG: <PixTest.cc/efficiencyMaps:L386> Create hist HR_xeff_CalDelScan_step7_C6
[17:43:50.304]    DEBUG: <PixTest.cc/efficiencyMaps:L386> Create hist HR_xeff_CalDelScan_step7_C7
[17:43:50.305]    DEBUG: <PixTest.cc/efficiencyMaps:L386> Create hist HR_xeff_CalDelScan_step7_C8
[17:43:50.305]    DEBUG: <PixTest.cc/efficiencyMaps:L386> Create hist HR_xeff_CalDelScan_step7_C9
[17:43:50.305]    DEBUG: <PixTest.cc/efficiencyMaps:L386> Create hist HR_xeff_CalDelScan_step7_C10
[17:43:50.305]    DEBUG: <PixTest.cc/efficiencyMaps:L386> Create hist HR_xeff_CalDelScan_step7_C11
[17:43:50.305]    DEBUG: <PixTest.cc/efficiencyMaps:L386> Create hist HR_xeff_CalDelScan_step7_C12
[17:43:50.305]    DEBUG: <PixTest.cc/efficiencyMaps:L386> Create hist HR_xeff_CalDelScan_step7_C13
[17:43:50.305]    DEBUG: <PixTest.cc/efficiencyMaps:L386> Create hist HR_xeff_CalDelScan_step7_C14
[17:43:50.305]    DEBUG: <PixTest.cc/efficiencyMaps:L386> Create hist HR_xeff_CalDelScan_step7_C15
[17:43:50.305]    DEBUG: <PixTest.cc/efficiencyMaps:L396> booking xray maps for unmasked detector
[17:43:50.357]    DEBUG: <PixTest.cc/efficiencyMaps:L369>       attempt #0
[17:43:53.860]     INFO: Test took 3503ms.
[17:43:54.088]     INFO: Fetched DAQ statistics. Counters are being reset now.
[17:43:54.088]    DEBUG: <PixTest.cc/efficiencyMaps:L380>  eff result size = 689447
[17:43:54.088]    DEBUG: <PixTest.cc/efficiencyMaps:L386> Create hist HR_xeff_CalDelScan_step8_C0
[17:43:54.088]    DEBUG: <PixTest.cc/efficiencyMaps:L386> Create hist HR_xeff_CalDelScan_step8_C1
[17:43:54.088]    DEBUG: <PixTest.cc/efficiencyMaps:L386> Create hist HR_xeff_CalDelScan_step8_C2
[17:43:54.088]    DEBUG: <PixTest.cc/efficiencyMaps:L386> Create hist HR_xeff_CalDelScan_step8_C3
[17:43:54.088]    DEBUG: <PixTest.cc/efficiencyMaps:L386> Create hist HR_xeff_CalDelScan_step8_C4
[17:43:54.088]    DEBUG: <PixTest.cc/efficiencyMaps:L386> Create hist HR_xeff_CalDelScan_step8_C5
[17:43:54.088]    DEBUG: <PixTest.cc/efficiencyMaps:L386> Create hist HR_xeff_CalDelScan_step8_C6
[17:43:54.088]    DEBUG: <PixTest.cc/efficiencyMaps:L386> Create hist HR_xeff_CalDelScan_step8_C7
[17:43:54.088]    DEBUG: <PixTest.cc/efficiencyMaps:L386> Create hist HR_xeff_CalDelScan_step8_C8
[17:43:54.088]    DEBUG: <PixTest.cc/efficiencyMaps:L386> Create hist HR_xeff_CalDelScan_step8_C9
[17:43:54.088]    DEBUG: <PixTest.cc/efficiencyMaps:L386> Create hist HR_xeff_CalDelScan_step8_C10
[17:43:54.088]    DEBUG: <PixTest.cc/efficiencyMaps:L386> Create hist HR_xeff_CalDelScan_step8_C11
[17:43:54.088]    DEBUG: <PixTest.cc/efficiencyMaps:L386> Create hist HR_xeff_CalDelScan_step8_C12
[17:43:54.088]    DEBUG: <PixTest.cc/efficiencyMaps:L386> Create hist HR_xeff_CalDelScan_step8_C13
[17:43:54.088]    DEBUG: <PixTest.cc/efficiencyMaps:L386> Create hist HR_xeff_CalDelScan_step8_C14
[17:43:54.088]    DEBUG: <PixTest.cc/efficiencyMaps:L386> Create hist HR_xeff_CalDelScan_step8_C15
[17:43:54.088]    DEBUG: <PixTest.cc/efficiencyMaps:L396> booking xray maps for unmasked detector
[17:43:54.141]    DEBUG: <PixTest.cc/efficiencyMaps:L369>       attempt #0
[17:43:57.667]     INFO: Test took 3526ms.
[17:43:57.894]     INFO: Fetched DAQ statistics. Counters are being reset now.
[17:43:57.895]    DEBUG: <PixTest.cc/efficiencyMaps:L380>  eff result size = 688770
[17:43:57.895]    DEBUG: <PixTest.cc/efficiencyMaps:L386> Create hist HR_xeff_CalDelScan_step9_C0
[17:43:57.895]    DEBUG: <PixTest.cc/efficiencyMaps:L386> Create hist HR_xeff_CalDelScan_step9_C1
[17:43:57.895]    DEBUG: <PixTest.cc/efficiencyMaps:L386> Create hist HR_xeff_CalDelScan_step9_C2
[17:43:57.895]    DEBUG: <PixTest.cc/efficiencyMaps:L386> Create hist HR_xeff_CalDelScan_step9_C3
[17:43:57.895]    DEBUG: <PixTest.cc/efficiencyMaps:L386> Create hist HR_xeff_CalDelScan_step9_C4
[17:43:57.895]    DEBUG: <PixTest.cc/efficiencyMaps:L386> Create hist HR_xeff_CalDelScan_step9_C5
[17:43:57.895]    DEBUG: <PixTest.cc/efficiencyMaps:L386> Create hist HR_xeff_CalDelScan_step9_C6
[17:43:57.895]    DEBUG: <PixTest.cc/efficiencyMaps:L386> Create hist HR_xeff_CalDelScan_step9_C7
[17:43:57.895]    DEBUG: <PixTest.cc/efficiencyMaps:L386> Create hist HR_xeff_CalDelScan_step9_C8
[17:43:57.895]    DEBUG: <PixTest.cc/efficiencyMaps:L386> Create hist HR_xeff_CalDelScan_step9_C9
[17:43:57.895]    DEBUG: <PixTest.cc/efficiencyMaps:L386> Create hist HR_xeff_CalDelScan_step9_C10
[17:43:57.895]    DEBUG: <PixTest.cc/efficiencyMaps:L386> Create hist HR_xeff_CalDelScan_step9_C11
[17:43:57.895]    DEBUG: <PixTest.cc/efficiencyMaps:L386> Create hist HR_xeff_CalDelScan_step9_C12
[17:43:57.895]    DEBUG: <PixTest.cc/efficiencyMaps:L386> Create hist HR_xeff_CalDelScan_step9_C13
[17:43:57.895]    DEBUG: <PixTest.cc/efficiencyMaps:L386> Create hist HR_xeff_CalDelScan_step9_C14
[17:43:57.895]    DEBUG: <PixTest.cc/efficiencyMaps:L386> Create hist HR_xeff_CalDelScan_step9_C15
[17:43:57.895]    DEBUG: <PixTest.cc/efficiencyMaps:L396> booking xray maps for unmasked detector
[17:43:57.947]    DEBUG: <PixTest.cc/efficiencyMaps:L369>       attempt #0
[17:44:01.484]     INFO: Test took 3537ms.
[17:44:01.711]     INFO: Fetched DAQ statistics. Counters are being reset now.
[17:44:01.711]    DEBUG: <PixTest.cc/efficiencyMaps:L380>  eff result size = 689135
[17:44:01.711]    DEBUG: <PixTest.cc/efficiencyMaps:L386> Create hist HR_xeff_CalDelScan_step10_C0
[17:44:01.711]    DEBUG: <PixTest.cc/efficiencyMaps:L386> Create hist HR_xeff_CalDelScan_step10_C1
[17:44:01.711]    DEBUG: <PixTest.cc/efficiencyMaps:L386> Create hist HR_xeff_CalDelScan_step10_C2
[17:44:01.711]    DEBUG: <PixTest.cc/efficiencyMaps:L386> Create hist HR_xeff_CalDelScan_step10_C3
[17:44:01.711]    DEBUG: <PixTest.cc/efficiencyMaps:L386> Create hist HR_xeff_CalDelScan_step10_C4
[17:44:01.711]    DEBUG: <PixTest.cc/efficiencyMaps:L386> Create hist HR_xeff_CalDelScan_step10_C5
[17:44:01.711]    DEBUG: <PixTest.cc/efficiencyMaps:L386> Create hist HR_xeff_CalDelScan_step10_C6
[17:44:01.711]    DEBUG: <PixTest.cc/efficiencyMaps:L386> Create hist HR_xeff_CalDelScan_step10_C7
[17:44:01.711]    DEBUG: <PixTest.cc/efficiencyMaps:L386> Create hist HR_xeff_CalDelScan_step10_C8
[17:44:01.711]    DEBUG: <PixTest.cc/efficiencyMaps:L386> Create hist HR_xeff_CalDelScan_step10_C9
[17:44:01.711]    DEBUG: <PixTest.cc/efficiencyMaps:L386> Create hist HR_xeff_CalDelScan_step10_C10
[17:44:01.711]    DEBUG: <PixTest.cc/efficiencyMaps:L386> Create hist HR_xeff_CalDelScan_step10_C11
[17:44:01.711]    DEBUG: <PixTest.cc/efficiencyMaps:L386> Create hist HR_xeff_CalDelScan_step10_C12
[17:44:01.711]    DEBUG: <PixTest.cc/efficiencyMaps:L386> Create hist HR_xeff_CalDelScan_step10_C13
[17:44:01.711]    DEBUG: <PixTest.cc/efficiencyMaps:L386> Create hist HR_xeff_CalDelScan_step10_C14
[17:44:01.711]    DEBUG: <PixTest.cc/efficiencyMaps:L386> Create hist HR_xeff_CalDelScan_step10_C15
[17:44:01.711]    DEBUG: <PixTest.cc/efficiencyMaps:L396> booking xray maps for unmasked detector
[17:44:01.764]    DEBUG: <PixTest.cc/efficiencyMaps:L369>       attempt #0
[17:44:05.280]     INFO: Test took 3516ms.
[17:44:05.509]     INFO: Fetched DAQ statistics. Counters are being reset now.
[17:44:05.509]    DEBUG: <PixTest.cc/efficiencyMaps:L380>  eff result size = 687272
[17:44:05.509]    DEBUG: <PixTest.cc/efficiencyMaps:L386> Create hist HR_xeff_CalDelScan_step11_C0
[17:44:05.509]    DEBUG: <PixTest.cc/efficiencyMaps:L386> Create hist HR_xeff_CalDelScan_step11_C1
[17:44:05.509]    DEBUG: <PixTest.cc/efficiencyMaps:L386> Create hist HR_xeff_CalDelScan_step11_C2
[17:44:05.509]    DEBUG: <PixTest.cc/efficiencyMaps:L386> Create hist HR_xeff_CalDelScan_step11_C3
[17:44:05.509]    DEBUG: <PixTest.cc/efficiencyMaps:L386> Create hist HR_xeff_CalDelScan_step11_C4
[17:44:05.509]    DEBUG: <PixTest.cc/efficiencyMaps:L386> Create hist HR_xeff_CalDelScan_step11_C5
[17:44:05.509]    DEBUG: <PixTest.cc/efficiencyMaps:L386> Create hist HR_xeff_CalDelScan_step11_C6
[17:44:05.509]    DEBUG: <PixTest.cc/efficiencyMaps:L386> Create hist HR_xeff_CalDelScan_step11_C7
[17:44:05.509]    DEBUG: <PixTest.cc/efficiencyMaps:L386> Create hist HR_xeff_CalDelScan_step11_C8
[17:44:05.509]    DEBUG: <PixTest.cc/efficiencyMaps:L386> Create hist HR_xeff_CalDelScan_step11_C9
[17:44:05.510]    DEBUG: <PixTest.cc/efficiencyMaps:L386> Create hist HR_xeff_CalDelScan_step11_C10
[17:44:05.510]    DEBUG: <PixTest.cc/efficiencyMaps:L386> Create hist HR_xeff_CalDelScan_step11_C11
[17:44:05.510]    DEBUG: <PixTest.cc/efficiencyMaps:L386> Create hist HR_xeff_CalDelScan_step11_C12
[17:44:05.510]    DEBUG: <PixTest.cc/efficiencyMaps:L386> Create hist HR_xeff_CalDelScan_step11_C13
[17:44:05.510]    DEBUG: <PixTest.cc/efficiencyMaps:L386> Create hist HR_xeff_CalDelScan_step11_C14
[17:44:05.510]    DEBUG: <PixTest.cc/efficiencyMaps:L386> Create hist HR_xeff_CalDelScan_step11_C15
[17:44:05.510]    DEBUG: <PixTest.cc/efficiencyMaps:L396> booking xray maps for unmasked detector
[17:44:05.563]    DEBUG: <PixTest.cc/efficiencyMaps:L369>       attempt #0
[17:44:09.092]     INFO: Test took 3529ms.
[17:44:09.318]     INFO: Fetched DAQ statistics. Counters are being reset now.
[17:44:09.318]    DEBUG: <PixTest.cc/efficiencyMaps:L380>  eff result size = 687576
[17:44:09.318]    DEBUG: <PixTest.cc/efficiencyMaps:L386> Create hist HR_xeff_CalDelScan_step12_C0
[17:44:09.318]    DEBUG: <PixTest.cc/efficiencyMaps:L386> Create hist HR_xeff_CalDelScan_step12_C1
[17:44:09.318]    DEBUG: <PixTest.cc/efficiencyMaps:L386> Create hist HR_xeff_CalDelScan_step12_C2
[17:44:09.318]    DEBUG: <PixTest.cc/efficiencyMaps:L386> Create hist HR_xeff_CalDelScan_step12_C3
[17:44:09.318]    DEBUG: <PixTest.cc/efficiencyMaps:L386> Create hist HR_xeff_CalDelScan_step12_C4
[17:44:09.318]    DEBUG: <PixTest.cc/efficiencyMaps:L386> Create hist HR_xeff_CalDelScan_step12_C5
[17:44:09.318]    DEBUG: <PixTest.cc/efficiencyMaps:L386> Create hist HR_xeff_CalDelScan_step12_C6
[17:44:09.318]    DEBUG: <PixTest.cc/efficiencyMaps:L386> Create hist HR_xeff_CalDelScan_step12_C7
[17:44:09.318]    DEBUG: <PixTest.cc/efficiencyMaps:L386> Create hist HR_xeff_CalDelScan_step12_C8
[17:44:09.318]    DEBUG: <PixTest.cc/efficiencyMaps:L386> Create hist HR_xeff_CalDelScan_step12_C9
[17:44:09.318]    DEBUG: <PixTest.cc/efficiencyMaps:L386> Create hist HR_xeff_CalDelScan_step12_C10
[17:44:09.318]    DEBUG: <PixTest.cc/efficiencyMaps:L386> Create hist HR_xeff_CalDelScan_step12_C11
[17:44:09.318]    DEBUG: <PixTest.cc/efficiencyMaps:L386> Create hist HR_xeff_CalDelScan_step12_C12
[17:44:09.318]    DEBUG: <PixTest.cc/efficiencyMaps:L386> Create hist HR_xeff_CalDelScan_step12_C13
[17:44:09.318]    DEBUG: <PixTest.cc/efficiencyMaps:L386> Create hist HR_xeff_CalDelScan_step12_C14
[17:44:09.318]    DEBUG: <PixTest.cc/efficiencyMaps:L386> Create hist HR_xeff_CalDelScan_step12_C15
[17:44:09.318]    DEBUG: <PixTest.cc/efficiencyMaps:L396> booking xray maps for unmasked detector
[17:44:09.370]    DEBUG: <PixTest.cc/efficiencyMaps:L369>       attempt #0
[17:44:12.881]     INFO: Test took 3511ms.
[17:44:13.109]     INFO: Fetched DAQ statistics. Counters are being reset now.
[17:44:13.109]    DEBUG: <PixTest.cc/efficiencyMaps:L380>  eff result size = 689382
[17:44:13.110]    DEBUG: <PixTest.cc/efficiencyMaps:L386> Create hist HR_xeff_CalDelScan_step13_C0
[17:44:13.110]    DEBUG: <PixTest.cc/efficiencyMaps:L386> Create hist HR_xeff_CalDelScan_step13_C1
[17:44:13.110]    DEBUG: <PixTest.cc/efficiencyMaps:L386> Create hist HR_xeff_CalDelScan_step13_C2
[17:44:13.110]    DEBUG: <PixTest.cc/efficiencyMaps:L386> Create hist HR_xeff_CalDelScan_step13_C3
[17:44:13.110]    DEBUG: <PixTest.cc/efficiencyMaps:L386> Create hist HR_xeff_CalDelScan_step13_C4
[17:44:13.110]    DEBUG: <PixTest.cc/efficiencyMaps:L386> Create hist HR_xeff_CalDelScan_step13_C5
[17:44:13.110]    DEBUG: <PixTest.cc/efficiencyMaps:L386> Create hist HR_xeff_CalDelScan_step13_C6
[17:44:13.110]    DEBUG: <PixTest.cc/efficiencyMaps:L386> Create hist HR_xeff_CalDelScan_step13_C7
[17:44:13.110]    DEBUG: <PixTest.cc/efficiencyMaps:L386> Create hist HR_xeff_CalDelScan_step13_C8
[17:44:13.110]    DEBUG: <PixTest.cc/efficiencyMaps:L386> Create hist HR_xeff_CalDelScan_step13_C9
[17:44:13.110]    DEBUG: <PixTest.cc/efficiencyMaps:L386> Create hist HR_xeff_CalDelScan_step13_C10
[17:44:13.110]    DEBUG: <PixTest.cc/efficiencyMaps:L386> Create hist HR_xeff_CalDelScan_step13_C11
[17:44:13.110]    DEBUG: <PixTest.cc/efficiencyMaps:L386> Create hist HR_xeff_CalDelScan_step13_C12
[17:44:13.110]    DEBUG: <PixTest.cc/efficiencyMaps:L386> Create hist HR_xeff_CalDelScan_step13_C13
[17:44:13.110]    DEBUG: <PixTest.cc/efficiencyMaps:L386> Create hist HR_xeff_CalDelScan_step13_C14
[17:44:13.110]    DEBUG: <PixTest.cc/efficiencyMaps:L386> Create hist HR_xeff_CalDelScan_step13_C15
[17:44:13.110]    DEBUG: <PixTest.cc/efficiencyMaps:L396> booking xray maps for unmasked detector
[17:44:13.164]    DEBUG: <PixTest.cc/efficiencyMaps:L369>       attempt #0
[17:44:16.676]     INFO: Test took 3512ms.
[17:44:16.904]     INFO: Fetched DAQ statistics. Counters are being reset now.
[17:44:16.904]    DEBUG: <PixTest.cc/efficiencyMaps:L380>  eff result size = 689418
[17:44:16.904]    DEBUG: <PixTest.cc/efficiencyMaps:L386> Create hist HR_xeff_CalDelScan_step14_C0
[17:44:16.904]    DEBUG: <PixTest.cc/efficiencyMaps:L386> Create hist HR_xeff_CalDelScan_step14_C1
[17:44:16.904]    DEBUG: <PixTest.cc/efficiencyMaps:L386> Create hist HR_xeff_CalDelScan_step14_C2
[17:44:16.904]    DEBUG: <PixTest.cc/efficiencyMaps:L386> Create hist HR_xeff_CalDelScan_step14_C3
[17:44:16.904]    DEBUG: <PixTest.cc/efficiencyMaps:L386> Create hist HR_xeff_CalDelScan_step14_C4
[17:44:16.904]    DEBUG: <PixTest.cc/efficiencyMaps:L386> Create hist HR_xeff_CalDelScan_step14_C5
[17:44:16.904]    DEBUG: <PixTest.cc/efficiencyMaps:L386> Create hist HR_xeff_CalDelScan_step14_C6
[17:44:16.904]    DEBUG: <PixTest.cc/efficiencyMaps:L386> Create hist HR_xeff_CalDelScan_step14_C7
[17:44:16.905]    DEBUG: <PixTest.cc/efficiencyMaps:L386> Create hist HR_xeff_CalDelScan_step14_C8
[17:44:16.905]    DEBUG: <PixTest.cc/efficiencyMaps:L386> Create hist HR_xeff_CalDelScan_step14_C9
[17:44:16.905]    DEBUG: <PixTest.cc/efficiencyMaps:L386> Create hist HR_xeff_CalDelScan_step14_C10
[17:44:16.905]    DEBUG: <PixTest.cc/efficiencyMaps:L386> Create hist HR_xeff_CalDelScan_step14_C11
[17:44:16.905]    DEBUG: <PixTest.cc/efficiencyMaps:L386> Create hist HR_xeff_CalDelScan_step14_C12
[17:44:16.905]    DEBUG: <PixTest.cc/efficiencyMaps:L386> Create hist HR_xeff_CalDelScan_step14_C13
[17:44:16.905]    DEBUG: <PixTest.cc/efficiencyMaps:L386> Create hist HR_xeff_CalDelScan_step14_C14
[17:44:16.905]    DEBUG: <PixTest.cc/efficiencyMaps:L386> Create hist HR_xeff_CalDelScan_step14_C15
[17:44:16.905]    DEBUG: <PixTest.cc/efficiencyMaps:L396> booking xray maps for unmasked detector
[17:44:16.957]    DEBUG: <PixTest.cc/efficiencyMaps:L369>       attempt #0
[17:44:20.476]     INFO: Test took 3519ms.
[17:44:20.703]     INFO: Fetched DAQ statistics. Counters are being reset now.
[17:44:20.703]    DEBUG: <PixTest.cc/efficiencyMaps:L380>  eff result size = 688324
[17:44:20.703]    DEBUG: <PixTest.cc/efficiencyMaps:L386> Create hist HR_xeff_CalDelScan_step15_C0
[17:44:20.703]    DEBUG: <PixTest.cc/efficiencyMaps:L386> Create hist HR_xeff_CalDelScan_step15_C1
[17:44:20.703]    DEBUG: <PixTest.cc/efficiencyMaps:L386> Create hist HR_xeff_CalDelScan_step15_C2
[17:44:20.703]    DEBUG: <PixTest.cc/efficiencyMaps:L386> Create hist HR_xeff_CalDelScan_step15_C3
[17:44:20.703]    DEBUG: <PixTest.cc/efficiencyMaps:L386> Create hist HR_xeff_CalDelScan_step15_C4
[17:44:20.703]    DEBUG: <PixTest.cc/efficiencyMaps:L386> Create hist HR_xeff_CalDelScan_step15_C5
[17:44:20.703]    DEBUG: <PixTest.cc/efficiencyMaps:L386> Create hist HR_xeff_CalDelScan_step15_C6
[17:44:20.703]    DEBUG: <PixTest.cc/efficiencyMaps:L386> Create hist HR_xeff_CalDelScan_step15_C7
[17:44:20.703]    DEBUG: <PixTest.cc/efficiencyMaps:L386> Create hist HR_xeff_CalDelScan_step15_C8
[17:44:20.703]    DEBUG: <PixTest.cc/efficiencyMaps:L386> Create hist HR_xeff_CalDelScan_step15_C9
[17:44:20.703]    DEBUG: <PixTest.cc/efficiencyMaps:L386> Create hist HR_xeff_CalDelScan_step15_C10
[17:44:20.703]    DEBUG: <PixTest.cc/efficiencyMaps:L386> Create hist HR_xeff_CalDelScan_step15_C11
[17:44:20.703]    DEBUG: <PixTest.cc/efficiencyMaps:L386> Create hist HR_xeff_CalDelScan_step15_C12
[17:44:20.703]    DEBUG: <PixTest.cc/efficiencyMaps:L386> Create hist HR_xeff_CalDelScan_step15_C13
[17:44:20.703]    DEBUG: <PixTest.cc/efficiencyMaps:L386> Create hist HR_xeff_CalDelScan_step15_C14
[17:44:20.703]    DEBUG: <PixTest.cc/efficiencyMaps:L386> Create hist HR_xeff_CalDelScan_step15_C15
[17:44:20.703]    DEBUG: <PixTest.cc/efficiencyMaps:L396> booking xray maps for unmasked detector
[17:44:20.756]    DEBUG: <PixTest.cc/efficiencyMaps:L369>       attempt #0
[17:44:24.278]     INFO: Test took 3522ms.
[17:44:24.507]     INFO: Fetched DAQ statistics. Counters are being reset now.
[17:44:24.508]    DEBUG: <PixTest.cc/efficiencyMaps:L380>  eff result size = 689703
[17:44:24.508]    DEBUG: <PixTest.cc/efficiencyMaps:L386> Create hist HR_xeff_CalDelScan_step16_C0
[17:44:24.508]    DEBUG: <PixTest.cc/efficiencyMaps:L386> Create hist HR_xeff_CalDelScan_step16_C1
[17:44:24.508]    DEBUG: <PixTest.cc/efficiencyMaps:L386> Create hist HR_xeff_CalDelScan_step16_C2
[17:44:24.508]    DEBUG: <PixTest.cc/efficiencyMaps:L386> Create hist HR_xeff_CalDelScan_step16_C3
[17:44:24.508]    DEBUG: <PixTest.cc/efficiencyMaps:L386> Create hist HR_xeff_CalDelScan_step16_C4
[17:44:24.508]    DEBUG: <PixTest.cc/efficiencyMaps:L386> Create hist HR_xeff_CalDelScan_step16_C5
[17:44:24.508]    DEBUG: <PixTest.cc/efficiencyMaps:L386> Create hist HR_xeff_CalDelScan_step16_C6
[17:44:24.508]    DEBUG: <PixTest.cc/efficiencyMaps:L386> Create hist HR_xeff_CalDelScan_step16_C7
[17:44:24.508]    DEBUG: <PixTest.cc/efficiencyMaps:L386> Create hist HR_xeff_CalDelScan_step16_C8
[17:44:24.508]    DEBUG: <PixTest.cc/efficiencyMaps:L386> Create hist HR_xeff_CalDelScan_step16_C9
[17:44:24.508]    DEBUG: <PixTest.cc/efficiencyMaps:L386> Create hist HR_xeff_CalDelScan_step16_C10
[17:44:24.508]    DEBUG: <PixTest.cc/efficiencyMaps:L386> Create hist HR_xeff_CalDelScan_step16_C11
[17:44:24.508]    DEBUG: <PixTest.cc/efficiencyMaps:L386> Create hist HR_xeff_CalDelScan_step16_C12
[17:44:24.508]    DEBUG: <PixTest.cc/efficiencyMaps:L386> Create hist HR_xeff_CalDelScan_step16_C13
[17:44:24.508]    DEBUG: <PixTest.cc/efficiencyMaps:L386> Create hist HR_xeff_CalDelScan_step16_C14
[17:44:24.508]    DEBUG: <PixTest.cc/efficiencyMaps:L386> Create hist HR_xeff_CalDelScan_step16_C15
[17:44:24.508]    DEBUG: <PixTest.cc/efficiencyMaps:L396> booking xray maps for unmasked detector
[17:44:24.561]    DEBUG: <PixTest.cc/efficiencyMaps:L369>       attempt #0
[17:44:28.107]     INFO: Test took 3546ms.
[17:44:28.334]     INFO: Fetched DAQ statistics. Counters are being reset now.
[17:44:28.334]    DEBUG: <PixTest.cc/efficiencyMaps:L380>  eff result size = 689471
[17:44:28.334]    DEBUG: <PixTest.cc/efficiencyMaps:L386> Create hist HR_xeff_CalDelScan_step17_C0
[17:44:28.334]    DEBUG: <PixTest.cc/efficiencyMaps:L386> Create hist HR_xeff_CalDelScan_step17_C1
[17:44:28.334]    DEBUG: <PixTest.cc/efficiencyMaps:L386> Create hist HR_xeff_CalDelScan_step17_C2
[17:44:28.334]    DEBUG: <PixTest.cc/efficiencyMaps:L386> Create hist HR_xeff_CalDelScan_step17_C3
[17:44:28.334]    DEBUG: <PixTest.cc/efficiencyMaps:L386> Create hist HR_xeff_CalDelScan_step17_C4
[17:44:28.334]    DEBUG: <PixTest.cc/efficiencyMaps:L386> Create hist HR_xeff_CalDelScan_step17_C5
[17:44:28.334]    DEBUG: <PixTest.cc/efficiencyMaps:L386> Create hist HR_xeff_CalDelScan_step17_C6
[17:44:28.334]    DEBUG: <PixTest.cc/efficiencyMaps:L386> Create hist HR_xeff_CalDelScan_step17_C7
[17:44:28.334]    DEBUG: <PixTest.cc/efficiencyMaps:L386> Create hist HR_xeff_CalDelScan_step17_C8
[17:44:28.334]    DEBUG: <PixTest.cc/efficiencyMaps:L386> Create hist HR_xeff_CalDelScan_step17_C9
[17:44:28.334]    DEBUG: <PixTest.cc/efficiencyMaps:L386> Create hist HR_xeff_CalDelScan_step17_C10
[17:44:28.334]    DEBUG: <PixTest.cc/efficiencyMaps:L386> Create hist HR_xeff_CalDelScan_step17_C11
[17:44:28.334]    DEBUG: <PixTest.cc/efficiencyMaps:L386> Create hist HR_xeff_CalDelScan_step17_C12
[17:44:28.334]    DEBUG: <PixTest.cc/efficiencyMaps:L386> Create hist HR_xeff_CalDelScan_step17_C13
[17:44:28.335]    DEBUG: <PixTest.cc/efficiencyMaps:L386> Create hist HR_xeff_CalDelScan_step17_C14
[17:44:28.335]    DEBUG: <PixTest.cc/efficiencyMaps:L386> Create hist HR_xeff_CalDelScan_step17_C15
[17:44:28.335]    DEBUG: <PixTest.cc/efficiencyMaps:L396> booking xray maps for unmasked detector
[17:44:28.387]    DEBUG: <PixTest.cc/efficiencyMaps:L369>       attempt #0
[17:44:31.857]     INFO: Test took 3470ms.
[17:44:32.082]     INFO: Fetched DAQ statistics. Counters are being reset now.
[17:44:32.083]    DEBUG: <PixTest.cc/efficiencyMaps:L380>  eff result size = 685305
[17:44:32.083]    DEBUG: <PixTest.cc/efficiencyMaps:L386> Create hist HR_xeff_CalDelScan_step18_C0
[17:44:32.083]    DEBUG: <PixTest.cc/efficiencyMaps:L386> Create hist HR_xeff_CalDelScan_step18_C1
[17:44:32.083]    DEBUG: <PixTest.cc/efficiencyMaps:L386> Create hist HR_xeff_CalDelScan_step18_C2
[17:44:32.083]    DEBUG: <PixTest.cc/efficiencyMaps:L386> Create hist HR_xeff_CalDelScan_step18_C3
[17:44:32.083]    DEBUG: <PixTest.cc/efficiencyMaps:L386> Create hist HR_xeff_CalDelScan_step18_C4
[17:44:32.083]    DEBUG: <PixTest.cc/efficiencyMaps:L386> Create hist HR_xeff_CalDelScan_step18_C5
[17:44:32.083]    DEBUG: <PixTest.cc/efficiencyMaps:L386> Create hist HR_xeff_CalDelScan_step18_C6
[17:44:32.083]    DEBUG: <PixTest.cc/efficiencyMaps:L386> Create hist HR_xeff_CalDelScan_step18_C7
[17:44:32.083]    DEBUG: <PixTest.cc/efficiencyMaps:L386> Create hist HR_xeff_CalDelScan_step18_C8
[17:44:32.083]    DEBUG: <PixTest.cc/efficiencyMaps:L386> Create hist HR_xeff_CalDelScan_step18_C9
[17:44:32.083]    DEBUG: <PixTest.cc/efficiencyMaps:L386> Create hist HR_xeff_CalDelScan_step18_C10
[17:44:32.083]    DEBUG: <PixTest.cc/efficiencyMaps:L386> Create hist HR_xeff_CalDelScan_step18_C11
[17:44:32.083]    DEBUG: <PixTest.cc/efficiencyMaps:L386> Create hist HR_xeff_CalDelScan_step18_C12
[17:44:32.083]    DEBUG: <PixTest.cc/efficiencyMaps:L386> Create hist HR_xeff_CalDelScan_step18_C13
[17:44:32.083]    DEBUG: <PixTest.cc/efficiencyMaps:L386> Create hist HR_xeff_CalDelScan_step18_C14
[17:44:32.083]    DEBUG: <PixTest.cc/efficiencyMaps:L386> Create hist HR_xeff_CalDelScan_step18_C15
[17:44:32.083]    DEBUG: <PixTest.cc/efficiencyMaps:L396> booking xray maps for unmasked detector
[17:44:32.135]    DEBUG: <PixTest.cc/efficiencyMaps:L369>       attempt #0
[17:44:35.459]     INFO: Test took 3324ms.
[17:44:35.673]     INFO: Fetched DAQ statistics. Counters are being reset now.
[17:44:35.673]    DEBUG: <PixTest.cc/efficiencyMaps:L380>  eff result size = 678773
[17:44:35.673]    DEBUG: <PixTest.cc/efficiencyMaps:L386> Create hist HR_xeff_CalDelScan_step19_C0
[17:44:35.673]    DEBUG: <PixTest.cc/efficiencyMaps:L386> Create hist HR_xeff_CalDelScan_step19_C1
[17:44:35.673]    DEBUG: <PixTest.cc/efficiencyMaps:L386> Create hist HR_xeff_CalDelScan_step19_C2
[17:44:35.673]    DEBUG: <PixTest.cc/efficiencyMaps:L386> Create hist HR_xeff_CalDelScan_step19_C3
[17:44:35.673]    DEBUG: <PixTest.cc/efficiencyMaps:L386> Create hist HR_xeff_CalDelScan_step19_C4
[17:44:35.673]    DEBUG: <PixTest.cc/efficiencyMaps:L386> Create hist HR_xeff_CalDelScan_step19_C5
[17:44:35.673]    DEBUG: <PixTest.cc/efficiencyMaps:L386> Create hist HR_xeff_CalDelScan_step19_C6
[17:44:35.673]    DEBUG: <PixTest.cc/efficiencyMaps:L386> Create hist HR_xeff_CalDelScan_step19_C7
[17:44:35.673]    DEBUG: <PixTest.cc/efficiencyMaps:L386> Create hist HR_xeff_CalDelScan_step19_C8
[17:44:35.673]    DEBUG: <PixTest.cc/efficiencyMaps:L386> Create hist HR_xeff_CalDelScan_step19_C9
[17:44:35.673]    DEBUG: <PixTest.cc/efficiencyMaps:L386> Create hist HR_xeff_CalDelScan_step19_C10
[17:44:35.674]    DEBUG: <PixTest.cc/efficiencyMaps:L386> Create hist HR_xeff_CalDelScan_step19_C11
[17:44:35.674]    DEBUG: <PixTest.cc/efficiencyMaps:L386> Create hist HR_xeff_CalDelScan_step19_C12
[17:44:35.674]    DEBUG: <PixTest.cc/efficiencyMaps:L386> Create hist HR_xeff_CalDelScan_step19_C13
[17:44:35.674]    DEBUG: <PixTest.cc/efficiencyMaps:L386> Create hist HR_xeff_CalDelScan_step19_C14
[17:44:35.674]    DEBUG: <PixTest.cc/efficiencyMaps:L386> Create hist HR_xeff_CalDelScan_step19_C15
[17:44:35.674]    DEBUG: <PixTest.cc/efficiencyMaps:L396> booking xray maps for unmasked detector
[17:44:35.951]    DEBUG: <PixTestHighRate.cc/doCalDelScan:L397> roc  0: caldel = 124 eff = 0.99988
[17:44:35.951]    DEBUG: <PixTestHighRate.cc/doCalDelScan:L397> roc  1: caldel = 132 eff = 0.999423
[17:44:35.951]    DEBUG: <PixTestHighRate.cc/doCalDelScan:L397> roc  2: caldel = 126 eff = 0.998029
[17:44:35.951]    DEBUG: <PixTestHighRate.cc/doCalDelScan:L397> roc  3: caldel = 149 eff = 0.997284
[17:44:35.951]    DEBUG: <PixTestHighRate.cc/doCalDelScan:L397> roc  4: caldel = 151 eff = 0.99613
[17:44:35.951]    DEBUG: <PixTestHighRate.cc/doCalDelScan:L397> roc  5: caldel = 116 eff = 0.996058
[17:44:35.952]    DEBUG: <PixTestHighRate.cc/doCalDelScan:L397> roc  6: caldel = 142 eff = 0.995192
[17:44:35.952]    DEBUG: <PixTestHighRate.cc/doCalDelScan:L397> roc  7: caldel = 133 eff = 0.998197
[17:44:35.952]    DEBUG: <PixTestHighRate.cc/doCalDelScan:L397> roc  8: caldel = 118 eff = 0.998317
[17:44:35.952]    DEBUG: <PixTestHighRate.cc/doCalDelScan:L397> roc  9: caldel = 119 eff = 0.996058
[17:44:35.952]    DEBUG: <PixTestHighRate.cc/doCalDelScan:L397> roc 10: caldel = 127 eff = 0.996755
[17:44:35.952]    DEBUG: <PixTestHighRate.cc/doCalDelScan:L397> roc 11: caldel = 135 eff = 0.996779
[17:44:35.952]    DEBUG: <PixTestHighRate.cc/doCalDelScan:L397> roc 12: caldel = 133 eff = 0.995986
[17:44:35.952]    DEBUG: <PixTestHighRate.cc/doCalDelScan:L397> roc 13: caldel = 116 eff = 0.998101
[17:44:35.953]    DEBUG: <PixTestHighRate.cc/doCalDelScan:L397> roc 14: caldel = 116 eff = 0.999375
[17:44:35.953]    DEBUG: <PixTestHighRate.cc/doCalDelScan:L397> roc 15: caldel = 130 eff = 0.999808
[17:44:35.985]     INFO:    ----------------------------------------------------------------------
[17:44:35.985]     INFO:    PixTestHighRate::xPixelAlive() ntrig = 50, vcal = 200
[17:44:35.985]     INFO:    ----------------------------------------------------------------------
[17:44:35.986]    DEBUG: <PixTestHighRate.cc/doXPixelAlive:L425>  old set: clk: 4
[17:44:35.986]    DEBUG: <PixTestHighRate.cc/doXPixelAlive:L425>  old set: ctr: 4
[17:44:35.986]    DEBUG: <PixTestHighRate.cc/doXPixelAlive:L425>  old set: sda: 19
[17:44:35.986]    DEBUG: <PixTestHighRate.cc/doXPixelAlive:L425>  old set: tin: 9
[17:44:35.986]    DEBUG: <PixTestHighRate.cc/doXPixelAlive:L425>  old set: level: 15
[17:44:35.986]    DEBUG: <PixTestHighRate.cc/doXPixelAlive:L425>  old set: triggerdelay: 0
[17:44:35.986]    DEBUG: <PixTestHighRate.cc/doXPixelAlive:L441>  setting: clk: 4
[17:44:35.986]    DEBUG: <PixTestHighRate.cc/doXPixelAlive:L441>  setting: ctr: 4
[17:44:35.986]    DEBUG: <PixTestHighRate.cc/doXPixelAlive:L441>  setting: sda: 19
[17:44:35.986]    DEBUG: <PixTestHighRate.cc/doXPixelAlive:L441>  setting: tin: 9
[17:44:35.986]    DEBUG: <PixTestHighRate.cc/doXPixelAlive:L441>  setting: level: 15
[17:44:35.986]    DEBUG: <PixTestHighRate.cc/doXPixelAlive:L441>  setting: triggerdelay: 100
[17:44:36.012]     INFO:       reading data/crosscalibrate_UNLconfig/defaultMaskFile.dat
[17:44:36.012]    DEBUG: <PixTest.cc/efficiencyMaps:L369>       attempt #0
[17:44:52.092]     INFO: Test took 16080ms.
[17:44:53.850]     INFO: Fetched DAQ statistics. Counters are being reset now.
[17:44:53.850]    DEBUG: <PixTest.cc/efficiencyMaps:L380>  eff result size = 3154514
[17:44:53.850]    DEBUG: <PixTest.cc/efficiencyMaps:L386> Create hist highRate_C0
[17:44:53.850]    DEBUG: <PixTest.cc/efficiencyMaps:L386> Create hist highRate_C1
[17:44:53.850]    DEBUG: <PixTest.cc/efficiencyMaps:L386> Create hist highRate_C2
[17:44:53.850]    DEBUG: <PixTest.cc/efficiencyMaps:L386> Create hist highRate_C3
[17:44:53.851]    DEBUG: <PixTest.cc/efficiencyMaps:L386> Create hist highRate_C4
[17:44:53.851]    DEBUG: <PixTest.cc/efficiencyMaps:L386> Create hist highRate_C5
[17:44:53.851]    DEBUG: <PixTest.cc/efficiencyMaps:L386> Create hist highRate_C6
[17:44:53.851]    DEBUG: <PixTest.cc/efficiencyMaps:L386> Create hist highRate_C7
[17:44:53.851]    DEBUG: <PixTest.cc/efficiencyMaps:L386> Create hist highRate_C8
[17:44:53.851]    DEBUG: <PixTest.cc/efficiencyMaps:L386> Create hist highRate_C9
[17:44:53.851]    DEBUG: <PixTest.cc/efficiencyMaps:L386> Create hist highRate_C10
[17:44:53.851]    DEBUG: <PixTest.cc/efficiencyMaps:L386> Create hist highRate_C11
[17:44:53.851]    DEBUG: <PixTest.cc/efficiencyMaps:L386> Create hist highRate_C12
[17:44:53.851]    DEBUG: <PixTest.cc/efficiencyMaps:L386> Create hist highRate_C13
[17:44:53.851]    DEBUG: <PixTest.cc/efficiencyMaps:L386> Create hist highRate_C14
[17:44:53.851]    DEBUG: <PixTest.cc/efficiencyMaps:L386> Create hist highRate_C15
[17:44:53.851]    DEBUG: <PixTest.cc/efficiencyMaps:L396> booking xray maps for unmasked detector
[17:44:54.277]     INFO: number of dead pixels (per ROC):     0    0    0    0    0    0    0    0    0    0    1    0    2    0    0    0
[17:44:54.277]     INFO: number of red-efficiency pixels:    42  160  380  604  745  939  988  377  361  822  699  658  764  434  207   57
[17:44:54.277]     INFO: number of X-ray hits detected:    24941 94883 161487 242695 267406 301294 312589 151355 151818 285604 256345 255776 266189 172618 101819 41138
[17:44:54.277]     INFO: number of triggers sent (total per ROC):  208000 208000 208000 208000 208000 208000 208000 208000 208000 208000 208000 208000 208000 208000 208000 208000
[17:44:54.277]     INFO: number of Vcal hits detected:  207957 207836 207574 207327 207160 206935 206832 207554 207597 207059 207177 207256 207047 207515 207777 207943
[17:44:54.277]     INFO: Vcal hit fiducial efficiency (%):  100.0 99.9 99.8 99.7 99.6 99.5 99.5 99.8 99.8 99.6 99.6 99.7 99.6 99.8 99.9 100.0
[17:44:54.277]     INFO: Vcal hit overall efficiency (%):  100.0 99.9 99.8 99.7 99.6 99.5 99.4 99.8 99.8 99.5 99.6 99.6 99.5 99.8 99.9 100.0
[17:44:54.277]     INFO: X-ray hit rate [MHz/cm2]:  7.3 27.8 47.3 71.1 78.4 88.3 91.6 44.4 44.5 83.7 75.1 75.0 78.0 50.6 29.8 12.1
[17:44:54.277]     INFO: PixTestHighRate::doXPixelAlive() done
[17:44:54.325]    DEBUG: <PixTestHighRate.cc/doXPixelAlive:L560>  resetting: clk: 4
[17:44:54.325]    DEBUG: <PixTestHighRate.cc/doXPixelAlive:L560>  resetting: ctr: 4
[17:44:54.325]    DEBUG: <PixTestHighRate.cc/doXPixelAlive:L560>  resetting: sda: 19
[17:44:54.325]    DEBUG: <PixTestHighRate.cc/doXPixelAlive:L560>  resetting: tin: 9
[17:44:54.325]    DEBUG: <PixTestHighRate.cc/doXPixelAlive:L560>  resetting: level: 15
[17:44:54.325]    DEBUG: <PixTestHighRate.cc/doXPixelAlive:L560>  resetting: triggerdelay: 0
[17:44:54.325]     INFO: PixTest::       pg_setup set to default.
[17:44:54.326]     INFO:    ----------------------------------------------------------------------
[17:44:54.326]     INFO:    PixTestHighRate::runDaq() running for 2 seconds
[17:44:54.326]     INFO:    ----------------------------------------------------------------------
[17:44:54.347]     INFO:       reading data/crosscalibrate_UNLconfig/defaultMaskFile.dat
[17:44:54.347]    DEBUG: <PixTestHighRate.cc/doRunDaq:L740>  old set: clk: 4
[17:44:54.347]    DEBUG: <PixTestHighRate.cc/doRunDaq:L740>  old set: ctr: 4
[17:44:54.347]    DEBUG: <PixTestHighRate.cc/doRunDaq:L740>  old set: sda: 19
[17:44:54.347]    DEBUG: <PixTestHighRate.cc/doRunDaq:L740>  old set: tin: 9
[17:44:54.347]    DEBUG: <PixTestHighRate.cc/doRunDaq:L740>  old set: level: 15
[17:44:54.347]    DEBUG: <PixTestHighRate.cc/doRunDaq:L740>  old set: triggerdelay: 0
[17:44:54.347]    DEBUG: <PixTestHighRate.cc/doRunDaq:L756>  setting: clk: 4
[17:44:54.347]    DEBUG: <PixTestHighRate.cc/doRunDaq:L756>  setting: ctr: 4
[17:44:54.347]    DEBUG: <PixTestHighRate.cc/doRunDaq:L756>  setting: sda: 19
[17:44:54.347]    DEBUG: <PixTestHighRate.cc/doRunDaq:L756>  setting: tin: 9
[17:44:54.347]    DEBUG: <PixTestHighRate.cc/doRunDaq:L756>  setting: level: 15
[17:44:54.347]    DEBUG: <PixTestHighRate.cc/doRunDaq:L756>  setting: triggerdelay: 100
[17:44:55.323]     INFO: PixTestHighRate::doHitMap start TriggerLoop with trigger frequency 20 kHz, period 2011 and duration 2 seconds
[17:44:57.326]     INFO: data taking finished, elapsed time: 2 seconds.
[17:44:58.641]    DEBUG: <PixTestHighRate.cc/fillMap:L858> Processing Data: 39822 events with 586852 pixels
[17:44:58.649]     INFO: PixTest::       pg_setup set to default.
[17:44:58.668]    DEBUG: <PixTestHighRate.cc/doRunDaq:L774> analyzing hitMap_daqbbtest_C0_V0
[17:44:58.668]    DEBUG: <PixTestHighRate.cc/doRunDaq:L774> analyzing hitMap_daqbbtest_C1_V0
[17:44:58.668]    DEBUG: <PixTestHighRate.cc/doRunDaq:L774> analyzing hitMap_daqbbtest_C2_V0
[17:44:58.669]    DEBUG: <PixTestHighRate.cc/doRunDaq:L774> analyzing hitMap_daqbbtest_C3_V0
[17:44:58.669]    DEBUG: <PixTestHighRate.cc/doRunDaq:L774> analyzing hitMap_daqbbtest_C4_V0
[17:44:58.669]    DEBUG: <PixTestHighRate.cc/doRunDaq:L774> analyzing hitMap_daqbbtest_C5_V0
[17:44:58.669]    DEBUG: <PixTestHighRate.cc/doRunDaq:L774> analyzing hitMap_daqbbtest_C6_V0
[17:44:58.669]    DEBUG: <PixTestHighRate.cc/doRunDaq:L774> analyzing hitMap_daqbbtest_C7_V0
[17:44:58.669]    DEBUG: <PixTestHighRate.cc/doRunDaq:L774> analyzing hitMap_daqbbtest_C8_V0
[17:44:58.669]    DEBUG: <PixTestHighRate.cc/doRunDaq:L774> analyzing hitMap_daqbbtest_C9_V0
[17:44:58.669]    DEBUG: <PixTestHighRate.cc/doRunDaq:L774> analyzing hitMap_daqbbtest_C10_V0
[17:44:58.669]    DEBUG: <PixTestHighRate.cc/doRunDaq:L774> analyzing hitMap_daqbbtest_C11_V0
[17:44:58.670]    DEBUG: <PixTestHighRate.cc/doRunDaq:L774> analyzing hitMap_daqbbtest_C12_V0
[17:44:58.670]    DEBUG: <PixTestHighRate.cc/doRunDaq:L774> analyzing hitMap_daqbbtest_C13_V0
[17:44:58.670]    DEBUG: <PixTestHighRate.cc/doRunDaq:L774> analyzing hitMap_daqbbtest_C14_V0
[17:44:58.670]    DEBUG: <PixTestHighRate.cc/doRunDaq:L774> analyzing hitMap_daqbbtest_C15_V0
[17:44:58.670]    DEBUG: <PixTestHighRate.cc/doRunDaq:L786>  resetting: clk: 4
[17:44:58.670]    DEBUG: <PixTestHighRate.cc/doRunDaq:L786>  resetting: ctr: 4
[17:44:58.670]    DEBUG: <PixTestHighRate.cc/doRunDaq:L786>  resetting: sda: 19
[17:44:58.670]    DEBUG: <PixTestHighRate.cc/doRunDaq:L786>  resetting: tin: 9
[17:44:58.670]    DEBUG: <PixTestHighRate.cc/doRunDaq:L786>  resetting: level: 15
[17:44:58.670]    DEBUG: <PixTestHighRate.cc/doRunDaq:L786>  resetting: triggerdelay: 0
[17:44:58.670]     INFO: Pixels without X-ray hits (per ROC):  2592  1054   716   119   105   191    91   984   659    97   224   197    92   648   996  2246 
[17:44:58.670]     INFO: PixTestHighRate::doRunDaq() done
[17:44:58.670]     INFO: PixTestHighRate::doTest() done 
[17:46:44.013]    DEBUG: <PixGui.cc/handleButtons:L393> PixGui::exit called
[17:46:44.013]    DEBUG: <PixTestBBMap.cc/~PixTestBBMap:L96> PixTestBBMap dtor
[17:46:44.013]    DEBUG: <PixTestBB2Map.cc/~PixTestBB2Map:L114> PixTestBB2Map dtor
[17:46:44.013]    DEBUG: <PixTestDacDacScan.cc/~PixTestDacDacScan:L135> PixTestDacDacScan dtor
[17:46:44.013]    DEBUG: <PixTestDacScan.cc/~PixTestDacScan:L128> PixTestDacScan dtor
[17:46:44.013]    DEBUG: <PixTestGainPedestal.cc/~PixTestGainPedestal:L121> PixTestGainPedestal dtor
[17:46:44.013]    DEBUG: <PixTestHighRate.cc/~PixTestHighRate:L221> PixTestHighRate dtor
[17:46:44.102]    DEBUG: <PixTestIV.cc/~PixTestIV:L96> PixTestIV dtor
[17:46:44.102]    DEBUG: <PixTestAlive.cc/~PixTestAlive:L108> PixTestAlive dtor
[17:46:44.102]    DEBUG: <PixTestPretest.cc/~PixTestPretest:L133> PixTestPretest dtor
[17:46:44.102]    DEBUG: <PixTestReadback.cc/~PixTestReadback:L89> PixTestReadback dtor, saving tree ... 
[17:46:44.102]    DEBUG: <PixTestScurves.cc/~PixTestScurves:L127> PixTestScurves dtor
[17:46:44.103]    DEBUG: <PixTestTiming.cc/~PixTestTiming:L88> PixTestTiming dtor
[17:46:44.103]    DEBUG: <PixTestTrim.cc/~PixTestTrim:L103> PixTestTrim dtor
[17:46:44.103]    DEBUG: <PixTestXray.cc/~PixTestXray:L215> PixTestXray dtor
[17:46:44.106]    QUIET: Connection to board 58 closed.
[17:46:44.107]    DEBUG: <PixMonitor.cc/dumpSummaries:L34> PixMonitor::dumpSummaries
