[17:31:10.876]     INFO: *** Welcome to pxar ***
[17:31:10.876]     INFO: *** Today: 2015/06/03
[17:31:10.876]     INFO:       reading data/crosscalibrate_UNLconfig/dacParameters35_C0.dat
[17:31:10.886]     INFO:       reading data/crosscalibrate_UNLconfig/dacParameters35_C1.dat
[17:31:10.886]     INFO:       reading data/crosscalibrate_UNLconfig/dacParameters35_C2.dat
[17:31:10.887]     INFO:       reading data/crosscalibrate_UNLconfig/dacParameters35_C3.dat
[17:31:10.887]     INFO:       reading data/crosscalibrate_UNLconfig/dacParameters35_C4.dat
[17:31:10.887]     INFO:       reading data/crosscalibrate_UNLconfig/dacParameters35_C5.dat
[17:31:10.887]     INFO:       reading data/crosscalibrate_UNLconfig/dacParameters35_C6.dat
[17:31:10.893]     INFO:       reading data/crosscalibrate_UNLconfig/dacParameters35_C7.dat
[17:31:10.899]     INFO:       reading data/crosscalibrate_UNLconfig/dacParameters35_C8.dat
[17:31:10.900]     INFO:       reading data/crosscalibrate_UNLconfig/dacParameters35_C9.dat
[17:31:10.900]     INFO:       reading data/crosscalibrate_UNLconfig/dacParameters35_C10.dat
[17:31:10.900]     INFO:       reading data/crosscalibrate_UNLconfig/dacParameters35_C11.dat
[17:31:10.900]     INFO:       reading data/crosscalibrate_UNLconfig/dacParameters35_C12.dat
[17:31:10.902]     INFO:       reading data/crosscalibrate_UNLconfig/dacParameters35_C13.dat
[17:31:10.902]     INFO:       reading data/crosscalibrate_UNLconfig/dacParameters35_C14.dat
[17:31:10.902]     INFO:       reading data/crosscalibrate_UNLconfig/dacParameters35_C15.dat
[17:31:10.903]     INFO:       reading data/crosscalibrate_UNLconfig/tbmParameters_C0a.dat
[17:31:10.903]     INFO:       reading data/crosscalibrate_UNLconfig/tbmParameters_C0b.dat
[17:31:10.903]     INFO:       reading data/crosscalibrate_UNLconfig/defaultMaskFile.dat
[17:31:10.904]     INFO:       reading data/crosscalibrate_UNLconfig/trimParameters35_C0.dat
[17:31:10.913]     INFO:       reading data/crosscalibrate_UNLconfig/trimParameters35_C1.dat
[17:31:10.925]     INFO:       reading data/crosscalibrate_UNLconfig/trimParameters35_C2.dat
[17:31:10.940]     INFO:       reading data/crosscalibrate_UNLconfig/trimParameters35_C3.dat
[17:31:10.953]     INFO:       reading data/crosscalibrate_UNLconfig/trimParameters35_C4.dat
[17:31:10.959]     INFO:       reading data/crosscalibrate_UNLconfig/trimParameters35_C5.dat
[17:31:10.966]     INFO:       reading data/crosscalibrate_UNLconfig/trimParameters35_C6.dat
[17:31:10.973]     INFO:       reading data/crosscalibrate_UNLconfig/trimParameters35_C7.dat
[17:31:10.982]     INFO:       reading data/crosscalibrate_UNLconfig/trimParameters35_C8.dat
[17:31:10.993]     INFO:       reading data/crosscalibrate_UNLconfig/trimParameters35_C9.dat
[17:31:10.999]     INFO:       reading data/crosscalibrate_UNLconfig/trimParameters35_C10.dat
[17:31:11.006]     INFO:       reading data/crosscalibrate_UNLconfig/trimParameters35_C11.dat
[17:31:11.013]     INFO:       reading data/crosscalibrate_UNLconfig/trimParameters35_C12.dat
[17:31:11.020]     INFO:       reading data/crosscalibrate_UNLconfig/trimParameters35_C13.dat
[17:31:11.027]     INFO:       reading data/crosscalibrate_UNLconfig/trimParameters35_C14.dat
[17:31:11.033]     INFO:       reading data/crosscalibrate_UNLconfig/trimParameters35_C15.dat
[17:31:11.041]     INFO:       reading data/crosscalibrate_UNLconfig/tbParameters.dat
[17:31:11.041]     INFO:         clk: 4
[17:31:11.041]     INFO:         ctr: 4
[17:31:11.041]     INFO:         sda: 19
[17:31:11.041]     INFO:         tin: 9
[17:31:11.041]     INFO:         level: 15
[17:31:11.041]     INFO:         triggerdelay: 0
[17:31:11.041]    QUIET: Instanciating API for pxar crosscalibrate_v1.1
[17:31:11.041]     INFO: Log level: DEBUG
[17:31:11.054]    QUIET: Connection to board DTB_WRPRHI opened.
[17:31:11.059]     INFO: DTB startup information
--- DTB info------------------------------------------
Board id:    58
HW version:  DTB1.2
FW version:  4.0
SW version:  4.0
USB id:      DTB_WRPRHI
MAC address: 40D85511803A
Hostname:    pixelDTB058
Comment:     
------------------------------------------------------
[17:31:11.063]     INFO: RPC call hashes of host and DTB match: 447413373
[17:31:12.680]     INFO: DUT info: 
[17:31:12.680]     INFO: The DUT currently contains the following objects:
[17:31:12.680]     INFO:  2 TBM Cores (2 ON)
[17:31:12.680]     INFO: 	TBM Core alpha (0): 7 registers set
[17:31:12.680]     INFO: 	TBM Core beta  (1): 7 registers set
[17:31:12.680]     INFO: 16 ROCs (16 ON) with 4160 pixelConfigs
[17:31:12.680]     INFO: 	ROC 0: 21 DACs set, Pixels: 0 masked, 4160 active.
[17:31:12.680]     INFO: 	ROC 1: 21 DACs set, Pixels: 0 masked, 4160 active.
[17:31:12.680]     INFO: 	ROC 2: 21 DACs set, Pixels: 0 masked, 4160 active.
[17:31:12.680]     INFO: 	ROC 3: 21 DACs set, Pixels: 0 masked, 4160 active.
[17:31:12.680]     INFO: 	ROC 4: 21 DACs set, Pixels: 0 masked, 4160 active.
[17:31:12.681]     INFO: 	ROC 5: 21 DACs set, Pixels: 0 masked, 4160 active.
[17:31:12.681]     INFO: 	ROC 6: 21 DACs set, Pixels: 0 masked, 4160 active.
[17:31:12.681]     INFO: 	ROC 7: 21 DACs set, Pixels: 0 masked, 4160 active.
[17:31:12.681]     INFO: 	ROC 8: 21 DACs set, Pixels: 0 masked, 4160 active.
[17:31:12.681]     INFO: 	ROC 9: 21 DACs set, Pixels: 0 masked, 4160 active.
[17:31:12.681]     INFO: 	ROC 10: 21 DACs set, Pixels: 0 masked, 4160 active.
[17:31:12.681]     INFO: 	ROC 11: 21 DACs set, Pixels: 0 masked, 4160 active.
[17:31:12.681]     INFO: 	ROC 12: 21 DACs set, Pixels: 0 masked, 4160 active.
[17:31:12.681]     INFO: 	ROC 13: 21 DACs set, Pixels: 0 masked, 4160 active.
[17:31:12.681]     INFO: 	ROC 14: 21 DACs set, Pixels: 0 masked, 4160 active.
[17:31:12.681]     INFO: 	ROC 15: 21 DACs set, Pixels: 0 masked, 4160 active.
[17:31:12.681]    DEBUG: <PixTestParameters.cc/dump:L104> PixTestParameters: ->BB<-
[17:31:12.681]    DEBUG: <PixTestParameters.cc/dump:L107>   dumpall: checkbox(0)
[17:31:12.681]    DEBUG: <PixTestParameters.cc/dump:L107>   dumpproblematic: checkbox(0)
[17:31:12.681]    DEBUG: <PixTestParameters.cc/dump:L107>   ntrig: 5
[17:31:12.681]    DEBUG: <PixTestParameters.cc/dump:L107>   vcals: 250
[17:31:12.681]    DEBUG: <PixTestParameters.cc/dump:L104> PixTestParameters: ->BB2<-
[17:31:12.681]    DEBUG: <PixTestParameters.cc/dump:L107>   ntrig: 10
[17:31:12.681]    DEBUG: <PixTestParameters.cc/dump:L107>   vcals: 222
[17:31:12.681]    DEBUG: <PixTestParameters.cc/dump:L107>   plwidth: 35
[17:31:12.681]    DEBUG: <PixTestParameters.cc/dump:L107>   pix: 11,20
[17:31:12.681]    DEBUG: <PixTestParameters.cc/dump:L107>   targetia: 24
[17:31:12.681]    DEBUG: <PixTestParameters.cc/dump:L104> PixTestParameters: ->DacDacScan<-
[17:31:12.681]    DEBUG: <PixTestParameters.cc/dump:L107>   phmap: checkbox
[17:31:12.681]    DEBUG: <PixTestParameters.cc/dump:L107>   ntrig: 10
[17:31:12.681]    DEBUG: <PixTestParameters.cc/dump:L107>   dac1: caldel
[17:31:12.681]    DEBUG: <PixTestParameters.cc/dump:L107>   dac1lo: 0
[17:31:12.681]    DEBUG: <PixTestParameters.cc/dump:L107>   dac1hi: 255
[17:31:12.681]    DEBUG: <PixTestParameters.cc/dump:L107>   dac2: vthrcomp
[17:31:12.681]    DEBUG: <PixTestParameters.cc/dump:L107>   dac2lo: 0
[17:31:12.681]    DEBUG: <PixTestParameters.cc/dump:L107>   dac2hi: 255
[17:31:12.681]    DEBUG: <PixTestParameters.cc/dump:L107>   pix: 11,20
[17:31:12.681]    DEBUG: <PixTestParameters.cc/dump:L104> PixTestParameters: ->DacScan<-
[17:31:12.681]    DEBUG: <PixTestParameters.cc/dump:L107>   phmap: checkbox(1)
[17:31:12.681]    DEBUG: <PixTestParameters.cc/dump:L107>   allpixels: checkbox(0)
[17:31:12.681]    DEBUG: <PixTestParameters.cc/dump:L107>   unmasked: checkbox(0)
[17:31:12.681]    DEBUG: <PixTestParameters.cc/dump:L107>   ntrig: 10
[17:31:12.681]    DEBUG: <PixTestParameters.cc/dump:L107>   dac: vcal
[17:31:12.681]    DEBUG: <PixTestParameters.cc/dump:L107>   daclo: 0
[17:31:12.681]    DEBUG: <PixTestParameters.cc/dump:L107>   dachi: 255
[17:31:12.681]    DEBUG: <PixTestParameters.cc/dump:L107>   pix: 11,20
[17:31:12.681]    DEBUG: <PixTestParameters.cc/dump:L104> PixTestParameters: ->GainPedestal<-
[17:31:12.681]    DEBUG: <PixTestParameters.cc/dump:L107>   showfits: checkbox(0)
[17:31:12.681]    DEBUG: <PixTestParameters.cc/dump:L107>   extended: checkbox(0)
[17:31:12.681]    DEBUG: <PixTestParameters.cc/dump:L107>   dumphists: checkbox(0)
[17:31:12.681]    DEBUG: <PixTestParameters.cc/dump:L107>   ntrig: 10
[17:31:12.681]    DEBUG: <PixTestParameters.cc/dump:L107>   measure: button
[17:31:12.681]    DEBUG: <PixTestParameters.cc/dump:L107>   fit: button
[17:31:12.681]    DEBUG: <PixTestParameters.cc/dump:L107>   save: button
[17:31:12.681]    DEBUG: <PixTestParameters.cc/dump:L104> PixTestParameters: ->HighRate<-
[17:31:12.682]    DEBUG: <PixTestParameters.cc/dump:L107>   pix: 11,20
[17:31:12.682]    DEBUG: <PixTestParameters.cc/dump:L107>   maskhotpixels: button
[17:31:12.682]    DEBUG: <PixTestParameters.cc/dump:L107>   savemaskfile: checkbox(0)
[17:31:12.682]    DEBUG: <PixTestParameters.cc/dump:L107>   maskfilename: default
[17:31:12.682]    DEBUG: <PixTestParameters.cc/dump:L107>   caldelscan: button
[17:31:12.682]    DEBUG: <PixTestParameters.cc/dump:L107>   xpixelalive: button
[17:31:12.682]    DEBUG: <PixTestParameters.cc/dump:L107>   ntrig: 50
[17:31:12.682]    DEBUG: <PixTestParameters.cc/dump:L107>   vcal: 200
[17:31:12.682]    DEBUG: <PixTestParameters.cc/dump:L107>   xnoisemaps: button
[17:31:12.682]    DEBUG: <PixTestParameters.cc/dump:L107>   daclo: 0
[17:31:12.682]    DEBUG: <PixTestParameters.cc/dump:L107>   dachi: 100
[17:31:12.682]    DEBUG: <PixTestParameters.cc/dump:L107>   dacs/step: 20
[17:31:12.682]    DEBUG: <PixTestParameters.cc/dump:L107>   rundaq: button
[17:31:12.682]    DEBUG: <PixTestParameters.cc/dump:L107>   trgfrequency(khz): 20
[17:31:12.682]    DEBUG: <PixTestParameters.cc/dump:L107>   runseconds: 2
[17:31:12.682]    DEBUG: <PixTestParameters.cc/dump:L107>   triggerdelay: 100
[17:31:12.682]    DEBUG: <PixTestParameters.cc/dump:L107>   delaytbm: checkbox
[17:31:12.682]    DEBUG: <PixTestParameters.cc/dump:L107>   filltree: checkbox
[17:31:12.682]    DEBUG: <PixTestParameters.cc/dump:L104> PixTestParameters: ->IV<-
[17:31:12.682]    DEBUG: <PixTestParameters.cc/dump:L107>   port: /dev/FIXME
[17:31:12.682]    DEBUG: <PixTestParameters.cc/dump:L107>   voltagestart: 0
[17:31:12.682]    DEBUG: <PixTestParameters.cc/dump:L107>   voltagestop: 600
[17:31:12.682]    DEBUG: <PixTestParameters.cc/dump:L107>   voltagestep: 5
[17:31:12.682]    DEBUG: <PixTestParameters.cc/dump:L107>   delay: 1
[17:31:12.682]    DEBUG: <PixTestParameters.cc/dump:L107>   compliance(ua): 100
[17:31:12.682]    DEBUG: <PixTestParameters.cc/dump:L104> PixTestParameters: ->PhOptimization<-
[17:31:12.682]    DEBUG: <PixTestParameters.cc/dump:L107>   ntrig: 10
[17:31:12.682]    DEBUG: <PixTestParameters.cc/dump:L107>   safetymarginlow: 20
[17:31:12.682]    DEBUG: <PixTestParameters.cc/dump:L107>   saturationvcal: 100
[17:31:12.682]    DEBUG: <PixTestParameters.cc/dump:L107>   quantilesaturation: 0.98
[17:31:12.682]    DEBUG: <PixTestParameters.cc/dump:L104> PixTestParameters: ->PixelAlive<-
[17:31:12.682]    DEBUG: <PixTestParameters.cc/dump:L107>   ntrig: 10
[17:31:12.682]    DEBUG: <PixTestParameters.cc/dump:L107>   vcal: 200
[17:31:12.682]    DEBUG: <PixTestParameters.cc/dump:L107>   alivetest: button
[17:31:12.682]    DEBUG: <PixTestParameters.cc/dump:L107>   masktest: button
[17:31:12.682]    DEBUG: <PixTestParameters.cc/dump:L107>   addressdecodingtest: button
[17:31:12.682]    DEBUG: <PixTestParameters.cc/dump:L104> PixTestParameters: ->Pretest<-
[17:31:12.682]    DEBUG: <PixTestParameters.cc/dump:L107>   programroc: button
[17:31:12.682]    DEBUG: <PixTestParameters.cc/dump:L107>   targetia: 24
[17:31:12.682]    DEBUG: <PixTestParameters.cc/dump:L107>   setvana: button
[17:31:12.682]    DEBUG: <PixTestParameters.cc/dump:L107>   iterations: 100
[17:31:12.682]    DEBUG: <PixTestParameters.cc/dump:L107>   settimings: button
[17:31:12.682]    DEBUG: <PixTestParameters.cc/dump:L107>   findworkingpixel: button
[17:31:12.682]    DEBUG: <PixTestParameters.cc/dump:L107>   setvthrcompcaldel: button
[17:31:12.682]    DEBUG: <PixTestParameters.cc/dump:L107>   pix: 11,20
[17:31:12.682]    DEBUG: <PixTestParameters.cc/dump:L107>   vcal: 250
[17:31:12.682]    DEBUG: <PixTestParameters.cc/dump:L107>   deltavthrcomp: 50
[17:31:12.682]    DEBUG: <PixTestParameters.cc/dump:L107>   fraccaldel: 0.5
[17:31:12.682]    DEBUG: <PixTestParameters.cc/dump:L107>   ntrig: 5
[17:31:12.682]    DEBUG: <PixTestParameters.cc/dump:L107>   savedacs: button
[17:31:12.682]    DEBUG: <PixTestParameters.cc/dump:L104> PixTestParameters: ->Readback<-
[17:31:12.682]    DEBUG: <PixTestParameters.cc/dump:L107>   calibratevd: button
[17:31:12.682]    DEBUG: <PixTestParameters.cc/dump:L107>   calibrateva: button
[17:31:12.682]    DEBUG: <PixTestParameters.cc/dump:L107>   calibrateia: button
[17:31:12.682]    DEBUG: <PixTestParameters.cc/dump:L107>   readbackvbg: button
[17:31:12.682]    DEBUG: <PixTestParameters.cc/dump:L107>   getcalibratedvbg: button
[17:31:12.682]    DEBUG: <PixTestParameters.cc/dump:L107>   usecalvd: checkbox(1)
[17:31:12.682]    DEBUG: <PixTestParameters.cc/dump:L107>   usecalva: checkbox(0)
[17:31:12.682]    DEBUG: <PixTestParameters.cc/dump:L107>   setvana: button
[17:31:12.682]    DEBUG: <PixTestParameters.cc/dump:L104> PixTestParameters: ->Scurves<-
[17:31:12.682]    DEBUG: <PixTestParameters.cc/dump:L107>   adjustvcal: checkbox(1)
[17:31:12.682]    DEBUG: <PixTestParameters.cc/dump:L107>   dumpall: checkbox(0)
[17:31:12.682]    DEBUG: <PixTestParameters.cc/dump:L107>   dumpproblematic: checkbox(0)
[17:31:12.682]    DEBUG: <PixTestParameters.cc/dump:L107>   ntrig: 50
[17:31:12.682]    DEBUG: <PixTestParameters.cc/dump:L107>   dac: VthrComp
[17:31:12.682]    DEBUG: <PixTestParameters.cc/dump:L107>   daclo: 0
[17:31:12.682]    DEBUG: <PixTestParameters.cc/dump:L107>   dachi: 200
[17:31:12.682]    DEBUG: <PixTestParameters.cc/dump:L107>   dacs/step: 10
[17:31:12.682]    DEBUG: <PixTestParameters.cc/dump:L107>   scurves: button
[17:31:12.682]    DEBUG: <PixTestParameters.cc/dump:L104> PixTestParameters: ->Timing<-
[17:31:12.682]    DEBUG: <PixTestParameters.cc/dump:L107>   fastscan: checkbox(0)
[17:31:12.682]    DEBUG: <PixTestParameters.cc/dump:L107>   targetclk: 4
[17:31:12.682]    DEBUG: <PixTestParameters.cc/dump:L107>   ntrig: 10
[17:31:12.682]    DEBUG: <PixTestParameters.cc/dump:L107>   clocksdascan: button
[17:31:12.682]    DEBUG: <PixTestParameters.cc/dump:L107>   phasescan: button
[17:31:12.682]    DEBUG: <PixTestParameters.cc/dump:L107>   levelscan: button
[17:31:12.682]    DEBUG: <PixTestParameters.cc/dump:L107>   tbmphasescan: button
[17:31:12.682]    DEBUG: <PixTestParameters.cc/dump:L107>   rocdelayscan: button
[17:31:12.682]    DEBUG: <PixTestParameters.cc/dump:L107>   timingtest: button
[17:31:12.682]    DEBUG: <PixTestParameters.cc/dump:L107>   saveparameters: button
[17:31:12.683]    DEBUG: <PixTestParameters.cc/dump:L104> PixTestParameters: ->Trim<-
[17:31:12.683]    DEBUG: <PixTestParameters.cc/dump:L107>   trim: button
[17:31:12.683]    DEBUG: <PixTestParameters.cc/dump:L107>   ntrig: 10
[17:31:12.683]    DEBUG: <PixTestParameters.cc/dump:L107>   vcal: 35
[17:31:12.683]    DEBUG: <PixTestParameters.cc/dump:L107>   trimbits: button
[17:31:12.683]    DEBUG: <PixTestParameters.cc/dump:L104> PixTestParameters: ->Xray<-
[17:31:12.683]    DEBUG: <PixTestParameters.cc/dump:L107>   maskhotpixels: button
[17:31:12.683]    DEBUG: <PixTestParameters.cc/dump:L107>   savemaskfile: checkbox(0)
[17:31:12.683]    DEBUG: <PixTestParameters.cc/dump:L107>   maskfilename: default
[17:31:12.683]    DEBUG: <PixTestParameters.cc/dump:L107>   source: Ag
[17:31:12.683]    DEBUG: <PixTestParameters.cc/dump:L107>   phrun: button
[17:31:12.683]    DEBUG: <PixTestParameters.cc/dump:L107>   runseconds: 100
[17:31:12.683]    DEBUG: <PixTestParameters.cc/dump:L107>   trgfrequency(khz): 100
[17:31:12.683]    DEBUG: <PixTestParameters.cc/dump:L107>   ratescan: button
[17:31:12.683]    DEBUG: <PixTestParameters.cc/dump:L107>   vthrcompmin: 10
[17:31:12.683]    DEBUG: <PixTestParameters.cc/dump:L107>   vthrcompmax: 80
[17:31:12.683]    DEBUG: <PixTestParameters.cc/dump:L107>   stepseconds: 5
[17:31:12.683]    DEBUG: <PixTestParameters.cc/dump:L107>   delaytbm: checkbox
[17:31:12.683]    DEBUG: <PixTestParameters.cc/dump:L107>   filltree: checkbox
[17:31:12.683]    DEBUG: <PixSetup.cc/init:L81> PixSetup init start; getCurrentRSS() = 33169408
[17:31:12.683]    DEBUG: <PixSetup.cc/init:L87> fPixTestParameters = 0x228b220
[17:31:12.683]    DEBUG: <PixSetup.cc/init:L88>  fConfigParameters = 0x21b3650
[17:31:12.683]    DEBUG: <PixSetup.cc/init:L89>        fPxarMemory = 0x7fdc2dd94010
[17:31:12.683]    DEBUG: <PixSetup.cc/init:L90>         fPxarMemHi = 0x7fdc33fff510
[17:31:12.683]    DEBUG: <PixSetup.cc/init:L106> PixSetup init done;  getCurrentRSS() = 33177600 fPxarMemory = 0x7fdc2dd94010
[17:31:13.173]    DEBUG: <PixGui.cc/hvOn:L457> HV set On: 0x284bf10
[17:31:13.237]    DEBUG: <PixTestFactory.cc/PixTestFactory:L50> PixTestFactory::PixTestFactory()
[17:31:13.237]    DEBUG: <PixTestBBMap.cc/init:L78> PixTestBBMap::init()
[17:31:13.238]    DEBUG: <PixTestBBMap.cc/PixTestBBMap:L26> PixTestBBMap ctor(PixSetup &a, string, TGTab *)
[17:31:13.243]    DEBUG: <PixTestBB2Map.cc/setParameter:L57> setting fTargetIa    = 24 mA/ROC
[17:31:13.243]    DEBUG: <PixTestBB2Map.cc/init:L96> PixTestBB2Map::init()
[17:31:13.243]    DEBUG: <PixTestBB2Map.cc/PixTestBB2Map:L28> PixTestBB2Map ctor(PixSetup &a, string, TGTab *)
[17:31:13.254]    DEBUG: <PixTestDacDacScan.cc/init:L102> PixTestDacDacScan::init()
[17:31:13.254]    DEBUG: <PixTestDacDacScan.cc/PixTestDacDacScan:L21> PixTestDacDacScan ctor(PixSetup &a, string, TGTab *)
[17:31:13.300]    DEBUG: <PixTestHighRate.cc/setParameter:L67>   setting fParTriggerFrequency -> 20
[17:31:13.300]    DEBUG: <PixTestHighRate.cc/init:L174> PixTestHighRate::init()
[17:31:13.300]    DEBUG: <PixTestHighRate.cc/PixTestHighRate:L30> PixTestHighRate ctor(PixSetup &a, string, TGTab *)
[17:31:13.300]     INFO:       reading data/crosscalibrate_UNLconfig/phCalibrationFitErr35_C0.dat
[17:31:13.328]     INFO:       reading data/crosscalibrate_UNLconfig/phCalibrationFitErr35_C1.dat
[17:31:13.350]     INFO:       reading data/crosscalibrate_UNLconfig/phCalibrationFitErr35_C2.dat
[17:31:13.374]     INFO:       reading data/crosscalibrate_UNLconfig/phCalibrationFitErr35_C3.dat
[17:31:13.389]     INFO:       reading data/crosscalibrate_UNLconfig/phCalibrationFitErr35_C4.dat
[17:31:13.406]     INFO:       reading data/crosscalibrate_UNLconfig/phCalibrationFitErr35_C5.dat
[17:31:13.423]     INFO:       reading data/crosscalibrate_UNLconfig/phCalibrationFitErr35_C6.dat
[17:31:13.439]     INFO:       reading data/crosscalibrate_UNLconfig/phCalibrationFitErr35_C7.dat
[17:31:13.457]     INFO:       reading data/crosscalibrate_UNLconfig/phCalibrationFitErr35_C8.dat
[17:31:13.474]     INFO:       reading data/crosscalibrate_UNLconfig/phCalibrationFitErr35_C9.dat
[17:31:13.490]     INFO:       reading data/crosscalibrate_UNLconfig/phCalibrationFitErr35_C10.dat
[17:31:13.506]     INFO:       reading data/crosscalibrate_UNLconfig/phCalibrationFitErr35_C11.dat
[17:31:13.522]     INFO:       reading data/crosscalibrate_UNLconfig/phCalibrationFitErr35_C12.dat
[17:31:13.538]     INFO:       reading data/crosscalibrate_UNLconfig/phCalibrationFitErr35_C13.dat
[17:31:13.554]     INFO:       reading data/crosscalibrate_UNLconfig/phCalibrationFitErr35_C14.dat
[17:31:13.570]     INFO:       reading data/crosscalibrate_UNLconfig/phCalibrationFitErr35_C15.dat
[17:31:13.605]    DEBUG: <PixTest.cc/setTestParameter:L607>  setting  ntrig to new value 10
[17:31:13.605]    DEBUG: <PixTestPhOptimization.cc/setParameter:L36>   setting fParNtrig  ->10<- from sval = 10
[17:31:13.605]    DEBUG: <PixTestPhOptimization.cc/setParameter:L41>   setting fSafetyMarginLow  ->20<- from sval = 20
[17:31:13.605]    DEBUG: <PixTestPhOptimization.cc/setParameter:L47>   setting fVcalMax  ->100<- from sval = 100
[17:31:13.605]    DEBUG: <PixTestPhOptimization.cc/setParameter:L52>   setting fQuantMax  ->0.98<- from sval = 0.98
[17:31:13.612]    DEBUG: <PixTestAlive.cc/init:L76> PixTestAlive::init()
[17:31:13.612]    DEBUG: <PixTestAlive.cc/PixTestAlive:L20> PixTestAlive ctor(PixSetup &a, string, TGTab *)
[17:31:13.630]    DEBUG: <PixTestReadback.cc/setParameter:L172> fCalwVd set to 1
[17:31:13.630]    DEBUG: <PixTestReadback.cc/init:L95> PixTestReadback::init()
[17:31:13.630]    DEBUG: <PixTestReadback.cc/PixTestReadback:L22> PixTestReadback ctor(PixSetup &a, string, TGTab *)
[17:31:13.630]     INFO:       reading data/crosscalibrate_UNLconfig/readbackCal_C0.dat
[17:31:13.631]     INFO:       reading data/crosscalibrate_UNLconfig/readbackCal_C1.dat
[17:31:13.631]     INFO:       reading data/crosscalibrate_UNLconfig/readbackCal_C2.dat
[17:31:13.634]     INFO:       reading data/crosscalibrate_UNLconfig/readbackCal_C3.dat
[17:31:13.643]     INFO:       reading data/crosscalibrate_UNLconfig/readbackCal_C4.dat
[17:31:13.643]     INFO:       reading data/crosscalibrate_UNLconfig/readbackCal_C5.dat
[17:31:13.643]     INFO:       reading data/crosscalibrate_UNLconfig/readbackCal_C6.dat
[17:31:13.644]     INFO:       reading data/crosscalibrate_UNLconfig/readbackCal_C7.dat
[17:31:13.644]     INFO:       reading data/crosscalibrate_UNLconfig/readbackCal_C8.dat
[17:31:13.644]     INFO:       reading data/crosscalibrate_UNLconfig/readbackCal_C9.dat
[17:31:13.644]     INFO:       reading data/crosscalibrate_UNLconfig/readbackCal_C10.dat
[17:31:13.644]     INFO:       reading data/crosscalibrate_UNLconfig/readbackCal_C11.dat
[17:31:13.645]     INFO:       reading data/crosscalibrate_UNLconfig/readbackCal_C12.dat
[17:31:13.645]     INFO:       reading data/crosscalibrate_UNLconfig/readbackCal_C13.dat
[17:31:13.645]     INFO:       reading data/crosscalibrate_UNLconfig/readbackCal_C14.dat
[17:31:13.645]     INFO:       reading data/crosscalibrate_UNLconfig/readbackCal_C15.dat
[17:31:13.661]    DEBUG: <PixTestTiming.cc/setParameter:L46> fFastScan: 0
[17:31:13.661]    DEBUG: <PixTestTiming.cc/setParameter:L51> PixTestTiming::PixTest() targetclk = 4
[17:31:13.661]    DEBUG: <PixTestTiming.cc/setParameter:L55> PixTestTiming::PixTest() ntrig = 10
[17:31:13.661]    DEBUG: <PixTestTiming.cc/init:L65> PixTestTiming::init()
[17:31:13.680]    DEBUG: <PixTestXray.cc/init:L132> PixTestXray::init()
[17:31:13.680]    DEBUG: <PixTestXray.cc/PixTestXray:L26> PixTestXray ctor(PixSetup &a, string, TGTab *)
[17:31:20.500]     INFO: ######################################################################
[17:31:20.501]     INFO: PixTestHighRate::doTest()
[17:31:20.501]     INFO: ######################################################################
[17:31:20.501]     INFO:    ----------------------------------------------------------------------
[17:31:20.501]     INFO:    PixTestHighRate::calDelScan() ntrig = 10, vcal = 200
[17:31:20.501]     INFO:    ----------------------------------------------------------------------
[17:31:21.584]     INFO: Test took 1079ms.
[17:31:21.587]     INFO:       reading data/crosscalibrate_UNLconfig/defaultMaskFile.dat
[17:31:21.590]    DEBUG: <PixTest.cc/efficiencyMaps:L369>       attempt #0
[17:31:25.706]     INFO: Test took 4116ms.
[17:31:26.246]     INFO: Fetched DAQ statistics. Counters are being reset now.
[17:31:26.246]    DEBUG: <PixTest.cc/efficiencyMaps:L380>  eff result size = 1462651
[17:31:26.247]    DEBUG: <PixTest.cc/efficiencyMaps:L386> Create hist HR_xeff_CalDelScan_step0_C0
[17:31:26.247]    DEBUG: <PixTest.cc/efficiencyMaps:L386> Create hist HR_xeff_CalDelScan_step0_C1
[17:31:26.247]    DEBUG: <PixTest.cc/efficiencyMaps:L386> Create hist HR_xeff_CalDelScan_step0_C2
[17:31:26.247]    DEBUG: <PixTest.cc/efficiencyMaps:L386> Create hist HR_xeff_CalDelScan_step0_C3
[17:31:26.247]    DEBUG: <PixTest.cc/efficiencyMaps:L386> Create hist HR_xeff_CalDelScan_step0_C4
[17:31:26.247]    DEBUG: <PixTest.cc/efficiencyMaps:L386> Create hist HR_xeff_CalDelScan_step0_C5
[17:31:26.247]    DEBUG: <PixTest.cc/efficiencyMaps:L386> Create hist HR_xeff_CalDelScan_step0_C6
[17:31:26.247]    DEBUG: <PixTest.cc/efficiencyMaps:L386> Create hist HR_xeff_CalDelScan_step0_C7
[17:31:26.247]    DEBUG: <PixTest.cc/efficiencyMaps:L386> Create hist HR_xeff_CalDelScan_step0_C8
[17:31:26.247]    DEBUG: <PixTest.cc/efficiencyMaps:L386> Create hist HR_xeff_CalDelScan_step0_C9
[17:31:26.247]    DEBUG: <PixTest.cc/efficiencyMaps:L386> Create hist HR_xeff_CalDelScan_step0_C10
[17:31:26.247]    DEBUG: <PixTest.cc/efficiencyMaps:L386> Create hist HR_xeff_CalDelScan_step0_C11
[17:31:26.247]    DEBUG: <PixTest.cc/efficiencyMaps:L386> Create hist HR_xeff_CalDelScan_step0_C12
[17:31:26.247]    DEBUG: <PixTest.cc/efficiencyMaps:L386> Create hist HR_xeff_CalDelScan_step0_C13
[17:31:26.247]    DEBUG: <PixTest.cc/efficiencyMaps:L386> Create hist HR_xeff_CalDelScan_step0_C14
[17:31:26.247]    DEBUG: <PixTest.cc/efficiencyMaps:L386> Create hist HR_xeff_CalDelScan_step0_C15
[17:31:26.247]    DEBUG: <PixTest.cc/efficiencyMaps:L396> booking xray maps for unmasked detector
[17:31:26.350]    DEBUG: <PixTest.cc/efficiencyMaps:L369>       attempt #0
[17:31:30.474]     INFO: Test took 4124ms.
[17:31:31.003]     INFO: Fetched DAQ statistics. Counters are being reset now.
[17:31:31.003]    DEBUG: <PixTest.cc/efficiencyMaps:L380>  eff result size = 1457511
[17:31:31.003]    DEBUG: <PixTest.cc/efficiencyMaps:L386> Create hist HR_xeff_CalDelScan_step1_C0
[17:31:31.003]    DEBUG: <PixTest.cc/efficiencyMaps:L386> Create hist HR_xeff_CalDelScan_step1_C1
[17:31:31.004]    DEBUG: <PixTest.cc/efficiencyMaps:L386> Create hist HR_xeff_CalDelScan_step1_C2
[17:31:31.004]    DEBUG: <PixTest.cc/efficiencyMaps:L386> Create hist HR_xeff_CalDelScan_step1_C3
[17:31:31.004]    DEBUG: <PixTest.cc/efficiencyMaps:L386> Create hist HR_xeff_CalDelScan_step1_C4
[17:31:31.004]    DEBUG: <PixTest.cc/efficiencyMaps:L386> Create hist HR_xeff_CalDelScan_step1_C5
[17:31:31.004]    DEBUG: <PixTest.cc/efficiencyMaps:L386> Create hist HR_xeff_CalDelScan_step1_C6
[17:31:31.004]    DEBUG: <PixTest.cc/efficiencyMaps:L386> Create hist HR_xeff_CalDelScan_step1_C7
[17:31:31.004]    DEBUG: <PixTest.cc/efficiencyMaps:L386> Create hist HR_xeff_CalDelScan_step1_C8
[17:31:31.004]    DEBUG: <PixTest.cc/efficiencyMaps:L386> Create hist HR_xeff_CalDelScan_step1_C9
[17:31:31.004]    DEBUG: <PixTest.cc/efficiencyMaps:L386> Create hist HR_xeff_CalDelScan_step1_C10
[17:31:31.004]    DEBUG: <PixTest.cc/efficiencyMaps:L386> Create hist HR_xeff_CalDelScan_step1_C11
[17:31:31.004]    DEBUG: <PixTest.cc/efficiencyMaps:L386> Create hist HR_xeff_CalDelScan_step1_C12
[17:31:31.004]    DEBUG: <PixTest.cc/efficiencyMaps:L386> Create hist HR_xeff_CalDelScan_step1_C13
[17:31:31.004]    DEBUG: <PixTest.cc/efficiencyMaps:L386> Create hist HR_xeff_CalDelScan_step1_C14
[17:31:31.004]    DEBUG: <PixTest.cc/efficiencyMaps:L386> Create hist HR_xeff_CalDelScan_step1_C15
[17:31:31.004]    DEBUG: <PixTest.cc/efficiencyMaps:L396> booking xray maps for unmasked detector
[17:31:31.107]    DEBUG: <PixTest.cc/efficiencyMaps:L369>       attempt #0
[17:31:35.254]     INFO: Test took 4147ms.
[17:31:35.793]     INFO: Fetched DAQ statistics. Counters are being reset now.
[17:31:35.793]    DEBUG: <PixTest.cc/efficiencyMaps:L380>  eff result size = 1457058
[17:31:35.793]    DEBUG: <PixTest.cc/efficiencyMaps:L386> Create hist HR_xeff_CalDelScan_step2_C0
[17:31:35.794]    DEBUG: <PixTest.cc/efficiencyMaps:L386> Create hist HR_xeff_CalDelScan_step2_C1
[17:31:35.794]    DEBUG: <PixTest.cc/efficiencyMaps:L386> Create hist HR_xeff_CalDelScan_step2_C2
[17:31:35.794]    DEBUG: <PixTest.cc/efficiencyMaps:L386> Create hist HR_xeff_CalDelScan_step2_C3
[17:31:35.794]    DEBUG: <PixTest.cc/efficiencyMaps:L386> Create hist HR_xeff_CalDelScan_step2_C4
[17:31:35.794]    DEBUG: <PixTest.cc/efficiencyMaps:L386> Create hist HR_xeff_CalDelScan_step2_C5
[17:31:35.794]    DEBUG: <PixTest.cc/efficiencyMaps:L386> Create hist HR_xeff_CalDelScan_step2_C6
[17:31:35.794]    DEBUG: <PixTest.cc/efficiencyMaps:L386> Create hist HR_xeff_CalDelScan_step2_C7
[17:31:35.794]    DEBUG: <PixTest.cc/efficiencyMaps:L386> Create hist HR_xeff_CalDelScan_step2_C8
[17:31:35.794]    DEBUG: <PixTest.cc/efficiencyMaps:L386> Create hist HR_xeff_CalDelScan_step2_C9
[17:31:35.794]    DEBUG: <PixTest.cc/efficiencyMaps:L386> Create hist HR_xeff_CalDelScan_step2_C10
[17:31:35.794]    DEBUG: <PixTest.cc/efficiencyMaps:L386> Create hist HR_xeff_CalDelScan_step2_C11
[17:31:35.794]    DEBUG: <PixTest.cc/efficiencyMaps:L386> Create hist HR_xeff_CalDelScan_step2_C12
[17:31:35.794]    DEBUG: <PixTest.cc/efficiencyMaps:L386> Create hist HR_xeff_CalDelScan_step2_C13
[17:31:35.794]    DEBUG: <PixTest.cc/efficiencyMaps:L386> Create hist HR_xeff_CalDelScan_step2_C14
[17:31:35.794]    DEBUG: <PixTest.cc/efficiencyMaps:L386> Create hist HR_xeff_CalDelScan_step2_C15
[17:31:35.794]    DEBUG: <PixTest.cc/efficiencyMaps:L396> booking xray maps for unmasked detector
[17:31:35.896]    DEBUG: <PixTest.cc/efficiencyMaps:L369>       attempt #0
[17:31:39.922]    ERROR: <datapipe.cc/CheckEventValidity:L407> Number of ROCs (6) != Token Chain Length (8)
[17:31:39.923]  WARNING: ROC 6: Readback start marker after 15 readouts!
[17:31:39.923]  WARNING: ROC 7: Readback start marker after 15 readouts!
[17:31:40.037]     INFO: Test took 4141ms.
[17:31:40.577]     INFO: Fetched DAQ statistics. Counters are being reset now.
[17:31:40.577]    DEBUG: <PixTest.cc/efficiencyMaps:L380>  eff result size = 1458180
[17:31:40.577]    DEBUG: <PixTest.cc/efficiencyMaps:L386> Create hist HR_xeff_CalDelScan_step3_C0
[17:31:40.577]    DEBUG: <PixTest.cc/efficiencyMaps:L386> Create hist HR_xeff_CalDelScan_step3_C1
[17:31:40.577]    DEBUG: <PixTest.cc/efficiencyMaps:L386> Create hist HR_xeff_CalDelScan_step3_C2
[17:31:40.577]    DEBUG: <PixTest.cc/efficiencyMaps:L386> Create hist HR_xeff_CalDelScan_step3_C3
[17:31:40.578]    DEBUG: <PixTest.cc/efficiencyMaps:L386> Create hist HR_xeff_CalDelScan_step3_C4
[17:31:40.578]    DEBUG: <PixTest.cc/efficiencyMaps:L386> Create hist HR_xeff_CalDelScan_step3_C5
[17:31:40.578]    DEBUG: <PixTest.cc/efficiencyMaps:L386> Create hist HR_xeff_CalDelScan_step3_C6
[17:31:40.578]    DEBUG: <PixTest.cc/efficiencyMaps:L386> Create hist HR_xeff_CalDelScan_step3_C7
[17:31:40.578]    DEBUG: <PixTest.cc/efficiencyMaps:L386> Create hist HR_xeff_CalDelScan_step3_C8
[17:31:40.578]    DEBUG: <PixTest.cc/efficiencyMaps:L386> Create hist HR_xeff_CalDelScan_step3_C9
[17:31:40.578]    DEBUG: <PixTest.cc/efficiencyMaps:L386> Create hist HR_xeff_CalDelScan_step3_C10
[17:31:40.578]    DEBUG: <PixTest.cc/efficiencyMaps:L386> Create hist HR_xeff_CalDelScan_step3_C11
[17:31:40.578]    DEBUG: <PixTest.cc/efficiencyMaps:L386> Create hist HR_xeff_CalDelScan_step3_C12
[17:31:40.578]    DEBUG: <PixTest.cc/efficiencyMaps:L386> Create hist HR_xeff_CalDelScan_step3_C13
[17:31:40.578]    DEBUG: <PixTest.cc/efficiencyMaps:L386> Create hist HR_xeff_CalDelScan_step3_C14
[17:31:40.578]    DEBUG: <PixTest.cc/efficiencyMaps:L386> Create hist HR_xeff_CalDelScan_step3_C15
[17:31:40.578]    DEBUG: <PixTest.cc/efficiencyMaps:L396> booking xray maps for unmasked detector
[17:31:40.680]    DEBUG: <PixTest.cc/efficiencyMaps:L369>       attempt #0
[17:31:42.714]    ERROR: <datapipe.cc/CheckEventValidity:L407> Number of ROCs (7) != Token Chain Length (8)
[17:31:42.714]  WARNING: ROC 7: Readback start marker after 15 readouts!
[17:31:44.851]     INFO: Test took 4171ms.
[17:31:45.394]     INFO: Fetched DAQ statistics. Counters are being reset now.
[17:31:45.394]    DEBUG: <PixTest.cc/efficiencyMaps:L380>  eff result size = 1458638
[17:31:45.395]    DEBUG: <PixTest.cc/efficiencyMaps:L386> Create hist HR_xeff_CalDelScan_step4_C0
[17:31:45.395]    DEBUG: <PixTest.cc/efficiencyMaps:L386> Create hist HR_xeff_CalDelScan_step4_C1
[17:31:45.395]    DEBUG: <PixTest.cc/efficiencyMaps:L386> Create hist HR_xeff_CalDelScan_step4_C2
[17:31:45.395]    DEBUG: <PixTest.cc/efficiencyMaps:L386> Create hist HR_xeff_CalDelScan_step4_C3
[17:31:45.395]    DEBUG: <PixTest.cc/efficiencyMaps:L386> Create hist HR_xeff_CalDelScan_step4_C4
[17:31:45.395]    DEBUG: <PixTest.cc/efficiencyMaps:L386> Create hist HR_xeff_CalDelScan_step4_C5
[17:31:45.395]    DEBUG: <PixTest.cc/efficiencyMaps:L386> Create hist HR_xeff_CalDelScan_step4_C6
[17:31:45.395]    DEBUG: <PixTest.cc/efficiencyMaps:L386> Create hist HR_xeff_CalDelScan_step4_C7
[17:31:45.395]    DEBUG: <PixTest.cc/efficiencyMaps:L386> Create hist HR_xeff_CalDelScan_step4_C8
[17:31:45.395]    DEBUG: <PixTest.cc/efficiencyMaps:L386> Create hist HR_xeff_CalDelScan_step4_C9
[17:31:45.395]    DEBUG: <PixTest.cc/efficiencyMaps:L386> Create hist HR_xeff_CalDelScan_step4_C10
[17:31:45.395]    DEBUG: <PixTest.cc/efficiencyMaps:L386> Create hist HR_xeff_CalDelScan_step4_C11
[17:31:45.395]    DEBUG: <PixTest.cc/efficiencyMaps:L386> Create hist HR_xeff_CalDelScan_step4_C12
[17:31:45.395]    DEBUG: <PixTest.cc/efficiencyMaps:L386> Create hist HR_xeff_CalDelScan_step4_C13
[17:31:45.395]    DEBUG: <PixTest.cc/efficiencyMaps:L386> Create hist HR_xeff_CalDelScan_step4_C14
[17:31:45.395]    DEBUG: <PixTest.cc/efficiencyMaps:L386> Create hist HR_xeff_CalDelScan_step4_C15
[17:31:45.395]    DEBUG: <PixTest.cc/efficiencyMaps:L396> booking xray maps for unmasked detector
[17:31:45.497]    DEBUG: <PixTest.cc/efficiencyMaps:L369>       attempt #0
[17:31:49.654]     INFO: Test took 4157ms.
[17:31:50.190]     INFO: Fetched DAQ statistics. Counters are being reset now.
[17:31:50.190]    DEBUG: <PixTest.cc/efficiencyMaps:L380>  eff result size = 1455958
[17:31:50.190]    DEBUG: <PixTest.cc/efficiencyMaps:L386> Create hist HR_xeff_CalDelScan_step5_C0
[17:31:50.190]    DEBUG: <PixTest.cc/efficiencyMaps:L386> Create hist HR_xeff_CalDelScan_step5_C1
[17:31:50.190]    DEBUG: <PixTest.cc/efficiencyMaps:L386> Create hist HR_xeff_CalDelScan_step5_C2
[17:31:50.191]    DEBUG: <PixTest.cc/efficiencyMaps:L386> Create hist HR_xeff_CalDelScan_step5_C3
[17:31:50.191]    DEBUG: <PixTest.cc/efficiencyMaps:L386> Create hist HR_xeff_CalDelScan_step5_C4
[17:31:50.191]    DEBUG: <PixTest.cc/efficiencyMaps:L386> Create hist HR_xeff_CalDelScan_step5_C5
[17:31:50.191]    DEBUG: <PixTest.cc/efficiencyMaps:L386> Create hist HR_xeff_CalDelScan_step5_C6
[17:31:50.191]    DEBUG: <PixTest.cc/efficiencyMaps:L386> Create hist HR_xeff_CalDelScan_step5_C7
[17:31:50.191]    DEBUG: <PixTest.cc/efficiencyMaps:L386> Create hist HR_xeff_CalDelScan_step5_C8
[17:31:50.191]    DEBUG: <PixTest.cc/efficiencyMaps:L386> Create hist HR_xeff_CalDelScan_step5_C9
[17:31:50.191]    DEBUG: <PixTest.cc/efficiencyMaps:L386> Create hist HR_xeff_CalDelScan_step5_C10
[17:31:50.191]    DEBUG: <PixTest.cc/efficiencyMaps:L386> Create hist HR_xeff_CalDelScan_step5_C11
[17:31:50.191]    DEBUG: <PixTest.cc/efficiencyMaps:L386> Create hist HR_xeff_CalDelScan_step5_C12
[17:31:50.191]    DEBUG: <PixTest.cc/efficiencyMaps:L386> Create hist HR_xeff_CalDelScan_step5_C13
[17:31:50.191]    DEBUG: <PixTest.cc/efficiencyMaps:L386> Create hist HR_xeff_CalDelScan_step5_C14
[17:31:50.191]    DEBUG: <PixTest.cc/efficiencyMaps:L386> Create hist HR_xeff_CalDelScan_step5_C15
[17:31:50.191]    DEBUG: <PixTest.cc/efficiencyMaps:L396> booking xray maps for unmasked detector
[17:31:50.293]    DEBUG: <PixTest.cc/efficiencyMaps:L369>       attempt #0
[17:31:54.469]     INFO: Test took 4176ms.
[17:31:55.007]     INFO: Fetched DAQ statistics. Counters are being reset now.
[17:31:55.007]    DEBUG: <PixTest.cc/efficiencyMaps:L380>  eff result size = 1453855
[17:31:55.007]    DEBUG: <PixTest.cc/efficiencyMaps:L386> Create hist HR_xeff_CalDelScan_step6_C0
[17:31:55.008]    DEBUG: <PixTest.cc/efficiencyMaps:L386> Create hist HR_xeff_CalDelScan_step6_C1
[17:31:55.008]    DEBUG: <PixTest.cc/efficiencyMaps:L386> Create hist HR_xeff_CalDelScan_step6_C2
[17:31:55.008]    DEBUG: <PixTest.cc/efficiencyMaps:L386> Create hist HR_xeff_CalDelScan_step6_C3
[17:31:55.008]    DEBUG: <PixTest.cc/efficiencyMaps:L386> Create hist HR_xeff_CalDelScan_step6_C4
[17:31:55.008]    DEBUG: <PixTest.cc/efficiencyMaps:L386> Create hist HR_xeff_CalDelScan_step6_C5
[17:31:55.008]    DEBUG: <PixTest.cc/efficiencyMaps:L386> Create hist HR_xeff_CalDelScan_step6_C6
[17:31:55.008]    DEBUG: <PixTest.cc/efficiencyMaps:L386> Create hist HR_xeff_CalDelScan_step6_C7
[17:31:55.008]    DEBUG: <PixTest.cc/efficiencyMaps:L386> Create hist HR_xeff_CalDelScan_step6_C8
[17:31:55.008]    DEBUG: <PixTest.cc/efficiencyMaps:L386> Create hist HR_xeff_CalDelScan_step6_C9
[17:31:55.008]    DEBUG: <PixTest.cc/efficiencyMaps:L386> Create hist HR_xeff_CalDelScan_step6_C10
[17:31:55.008]    DEBUG: <PixTest.cc/efficiencyMaps:L386> Create hist HR_xeff_CalDelScan_step6_C11
[17:31:55.008]    DEBUG: <PixTest.cc/efficiencyMaps:L386> Create hist HR_xeff_CalDelScan_step6_C12
[17:31:55.008]    DEBUG: <PixTest.cc/efficiencyMaps:L386> Create hist HR_xeff_CalDelScan_step6_C13
[17:31:55.008]    DEBUG: <PixTest.cc/efficiencyMaps:L386> Create hist HR_xeff_CalDelScan_step6_C14
[17:31:55.008]    DEBUG: <PixTest.cc/efficiencyMaps:L386> Create hist HR_xeff_CalDelScan_step6_C15
[17:31:55.008]    DEBUG: <PixTest.cc/efficiencyMaps:L396> booking xray maps for unmasked detector
[17:31:55.110]    DEBUG: <PixTest.cc/efficiencyMaps:L369>       attempt #0
[17:31:59.271]     INFO: Test took 4161ms.
[17:31:59.812]     INFO: Fetched DAQ statistics. Counters are being reset now.
[17:31:59.812]    DEBUG: <PixTest.cc/efficiencyMaps:L380>  eff result size = 1451765
[17:31:59.812]    DEBUG: <PixTest.cc/efficiencyMaps:L386> Create hist HR_xeff_CalDelScan_step7_C0
[17:31:59.812]    DEBUG: <PixTest.cc/efficiencyMaps:L386> Create hist HR_xeff_CalDelScan_step7_C1
[17:31:59.812]    DEBUG: <PixTest.cc/efficiencyMaps:L386> Create hist HR_xeff_CalDelScan_step7_C2
[17:31:59.813]    DEBUG: <PixTest.cc/efficiencyMaps:L386> Create hist HR_xeff_CalDelScan_step7_C3
[17:31:59.813]    DEBUG: <PixTest.cc/efficiencyMaps:L386> Create hist HR_xeff_CalDelScan_step7_C4
[17:31:59.813]    DEBUG: <PixTest.cc/efficiencyMaps:L386> Create hist HR_xeff_CalDelScan_step7_C5
[17:31:59.813]    DEBUG: <PixTest.cc/efficiencyMaps:L386> Create hist HR_xeff_CalDelScan_step7_C6
[17:31:59.813]    DEBUG: <PixTest.cc/efficiencyMaps:L386> Create hist HR_xeff_CalDelScan_step7_C7
[17:31:59.813]    DEBUG: <PixTest.cc/efficiencyMaps:L386> Create hist HR_xeff_CalDelScan_step7_C8
[17:31:59.813]    DEBUG: <PixTest.cc/efficiencyMaps:L386> Create hist HR_xeff_CalDelScan_step7_C9
[17:31:59.813]    DEBUG: <PixTest.cc/efficiencyMaps:L386> Create hist HR_xeff_CalDelScan_step7_C10
[17:31:59.813]    DEBUG: <PixTest.cc/efficiencyMaps:L386> Create hist HR_xeff_CalDelScan_step7_C11
[17:31:59.813]    DEBUG: <PixTest.cc/efficiencyMaps:L386> Create hist HR_xeff_CalDelScan_step7_C12
[17:31:59.813]    DEBUG: <PixTest.cc/efficiencyMaps:L386> Create hist HR_xeff_CalDelScan_step7_C13
[17:31:59.813]    DEBUG: <PixTest.cc/efficiencyMaps:L386> Create hist HR_xeff_CalDelScan_step7_C14
[17:31:59.813]    DEBUG: <PixTest.cc/efficiencyMaps:L386> Create hist HR_xeff_CalDelScan_step7_C15
[17:31:59.813]    DEBUG: <PixTest.cc/efficiencyMaps:L396> booking xray maps for unmasked detector
[17:31:59.916]    DEBUG: <PixTest.cc/efficiencyMaps:L369>       attempt #0
[17:32:04.089]     INFO: Test took 4173ms.
[17:32:04.626]     INFO: Fetched DAQ statistics. Counters are being reset now.
[17:32:04.626]    DEBUG: <PixTest.cc/efficiencyMaps:L380>  eff result size = 1450582
[17:32:04.627]    DEBUG: <PixTest.cc/efficiencyMaps:L386> Create hist HR_xeff_CalDelScan_step8_C0
[17:32:04.627]    DEBUG: <PixTest.cc/efficiencyMaps:L386> Create hist HR_xeff_CalDelScan_step8_C1
[17:32:04.627]    DEBUG: <PixTest.cc/efficiencyMaps:L386> Create hist HR_xeff_CalDelScan_step8_C2
[17:32:04.627]    DEBUG: <PixTest.cc/efficiencyMaps:L386> Create hist HR_xeff_CalDelScan_step8_C3
[17:32:04.627]    DEBUG: <PixTest.cc/efficiencyMaps:L386> Create hist HR_xeff_CalDelScan_step8_C4
[17:32:04.627]    DEBUG: <PixTest.cc/efficiencyMaps:L386> Create hist HR_xeff_CalDelScan_step8_C5
[17:32:04.627]    DEBUG: <PixTest.cc/efficiencyMaps:L386> Create hist HR_xeff_CalDelScan_step8_C6
[17:32:04.627]    DEBUG: <PixTest.cc/efficiencyMaps:L386> Create hist HR_xeff_CalDelScan_step8_C7
[17:32:04.627]    DEBUG: <PixTest.cc/efficiencyMaps:L386> Create hist HR_xeff_CalDelScan_step8_C8
[17:32:04.627]    DEBUG: <PixTest.cc/efficiencyMaps:L386> Create hist HR_xeff_CalDelScan_step8_C9
[17:32:04.627]    DEBUG: <PixTest.cc/efficiencyMaps:L386> Create hist HR_xeff_CalDelScan_step8_C10
[17:32:04.627]    DEBUG: <PixTest.cc/efficiencyMaps:L386> Create hist HR_xeff_CalDelScan_step8_C11
[17:32:04.627]    DEBUG: <PixTest.cc/efficiencyMaps:L386> Create hist HR_xeff_CalDelScan_step8_C12
[17:32:04.627]    DEBUG: <PixTest.cc/efficiencyMaps:L386> Create hist HR_xeff_CalDelScan_step8_C13
[17:32:04.627]    DEBUG: <PixTest.cc/efficiencyMaps:L386> Create hist HR_xeff_CalDelScan_step8_C14
[17:32:04.627]    DEBUG: <PixTest.cc/efficiencyMaps:L386> Create hist HR_xeff_CalDelScan_step8_C15
[17:32:04.627]    DEBUG: <PixTest.cc/efficiencyMaps:L396> booking xray maps for unmasked detector
[17:32:04.728]    DEBUG: <PixTest.cc/efficiencyMaps:L369>       attempt #0
[17:32:08.898]     INFO: Test took 4170ms.
[17:32:09.433]     INFO: Fetched DAQ statistics. Counters are being reset now.
[17:32:09.433]    DEBUG: <PixTest.cc/efficiencyMaps:L380>  eff result size = 1448920
[17:32:09.433]    DEBUG: <PixTest.cc/efficiencyMaps:L386> Create hist HR_xeff_CalDelScan_step9_C0
[17:32:09.433]    DEBUG: <PixTest.cc/efficiencyMaps:L386> Create hist HR_xeff_CalDelScan_step9_C1
[17:32:09.433]    DEBUG: <PixTest.cc/efficiencyMaps:L386> Create hist HR_xeff_CalDelScan_step9_C2
[17:32:09.433]    DEBUG: <PixTest.cc/efficiencyMaps:L386> Create hist HR_xeff_CalDelScan_step9_C3
[17:32:09.433]    DEBUG: <PixTest.cc/efficiencyMaps:L386> Create hist HR_xeff_CalDelScan_step9_C4
[17:32:09.433]    DEBUG: <PixTest.cc/efficiencyMaps:L386> Create hist HR_xeff_CalDelScan_step9_C5
[17:32:09.433]    DEBUG: <PixTest.cc/efficiencyMaps:L386> Create hist HR_xeff_CalDelScan_step9_C6
[17:32:09.433]    DEBUG: <PixTest.cc/efficiencyMaps:L386> Create hist HR_xeff_CalDelScan_step9_C7
[17:32:09.433]    DEBUG: <PixTest.cc/efficiencyMaps:L386> Create hist HR_xeff_CalDelScan_step9_C8
[17:32:09.433]    DEBUG: <PixTest.cc/efficiencyMaps:L386> Create hist HR_xeff_CalDelScan_step9_C9
[17:32:09.433]    DEBUG: <PixTest.cc/efficiencyMaps:L386> Create hist HR_xeff_CalDelScan_step9_C10
[17:32:09.433]    DEBUG: <PixTest.cc/efficiencyMaps:L386> Create hist HR_xeff_CalDelScan_step9_C11
[17:32:09.433]    DEBUG: <PixTest.cc/efficiencyMaps:L386> Create hist HR_xeff_CalDelScan_step9_C12
[17:32:09.433]    DEBUG: <PixTest.cc/efficiencyMaps:L386> Create hist HR_xeff_CalDelScan_step9_C13
[17:32:09.434]    DEBUG: <PixTest.cc/efficiencyMaps:L386> Create hist HR_xeff_CalDelScan_step9_C14
[17:32:09.434]    DEBUG: <PixTest.cc/efficiencyMaps:L386> Create hist HR_xeff_CalDelScan_step9_C15
[17:32:09.434]    DEBUG: <PixTest.cc/efficiencyMaps:L396> booking xray maps for unmasked detector
[17:32:09.534]    DEBUG: <PixTest.cc/efficiencyMaps:L369>       attempt #0
[17:32:13.703]     INFO: Test took 4169ms.
[17:32:14.238]     INFO: Fetched DAQ statistics. Counters are being reset now.
[17:32:14.238]    DEBUG: <PixTest.cc/efficiencyMaps:L380>  eff result size = 1451610
[17:32:14.238]    DEBUG: <PixTest.cc/efficiencyMaps:L386> Create hist HR_xeff_CalDelScan_step10_C0
[17:32:14.238]    DEBUG: <PixTest.cc/efficiencyMaps:L386> Create hist HR_xeff_CalDelScan_step10_C1
[17:32:14.238]    DEBUG: <PixTest.cc/efficiencyMaps:L386> Create hist HR_xeff_CalDelScan_step10_C2
[17:32:14.238]    DEBUG: <PixTest.cc/efficiencyMaps:L386> Create hist HR_xeff_CalDelScan_step10_C3
[17:32:14.238]    DEBUG: <PixTest.cc/efficiencyMaps:L386> Create hist HR_xeff_CalDelScan_step10_C4
[17:32:14.238]    DEBUG: <PixTest.cc/efficiencyMaps:L386> Create hist HR_xeff_CalDelScan_step10_C5
[17:32:14.238]    DEBUG: <PixTest.cc/efficiencyMaps:L386> Create hist HR_xeff_CalDelScan_step10_C6
[17:32:14.238]    DEBUG: <PixTest.cc/efficiencyMaps:L386> Create hist HR_xeff_CalDelScan_step10_C7
[17:32:14.238]    DEBUG: <PixTest.cc/efficiencyMaps:L386> Create hist HR_xeff_CalDelScan_step10_C8
[17:32:14.239]    DEBUG: <PixTest.cc/efficiencyMaps:L386> Create hist HR_xeff_CalDelScan_step10_C9
[17:32:14.239]    DEBUG: <PixTest.cc/efficiencyMaps:L386> Create hist HR_xeff_CalDelScan_step10_C10
[17:32:14.239]    DEBUG: <PixTest.cc/efficiencyMaps:L386> Create hist HR_xeff_CalDelScan_step10_C11
[17:32:14.239]    DEBUG: <PixTest.cc/efficiencyMaps:L386> Create hist HR_xeff_CalDelScan_step10_C12
[17:32:14.239]    DEBUG: <PixTest.cc/efficiencyMaps:L386> Create hist HR_xeff_CalDelScan_step10_C13
[17:32:14.239]    DEBUG: <PixTest.cc/efficiencyMaps:L386> Create hist HR_xeff_CalDelScan_step10_C14
[17:32:14.239]    DEBUG: <PixTest.cc/efficiencyMaps:L386> Create hist HR_xeff_CalDelScan_step10_C15
[17:32:14.239]    DEBUG: <PixTest.cc/efficiencyMaps:L396> booking xray maps for unmasked detector
[17:32:14.339]    DEBUG: <PixTest.cc/efficiencyMaps:L369>       attempt #0
[17:32:18.518]     INFO: Test took 4179ms.
[17:32:19.054]     INFO: Fetched DAQ statistics. Counters are being reset now.
[17:32:19.054]    DEBUG: <PixTest.cc/efficiencyMaps:L380>  eff result size = 1450009
[17:32:19.054]    DEBUG: <PixTest.cc/efficiencyMaps:L386> Create hist HR_xeff_CalDelScan_step11_C0
[17:32:19.055]    DEBUG: <PixTest.cc/efficiencyMaps:L386> Create hist HR_xeff_CalDelScan_step11_C1
[17:32:19.055]    DEBUG: <PixTest.cc/efficiencyMaps:L386> Create hist HR_xeff_CalDelScan_step11_C2
[17:32:19.055]    DEBUG: <PixTest.cc/efficiencyMaps:L386> Create hist HR_xeff_CalDelScan_step11_C3
[17:32:19.055]    DEBUG: <PixTest.cc/efficiencyMaps:L386> Create hist HR_xeff_CalDelScan_step11_C4
[17:32:19.055]    DEBUG: <PixTest.cc/efficiencyMaps:L386> Create hist HR_xeff_CalDelScan_step11_C5
[17:32:19.055]    DEBUG: <PixTest.cc/efficiencyMaps:L386> Create hist HR_xeff_CalDelScan_step11_C6
[17:32:19.055]    DEBUG: <PixTest.cc/efficiencyMaps:L386> Create hist HR_xeff_CalDelScan_step11_C7
[17:32:19.055]    DEBUG: <PixTest.cc/efficiencyMaps:L386> Create hist HR_xeff_CalDelScan_step11_C8
[17:32:19.055]    DEBUG: <PixTest.cc/efficiencyMaps:L386> Create hist HR_xeff_CalDelScan_step11_C9
[17:32:19.055]    DEBUG: <PixTest.cc/efficiencyMaps:L386> Create hist HR_xeff_CalDelScan_step11_C10
[17:32:19.055]    DEBUG: <PixTest.cc/efficiencyMaps:L386> Create hist HR_xeff_CalDelScan_step11_C11
[17:32:19.055]    DEBUG: <PixTest.cc/efficiencyMaps:L386> Create hist HR_xeff_CalDelScan_step11_C12
[17:32:19.055]    DEBUG: <PixTest.cc/efficiencyMaps:L386> Create hist HR_xeff_CalDelScan_step11_C13
[17:32:19.055]    DEBUG: <PixTest.cc/efficiencyMaps:L386> Create hist HR_xeff_CalDelScan_step11_C14
[17:32:19.055]    DEBUG: <PixTest.cc/efficiencyMaps:L386> Create hist HR_xeff_CalDelScan_step11_C15
[17:32:19.055]    DEBUG: <PixTest.cc/efficiencyMaps:L396> booking xray maps for unmasked detector
[17:32:19.156]    DEBUG: <PixTest.cc/efficiencyMaps:L369>       attempt #0
[17:32:21.939]    ERROR: <datapipe.cc/CheckEventID:L141>    Event ID mismatch:  local ID (41) !=  TBM ID (42)
[17:32:21.939]    ERROR: <datapipe.cc/CheckEventID:L141>    Event ID mismatch:  local ID (41) !=  TBM ID (42)
[17:32:21.939]  WARNING: ROC 2: Readback start marker after 15 readouts!
[17:32:21.939]  WARNING: ROC 4: Readback start marker after 15 readouts!
[17:32:21.939]  WARNING: ROC 5: Readback start marker after 15 readouts!
[17:32:21.939]  WARNING: ROC 0: Readback start marker after 15 readouts!
[17:32:21.939]  WARNING: ROC 1: Readback start marker after 15 readouts!
[17:32:21.939]  WARNING: ROC 3: Readback start marker after 15 readouts!
[17:32:21.939]  WARNING: ROC 5: Readback start marker after 15 readouts!
[17:32:21.939]  WARNING: ROC 6: Readback start marker after 15 readouts!
[17:32:21.939]  WARNING: ROC 7: Readback start marker after 15 readouts!
[17:32:21.939]  WARNING: ROC 0: Readback start marker after 15 readouts!
[17:32:21.939]  WARNING: ROC 1: Readback start marker after 15 readouts!
[17:32:21.939]  WARNING: ROC 2: Readback start marker after 15 readouts!
[17:32:21.939]  WARNING: ROC 3: Readback start marker after 15 readouts!
[17:32:21.939]  WARNING: ROC 4: Readback start marker after 15 readouts!
[17:32:21.939]  WARNING: ROC 6: Readback start marker after 15 readouts!
[17:32:21.939]  WARNING: ROC 7: Readback start marker after 15 readouts!
[17:32:23.344] CRITICAL: <hal.cc/MultiRocAllPixelsCalibrate:L755> Incomplete DAQ data readout! Missing 1 Events.
[17:32:23.354]    DEBUG: <PixTest.cc/efficiencyMaps:L369>       attempt #1
[17:32:27.518]     INFO: Test took 4164ms.
[17:32:28.055]     INFO: Fetched DAQ statistics. Counters are being reset now.
[17:32:28.055]    DEBUG: <PixTest.cc/efficiencyMaps:L380>  eff result size = 1449908
[17:32:28.055]    DEBUG: <PixTest.cc/efficiencyMaps:L386> Create hist HR_xeff_CalDelScan_step12_C0
[17:32:28.055]    DEBUG: <PixTest.cc/efficiencyMaps:L386> Create hist HR_xeff_CalDelScan_step12_C1
[17:32:28.055]    DEBUG: <PixTest.cc/efficiencyMaps:L386> Create hist HR_xeff_CalDelScan_step12_C2
[17:32:28.055]    DEBUG: <PixTest.cc/efficiencyMaps:L386> Create hist HR_xeff_CalDelScan_step12_C3
[17:32:28.055]    DEBUG: <PixTest.cc/efficiencyMaps:L386> Create hist HR_xeff_CalDelScan_step12_C4
[17:32:28.055]    DEBUG: <PixTest.cc/efficiencyMaps:L386> Create hist HR_xeff_CalDelScan_step12_C5
[17:32:28.055]    DEBUG: <PixTest.cc/efficiencyMaps:L386> Create hist HR_xeff_CalDelScan_step12_C6
[17:32:28.056]    DEBUG: <PixTest.cc/efficiencyMaps:L386> Create hist HR_xeff_CalDelScan_step12_C7
[17:32:28.056]    DEBUG: <PixTest.cc/efficiencyMaps:L386> Create hist HR_xeff_CalDelScan_step12_C8
[17:32:28.056]    DEBUG: <PixTest.cc/efficiencyMaps:L386> Create hist HR_xeff_CalDelScan_step12_C9
[17:32:28.056]    DEBUG: <PixTest.cc/efficiencyMaps:L386> Create hist HR_xeff_CalDelScan_step12_C10
[17:32:28.056]    DEBUG: <PixTest.cc/efficiencyMaps:L386> Create hist HR_xeff_CalDelScan_step12_C11
[17:32:28.056]    DEBUG: <PixTest.cc/efficiencyMaps:L386> Create hist HR_xeff_CalDelScan_step12_C12
[17:32:28.056]    DEBUG: <PixTest.cc/efficiencyMaps:L386> Create hist HR_xeff_CalDelScan_step12_C13
[17:32:28.056]    DEBUG: <PixTest.cc/efficiencyMaps:L386> Create hist HR_xeff_CalDelScan_step12_C14
[17:32:28.056]    DEBUG: <PixTest.cc/efficiencyMaps:L386> Create hist HR_xeff_CalDelScan_step12_C15
[17:32:28.056]    DEBUG: <PixTest.cc/efficiencyMaps:L396> booking xray maps for unmasked detector
[17:32:28.157]    DEBUG: <PixTest.cc/efficiencyMaps:L369>       attempt #0
[17:32:32.368]     INFO: Test took 4211ms.
[17:32:32.897]     INFO: Fetched DAQ statistics. Counters are being reset now.
[17:32:32.897]    DEBUG: <PixTest.cc/efficiencyMaps:L380>  eff result size = 1448857
[17:32:32.898]    DEBUG: <PixTest.cc/efficiencyMaps:L386> Create hist HR_xeff_CalDelScan_step13_C0
[17:32:32.898]    DEBUG: <PixTest.cc/efficiencyMaps:L386> Create hist HR_xeff_CalDelScan_step13_C1
[17:32:32.898]    DEBUG: <PixTest.cc/efficiencyMaps:L386> Create hist HR_xeff_CalDelScan_step13_C2
[17:32:32.898]    DEBUG: <PixTest.cc/efficiencyMaps:L386> Create hist HR_xeff_CalDelScan_step13_C3
[17:32:32.898]    DEBUG: <PixTest.cc/efficiencyMaps:L386> Create hist HR_xeff_CalDelScan_step13_C4
[17:32:32.898]    DEBUG: <PixTest.cc/efficiencyMaps:L386> Create hist HR_xeff_CalDelScan_step13_C5
[17:32:32.898]    DEBUG: <PixTest.cc/efficiencyMaps:L386> Create hist HR_xeff_CalDelScan_step13_C6
[17:32:32.898]    DEBUG: <PixTest.cc/efficiencyMaps:L386> Create hist HR_xeff_CalDelScan_step13_C7
[17:32:32.898]    DEBUG: <PixTest.cc/efficiencyMaps:L386> Create hist HR_xeff_CalDelScan_step13_C8
[17:32:32.898]    DEBUG: <PixTest.cc/efficiencyMaps:L386> Create hist HR_xeff_CalDelScan_step13_C9
[17:32:32.898]    DEBUG: <PixTest.cc/efficiencyMaps:L386> Create hist HR_xeff_CalDelScan_step13_C10
[17:32:32.898]    DEBUG: <PixTest.cc/efficiencyMaps:L386> Create hist HR_xeff_CalDelScan_step13_C11
[17:32:32.898]    DEBUG: <PixTest.cc/efficiencyMaps:L386> Create hist HR_xeff_CalDelScan_step13_C12
[17:32:32.898]    DEBUG: <PixTest.cc/efficiencyMaps:L386> Create hist HR_xeff_CalDelScan_step13_C13
[17:32:32.898]    DEBUG: <PixTest.cc/efficiencyMaps:L386> Create hist HR_xeff_CalDelScan_step13_C14
[17:32:32.898]    DEBUG: <PixTest.cc/efficiencyMaps:L386> Create hist HR_xeff_CalDelScan_step13_C15
[17:32:32.898]    DEBUG: <PixTest.cc/efficiencyMaps:L396> booking xray maps for unmasked detector
[17:32:32.998]    DEBUG: <PixTest.cc/efficiencyMaps:L369>       attempt #0
[17:32:37.193]     INFO: Test took 4195ms.
[17:32:37.726]     INFO: Fetched DAQ statistics. Counters are being reset now.
[17:32:37.726]    DEBUG: <PixTest.cc/efficiencyMaps:L380>  eff result size = 1447311
[17:32:37.726]    DEBUG: <PixTest.cc/efficiencyMaps:L386> Create hist HR_xeff_CalDelScan_step14_C0
[17:32:37.726]    DEBUG: <PixTest.cc/efficiencyMaps:L386> Create hist HR_xeff_CalDelScan_step14_C1
[17:32:37.726]    DEBUG: <PixTest.cc/efficiencyMaps:L386> Create hist HR_xeff_CalDelScan_step14_C2
[17:32:37.726]    DEBUG: <PixTest.cc/efficiencyMaps:L386> Create hist HR_xeff_CalDelScan_step14_C3
[17:32:37.726]    DEBUG: <PixTest.cc/efficiencyMaps:L386> Create hist HR_xeff_CalDelScan_step14_C4
[17:32:37.726]    DEBUG: <PixTest.cc/efficiencyMaps:L386> Create hist HR_xeff_CalDelScan_step14_C5
[17:32:37.726]    DEBUG: <PixTest.cc/efficiencyMaps:L386> Create hist HR_xeff_CalDelScan_step14_C6
[17:32:37.726]    DEBUG: <PixTest.cc/efficiencyMaps:L386> Create hist HR_xeff_CalDelScan_step14_C7
[17:32:37.726]    DEBUG: <PixTest.cc/efficiencyMaps:L386> Create hist HR_xeff_CalDelScan_step14_C8
[17:32:37.726]    DEBUG: <PixTest.cc/efficiencyMaps:L386> Create hist HR_xeff_CalDelScan_step14_C9
[17:32:37.726]    DEBUG: <PixTest.cc/efficiencyMaps:L386> Create hist HR_xeff_CalDelScan_step14_C10
[17:32:37.726]    DEBUG: <PixTest.cc/efficiencyMaps:L386> Create hist HR_xeff_CalDelScan_step14_C11
[17:32:37.726]    DEBUG: <PixTest.cc/efficiencyMaps:L386> Create hist HR_xeff_CalDelScan_step14_C12
[17:32:37.726]    DEBUG: <PixTest.cc/efficiencyMaps:L386> Create hist HR_xeff_CalDelScan_step14_C13
[17:32:37.726]    DEBUG: <PixTest.cc/efficiencyMaps:L386> Create hist HR_xeff_CalDelScan_step14_C14
[17:32:37.727]    DEBUG: <PixTest.cc/efficiencyMaps:L386> Create hist HR_xeff_CalDelScan_step14_C15
[17:32:37.727]    DEBUG: <PixTest.cc/efficiencyMaps:L396> booking xray maps for unmasked detector
[17:32:37.828]    DEBUG: <PixTest.cc/efficiencyMaps:L369>       attempt #0
[17:32:42.033]     INFO: Test took 4205ms.
[17:32:42.567]     INFO: Fetched DAQ statistics. Counters are being reset now.
[17:32:42.567]    DEBUG: <PixTest.cc/efficiencyMaps:L380>  eff result size = 1448562
[17:32:42.567]    DEBUG: <PixTest.cc/efficiencyMaps:L386> Create hist HR_xeff_CalDelScan_step15_C0
[17:32:42.567]    DEBUG: <PixTest.cc/efficiencyMaps:L386> Create hist HR_xeff_CalDelScan_step15_C1
[17:32:42.567]    DEBUG: <PixTest.cc/efficiencyMaps:L386> Create hist HR_xeff_CalDelScan_step15_C2
[17:32:42.567]    DEBUG: <PixTest.cc/efficiencyMaps:L386> Create hist HR_xeff_CalDelScan_step15_C3
[17:32:42.567]    DEBUG: <PixTest.cc/efficiencyMaps:L386> Create hist HR_xeff_CalDelScan_step15_C4
[17:32:42.567]    DEBUG: <PixTest.cc/efficiencyMaps:L386> Create hist HR_xeff_CalDelScan_step15_C5
[17:32:42.567]    DEBUG: <PixTest.cc/efficiencyMaps:L386> Create hist HR_xeff_CalDelScan_step15_C6
[17:32:42.567]    DEBUG: <PixTest.cc/efficiencyMaps:L386> Create hist HR_xeff_CalDelScan_step15_C7
[17:32:42.567]    DEBUG: <PixTest.cc/efficiencyMaps:L386> Create hist HR_xeff_CalDelScan_step15_C8
[17:32:42.567]    DEBUG: <PixTest.cc/efficiencyMaps:L386> Create hist HR_xeff_CalDelScan_step15_C9
[17:32:42.567]    DEBUG: <PixTest.cc/efficiencyMaps:L386> Create hist HR_xeff_CalDelScan_step15_C10
[17:32:42.567]    DEBUG: <PixTest.cc/efficiencyMaps:L386> Create hist HR_xeff_CalDelScan_step15_C11
[17:32:42.567]    DEBUG: <PixTest.cc/efficiencyMaps:L386> Create hist HR_xeff_CalDelScan_step15_C12
[17:32:42.567]    DEBUG: <PixTest.cc/efficiencyMaps:L386> Create hist HR_xeff_CalDelScan_step15_C13
[17:32:42.567]    DEBUG: <PixTest.cc/efficiencyMaps:L386> Create hist HR_xeff_CalDelScan_step15_C14
[17:32:42.567]    DEBUG: <PixTest.cc/efficiencyMaps:L386> Create hist HR_xeff_CalDelScan_step15_C15
[17:32:42.567]    DEBUG: <PixTest.cc/efficiencyMaps:L396> booking xray maps for unmasked detector
[17:32:42.669]    DEBUG: <PixTest.cc/efficiencyMaps:L369>       attempt #0
[17:32:46.854]     INFO: Test took 4185ms.
[17:32:47.388]     INFO: Fetched DAQ statistics. Counters are being reset now.
[17:32:47.388]    DEBUG: <PixTest.cc/efficiencyMaps:L380>  eff result size = 1451008
[17:32:47.389]    DEBUG: <PixTest.cc/efficiencyMaps:L386> Create hist HR_xeff_CalDelScan_step16_C0
[17:32:47.389]    DEBUG: <PixTest.cc/efficiencyMaps:L386> Create hist HR_xeff_CalDelScan_step16_C1
[17:32:47.389]    DEBUG: <PixTest.cc/efficiencyMaps:L386> Create hist HR_xeff_CalDelScan_step16_C2
[17:32:47.389]    DEBUG: <PixTest.cc/efficiencyMaps:L386> Create hist HR_xeff_CalDelScan_step16_C3
[17:32:47.389]    DEBUG: <PixTest.cc/efficiencyMaps:L386> Create hist HR_xeff_CalDelScan_step16_C4
[17:32:47.389]    DEBUG: <PixTest.cc/efficiencyMaps:L386> Create hist HR_xeff_CalDelScan_step16_C5
[17:32:47.389]    DEBUG: <PixTest.cc/efficiencyMaps:L386> Create hist HR_xeff_CalDelScan_step16_C6
[17:32:47.389]    DEBUG: <PixTest.cc/efficiencyMaps:L386> Create hist HR_xeff_CalDelScan_step16_C7
[17:32:47.389]    DEBUG: <PixTest.cc/efficiencyMaps:L386> Create hist HR_xeff_CalDelScan_step16_C8
[17:32:47.389]    DEBUG: <PixTest.cc/efficiencyMaps:L386> Create hist HR_xeff_CalDelScan_step16_C9
[17:32:47.389]    DEBUG: <PixTest.cc/efficiencyMaps:L386> Create hist HR_xeff_CalDelScan_step16_C10
[17:32:47.389]    DEBUG: <PixTest.cc/efficiencyMaps:L386> Create hist HR_xeff_CalDelScan_step16_C11
[17:32:47.389]    DEBUG: <PixTest.cc/efficiencyMaps:L386> Create hist HR_xeff_CalDelScan_step16_C12
[17:32:47.389]    DEBUG: <PixTest.cc/efficiencyMaps:L386> Create hist HR_xeff_CalDelScan_step16_C13
[17:32:47.389]    DEBUG: <PixTest.cc/efficiencyMaps:L386> Create hist HR_xeff_CalDelScan_step16_C14
[17:32:47.389]    DEBUG: <PixTest.cc/efficiencyMaps:L386> Create hist HR_xeff_CalDelScan_step16_C15
[17:32:47.390]    DEBUG: <PixTest.cc/efficiencyMaps:L396> booking xray maps for unmasked detector
[17:32:47.490]    DEBUG: <PixTest.cc/efficiencyMaps:L369>       attempt #0
[17:32:51.654]     INFO: Test took 4164ms.
[17:32:52.191]     INFO: Fetched DAQ statistics. Counters are being reset now.
[17:32:52.191]    DEBUG: <PixTest.cc/efficiencyMaps:L380>  eff result size = 1454693
[17:32:52.191]    DEBUG: <PixTest.cc/efficiencyMaps:L386> Create hist HR_xeff_CalDelScan_step17_C0
[17:32:52.191]    DEBUG: <PixTest.cc/efficiencyMaps:L386> Create hist HR_xeff_CalDelScan_step17_C1
[17:32:52.191]    DEBUG: <PixTest.cc/efficiencyMaps:L386> Create hist HR_xeff_CalDelScan_step17_C2
[17:32:52.191]    DEBUG: <PixTest.cc/efficiencyMaps:L386> Create hist HR_xeff_CalDelScan_step17_C3
[17:32:52.191]    DEBUG: <PixTest.cc/efficiencyMaps:L386> Create hist HR_xeff_CalDelScan_step17_C4
[17:32:52.191]    DEBUG: <PixTest.cc/efficiencyMaps:L386> Create hist HR_xeff_CalDelScan_step17_C5
[17:32:52.191]    DEBUG: <PixTest.cc/efficiencyMaps:L386> Create hist HR_xeff_CalDelScan_step17_C6
[17:32:52.191]    DEBUG: <PixTest.cc/efficiencyMaps:L386> Create hist HR_xeff_CalDelScan_step17_C7
[17:32:52.191]    DEBUG: <PixTest.cc/efficiencyMaps:L386> Create hist HR_xeff_CalDelScan_step17_C8
[17:32:52.191]    DEBUG: <PixTest.cc/efficiencyMaps:L386> Create hist HR_xeff_CalDelScan_step17_C9
[17:32:52.191]    DEBUG: <PixTest.cc/efficiencyMaps:L386> Create hist HR_xeff_CalDelScan_step17_C10
[17:32:52.191]    DEBUG: <PixTest.cc/efficiencyMaps:L386> Create hist HR_xeff_CalDelScan_step17_C11
[17:32:52.191]    DEBUG: <PixTest.cc/efficiencyMaps:L386> Create hist HR_xeff_CalDelScan_step17_C12
[17:32:52.191]    DEBUG: <PixTest.cc/efficiencyMaps:L386> Create hist HR_xeff_CalDelScan_step17_C13
[17:32:52.191]    DEBUG: <PixTest.cc/efficiencyMaps:L386> Create hist HR_xeff_CalDelScan_step17_C14
[17:32:52.191]    DEBUG: <PixTest.cc/efficiencyMaps:L386> Create hist HR_xeff_CalDelScan_step17_C15
[17:32:52.191]    DEBUG: <PixTest.cc/efficiencyMaps:L396> booking xray maps for unmasked detector
[17:32:52.292]    DEBUG: <PixTest.cc/efficiencyMaps:L369>       attempt #0
[17:32:56.394]     INFO: Test took 4102ms.
[17:32:56.933]     INFO: Fetched DAQ statistics. Counters are being reset now.
[17:32:56.933]    DEBUG: <PixTest.cc/efficiencyMaps:L380>  eff result size = 1464413
[17:32:56.934]    DEBUG: <PixTest.cc/efficiencyMaps:L386> Create hist HR_xeff_CalDelScan_step18_C0
[17:32:56.934]    DEBUG: <PixTest.cc/efficiencyMaps:L386> Create hist HR_xeff_CalDelScan_step18_C1
[17:32:56.934]    DEBUG: <PixTest.cc/efficiencyMaps:L386> Create hist HR_xeff_CalDelScan_step18_C2
[17:32:56.934]    DEBUG: <PixTest.cc/efficiencyMaps:L386> Create hist HR_xeff_CalDelScan_step18_C3
[17:32:56.934]    DEBUG: <PixTest.cc/efficiencyMaps:L386> Create hist HR_xeff_CalDelScan_step18_C4
[17:32:56.934]    DEBUG: <PixTest.cc/efficiencyMaps:L386> Create hist HR_xeff_CalDelScan_step18_C5
[17:32:56.934]    DEBUG: <PixTest.cc/efficiencyMaps:L386> Create hist HR_xeff_CalDelScan_step18_C6
[17:32:56.934]    DEBUG: <PixTest.cc/efficiencyMaps:L386> Create hist HR_xeff_CalDelScan_step18_C7
[17:32:56.934]    DEBUG: <PixTest.cc/efficiencyMaps:L386> Create hist HR_xeff_CalDelScan_step18_C8
[17:32:56.934]    DEBUG: <PixTest.cc/efficiencyMaps:L386> Create hist HR_xeff_CalDelScan_step18_C9
[17:32:56.934]    DEBUG: <PixTest.cc/efficiencyMaps:L386> Create hist HR_xeff_CalDelScan_step18_C10
[17:32:56.934]    DEBUG: <PixTest.cc/efficiencyMaps:L386> Create hist HR_xeff_CalDelScan_step18_C11
[17:32:56.934]    DEBUG: <PixTest.cc/efficiencyMaps:L386> Create hist HR_xeff_CalDelScan_step18_C12
[17:32:56.934]    DEBUG: <PixTest.cc/efficiencyMaps:L386> Create hist HR_xeff_CalDelScan_step18_C13
[17:32:56.934]    DEBUG: <PixTest.cc/efficiencyMaps:L386> Create hist HR_xeff_CalDelScan_step18_C14
[17:32:56.934]    DEBUG: <PixTest.cc/efficiencyMaps:L386> Create hist HR_xeff_CalDelScan_step18_C15
[17:32:56.934]    DEBUG: <PixTest.cc/efficiencyMaps:L396> booking xray maps for unmasked detector
[17:32:57.036]    DEBUG: <PixTest.cc/efficiencyMaps:L369>       attempt #0
[17:33:00.999]     INFO: Test took 3963ms.
[17:33:01.527]     INFO: Fetched DAQ statistics. Counters are being reset now.
[17:33:01.527]    DEBUG: <PixTest.cc/efficiencyMaps:L380>  eff result size = 1476056
[17:33:01.527]    DEBUG: <PixTest.cc/efficiencyMaps:L386> Create hist HR_xeff_CalDelScan_step19_C0
[17:33:01.527]    DEBUG: <PixTest.cc/efficiencyMaps:L386> Create hist HR_xeff_CalDelScan_step19_C1
[17:33:01.527]    DEBUG: <PixTest.cc/efficiencyMaps:L386> Create hist HR_xeff_CalDelScan_step19_C2
[17:33:01.527]    DEBUG: <PixTest.cc/efficiencyMaps:L386> Create hist HR_xeff_CalDelScan_step19_C3
[17:33:01.528]    DEBUG: <PixTest.cc/efficiencyMaps:L386> Create hist HR_xeff_CalDelScan_step19_C4
[17:33:01.528]    DEBUG: <PixTest.cc/efficiencyMaps:L386> Create hist HR_xeff_CalDelScan_step19_C5
[17:33:01.528]    DEBUG: <PixTest.cc/efficiencyMaps:L386> Create hist HR_xeff_CalDelScan_step19_C6
[17:33:01.528]    DEBUG: <PixTest.cc/efficiencyMaps:L386> Create hist HR_xeff_CalDelScan_step19_C7
[17:33:01.528]    DEBUG: <PixTest.cc/efficiencyMaps:L386> Create hist HR_xeff_CalDelScan_step19_C8
[17:33:01.528]    DEBUG: <PixTest.cc/efficiencyMaps:L386> Create hist HR_xeff_CalDelScan_step19_C9
[17:33:01.528]    DEBUG: <PixTest.cc/efficiencyMaps:L386> Create hist HR_xeff_CalDelScan_step19_C10
[17:33:01.528]    DEBUG: <PixTest.cc/efficiencyMaps:L386> Create hist HR_xeff_CalDelScan_step19_C11
[17:33:01.528]    DEBUG: <PixTest.cc/efficiencyMaps:L386> Create hist HR_xeff_CalDelScan_step19_C12
[17:33:01.528]    DEBUG: <PixTest.cc/efficiencyMaps:L386> Create hist HR_xeff_CalDelScan_step19_C13
[17:33:01.528]    DEBUG: <PixTest.cc/efficiencyMaps:L386> Create hist HR_xeff_CalDelScan_step19_C14
[17:33:01.528]    DEBUG: <PixTest.cc/efficiencyMaps:L386> Create hist HR_xeff_CalDelScan_step19_C15
[17:33:01.528]    DEBUG: <PixTest.cc/efficiencyMaps:L396> booking xray maps for unmasked detector
[17:33:01.856]    DEBUG: <PixTestHighRate.cc/doCalDelScan:L397> roc  0: caldel = 139 eff = 0.949447
[17:33:01.857]    DEBUG: <PixTestHighRate.cc/doCalDelScan:L397> roc  1: caldel = 139 eff = 0.946827
[17:33:01.857]    DEBUG: <PixTestHighRate.cc/doCalDelScan:L397> roc  2: caldel = 128 eff = 0.933966
[17:33:01.857]    DEBUG: <PixTestHighRate.cc/doCalDelScan:L397> roc  3: caldel = 127 eff = 0.925625
[17:33:01.857]    DEBUG: <PixTestHighRate.cc/doCalDelScan:L397> roc  4: caldel = 155 eff = 0.918269
[17:33:01.857]    DEBUG: <PixTestHighRate.cc/doCalDelScan:L397> roc  5: caldel = 130 eff = 0.908413
[17:33:01.857]    DEBUG: <PixTestHighRate.cc/doCalDelScan:L397> roc  6: caldel = 133 eff = 0.895865
[17:33:01.857]    DEBUG: <PixTestHighRate.cc/doCalDelScan:L397> roc  7: caldel = 140 eff = 0.942212
[17:33:01.857]    DEBUG: <PixTestHighRate.cc/doCalDelScan:L397> roc  8: caldel = 137 eff = 0.944375
[17:33:01.858]    DEBUG: <PixTestHighRate.cc/doCalDelScan:L397> roc  9: caldel = 109 eff = 0.918053
[17:33:01.858]    DEBUG: <PixTestHighRate.cc/doCalDelScan:L397> roc 10: caldel = 136 eff = 0.925938
[17:33:01.858]    DEBUG: <PixTestHighRate.cc/doCalDelScan:L397> roc 11: caldel = 157 eff = 0.926875
[17:33:01.858]    DEBUG: <PixTestHighRate.cc/doCalDelScan:L397> roc 12: caldel = 136 eff = 0.922139
[17:33:01.858]    DEBUG: <PixTestHighRate.cc/doCalDelScan:L397> roc 13: caldel = 138 eff = 0.942163
[17:33:01.858]    DEBUG: <PixTestHighRate.cc/doCalDelScan:L397> roc 14: caldel = 113 eff = 0.955192
[17:33:01.858]    DEBUG: <PixTestHighRate.cc/doCalDelScan:L397> roc 15: caldel = 115 eff = 0.958918
[17:33:01.898]     INFO:    ----------------------------------------------------------------------
[17:33:01.898]     INFO:    PixTestHighRate::xPixelAlive() ntrig = 50, vcal = 200
[17:33:01.898]     INFO:    ----------------------------------------------------------------------
[17:33:01.899]    DEBUG: <PixTestHighRate.cc/doXPixelAlive:L425>  old set: clk: 4
[17:33:01.899]    DEBUG: <PixTestHighRate.cc/doXPixelAlive:L425>  old set: ctr: 4
[17:33:01.899]    DEBUG: <PixTestHighRate.cc/doXPixelAlive:L425>  old set: sda: 19
[17:33:01.899]    DEBUG: <PixTestHighRate.cc/doXPixelAlive:L425>  old set: tin: 9
[17:33:01.899]    DEBUG: <PixTestHighRate.cc/doXPixelAlive:L425>  old set: level: 15
[17:33:01.899]    DEBUG: <PixTestHighRate.cc/doXPixelAlive:L425>  old set: triggerdelay: 0
[17:33:01.899]    DEBUG: <PixTestHighRate.cc/doXPixelAlive:L441>  setting: clk: 4
[17:33:01.899]    DEBUG: <PixTestHighRate.cc/doXPixelAlive:L441>  setting: ctr: 4
[17:33:01.899]    DEBUG: <PixTestHighRate.cc/doXPixelAlive:L441>  setting: sda: 19
[17:33:01.899]    DEBUG: <PixTestHighRate.cc/doXPixelAlive:L441>  setting: tin: 9
[17:33:01.899]    DEBUG: <PixTestHighRate.cc/doXPixelAlive:L441>  setting: level: 15
[17:33:01.899]    DEBUG: <PixTestHighRate.cc/doXPixelAlive:L441>  setting: triggerdelay: 100
[17:33:01.933]     INFO:       reading data/crosscalibrate_UNLconfig/defaultMaskFile.dat
[17:33:01.934]    DEBUG: <PixTest.cc/efficiencyMaps:L369>       attempt #0
[17:33:21.722]     INFO: Test took 19788ms.
[17:33:28.301]     INFO: Fetched DAQ statistics. Counters are being reset now.
[17:33:28.301]    DEBUG: <PixTest.cc/efficiencyMaps:L380>  eff result size = 7195274
[17:33:28.301]    DEBUG: <PixTest.cc/efficiencyMaps:L386> Create hist highRate_C0
[17:33:28.301]    DEBUG: <PixTest.cc/efficiencyMaps:L386> Create hist highRate_C1
[17:33:28.301]    DEBUG: <PixTest.cc/efficiencyMaps:L386> Create hist highRate_C2
[17:33:28.301]    DEBUG: <PixTest.cc/efficiencyMaps:L386> Create hist highRate_C3
[17:33:28.301]    DEBUG: <PixTest.cc/efficiencyMaps:L386> Create hist highRate_C4
[17:33:28.301]    DEBUG: <PixTest.cc/efficiencyMaps:L386> Create hist highRate_C5
[17:33:28.301]    DEBUG: <PixTest.cc/efficiencyMaps:L386> Create hist highRate_C6
[17:33:28.301]    DEBUG: <PixTest.cc/efficiencyMaps:L386> Create hist highRate_C7
[17:33:28.301]    DEBUG: <PixTest.cc/efficiencyMaps:L386> Create hist highRate_C8
[17:33:28.301]    DEBUG: <PixTest.cc/efficiencyMaps:L386> Create hist highRate_C9
[17:33:28.301]    DEBUG: <PixTest.cc/efficiencyMaps:L386> Create hist highRate_C10
[17:33:28.301]    DEBUG: <PixTest.cc/efficiencyMaps:L386> Create hist highRate_C11
[17:33:28.301]    DEBUG: <PixTest.cc/efficiencyMaps:L386> Create hist highRate_C12
[17:33:28.301]    DEBUG: <PixTest.cc/efficiencyMaps:L386> Create hist highRate_C13
[17:33:28.301]    DEBUG: <PixTest.cc/efficiencyMaps:L386> Create hist highRate_C14
[17:33:28.301]    DEBUG: <PixTest.cc/efficiencyMaps:L386> Create hist highRate_C15
[17:33:28.301]    DEBUG: <PixTest.cc/efficiencyMaps:L396> booking xray maps for unmasked detector
[17:33:28.986]     INFO: number of dead pixels (per ROC):     0    0    0    0    0    0    0    0    0    0    1    0    2    0    0    0
[17:33:28.986]     INFO: number of red-efficiency pixels:   111  665 1711 2892 3347 3693 3803 1787 1619 3493 3183 3300 3276 1761  953  506
[17:33:28.986]     INFO: number of X-ray hits detected:    58504 220318 374255 559533 618932 691677 721256 348686 352424 662235 591472 586329 612015 400061 235809 95211
[17:33:28.986]     INFO: number of triggers sent (total per ROC):  208000 208000 208000 208000 208000 208000 208000 208000 208000 208000 208000 208000 208000 208000 208000 208000
[17:33:28.986]     INFO: number of Vcal hits detected:  207882 207199 204478 202058 199804 197923 195878 202264 204713 198628 200649 198890 199873 204116 206514 207286
[17:33:28.986]     INFO: Vcal hit fiducial efficiency (%):  100.0 99.6 98.5 97.4 96.4 95.0 94.6 97.6 98.6 95.8 96.4 95.9 96.4 98.3 99.4 99.7
[17:33:28.986]     INFO: Vcal hit overall efficiency (%):  99.9 99.6 98.3 97.1 96.1 95.2 94.2 97.2 98.4 95.5 96.5 95.6 96.1 98.1 99.3 99.7
[17:33:28.986]     INFO: X-ray hit rate [MHz/cm2]:  17.1 64.6 109.7 164.0 181.4 202.7 211.4 102.2 103.3 194.1 173.4 171.9 179.4 117.3 69.1 27.9
[17:33:28.986]     INFO: PixTestHighRate::doXPixelAlive() done
[17:33:29.035]    DEBUG: <PixTestHighRate.cc/doXPixelAlive:L560>  resetting: clk: 4
[17:33:29.035]    DEBUG: <PixTestHighRate.cc/doXPixelAlive:L560>  resetting: ctr: 4
[17:33:29.035]    DEBUG: <PixTestHighRate.cc/doXPixelAlive:L560>  resetting: sda: 19
[17:33:29.035]    DEBUG: <PixTestHighRate.cc/doXPixelAlive:L560>  resetting: tin: 9
[17:33:29.035]    DEBUG: <PixTestHighRate.cc/doXPixelAlive:L560>  resetting: level: 15
[17:33:29.035]    DEBUG: <PixTestHighRate.cc/doXPixelAlive:L560>  resetting: triggerdelay: 0
[17:33:29.035]     INFO: PixTest::       pg_setup set to default.
[17:33:29.036]     INFO:    ----------------------------------------------------------------------
[17:33:29.036]     INFO:    PixTestHighRate::runDaq() running for 2 seconds
[17:33:29.036]     INFO:    ----------------------------------------------------------------------
[17:33:29.061]     INFO:       reading data/crosscalibrate_UNLconfig/defaultMaskFile.dat
[17:33:29.061]    DEBUG: <PixTestHighRate.cc/doRunDaq:L740>  old set: clk: 4
[17:33:29.061]    DEBUG: <PixTestHighRate.cc/doRunDaq:L740>  old set: ctr: 4
[17:33:29.061]    DEBUG: <PixTestHighRate.cc/doRunDaq:L740>  old set: sda: 19
[17:33:29.061]    DEBUG: <PixTestHighRate.cc/doRunDaq:L740>  old set: tin: 9
[17:33:29.061]    DEBUG: <PixTestHighRate.cc/doRunDaq:L740>  old set: level: 15
[17:33:29.061]    DEBUG: <PixTestHighRate.cc/doRunDaq:L740>  old set: triggerdelay: 0
[17:33:29.061]    DEBUG: <PixTestHighRate.cc/doRunDaq:L756>  setting: clk: 4
[17:33:29.061]    DEBUG: <PixTestHighRate.cc/doRunDaq:L756>  setting: ctr: 4
[17:33:29.061]    DEBUG: <PixTestHighRate.cc/doRunDaq:L756>  setting: sda: 19
[17:33:29.061]    DEBUG: <PixTestHighRate.cc/doRunDaq:L756>  setting: tin: 9
[17:33:29.061]    DEBUG: <PixTestHighRate.cc/doRunDaq:L756>  setting: level: 15
[17:33:29.061]    DEBUG: <PixTestHighRate.cc/doRunDaq:L756>  setting: triggerdelay: 100
[17:33:30.037]     INFO: PixTestHighRate::doHitMap start TriggerLoop with trigger frequency 20 kHz, period 2011 and duration 2 seconds
[17:33:32.077]     INFO: data taking finished, elapsed time: 2 seconds.
[17:33:34.211]    DEBUG: <PixTestHighRate.cc/fillMap:L858> Processing Data: 40567 events with 1387978 pixels
[17:33:34.217]     INFO: PixTest::       pg_setup set to default.
[17:33:34.236]    DEBUG: <PixTestHighRate.cc/doRunDaq:L774> analyzing hitMap_daqbbtest_C0_V0
[17:33:34.236]    DEBUG: <PixTestHighRate.cc/doRunDaq:L774> analyzing hitMap_daqbbtest_C1_V0
[17:33:34.237]    DEBUG: <PixTestHighRate.cc/doRunDaq:L774> analyzing hitMap_daqbbtest_C2_V0
[17:33:34.237]    DEBUG: <PixTestHighRate.cc/doRunDaq:L774> analyzing hitMap_daqbbtest_C3_V0
[17:33:34.237]    DEBUG: <PixTestHighRate.cc/doRunDaq:L774> analyzing hitMap_daqbbtest_C4_V0
[17:33:34.237]    DEBUG: <PixTestHighRate.cc/doRunDaq:L774> analyzing hitMap_daqbbtest_C5_V0
[17:33:34.237]    DEBUG: <PixTestHighRate.cc/doRunDaq:L774> analyzing hitMap_daqbbtest_C6_V0
[17:33:34.237]    DEBUG: <PixTestHighRate.cc/doRunDaq:L774> analyzing hitMap_daqbbtest_C7_V0
[17:33:34.237]    DEBUG: <PixTestHighRate.cc/doRunDaq:L774> analyzing hitMap_daqbbtest_C8_V0
[17:33:34.237]    DEBUG: <PixTestHighRate.cc/doRunDaq:L774> analyzing hitMap_daqbbtest_C9_V0
[17:33:34.237]    DEBUG: <PixTestHighRate.cc/doRunDaq:L774> analyzing hitMap_daqbbtest_C10_V0
[17:33:34.238]    DEBUG: <PixTestHighRate.cc/doRunDaq:L774> analyzing hitMap_daqbbtest_C11_V0
[17:33:34.238]    DEBUG: <PixTestHighRate.cc/doRunDaq:L774> analyzing hitMap_daqbbtest_C12_V0
[17:33:34.238]    DEBUG: <PixTestHighRate.cc/doRunDaq:L774> analyzing hitMap_daqbbtest_C13_V0
[17:33:34.238]    DEBUG: <PixTestHighRate.cc/doRunDaq:L774> analyzing hitMap_daqbbtest_C14_V0
[17:33:34.238]    DEBUG: <PixTestHighRate.cc/doRunDaq:L774> analyzing hitMap_daqbbtest_C15_V0
[17:33:34.238]    DEBUG: <PixTestHighRate.cc/doRunDaq:L786>  resetting: clk: 4
[17:33:34.238]    DEBUG: <PixTestHighRate.cc/doRunDaq:L786>  resetting: ctr: 4
[17:33:34.238]    DEBUG: <PixTestHighRate.cc/doRunDaq:L786>  resetting: sda: 19
[17:33:34.238]    DEBUG: <PixTestHighRate.cc/doRunDaq:L786>  resetting: tin: 9
[17:33:34.238]    DEBUG: <PixTestHighRate.cc/doRunDaq:L786>  resetting: level: 15
[17:33:34.238]    DEBUG: <PixTestHighRate.cc/doRunDaq:L786>  resetting: triggerdelay: 0
[17:33:34.238]     INFO: Pixels without X-ray hits (per ROC):  1984   634   426    45    44   117    44   608   313    46   143    85    43   369   552  1651 
[17:33:34.238]     INFO: PixTestHighRate::doRunDaq() done
[17:33:34.238]     INFO: PixTestHighRate::doTest() done 
[17:35:51.708]    DEBUG: <PixGui.cc/handleButtons:L393> PixGui::exit called
[17:35:51.708]    DEBUG: <PixTestBBMap.cc/~PixTestBBMap:L96> PixTestBBMap dtor
[17:35:51.709]    DEBUG: <PixTestBB2Map.cc/~PixTestBB2Map:L114> PixTestBB2Map dtor
[17:35:51.709]    DEBUG: <PixTestDacDacScan.cc/~PixTestDacDacScan:L135> PixTestDacDacScan dtor
[17:35:51.709]    DEBUG: <PixTestDacScan.cc/~PixTestDacScan:L128> PixTestDacScan dtor
[17:35:51.709]    DEBUG: <PixTestGainPedestal.cc/~PixTestGainPedestal:L121> PixTestGainPedestal dtor
[17:35:51.709]    DEBUG: <PixTestHighRate.cc/~PixTestHighRate:L221> PixTestHighRate dtor
[17:35:51.804]    DEBUG: <PixTestIV.cc/~PixTestIV:L96> PixTestIV dtor
[17:35:51.804]    DEBUG: <PixTestAlive.cc/~PixTestAlive:L108> PixTestAlive dtor
[17:35:51.804]    DEBUG: <PixTestPretest.cc/~PixTestPretest:L133> PixTestPretest dtor
[17:35:51.804]    DEBUG: <PixTestReadback.cc/~PixTestReadback:L89> PixTestReadback dtor, saving tree ... 
[17:35:51.804]    DEBUG: <PixTestScurves.cc/~PixTestScurves:L127> PixTestScurves dtor
[17:35:51.804]    DEBUG: <PixTestTiming.cc/~PixTestTiming:L88> PixTestTiming dtor
[17:35:51.804]    DEBUG: <PixTestTrim.cc/~PixTestTrim:L103> PixTestTrim dtor
[17:35:51.804]    DEBUG: <PixTestXray.cc/~PixTestXray:L215> PixTestXray dtor
[17:35:51.808]    QUIET: Connection to board 58 closed.
[17:35:51.808]    DEBUG: <PixMonitor.cc/dumpSummaries:L34> PixMonitor::dumpSummaries
