[16:31:55.379]     INFO: *** Welcome to pxar ***
[16:31:55.379]     INFO: *** Today: 2015/11/18
[16:31:55.391]     INFO: *** Version: prod-11
[16:31:55.391]     INFO: readRocDacs: data/pa315/dacParameters35_C0.dat .. data/pa315/dacParameters35_C15.dat
[16:31:55.392]     INFO: readTbmDacs: data/pa315/tbmParameters_C0a.dat .. data/pa315/tbmParameters_C0b.dat
[16:31:55.392]     INFO: readMaskFile: data/pa315/defaultMaskFile.dat
[16:31:55.392]     INFO: readTrimFile: data/pa315/trimParameters35_C0.dat .. data/pa315/trimParameters35_C15.dat
[16:31:55.499]     INFO:         clk: 4
[16:31:55.499]     INFO:         ctr: 4
[16:31:55.499]     INFO:         sda: 19
[16:31:55.499]     INFO:         tin: 9
[16:31:55.499]     INFO:         level: 15
[16:31:55.499]     INFO:         triggerdelay: 0
[16:31:55.499]    QUIET: Instanciating API for pxar prod-11
[16:31:55.499]     INFO: Log level: DEBUG
[16:31:55.512]    QUIET: Connection to board DTB_WRPRHI opened.
[16:31:55.516]     INFO: DTB startup information
--- DTB info------------------------------------------
Board id:    58
HW version:  DTB1.2
FW version:  4.2
SW version:  4.4
USB id:      DTB_WRPRHI
MAC address: 40D85511803A
Hostname:    pixelDTB058
Comment:     
------------------------------------------------------
[16:31:55.519]     INFO: RPC call hashes of host and DTB match: 397073690
[16:31:57.124]     INFO: DUT info: 
[16:31:57.124]     INFO: The DUT currently contains the following objects:
[16:31:57.124]     INFO:  2 TBM Cores tbm08c (2 ON)
[16:31:57.124]     INFO: 	TBM Core alpha (0): 7 registers set
[16:31:57.124]     INFO: 	TBM Core beta  (1): 7 registers set
[16:31:57.124]     INFO: 16 ROCs psi46digv21respin (16 ON) with 4160 pixelConfigs
[16:31:57.124]     INFO: 	ROC 0: 19 DACs set, Pixels: 0 masked, 0 active.
[16:31:57.124]     INFO: 	ROC 1: 19 DACs set, Pixels: 0 masked, 0 active.
[16:31:57.124]     INFO: 	ROC 2: 19 DACs set, Pixels: 0 masked, 0 active.
[16:31:57.124]     INFO: 	ROC 3: 19 DACs set, Pixels: 0 masked, 0 active.
[16:31:57.124]     INFO: 	ROC 4: 19 DACs set, Pixels: 0 masked, 0 active.
[16:31:57.124]     INFO: 	ROC 5: 19 DACs set, Pixels: 0 masked, 0 active.
[16:31:57.124]     INFO: 	ROC 6: 19 DACs set, Pixels: 0 masked, 0 active.
[16:31:57.124]     INFO: 	ROC 7: 19 DACs set, Pixels: 0 masked, 0 active.
[16:31:57.125]     INFO: 	ROC 8: 19 DACs set, Pixels: 0 masked, 0 active.
[16:31:57.125]     INFO: 	ROC 9: 19 DACs set, Pixels: 0 masked, 0 active.
[16:31:57.125]     INFO: 	ROC 10: 19 DACs set, Pixels: 0 masked, 0 active.
[16:31:57.125]     INFO: 	ROC 11: 19 DACs set, Pixels: 0 masked, 0 active.
[16:31:57.125]     INFO: 	ROC 12: 19 DACs set, Pixels: 0 masked, 0 active.
[16:31:57.125]     INFO: 	ROC 13: 19 DACs set, Pixels: 0 masked, 0 active.
[16:31:57.125]     INFO: 	ROC 14: 19 DACs set, Pixels: 0 masked, 0 active.
[16:31:57.125]     INFO: 	ROC 15: 19 DACs set, Pixels: 0 masked, 0 active.
[16:31:57.125]    DEBUG: <PixTestParameters.cc/dump:L104> PixTestParameters: ->BB<-
[16:31:57.125]    DEBUG: <PixTestParameters.cc/dump:L107>   dumpall: checkbox(0)
[16:31:57.125]    DEBUG: <PixTestParameters.cc/dump:L107>   dumpproblematic: checkbox(0)
[16:31:57.125]    DEBUG: <PixTestParameters.cc/dump:L107>   ntrig: 5
[16:31:57.125]    DEBUG: <PixTestParameters.cc/dump:L107>   vcals: 250
[16:31:57.125]    DEBUG: <PixTestParameters.cc/dump:L104> PixTestParameters: ->BB2<-
[16:31:57.125]    DEBUG: <PixTestParameters.cc/dump:L107>   ntrig: 10
[16:31:57.125]    DEBUG: <PixTestParameters.cc/dump:L107>   vcals: 222
[16:31:57.125]    DEBUG: <PixTestParameters.cc/dump:L107>   plwidth: 35
[16:31:57.125]    DEBUG: <PixTestParameters.cc/dump:L107>   pix: 11,20
[16:31:57.125]    DEBUG: <PixTestParameters.cc/dump:L107>   targetia: 24
[16:31:57.125]    DEBUG: <PixTestParameters.cc/dump:L104> PixTestParameters: ->BB3<-
[16:31:57.125]    DEBUG: <PixTestParameters.cc/dump:L107>   dumpall: checkbox(0)
[16:31:57.125]    DEBUG: <PixTestParameters.cc/dump:L107>   dumpproblematic: checkbox(0)
[16:31:57.125]    DEBUG: <PixTestParameters.cc/dump:L107>   ntrig: 5
[16:31:57.125]    DEBUG: <PixTestParameters.cc/dump:L107>   vcals: 250
[16:31:57.125]    DEBUG: <PixTestParameters.cc/dump:L104> PixTestParameters: ->BB4<-
[16:31:57.125]    DEBUG: <PixTestParameters.cc/dump:L107>   savecaldelscan: checkbox(0)
[16:31:57.125]    DEBUG: <PixTestParameters.cc/dump:L107>   ntrig: 100
[16:31:57.125]    DEBUG: <PixTestParameters.cc/dump:L107>   cals: 1
[16:31:57.125]    DEBUG: <PixTestParameters.cc/dump:L107>   caldello: 80
[16:31:57.125]    DEBUG: <PixTestParameters.cc/dump:L107>   caldelhi: 200
[16:31:57.126]    DEBUG: <PixTestParameters.cc/dump:L107>   caldelstep: 10
[16:31:57.126]    DEBUG: <PixTestParameters.cc/dump:L107>   vthrcomplo: 70
[16:31:57.126]    DEBUG: <PixTestParameters.cc/dump:L107>   vthrcomphi: 130
[16:31:57.126]    DEBUG: <PixTestParameters.cc/dump:L107>   vthrcompstep: 5
[16:31:57.126]    DEBUG: <PixTestParameters.cc/dump:L107>   noisypixels: 10
[16:31:57.126]    DEBUG: <PixTestParameters.cc/dump:L107>   vcal: 255
[16:31:57.126]    DEBUG: <PixTestParameters.cc/dump:L107>   cut: 0.5
[16:31:57.126]    DEBUG: <PixTestParameters.cc/dump:L104> PixTestParameters: ->Cmd<-
[16:31:57.126]    DEBUG: <PixTestParameters.cc/dump:L104> PixTestParameters: ->DAQ<-
[16:31:57.126]    DEBUG: <PixTestParameters.cc/dump:L107>   delaytbm: checkbox
[16:31:57.126]    DEBUG: <PixTestParameters.cc/dump:L107>   filltree: checkbox
[16:31:57.126]    DEBUG: <PixTestParameters.cc/dump:L107>   trgfrequency(khz): 100
[16:31:57.126]    DEBUG: <PixTestParameters.cc/dump:L107>   maskhotpixels: button
[16:31:57.126]    DEBUG: <PixTestParameters.cc/dump:L107>   trgnumber: 5
[16:31:57.126]    DEBUG: <PixTestParameters.cc/dump:L107>   iterations: 10
[16:31:57.126]    DEBUG: <PixTestParameters.cc/dump:L107>   rundaqtrg: button
[16:31:57.126]    DEBUG: <PixTestParameters.cc/dump:L107>   daqseconds: 30
[16:31:57.126]    DEBUG: <PixTestParameters.cc/dump:L107>   rundaqseconds: button
[16:31:57.126]    DEBUG: <PixTestParameters.cc/dump:L104> PixTestParameters: ->DacDacScan<-
[16:31:57.126]    DEBUG: <PixTestParameters.cc/dump:L107>   phmap: checkbox
[16:31:57.126]    DEBUG: <PixTestParameters.cc/dump:L107>   ntrig: 10
[16:31:57.126]    DEBUG: <PixTestParameters.cc/dump:L107>   dac1: caldel
[16:31:57.126]    DEBUG: <PixTestParameters.cc/dump:L107>   dac1lo: 0
[16:31:57.126]    DEBUG: <PixTestParameters.cc/dump:L107>   dac1hi: 255
[16:31:57.126]    DEBUG: <PixTestParameters.cc/dump:L107>   dac2: vthrcomp
[16:31:57.126]    DEBUG: <PixTestParameters.cc/dump:L107>   dac2lo: 0
[16:31:57.126]    DEBUG: <PixTestParameters.cc/dump:L107>   dac2hi: 255
[16:31:57.126]    DEBUG: <PixTestParameters.cc/dump:L107>   pix: 11,20
[16:31:57.126]    DEBUG: <PixTestParameters.cc/dump:L104> PixTestParameters: ->DacScan<-
[16:31:57.126]    DEBUG: <PixTestParameters.cc/dump:L107>   phmap: checkbox(1)
[16:31:57.126]    DEBUG: <PixTestParameters.cc/dump:L107>   allpixels: checkbox(0)
[16:31:57.126]    DEBUG: <PixTestParameters.cc/dump:L107>   unmasked: checkbox(0)
[16:31:57.126]    DEBUG: <PixTestParameters.cc/dump:L107>   ntrig: 10
[16:31:57.126]    DEBUG: <PixTestParameters.cc/dump:L107>   dac: vcal
[16:31:57.126]    DEBUG: <PixTestParameters.cc/dump:L107>   daclo: 0
[16:31:57.126]    DEBUG: <PixTestParameters.cc/dump:L107>   dachi: 255
[16:31:57.126]    DEBUG: <PixTestParameters.cc/dump:L107>   pix: 11,20
[16:31:57.126]    DEBUG: <PixTestParameters.cc/dump:L104> PixTestParameters: ->GainPedestal<-
[16:31:57.126]    DEBUG: <PixTestParameters.cc/dump:L107>   showfits: checkbox(0)
[16:31:57.126]    DEBUG: <PixTestParameters.cc/dump:L107>   extended: checkbox(0)
[16:31:57.126]    DEBUG: <PixTestParameters.cc/dump:L107>   dumphists: checkbox(0)
[16:31:57.126]    DEBUG: <PixTestParameters.cc/dump:L107>   ntrig: 10
[16:31:57.126]    DEBUG: <PixTestParameters.cc/dump:L107>   vcalstep: 10
[16:31:57.126]    DEBUG: <PixTestParameters.cc/dump:L107>   measure: button
[16:31:57.126]    DEBUG: <PixTestParameters.cc/dump:L107>   fit: button
[16:31:57.126]    DEBUG: <PixTestParameters.cc/dump:L107>   save: button
[16:31:57.126]    DEBUG: <PixTestParameters.cc/dump:L104> PixTestParameters: ->HighRate<-
[16:31:57.126]    DEBUG: <PixTestParameters.cc/dump:L107>   pix: 11,20
[16:31:57.126]    DEBUG: <PixTestParameters.cc/dump:L107>   trimhotpixels: button
[16:31:57.126]    DEBUG: <PixTestParameters.cc/dump:L107>   trimhotpixelthr: 200
[16:31:57.126]    DEBUG: <PixTestParameters.cc/dump:L107>   runsecondshotpixels: 10
[16:31:57.126]    DEBUG: <PixTestParameters.cc/dump:L107>   savetrimbits: checkbox(1)
[16:31:57.126]    DEBUG: <PixTestParameters.cc/dump:L107>   maskuntrimmable: checkbox(1)
[16:31:57.126]    DEBUG: <PixTestParameters.cc/dump:L107>   maskhotpixels: button
[16:31:57.126]    DEBUG: <PixTestParameters.cc/dump:L107>   savemaskfile: checkbox(0)
[16:31:57.126]    DEBUG: <PixTestParameters.cc/dump:L107>   maskfilename: default
[16:31:57.126]    DEBUG: <PixTestParameters.cc/dump:L107>   caldelscan: button
[16:31:57.126]    DEBUG: <PixTestParameters.cc/dump:L107>   xpixelalive: button
[16:31:57.126]    DEBUG: <PixTestParameters.cc/dump:L107>   ntrig: 50
[16:31:57.127]    DEBUG: <PixTestParameters.cc/dump:L107>   vcal: 200
[16:31:57.127]    DEBUG: <PixTestParameters.cc/dump:L107>   xnoisemaps: button
[16:31:57.127]    DEBUG: <PixTestParameters.cc/dump:L107>   daclo: 0
[16:31:57.127]    DEBUG: <PixTestParameters.cc/dump:L107>   dachi: 100
[16:31:57.127]    DEBUG: <PixTestParameters.cc/dump:L107>   dacs/step: 20
[16:31:57.127]    DEBUG: <PixTestParameters.cc/dump:L107>   rundaq: button
[16:31:57.127]    DEBUG: <PixTestParameters.cc/dump:L107>   trgfrequency(khz): 20
[16:31:57.127]    DEBUG: <PixTestParameters.cc/dump:L107>   runseconds: 5
[16:31:57.127]    DEBUG: <PixTestParameters.cc/dump:L107>   triggerdelay: 20
[16:31:57.127]    DEBUG: <PixTestParameters.cc/dump:L107>   delaytbm: checkbox
[16:31:57.127]    DEBUG: <PixTestParameters.cc/dump:L107>   filltree: checkbox
[16:31:57.127]    DEBUG: <PixTestParameters.cc/dump:L104> PixTestParameters: ->IV<-
[16:31:57.127]    DEBUG: <PixTestParameters.cc/dump:L107>   port: /dev/ttyS0
[16:31:57.127]    DEBUG: <PixTestParameters.cc/dump:L107>   voltagestart: 0
[16:31:57.127]    DEBUG: <PixTestParameters.cc/dump:L107>   voltagestop: 600
[16:31:57.127]    DEBUG: <PixTestParameters.cc/dump:L107>   voltagestep: 5
[16:31:57.127]    DEBUG: <PixTestParameters.cc/dump:L107>   delay: 1
[16:31:57.127]    DEBUG: <PixTestParameters.cc/dump:L107>   compliance(ua): 100
[16:31:57.127]    DEBUG: <PixTestParameters.cc/dump:L104> PixTestParameters: ->PhOptimization<-
[16:31:57.127]    DEBUG: <PixTestParameters.cc/dump:L107>   ntrig: 10
[16:31:57.127]    DEBUG: <PixTestParameters.cc/dump:L107>   safetymarginlow: 20
[16:31:57.127]    DEBUG: <PixTestParameters.cc/dump:L107>   saturationvcal: 100
[16:31:57.127]    DEBUG: <PixTestParameters.cc/dump:L107>   quantilesaturation: 0.98
[16:31:57.127]    DEBUG: <PixTestParameters.cc/dump:L104> PixTestParameters: ->PixelAlive<-
[16:31:57.127]    DEBUG: <PixTestParameters.cc/dump:L107>   ntrig: 10
[16:31:57.127]    DEBUG: <PixTestParameters.cc/dump:L107>   vcal: 200
[16:31:57.127]    DEBUG: <PixTestParameters.cc/dump:L107>   alivetest: button
[16:31:57.127]    DEBUG: <PixTestParameters.cc/dump:L107>   masktest: button
[16:31:57.127]    DEBUG: <PixTestParameters.cc/dump:L107>   addressdecodingtest: button
[16:31:57.127]    DEBUG: <PixTestParameters.cc/dump:L104> PixTestParameters: ->Pretest<-
[16:31:57.127]    DEBUG: <PixTestParameters.cc/dump:L107>   programroc: button
[16:31:57.127]    DEBUG: <PixTestParameters.cc/dump:L107>   targetia: 24
[16:31:57.127]    DEBUG: <PixTestParameters.cc/dump:L107>   setvana: button
[16:31:57.127]    DEBUG: <PixTestParameters.cc/dump:L107>   iterations: 100
[16:31:57.127]    DEBUG: <PixTestParameters.cc/dump:L107>   settimings: button
[16:31:57.127]    DEBUG: <PixTestParameters.cc/dump:L107>   findtiming: button
[16:31:57.127]    DEBUG: <PixTestParameters.cc/dump:L107>   findworkingpixel: button
[16:31:57.127]    DEBUG: <PixTestParameters.cc/dump:L107>   setvthrcompcaldel: button
[16:31:57.127]    DEBUG: <PixTestParameters.cc/dump:L107>   pix: 11,20
[16:31:57.127]    DEBUG: <PixTestParameters.cc/dump:L107>   vcal: 250
[16:31:57.127]    DEBUG: <PixTestParameters.cc/dump:L107>   deltavthrcomp: 50
[16:31:57.127]    DEBUG: <PixTestParameters.cc/dump:L107>   fraccaldel: 0.5
[16:31:57.127]    DEBUG: <PixTestParameters.cc/dump:L107>   ntrig: 5
[16:31:57.127]    DEBUG: <PixTestParameters.cc/dump:L107>   savedacs: button
[16:31:57.127]    DEBUG: <PixTestParameters.cc/dump:L104> PixTestParameters: ->Readback<-
[16:31:57.127]    DEBUG: <PixTestParameters.cc/dump:L107>   calibratevd: button
[16:31:57.127]    DEBUG: <PixTestParameters.cc/dump:L107>   calibrateva: button
[16:31:57.127]    DEBUG: <PixTestParameters.cc/dump:L107>   calibrateia: button
[16:31:57.127]    DEBUG: <PixTestParameters.cc/dump:L107>   readbackvbg: button
[16:31:57.127]    DEBUG: <PixTestParameters.cc/dump:L107>   getcalibratedvbg: button
[16:31:57.127]    DEBUG: <PixTestParameters.cc/dump:L107>   usecalvd: checkbox(1)
[16:31:57.127]    DEBUG: <PixTestParameters.cc/dump:L107>   usecalva: checkbox(0)
[16:31:57.127]    DEBUG: <PixTestParameters.cc/dump:L107>   setvana: button
[16:31:57.127]    DEBUG: <PixTestParameters.cc/dump:L104> PixTestParameters: ->Scurves<-
[16:31:57.127]    DEBUG: <PixTestParameters.cc/dump:L107>   adjustvcal: checkbox(0)
[16:31:57.127]    DEBUG: <PixTestParameters.cc/dump:L107>   dumpall: checkbox(0)
[16:31:57.127]    DEBUG: <PixTestParameters.cc/dump:L107>   dumpproblematic: checkbox(0)
[16:31:57.127]    DEBUG: <PixTestParameters.cc/dump:L107>   dumpoutputfile: checkbox(0)
[16:31:57.128]    DEBUG: <PixTestParameters.cc/dump:L107>   ntrig: 50
[16:31:57.128]    DEBUG: <PixTestParameters.cc/dump:L107>   dac: Vcal
[16:31:57.128]    DEBUG: <PixTestParameters.cc/dump:L107>   daclo: 0
[16:31:57.128]    DEBUG: <PixTestParameters.cc/dump:L107>   dachi: 70
[16:31:57.128]    DEBUG: <PixTestParameters.cc/dump:L107>   dacs/step: -1
[16:31:57.128]    DEBUG: <PixTestParameters.cc/dump:L107>   ntrig/step: -1
[16:31:57.128]    DEBUG: <PixTestParameters.cc/dump:L107>   scurves: button
[16:31:57.128]    DEBUG: <PixTestParameters.cc/dump:L104> PixTestParameters: ->Timing<-
[16:31:57.128]    DEBUG: <PixTestParameters.cc/dump:L107>   targetclk: 4
[16:31:57.128]    DEBUG: <PixTestParameters.cc/dump:L107>   ntrig: 10
[16:31:57.128]    DEBUG: <PixTestParameters.cc/dump:L107>   clocksdascan: button
[16:31:57.128]    DEBUG: <PixTestParameters.cc/dump:L107>   notokenpass: checkbox(0)
[16:31:57.128]    DEBUG: <PixTestParameters.cc/dump:L107>   phasescan: button
[16:31:57.128]    DEBUG: <PixTestParameters.cc/dump:L107>   levelscan: button
[16:31:57.128]    DEBUG: <PixTestParameters.cc/dump:L107>   tbmphasescan: button
[16:31:57.128]    DEBUG: <PixTestParameters.cc/dump:L107>   rocdelayscan: button
[16:31:57.128]    DEBUG: <PixTestParameters.cc/dump:L107>   timingtest: button
[16:31:57.128]    DEBUG: <PixTestParameters.cc/dump:L107>   saveparameters: button
[16:31:57.128]    DEBUG: <PixTestParameters.cc/dump:L104> PixTestParameters: ->Trim<-
[16:31:57.128]    DEBUG: <PixTestParameters.cc/dump:L107>   trim: button
[16:31:57.128]    DEBUG: <PixTestParameters.cc/dump:L107>   ntrig: 8
[16:31:57.128]    DEBUG: <PixTestParameters.cc/dump:L107>   vcal: 35
[16:31:57.128]    DEBUG: <PixTestParameters.cc/dump:L107>   trimbits: button
[16:31:57.128]    DEBUG: <PixTestParameters.cc/dump:L104> PixTestParameters: ->Xray<-
[16:31:57.128]    DEBUG: <PixTestParameters.cc/dump:L107>   maskhotpixels: button
[16:31:57.128]    DEBUG: <PixTestParameters.cc/dump:L107>   savemaskfile: checkbox(0)
[16:31:57.128]    DEBUG: <PixTestParameters.cc/dump:L107>   maskfilename: default
[16:31:57.128]    DEBUG: <PixTestParameters.cc/dump:L107>   source: Ag
[16:31:57.128]    DEBUG: <PixTestParameters.cc/dump:L107>   phrun: button
[16:31:57.128]    DEBUG: <PixTestParameters.cc/dump:L107>   runseconds: 240
[16:31:57.128]    DEBUG: <PixTestParameters.cc/dump:L107>   trgfrequency(khz): 100
[16:31:57.128]    DEBUG: <PixTestParameters.cc/dump:L107>   ratescan: button
[16:31:57.128]    DEBUG: <PixTestParameters.cc/dump:L107>   vthrcompmin: 10
[16:31:57.128]    DEBUG: <PixTestParameters.cc/dump:L107>   vthrcompmax: 80
[16:31:57.128]    DEBUG: <PixTestParameters.cc/dump:L107>   stepseconds: 5
[16:31:57.128]    DEBUG: <PixTestParameters.cc/dump:L107>   delaytbm: checkbox
[16:31:57.128]    DEBUG: <PixTestParameters.cc/dump:L107>   filltree: checkbox
[16:31:57.128]    DEBUG: <PixSetup.cc/init:L81> PixSetup init start; getCurrentRSS() = 31191040
[16:31:57.128]    DEBUG: <PixSetup.cc/init:L87> fPixTestParameters = 0xeba030
[16:31:57.128]    DEBUG: <PixSetup.cc/init:L88>  fConfigParameters = 0xe484d0
[16:31:57.128]    DEBUG: <PixSetup.cc/init:L89>        fPxarMemory = 0x7fab95d94010
[16:31:57.128]    DEBUG: <PixSetup.cc/init:L90>         fPxarMemHi = 0x7fab9bfff510
[16:31:57.128]    DEBUG: <PixSetup.cc/init:L106> PixSetup init done;  getCurrentRSS() = 31199232 fPxarMemory = 0x7fab95d94010
[16:31:57.619]    DEBUG: <PixGui.cc/hvOn:L457> HV set On: 0x145ffb0
[16:31:57.690]    DEBUG: <PixTestFactory.cc/PixTestFactory:L53> PixTestFactory::PixTestFactory()
[16:31:57.690]    DEBUG: <PixTestBBMap.cc/init:L79> PixTestBBMap::init()
[16:31:57.691]    DEBUG: <PixTestBBMap.cc/PixTestBBMap:L27> PixTestBBMap ctor(PixSetup &a, string, TGTab *)
[16:31:57.696]    DEBUG: <PixTestBB2Map.cc/setParameter:L58> setting fTargetIa    = 24 mA/ROC
[16:31:57.697]    DEBUG: <PixTestBB2Map.cc/init:L97> PixTestBB2Map::init()
[16:31:57.697]    DEBUG: <PixTestBB2Map.cc/PixTestBB2Map:L29> PixTestBB2Map ctor(PixSetup &a, string, TGTab *)
[16:31:57.713]    DEBUG: <PixTestBB3Map.cc/init:L81> PixTestBB3Map::init()
[16:31:57.713]    DEBUG: <PixTestBB3Map.cc/PixTestBB3Map:L29> PixTestBB3Map ctor(PixSetup &a, string, TGTab *)
[16:31:57.741]    DEBUG: <PixTestBB4Map.cc/init:L93> PixTestBB4Map::init()
[16:31:57.741]    DEBUG: <PixTestBB4Map.cc/PixTestBB4Map:L26> PixTestMapeff ctor(PixSetup &a, string, TGTab *)
[16:31:57.758]     INFO: PixTestCmd::init()
[16:31:57.769]    DEBUG: <PixTestDaq.cc/init:L44> PixTestDaq::init()
[16:31:57.769]    DEBUG: <PixTestDaq.cc/PixTestDaq:L22> PixTestDaq ctor(PixSetup &a, string, TGTab *)
[16:31:57.769]     INFO: readGainPedestalParameters data/pa315/phCalibrationFitErr35_C0.dat .. data/pa315/phCalibrationFitErr35_C15.dat
[16:31:58.015]    DEBUG: <PixTestDacDacScan.cc/init:L103> PixTestDacDacScan::init()
[16:31:58.015]    DEBUG: <PixTestDacDacScan.cc/PixTestDacDacScan:L22> PixTestDacDacScan ctor(PixSetup &a, string, TGTab *)
[16:31:58.030]    DEBUG: <PixTestGainPedestal.cc/setParameter:L83> PixTestGainPedestal::PixTest() fVcalStep = 10
[16:31:58.037]    DEBUG: <PixTestHighRate.cc/setParameter:L68>   setting fParTriggerFrequency -> 20
[16:31:58.037]    DEBUG: <PixTestHighRate.cc/init:L198> PixTestHighRate::init()
[16:31:58.037]    DEBUG: <PixTestHighRate.cc/PixTestHighRate:L31> PixTestHighRate ctor(PixSetup &a, string, TGTab *)
[16:31:58.062]    DEBUG: <PixTest.cc/setTestParameter:L617>  setting  ntrig to new value 10
[16:31:58.062]    DEBUG: <PixTestPhOptimization.cc/setParameter:L37>   setting fParNtrig  ->10<- from sval = 10
[16:31:58.062]    DEBUG: <PixTestPhOptimization.cc/setParameter:L42>   setting fSafetyMarginLow  ->20<- from sval = 20
[16:31:58.062]    DEBUG: <PixTestPhOptimization.cc/setParameter:L48>   setting fVcalMax  ->100<- from sval = 100
[16:31:58.062]    DEBUG: <PixTestPhOptimization.cc/setParameter:L53>   setting fQuantMax  ->0.98<- from sval = 0.98
[16:31:58.068]    DEBUG: <PixTestAlive.cc/init:L77> PixTestAlive::init()
[16:31:58.069]    DEBUG: <PixTestAlive.cc/PixTestAlive:L21> PixTestAlive ctor(PixSetup &a, string, TGTab *)
[16:31:58.091]    DEBUG: <PixTestReadback.cc/setParameter:L172> fCalwVd set to 1
[16:31:58.091]    DEBUG: <PixTestReadback.cc/init:L95> PixTestReadback::init()
[16:31:58.091]    DEBUG: <PixTestReadback.cc/PixTestReadback:L22> PixTestReadback ctor(PixSetup &a, string, TGTab *)
[16:31:58.091]     INFO: readReadbackCal: data/pa315/readbackCal_C0.dat .. data/pa315/readbackCal_C15.dat
[16:31:58.101]    DEBUG: <PixTestScurves.cc/setParameter:L93> set fOutputFilename = 
[16:31:58.109]    DEBUG: <PixTestTiming.cc/setParameter:L51> PixTestTiming::PixTest() targetclk = 4
[16:31:58.109]    DEBUG: <PixTestTiming.cc/setParameter:L55> PixTestTiming::PixTest() ntrig = 10
[16:31:58.109]    DEBUG: <PixTestTiming.cc/setParameter:L46> fNoTokenPass: 0
[16:31:58.109]    DEBUG: <PixTestTiming.cc/init:L65> PixTestTiming::init()
[16:31:58.128]    DEBUG: <PixTestXray.cc/init:L134> PixTestXray::init()
[16:31:58.128]    DEBUG: <PixTestXray.cc/PixTestXray:L28> PixTestXray ctor(PixSetup &a, string, TGTab *)
[16:32:04.149]    DEBUG: <PixTab.cc/buttonClicked:L308> xxxPressed():  caldelscan
[16:32:04.150]    DEBUG: <PixTestHighRate.cc/runCommand:L157> running command: caldelscan
[16:32:04.150]     INFO:    ----------------------------------------------------------------------
[16:32:04.150]     INFO:    PixTestHighRate::calDelScan() ntrig = 10, vcal = 200
[16:32:04.150]     INFO:    ----------------------------------------------------------------------
[16:32:04.289]     INFO: Expecting 768 events.
[16:32:05.426]     INFO: 768 events read in total (418ms).
[16:32:05.615]     INFO: Test took 1461ms.
[16:32:05.622]    DEBUG: <PixTest.cc/efficiencyMaps:L376>       attempt #0
[16:32:06.293]     INFO: Expecting 41600 events.
[16:32:10.109]     INFO: 41600 events read in total (3289ms).
[16:32:10.115]     INFO: Test took 4493ms.
[16:32:10.252]     INFO: Fetched DAQ statistics. Counters are being reset now.
[16:32:10.252]    DEBUG: <PixTest.cc/efficiencyMaps:L387>  eff result size = 793051
[16:32:10.252]    DEBUG: <PixTest.cc/efficiencyMaps:L392> Create hists HR_xeff_CalDelScan_step0_C0 .. HR_xeff_CalDelScan_step0_C15
[16:32:10.253]    DEBUG: <PixTest.cc/efficiencyMaps:L406> booking xray maps for unmasked detector
[16:32:10.311]    DEBUG: <PixTest.cc/efficiencyMaps:L376>       attempt #0
[16:32:10.978]     INFO: Expecting 41600 events.
[16:32:14.882]     INFO: 41600 events read in total (3377ms).
[16:32:14.887]     INFO: Test took 4576ms.
[16:32:15.018]     INFO: Fetched DAQ statistics. Counters are being reset now.
[16:32:15.018]    DEBUG: <PixTest.cc/efficiencyMaps:L387>  eff result size = 800575
[16:32:15.018]    DEBUG: <PixTest.cc/efficiencyMaps:L392> Create hists HR_xeff_CalDelScan_step1_C0 .. HR_xeff_CalDelScan_step1_C15
[16:32:15.018]    DEBUG: <PixTest.cc/efficiencyMaps:L406> booking xray maps for unmasked detector
[16:32:15.079]    DEBUG: <PixTest.cc/efficiencyMaps:L376>       attempt #0
[16:32:15.747]     INFO: Expecting 41600 events.
[16:32:19.712]     INFO: 41600 events read in total (3439ms).
[16:32:19.717]     INFO: Test took 4638ms.
[16:32:19.848]     INFO: Fetched DAQ statistics. Counters are being reset now.
[16:32:19.848]    DEBUG: <PixTest.cc/efficiencyMaps:L387>  eff result size = 802456
[16:32:19.848]    DEBUG: <PixTest.cc/efficiencyMaps:L392> Create hists HR_xeff_CalDelScan_step2_C0 .. HR_xeff_CalDelScan_step2_C15
[16:32:19.849]    DEBUG: <PixTest.cc/efficiencyMaps:L406> booking xray maps for unmasked detector
[16:32:19.910]    DEBUG: <PixTest.cc/efficiencyMaps:L376>       attempt #0
[16:32:20.577]     INFO: Expecting 41600 events.
[16:32:24.546]     INFO: 41600 events read in total (3443ms).
[16:32:24.550]     INFO: Test took 4640ms.
[16:32:24.682]     INFO: Fetched DAQ statistics. Counters are being reset now.
[16:32:24.682]    DEBUG: <PixTest.cc/efficiencyMaps:L387>  eff result size = 804538
[16:32:24.682]    DEBUG: <PixTest.cc/efficiencyMaps:L392> Create hists HR_xeff_CalDelScan_step3_C0 .. HR_xeff_CalDelScan_step3_C15
[16:32:24.682]    DEBUG: <PixTest.cc/efficiencyMaps:L406> booking xray maps for unmasked detector
[16:32:24.743]    DEBUG: <PixTest.cc/efficiencyMaps:L376>       attempt #0
[16:32:25.410]     INFO: Expecting 41600 events.
[16:32:29.365]     INFO: 41600 events read in total (3429ms).
[16:32:29.370]     INFO: Test took 4627ms.
[16:32:29.503]     INFO: Fetched DAQ statistics. Counters are being reset now.
[16:32:29.504]    DEBUG: <PixTest.cc/efficiencyMaps:L387>  eff result size = 803418
[16:32:29.504]    DEBUG: <PixTest.cc/efficiencyMaps:L392> Create hists HR_xeff_CalDelScan_step4_C0 .. HR_xeff_CalDelScan_step4_C15
[16:32:29.504]    DEBUG: <PixTest.cc/efficiencyMaps:L406> booking xray maps for unmasked detector
[16:32:29.565]    DEBUG: <PixTest.cc/efficiencyMaps:L376>       attempt #0
[16:32:30.232]     INFO: Expecting 41600 events.
[16:32:34.259]     INFO: 41600 events read in total (3501ms).
[16:32:34.264]     INFO: Test took 4699ms.
[16:32:34.395]     INFO: Fetched DAQ statistics. Counters are being reset now.
[16:32:34.395]    DEBUG: <PixTest.cc/efficiencyMaps:L387>  eff result size = 803365
[16:32:34.395]    DEBUG: <PixTest.cc/efficiencyMaps:L392> Create hists HR_xeff_CalDelScan_step5_C0 .. HR_xeff_CalDelScan_step5_C15
[16:32:34.396]    DEBUG: <PixTest.cc/efficiencyMaps:L406> booking xray maps for unmasked detector
[16:32:34.456]    DEBUG: <PixTest.cc/efficiencyMaps:L376>       attempt #0
[16:32:35.123]     INFO: Expecting 41600 events.
[16:32:39.091]     INFO: 41600 events read in total (3441ms).
[16:32:39.096]     INFO: Test took 4640ms.
[16:32:39.227]     INFO: Fetched DAQ statistics. Counters are being reset now.
[16:32:39.227]    DEBUG: <PixTest.cc/efficiencyMaps:L387>  eff result size = 804559
[16:32:39.227]    DEBUG: <PixTest.cc/efficiencyMaps:L392> Create hists HR_xeff_CalDelScan_step6_C0 .. HR_xeff_CalDelScan_step6_C15
[16:32:39.228]    DEBUG: <PixTest.cc/efficiencyMaps:L406> booking xray maps for unmasked detector
[16:32:39.288]    DEBUG: <PixTest.cc/efficiencyMaps:L376>       attempt #0
[16:32:39.956]     INFO: Expecting 41600 events.
[16:32:43.949]     INFO: 41600 events read in total (3466ms).
[16:32:43.954]     INFO: Test took 4666ms.
[16:32:44.084]     INFO: Fetched DAQ statistics. Counters are being reset now.
[16:32:44.084]    DEBUG: <PixTest.cc/efficiencyMaps:L387>  eff result size = 805091
[16:32:44.084]    DEBUG: <PixTest.cc/efficiencyMaps:L392> Create hists HR_xeff_CalDelScan_step7_C0 .. HR_xeff_CalDelScan_step7_C15
[16:32:44.085]    DEBUG: <PixTest.cc/efficiencyMaps:L406> booking xray maps for unmasked detector
[16:32:44.146]    DEBUG: <PixTest.cc/efficiencyMaps:L376>       attempt #0
[16:32:44.813]     INFO: Expecting 41600 events.
[16:32:48.836]     INFO: 41600 events read in total (3496ms).
[16:32:48.841]     INFO: Test took 4695ms.
[16:32:48.972]     INFO: Fetched DAQ statistics. Counters are being reset now.
[16:32:48.972]    DEBUG: <PixTest.cc/efficiencyMaps:L387>  eff result size = 804929
[16:32:48.972]    DEBUG: <PixTest.cc/efficiencyMaps:L392> Create hists HR_xeff_CalDelScan_step8_C0 .. HR_xeff_CalDelScan_step8_C15
[16:32:48.972]    DEBUG: <PixTest.cc/efficiencyMaps:L406> booking xray maps for unmasked detector
[16:32:49.033]    DEBUG: <PixTest.cc/efficiencyMaps:L376>       attempt #0
[16:32:49.700]     INFO: Expecting 41600 events.
[16:32:53.683]     INFO: 41600 events read in total (3457ms).
[16:32:53.688]     INFO: Test took 4655ms.
[16:32:53.820]     INFO: Fetched DAQ statistics. Counters are being reset now.
[16:32:53.820]    DEBUG: <PixTest.cc/efficiencyMaps:L387>  eff result size = 803252
[16:32:53.820]    DEBUG: <PixTest.cc/efficiencyMaps:L392> Create hists HR_xeff_CalDelScan_step9_C0 .. HR_xeff_CalDelScan_step9_C15
[16:32:53.820]    DEBUG: <PixTest.cc/efficiencyMaps:L406> booking xray maps for unmasked detector
[16:32:53.881]    DEBUG: <PixTest.cc/efficiencyMaps:L376>       attempt #0
[16:32:54.547]     INFO: Expecting 41600 events.
[16:32:58.538]     INFO: 41600 events read in total (3464ms).
[16:32:58.543]     INFO: Test took 4662ms.
[16:32:58.674]     INFO: Fetched DAQ statistics. Counters are being reset now.
[16:32:58.674]    DEBUG: <PixTest.cc/efficiencyMaps:L387>  eff result size = 805587
[16:32:58.674]    DEBUG: <PixTest.cc/efficiencyMaps:L392> Create hists HR_xeff_CalDelScan_step10_C0 .. HR_xeff_CalDelScan_step10_C15
[16:32:58.675]    DEBUG: <PixTest.cc/efficiencyMaps:L406> booking xray maps for unmasked detector
[16:32:58.735]    DEBUG: <PixTest.cc/efficiencyMaps:L376>       attempt #0
[16:32:59.402]     INFO: Expecting 41600 events.
[16:33:03.401]     INFO: 41600 events read in total (3472ms).
[16:33:03.406]     INFO: Test took 4671ms.
[16:33:03.541]     INFO: Fetched DAQ statistics. Counters are being reset now.
[16:33:03.541]    DEBUG: <PixTest.cc/efficiencyMaps:L387>  eff result size = 804947
[16:33:03.542]    DEBUG: <PixTest.cc/efficiencyMaps:L392> Create hists HR_xeff_CalDelScan_step11_C0 .. HR_xeff_CalDelScan_step11_C15
[16:33:03.542]    DEBUG: <PixTest.cc/efficiencyMaps:L406> booking xray maps for unmasked detector
[16:33:03.602]    DEBUG: <PixTest.cc/efficiencyMaps:L376>       attempt #0
[16:33:04.269]     INFO: Expecting 41600 events.
[16:33:08.279]     INFO: 41600 events read in total (3483ms).
[16:33:08.284]     INFO: Test took 4682ms.
[16:33:08.417]     INFO: Fetched DAQ statistics. Counters are being reset now.
[16:33:08.417]    DEBUG: <PixTest.cc/efficiencyMaps:L387>  eff result size = 803449
[16:33:08.417]    DEBUG: <PixTest.cc/efficiencyMaps:L392> Create hists HR_xeff_CalDelScan_step12_C0 .. HR_xeff_CalDelScan_step12_C15
[16:33:08.417]    DEBUG: <PixTest.cc/efficiencyMaps:L406> booking xray maps for unmasked detector
[16:33:08.478]    DEBUG: <PixTest.cc/efficiencyMaps:L376>       attempt #0
[16:33:09.145]     INFO: Expecting 41600 events.
[16:33:13.128]     INFO: 41600 events read in total (3456ms).
[16:33:13.133]     INFO: Test took 4655ms.
[16:33:13.266]     INFO: Fetched DAQ statistics. Counters are being reset now.
[16:33:13.267]    DEBUG: <PixTest.cc/efficiencyMaps:L387>  eff result size = 804450
[16:33:13.267]    DEBUG: <PixTest.cc/efficiencyMaps:L392> Create hists HR_xeff_CalDelScan_step13_C0 .. HR_xeff_CalDelScan_step13_C15
[16:33:13.267]    DEBUG: <PixTest.cc/efficiencyMaps:L406> booking xray maps for unmasked detector
[16:33:13.328]    DEBUG: <PixTest.cc/efficiencyMaps:L376>       attempt #0
[16:33:13.995]     INFO: Expecting 41600 events.
[16:33:17.979]     INFO: 41600 events read in total (3457ms).
[16:33:17.984]     INFO: Test took 4656ms.
[16:33:18.113]     INFO: Fetched DAQ statistics. Counters are being reset now.
[16:33:18.113]    DEBUG: <PixTest.cc/efficiencyMaps:L387>  eff result size = 803685
[16:33:18.113]    DEBUG: <PixTest.cc/efficiencyMaps:L392> Create hists HR_xeff_CalDelScan_step14_C0 .. HR_xeff_CalDelScan_step14_C15
[16:33:18.113]    DEBUG: <PixTest.cc/efficiencyMaps:L406> booking xray maps for unmasked detector
[16:33:18.175]    DEBUG: <PixTest.cc/efficiencyMaps:L376>       attempt #0
[16:33:18.842]     INFO: Expecting 41600 events.
[16:33:22.824]     INFO: 41600 events read in total (3456ms).
[16:33:22.829]     INFO: Test took 4654ms.
[16:33:22.961]     INFO: Fetched DAQ statistics. Counters are being reset now.
[16:33:22.961]    DEBUG: <PixTest.cc/efficiencyMaps:L387>  eff result size = 805350
[16:33:22.961]    DEBUG: <PixTest.cc/efficiencyMaps:L392> Create hists HR_xeff_CalDelScan_step15_C0 .. HR_xeff_CalDelScan_step15_C15
[16:33:22.962]    DEBUG: <PixTest.cc/efficiencyMaps:L406> booking xray maps for unmasked detector
[16:33:23.023]    DEBUG: <PixTest.cc/efficiencyMaps:L376>       attempt #0
[16:33:23.690]     INFO: Expecting 41600 events.
[16:33:27.692]     INFO: 41600 events read in total (3475ms).
[16:33:27.697]     INFO: Test took 4674ms.
[16:33:27.830]     INFO: Fetched DAQ statistics. Counters are being reset now.
[16:33:27.830]    DEBUG: <PixTest.cc/efficiencyMaps:L387>  eff result size = 802292
[16:33:27.830]    DEBUG: <PixTest.cc/efficiencyMaps:L392> Create hists HR_xeff_CalDelScan_step16_C0 .. HR_xeff_CalDelScan_step16_C15
[16:33:27.830]    DEBUG: <PixTest.cc/efficiencyMaps:L406> booking xray maps for unmasked detector
[16:33:27.891]    DEBUG: <PixTest.cc/efficiencyMaps:L376>       attempt #0
[16:33:28.558]     INFO: Expecting 41600 events.
[16:33:32.531]     INFO: 41600 events read in total (3447ms).
[16:33:32.535]     INFO: Test took 4644ms.
[16:33:32.667]     INFO: Fetched DAQ statistics. Counters are being reset now.
[16:33:32.668]    DEBUG: <PixTest.cc/efficiencyMaps:L387>  eff result size = 803134
[16:33:32.668]    DEBUG: <PixTest.cc/efficiencyMaps:L392> Create hists HR_xeff_CalDelScan_step17_C0 .. HR_xeff_CalDelScan_step17_C15
[16:33:32.668]    DEBUG: <PixTest.cc/efficiencyMaps:L406> booking xray maps for unmasked detector
[16:33:32.729]    DEBUG: <PixTest.cc/efficiencyMaps:L376>       attempt #0
[16:33:33.395]     INFO: Expecting 41600 events.
[16:33:37.352]     INFO: 41600 events read in total (3430ms).
[16:33:37.357]     INFO: Test took 4628ms.
[16:33:37.487]     INFO: Fetched DAQ statistics. Counters are being reset now.
[16:33:37.487]    DEBUG: <PixTest.cc/efficiencyMaps:L387>  eff result size = 801365
[16:33:37.487]    DEBUG: <PixTest.cc/efficiencyMaps:L392> Create hists HR_xeff_CalDelScan_step18_C0 .. HR_xeff_CalDelScan_step18_C15
[16:33:37.488]    DEBUG: <PixTest.cc/efficiencyMaps:L406> booking xray maps for unmasked detector
[16:33:37.549]    DEBUG: <PixTest.cc/efficiencyMaps:L376>       attempt #0
[16:33:38.216]     INFO: Expecting 41600 events.
[16:33:41.995]     INFO: 41600 events read in total (3253ms).
[16:33:42.000]     INFO: Test took 4451ms.
[16:33:42.132]     INFO: Fetched DAQ statistics. Counters are being reset now.
[16:33:42.132]    DEBUG: <PixTest.cc/efficiencyMaps:L387>  eff result size = 795465
[16:33:42.132]    DEBUG: <PixTest.cc/efficiencyMaps:L392> Create hists HR_xeff_CalDelScan_step19_C0 .. HR_xeff_CalDelScan_step19_C15
[16:33:42.133]    DEBUG: <PixTest.cc/efficiencyMaps:L406> booking xray maps for unmasked detector
[16:33:42.416]    DEBUG: <PixTestHighRate.cc/doCalDelScan:L422> roc  0: caldel = 166 eff = 0.998942
[16:33:42.416]    DEBUG: <PixTestHighRate.cc/doCalDelScan:L422> roc  1: caldel = 133 eff = 0.999038
[16:33:42.417]    DEBUG: <PixTestHighRate.cc/doCalDelScan:L422> roc  2: caldel = 143 eff = 0.997548
[16:33:42.417]    DEBUG: <PixTestHighRate.cc/doCalDelScan:L422> roc  3: caldel = 145 eff = 0.995577
[16:33:42.417]    DEBUG: <PixTestHighRate.cc/doCalDelScan:L422> roc  4: caldel = 142 eff = 0.994952
[16:33:42.417]    DEBUG: <PixTestHighRate.cc/doCalDelScan:L422> roc  5: caldel = 157 eff = 0.995433
[16:33:42.417]    DEBUG: <PixTestHighRate.cc/doCalDelScan:L422> roc  6: caldel = 143 eff = 0.99601
[16:33:42.417]    DEBUG: <PixTestHighRate.cc/doCalDelScan:L422> roc  7: caldel = 159 eff = 0.999928
[16:33:42.417]    DEBUG: <PixTestHighRate.cc/doCalDelScan:L422> roc  8: caldel = 142 eff = 0.999928
[16:33:42.417]    DEBUG: <PixTestHighRate.cc/doCalDelScan:L422> roc  9: caldel = 167 eff = 0.995673
[16:33:42.418]    DEBUG: <PixTestHighRate.cc/doCalDelScan:L422> roc 10: caldel = 153 eff = 0.994399
[16:33:42.418]    DEBUG: <PixTestHighRate.cc/doCalDelScan:L422> roc 11: caldel = 150 eff = 0.995409
[16:33:42.418]    DEBUG: <PixTestHighRate.cc/doCalDelScan:L422> roc 12: caldel = 161 eff = 0.994255
[16:33:42.418]    DEBUG: <PixTestHighRate.cc/doCalDelScan:L422> roc 13: caldel = 151 eff = 0.997885
[16:33:42.418]    DEBUG: <PixTestHighRate.cc/doCalDelScan:L422> roc 14: caldel = 127 eff = 0.998942
[16:33:42.418]    DEBUG: <PixTestHighRate.cc/doCalDelScan:L422> roc 15: caldel = 144 eff = 0.998654
[16:33:46.693]    DEBUG: <PixTab.cc/buttonClicked:L308> xxxPressed():  xpixelalive
[16:33:46.693]    DEBUG: <PixTestHighRate.cc/runCommand:L157> running command: xpixelalive
[16:33:46.694]     INFO:    ----------------------------------------------------------------------
[16:33:46.694]     INFO:    PixTestHighRate::xPixelAlive() ntrig = 50, vcal = 200
[16:33:46.694]     INFO:    ----------------------------------------------------------------------
[16:33:46.694]    DEBUG: <PixTestHighRate.cc/doXPixelAlive:L451>  old set: clk: 4
[16:33:46.694]    DEBUG: <PixTestHighRate.cc/doXPixelAlive:L451>  old set: ctr: 4
[16:33:46.694]    DEBUG: <PixTestHighRate.cc/doXPixelAlive:L451>  old set: sda: 19
[16:33:46.694]    DEBUG: <PixTestHighRate.cc/doXPixelAlive:L451>  old set: tin: 9
[16:33:46.694]    DEBUG: <PixTestHighRate.cc/doXPixelAlive:L451>  old set: level: 15
[16:33:46.694]    DEBUG: <PixTestHighRate.cc/doXPixelAlive:L451>  old set: triggerdelay: 0
[16:33:46.694]    DEBUG: <PixTestHighRate.cc/doXPixelAlive:L467>  setting: clk: 4
[16:33:46.694]    DEBUG: <PixTestHighRate.cc/doXPixelAlive:L467>  setting: ctr: 4
[16:33:46.694]    DEBUG: <PixTestHighRate.cc/doXPixelAlive:L467>  setting: sda: 19
[16:33:46.694]    DEBUG: <PixTestHighRate.cc/doXPixelAlive:L467>  setting: tin: 9
[16:33:46.694]    DEBUG: <PixTestHighRate.cc/doXPixelAlive:L467>  setting: level: 15
[16:33:46.694]    DEBUG: <PixTestHighRate.cc/doXPixelAlive:L467>  setting: triggerdelay: 20
[16:33:46.737]    DEBUG: <PixTest.cc/efficiencyMaps:L376>       attempt #0
[16:33:47.407]     INFO: Expecting 208000 events.
[16:34:04.764]     INFO: 208000 events read in total (16831ms).
[16:34:04.782]     INFO: Test took 18045ms.
[16:34:05.427]     INFO: Fetched DAQ statistics. Counters are being reset now.
[16:34:05.427]    DEBUG: <PixTest.cc/efficiencyMaps:L387>  eff result size = 3708214
[16:34:05.427]    DEBUG: <PixTest.cc/efficiencyMaps:L392> Create hists highRate_C0 .. highRate_C15
[16:34:05.427]    DEBUG: <PixTest.cc/efficiencyMaps:L406> booking xray maps for unmasked detector
[16:34:05.902]     INFO: number of dead pixels (per ROC):     0    0    0    0    1    0    0    0    0    2    1    0    1    0    0    0
[16:34:05.902]     INFO: number of red-efficiency pixels:   305  208  448  736  903  910  660   32   19  721  941  813  896  495  240  250
[16:34:05.902]     INFO: number of X-ray hits detected:    181367 125914 209688 317308 334358 332728 297457 20471 14731 304798 343990 315617 332533 216725 131245 162729
[16:34:05.902]     INFO: number of triggers sent (total per ROC):  208000 208000 208000 208000 208000 208000 208000 208000 208000 208000 208000 208000 208000 208000 208000 208000
[16:34:05.902]     INFO: number of Vcal hits detected:  207674 207780 207486 207165 206845 206926 207264 207967 207981 207086 206849 207050 206762 207426 207746 207738
[16:34:05.902]     INFO: Vcal hit fiducial efficiency (%):  99.9 99.9 99.8 99.6 99.5 99.5 99.7 100.0 100.0 99.6 99.5 99.6 99.5 99.7 99.9 99.9
[16:34:05.902]     INFO: Vcal hit overall efficiency (%):  99.8 99.9 99.8 99.6 99.4 99.5 99.6 100.0 100.0 99.6 99.4 99.5 99.4 99.7 99.9 99.9
[16:34:05.902]     INFO: X-ray hit rate [MHz/cm2]:  53.2 36.9 61.5 93.0 98.0 97.5 87.2 6.0 4.3 89.3 100.8 92.5 97.5 63.5 38.5 47.7
[16:34:05.902]     INFO: PixTestHighRate::doXPixelAlive() done
[16:34:05.948]    DEBUG: <PixTestHighRate.cc/doXPixelAlive:L586>  resetting: clk: 4
[16:34:05.948]    DEBUG: <PixTestHighRate.cc/doXPixelAlive:L586>  resetting: ctr: 4
[16:34:05.948]    DEBUG: <PixTestHighRate.cc/doXPixelAlive:L586>  resetting: sda: 19
[16:34:05.948]    DEBUG: <PixTestHighRate.cc/doXPixelAlive:L586>  resetting: tin: 9
[16:34:05.948]    DEBUG: <PixTestHighRate.cc/doXPixelAlive:L586>  resetting: level: 15
[16:34:05.948]    DEBUG: <PixTestHighRate.cc/doXPixelAlive:L586>  resetting: triggerdelay: 0
[16:34:05.948]     INFO: PixTest::       pg_setup set to default.
[16:34:14.149]    DEBUG: <PixTest.cc/moduleMap:L1009> moduleMap histname: what
[16:34:14.149]    DEBUG: <PixTest.cc/moduleMap:L1019> h1->GetName() = highRate_xraymap_C5_V0 -> highRate_xraymap_mod
[16:36:30.845]    DEBUG: <PixGui.cc/handleButtons:L393> PixGui::exit called
[16:36:30.846]    DEBUG: <PixTestBBMap.cc/~PixTestBBMap:L97> PixTestBBMap dtor
[16:36:30.846]    DEBUG: <PixTestBB2Map.cc/~PixTestBB2Map:L115> PixTestBB2Map dtor
[16:36:30.846]    DEBUG: <PixTestBB3Map.cc/~PixTestBB3Map:L99> PixTestBB3Map dtor
[16:36:30.846]    DEBUG: <PixTestBB4Map.cc/~PixTestBB4Map:L118> PixTestBB4Map dtor
[16:36:30.846]    DEBUG: <PixTestCmd.cc/~PixTestCmd:L77> PixTestCmd dtor
[16:36:30.846]    DEBUG: <PixTestDaq.cc/~PixTestDaq:L37> PixTestDaq dtor
[16:36:30.846]    DEBUG: <PixTestDacDacScan.cc/~PixTestDacDacScan:L136> PixTestDacDacScan dtor
[16:36:30.846]    DEBUG: <PixTestDacScan.cc/~PixTestDacScan:L129> PixTestDacScan dtor
[16:36:30.846]    DEBUG: <PixTestGainPedestal.cc/~PixTestGainPedestal:L125> PixTestGainPedestal dtor
[16:36:30.846]    DEBUG: <PixTestHighRate.cc/~PixTestHighRate:L245> PixTestHighRate dtor
[16:36:30.941]    DEBUG: <PixTestIV.cc/~PixTestIV:L96> PixTestIV dtor
[16:36:30.941]    DEBUG: <PixTestAlive.cc/~PixTestAlive:L109> PixTestAlive dtor
[16:36:30.941]    DEBUG: <PixTestPretest.cc/~PixTestPretest:L136> PixTestPretest dtor
[16:36:30.942]    DEBUG: <PixTestReadback.cc/~PixTestReadback:L89> PixTestReadback dtor, saving tree ... 
[16:36:30.942]    DEBUG: <PixTestScurves.cc/~PixTestScurves:L142> PixTestScurves dtor
[16:36:30.942]    DEBUG: <PixTestTiming.cc/~PixTestTiming:L88> PixTestTiming dtor
[16:36:30.942]    DEBUG: <PixTestTrim.cc/~PixTestTrim:L103> PixTestTrim dtor
[16:36:30.942]    DEBUG: <PixTestXray.cc/~PixTestXray:L217> PixTestXray dtor
[16:36:30.945]    QUIET: Connection to board 58 closed.
[16:36:30.946]    DEBUG: <PixMonitor.cc/dumpSummaries:L34> PixMonitor::dumpSummaries
