High Rate Efficency Log File Module: pa315

Double Column's with Efficency < 90 % 
Eff at 120MHz/cm^2 : ROC : 0 Eff: 0.991543 +/- 0.00168499
Eff at 120MHz/cm^2 : ROC : 1 Eff: 0.992316 +/- 0.00126169
Eff at 120MHz/cm^2 : ROC : 2 Eff: 0.993377 +/- 0.000443954
Eff at 120MHz/cm^2 : ROC : 3 Eff: 0.99365 +/- 0.000300552
Eff at 120MHz/cm^2 : ROC : 4 Eff: 0.993281 +/- 0.000307676
Eff at 120MHz/cm^2 : ROC : 5 Eff: 0.993297 +/- 0.000284011
Eff at 120MHz/cm^2 : ROC : 6 Eff: 0.993579 +/- 0.00030277
Eff at 120MHz/cm^2 : ROC : 7 Eff: 0.993314 +/- 0.000420669
Eff at 120MHz/cm^2 : ROC : 8 Eff: 0.993596 +/- 0.000435821
Eff at 120MHz/cm^2 : ROC : 9 Eff: 0.993565 +/- 0.000282595
Eff at 120MHz/cm^2 : ROC : 10 Eff: 0.993347 +/- 0.000268964
Eff at 120MHz/cm^2 : ROC : 11 Eff: 0.993108 +/- 0.00030465
Eff at 120MHz/cm^2 : ROC : 12 Eff: 0.992451 +/- 0.000348422
Eff at 120MHz/cm^2 : ROC : 13 Eff: 0.993349 +/- 0.000379498
Eff at 120MHz/cm^2 : ROC : 14 Eff: 0.987081 +/- 0.00446552
Eff at 120MHz/cm^2 : ROC : 15 Eff: 0.992208 +/- 0.00207403
High Rate Run: hr
Efficency at 120MHz/cm^2 : pa315 Eff: 0.993309 +/- 8.39525e-05
