[17:28:41.627]     INFO: *** Welcome to pxar ***
[17:28:41.627]     INFO: *** Today: 2015/07/23
[17:28:41.627]     INFO:       reading data/pa234/dacParameters35_C0.dat
[17:28:41.627]     INFO:       reading data/pa234/dacParameters35_C1.dat
[17:28:41.627]     INFO:       reading data/pa234/dacParameters35_C2.dat
[17:28:41.627]     INFO:       reading data/pa234/dacParameters35_C3.dat
[17:28:41.627]     INFO:       reading data/pa234/dacParameters35_C4.dat
[17:28:41.627]     INFO:       reading data/pa234/dacParameters35_C5.dat
[17:28:41.627]     INFO:       reading data/pa234/dacParameters35_C6.dat
[17:28:41.627]     INFO:       reading data/pa234/dacParameters35_C7.dat
[17:28:41.627]     INFO:       reading data/pa234/dacParameters35_C8.dat
[17:28:41.627]     INFO:       reading data/pa234/dacParameters35_C9.dat
[17:28:41.627]     INFO:       reading data/pa234/dacParameters35_C10.dat
[17:28:41.627]     INFO:       reading data/pa234/dacParameters35_C11.dat
[17:28:41.627]     INFO:       reading data/pa234/dacParameters35_C12.dat
[17:28:41.627]     INFO:       reading data/pa234/dacParameters35_C13.dat
[17:28:41.628]     INFO:       reading data/pa234/dacParameters35_C14.dat
[17:28:41.628]     INFO:       reading data/pa234/dacParameters35_C15.dat
[17:28:41.628]     INFO:       reading data/pa234/tbmParameters_C0a.dat
[17:28:41.628]     INFO:       reading data/pa234/tbmParameters_C0b.dat
[17:28:41.628]     INFO:       reading data/pa234/defaultMaskFile.dat
[17:28:41.628]     INFO: MASKED Roc 3 col/row: 18 67
[17:28:41.628]     INFO: MASKED Roc 3 col/row: 42 69
[17:28:41.628]     INFO: MASKED Roc 7 col/row: 29 36
[17:28:41.628]     INFO: MASKED Roc 8 col/row: 41 23
[17:28:41.628]     INFO: MASKED Roc 8 col/row: 41 40
[17:28:41.628]     INFO: MASKED Roc 15 col/row: 33 70
[17:28:41.628]     INFO:       reading data/pa234/trimParameters35_C0.dat
[17:28:41.635]     INFO:       reading data/pa234/trimParameters35_C1.dat
[17:28:41.641]     INFO:       reading data/pa234/trimParameters35_C2.dat
[17:28:41.648]     INFO:   masking Roc 3 col/row: 18 67
[17:28:41.648]     INFO:   masking Roc 3 col/row: 42 69
[17:28:41.648]     INFO:       reading data/pa234/trimParameters35_C3.dat
[17:28:41.654]     INFO:       reading data/pa234/trimParameters35_C4.dat
[17:28:41.661]     INFO:       reading data/pa234/trimParameters35_C5.dat
[17:28:41.667]     INFO:       reading data/pa234/trimParameters35_C6.dat
[17:28:41.674]     INFO:   masking Roc 7 col/row: 29 36
[17:28:41.674]     INFO:       reading data/pa234/trimParameters35_C7.dat
[17:28:41.681]     INFO:   masking Roc 8 col/row: 41 23
[17:28:41.681]     INFO:   masking Roc 8 col/row: 41 40
[17:28:41.681]     INFO:       reading data/pa234/trimParameters35_C8.dat
[17:28:41.687]     INFO:       reading data/pa234/trimParameters35_C9.dat
[17:28:41.694]     INFO:       reading data/pa234/trimParameters35_C10.dat
[17:28:41.700]     INFO:       reading data/pa234/trimParameters35_C11.dat
[17:28:41.706]     INFO:       reading data/pa234/trimParameters35_C12.dat
[17:28:41.713]     INFO:       reading data/pa234/trimParameters35_C13.dat
[17:28:41.719]     INFO:       reading data/pa234/trimParameters35_C14.dat
[17:28:41.726]     INFO:   masking Roc 15 col/row: 33 70
[17:28:41.726]     INFO:       reading data/pa234/trimParameters35_C15.dat
[17:28:41.733]     INFO:       reading data/pa234/tbParameters.dat
[17:28:41.733]     INFO:         clk: 4
[17:28:41.733]     INFO:         ctr: 4
[17:28:41.733]     INFO:         sda: 19
[17:28:41.733]     INFO:         tin: 9
[17:28:41.733]     INFO:         level: 9
[17:28:41.733]     INFO:         triggerdelay: 0
[17:28:41.733]    QUIET: Instanciating API for pxar v1.9.0
[17:28:41.733]     INFO: Log level: INFO
[17:28:41.746]    QUIET: Connection to board DTB_WRPRHI opened.
[17:28:41.750]     INFO: DTB startup information
--- DTB info------------------------------------------
Board id:    58
HW version:  DTB1.2
FW version:  3.2
SW version:  3.6
USB id:      DTB_WRPRHI
MAC address: 40D85511803A
Hostname:    pixelDTB058
Comment:     
------------------------------------------------------
[17:28:41.753]     INFO: RPC call hashes of host and DTB match: 413001178
[17:28:43.363]     INFO: DUT info: 
[17:28:43.363]     INFO: The DUT currently contains the following objects:
[17:28:43.363]     INFO:  2 TBM Cores (2 ON)
[17:28:43.363]     INFO: 	TBM Core alpha (0): 7 registers set
[17:28:43.363]     INFO: 	TBM Core beta  (1): 7 registers set
[17:28:43.363]     INFO: 16 ROCs (16 ON) with 4160 pixelConfigs
[17:28:43.363]     INFO: 	ROC 0: 19 DACs set, Pixels: 0 masked, 4160 active.
[17:28:43.363]     INFO: 	ROC 1: 19 DACs set, Pixels: 0 masked, 4160 active.
[17:28:43.363]     INFO: 	ROC 2: 19 DACs set, Pixels: 0 masked, 4160 active.
[17:28:43.363]     INFO: 	ROC 3: 19 DACs set, Pixels: 2 masked, 4160 active.
[17:28:43.363]     INFO: 	ROC 4: 19 DACs set, Pixels: 0 masked, 4160 active.
[17:28:43.363]     INFO: 	ROC 5: 19 DACs set, Pixels: 0 masked, 4160 active.
[17:28:43.363]     INFO: 	ROC 6: 19 DACs set, Pixels: 0 masked, 4160 active.
[17:28:43.363]     INFO: 	ROC 7: 19 DACs set, Pixels: 1 masked, 4160 active.
[17:28:43.363]     INFO: 	ROC 8: 19 DACs set, Pixels: 2 masked, 4160 active.
[17:28:43.363]     INFO: 	ROC 9: 19 DACs set, Pixels: 0 masked, 4160 active.
[17:28:43.363]     INFO: 	ROC 10: 19 DACs set, Pixels: 0 masked, 4160 active.
[17:28:43.363]     INFO: 	ROC 11: 19 DACs set, Pixels: 0 masked, 4160 active.
[17:28:43.363]     INFO: 	ROC 12: 19 DACs set, Pixels: 0 masked, 4160 active.
[17:28:43.363]     INFO: 	ROC 13: 19 DACs set, Pixels: 0 masked, 4160 active.
[17:28:43.363]     INFO: 	ROC 14: 19 DACs set, Pixels: 0 masked, 4160 active.
[17:28:43.363]     INFO: 	ROC 15: 19 DACs set, Pixels: 1 masked, 4160 active.
[17:28:43.933]     INFO:       reading data/pa234/phCalibrationFitErr35_C0.dat
[17:28:43.950]     INFO:       reading data/pa234/phCalibrationFitErr35_C1.dat
[17:28:43.965]     INFO:       reading data/pa234/phCalibrationFitErr35_C2.dat
[17:28:43.981]     INFO:       reading data/pa234/phCalibrationFitErr35_C3.dat
[17:28:43.996]     INFO:       reading data/pa234/phCalibrationFitErr35_C4.dat
[17:28:44.012]     INFO:       reading data/pa234/phCalibrationFitErr35_C5.dat
[17:28:44.028]     INFO:       reading data/pa234/phCalibrationFitErr35_C6.dat
[17:28:44.043]     INFO:       reading data/pa234/phCalibrationFitErr35_C7.dat
[17:28:44.058]     INFO:       reading data/pa234/phCalibrationFitErr35_C8.dat
[17:28:44.074]     INFO:       reading data/pa234/phCalibrationFitErr35_C9.dat
[17:28:44.090]     INFO:       reading data/pa234/phCalibrationFitErr35_C10.dat
[17:28:44.107]     INFO:       reading data/pa234/phCalibrationFitErr35_C11.dat
[17:28:44.123]     INFO:       reading data/pa234/phCalibrationFitErr35_C12.dat
[17:28:44.139]     INFO:       reading data/pa234/phCalibrationFitErr35_C13.dat
[17:28:44.156]     INFO:       reading data/pa234/phCalibrationFitErr35_C14.dat
[17:28:44.172]     INFO:       reading data/pa234/phCalibrationFitErr35_C15.dat
[17:28:44.254]     INFO:       reading data/pa234/readbackCal_C0.dat
[17:28:44.254]     INFO:       reading data/pa234/readbackCal_C1.dat
[17:28:44.254]     INFO:       reading data/pa234/readbackCal_C2.dat
[17:28:44.254]     INFO:       reading data/pa234/readbackCal_C3.dat
[17:28:44.255]     INFO:       reading data/pa234/readbackCal_C4.dat
[17:28:44.255]     INFO:       reading data/pa234/readbackCal_C5.dat
[17:28:44.255]     INFO:       reading data/pa234/readbackCal_C6.dat
[17:28:44.255]     INFO:       reading data/pa234/readbackCal_C7.dat
[17:28:44.255]     INFO:       reading data/pa234/readbackCal_C8.dat
[17:28:44.255]     INFO:       reading data/pa234/readbackCal_C9.dat
[17:28:44.255]     INFO:       reading data/pa234/readbackCal_C10.dat
[17:28:44.255]     INFO:       reading data/pa234/readbackCal_C11.dat
[17:28:44.255]     INFO:       reading data/pa234/readbackCal_C12.dat
[17:28:44.255]     INFO:       reading data/pa234/readbackCal_C13.dat
[17:28:44.255]     INFO:       reading data/pa234/readbackCal_C14.dat
[17:28:44.255]     INFO:       reading data/pa234/readbackCal_C15.dat
[17:28:49.594]     INFO: ######################################################################
[17:28:49.594]     INFO: PixTestXray::doTest()
[17:28:49.594]     INFO: ######################################################################
[17:28:49.594]     INFO:    ----------------------------------------------------------------------
[17:28:49.594]     INFO:    PixTestXray::doPhRun() fParRunSeconds = 240
[17:28:49.594]     INFO:    ----------------------------------------------------------------------
[17:28:49.596]     INFO:       reading data/pa234/defaultMaskFile.dat
[17:28:49.596]     INFO: ROC 3 masking pixel 18/67
[17:28:49.596]     INFO: ROC 3 masking pixel 42/69
[17:28:49.596]     INFO: ROC 7 masking pixel 29/36
[17:28:49.596]     INFO: ROC 8 masking pixel 41/23
[17:28:49.596]     INFO: ROC 8 masking pixel 41/40
[17:28:49.596]     INFO: ROC 15 masking pixel 33/70
[17:28:49.597]  WARNING: Pattern generator does not contain a trigger signal. No data is expected from the DUT!
[17:28:50.575]     INFO: IGNORE THE WARNING ABOVE (resetROC sent)!
[17:28:51.755]     INFO: PixTestXray::doPhRun start TriggerLoop with trigger frequency 100 kHz, period 405 and duration 240 seconds,  fEventsMax = 24000000
[17:29:08.868]     INFO: run duration 17 seconds, buffer almost full (81%), pausing triggers.
[17:29:27.670]     INFO: Resuming triggers.
[17:29:44.808]     INFO: run duration 34 seconds, buffer almost full (81%), pausing triggers.
[17:29:49.090]    ERROR: <datapipe.cc/CheckEventID:L127>    Event ID mismatch:  local ID (222) !=  TBM ID (0)
[17:29:49.090]    ERROR: <datapipe.cc/DecodeDeser400:L294> Number of ROCs (0) != Token Chain Length (8)
[17:29:49.090]    ERROR: <datapipe.cc/CheckEventID:L127>    Event ID mismatch:  local ID (1) !=  TBM ID (215)
[17:29:49.090]    ERROR: <datapipe.cc/CheckEventID:L127>    Event ID mismatch:  local ID (216) !=  TBM ID (223)
[17:30:03.616]     INFO: Resuming triggers.
[17:30:20.742]     INFO: run duration 51 seconds, buffer almost full (81%), pausing triggers.
[17:30:40.511]     INFO: Resuming triggers.
[17:30:57.664]     INFO: run duration 68 seconds, buffer almost full (81%), pausing triggers.
[17:31:17.419]     INFO: Resuming triggers.
[17:31:34.542]     INFO: run duration 85 seconds, buffer almost full (81%), pausing triggers.
[17:31:54.359]     INFO: Resuming triggers.
[17:32:11.512]     INFO: run duration 102 seconds, buffer almost full (81%), pausing triggers.
[17:32:31.252]     INFO: Resuming triggers.
[17:32:48.367]     INFO: run duration 119 seconds, buffer almost full (81%), pausing triggers.
[17:33:06.900]     INFO: Resuming triggers.
[17:33:24.016]     INFO: run duration 137 seconds, buffer almost full (81%), pausing triggers.
[17:33:43.797]     INFO: Resuming triggers.
[17:34:00.922]     INFO: run duration 154 seconds, buffer almost full (81%), pausing triggers.
[17:34:20.636]     INFO: Resuming triggers.
[17:34:37.770]     INFO: run duration 171 seconds, buffer almost full (81%), pausing triggers.
[17:34:57.561]     INFO: Resuming triggers.
[17:35:14.688]     INFO: run duration 188 seconds, buffer almost full (81%), pausing triggers.
[17:35:34.433]     INFO: Resuming triggers.
[17:35:51.617]     INFO: run duration 205 seconds, buffer almost full (81%), pausing triggers.
[17:36:11.346]     INFO: Resuming triggers.
[17:36:28.433]     INFO: run duration 222 seconds, buffer almost full (81%), pausing triggers.
[17:36:46.975]     INFO: Resuming triggers.
[17:37:03.963]     INFO: run duration 239 seconds, buffer almost full (81%), pausing triggers.
[17:37:23.907]     INFO: Resuming triggers.
[17:37:24.262]     INFO: data taking finished, elapsed time: 240 seconds.
[17:37:24.900]     INFO: PixTest::       pg_setup set to default.
[17:37:24.929]     INFO: PixTestXray::doPhRun() done
[17:37:24.929]     INFO: PixTestXray::doTest() done 
[17:38:04.798]    QUIET: Connection to board 58 closed.
