[14:15:10.165]     INFO: *** Welcome to pxar ***
[14:15:10.165]     INFO: *** Today: 2015/07/22
[14:15:10.165]     INFO:       reading data/pa234/dacParameters35_C0.dat
[14:15:10.165]     INFO:       reading data/pa234/dacParameters35_C1.dat
[14:15:10.165]     INFO:       reading data/pa234/dacParameters35_C2.dat
[14:15:10.165]     INFO:       reading data/pa234/dacParameters35_C3.dat
[14:15:10.165]     INFO:       reading data/pa234/dacParameters35_C4.dat
[14:15:10.165]     INFO:       reading data/pa234/dacParameters35_C5.dat
[14:15:10.166]     INFO:       reading data/pa234/dacParameters35_C6.dat
[14:15:10.166]     INFO:       reading data/pa234/dacParameters35_C7.dat
[14:15:10.166]     INFO:       reading data/pa234/dacParameters35_C8.dat
[14:15:10.166]     INFO:       reading data/pa234/dacParameters35_C9.dat
[14:15:10.166]     INFO:       reading data/pa234/dacParameters35_C10.dat
[14:15:10.166]     INFO:       reading data/pa234/dacParameters35_C11.dat
[14:15:10.166]     INFO:       reading data/pa234/dacParameters35_C12.dat
[14:15:10.166]     INFO:       reading data/pa234/dacParameters35_C13.dat
[14:15:10.166]     INFO:       reading data/pa234/dacParameters35_C14.dat
[14:15:10.166]     INFO:       reading data/pa234/dacParameters35_C15.dat
[14:15:10.166]     INFO:       reading data/pa234/tbmParameters_C0a.dat
[14:15:10.166]     INFO:       reading data/pa234/tbmParameters_C0b.dat
[14:15:10.166]     INFO:       reading data/pa234/defaultMaskFile.dat
[14:15:10.166]     INFO: MASKED Roc 3 col/row: 18 67
[14:15:10.166]     INFO: MASKED Roc 3 col/row: 42 69
[14:15:10.166]     INFO: MASKED Roc 7 col/row: 29 36
[14:15:10.166]     INFO: MASKED Roc 8 col/row: 41 23
[14:15:10.166]     INFO: MASKED Roc 8 col/row: 41 40
[14:15:10.166]     INFO: MASKED Roc 15 col/row: 33 70
[14:15:10.166]     INFO:       reading data/pa234/trimParameters35_C0.dat
[14:15:10.173]     INFO:       reading data/pa234/trimParameters35_C1.dat
[14:15:10.179]     INFO:       reading data/pa234/trimParameters35_C2.dat
[14:15:10.186]     INFO:   masking Roc 3 col/row: 18 67
[14:15:10.186]     INFO:   masking Roc 3 col/row: 42 69
[14:15:10.186]     INFO:       reading data/pa234/trimParameters35_C3.dat
[14:15:10.193]     INFO:       reading data/pa234/trimParameters35_C4.dat
[14:15:10.199]     INFO:       reading data/pa234/trimParameters35_C5.dat
[14:15:10.206]     INFO:       reading data/pa234/trimParameters35_C6.dat
[14:15:10.212]     INFO:   masking Roc 7 col/row: 29 36
[14:15:10.212]     INFO:       reading data/pa234/trimParameters35_C7.dat
[14:15:10.219]     INFO:   masking Roc 8 col/row: 41 23
[14:15:10.219]     INFO:   masking Roc 8 col/row: 41 40
[14:15:10.219]     INFO:       reading data/pa234/trimParameters35_C8.dat
[14:15:10.225]     INFO:       reading data/pa234/trimParameters35_C9.dat
[14:15:10.232]     INFO:       reading data/pa234/trimParameters35_C10.dat
[14:15:10.238]     INFO:       reading data/pa234/trimParameters35_C11.dat
[14:15:10.245]     INFO:       reading data/pa234/trimParameters35_C12.dat
[14:15:10.251]     INFO:       reading data/pa234/trimParameters35_C13.dat
[14:15:10.257]     INFO:       reading data/pa234/trimParameters35_C14.dat
[14:15:10.264]     INFO:   masking Roc 15 col/row: 33 70
[14:15:10.264]     INFO:       reading data/pa234/trimParameters35_C15.dat
[14:15:10.271]     INFO:       reading data/pa234/tbParameters.dat
[14:15:10.271]     INFO:         clk: 4
[14:15:10.271]     INFO:         ctr: 4
[14:15:10.271]     INFO:         sda: 19
[14:15:10.271]     INFO:         tin: 9
[14:15:10.271]     INFO:         level: 9
[14:15:10.271]     INFO:         triggerdelay: 0
[14:15:10.271]    QUIET: Instanciating API for pxar v1.9.0
[14:15:10.271]     INFO: Log level: INFO
[14:15:10.284]    QUIET: Connection to board DTB_WRPRHI opened.
[14:15:10.287]     INFO: DTB startup information
--- DTB info------------------------------------------
Board id:    58
HW version:  DTB1.2
FW version:  3.2
SW version:  3.6
USB id:      DTB_WRPRHI
MAC address: 40D85511803A
Hostname:    pixelDTB058
Comment:     
------------------------------------------------------
[14:15:10.291]     INFO: RPC call hashes of host and DTB match: 413001178
[14:15:11.901]     INFO: DUT info: 
[14:15:11.901]     INFO: The DUT currently contains the following objects:
[14:15:11.901]     INFO:  2 TBM Cores (2 ON)
[14:15:11.901]     INFO: 	TBM Core alpha (0): 7 registers set
[14:15:11.901]     INFO: 	TBM Core beta  (1): 7 registers set
[14:15:11.901]     INFO: 16 ROCs (16 ON) with 4160 pixelConfigs
[14:15:11.901]     INFO: 	ROC 0: 19 DACs set, Pixels: 0 masked, 4160 active.
[14:15:11.901]     INFO: 	ROC 1: 19 DACs set, Pixels: 0 masked, 4160 active.
[14:15:11.901]     INFO: 	ROC 2: 19 DACs set, Pixels: 0 masked, 4160 active.
[14:15:11.901]     INFO: 	ROC 3: 19 DACs set, Pixels: 2 masked, 4160 active.
[14:15:11.901]     INFO: 	ROC 4: 19 DACs set, Pixels: 0 masked, 4160 active.
[14:15:11.901]     INFO: 	ROC 5: 19 DACs set, Pixels: 0 masked, 4160 active.
[14:15:11.901]     INFO: 	ROC 6: 19 DACs set, Pixels: 0 masked, 4160 active.
[14:15:11.901]     INFO: 	ROC 7: 19 DACs set, Pixels: 1 masked, 4160 active.
[14:15:11.901]     INFO: 	ROC 8: 19 DACs set, Pixels: 2 masked, 4160 active.
[14:15:11.901]     INFO: 	ROC 9: 19 DACs set, Pixels: 0 masked, 4160 active.
[14:15:11.901]     INFO: 	ROC 10: 19 DACs set, Pixels: 0 masked, 4160 active.
[14:15:11.901]     INFO: 	ROC 11: 19 DACs set, Pixels: 0 masked, 4160 active.
[14:15:11.901]     INFO: 	ROC 12: 19 DACs set, Pixels: 0 masked, 4160 active.
[14:15:11.901]     INFO: 	ROC 13: 19 DACs set, Pixels: 0 masked, 4160 active.
[14:15:11.901]     INFO: 	ROC 14: 19 DACs set, Pixels: 0 masked, 4160 active.
[14:15:11.901]     INFO: 	ROC 15: 19 DACs set, Pixels: 1 masked, 4160 active.
[14:15:12.468]     INFO:       reading data/pa234/phCalibrationFitErr35_C0.dat
[14:15:12.485]     INFO:       reading data/pa234/phCalibrationFitErr35_C1.dat
[14:15:12.500]     INFO:       reading data/pa234/phCalibrationFitErr35_C2.dat
[14:15:12.516]     INFO:       reading data/pa234/phCalibrationFitErr35_C3.dat
[14:15:12.531]     INFO:       reading data/pa234/phCalibrationFitErr35_C4.dat
[14:15:12.547]     INFO:       reading data/pa234/phCalibrationFitErr35_C5.dat
[14:15:12.562]     INFO:       reading data/pa234/phCalibrationFitErr35_C6.dat
[14:15:12.578]     INFO:       reading data/pa234/phCalibrationFitErr35_C7.dat
[14:15:12.593]     INFO:       reading data/pa234/phCalibrationFitErr35_C8.dat
[14:15:12.609]     INFO:       reading data/pa234/phCalibrationFitErr35_C9.dat
[14:15:12.625]     INFO:       reading data/pa234/phCalibrationFitErr35_C10.dat
[14:15:12.640]     INFO:       reading data/pa234/phCalibrationFitErr35_C11.dat
[14:15:12.655]     INFO:       reading data/pa234/phCalibrationFitErr35_C12.dat
[14:15:12.671]     INFO:       reading data/pa234/phCalibrationFitErr35_C13.dat
[14:15:12.686]     INFO:       reading data/pa234/phCalibrationFitErr35_C14.dat
[14:15:12.701]     INFO:       reading data/pa234/phCalibrationFitErr35_C15.dat
[14:15:12.777]     INFO:       reading data/pa234/readbackCal_C0.dat
[14:15:12.777]     INFO:       reading data/pa234/readbackCal_C1.dat
[14:15:12.777]     INFO:       reading data/pa234/readbackCal_C2.dat
[14:15:12.778]     INFO:       reading data/pa234/readbackCal_C3.dat
[14:15:12.778]     INFO:       reading data/pa234/readbackCal_C4.dat
[14:15:12.778]     INFO:       reading data/pa234/readbackCal_C5.dat
[14:15:12.778]     INFO:       reading data/pa234/readbackCal_C6.dat
[14:15:12.778]     INFO:       reading data/pa234/readbackCal_C7.dat
[14:15:12.778]     INFO:       reading data/pa234/readbackCal_C8.dat
[14:15:12.778]     INFO:       reading data/pa234/readbackCal_C9.dat
[14:15:12.778]     INFO:       reading data/pa234/readbackCal_C10.dat
[14:15:12.778]     INFO:       reading data/pa234/readbackCal_C11.dat
[14:15:12.778]     INFO:       reading data/pa234/readbackCal_C12.dat
[14:15:12.778]     INFO:       reading data/pa234/readbackCal_C13.dat
[14:15:12.778]     INFO:       reading data/pa234/readbackCal_C14.dat
[14:15:12.778]     INFO:       reading data/pa234/readbackCal_C15.dat
[14:15:27.697]     INFO: ######################################################################
[14:15:27.697]     INFO: PixTestXray::doTest()
[14:15:27.697]     INFO: ######################################################################
[14:15:27.697]     INFO:    ----------------------------------------------------------------------
[14:15:27.697]     INFO:    PixTestXray::doPhRun() fParRunSeconds = 240
[14:15:27.697]     INFO:    ----------------------------------------------------------------------
[14:15:27.699]     INFO:       reading data/pa234/defaultMaskFile.dat
[14:15:27.699]     INFO: ROC 3 masking pixel 18/67
[14:15:27.699]     INFO: ROC 3 masking pixel 42/69
[14:15:27.699]     INFO: ROC 7 masking pixel 29/36
[14:15:27.699]     INFO: ROC 8 masking pixel 41/23
[14:15:27.699]     INFO: ROC 8 masking pixel 41/40
[14:15:27.699]     INFO: ROC 15 masking pixel 33/70
[14:15:27.699]  WARNING: Pattern generator does not contain a trigger signal. No data is expected from the DUT!
[14:15:28.677]     INFO: IGNORE THE WARNING ABOVE (resetROC sent)!
[14:15:29.858]     INFO: PixTestXray::doPhRun start TriggerLoop with trigger frequency 100 kHz, period 405 and duration 240 seconds,  fEventsMax = 24000000
[14:15:46.980]     INFO: run duration 17 seconds, buffer almost full (81%), pausing triggers.
[14:16:05.428]     INFO: Resuming triggers.
[14:16:22.600]     INFO: run duration 34 seconds, buffer almost full (81%), pausing triggers.
[14:16:27.218]    ERROR: <datapipe.cc/CheckEventID:L127>    Event ID mismatch:  local ID (9) !=  TBM ID (28)
[14:16:27.218]    ERROR: <datapipe.cc/CheckEventID:L127>    Event ID mismatch:  local ID (29) !=  TBM ID (10)
[14:16:42.511]     INFO: Resuming triggers.
[14:16:59.639]     INFO: run duration 51 seconds, buffer almost full (81%), pausing triggers.
[14:17:18.374]     INFO: Resuming triggers.
[14:17:35.562]     INFO: run duration 68 seconds, buffer almost full (81%), pausing triggers.
[14:17:54.192]     INFO: Resuming triggers.
[14:18:11.339]     INFO: run duration 85 seconds, buffer almost full (81%), pausing triggers.
[14:18:30.030]     INFO: Resuming triggers.
[14:18:47.157]     INFO: run duration 102 seconds, buffer almost full (81%), pausing triggers.
[14:19:05.533]     INFO: Resuming triggers.
[14:19:22.662]     INFO: run duration 119 seconds, buffer almost full (81%), pausing triggers.
[14:19:41.421]     INFO: Resuming triggers.
[14:19:58.549]     INFO: run duration 137 seconds, buffer almost full (81%), pausing triggers.
[14:20:18.379]     INFO: Resuming triggers.
[14:20:35.509]     INFO: run duration 154 seconds, buffer almost full (81%), pausing triggers.
[14:20:53.912]     INFO: Resuming triggers.
[14:21:11.038]     INFO: run duration 171 seconds, buffer almost full (81%), pausing triggers.
[14:21:29.463]     INFO: Resuming triggers.
[14:21:46.593]     INFO: run duration 188 seconds, buffer almost full (81%), pausing triggers.
[14:22:05.178]     INFO: Resuming triggers.
[14:22:22.367]     INFO: run duration 205 seconds, buffer almost full (81%), pausing triggers.
[14:22:40.714]     INFO: Resuming triggers.
[14:22:57.840]     INFO: run duration 222 seconds, buffer almost full (81%), pausing triggers.
[14:23:16.607]     INFO: Resuming triggers.
[14:23:33.747]     INFO: run duration 239 seconds, buffer almost full (81%), pausing triggers.
[14:23:53.583]     INFO: Resuming triggers.
[14:23:53.637]     INFO: data taking finished, elapsed time: 240 seconds.
[14:23:53.950]     INFO: PixTest::       pg_setup set to default.
[14:23:53.979]     INFO: PixTestXray::doPhRun() done
[14:23:53.979]     INFO: PixTestXray::doTest() done 
[14:25:27.015]    QUIET: Connection to board 58 closed.
