[15:06:21.765]     INFO: *** Welcome to pxar ***
[15:06:21.765]     INFO: *** Today: 2015/07/22
[15:06:21.765]     INFO:       reading data/pa234/dacParameters35_C0.dat
[15:06:21.765]     INFO:       reading data/pa234/dacParameters35_C1.dat
[15:06:21.765]     INFO:       reading data/pa234/dacParameters35_C2.dat
[15:06:21.765]     INFO:       reading data/pa234/dacParameters35_C3.dat
[15:06:21.765]     INFO:       reading data/pa234/dacParameters35_C4.dat
[15:06:21.765]     INFO:       reading data/pa234/dacParameters35_C5.dat
[15:06:21.765]     INFO:       reading data/pa234/dacParameters35_C6.dat
[15:06:21.765]     INFO:       reading data/pa234/dacParameters35_C7.dat
[15:06:21.765]     INFO:       reading data/pa234/dacParameters35_C8.dat
[15:06:21.765]     INFO:       reading data/pa234/dacParameters35_C9.dat
[15:06:21.765]     INFO:       reading data/pa234/dacParameters35_C10.dat
[15:06:21.765]     INFO:       reading data/pa234/dacParameters35_C11.dat
[15:06:21.765]     INFO:       reading data/pa234/dacParameters35_C12.dat
[15:06:21.765]     INFO:       reading data/pa234/dacParameters35_C13.dat
[15:06:21.766]     INFO:       reading data/pa234/dacParameters35_C14.dat
[15:06:21.766]     INFO:       reading data/pa234/dacParameters35_C15.dat
[15:06:21.766]     INFO:       reading data/pa234/tbmParameters_C0a.dat
[15:06:21.766]     INFO:       reading data/pa234/tbmParameters_C0b.dat
[15:06:21.766]     INFO:       reading data/pa234/defaultMaskFile.dat
[15:06:21.766]     INFO: MASKED Roc 3 col/row: 18 67
[15:06:21.766]     INFO: MASKED Roc 3 col/row: 42 69
[15:06:21.766]     INFO: MASKED Roc 7 col/row: 29 36
[15:06:21.766]     INFO: MASKED Roc 8 col/row: 41 23
[15:06:21.766]     INFO: MASKED Roc 8 col/row: 41 40
[15:06:21.766]     INFO: MASKED Roc 15 col/row: 33 70
[15:06:21.766]     INFO:       reading data/pa234/trimParameters35_C0.dat
[15:06:21.773]     INFO:       reading data/pa234/trimParameters35_C1.dat
[15:06:21.779]     INFO:       reading data/pa234/trimParameters35_C2.dat
[15:06:21.786]     INFO:   masking Roc 3 col/row: 18 67
[15:06:21.786]     INFO:   masking Roc 3 col/row: 42 69
[15:06:21.786]     INFO:       reading data/pa234/trimParameters35_C3.dat
[15:06:21.792]     INFO:       reading data/pa234/trimParameters35_C4.dat
[15:06:21.800]     INFO:       reading data/pa234/trimParameters35_C5.dat
[15:06:21.806]     INFO:       reading data/pa234/trimParameters35_C6.dat
[15:06:21.813]     INFO:   masking Roc 7 col/row: 29 36
[15:06:21.813]     INFO:       reading data/pa234/trimParameters35_C7.dat
[15:06:21.820]     INFO:   masking Roc 8 col/row: 41 23
[15:06:21.820]     INFO:   masking Roc 8 col/row: 41 40
[15:06:21.820]     INFO:       reading data/pa234/trimParameters35_C8.dat
[15:06:21.826]     INFO:       reading data/pa234/trimParameters35_C9.dat
[15:06:21.833]     INFO:       reading data/pa234/trimParameters35_C10.dat
[15:06:21.839]     INFO:       reading data/pa234/trimParameters35_C11.dat
[15:06:21.846]     INFO:       reading data/pa234/trimParameters35_C12.dat
[15:06:21.852]     INFO:       reading data/pa234/trimParameters35_C13.dat
[15:06:21.859]     INFO:       reading data/pa234/trimParameters35_C14.dat
[15:06:21.865]     INFO:   masking Roc 15 col/row: 33 70
[15:06:21.865]     INFO:       reading data/pa234/trimParameters35_C15.dat
[15:06:21.872]     INFO:       reading data/pa234/tbParameters.dat
[15:06:21.872]     INFO:         clk: 4
[15:06:21.872]     INFO:         ctr: 4
[15:06:21.872]     INFO:         sda: 19
[15:06:21.872]     INFO:         tin: 9
[15:06:21.872]     INFO:         level: 9
[15:06:21.872]     INFO:         triggerdelay: 0
[15:06:21.872]    QUIET: Instanciating API for pxar v1.9.0
[15:06:21.872]     INFO: Log level: INFO
[15:06:21.885]    QUIET: Connection to board DTB_WRPRHI opened.
[15:06:21.889]     INFO: DTB startup information
--- DTB info------------------------------------------
Board id:    58
HW version:  DTB1.2
FW version:  3.2
SW version:  3.6
USB id:      DTB_WRPRHI
MAC address: 40D85511803A
Hostname:    pixelDTB058
Comment:     
------------------------------------------------------
[15:06:21.892]     INFO: RPC call hashes of host and DTB match: 413001178
[15:06:23.502]     INFO: DUT info: 
[15:06:23.502]     INFO: The DUT currently contains the following objects:
[15:06:23.502]     INFO:  2 TBM Cores (2 ON)
[15:06:23.502]     INFO: 	TBM Core alpha (0): 7 registers set
[15:06:23.502]     INFO: 	TBM Core beta  (1): 7 registers set
[15:06:23.502]     INFO: 16 ROCs (16 ON) with 4160 pixelConfigs
[15:06:23.502]     INFO: 	ROC 0: 19 DACs set, Pixels: 0 masked, 4160 active.
[15:06:23.502]     INFO: 	ROC 1: 19 DACs set, Pixels: 0 masked, 4160 active.
[15:06:23.502]     INFO: 	ROC 2: 19 DACs set, Pixels: 0 masked, 4160 active.
[15:06:23.502]     INFO: 	ROC 3: 19 DACs set, Pixels: 2 masked, 4160 active.
[15:06:23.502]     INFO: 	ROC 4: 19 DACs set, Pixels: 0 masked, 4160 active.
[15:06:23.502]     INFO: 	ROC 5: 19 DACs set, Pixels: 0 masked, 4160 active.
[15:06:23.502]     INFO: 	ROC 6: 19 DACs set, Pixels: 0 masked, 4160 active.
[15:06:23.502]     INFO: 	ROC 7: 19 DACs set, Pixels: 1 masked, 4160 active.
[15:06:23.502]     INFO: 	ROC 8: 19 DACs set, Pixels: 2 masked, 4160 active.
[15:06:23.502]     INFO: 	ROC 9: 19 DACs set, Pixels: 0 masked, 4160 active.
[15:06:23.502]     INFO: 	ROC 10: 19 DACs set, Pixels: 0 masked, 4160 active.
[15:06:23.502]     INFO: 	ROC 11: 19 DACs set, Pixels: 0 masked, 4160 active.
[15:06:23.502]     INFO: 	ROC 12: 19 DACs set, Pixels: 0 masked, 4160 active.
[15:06:23.502]     INFO: 	ROC 13: 19 DACs set, Pixels: 0 masked, 4160 active.
[15:06:23.502]     INFO: 	ROC 14: 19 DACs set, Pixels: 0 masked, 4160 active.
[15:06:23.502]     INFO: 	ROC 15: 19 DACs set, Pixels: 1 masked, 4160 active.
[15:06:24.069]     INFO:       reading data/pa234/phCalibrationFitErr35_C0.dat
[15:06:24.086]     INFO:       reading data/pa234/phCalibrationFitErr35_C1.dat
[15:06:24.102]     INFO:       reading data/pa234/phCalibrationFitErr35_C2.dat
[15:06:24.117]     INFO:       reading data/pa234/phCalibrationFitErr35_C3.dat
[15:06:24.132]     INFO:       reading data/pa234/phCalibrationFitErr35_C4.dat
[15:06:24.148]     INFO:       reading data/pa234/phCalibrationFitErr35_C5.dat
[15:06:24.164]     INFO:       reading data/pa234/phCalibrationFitErr35_C6.dat
[15:06:24.179]     INFO:       reading data/pa234/phCalibrationFitErr35_C7.dat
[15:06:24.194]     INFO:       reading data/pa234/phCalibrationFitErr35_C8.dat
[15:06:24.211]     INFO:       reading data/pa234/phCalibrationFitErr35_C9.dat
[15:06:24.226]     INFO:       reading data/pa234/phCalibrationFitErr35_C10.dat
[15:06:24.241]     INFO:       reading data/pa234/phCalibrationFitErr35_C11.dat
[15:06:24.256]     INFO:       reading data/pa234/phCalibrationFitErr35_C12.dat
[15:06:24.272]     INFO:       reading data/pa234/phCalibrationFitErr35_C13.dat
[15:06:24.287]     INFO:       reading data/pa234/phCalibrationFitErr35_C14.dat
[15:06:24.302]     INFO:       reading data/pa234/phCalibrationFitErr35_C15.dat
[15:06:24.380]     INFO:       reading data/pa234/readbackCal_C0.dat
[15:06:24.380]     INFO:       reading data/pa234/readbackCal_C1.dat
[15:06:24.380]     INFO:       reading data/pa234/readbackCal_C2.dat
[15:06:24.380]     INFO:       reading data/pa234/readbackCal_C3.dat
[15:06:24.381]     INFO:       reading data/pa234/readbackCal_C4.dat
[15:06:24.381]     INFO:       reading data/pa234/readbackCal_C5.dat
[15:06:24.381]     INFO:       reading data/pa234/readbackCal_C6.dat
[15:06:24.381]     INFO:       reading data/pa234/readbackCal_C7.dat
[15:06:24.381]     INFO:       reading data/pa234/readbackCal_C8.dat
[15:06:24.381]     INFO:       reading data/pa234/readbackCal_C9.dat
[15:06:24.381]     INFO:       reading data/pa234/readbackCal_C10.dat
[15:06:24.381]     INFO:       reading data/pa234/readbackCal_C11.dat
[15:06:24.381]     INFO:       reading data/pa234/readbackCal_C12.dat
[15:06:24.381]     INFO:       reading data/pa234/readbackCal_C13.dat
[15:06:24.381]     INFO:       reading data/pa234/readbackCal_C14.dat
[15:06:24.381]     INFO:       reading data/pa234/readbackCal_C15.dat
[15:06:28.937]     INFO: ######################################################################
[15:06:28.937]     INFO: PixTestHighRate::doTest()
[15:06:28.937]     INFO: ######################################################################
[15:06:28.937]     INFO:    ----------------------------------------------------------------------
[15:06:28.938]     INFO:    PixTestHighRate::calDelScan() ntrig = 10, vcal = 200
[15:06:28.938]     INFO:    ----------------------------------------------------------------------
[15:06:30.019]     INFO: Test took 1077ms.
[15:06:30.023]     INFO:       reading data/pa234/defaultMaskFile.dat
[15:06:30.023]     INFO: ROC 3 masking pixel 18/67
[15:06:30.023]     INFO: ROC 3 masking pixel 42/69
[15:06:30.023]     INFO: ROC 7 masking pixel 29/36
[15:06:30.023]     INFO: ROC 8 masking pixel 41/23
[15:06:30.023]     INFO: ROC 8 masking pixel 41/40
[15:06:30.023]     INFO: ROC 15 masking pixel 33/70
[15:06:30.023]  WARNING: Pattern generator does not contain a trigger signal. No data is expected from the DUT!
[15:06:34.187]     INFO: IGNORE THE WARNING ABOVE (resetROC sent)!
[15:06:37.649]     INFO: Test took 3258ms.
[15:06:37.858]     INFO: Fetched DAQ statistics. Counters are being reset now.
[15:06:41.312]     INFO: Test took 3404ms.
[15:06:41.529]     INFO: Fetched DAQ statistics. Counters are being reset now.
[15:06:45.004]     INFO: Test took 3424ms.
[15:06:45.226]     INFO: Fetched DAQ statistics. Counters are being reset now.
[15:06:48.740]     INFO: Test took 3463ms.
[15:06:48.960]     INFO: Fetched DAQ statistics. Counters are being reset now.
[15:06:52.467]     INFO: Test took 3456ms.
[15:06:52.688]     INFO: Fetched DAQ statistics. Counters are being reset now.
[15:06:56.196]     INFO: Test took 3456ms.
[15:06:56.419]     INFO: Fetched DAQ statistics. Counters are being reset now.
[15:06:59.938]     INFO: Test took 3468ms.
[15:07:00.160]     INFO: Fetched DAQ statistics. Counters are being reset now.
[15:07:03.673]     INFO: Test took 3462ms.
[15:07:03.896]     INFO: Fetched DAQ statistics. Counters are being reset now.
[15:07:07.430]     INFO: Test took 3482ms.
[15:07:07.654]     INFO: Fetched DAQ statistics. Counters are being reset now.
[15:07:11.169]     INFO: Test took 3463ms.
[15:07:11.394]     INFO: Fetched DAQ statistics. Counters are being reset now.
[15:07:14.917]     INFO: Test took 3470ms.
[15:07:15.140]     INFO: Fetched DAQ statistics. Counters are being reset now.
[15:07:18.663]     INFO: Test took 3472ms.
[15:07:18.886]     INFO: Fetched DAQ statistics. Counters are being reset now.
[15:07:22.404]     INFO: Test took 3467ms.
[15:07:22.627]     INFO: Fetched DAQ statistics. Counters are being reset now.
[15:07:26.147]     INFO: Test took 3469ms.
[15:07:26.372]     INFO: Fetched DAQ statistics. Counters are being reset now.
[15:07:29.903]     INFO: Test took 3479ms.
[15:07:30.127]     INFO: Fetched DAQ statistics. Counters are being reset now.
[15:07:33.640]     INFO: Test took 3461ms.
[15:07:33.864]     INFO: Fetched DAQ statistics. Counters are being reset now.
[15:07:37.415]     INFO: Test took 3500ms.
[15:07:37.637]     INFO: Fetched DAQ statistics. Counters are being reset now.
[15:07:41.185]     INFO: Test took 3496ms.
[15:07:41.407]     INFO: Fetched DAQ statistics. Counters are being reset now.
[15:07:44.916]     INFO: Test took 3457ms.
[15:07:45.136]     INFO: Fetched DAQ statistics. Counters are being reset now.
[15:07:48.532]     INFO: Test took 3345ms.
[15:07:48.745]     INFO: Fetched DAQ statistics. Counters are being reset now.
[15:07:49.047]     INFO:    ----------------------------------------------------------------------
[15:07:49.047]     INFO:    PixTestHighRate::xPixelAlive() ntrig = 5, vcal = 200
[15:07:49.047]     INFO:    ----------------------------------------------------------------------
[15:07:49.076]     INFO:       reading data/pa234/defaultMaskFile.dat
[15:07:49.076]     INFO: ROC 3 masking pixel 18/67
[15:07:49.076]     INFO: ROC 3 masking pixel 42/69
[15:07:49.076]     INFO: ROC 7 masking pixel 29/36
[15:07:49.076]     INFO: ROC 8 masking pixel 41/23
[15:07:49.076]     INFO: ROC 8 masking pixel 41/40
[15:07:49.076]     INFO: ROC 15 masking pixel 33/70
[15:07:49.076]  WARNING: Pattern generator does not contain a trigger signal. No data is expected from the DUT!
[15:07:53.050]     INFO: IGNORE THE WARNING ABOVE (resetROC sent)!
[15:07:55.891]     INFO: Test took 2646ms.
[15:07:56.000]     INFO: Fetched DAQ statistics. Counters are being reset now.
[15:07:56.253]     INFO: number of dead pixels (per ROC):     0    0    5    3    0    0    0    1    3    0    3    0    0    0    0    5
[15:07:56.253]     INFO: number of red-efficiency pixels:    23   15   50   95   85  115   41    2    4   75  118  114  110   64   26   29
[15:07:56.253]     INFO: number of X-ray hits detected:    11521 10659 17647 27836 28329 29241 14930  527  754 24117 31626 29488 30960 19759 12176 15297
[15:07:56.253]     INFO: number of triggers sent (total per ROC):  20800 20800 20800 20800 20800 20800 20800 20800 20800 20800 20800 20800 20800 20800 20800 20800
[15:07:56.253]     INFO: number of Vcal hits detected:  20777 20785 20730 20691 20714 20684 20759 20794 20784 20723 20668 20685 20687 20735 20774 20750
[15:07:56.253]     INFO: Vcal hit fiducial efficiency (%):  99.9 99.9 99.8 99.6 99.6 99.4 99.8 100.0 100.0 99.6 99.5 99.5 99.5 99.7 99.9 99.9
[15:07:56.253]     INFO: Vcal hit overall efficiency (%):  99.9 99.9 99.7 99.5 99.6 99.4 99.8 100.0 99.9 99.6 99.4 99.4 99.5 99.7 99.9 99.8
[15:07:56.253]     INFO: X-ray hit rate [MHz/cm2]:  33.8 31.2 51.7 81.6 83.0 85.7 43.8 1.5 2.2 70.7 92.7 86.4 90.7 57.9 35.7 44.8
[15:07:56.253]     INFO: PixTestHighRate::doXPixelAlive() done
[15:07:56.291]     INFO: PixTest::       pg_setup set to default.
[15:07:56.291]     INFO:    ----------------------------------------------------------------------
[15:07:56.291]     INFO:    PixTestHighRate::runDaq() running for 5 seconds
[15:07:56.291]     INFO:    ----------------------------------------------------------------------
[15:07:56.314]     INFO:       reading data/pa234/defaultMaskFile.dat
[15:07:56.314]     INFO: ROC 3 masking pixel 18/67
[15:07:56.314]     INFO: ROC 3 masking pixel 42/69
[15:07:56.314]     INFO: ROC 7 masking pixel 29/36
[15:07:56.314]     INFO: ROC 8 masking pixel 41/23
[15:07:56.314]     INFO: ROC 8 masking pixel 41/40
[15:07:56.314]     INFO: ROC 15 masking pixel 33/70
[15:07:56.314]  WARNING: Pattern generator does not contain a trigger signal. No data is expected from the DUT!
[15:07:57.286]     INFO: IGNORE THE WARNING ABOVE (resetROC sent)!
[15:07:58.463]     INFO: PixTestHighRate::doHitMap start TriggerLoop with trigger frequency 20 kHz, period 2011 and duration 5 seconds
[15:08:03.468]     INFO: data taking finished, elapsed time: 5 seconds.
[15:08:06.333]     INFO: PixTest::       pg_setup set to default.
[15:08:06.358]     INFO: Pixels without X-ray hits (per ROC):   113   536   413    67    51    27   518  2439  1954    63    27    61    23   266   437    50 
[15:08:06.358]     INFO: PixTestHighRate::doRunDaq() done
[15:08:06.358]     INFO: PixTestHighRate::doTest() done 
[15:08:21.213]    QUIET: Connection to board 58 closed.
