[15:03:44.388]     INFO: *** Welcome to pxar ***
[15:03:44.388]     INFO: *** Today: 2015/07/22
[15:03:44.388]     INFO:       reading data/pa234/dacParameters35_C0.dat
[15:03:44.388]     INFO:       reading data/pa234/dacParameters35_C1.dat
[15:03:44.388]     INFO:       reading data/pa234/dacParameters35_C2.dat
[15:03:44.388]     INFO:       reading data/pa234/dacParameters35_C3.dat
[15:03:44.388]     INFO:       reading data/pa234/dacParameters35_C4.dat
[15:03:44.388]     INFO:       reading data/pa234/dacParameters35_C5.dat
[15:03:44.388]     INFO:       reading data/pa234/dacParameters35_C6.dat
[15:03:44.389]     INFO:       reading data/pa234/dacParameters35_C7.dat
[15:03:44.389]     INFO:       reading data/pa234/dacParameters35_C8.dat
[15:03:44.389]     INFO:       reading data/pa234/dacParameters35_C9.dat
[15:03:44.389]     INFO:       reading data/pa234/dacParameters35_C10.dat
[15:03:44.389]     INFO:       reading data/pa234/dacParameters35_C11.dat
[15:03:44.389]     INFO:       reading data/pa234/dacParameters35_C12.dat
[15:03:44.389]     INFO:       reading data/pa234/dacParameters35_C13.dat
[15:03:44.389]     INFO:       reading data/pa234/dacParameters35_C14.dat
[15:03:44.389]     INFO:       reading data/pa234/dacParameters35_C15.dat
[15:03:44.389]     INFO:       reading data/pa234/tbmParameters_C0a.dat
[15:03:44.389]     INFO:       reading data/pa234/tbmParameters_C0b.dat
[15:03:44.389]     INFO:       reading data/pa234/defaultMaskFile.dat
[15:03:44.389]     INFO: MASKED Roc 3 col/row: 18 67
[15:03:44.389]     INFO: MASKED Roc 3 col/row: 42 69
[15:03:44.389]     INFO: MASKED Roc 7 col/row: 29 36
[15:03:44.389]     INFO: MASKED Roc 8 col/row: 41 23
[15:03:44.389]     INFO: MASKED Roc 8 col/row: 41 40
[15:03:44.389]     INFO: MASKED Roc 15 col/row: 33 70
[15:03:44.389]     INFO:       reading data/pa234/trimParameters35_C0.dat
[15:03:44.396]     INFO:       reading data/pa234/trimParameters35_C1.dat
[15:03:44.403]     INFO:       reading data/pa234/trimParameters35_C2.dat
[15:03:44.409]     INFO:   masking Roc 3 col/row: 18 67
[15:03:44.409]     INFO:   masking Roc 3 col/row: 42 69
[15:03:44.409]     INFO:       reading data/pa234/trimParameters35_C3.dat
[15:03:44.416]     INFO:       reading data/pa234/trimParameters35_C4.dat
[15:03:44.422]     INFO:       reading data/pa234/trimParameters35_C5.dat
[15:03:44.429]     INFO:       reading data/pa234/trimParameters35_C6.dat
[15:03:44.435]     INFO:   masking Roc 7 col/row: 29 36
[15:03:44.436]     INFO:       reading data/pa234/trimParameters35_C7.dat
[15:03:44.442]     INFO:   masking Roc 8 col/row: 41 23
[15:03:44.442]     INFO:   masking Roc 8 col/row: 41 40
[15:03:44.442]     INFO:       reading data/pa234/trimParameters35_C8.dat
[15:03:44.449]     INFO:       reading data/pa234/trimParameters35_C9.dat
[15:03:44.455]     INFO:       reading data/pa234/trimParameters35_C10.dat
[15:03:44.462]     INFO:       reading data/pa234/trimParameters35_C11.dat
[15:03:44.468]     INFO:       reading data/pa234/trimParameters35_C12.dat
[15:03:44.475]     INFO:       reading data/pa234/trimParameters35_C13.dat
[15:03:44.481]     INFO:       reading data/pa234/trimParameters35_C14.dat
[15:03:44.488]     INFO:   masking Roc 15 col/row: 33 70
[15:03:44.488]     INFO:       reading data/pa234/trimParameters35_C15.dat
[15:03:44.495]     INFO:       reading data/pa234/tbParameters.dat
[15:03:44.495]     INFO:         clk: 4
[15:03:44.495]     INFO:         ctr: 4
[15:03:44.495]     INFO:         sda: 19
[15:03:44.495]     INFO:         tin: 9
[15:03:44.495]     INFO:         level: 9
[15:03:44.495]     INFO:         triggerdelay: 0
[15:03:44.495]    QUIET: Instanciating API for pxar v1.9.0
[15:03:44.495]     INFO: Log level: INFO
[15:03:44.508]    QUIET: Connection to board DTB_WRPRHI opened.
[15:03:44.513]     INFO: DTB startup information
--- DTB info------------------------------------------
Board id:    58
HW version:  DTB1.2
FW version:  3.2
SW version:  3.6
USB id:      DTB_WRPRHI
MAC address: 40D85511803A
Hostname:    pixelDTB058
Comment:     
------------------------------------------------------
[15:03:44.516]     INFO: RPC call hashes of host and DTB match: 413001178
[15:03:46.126]     INFO: DUT info: 
[15:03:46.126]     INFO: The DUT currently contains the following objects:
[15:03:46.126]     INFO:  2 TBM Cores (2 ON)
[15:03:46.126]     INFO: 	TBM Core alpha (0): 7 registers set
[15:03:46.126]     INFO: 	TBM Core beta  (1): 7 registers set
[15:03:46.126]     INFO: 16 ROCs (16 ON) with 4160 pixelConfigs
[15:03:46.126]     INFO: 	ROC 0: 19 DACs set, Pixels: 0 masked, 4160 active.
[15:03:46.126]     INFO: 	ROC 1: 19 DACs set, Pixels: 0 masked, 4160 active.
[15:03:46.126]     INFO: 	ROC 2: 19 DACs set, Pixels: 0 masked, 4160 active.
[15:03:46.126]     INFO: 	ROC 3: 19 DACs set, Pixels: 2 masked, 4160 active.
[15:03:46.126]     INFO: 	ROC 4: 19 DACs set, Pixels: 0 masked, 4160 active.
[15:03:46.126]     INFO: 	ROC 5: 19 DACs set, Pixels: 0 masked, 4160 active.
[15:03:46.126]     INFO: 	ROC 6: 19 DACs set, Pixels: 0 masked, 4160 active.
[15:03:46.126]     INFO: 	ROC 7: 19 DACs set, Pixels: 1 masked, 4160 active.
[15:03:46.127]     INFO: 	ROC 8: 19 DACs set, Pixels: 2 masked, 4160 active.
[15:03:46.127]     INFO: 	ROC 9: 19 DACs set, Pixels: 0 masked, 4160 active.
[15:03:46.127]     INFO: 	ROC 10: 19 DACs set, Pixels: 0 masked, 4160 active.
[15:03:46.127]     INFO: 	ROC 11: 19 DACs set, Pixels: 0 masked, 4160 active.
[15:03:46.127]     INFO: 	ROC 12: 19 DACs set, Pixels: 0 masked, 4160 active.
[15:03:46.127]     INFO: 	ROC 13: 19 DACs set, Pixels: 0 masked, 4160 active.
[15:03:46.127]     INFO: 	ROC 14: 19 DACs set, Pixels: 0 masked, 4160 active.
[15:03:46.127]     INFO: 	ROC 15: 19 DACs set, Pixels: 1 masked, 4160 active.
[15:03:46.696]     INFO:       reading data/pa234/phCalibrationFitErr35_C0.dat
[15:03:46.712]     INFO:       reading data/pa234/phCalibrationFitErr35_C1.dat
[15:03:46.728]     INFO:       reading data/pa234/phCalibrationFitErr35_C2.dat
[15:03:46.743]     INFO:       reading data/pa234/phCalibrationFitErr35_C3.dat
[15:03:46.759]     INFO:       reading data/pa234/phCalibrationFitErr35_C4.dat
[15:03:46.774]     INFO:       reading data/pa234/phCalibrationFitErr35_C5.dat
[15:03:46.790]     INFO:       reading data/pa234/phCalibrationFitErr35_C6.dat
[15:03:46.805]     INFO:       reading data/pa234/phCalibrationFitErr35_C7.dat
[15:03:46.820]     INFO:       reading data/pa234/phCalibrationFitErr35_C8.dat
[15:03:46.837]     INFO:       reading data/pa234/phCalibrationFitErr35_C9.dat
[15:03:46.852]     INFO:       reading data/pa234/phCalibrationFitErr35_C10.dat
[15:03:46.867]     INFO:       reading data/pa234/phCalibrationFitErr35_C11.dat
[15:03:46.882]     INFO:       reading data/pa234/phCalibrationFitErr35_C12.dat
[15:03:46.898]     INFO:       reading data/pa234/phCalibrationFitErr35_C13.dat
[15:03:46.913]     INFO:       reading data/pa234/phCalibrationFitErr35_C14.dat
[15:03:46.928]     INFO:       reading data/pa234/phCalibrationFitErr35_C15.dat
[15:03:47.007]     INFO:       reading data/pa234/readbackCal_C0.dat
[15:03:47.007]     INFO:       reading data/pa234/readbackCal_C1.dat
[15:03:47.007]     INFO:       reading data/pa234/readbackCal_C2.dat
[15:03:47.007]     INFO:       reading data/pa234/readbackCal_C3.dat
[15:03:47.007]     INFO:       reading data/pa234/readbackCal_C4.dat
[15:03:47.007]     INFO:       reading data/pa234/readbackCal_C5.dat
[15:03:47.007]     INFO:       reading data/pa234/readbackCal_C6.dat
[15:03:47.007]     INFO:       reading data/pa234/readbackCal_C7.dat
[15:03:47.008]     INFO:       reading data/pa234/readbackCal_C8.dat
[15:03:47.008]     INFO:       reading data/pa234/readbackCal_C9.dat
[15:03:47.008]     INFO:       reading data/pa234/readbackCal_C10.dat
[15:03:47.008]     INFO:       reading data/pa234/readbackCal_C11.dat
[15:03:47.008]     INFO:       reading data/pa234/readbackCal_C12.dat
[15:03:47.008]     INFO:       reading data/pa234/readbackCal_C13.dat
[15:03:47.008]     INFO:       reading data/pa234/readbackCal_C14.dat
[15:03:47.008]     INFO:       reading data/pa234/readbackCal_C15.dat
[15:03:49.953]     INFO: ######################################################################
[15:03:49.954]     INFO: PixTestHighRate::doTest()
[15:03:49.954]     INFO: ######################################################################
[15:03:49.954]     INFO:    ----------------------------------------------------------------------
[15:03:49.954]     INFO:    PixTestHighRate::calDelScan() ntrig = 10, vcal = 200
[15:03:49.954]     INFO:    ----------------------------------------------------------------------
[15:03:51.035]     INFO: Test took 1077ms.
[15:03:51.038]     INFO:       reading data/pa234/defaultMaskFile.dat
[15:03:51.038]     INFO: ROC 3 masking pixel 18/67
[15:03:51.038]     INFO: ROC 3 masking pixel 42/69
[15:03:51.038]     INFO: ROC 7 masking pixel 29/36
[15:03:51.038]     INFO: ROC 8 masking pixel 41/23
[15:03:51.038]     INFO: ROC 8 masking pixel 41/40
[15:03:51.038]     INFO: ROC 15 masking pixel 33/70
[15:03:51.038]  WARNING: Pattern generator does not contain a trigger signal. No data is expected from the DUT!
[15:03:55.202]     INFO: IGNORE THE WARNING ABOVE (resetROC sent)!
[15:03:58.941]     INFO: Test took 3536ms.
[15:03:59.412]     INFO: Fetched DAQ statistics. Counters are being reset now.
[15:04:03.122]     INFO: Test took 3640ms.
[15:04:03.448]     INFO: Fetched DAQ statistics. Counters are being reset now.
[15:04:07.198]     INFO: Test took 3680ms.
[15:04:07.526]     INFO: Fetched DAQ statistics. Counters are being reset now.
[15:04:11.293]     INFO: Test took 3696ms.
[15:04:11.789]     INFO: Fetched DAQ statistics. Counters are being reset now.
[15:04:15.564]     INFO: Test took 3704ms.
[15:04:16.061]     INFO: Fetched DAQ statistics. Counters are being reset now.
[15:04:19.842]     INFO: Test took 3709ms.
[15:04:20.336]     INFO: Fetched DAQ statistics. Counters are being reset now.
[15:04:24.153]     INFO: Test took 3746ms.
[15:04:24.650]     INFO: Fetched DAQ statistics. Counters are being reset now.
[15:04:28.474]     INFO: Test took 3753ms.
[15:04:28.972]     INFO: Fetched DAQ statistics. Counters are being reset now.
[15:04:32.780]     INFO: Test took 3737ms.
[15:04:33.272]     INFO: Fetched DAQ statistics. Counters are being reset now.
[15:04:37.084]     INFO: Test took 3741ms.
[15:04:37.534]     INFO: Fetched DAQ statistics. Counters are being reset now.
[15:04:41.330]     INFO: Test took 3724ms.
[15:04:41.772]     INFO: Fetched DAQ statistics. Counters are being reset now.
[15:04:45.580]     INFO: Test took 3736ms.
[15:04:46.075]     INFO: Fetched DAQ statistics. Counters are being reset now.
[15:04:49.868]     INFO: Test took 3721ms.
[15:04:50.364]     INFO: Fetched DAQ statistics. Counters are being reset now.
[15:04:54.176]     INFO: Test took 3739ms.
[15:04:54.672]     INFO: Fetched DAQ statistics. Counters are being reset now.
[15:04:58.481]     INFO: Test took 3738ms.
[15:04:58.850]     INFO: Fetched DAQ statistics. Counters are being reset now.
[15:05:02.660]     INFO: Test took 3737ms.
[15:05:03.079]     INFO: Fetched DAQ statistics. Counters are being reset now.
[15:05:06.554]    ERROR: <datapipe.cc/DecodeDeser400:L294> Number of ROCs (6) != Token Chain Length (8)
[15:05:06.554]    ERROR: <datapipe.cc/CheckEventID:L127>    Event ID mismatch:  local ID (15) !=  TBM ID (0)
[15:05:06.554]    ERROR: <datapipe.cc/DecodeDeser400:L294> Number of ROCs (0) != Token Chain Length (8)
[15:05:06.554]    ERROR: <datapipe.cc/CheckEventID:L127>    Event ID mismatch:  local ID (1) !=  TBM ID (15)
[15:05:06.554]  WARNING: ROC 6: Readback start marker after 15 readouts!
[15:05:06.554]  WARNING: ROC 7: Readback start marker after 15 readouts!
[15:05:06.873] CRITICAL: <hal.cc/MultiRocAllPixelsCalibrate:L700> Incomplete DAQ data readout! Missing -1 Events.
[15:05:10.619]     INFO: Test took 3722ms.
[15:05:11.114]     INFO: Fetched DAQ statistics. Counters are being reset now.
[15:05:14.910]     INFO: Test took 3724ms.
[15:05:15.405]     INFO: Fetched DAQ statistics. Counters are being reset now.
[15:05:19.189]     INFO: Test took 3713ms.
[15:05:19.684]     INFO: Fetched DAQ statistics. Counters are being reset now.
[15:05:23.401]     INFO: Test took 3646ms.
[15:05:23.725]     INFO: Fetched DAQ statistics. Counters are being reset now.
[15:05:24.047]     INFO:    ----------------------------------------------------------------------
[15:05:24.048]     INFO:    PixTestHighRate::xPixelAlive() ntrig = 5, vcal = 200
[15:05:24.048]     INFO:    ----------------------------------------------------------------------
[15:05:24.075]     INFO:       reading data/pa234/defaultMaskFile.dat
[15:05:24.075]     INFO: ROC 3 masking pixel 18/67
[15:05:24.075]     INFO: ROC 3 masking pixel 42/69
[15:05:24.075]     INFO: ROC 7 masking pixel 29/36
[15:05:24.075]     INFO: ROC 8 masking pixel 41/23
[15:05:24.075]     INFO: ROC 8 masking pixel 41/40
[15:05:24.075]     INFO: ROC 15 masking pixel 33/70
[15:05:24.075]  WARNING: Pattern generator does not contain a trigger signal. No data is expected from the DUT!
[15:05:28.049]     INFO: IGNORE THE WARNING ABOVE (resetROC sent)!
[15:05:31.008]     INFO: Test took 2764ms.
[15:05:31.166]     INFO: Fetched DAQ statistics. Counters are being reset now.
[15:05:31.428]     INFO: number of dead pixels (per ROC):     0    0    5    3    0    0    0    1    3    0    3    0    0    0    0    5
[15:05:31.428]     INFO: number of red-efficiency pixels:    40   43  157  255  266  321  107    1    6  220  356  309  377  164   51   73
[15:05:31.428]     INFO: number of X-ray hits detected:    17408 16155 26915 42064 42775 44319 22845  828 1241 36665 47817 45171 47327 30051 18118 23346
[15:05:31.428]     INFO: number of triggers sent (total per ROC):  20800 20800 20800 20800 20800 20800 20800 20800 20800 20800 20800 20800 20800 20800 20800 20800
[15:05:31.428]     INFO: number of Vcal hits detected:  20760 20757 20620 20526 20528 20458 20691 20795 20782 20573 20408 20477 20408 20626 20748 20707
[15:05:31.428]     INFO: Vcal hit fiducial efficiency (%):  99.8 99.8 99.4 98.9 98.8 98.5 99.5 100.0 100.0 99.0 98.4 98.5 98.4 99.3 99.8 99.7
[15:05:31.428]     INFO: Vcal hit overall efficiency (%):  99.8 99.8 99.1 98.7 98.7 98.4 99.5 100.0 99.9 98.9 98.1 98.4 98.1 99.2 99.8 99.6
[15:05:31.428]     INFO: X-ray hit rate [MHz/cm2]:  51.0 47.4 78.9 123.3 125.4 129.9 67.0 2.4 3.6 107.5 140.2 132.4 138.7 88.1 53.1 68.4
[15:05:31.428]     INFO: PixTestHighRate::doXPixelAlive() done
[15:05:31.467]     INFO: PixTest::       pg_setup set to default.
[15:05:31.467]     INFO:    ----------------------------------------------------------------------
[15:05:31.467]     INFO:    PixTestHighRate::runDaq() running for 5 seconds
[15:05:31.467]     INFO:    ----------------------------------------------------------------------
[15:05:31.489]     INFO:       reading data/pa234/defaultMaskFile.dat
[15:05:31.489]     INFO: ROC 3 masking pixel 18/67
[15:05:31.489]     INFO: ROC 3 masking pixel 42/69
[15:05:31.489]     INFO: ROC 7 masking pixel 29/36
[15:05:31.489]     INFO: ROC 8 masking pixel 41/23
[15:05:31.489]     INFO: ROC 8 masking pixel 41/40
[15:05:31.489]     INFO: ROC 15 masking pixel 33/70
[15:05:31.490]  WARNING: Pattern generator does not contain a trigger signal. No data is expected from the DUT!
[15:05:32.462]     INFO: IGNORE THE WARNING ABOVE (resetROC sent)!
[15:05:33.638]     INFO: PixTestHighRate::doHitMap start TriggerLoop with trigger frequency 20 kHz, period 2011 and duration 5 seconds
[15:05:38.642]     INFO: data taking finished, elapsed time: 5 seconds.
[15:05:40.787]  WARNING: ROC 6: Readback start marker after 7 readouts!
[15:05:40.787]  WARNING: ROC 6: Readback start marker after 9 readouts!
[15:05:42.187]     INFO: PixTest::       pg_setup set to default.
[15:05:42.212]     INFO: Pixels without X-ray hits (per ROC):    61   360   302    56    33    13   361  1861  1443    17    13    32    16   166   282    27 
[15:05:42.212]     INFO: PixTestHighRate::doRunDaq() done
[15:05:42.212]     INFO: PixTestHighRate::doTest() done 
[15:05:59.839]    QUIET: Connection to board 58 closed.
