[14:52:01.547]     INFO: *** Welcome to pxar ***
[14:52:01.547]     INFO: *** Today: 2015/07/22
[14:52:01.547]     INFO:       reading data/pa234/dacParameters35_C0.dat
[14:52:01.547]     INFO:       reading data/pa234/dacParameters35_C1.dat
[14:52:01.548]     INFO:       reading data/pa234/dacParameters35_C2.dat
[14:52:01.548]     INFO:       reading data/pa234/dacParameters35_C3.dat
[14:52:01.548]     INFO:       reading data/pa234/dacParameters35_C4.dat
[14:52:01.548]     INFO:       reading data/pa234/dacParameters35_C5.dat
[14:52:01.548]     INFO:       reading data/pa234/dacParameters35_C6.dat
[14:52:01.548]     INFO:       reading data/pa234/dacParameters35_C7.dat
[14:52:01.548]     INFO:       reading data/pa234/dacParameters35_C8.dat
[14:52:01.548]     INFO:       reading data/pa234/dacParameters35_C9.dat
[14:52:01.548]     INFO:       reading data/pa234/dacParameters35_C10.dat
[14:52:01.548]     INFO:       reading data/pa234/dacParameters35_C11.dat
[14:52:01.548]     INFO:       reading data/pa234/dacParameters35_C12.dat
[14:52:01.548]     INFO:       reading data/pa234/dacParameters35_C13.dat
[14:52:01.548]     INFO:       reading data/pa234/dacParameters35_C14.dat
[14:52:01.548]     INFO:       reading data/pa234/dacParameters35_C15.dat
[14:52:01.548]     INFO:       reading data/pa234/tbmParameters_C0a.dat
[14:52:01.548]     INFO:       reading data/pa234/tbmParameters_C0b.dat
[14:52:01.549]     INFO:       reading data/pa234/defaultMaskFile.dat
[14:52:01.549]     INFO: MASKED Roc 3 col/row: 18 67
[14:52:01.549]     INFO: MASKED Roc 3 col/row: 42 69
[14:52:01.549]     INFO: MASKED Roc 7 col/row: 29 36
[14:52:01.549]     INFO: MASKED Roc 8 col/row: 41 23
[14:52:01.549]     INFO: MASKED Roc 8 col/row: 41 40
[14:52:01.549]     INFO: MASKED Roc 15 col/row: 33 70
[14:52:01.549]     INFO:       reading data/pa234/trimParameters35_C0.dat
[14:52:01.555]     INFO:       reading data/pa234/trimParameters35_C1.dat
[14:52:01.562]     INFO:       reading data/pa234/trimParameters35_C2.dat
[14:52:01.569]     INFO:   masking Roc 3 col/row: 18 67
[14:52:01.569]     INFO:   masking Roc 3 col/row: 42 69
[14:52:01.569]     INFO:       reading data/pa234/trimParameters35_C3.dat
[14:52:01.575]     INFO:       reading data/pa234/trimParameters35_C4.dat
[14:52:01.582]     INFO:       reading data/pa234/trimParameters35_C5.dat
[14:52:01.588]     INFO:       reading data/pa234/trimParameters35_C6.dat
[14:52:01.595]     INFO:   masking Roc 7 col/row: 29 36
[14:52:01.595]     INFO:       reading data/pa234/trimParameters35_C7.dat
[14:52:01.602]     INFO:   masking Roc 8 col/row: 41 23
[14:52:01.602]     INFO:   masking Roc 8 col/row: 41 40
[14:52:01.602]     INFO:       reading data/pa234/trimParameters35_C8.dat
[14:52:01.608]     INFO:       reading data/pa234/trimParameters35_C9.dat
[14:52:01.615]     INFO:       reading data/pa234/trimParameters35_C10.dat
[14:52:01.621]     INFO:       reading data/pa234/trimParameters35_C11.dat
[14:52:01.628]     INFO:       reading data/pa234/trimParameters35_C12.dat
[14:52:01.634]     INFO:       reading data/pa234/trimParameters35_C13.dat
[14:52:01.641]     INFO:       reading data/pa234/trimParameters35_C14.dat
[14:52:01.648]     INFO:   masking Roc 15 col/row: 33 70
[14:52:01.648]     INFO:       reading data/pa234/trimParameters35_C15.dat
[14:52:01.654]     INFO:       reading data/pa234/tbParameters.dat
[14:52:01.654]     INFO:         clk: 4
[14:52:01.654]     INFO:         ctr: 4
[14:52:01.654]     INFO:         sda: 19
[14:52:01.654]     INFO:         tin: 9
[14:52:01.654]     INFO:         level: 9
[14:52:01.655]     INFO:         triggerdelay: 0
[14:52:01.655]    QUIET: Instanciating API for pxar v1.9.0
[14:52:01.655]     INFO: Log level: INFO
[14:52:01.668]    QUIET: Connection to board DTB_WRPRHI opened.
[14:52:01.671]     INFO: DTB startup information
--- DTB info------------------------------------------
Board id:    58
HW version:  DTB1.2
FW version:  3.2
SW version:  3.6
USB id:      DTB_WRPRHI
MAC address: 40D85511803A
Hostname:    pixelDTB058
Comment:     
------------------------------------------------------
[14:52:01.675]     INFO: RPC call hashes of host and DTB match: 413001178
[14:52:03.285]     INFO: DUT info: 
[14:52:03.285]     INFO: The DUT currently contains the following objects:
[14:52:03.285]     INFO:  2 TBM Cores (2 ON)
[14:52:03.285]     INFO: 	TBM Core alpha (0): 7 registers set
[14:52:03.285]     INFO: 	TBM Core beta  (1): 7 registers set
[14:52:03.285]     INFO: 16 ROCs (16 ON) with 4160 pixelConfigs
[14:52:03.285]     INFO: 	ROC 0: 19 DACs set, Pixels: 0 masked, 4160 active.
[14:52:03.285]     INFO: 	ROC 1: 19 DACs set, Pixels: 0 masked, 4160 active.
[14:52:03.285]     INFO: 	ROC 2: 19 DACs set, Pixels: 0 masked, 4160 active.
[14:52:03.285]     INFO: 	ROC 3: 19 DACs set, Pixels: 2 masked, 4160 active.
[14:52:03.285]     INFO: 	ROC 4: 19 DACs set, Pixels: 0 masked, 4160 active.
[14:52:03.285]     INFO: 	ROC 5: 19 DACs set, Pixels: 0 masked, 4160 active.
[14:52:03.285]     INFO: 	ROC 6: 19 DACs set, Pixels: 0 masked, 4160 active.
[14:52:03.285]     INFO: 	ROC 7: 19 DACs set, Pixels: 1 masked, 4160 active.
[14:52:03.285]     INFO: 	ROC 8: 19 DACs set, Pixels: 2 masked, 4160 active.
[14:52:03.285]     INFO: 	ROC 9: 19 DACs set, Pixels: 0 masked, 4160 active.
[14:52:03.285]     INFO: 	ROC 10: 19 DACs set, Pixels: 0 masked, 4160 active.
[14:52:03.285]     INFO: 	ROC 11: 19 DACs set, Pixels: 0 masked, 4160 active.
[14:52:03.285]     INFO: 	ROC 12: 19 DACs set, Pixels: 0 masked, 4160 active.
[14:52:03.285]     INFO: 	ROC 13: 19 DACs set, Pixels: 0 masked, 4160 active.
[14:52:03.285]     INFO: 	ROC 14: 19 DACs set, Pixels: 0 masked, 4160 active.
[14:52:03.285]     INFO: 	ROC 15: 19 DACs set, Pixels: 1 masked, 4160 active.
[14:52:03.856]     INFO:       reading data/pa234/phCalibrationFitErr35_C0.dat
[14:52:03.872]     INFO:       reading data/pa234/phCalibrationFitErr35_C1.dat
[14:52:03.889]     INFO:       reading data/pa234/phCalibrationFitErr35_C2.dat
[14:52:03.904]     INFO:       reading data/pa234/phCalibrationFitErr35_C3.dat
[14:52:03.920]     INFO:       reading data/pa234/phCalibrationFitErr35_C4.dat
[14:52:03.936]     INFO:       reading data/pa234/phCalibrationFitErr35_C5.dat
[14:52:03.951]     INFO:       reading data/pa234/phCalibrationFitErr35_C6.dat
[14:52:03.967]     INFO:       reading data/pa234/phCalibrationFitErr35_C7.dat
[14:52:03.982]     INFO:       reading data/pa234/phCalibrationFitErr35_C8.dat
[14:52:03.998]     INFO:       reading data/pa234/phCalibrationFitErr35_C9.dat
[14:52:04.014]     INFO:       reading data/pa234/phCalibrationFitErr35_C10.dat
[14:52:04.029]     INFO:       reading data/pa234/phCalibrationFitErr35_C11.dat
[14:52:04.044]     INFO:       reading data/pa234/phCalibrationFitErr35_C12.dat
[14:52:04.060]     INFO:       reading data/pa234/phCalibrationFitErr35_C13.dat
[14:52:04.075]     INFO:       reading data/pa234/phCalibrationFitErr35_C14.dat
[14:52:04.090]     INFO:       reading data/pa234/phCalibrationFitErr35_C15.dat
[14:52:04.170]     INFO:       reading data/pa234/readbackCal_C0.dat
[14:52:04.170]     INFO:       reading data/pa234/readbackCal_C1.dat
[14:52:04.170]     INFO:       reading data/pa234/readbackCal_C2.dat
[14:52:04.170]     INFO:       reading data/pa234/readbackCal_C3.dat
[14:52:04.170]     INFO:       reading data/pa234/readbackCal_C4.dat
[14:52:04.170]     INFO:       reading data/pa234/readbackCal_C5.dat
[14:52:04.170]     INFO:       reading data/pa234/readbackCal_C6.dat
[14:52:04.170]     INFO:       reading data/pa234/readbackCal_C7.dat
[14:52:04.170]     INFO:       reading data/pa234/readbackCal_C8.dat
[14:52:04.171]     INFO:       reading data/pa234/readbackCal_C9.dat
[14:52:04.171]     INFO:       reading data/pa234/readbackCal_C10.dat
[14:52:04.171]     INFO:       reading data/pa234/readbackCal_C11.dat
[14:52:04.171]     INFO:       reading data/pa234/readbackCal_C12.dat
[14:52:04.171]     INFO:       reading data/pa234/readbackCal_C13.dat
[14:52:04.171]     INFO:       reading data/pa234/readbackCal_C14.dat
[14:52:04.171]     INFO:       reading data/pa234/readbackCal_C15.dat
[14:52:09.169]     INFO: ######################################################################
[14:52:09.169]     INFO: PixTestHighRate::doTest()
[14:52:09.169]     INFO: ######################################################################
[14:52:09.169]     INFO:    ----------------------------------------------------------------------
[14:52:09.169]     INFO:    PixTestHighRate::calDelScan() ntrig = 10, vcal = 200
[14:52:09.169]     INFO:    ----------------------------------------------------------------------
[14:52:10.250]     INFO: Test took 1076ms.
[14:52:10.254]     INFO:       reading data/pa234/defaultMaskFile.dat
[14:52:10.254]     INFO: ROC 3 masking pixel 18/67
[14:52:10.254]     INFO: ROC 3 masking pixel 42/69
[14:52:10.254]     INFO: ROC 7 masking pixel 29/36
[14:52:10.254]     INFO: ROC 8 masking pixel 41/23
[14:52:10.254]     INFO: ROC 8 masking pixel 41/40
[14:52:10.254]     INFO: ROC 15 masking pixel 33/70
[14:52:10.254]  WARNING: Pattern generator does not contain a trigger signal. No data is expected from the DUT!
[14:52:14.418]     INFO: IGNORE THE WARNING ABOVE (resetROC sent)!
[14:52:18.611]     INFO: Test took 3990ms.
[14:52:19.137]     INFO: Fetched DAQ statistics. Counters are being reset now.
[14:52:23.254]     INFO: Test took 4019ms.
[14:52:23.767]     INFO: Fetched DAQ statistics. Counters are being reset now.
[14:52:26.024]  WARNING: ROC 6: Readback start marker after 32 readouts!
[14:52:27.527]  WARNING: ROC 6: Readback start marker after 4 readouts!
[14:52:27.527]  WARNING: ROC 6: Readback start marker after 12 readouts!
[14:52:27.924]     INFO: Test took 4058ms.
[14:52:28.443]     INFO: Fetched DAQ statistics. Counters are being reset now.
[14:52:31.487]  WARNING: ROC 6: Readback start marker after 14 readouts!
[14:52:31.487]  WARNING: ROC 6: Readback start marker after 2 readouts!
[14:52:32.634]     INFO: Test took 4092ms.
[14:52:33.153]     INFO: Fetched DAQ statistics. Counters are being reset now.
[14:52:37.319]     INFO: Test took 4068ms.
[14:52:37.841]     INFO: Fetched DAQ statistics. Counters are being reset now.
[14:52:42.081]     INFO: Test took 4141ms.
[14:52:42.602]     INFO: Fetched DAQ statistics. Counters are being reset now.
[14:52:46.811]     INFO: Test took 4111ms.
[14:52:47.329]     INFO: Fetched DAQ statistics. Counters are being reset now.
[14:52:51.544]     INFO: Test took 4117ms.
[14:52:52.065]     INFO: Fetched DAQ statistics. Counters are being reset now.
[14:52:56.274]     INFO: Test took 4110ms.
[14:52:56.791]     INFO: Fetched DAQ statistics. Counters are being reset now.
[14:53:00.976]     INFO: Test took 4086ms.
[14:53:01.493]     INFO: Fetched DAQ statistics. Counters are being reset now.
[14:53:03.663]  WARNING: ROC 6: Readback start marker after 14 readouts!
[14:53:03.664]  WARNING: ROC 6: Readback start marker after 2 readouts!
[14:53:05.691]     INFO: Test took 4099ms.
[14:53:06.209]     INFO: Fetched DAQ statistics. Counters are being reset now.
[14:53:08.547]    ERROR: <datapipe.cc/DecodeDeser400:L294> Number of ROCs (9) != Token Chain Length (8)
[14:53:10.389]     INFO: Test took 4081ms.
[14:53:10.904]     INFO: Fetched DAQ statistics. Counters are being reset now.
[14:53:15.114]     INFO: Test took 4110ms.
[14:53:15.633]     INFO: Fetched DAQ statistics. Counters are being reset now.
[14:53:19.863]     INFO: Test took 4130ms.
[14:53:20.384]     INFO: Fetched DAQ statistics. Counters are being reset now.
[14:53:23.734]  WARNING: ROC 6: Readback start marker after 32 readouts!
[14:53:24.589]     INFO: Test took 4106ms.
[14:53:25.111]     INFO: Fetched DAQ statistics. Counters are being reset now.
[14:53:29.333]     INFO: Test took 4123ms.
[14:53:29.849]     INFO: Fetched DAQ statistics. Counters are being reset now.
[14:53:34.048]     INFO: Test took 4100ms.
[14:53:34.563]     INFO: Fetched DAQ statistics. Counters are being reset now.
[14:53:38.777]     INFO: Test took 4115ms.
[14:53:39.294]     INFO: Fetched DAQ statistics. Counters are being reset now.
[14:53:43.490]     INFO: Test took 4096ms.
[14:53:44.009]     INFO: Fetched DAQ statistics. Counters are being reset now.
[14:53:48.102]     INFO: Test took 3994ms.
[14:53:48.619]     INFO: Fetched DAQ statistics. Counters are being reset now.
[14:53:48.970]     INFO:    ----------------------------------------------------------------------
[14:53:48.970]     INFO:    PixTestHighRate::xPixelAlive() ntrig = 5, vcal = 200
[14:53:48.970]     INFO:    ----------------------------------------------------------------------
[14:53:48.999]     INFO:       reading data/pa234/defaultMaskFile.dat
[14:53:48.999]     INFO: ROC 3 masking pixel 18/67
[14:53:48.999]     INFO: ROC 3 masking pixel 42/69
[14:53:48.999]     INFO: ROC 7 masking pixel 29/36
[14:53:48.999]     INFO: ROC 8 masking pixel 41/23
[14:53:48.999]     INFO: ROC 8 masking pixel 41/40
[14:53:48.999]     INFO: ROC 15 masking pixel 33/70
[14:53:48.999]  WARNING: Pattern generator does not contain a trigger signal. No data is expected from the DUT!
[14:53:52.973]     INFO: IGNORE THE WARNING ABOVE (resetROC sent)!
[14:53:56.151]     INFO: Test took 2983ms.
[14:53:56.386]     INFO: Fetched DAQ statistics. Counters are being reset now.
[14:53:56.663]     INFO: number of dead pixels (per ROC):     0    0    5    3    0    0    0    1    4    0    3    0    0    0    0    5
[14:53:56.663]     INFO: number of red-efficiency pixels:    87  103  419  786  777  918  323   20  138  634 1061  935 1157  492  132  170
[14:53:56.663]     INFO: number of X-ray hits detected:    26660 24257 40714 64417 65237 66826 35175 1187 1789 56046 72461 67542 71835 44983 28104 35350
[14:53:56.663]     INFO: number of triggers sent (total per ROC):  20800 20800 20800 20800 20800 20800 20800 20800 20800 20800 20800 20800 20800 20800 20800 20800
[14:53:56.663]     INFO: number of Vcal hits detected:  20713 20695 20315 19900 19922 19741 20455 20775 20617 20076 19540 19702 19369 20235 20667 20601
[14:53:56.663]     INFO: Vcal hit fiducial efficiency (%):  99.6 99.5 98.1 96.0 96.2 95.4 98.5 99.9 99.3 96.7 94.5 95.2 93.8 97.6 99.5 99.2
[14:53:56.663]     INFO: Vcal hit overall efficiency (%):  99.6 99.5 97.7 95.7 95.8 94.9 98.3 99.9 99.1 96.5 93.9 94.7 93.1 97.3 99.4 99.0
[14:53:56.663]     INFO: X-ray hit rate [MHz/cm2]:  78.1 71.1 119.3 188.8 191.2 195.9 103.1 3.5 5.2 164.3 212.4 198.0 210.6 131.8 82.4 103.6
[14:53:56.663]     INFO: PixTestHighRate::doXPixelAlive() done
[14:53:56.702]     INFO: PixTest::       pg_setup set to default.
[14:53:56.702]     INFO:    ----------------------------------------------------------------------
[14:53:56.702]     INFO:    PixTestHighRate::runDaq() running for 5 seconds
[14:53:56.702]     INFO:    ----------------------------------------------------------------------
[14:53:56.723]     INFO:       reading data/pa234/defaultMaskFile.dat
[14:53:56.723]     INFO: ROC 3 masking pixel 18/67
[14:53:56.723]     INFO: ROC 3 masking pixel 42/69
[14:53:56.723]     INFO: ROC 7 masking pixel 29/36
[14:53:56.723]     INFO: ROC 8 masking pixel 41/23
[14:53:56.723]     INFO: ROC 8 masking pixel 41/40
[14:53:56.724]     INFO: ROC 15 masking pixel 33/70
[14:53:56.724]  WARNING: Pattern generator does not contain a trigger signal. No data is expected from the DUT!
[14:53:57.695]     INFO: IGNORE THE WARNING ABOVE (resetROC sent)!
[14:53:58.872]     INFO: PixTestHighRate::doHitMap start TriggerLoop with trigger frequency 20 kHz, period 2011 and duration 5 seconds
[14:54:03.877]     INFO: data taking finished, elapsed time: 5 seconds.
[14:54:08.545]     INFO: PixTest::       pg_setup set to default.
[14:54:08.571]     INFO: Pixels without X-ray hits (per ROC):    23   237   160    45    17     8   230  1349   881     8     3     7     7    97   181    10 
[14:54:08.571]     INFO: PixTestHighRate::doRunDaq() done
[14:54:08.571]     INFO: PixTestHighRate::doTest() done 
[14:54:58.361]    QUIET: Connection to board 58 closed.
