[13:37:15.402]     INFO: *** Welcome to pxar ***
[13:37:15.402]     INFO: *** Today: 2015/07/28
[13:37:15.402]     INFO:       reading data/pa234//dacParameters35_C0.dat
[13:37:15.417]     INFO:       reading data/pa234//dacParameters35_C1.dat
[13:37:15.418]     INFO:       reading data/pa234//dacParameters35_C2.dat
[13:37:15.418]     INFO:       reading data/pa234//dacParameters35_C3.dat
[13:37:15.418]     INFO:       reading data/pa234//dacParameters35_C4.dat
[13:37:15.418]     INFO:       reading data/pa234//dacParameters35_C5.dat
[13:37:15.418]     INFO:       reading data/pa234//dacParameters35_C6.dat
[13:37:15.418]     INFO:       reading data/pa234//dacParameters35_C7.dat
[13:37:15.419]     INFO:       reading data/pa234//dacParameters35_C8.dat
[13:37:15.419]     INFO:       reading data/pa234//dacParameters35_C9.dat
[13:37:15.419]     INFO:       reading data/pa234//dacParameters35_C10.dat
[13:37:15.419]     INFO:       reading data/pa234//dacParameters35_C11.dat
[13:37:15.419]     INFO:       reading data/pa234//dacParameters35_C12.dat
[13:37:15.419]     INFO:       reading data/pa234//dacParameters35_C13.dat
[13:37:15.419]     INFO:       reading data/pa234//dacParameters35_C14.dat
[13:37:15.419]     INFO:       reading data/pa234//dacParameters35_C15.dat
[13:37:15.420]     INFO:       reading data/pa234//tbmParameters_C0a.dat
[13:37:15.426]     INFO:       reading data/pa234//tbmParameters_C0b.dat
[13:37:15.427]     INFO:       reading data/pa234//defaultMaskFile.dat
[13:37:15.438]     INFO: MASKED Roc 3 col/row: 18 67
[13:37:15.438]     INFO: MASKED Roc 3 col/row: 42 69
[13:37:15.438]     INFO: MASKED Roc 7 col/row: 29 36
[13:37:15.438]     INFO: MASKED Roc 8 col/row: 41 23
[13:37:15.438]     INFO: MASKED Roc 8 col/row: 41 40
[13:37:15.438]     INFO: MASKED Roc 15 col/row: 33 70
[13:37:15.438]     INFO:       reading data/pa234//trimParameters35_C0.dat
[13:37:15.458]     INFO:       reading data/pa234//trimParameters35_C1.dat
[13:37:15.464]     INFO:       reading data/pa234//trimParameters35_C2.dat
[13:37:15.471]     INFO:   masking Roc 3 col/row: 18 67
[13:37:15.471]     INFO:   masking Roc 3 col/row: 42 69
[13:37:15.471]     INFO:       reading data/pa234//trimParameters35_C3.dat
[13:37:15.478]     INFO:       reading data/pa234//trimParameters35_C4.dat
[13:37:15.488]     INFO:       reading data/pa234//trimParameters35_C5.dat
[13:37:15.495]     INFO:       reading data/pa234//trimParameters35_C6.dat
[13:37:15.502]     INFO:   masking Roc 7 col/row: 29 36
[13:37:15.502]     INFO:       reading data/pa234//trimParameters35_C7.dat
[13:37:15.508]     INFO:   masking Roc 8 col/row: 41 23
[13:37:15.509]     INFO:   masking Roc 8 col/row: 41 40
[13:37:15.509]     INFO:       reading data/pa234//trimParameters35_C8.dat
[13:37:15.516]     INFO:       reading data/pa234//trimParameters35_C9.dat
[13:37:15.522]     INFO:       reading data/pa234//trimParameters35_C10.dat
[13:37:15.529]     INFO:       reading data/pa234//trimParameters35_C11.dat
[13:37:15.536]     INFO:       reading data/pa234//trimParameters35_C12.dat
[13:37:15.542]     INFO:       reading data/pa234//trimParameters35_C13.dat
[13:37:15.549]     INFO:       reading data/pa234//trimParameters35_C14.dat
[13:37:15.556]     INFO:   masking Roc 15 col/row: 33 70
[13:37:15.556]     INFO:       reading data/pa234//trimParameters35_C15.dat
[13:37:15.563]     INFO:       reading data/pa234//tbParameters.dat
[13:37:15.564]     INFO:         clk: 4
[13:37:15.564]     INFO:         ctr: 4
[13:37:15.564]     INFO:         sda: 19
[13:37:15.564]     INFO:         tin: 9
[13:37:15.564]     INFO:         level: 9
[13:37:15.564]     INFO:         triggerdelay: 0
[13:37:15.564]    QUIET: Instanciating API for pxar v1.9.0
[13:37:15.564]     INFO: Log level: INFO
[13:37:15.578]    QUIET: Connection to board DTB_WRPRHI opened.
[13:37:15.582]     INFO: DTB startup information
--- DTB info------------------------------------------
Board id:    58
HW version:  DTB1.2
FW version:  3.2
SW version:  3.6
USB id:      DTB_WRPRHI
MAC address: 40D85511803A
Hostname:    pixelDTB058
Comment:     
------------------------------------------------------
[13:37:15.586]     INFO: RPC call hashes of host and DTB match: 413001178
[13:37:17.196]     INFO: DUT info: 
[13:37:17.196]     INFO: The DUT currently contains the following objects:
[13:37:17.196]     INFO:  2 TBM Cores (2 ON)
[13:37:17.196]     INFO: 	TBM Core alpha (0): 7 registers set
[13:37:17.196]     INFO: 	TBM Core beta  (1): 7 registers set
[13:37:17.196]     INFO: 16 ROCs (16 ON) with 4160 pixelConfigs
[13:37:17.196]     INFO: 	ROC 0: 19 DACs set, Pixels: 0 masked, 4160 active.
[13:37:17.196]     INFO: 	ROC 1: 19 DACs set, Pixels: 0 masked, 4160 active.
[13:37:17.196]     INFO: 	ROC 2: 19 DACs set, Pixels: 0 masked, 4160 active.
[13:37:17.196]     INFO: 	ROC 3: 19 DACs set, Pixels: 2 masked, 4160 active.
[13:37:17.196]     INFO: 	ROC 4: 19 DACs set, Pixels: 0 masked, 4160 active.
[13:37:17.196]     INFO: 	ROC 5: 19 DACs set, Pixels: 0 masked, 4160 active.
[13:37:17.196]     INFO: 	ROC 6: 19 DACs set, Pixels: 0 masked, 4160 active.
[13:37:17.196]     INFO: 	ROC 7: 19 DACs set, Pixels: 1 masked, 4160 active.
[13:37:17.196]     INFO: 	ROC 8: 19 DACs set, Pixels: 2 masked, 4160 active.
[13:37:17.196]     INFO: 	ROC 9: 19 DACs set, Pixels: 0 masked, 4160 active.
[13:37:17.196]     INFO: 	ROC 10: 19 DACs set, Pixels: 0 masked, 4160 active.
[13:37:17.196]     INFO: 	ROC 11: 19 DACs set, Pixels: 0 masked, 4160 active.
[13:37:17.196]     INFO: 	ROC 12: 19 DACs set, Pixels: 0 masked, 4160 active.
[13:37:17.196]     INFO: 	ROC 13: 19 DACs set, Pixels: 0 masked, 4160 active.
[13:37:17.196]     INFO: 	ROC 14: 19 DACs set, Pixels: 0 masked, 4160 active.
[13:37:17.196]     INFO: 	ROC 15: 19 DACs set, Pixels: 1 masked, 4160 active.
[13:37:17.781]     INFO:       reading data/pa234//phCalibrationFitErr35_C0.dat
[13:37:17.816]     INFO:       reading data/pa234//phCalibrationFitErr35_C1.dat
[13:37:17.837]     INFO:       reading data/pa234//phCalibrationFitErr35_C2.dat
[13:37:17.859]     INFO:       reading data/pa234//phCalibrationFitErr35_C3.dat
[13:37:17.875]     INFO:       reading data/pa234//phCalibrationFitErr35_C4.dat
[13:37:17.892]     INFO:       reading data/pa234//phCalibrationFitErr35_C5.dat
[13:37:17.908]     INFO:       reading data/pa234//phCalibrationFitErr35_C6.dat
[13:37:17.924]     INFO:       reading data/pa234//phCalibrationFitErr35_C7.dat
[13:37:17.940]     INFO:       reading data/pa234//phCalibrationFitErr35_C8.dat
[13:37:17.957]     INFO:       reading data/pa234//phCalibrationFitErr35_C9.dat
[13:37:17.973]     INFO:       reading data/pa234//phCalibrationFitErr35_C10.dat
[13:37:17.989]     INFO:       reading data/pa234//phCalibrationFitErr35_C11.dat
[13:37:18.005]     INFO:       reading data/pa234//phCalibrationFitErr35_C12.dat
[13:37:18.021]     INFO:       reading data/pa234//phCalibrationFitErr35_C13.dat
[13:37:18.037]     INFO:       reading data/pa234//phCalibrationFitErr35_C14.dat
[13:37:18.053]     INFO:       reading data/pa234//phCalibrationFitErr35_C15.dat
[13:37:18.134]     INFO:       reading data/pa234//readbackCal_C0.dat
[13:37:18.135]     INFO:       reading data/pa234//readbackCal_C1.dat
[13:37:18.148]     INFO:       reading data/pa234//readbackCal_C2.dat
[13:37:18.149]     INFO:       reading data/pa234//readbackCal_C3.dat
[13:37:18.149]     INFO:       reading data/pa234//readbackCal_C4.dat
[13:37:18.149]     INFO:       reading data/pa234//readbackCal_C5.dat
[13:37:18.149]     INFO:       reading data/pa234//readbackCal_C6.dat
[13:37:18.149]     INFO:       reading data/pa234//readbackCal_C7.dat
[13:37:18.150]     INFO:       reading data/pa234//readbackCal_C8.dat
[13:37:18.150]     INFO:       reading data/pa234//readbackCal_C9.dat
[13:37:18.150]     INFO:       reading data/pa234//readbackCal_C10.dat
[13:37:18.150]     INFO:       reading data/pa234//readbackCal_C11.dat
[13:37:18.150]     INFO:       reading data/pa234//readbackCal_C12.dat
[13:37:18.151]     INFO:       reading data/pa234//readbackCal_C13.dat
[13:37:18.160]     INFO:       reading data/pa234//readbackCal_C14.dat
[13:37:18.160]     INFO:       reading data/pa234//readbackCal_C15.dat
[13:37:27.425]     INFO: ######################################################################
[13:37:27.425]     INFO: PixTestAlive::doTest()
[13:37:27.425]     INFO: ######################################################################
[13:37:27.427]     INFO:    ----------------------------------------------------------------------
[13:37:27.427]     INFO:    PixTestAlive::aliveTest() ntrig = 10, vcal = 200 (ctrlreg = 0 0 0 0 0 0 0 0 0 0 0 0 0 0 0 0)
[13:37:27.427]     INFO:    ----------------------------------------------------------------------
[13:37:31.002]     INFO: Test took 3573ms.
[13:37:31.042]     INFO: Fetched DAQ statistics. Counters are being reset now.
[13:37:31.307]     INFO: PixTestAlive::aliveTest() done
[13:37:31.307]     INFO: number of dead pixels (per ROC):     0    0    3    1    0    0    0    1    2    0    3    0    0    0    0    4
[13:37:31.348]     INFO:    ----------------------------------------------------------------------
[13:37:31.348]     INFO:    PixTestAlive::maskTest() ntrig = 10, vcal = 200 (ctrlreg = 0 0 0 0 0 0 0 0 0 0 0 0 0 0 0 0)
[13:37:31.348]     INFO:    ----------------------------------------------------------------------
[13:37:34.072]     INFO: Test took 2721ms.
[13:37:34.075]     INFO: Fetched DAQ statistics. Counters are being reset now.
[13:37:34.315]     INFO: PixTestAlive::maskTest() done
[13:37:34.315]     INFO: number of mask-defect pixels (per ROC):     0    0    0    0    0    0    0    0    0    0    0    0    0    0    0    0
[13:37:34.358]     INFO:    ----------------------------------------------------------------------
[13:37:34.358]     INFO:    PixTestAlive::addressDecodingTest() ntrig = 10, vcal = 200 (ctrlreg = 0 0 0 0 0 0 0 0 0 0 0 0 0 0 0 0)
[13:37:34.358]     INFO:    ----------------------------------------------------------------------
[13:37:37.910]     INFO: Test took 3550ms.
[13:37:37.950]     INFO: Fetched DAQ statistics. Counters are being reset now.
[13:37:38.213]     INFO: PixTestAlive::addressDecodingTest() done
[13:37:38.213]     INFO: number of address-decoding pixels (per ROC):     0    0    0    0    0    0    0    0    0    0    0    0    0    0    0    0
[13:37:38.234]     INFO: PixTestAlive::doTest() done, duration: 10 seconds
[13:37:54.897]    QUIET: Connection to board 58 closed.
