[10:08:52.610]     INFO: *** Welcome to pxar ***
[10:08:52.610]     INFO: *** Today: 2015/06/15
[10:08:52.610]     INFO:       reading crosscalibrate/dacParameters35_C0.dat
[10:08:52.610]     INFO:       reading crosscalibrate/dacParameters35_C1.dat
[10:08:52.611]     INFO:       reading crosscalibrate/dacParameters35_C2.dat
[10:08:52.611]     INFO:       reading crosscalibrate/dacParameters35_C3.dat
[10:08:52.611]     INFO:       reading crosscalibrate/dacParameters35_C4.dat
[10:08:52.611]     INFO:       reading crosscalibrate/dacParameters35_C5.dat
[10:08:52.611]     INFO:       reading crosscalibrate/dacParameters35_C6.dat
[10:08:52.611]     INFO:       reading crosscalibrate/dacParameters35_C7.dat
[10:08:52.611]     INFO:       reading crosscalibrate/dacParameters35_C8.dat
[10:08:52.611]     INFO:       reading crosscalibrate/dacParameters35_C9.dat
[10:08:52.611]     INFO:       reading crosscalibrate/dacParameters35_C10.dat
[10:08:52.611]     INFO:       reading crosscalibrate/dacParameters35_C11.dat
[10:08:52.611]     INFO:       reading crosscalibrate/dacParameters35_C12.dat
[10:08:52.611]     INFO:       reading crosscalibrate/dacParameters35_C13.dat
[10:08:52.612]     INFO:       reading crosscalibrate/dacParameters35_C14.dat
[10:08:52.612]     INFO:       reading crosscalibrate/dacParameters35_C15.dat
[10:08:52.612]     INFO:       reading crosscalibrate/tbmParameters_C0a.dat
[10:08:52.612]     INFO:       reading crosscalibrate/tbmParameters_C0b.dat
[10:08:52.612]     INFO:       reading crosscalibrate/defaultMaskFile.dat
[10:08:52.612]     INFO:       reading crosscalibrate/trimParameters35_C0.dat
[10:08:52.621]     INFO:       reading crosscalibrate/trimParameters35_C1.dat
[10:08:52.628]     INFO:       reading crosscalibrate/trimParameters35_C2.dat
[10:08:52.632]     INFO:       reading crosscalibrate/trimParameters35_C3.dat
[10:08:52.636]     INFO:       reading crosscalibrate/trimParameters35_C4.dat
[10:08:52.641]     INFO:       reading crosscalibrate/trimParameters35_C5.dat
[10:08:52.646]     INFO:       reading crosscalibrate/trimParameters35_C6.dat
[10:08:52.650]     INFO:       reading crosscalibrate/trimParameters35_C7.dat
[10:08:52.655]     INFO:       reading crosscalibrate/trimParameters35_C8.dat
[10:08:52.660]     INFO:       reading crosscalibrate/trimParameters35_C9.dat
[10:08:52.665]     INFO:       reading crosscalibrate/trimParameters35_C10.dat
[10:08:52.669]     INFO:       reading crosscalibrate/trimParameters35_C11.dat
[10:08:52.674]     INFO:       reading crosscalibrate/trimParameters35_C12.dat
[10:08:52.679]     INFO:       reading crosscalibrate/trimParameters35_C13.dat
[10:08:52.683]     INFO:       reading crosscalibrate/trimParameters35_C14.dat
[10:08:52.688]     INFO:       reading crosscalibrate/trimParameters35_C15.dat
[10:08:52.693]     INFO:       reading crosscalibrate/tbParameters.dat
[10:08:52.693]     INFO:         clk: 4
[10:08:52.693]     INFO:         ctr: 4
[10:08:52.693]     INFO:         sda: 19
[10:08:52.693]     INFO:         tin: 9
[10:08:52.693]     INFO:         level: 15
[10:08:52.693]     INFO:         triggerdelay: 0
[10:08:52.693]    QUIET: Instanciating API for pxar crosscalibrate_v1.1
[10:08:52.693]     INFO: Log level: DEBUG
[10:08:52.704]     INFO: Connected DTBs:
[10:08:52.704]     INFO: 0: DTB_WRMZH8 on USB
[10:08:52.715]     INFO: BID = 53
[10:08:52.717]     INFO: 1: DTB_WRMPSF on USB
[10:08:52.729]     INFO: BID = 45
[10:08:52.730]     INFO: Please choose DTB (0-1): 
[10:08:59.357]    QUIET: Connection to board DTB_WRMZH8 opened.
[10:08:59.361]     INFO: DTB startup information
--- DTB info------------------------------------------
Board id:    53
HW version:  DTB1.2
FW version:  4.0
SW version:  4.0
USB id:      DTB_WRMZH8
MAC address: 40D855118035
Hostname:    pixelDTB053
Comment:     
------------------------------------------------------
[10:08:59.364]     INFO: RPC call hashes of host and DTB match: 447413373
[10:09:00.933]     INFO: DUT info: 
[10:09:00.933]     INFO: The DUT currently contains the following objects:
[10:09:00.933]     INFO:  2 TBM Cores (2 ON)
[10:09:00.933]     INFO: 	TBM Core alpha (0): 7 registers set
[10:09:00.933]     INFO: 	TBM Core beta  (1): 7 registers set
[10:09:00.933]     INFO: 16 ROCs (16 ON) with 4160 pixelConfigs
[10:09:00.933]     INFO: 	ROC 0: 21 DACs set, Pixels: 0 masked, 4160 active.
[10:09:00.934]     INFO: 	ROC 1: 21 DACs set, Pixels: 0 masked, 4160 active.
[10:09:00.934]     INFO: 	ROC 2: 21 DACs set, Pixels: 0 masked, 4160 active.
[10:09:00.934]     INFO: 	ROC 3: 21 DACs set, Pixels: 0 masked, 4160 active.
[10:09:00.934]     INFO: 	ROC 4: 21 DACs set, Pixels: 0 masked, 4160 active.
[10:09:00.934]     INFO: 	ROC 5: 21 DACs set, Pixels: 0 masked, 4160 active.
[10:09:00.934]     INFO: 	ROC 6: 21 DACs set, Pixels: 0 masked, 4160 active.
[10:09:00.934]     INFO: 	ROC 7: 21 DACs set, Pixels: 0 masked, 4160 active.
[10:09:00.934]     INFO: 	ROC 8: 21 DACs set, Pixels: 0 masked, 4160 active.
[10:09:00.934]     INFO: 	ROC 9: 21 DACs set, Pixels: 0 masked, 4160 active.
[10:09:00.934]     INFO: 	ROC 10: 21 DACs set, Pixels: 0 masked, 4160 active.
[10:09:00.934]     INFO: 	ROC 11: 21 DACs set, Pixels: 0 masked, 4160 active.
[10:09:00.934]     INFO: 	ROC 12: 21 DACs set, Pixels: 0 masked, 4160 active.
[10:09:00.934]     INFO: 	ROC 13: 21 DACs set, Pixels: 0 masked, 4160 active.
[10:09:00.934]     INFO: 	ROC 14: 21 DACs set, Pixels: 0 masked, 4160 active.
[10:09:00.934]     INFO: 	ROC 15: 21 DACs set, Pixels: 0 masked, 4160 active.
[10:09:00.935]    DEBUG: <PixTestParameters.cc/dump:L104> PixTestParameters: ->BB<-
[10:09:00.935]    DEBUG: <PixTestParameters.cc/dump:L107>   dumpall: checkbox(0)
[10:09:00.935]    DEBUG: <PixTestParameters.cc/dump:L107>   dumpproblematic: checkbox(0)
[10:09:00.935]    DEBUG: <PixTestParameters.cc/dump:L107>   ntrig: 5
[10:09:00.935]    DEBUG: <PixTestParameters.cc/dump:L107>   vcals: 250
[10:09:00.935]    DEBUG: <PixTestParameters.cc/dump:L104> PixTestParameters: ->BB2<-
[10:09:00.935]    DEBUG: <PixTestParameters.cc/dump:L107>   ntrig: 10
[10:09:00.935]    DEBUG: <PixTestParameters.cc/dump:L107>   vcals: 222
[10:09:00.935]    DEBUG: <PixTestParameters.cc/dump:L107>   plwidth: 35
[10:09:00.935]    DEBUG: <PixTestParameters.cc/dump:L107>   pix: 11,20
[10:09:00.935]    DEBUG: <PixTestParameters.cc/dump:L107>   targetia: 24
[10:09:00.935]    DEBUG: <PixTestParameters.cc/dump:L104> PixTestParameters: ->DacDacScan<-
[10:09:00.935]    DEBUG: <PixTestParameters.cc/dump:L107>   phmap: checkbox
[10:09:00.935]    DEBUG: <PixTestParameters.cc/dump:L107>   ntrig: 10
[10:09:00.935]    DEBUG: <PixTestParameters.cc/dump:L107>   dac1: caldel
[10:09:00.935]    DEBUG: <PixTestParameters.cc/dump:L107>   dac1lo: 0
[10:09:00.935]    DEBUG: <PixTestParameters.cc/dump:L107>   dac1hi: 255
[10:09:00.935]    DEBUG: <PixTestParameters.cc/dump:L107>   dac2: vthrcomp
[10:09:00.935]    DEBUG: <PixTestParameters.cc/dump:L107>   dac2lo: 0
[10:09:00.935]    DEBUG: <PixTestParameters.cc/dump:L107>   dac2hi: 255
[10:09:00.935]    DEBUG: <PixTestParameters.cc/dump:L107>   pix: 11,20
[10:09:00.935]    DEBUG: <PixTestParameters.cc/dump:L104> PixTestParameters: ->DacScan<-
[10:09:00.935]    DEBUG: <PixTestParameters.cc/dump:L107>   phmap: checkbox(1)
[10:09:00.935]    DEBUG: <PixTestParameters.cc/dump:L107>   allpixels: checkbox(0)
[10:09:00.935]    DEBUG: <PixTestParameters.cc/dump:L107>   unmasked: checkbox(0)
[10:09:00.935]    DEBUG: <PixTestParameters.cc/dump:L107>   ntrig: 10
[10:09:00.935]    DEBUG: <PixTestParameters.cc/dump:L107>   dac: vcal
[10:09:00.935]    DEBUG: <PixTestParameters.cc/dump:L107>   daclo: 0
[10:09:00.935]    DEBUG: <PixTestParameters.cc/dump:L107>   dachi: 255
[10:09:00.935]    DEBUG: <PixTestParameters.cc/dump:L107>   pix: 11,20
[10:09:00.935]    DEBUG: <PixTestParameters.cc/dump:L104> PixTestParameters: ->GainPedestal<-
[10:09:00.935]    DEBUG: <PixTestParameters.cc/dump:L107>   showfits: checkbox(0)
[10:09:00.935]    DEBUG: <PixTestParameters.cc/dump:L107>   extended: checkbox(0)
[10:09:00.935]    DEBUG: <PixTestParameters.cc/dump:L107>   dumphists: checkbox(0)
[10:09:00.936]    DEBUG: <PixTestParameters.cc/dump:L107>   ntrig: 10
[10:09:00.936]    DEBUG: <PixTestParameters.cc/dump:L107>   measure: button
[10:09:00.936]    DEBUG: <PixTestParameters.cc/dump:L107>   fit: button
[10:09:00.936]    DEBUG: <PixTestParameters.cc/dump:L107>   save: button
[10:09:00.936]    DEBUG: <PixTestParameters.cc/dump:L104> PixTestParameters: ->HighRate<-
[10:09:00.936]    DEBUG: <PixTestParameters.cc/dump:L107>   pix: 11,20
[10:09:00.936]    DEBUG: <PixTestParameters.cc/dump:L107>   maskhotpixels: button
[10:09:00.936]    DEBUG: <PixTestParameters.cc/dump:L107>   savemaskfile: checkbox(0)
[10:09:00.936]    DEBUG: <PixTestParameters.cc/dump:L107>   maskfilename: default
[10:09:00.936]    DEBUG: <PixTestParameters.cc/dump:L107>   caldelscan: button
[10:09:00.936]    DEBUG: <PixTestParameters.cc/dump:L107>   xpixelalive: button
[10:09:00.936]    DEBUG: <PixTestParameters.cc/dump:L107>   ntrig: 50
[10:09:00.936]    DEBUG: <PixTestParameters.cc/dump:L107>   vcal: 200
[10:09:00.936]    DEBUG: <PixTestParameters.cc/dump:L107>   xnoisemaps: button
[10:09:00.936]    DEBUG: <PixTestParameters.cc/dump:L107>   daclo: 0
[10:09:00.936]    DEBUG: <PixTestParameters.cc/dump:L107>   dachi: 100
[10:09:00.936]    DEBUG: <PixTestParameters.cc/dump:L107>   dacs/step: 20
[10:09:00.936]    DEBUG: <PixTestParameters.cc/dump:L107>   rundaq: button
[10:09:00.936]    DEBUG: <PixTestParameters.cc/dump:L107>   trgfrequency(khz): 20
[10:09:00.936]    DEBUG: <PixTestParameters.cc/dump:L107>   runseconds: 2
[10:09:00.936]    DEBUG: <PixTestParameters.cc/dump:L107>   triggerdelay: 20
[10:09:00.936]    DEBUG: <PixTestParameters.cc/dump:L107>   delaytbm: checkbox
[10:09:00.936]    DEBUG: <PixTestParameters.cc/dump:L107>   filltree: checkbox
[10:09:00.936]    DEBUG: <PixTestParameters.cc/dump:L104> PixTestParameters: ->IV<-
[10:09:00.936]    DEBUG: <PixTestParameters.cc/dump:L107>   port: /dev/FIXME
[10:09:00.936]    DEBUG: <PixTestParameters.cc/dump:L107>   voltagestart: 0
[10:09:00.936]    DEBUG: <PixTestParameters.cc/dump:L107>   voltagestop: 600
[10:09:00.936]    DEBUG: <PixTestParameters.cc/dump:L107>   voltagestep: 5
[10:09:00.936]    DEBUG: <PixTestParameters.cc/dump:L107>   delay: 1
[10:09:00.936]    DEBUG: <PixTestParameters.cc/dump:L107>   compliance(ua): 100
[10:09:00.936]    DEBUG: <PixTestParameters.cc/dump:L104> PixTestParameters: ->PhOptimization<-
[10:09:00.936]    DEBUG: <PixTestParameters.cc/dump:L107>   ntrig: 10
[10:09:00.936]    DEBUG: <PixTestParameters.cc/dump:L107>   safetymarginlow: 20
[10:09:00.936]    DEBUG: <PixTestParameters.cc/dump:L107>   saturationvcal: 100
[10:09:00.936]    DEBUG: <PixTestParameters.cc/dump:L107>   quantilesaturation: 0.98
[10:09:00.936]    DEBUG: <PixTestParameters.cc/dump:L104> PixTestParameters: ->PixelAlive<-
[10:09:00.937]    DEBUG: <PixTestParameters.cc/dump:L107>   ntrig: 10
[10:09:00.937]    DEBUG: <PixTestParameters.cc/dump:L107>   vcal: 200
[10:09:00.937]    DEBUG: <PixTestParameters.cc/dump:L107>   alivetest: button
[10:09:00.937]    DEBUG: <PixTestParameters.cc/dump:L107>   masktest: button
[10:09:00.937]    DEBUG: <PixTestParameters.cc/dump:L107>   addressdecodingtest: button
[10:09:00.937]    DEBUG: <PixTestParameters.cc/dump:L104> PixTestParameters: ->Pretest<-
[10:09:00.937]    DEBUG: <PixTestParameters.cc/dump:L107>   programroc: button
[10:09:00.937]    DEBUG: <PixTestParameters.cc/dump:L107>   targetia: 24
[10:09:00.937]    DEBUG: <PixTestParameters.cc/dump:L107>   setvana: button
[10:09:00.937]    DEBUG: <PixTestParameters.cc/dump:L107>   iterations: 100
[10:09:00.937]    DEBUG: <PixTestParameters.cc/dump:L107>   settimings: button
[10:09:00.937]    DEBUG: <PixTestParameters.cc/dump:L107>   findworkingpixel: button
[10:09:00.937]    DEBUG: <PixTestParameters.cc/dump:L107>   setvthrcompcaldel: button
[10:09:00.937]    DEBUG: <PixTestParameters.cc/dump:L107>   pix: 11,20
[10:09:00.937]    DEBUG: <PixTestParameters.cc/dump:L107>   vcal: 250
[10:09:00.937]    DEBUG: <PixTestParameters.cc/dump:L107>   deltavthrcomp: 50
[10:09:00.937]    DEBUG: <PixTestParameters.cc/dump:L107>   fraccaldel: 0.5
[10:09:00.937]    DEBUG: <PixTestParameters.cc/dump:L107>   ntrig: 5
[10:09:00.937]    DEBUG: <PixTestParameters.cc/dump:L107>   savedacs: button
[10:09:00.937]    DEBUG: <PixTestParameters.cc/dump:L104> PixTestParameters: ->Readback<-
[10:09:00.937]    DEBUG: <PixTestParameters.cc/dump:L107>   calibratevd: button
[10:09:00.937]    DEBUG: <PixTestParameters.cc/dump:L107>   calibrateva: button
[10:09:00.937]    DEBUG: <PixTestParameters.cc/dump:L107>   calibrateia: button
[10:09:00.937]    DEBUG: <PixTestParameters.cc/dump:L107>   readbackvbg: button
[10:09:00.937]    DEBUG: <PixTestParameters.cc/dump:L107>   getcalibratedvbg: button
[10:09:00.937]    DEBUG: <PixTestParameters.cc/dump:L107>   usecalvd: checkbox(1)
[10:09:00.937]    DEBUG: <PixTestParameters.cc/dump:L107>   usecalva: checkbox(0)
[10:09:00.937]    DEBUG: <PixTestParameters.cc/dump:L107>   setvana: button
[10:09:00.937]    DEBUG: <PixTestParameters.cc/dump:L104> PixTestParameters: ->Scurves<-
[10:09:00.937]    DEBUG: <PixTestParameters.cc/dump:L107>   adjustvcal: checkbox(1)
[10:09:00.937]    DEBUG: <PixTestParameters.cc/dump:L107>   dumpall: checkbox(0)
[10:09:00.937]    DEBUG: <PixTestParameters.cc/dump:L107>   dumpproblematic: checkbox(0)
[10:09:00.937]    DEBUG: <PixTestParameters.cc/dump:L107>   ntrig: 50
[10:09:00.937]    DEBUG: <PixTestParameters.cc/dump:L107>   dac: VthrComp
[10:09:00.937]    DEBUG: <PixTestParameters.cc/dump:L107>   daclo: 0
[10:09:00.938]    DEBUG: <PixTestParameters.cc/dump:L107>   dachi: 200
[10:09:00.938]    DEBUG: <PixTestParameters.cc/dump:L107>   dacs/step: 10
[10:09:00.938]    DEBUG: <PixTestParameters.cc/dump:L107>   scurves: button
[10:09:00.938]    DEBUG: <PixTestParameters.cc/dump:L104> PixTestParameters: ->Timing<-
[10:09:00.938]    DEBUG: <PixTestParameters.cc/dump:L107>   fastscan: checkbox(0)
[10:09:00.938]    DEBUG: <PixTestParameters.cc/dump:L107>   targetclk: 4
[10:09:00.938]    DEBUG: <PixTestParameters.cc/dump:L107>   ntrig: 10
[10:09:00.938]    DEBUG: <PixTestParameters.cc/dump:L107>   clocksdascan: button
[10:09:00.938]    DEBUG: <PixTestParameters.cc/dump:L107>   phasescan: button
[10:09:00.938]    DEBUG: <PixTestParameters.cc/dump:L107>   levelscan: button
[10:09:00.938]    DEBUG: <PixTestParameters.cc/dump:L107>   tbmphasescan: button
[10:09:00.938]    DEBUG: <PixTestParameters.cc/dump:L107>   rocdelayscan: button
[10:09:00.938]    DEBUG: <PixTestParameters.cc/dump:L107>   timingtest: button
[10:09:00.938]    DEBUG: <PixTestParameters.cc/dump:L107>   saveparameters: button
[10:09:00.938]    DEBUG: <PixTestParameters.cc/dump:L104> PixTestParameters: ->Trim<-
[10:09:00.938]    DEBUG: <PixTestParameters.cc/dump:L107>   trim: button
[10:09:00.938]    DEBUG: <PixTestParameters.cc/dump:L107>   ntrig: 10
[10:09:00.938]    DEBUG: <PixTestParameters.cc/dump:L107>   vcal: 35
[10:09:00.938]    DEBUG: <PixTestParameters.cc/dump:L107>   trimbits: button
[10:09:00.938]    DEBUG: <PixTestParameters.cc/dump:L104> PixTestParameters: ->Xray<-
[10:09:00.938]    DEBUG: <PixTestParameters.cc/dump:L107>   maskhotpixels: button
[10:09:00.938]    DEBUG: <PixTestParameters.cc/dump:L107>   savemaskfile: checkbox(0)
[10:09:00.938]    DEBUG: <PixTestParameters.cc/dump:L107>   maskfilename: default
[10:09:00.938]    DEBUG: <PixTestParameters.cc/dump:L107>   source: Ag
[10:09:00.938]    DEBUG: <PixTestParameters.cc/dump:L107>   phrun: button
[10:09:00.938]    DEBUG: <PixTestParameters.cc/dump:L107>   runseconds: 100
[10:09:00.938]    DEBUG: <PixTestParameters.cc/dump:L107>   trgfrequency(khz): 100
[10:09:00.938]    DEBUG: <PixTestParameters.cc/dump:L107>   ratescan: button
[10:09:00.938]    DEBUG: <PixTestParameters.cc/dump:L107>   vthrcompmin: 10
[10:09:00.938]    DEBUG: <PixTestParameters.cc/dump:L107>   vthrcompmax: 80
[10:09:00.938]    DEBUG: <PixTestParameters.cc/dump:L107>   stepseconds: 5
[10:09:00.938]    DEBUG: <PixTestParameters.cc/dump:L107>   delaytbm: checkbox
[10:09:00.938]    DEBUG: <PixTestParameters.cc/dump:L107>   filltree: checkbox
[10:09:00.939]    DEBUG: <PixSetup.cc/init:L81> PixSetup init start; getCurrentRSS() = 28606464
[10:09:00.939]    DEBUG: <PixSetup.cc/init:L87> fPixTestParameters = 0x16f4680
[10:09:00.939]    DEBUG: <PixSetup.cc/init:L88>  fConfigParameters = 0x1693500
[10:09:00.939]    DEBUG: <PixSetup.cc/init:L89>        fPxarMemory = 0x7fde39d94010
[10:09:00.939]    DEBUG: <PixSetup.cc/init:L90>         fPxarMemHi = 0x7fde3ffff510
[10:09:00.939]    DEBUG: <PixSetup.cc/init:L106> PixSetup init done;  getCurrentRSS() = 28643328 fPxarMemory = 0x7fde39d94010
[10:09:05.695]    DEBUG: <PixGui.cc/hvOn:L457> HV set On: 0x1cd0ff0
[10:09:05.759]    DEBUG: <PixTestFactory.cc/PixTestFactory:L50> PixTestFactory::PixTestFactory()
[10:09:05.759]    DEBUG: <PixTestBBMap.cc/init:L78> PixTestBBMap::init()
[10:09:05.760]    DEBUG: <PixTestBBMap.cc/PixTestBBMap:L26> PixTestBBMap ctor(PixSetup &a, string, TGTab *)
[10:09:05.777]    DEBUG: <PixTestBB2Map.cc/setParameter:L57> setting fTargetIa    = 24 mA/ROC
[10:09:05.777]    DEBUG: <PixTestBB2Map.cc/init:L96> PixTestBB2Map::init()
[10:09:05.777]    DEBUG: <PixTestBB2Map.cc/PixTestBB2Map:L28> PixTestBB2Map ctor(PixSetup &a, string, TGTab *)
[10:09:05.791]    DEBUG: <PixTestDacDacScan.cc/init:L102> PixTestDacDacScan::init()
[10:09:05.791]    DEBUG: <PixTestDacDacScan.cc/PixTestDacDacScan:L21> PixTestDacDacScan ctor(PixSetup &a, string, TGTab *)
[10:09:05.835]    DEBUG: <PixTestHighRate.cc/setParameter:L67>   setting fParTriggerFrequency -> 20
[10:09:05.835]    DEBUG: <PixTestHighRate.cc/init:L174> PixTestHighRate::init()
[10:09:05.835]    DEBUG: <PixTestHighRate.cc/PixTestHighRate:L30> PixTestHighRate ctor(PixSetup &a, string, TGTab *)
[10:09:05.835]     INFO:       reading crosscalibrate/phCalibrationFitErr35_C0.dat
[10:09:05.846]     INFO:       reading crosscalibrate/phCalibrationFitErr35_C1.dat
[10:09:05.856]     INFO:       reading crosscalibrate/phCalibrationFitErr35_C2.dat
[10:09:05.866]     INFO:       reading crosscalibrate/phCalibrationFitErr35_C3.dat
[10:09:05.876]     INFO:       reading crosscalibrate/phCalibrationFitErr35_C4.dat
[10:09:05.886]     INFO:       reading crosscalibrate/phCalibrationFitErr35_C5.dat
[10:09:05.896]     INFO:       reading crosscalibrate/phCalibrationFitErr35_C6.dat
[10:09:05.906]     INFO:       reading crosscalibrate/phCalibrationFitErr35_C7.dat
[10:09:05.915]     INFO:       reading crosscalibrate/phCalibrationFitErr35_C8.dat
[10:09:05.926]     INFO:       reading crosscalibrate/phCalibrationFitErr35_C9.dat
[10:09:05.936]     INFO:       reading crosscalibrate/phCalibrationFitErr35_C10.dat
[10:09:05.946]     INFO:       reading crosscalibrate/phCalibrationFitErr35_C11.dat
[10:09:05.956]     INFO:       reading crosscalibrate/phCalibrationFitErr35_C12.dat
[10:09:05.966]     INFO:       reading crosscalibrate/phCalibrationFitErr35_C13.dat
[10:09:05.976]     INFO:       reading crosscalibrate/phCalibrationFitErr35_C14.dat
[10:09:05.986]     INFO:       reading crosscalibrate/phCalibrationFitErr35_C15.dat
[10:09:06.027]    DEBUG: <PixTest.cc/setTestParameter:L607>  setting  ntrig to new value 10
[10:09:06.027]    DEBUG: <PixTestPhOptimization.cc/setParameter:L36>   setting fParNtrig  ->10<- from sval = 10
[10:09:06.027]    DEBUG: <PixTestPhOptimization.cc/setParameter:L41>   setting fSafetyMarginLow  ->20<- from sval = 20
[10:09:06.027]    DEBUG: <PixTestPhOptimization.cc/setParameter:L47>   setting fVcalMax  ->100<- from sval = 100
[10:09:06.027]    DEBUG: <PixTestPhOptimization.cc/setParameter:L52>   setting fQuantMax  ->0.98<- from sval = 0.98
[10:09:06.040]    DEBUG: <PixTestAlive.cc/init:L76> PixTestAlive::init()
[10:09:06.040]    DEBUG: <PixTestAlive.cc/PixTestAlive:L20> PixTestAlive ctor(PixSetup &a, string, TGTab *)
[10:09:06.069]    DEBUG: <PixTestReadback.cc/setParameter:L172> fCalwVd set to 1
[10:09:06.069]    DEBUG: <PixTestReadback.cc/init:L95> PixTestReadback::init()
[10:09:06.069]    DEBUG: <PixTestReadback.cc/PixTestReadback:L22> PixTestReadback ctor(PixSetup &a, string, TGTab *)
[10:09:06.070]     INFO:       reading crosscalibrate/readbackCal_C0.dat
[10:09:06.070]     INFO:       reading crosscalibrate/readbackCal_C1.dat
[10:09:06.070]     INFO:       reading crosscalibrate/readbackCal_C2.dat
[10:09:06.070]     INFO:       reading crosscalibrate/readbackCal_C3.dat
[10:09:06.070]     INFO:       reading crosscalibrate/readbackCal_C4.dat
[10:09:06.070]     INFO:       reading crosscalibrate/readbackCal_C5.dat
[10:09:06.070]     INFO:       reading crosscalibrate/readbackCal_C6.dat
[10:09:06.070]     INFO:       reading crosscalibrate/readbackCal_C7.dat
[10:09:06.070]     INFO:       reading crosscalibrate/readbackCal_C8.dat
[10:09:06.070]     INFO:       reading crosscalibrate/readbackCal_C9.dat
[10:09:06.070]     INFO:       reading crosscalibrate/readbackCal_C10.dat
[10:09:06.070]     INFO:       reading crosscalibrate/readbackCal_C11.dat
[10:09:06.070]     INFO:       reading crosscalibrate/readbackCal_C12.dat
[10:09:06.070]     INFO:       reading crosscalibrate/readbackCal_C13.dat
[10:09:06.071]     INFO:       reading crosscalibrate/readbackCal_C14.dat
[10:09:06.071]     INFO:       reading crosscalibrate/readbackCal_C15.dat
[10:09:06.098]    DEBUG: <PixTestTiming.cc/setParameter:L46> fFastScan: 0
[10:09:06.098]    DEBUG: <PixTestTiming.cc/setParameter:L51> PixTestTiming::PixTest() targetclk = 4
[10:09:06.098]    DEBUG: <PixTestTiming.cc/setParameter:L55> PixTestTiming::PixTest() ntrig = 10
[10:09:06.098]    DEBUG: <PixTestTiming.cc/init:L65> PixTestTiming::init()
[10:09:06.122]    DEBUG: <PixTestXray.cc/init:L132> PixTestXray::init()
[10:09:06.122]    DEBUG: <PixTestXray.cc/PixTestXray:L26> PixTestXray ctor(PixSetup &a, string, TGTab *)
[10:09:49.992]     INFO: ######################################################################
[10:09:49.992]     INFO: PixTestScurves::doTest() ntrig = 50
[10:09:49.992]     INFO: ######################################################################
[10:09:49.992]     INFO:    ----------------------------------------------------------------------
[10:09:49.992]     INFO:    PixTestScurves::scurves(VthrComp), ntrig = 50
[10:09:49.992]     INFO:    ----------------------------------------------------------------------
[10:09:49.992]     INFO: adjusting VCAL to have VthrComp average threshold at default VthrComp
[10:09:49.998]    DEBUG: <PixTest.cc/efficiencyMaps:L369>       attempt #0
[10:09:55.468]     INFO: Test took 5470ms.
[10:09:55.490]     INFO: Fetched DAQ statistics. Counters are being reset now.
[10:09:55.490]    DEBUG: <PixTest.cc/efficiencyMaps:L380>  eff result size = 66557
[10:09:55.490]    DEBUG: <PixTest.cc/efficiencyMaps:L386> Create hist deadPixels_C0
[10:09:55.491]    DEBUG: <PixTest.cc/efficiencyMaps:L386> Create hist deadPixels_C1
[10:09:55.491]    DEBUG: <PixTest.cc/efficiencyMaps:L386> Create hist deadPixels_C2
[10:09:55.491]    DEBUG: <PixTest.cc/efficiencyMaps:L386> Create hist deadPixels_C3
[10:09:55.491]    DEBUG: <PixTest.cc/efficiencyMaps:L386> Create hist deadPixels_C4
[10:09:55.491]    DEBUG: <PixTest.cc/efficiencyMaps:L386> Create hist deadPixels_C5
[10:09:55.491]    DEBUG: <PixTest.cc/efficiencyMaps:L386> Create hist deadPixels_C6
[10:09:55.491]    DEBUG: <PixTest.cc/efficiencyMaps:L386> Create hist deadPixels_C7
[10:09:55.491]    DEBUG: <PixTest.cc/efficiencyMaps:L386> Create hist deadPixels_C8
[10:09:55.491]    DEBUG: <PixTest.cc/efficiencyMaps:L386> Create hist deadPixels_C9
[10:09:55.491]    DEBUG: <PixTest.cc/efficiencyMaps:L386> Create hist deadPixels_C10
[10:09:55.491]    DEBUG: <PixTest.cc/efficiencyMaps:L386> Create hist deadPixels_C11
[10:09:55.491]    DEBUG: <PixTest.cc/efficiencyMaps:L386> Create hist deadPixels_C12
[10:09:55.491]    DEBUG: <PixTest.cc/efficiencyMaps:L386> Create hist deadPixels_C13
[10:09:55.491]    DEBUG: <PixTest.cc/efficiencyMaps:L386> Create hist deadPixels_C14
[10:09:55.491]    DEBUG: <PixTest.cc/efficiencyMaps:L386> Create hist deadPixels_C15
[10:09:55.495]    DEBUG: <PixTest.cc/deadPixels:L1825> ROC  3 col/row = 51/56 with eff 3/5;  blacklisting
[10:09:55.496]    DEBUG: <PixTest.cc/deadPixels:L1825> ROC  4 col/row = 50/8 with eff 4/5;  blacklisting
[10:09:55.496]    DEBUG: <PixTest.cc/deadPixels:L1825> ROC  4 col/row = 14/11 with eff 4/5;  blacklisting
[10:09:55.496]    DEBUG: <PixTest.cc/deadPixels:L1825> ROC  4 col/row = 49/11 with eff 1/5;  blacklisting
[10:09:55.496]    DEBUG: <PixTest.cc/deadPixels:L1825> ROC  4 col/row = 9/13 with eff 4/5;  blacklisting
[10:09:55.496]    DEBUG: <PixTest.cc/deadPixels:L1825> ROC  4 col/row = 51/14 with eff 4/5;  blacklisting
[10:09:55.496]    DEBUG: <PixTest.cc/deadPixels:L1825> ROC  4 col/row = 35/31 with eff 4/5;  blacklisting
[10:09:55.496]    DEBUG: <PixTest.cc/deadPixels:L1825> ROC  4 col/row = 49/32 with eff 4/5;  blacklisting
[10:09:55.496]    DEBUG: <PixTest.cc/deadPixels:L1825> ROC  4 col/row = 43/34 with eff 4/5;  blacklisting
[10:09:55.496]    DEBUG: <PixTest.cc/deadPixels:L1825> ROC  4 col/row = 9/36 with eff 3/5;  blacklisting
[10:09:55.496]    DEBUG: <PixTest.cc/deadPixels:L1825> ROC  4 col/row = 12/37 with eff 4/5;  blacklisting
[10:09:55.496]    DEBUG: <PixTest.cc/deadPixels:L1825> ROC  4 col/row = 30/40 with eff 4/5;  blacklisting
[10:09:55.496]    DEBUG: <PixTest.cc/deadPixels:L1825> ROC  4 col/row = 8/42 with eff 4/5;  blacklisting
[10:09:55.496]    DEBUG: <PixTest.cc/deadPixels:L1825> ROC  4 col/row = 0/43 with eff 4/5;  blacklisting
[10:09:55.496]    DEBUG: <PixTest.cc/deadPixels:L1825> ROC  4 col/row = 51/43 with eff 3/5;  blacklisting
[10:09:55.496]    DEBUG: <PixTest.cc/deadPixels:L1825> ROC  4 col/row = 9/45 with eff 4/5;  blacklisting
[10:09:55.496]    DEBUG: <PixTest.cc/deadPixels:L1825> ROC  4 col/row = 22/45 with eff 4/5;  blacklisting
[10:09:55.496]    DEBUG: <PixTest.cc/deadPixels:L1825> ROC  4 col/row = 3/48 with eff 4/5;  blacklisting
[10:09:55.496]    DEBUG: <PixTest.cc/deadPixels:L1825> ROC  4 col/row = 0/54 with eff 4/5;  blacklisting
[10:09:55.496]    DEBUG: <PixTest.cc/deadPixels:L1825> ROC  4 col/row = 44/62 with eff 4/5;  blacklisting
[10:09:55.496]    DEBUG: <PixTest.cc/deadPixels:L1825> ROC  4 col/row = 2/63 with eff 4/5;  blacklisting
[10:09:55.496]    DEBUG: <PixTest.cc/deadPixels:L1825> ROC  4 col/row = 2/64 with eff 4/5;  blacklisting
[10:09:55.496]    DEBUG: <PixTest.cc/deadPixels:L1825> ROC  4 col/row = 47/70 with eff 1/5;  blacklisting
[10:09:55.496]    DEBUG: <PixTest.cc/deadPixels:L1825> ROC  4 col/row = 35/72 with eff 4/5;  blacklisting
[10:09:55.496]    DEBUG: <PixTest.cc/deadPixels:L1825> ROC  4 col/row = 42/72 with eff 4/5;  blacklisting
[10:09:55.496]    DEBUG: <PixTest.cc/deadPixels:L1825> ROC  4 col/row = 7/73 with eff 4/5;  blacklisting
[10:09:55.496]    DEBUG: <PixTest.cc/deadPixels:L1825> ROC  4 col/row = 0/74 with eff 4/5;  blacklisting
[10:09:55.496]    DEBUG: <PixTest.cc/deadPixels:L1825> ROC  4 col/row = 10/74 with eff 4/5;  blacklisting
[10:09:55.496]    DEBUG: <PixTest.cc/deadPixels:L1825> ROC  4 col/row = 45/74 with eff 4/5;  blacklisting
[10:09:55.496]    DEBUG: <PixTest.cc/deadPixels:L1825> ROC  4 col/row = 3/75 with eff 4/5;  blacklisting
[10:09:55.496]    DEBUG: <PixTest.cc/deadPixels:L1825> ROC  4 col/row = 48/75 with eff 4/5;  blacklisting
[10:09:55.496]    DEBUG: <PixTest.cc/deadPixels:L1825> ROC  4 col/row = 17/79 with eff 4/5;  blacklisting
[10:09:55.496]    DEBUG: <PixTest.cc/deadPixels:L1825> ROC  4 col/row = 28/79 with eff 2/5;  blacklisting
[10:09:55.497]    DEBUG: <PixTest.cc/deadPixels:L1825> ROC 10 col/row = 0/76 with eff 0/5;  blacklisting
[10:09:55.497]    DEBUG: <PixTest.cc/deadPixels:L1825> ROC 12 col/row = 36/46 with eff 0/5;  blacklisting
[10:09:55.497]    DEBUG: <PixTest.cc/deadPixels:L1825> ROC 12 col/row = 37/46 with eff 0/5;  blacklisting
[10:10:28.840]     INFO: Test took 33332ms.
[10:10:29.109]    DEBUG: <PixTestScurves.cc/adjustVcal:L398> ROC 0 vthrcomp = 48 -> vcal = 34
[10:10:29.287]    DEBUG: <PixTestScurves.cc/adjustVcal:L398> ROC 1 vthrcomp = 40 -> vcal = 36
[10:10:29.479]    DEBUG: <PixTestScurves.cc/adjustVcal:L398> ROC 2 vthrcomp = 38 -> vcal = 34
[10:10:29.667]    DEBUG: <PixTestScurves.cc/adjustVcal:L398> ROC 3 vthrcomp = 32 -> vcal = 35
[10:10:29.850]    DEBUG: <PixTestScurves.cc/adjustVcal:L398> ROC 4 vthrcomp = 32 -> vcal = 35
[10:10:30.036]    DEBUG: <PixTestScurves.cc/adjustVcal:L398> ROC 5 vthrcomp = 51 -> vcal = 36
[10:10:30.225]    DEBUG: <PixTestScurves.cc/adjustVcal:L398> ROC 6 vthrcomp = 57 -> vcal = 36
[10:10:30.414]    DEBUG: <PixTestScurves.cc/adjustVcal:L398> ROC 7 vthrcomp = 40 -> vcal = 36
[10:10:30.606]    DEBUG: <PixTestScurves.cc/adjustVcal:L398> ROC 8 vthrcomp = 43 -> vcal = 37
[10:10:30.796]    DEBUG: <PixTestScurves.cc/adjustVcal:L398> ROC 9 vthrcomp = 43 -> vcal = 36
[10:10:30.981]    DEBUG: <PixTestScurves.cc/adjustVcal:L398> ROC 10 vthrcomp = 43 -> vcal = 35
[10:10:31.171]    DEBUG: <PixTestScurves.cc/adjustVcal:L398> ROC 11 vthrcomp = 39 -> vcal = 35
[10:10:31.359]    DEBUG: <PixTestScurves.cc/adjustVcal:L398> ROC 12 vthrcomp = 40 -> vcal = 33
[10:10:31.548]    DEBUG: <PixTestScurves.cc/adjustVcal:L398> ROC 13 vthrcomp = 42 -> vcal = 35
[10:10:31.739]    DEBUG: <PixTestScurves.cc/adjustVcal:L398> ROC 14 vthrcomp = 49 -> vcal = 35
[10:10:31.930]    DEBUG: <PixTestScurves.cc/adjustVcal:L398> ROC 15 vthrcomp = 39 -> vcal = 36
[10:10:31.936]     INFO: ---> dac: VthrComp name: scurveVthrComp ntrig: 50 dacrange: 0 .. 200 (10) hits flags = 16 (plus default)
[10:10:31.965]     INFO:   dacScan step  from 0 .. 9
[10:10:31.965]    DEBUG: <PixTest.cc/dacScan:L1564>       attempt #0
[10:13:03.492]     INFO: Test took 151527ms.
[10:13:03.578]     INFO: Fetched DAQ statistics. Counters are being reset now.
[10:13:03.578]     INFO:   dacScan step  from 10 .. 19
[10:13:03.578]    DEBUG: <PixTest.cc/dacScan:L1564>       attempt #0
[10:15:35.128]     INFO: Test took 151550ms.
[10:15:35.213]     INFO: Fetched DAQ statistics. Counters are being reset now.
[10:15:35.213]     INFO:   dacScan step  from 20 .. 29
[10:15:35.213]    DEBUG: <PixTest.cc/dacScan:L1564>       attempt #0
[10:18:07.030]     INFO: Test took 151817ms.
[10:18:07.124]     INFO: Fetched DAQ statistics. Counters are being reset now.
[10:18:07.125]     INFO:   dacScan step  from 30 .. 39
[10:18:07.126]    DEBUG: <PixTest.cc/dacScan:L1564>       attempt #0
[10:20:53.902]    ERROR: <datapipe.cc/CheckEventValidity:L407> Number of ROCs (2) != Token Chain Length (8)
[10:20:53.902]    ERROR: <datapipe.cc/CheckEventID:L141>    Event ID mismatch:  local ID (247) !=  TBM ID (248)
[10:20:53.903]  WARNING: ROC 5: Readback start marker after 14 readouts!
[10:20:53.903]  WARNING: ROC 0: Readback start marker after 15 readouts!
[10:20:53.903]  WARNING: ROC 1: Readback start marker after 15 readouts!
[10:20:53.903]  WARNING: ROC 2: Readback start marker after 14 readouts!
[10:20:53.903]  WARNING: ROC 3: Readback start marker after 14 readouts!
[10:20:53.903]  WARNING: ROC 4: Readback start marker after 14 readouts!
[10:20:53.903]  WARNING: ROC 6: Readback start marker after 14 readouts!
[10:20:53.903]  WARNING: ROC 7: Readback start marker after 14 readouts!
[10:21:04.530]     INFO: Test took 177404ms.
[10:21:04.812]     INFO: Fetched DAQ statistics. Counters are being reset now.
[10:21:04.827]     INFO:   dacScan step  from 40 .. 49
[10:21:04.827]    DEBUG: <PixTest.cc/dacScan:L1564>       attempt #0
[10:23:32.443]    ERROR: <datapipe.cc/CheckEventValidity:L407> Number of ROCs (6) != Token Chain Length (8)
[10:23:32.444]    ERROR: <datapipe.cc/CheckEventID:L141>    Event ID mismatch:  local ID (197) !=  TBM ID (198)
[10:23:32.444]  WARNING: ROC 5: Readback start marker after 15 readouts!
[10:23:32.444]  WARNING: ROC 0: Readback start marker after 15 readouts!
[10:23:32.444]  WARNING: ROC 1: Readback start marker after 15 readouts!
[10:23:32.444]  WARNING: ROC 2: Readback start marker after 15 readouts!
[10:23:32.444]  WARNING: ROC 3: Readback start marker after 15 readouts!
[10:23:32.444]  WARNING: ROC 4: Readback start marker after 15 readouts!
[10:23:32.444]  WARNING: ROC 6: Readback start marker after 14 readouts!
[10:23:32.444]  WARNING: ROC 7: Readback start marker after 14 readouts!
[10:25:29.013]     INFO: Test took 264186ms.
[10:25:29.596]     INFO: Fetched DAQ statistics. Counters are being reset now.
[10:25:29.627]     INFO:   dacScan step  from 50 .. 59
[10:25:29.627]    DEBUG: <PixTest.cc/dacScan:L1564>       attempt #0
[10:27:53.012]    ERROR: <datapipe.cc/CheckEventValidity:L407> Number of ROCs (3) != Token Chain Length (8)
[10:27:53.012]  WARNING: ROC 3: Readback start marker after 15 readouts!
[10:27:53.012]  WARNING: ROC 4: Readback start marker after 15 readouts!
[10:27:53.012]  WARNING: ROC 6: Readback start marker after 15 readouts!
[10:27:53.012]  WARNING: ROC 7: Readback start marker after 15 readouts!
[10:27:53.013]  WARNING: ROC 5: Readback start marker after 31 readouts!
[10:30:07.507]    ERROR: <datapipe.cc/CheckEventValidity:L407> Number of ROCs (2) != Token Chain Length (8)
[10:30:07.507]  WARNING: ROC 5: Readback start marker after 15 readouts!
[10:30:07.507]  WARNING: ROC 2: Readback start marker after 15 readouts!
[10:30:07.507]  WARNING: ROC 3: Readback start marker after 15 readouts!
[10:30:07.507]  WARNING: ROC 4: Readback start marker after 15 readouts!
[10:30:07.507]  WARNING: ROC 6: Readback start marker after 15 readouts!
[10:30:07.507]  WARNING: ROC 7: Readback start marker after 15 readouts!
[10:30:46.817]     INFO: Test took 317190ms.
[10:30:47.552]     INFO: Fetched DAQ statistics. Counters are being reset now.
[10:30:47.586]     INFO:   dacScan step  from 60 .. 69
[10:30:47.587]    DEBUG: <PixTest.cc/dacScan:L1564>       attempt #0
[10:33:09.968]    ERROR: <datapipe.cc/CheckEventValidity:L407> Number of ROCs (3) != Token Chain Length (8)
[10:33:09.968]  WARNING: ROC 5: Readback start marker after 15 readouts!
[10:33:09.968]  WARNING: ROC 3: Readback start marker after 15 readouts!
[10:33:09.968]  WARNING: ROC 4: Readback start marker after 15 readouts!
[10:33:09.968]  WARNING: ROC 6: Readback start marker after 15 readouts!
[10:33:09.968]  WARNING: ROC 7: Readback start marker after 15 readouts!
[10:35:24.289]    ERROR: <datapipe.cc/CheckEventValidity:L407> Number of ROCs (4) != Token Chain Length (8)
[10:35:24.289]  WARNING: ROC 5: Readback start marker after 15 readouts!
[10:35:24.289]  WARNING: ROC 4: Readback start marker after 15 readouts!
[10:35:24.289]  WARNING: ROC 6: Readback start marker after 15 readouts!
[10:35:24.289]  WARNING: ROC 7: Readback start marker after 15 readouts!
[10:36:01.596]     INFO: Test took 314009ms.
[10:36:02.298]     INFO: Fetched DAQ statistics. Counters are being reset now.
[10:36:02.329]     INFO:   dacScan step  from 70 .. 79
[10:36:02.329]    DEBUG: <PixTest.cc/dacScan:L1564>       attempt #0
[10:38:28.268]    ERROR: <datapipe.cc/CheckEventValidity:L407> Number of ROCs (3) != Token Chain Length (8)
[10:38:28.268]  WARNING: ROC 5: Readback start marker after 15 readouts!
[10:38:28.268]  WARNING: ROC 3: Readback start marker after 15 readouts!
[10:38:28.268]  WARNING: ROC 4: Readback start marker after 15 readouts!
[10:38:28.268]  WARNING: ROC 6: Readback start marker after 15 readouts!
[10:38:28.268]  WARNING: ROC 7: Readback start marker after 15 readouts!
[10:40:15.858]     INFO: Test took 253529ms.
[10:40:16.376]     INFO: Fetched DAQ statistics. Counters are being reset now.
[10:40:16.396]     INFO:   dacScan step  from 80 .. 89
[10:40:16.397]    DEBUG: <PixTest.cc/dacScan:L1564>       attempt #0
[10:42:56.817]    ERROR: <datapipe.cc/CheckEventValidity:L407> Number of ROCs (2) != Token Chain Length (8)
[10:42:56.817]    ERROR: <datapipe.cc/CheckEventID:L141>    Event ID mismatch:  local ID (143) !=  TBM ID (144)
[10:42:56.817]  WARNING: ROC 5: Readback start marker after 30 readouts!
[10:42:56.817]  WARNING: ROC 0: Readback start marker after 31 readouts!
[10:42:56.817]  WARNING: ROC 1: Readback start marker after 31 readouts!
[10:42:56.817]  WARNING: ROC 2: Readback start marker after 30 readouts!
[10:42:56.817]  WARNING: ROC 3: Readback start marker after 30 readouts!
[10:42:56.817]  WARNING: ROC 4: Readback start marker after 30 readouts!
[10:42:56.817]  WARNING: ROC 6: Readback start marker after 30 readouts!
[10:42:56.817]  WARNING: ROC 7: Readback start marker after 30 readouts!
[10:43:20.668]     INFO: Test took 184271ms.
[10:43:20.938]     INFO: Fetched DAQ statistics. Counters are being reset now.
[10:43:20.953]     INFO:   dacScan step  from 90 .. 99
[10:43:20.953]    DEBUG: <PixTest.cc/dacScan:L1564>       attempt #0
[10:45:53.362]    ERROR: <datapipe.cc/CheckEventID:L141>    Event ID mismatch:  local ID (143) !=  TBM ID (48)
[10:45:53.362]    ERROR: <datapipe.cc/CheckEventValidity:L407> Number of ROCs (0) != Token Chain Length (8)
[10:45:53.362]    ERROR: <datapipe.cc/CheckEventID:L141>    Event ID mismatch:  local ID (49) !=  TBM ID (144)
[10:45:53.383]  WARNING: ROC 5: Readback start marker after 15 readouts!
[10:45:53.384]  WARNING: ROC 0: Readback start marker after 31 readouts!
[10:45:53.384]  WARNING: ROC 1: Readback start marker after 31 readouts!
[10:45:53.384]  WARNING: ROC 2: Readback start marker after 31 readouts!
[10:45:53.384]  WARNING: ROC 3: Readback start marker after 31 readouts!
[10:45:53.384]  WARNING: ROC 4: Readback start marker after 31 readouts!
[10:45:53.384]  WARNING: ROC 6: Readback start marker after 31 readouts!
[10:45:53.384]  WARNING: ROC 7: Readback start marker after 31 readouts!
[10:45:58.833]     INFO: Test took 157880ms.
[10:45:58.980]     INFO: Fetched DAQ statistics. Counters are being reset now.
[10:45:58.983]     INFO:   dacScan step  from 100 .. 109
[10:45:58.983]    DEBUG: <PixTest.cc/dacScan:L1564>       attempt #0
[10:48:30.695]     INFO: Test took 151713ms.
[10:48:30.773]     INFO: Fetched DAQ statistics. Counters are being reset now.
[10:48:30.773]     INFO:   dacScan step  from 110 .. 119
[10:48:30.773]    DEBUG: <PixTest.cc/dacScan:L1564>       attempt #0
[10:51:02.465]     INFO: Test took 151692ms.
[10:51:02.547]     INFO: Fetched DAQ statistics. Counters are being reset now.
[10:51:02.547]     INFO:   dacScan step  from 120 .. 129
[10:51:02.547]    DEBUG: <PixTest.cc/dacScan:L1564>       attempt #0
[10:53:34.238]     INFO: Test took 151691ms.
[10:53:34.313]     INFO: Fetched DAQ statistics. Counters are being reset now.
[10:53:34.313]     INFO:   dacScan step  from 130 .. 139
[10:53:34.313]    DEBUG: <PixTest.cc/dacScan:L1564>       attempt #0
[10:56:06.046]     INFO: Test took 151733ms.
[10:56:06.124]     INFO: Fetched DAQ statistics. Counters are being reset now.
[10:56:06.124]     INFO:   dacScan step  from 140 .. 149
[10:56:06.124]    DEBUG: <PixTest.cc/dacScan:L1564>       attempt #0
[10:58:37.865]     INFO: Test took 151741ms.
[10:58:37.945]     INFO: Fetched DAQ statistics. Counters are being reset now.
[10:58:37.945]     INFO:   dacScan step  from 150 .. 159
[10:58:37.945]    DEBUG: <PixTest.cc/dacScan:L1564>       attempt #0
[11:01:09.570]     INFO: Test took 151625ms.
[11:01:09.644]     INFO: Fetched DAQ statistics. Counters are being reset now.
[11:01:09.644]     INFO:   dacScan step  from 160 .. 169
[11:01:09.644]    DEBUG: <PixTest.cc/dacScan:L1564>       attempt #0
[11:03:41.388]     INFO: Test took 151744ms.
[11:03:41.466]     INFO: Fetched DAQ statistics. Counters are being reset now.
[11:03:41.466]     INFO:   dacScan step  from 170 .. 179
[11:03:41.466]    DEBUG: <PixTest.cc/dacScan:L1564>       attempt #0
[11:06:13.255]     INFO: Test took 151789ms.
[11:06:13.329]     INFO: Fetched DAQ statistics. Counters are being reset now.
[11:06:13.329]     INFO:   dacScan step  from 180 .. 189
[11:06:13.329]    DEBUG: <PixTest.cc/dacScan:L1564>       attempt #0
[11:08:45.503]     INFO: Test took 152174ms.
[11:08:45.580]     INFO: Fetched DAQ statistics. Counters are being reset now.
[11:08:45.580]     INFO:   dacScan step  from 190 .. 199
[11:08:45.581]    DEBUG: <PixTest.cc/dacScan:L1564>       attempt #0
[11:11:17.794]     INFO: Test took 152213ms.
[11:11:17.872]     INFO: Fetched DAQ statistics. Counters are being reset now.
[11:11:17.872]     INFO:   dacScan step  from 200 .. 200
[11:11:17.872]    DEBUG: <PixTest.cc/dacScan:L1564>       attempt #0
[11:11:35.623]     INFO: Test took 17751ms.
[11:11:35.639]     INFO: Fetched DAQ statistics. Counters are being reset now.
[11:11:35.640]    DEBUG: <PixTest.cc/scurveAna:L1625> analyzing ROC 0
[11:11:36.789]    DEBUG: <PixTest.cc/scurveAna:L1625> analyzing ROC 1
[11:11:37.875]    DEBUG: <PixTest.cc/scurveAna:L1625> analyzing ROC 2
[11:11:38.926]    DEBUG: <PixTest.cc/scurveAna:L1625> analyzing ROC 3
[11:11:39.990]    DEBUG: <PixTest.cc/scurveAna:L1625> analyzing ROC 4
[11:11:41.005]    DEBUG: <PixTest.cc/scurveAna:L1625> analyzing ROC 5
[11:11:42.109]    DEBUG: <PixTest.cc/scurveAna:L1625> analyzing ROC 6
[11:11:43.268]    DEBUG: <PixTest.cc/scurveAna:L1625> analyzing ROC 7
[11:11:44.357]    DEBUG: <PixTest.cc/scurveAna:L1625> analyzing ROC 8
[11:11:45.455]    DEBUG: <PixTest.cc/scurveAna:L1625> analyzing ROC 9
[11:11:46.578]    DEBUG: <PixTest.cc/scurveAna:L1625> analyzing ROC 10
[11:11:47.718]    DEBUG: <PixTest.cc/scurveAna:L1625> analyzing ROC 11
[11:11:48.794]    DEBUG: <PixTest.cc/scurveAna:L1625> analyzing ROC 12
[11:11:49.858]    DEBUG: <PixTest.cc/scurveAna:L1625> analyzing ROC 13
[11:11:50.939]    DEBUG: <PixTest.cc/scurveAna:L1625> analyzing ROC 14
[11:11:52.139]    DEBUG: <PixTest.cc/scurveAna:L1625> analyzing ROC 15
[11:11:53.352]    DEBUG: <PixTest.cc/scurveMaps:L235> PixTest::scurveMaps end: getCurrentRSS() = 510189568
[11:11:53.543]     INFO: PixTestScurves::scurves() done 
[11:11:53.543]     INFO: VthrComp mean:  49.76  38.24  39.77  31.98  31.79  50.42  55.64  38.34  40.49  41.94  42.98  39.71  41.41  41.66  49.65  38.91 
[11:11:53.543]     INFO: VthrComp RMS:    0.97   1.00   1.14   0.79   0.82   1.03   1.32   1.03   1.11   1.01   0.96   1.00   1.34   0.95   1.07   1.05 
[11:18:10.473]    DEBUG: <PixTab.cc/setParameter:L387> xxxPressed():  ID = 0 -> ntrig to value 200
[11:18:25.938]    DEBUG: <PixTab.cc/setParameter:L387> xxxPressed():  ID = 1 -> dac to value Vcal
[11:18:55.453]    DEBUG: <PixTab.cc/setParameter:L387> xxxPressed():  ID = 3 -> dachi to value 70
[11:19:12.790]    DEBUG: <PixTab.cc/setParameter:L387> xxxPressed():  ID = 4 -> dacs/step to value 1
[11:19:30.749]     INFO: ######################################################################
[11:19:30.749]     INFO: PixTestScurves::doTest() ntrig = 200
[11:19:30.749]     INFO: ######################################################################
[11:19:30.749]     INFO:    ----------------------------------------------------------------------
[11:19:30.749]     INFO:    PixTestScurves::scurves(Vcal), ntrig = 200
[11:19:30.749]     INFO:    ----------------------------------------------------------------------
[11:19:30.750]     INFO: ---> dac: Vcal name: scurveVcal ntrig: 200 dacrange: 0 .. 70 (1) hits flags = 16 (plus default)
[11:19:30.763]     INFO:   dacScan step  from 0 .. 0
[11:19:30.763]    DEBUG: <PixTest.cc/dacScan:L1564>       attempt #0
[11:20:32.352]     INFO: Test took 61589ms.
[11:20:32.382]     INFO: Fetched DAQ statistics. Counters are being reset now.
[11:20:32.382]     INFO:   dacScan step  from 1 .. 1
[11:20:32.383]    DEBUG: <PixTest.cc/dacScan:L1564>       attempt #0
[11:21:33.988]     INFO: Test took 61605ms.
[11:21:34.017]     INFO: Fetched DAQ statistics. Counters are being reset now.
[11:21:34.018]     INFO:   dacScan step  from 2 .. 2
[11:21:34.018]    DEBUG: <PixTest.cc/dacScan:L1564>       attempt #0
[11:22:35.631]     INFO: Test took 61613ms.
[11:22:35.661]     INFO: Fetched DAQ statistics. Counters are being reset now.
[11:22:35.661]     INFO:   dacScan step  from 3 .. 3
[11:22:35.661]    DEBUG: <PixTest.cc/dacScan:L1564>       attempt #0
[11:23:37.303]     INFO: Test took 61642ms.
[11:23:37.336]     INFO: Fetched DAQ statistics. Counters are being reset now.
[11:23:37.336]     INFO:   dacScan step  from 4 .. 4
[11:23:37.336]    DEBUG: <PixTest.cc/dacScan:L1564>       attempt #0
[11:24:38.999]     INFO: Test took 61663ms.
[11:24:39.030]     INFO: Fetched DAQ statistics. Counters are being reset now.
[11:24:39.031]     INFO:   dacScan step  from 5 .. 5
[11:24:39.031]    DEBUG: <PixTest.cc/dacScan:L1564>       attempt #0
[11:25:40.673]     INFO: Test took 61642ms.
[11:25:40.702]     INFO: Fetched DAQ statistics. Counters are being reset now.
[11:25:40.702]     INFO:   dacScan step  from 6 .. 6
[11:25:40.702]    DEBUG: <PixTest.cc/dacScan:L1564>       attempt #0
[11:26:42.329]     INFO: Test took 61627ms.
[11:26:42.358]     INFO: Fetched DAQ statistics. Counters are being reset now.
[11:26:42.358]     INFO:   dacScan step  from 7 .. 7
[11:26:42.358]    DEBUG: <PixTest.cc/dacScan:L1564>       attempt #0
[11:27:43.987]     INFO: Test took 61629ms.
[11:27:44.021]     INFO: Fetched DAQ statistics. Counters are being reset now.
[11:27:44.021]     INFO:   dacScan step  from 8 .. 8
[11:27:44.021]    DEBUG: <PixTest.cc/dacScan:L1564>       attempt #0
[11:28:45.665]     INFO: Test took 61644ms.
[11:28:45.694]     INFO: Fetched DAQ statistics. Counters are being reset now.
[11:28:45.694]     INFO:   dacScan step  from 9 .. 9
[11:28:45.695]    DEBUG: <PixTest.cc/dacScan:L1564>       attempt #0
[11:29:47.336]     INFO: Test took 61641ms.
[11:29:47.369]     INFO: Fetched DAQ statistics. Counters are being reset now.
[11:29:47.369]     INFO:   dacScan step  from 10 .. 10
[11:29:47.369]    DEBUG: <PixTest.cc/dacScan:L1564>       attempt #0
[11:30:49.030]     INFO: Test took 61661ms.
[11:30:49.062]     INFO: Fetched DAQ statistics. Counters are being reset now.
[11:30:49.062]     INFO:   dacScan step  from 11 .. 11
[11:30:49.062]    DEBUG: <PixTest.cc/dacScan:L1564>       attempt #0
[11:31:50.726]     INFO: Test took 61664ms.
[11:31:50.762]     INFO: Fetched DAQ statistics. Counters are being reset now.
[11:31:50.762]     INFO:   dacScan step  from 12 .. 12
[11:31:50.762]    DEBUG: <PixTest.cc/dacScan:L1564>       attempt #0
[11:32:52.416]     INFO: Test took 61654ms.
[11:32:52.448]     INFO: Fetched DAQ statistics. Counters are being reset now.
[11:32:52.448]     INFO:   dacScan step  from 13 .. 13
[11:32:52.448]    DEBUG: <PixTest.cc/dacScan:L1564>       attempt #0
[11:33:54.187]     INFO: Test took 61740ms.
[11:33:54.220]     INFO: Fetched DAQ statistics. Counters are being reset now.
[11:33:54.220]     INFO:   dacScan step  from 14 .. 14
[11:33:54.220]    DEBUG: <PixTest.cc/dacScan:L1564>       attempt #0
[11:34:55.924]     INFO: Test took 61704ms.
[11:34:55.959]     INFO: Fetched DAQ statistics. Counters are being reset now.
[11:34:55.959]     INFO:   dacScan step  from 15 .. 15
[11:34:55.959]    DEBUG: <PixTest.cc/dacScan:L1564>       attempt #0
[11:35:57.703]     INFO: Test took 61744ms.
[11:35:57.736]     INFO: Fetched DAQ statistics. Counters are being reset now.
[11:35:57.736]     INFO:   dacScan step  from 16 .. 16
[11:35:57.736]    DEBUG: <PixTest.cc/dacScan:L1564>       attempt #0
[11:36:59.414]     INFO: Test took 61678ms.
[11:36:59.450]     INFO: Fetched DAQ statistics. Counters are being reset now.
[11:36:59.450]     INFO:   dacScan step  from 17 .. 17
[11:36:59.450]    DEBUG: <PixTest.cc/dacScan:L1564>       attempt #0
[11:38:01.117]     INFO: Test took 61667ms.
[11:38:01.148]     INFO: Fetched DAQ statistics. Counters are being reset now.
[11:38:01.148]     INFO:   dacScan step  from 18 .. 18
[11:38:01.148]    DEBUG: <PixTest.cc/dacScan:L1564>       attempt #0
[11:39:02.795]     INFO: Test took 61647ms.
[11:39:02.827]     INFO: Fetched DAQ statistics. Counters are being reset now.
[11:39:02.827]     INFO:   dacScan step  from 19 .. 19
[11:39:02.827]    DEBUG: <PixTest.cc/dacScan:L1564>       attempt #0
[11:40:04.560]     INFO: Test took 61733ms.
[11:40:04.591]     INFO: Fetched DAQ statistics. Counters are being reset now.
[11:40:04.591]     INFO:   dacScan step  from 20 .. 20
[11:40:04.591]    DEBUG: <PixTest.cc/dacScan:L1564>       attempt #0
[11:41:06.271]     INFO: Test took 61680ms.
[11:41:06.304]     INFO: Fetched DAQ statistics. Counters are being reset now.
[11:41:06.304]     INFO:   dacScan step  from 21 .. 21
[11:41:06.304]    DEBUG: <PixTest.cc/dacScan:L1564>       attempt #0
[11:42:08.034]     INFO: Test took 61730ms.
[11:42:08.068]     INFO: Fetched DAQ statistics. Counters are being reset now.
[11:42:08.068]     INFO:   dacScan step  from 22 .. 22
[11:42:08.068]    DEBUG: <PixTest.cc/dacScan:L1564>       attempt #0
[11:43:09.778]     INFO: Test took 61710ms.
[11:43:09.809]     INFO: Fetched DAQ statistics. Counters are being reset now.
[11:43:09.809]     INFO:   dacScan step  from 23 .. 23
[11:43:09.809]    DEBUG: <PixTest.cc/dacScan:L1564>       attempt #0
[11:44:11.486]     INFO: Test took 61677ms.
[11:44:11.516]     INFO: Fetched DAQ statistics. Counters are being reset now.
[11:44:11.516]     INFO:   dacScan step  from 24 .. 24
[11:44:11.516]    DEBUG: <PixTest.cc/dacScan:L1564>       attempt #0
[11:45:13.229]     INFO: Test took 61712ms.
[11:45:13.258]     INFO: Fetched DAQ statistics. Counters are being reset now.
[11:45:13.258]     INFO:   dacScan step  from 25 .. 25
[11:45:13.258]    DEBUG: <PixTest.cc/dacScan:L1564>       attempt #0
[11:46:14.944]     INFO: Test took 61686ms.
[11:46:14.974]     INFO: Fetched DAQ statistics. Counters are being reset now.
[11:46:14.974]     INFO:   dacScan step  from 26 .. 26
[11:46:14.974]    DEBUG: <PixTest.cc/dacScan:L1564>       attempt #0
[11:47:16.635]     INFO: Test took 61661ms.
[11:47:16.665]     INFO: Fetched DAQ statistics. Counters are being reset now.
[11:47:16.665]     INFO:   dacScan step  from 27 .. 27
[11:47:16.665]    DEBUG: <PixTest.cc/dacScan:L1564>       attempt #0
[11:48:18.318]     INFO: Test took 61653ms.
[11:48:18.353]     INFO: Fetched DAQ statistics. Counters are being reset now.
[11:48:18.354]     INFO:   dacScan step  from 28 .. 28
[11:48:18.354]    DEBUG: <PixTest.cc/dacScan:L1564>       attempt #0
[11:49:20.061]     INFO: Test took 61707ms.
[11:49:20.098]     INFO: Fetched DAQ statistics. Counters are being reset now.
[11:49:20.099]     INFO:   dacScan step  from 29 .. 29
[11:49:20.099]    DEBUG: <PixTest.cc/dacScan:L1564>       attempt #0
[11:50:21.002]     INFO: Test took 61903ms.
[11:50:22.045]     INFO: Fetched DAQ statistics. Counters are being reset now.
[11:50:22.047]     INFO:   dacScan step  from 30 .. 30
[11:50:22.047]    DEBUG: <PixTest.cc/dacScan:L1564>       attempt #0
[11:51:24.434]     INFO: Test took 62387ms.
[11:51:24.486]     INFO: Fetched DAQ statistics. Counters are being reset now.
[11:51:24.489]     INFO:   dacScan step  from 31 .. 31
[11:51:24.489]    DEBUG: <PixTest.cc/dacScan:L1564>       attempt #0
[11:52:28.314]     INFO: Test took 63825ms.
[11:52:28.377]     INFO: Fetched DAQ statistics. Counters are being reset now.
[11:52:28.381]     INFO:   dacScan step  from 32 .. 32
[11:52:28.381]    DEBUG: <PixTest.cc/dacScan:L1564>       attempt #0
[11:53:35.715]     INFO: Test took 67334ms.
[11:53:35.802]     INFO: Fetched DAQ statistics. Counters are being reset now.
[11:53:35.806]     INFO:   dacScan step  from 33 .. 33
[11:53:35.806]    DEBUG: <PixTest.cc/dacScan:L1564>       attempt #0
[11:54:49.349]     INFO: Test took 73543ms.
[11:54:49.476]     INFO: Fetched DAQ statistics. Counters are being reset now.
[11:54:49.480]     INFO:   dacScan step  from 34 .. 34
[11:54:49.481]    DEBUG: <PixTest.cc/dacScan:L1564>       attempt #0
[11:56:11.105]     INFO: Test took 81624ms.
[11:56:11.281]     INFO: Fetched DAQ statistics. Counters are being reset now.
[11:56:11.286]     INFO:   dacScan step  from 35 .. 35
[11:56:11.286]    DEBUG: <PixTest.cc/dacScan:L1564>       attempt #0
[11:57:44.383]     INFO: Test took 93097ms.
[11:57:44.615]     INFO: Fetched DAQ statistics. Counters are being reset now.
[11:57:44.619]     INFO:   dacScan step  from 36 .. 36
[11:57:44.619]    DEBUG: <PixTest.cc/dacScan:L1564>       attempt #0
[11:59:26.498]     INFO: Test took 101879ms.
[11:59:26.761]     INFO: Fetched DAQ statistics. Counters are being reset now.
[11:59:26.765]     INFO:   dacScan step  from 37 .. 37
[11:59:26.765]    DEBUG: <PixTest.cc/dacScan:L1564>       attempt #0
[12:01:19.974]     INFO: Test took 113209ms.
[12:01:20.273]     INFO: Fetched DAQ statistics. Counters are being reset now.
[12:01:20.279]     INFO:   dacScan step  from 38 .. 38
[12:01:20.279]    DEBUG: <PixTest.cc/dacScan:L1564>       attempt #0
[12:03:22.032]     INFO: Test took 121752ms.
[12:03:22.330]     INFO: Fetched DAQ statistics. Counters are being reset now.
[12:03:22.334]     INFO:   dacScan step  from 39 .. 39
[12:03:22.334]    DEBUG: <PixTest.cc/dacScan:L1564>       attempt #0
[12:05:27.117]     INFO: Test took 124783ms.
[12:05:27.415]     INFO: Fetched DAQ statistics. Counters are being reset now.
[12:05:27.418]     INFO:   dacScan step  from 40 .. 40
[12:05:27.419]    DEBUG: <PixTest.cc/dacScan:L1564>       attempt #0
[12:07:35.054]     INFO: Test took 127635ms.
[12:07:35.339]     INFO: Fetched DAQ statistics. Counters are being reset now.
[12:07:35.343]     INFO:   dacScan step  from 41 .. 41
[12:07:35.343]    DEBUG: <PixTest.cc/dacScan:L1564>       attempt #0
[12:09:44.837]     INFO: Test took 129494ms.
[12:09:45.122]     INFO: Fetched DAQ statistics. Counters are being reset now.
[12:09:45.126]     INFO:   dacScan step  from 42 .. 42
[12:09:45.126]    DEBUG: <PixTest.cc/dacScan:L1564>       attempt #0
[12:11:56.861]     INFO: Test took 131735ms.
[12:11:57.135]     INFO: Fetched DAQ statistics. Counters are being reset now.
[12:11:57.139]     INFO:   dacScan step  from 43 .. 43
[12:11:57.139]    DEBUG: <PixTest.cc/dacScan:L1564>       attempt #0
[12:14:09.963]     INFO: Test took 132824ms.
[12:14:10.228]     INFO: Fetched DAQ statistics. Counters are being reset now.
[12:14:10.234]     INFO:   dacScan step  from 44 .. 44
[12:14:10.234]    DEBUG: <PixTest.cc/dacScan:L1564>       attempt #0
[12:16:23.482]     INFO: Test took 133248ms.
[12:16:23.745]     INFO: Fetched DAQ statistics. Counters are being reset now.
[12:16:23.749]     INFO:   dacScan step  from 45 .. 45
[12:16:23.749]    DEBUG: <PixTest.cc/dacScan:L1564>       attempt #0
[12:18:37.106]     INFO: Test took 133357ms.
[12:18:37.370]     INFO: Fetched DAQ statistics. Counters are being reset now.
[12:18:37.373]     INFO:   dacScan step  from 46 .. 46
[12:18:37.374]    DEBUG: <PixTest.cc/dacScan:L1564>       attempt #0
[12:20:50.818]     INFO: Test took 133444ms.
[12:20:51.081]     INFO: Fetched DAQ statistics. Counters are being reset now.
[12:20:51.085]     INFO:   dacScan step  from 47 .. 47
[12:20:51.085]    DEBUG: <PixTest.cc/dacScan:L1564>       attempt #0
[12:23:04.453]     INFO: Test took 133368ms.
[12:23:04.713]     INFO: Fetched DAQ statistics. Counters are being reset now.
[12:23:04.717]     INFO:   dacScan step  from 48 .. 48
[12:23:04.717]    DEBUG: <PixTest.cc/dacScan:L1564>       attempt #0
[12:25:18.128]     INFO: Test took 133411ms.
[12:25:18.386]     INFO: Fetched DAQ statistics. Counters are being reset now.
[12:25:18.391]     INFO:   dacScan step  from 49 .. 49
[12:25:18.391]    DEBUG: <PixTest.cc/dacScan:L1564>       attempt #0
[12:27:31.789]     INFO: Test took 133398ms.
[12:27:32.049]     INFO: Fetched DAQ statistics. Counters are being reset now.
[12:27:32.053]     INFO:   dacScan step  from 50 .. 50
[12:27:32.053]    DEBUG: <PixTest.cc/dacScan:L1564>       attempt #0
[12:29:45.393]     INFO: Test took 133340ms.
[12:29:45.661]     INFO: Fetched DAQ statistics. Counters are being reset now.
[12:29:45.665]     INFO:   dacScan step  from 51 .. 51
[12:29:45.665]    DEBUG: <PixTest.cc/dacScan:L1564>       attempt #0
[12:31:59.014]     INFO: Test took 133349ms.
[12:31:59.277]     INFO: Fetched DAQ statistics. Counters are being reset now.
[12:31:59.280]     INFO:   dacScan step  from 52 .. 52
[12:31:59.281]    DEBUG: <PixTest.cc/dacScan:L1564>       attempt #0
[12:34:12.608]     INFO: Test took 133327ms.
[12:34:12.866]     INFO: Fetched DAQ statistics. Counters are being reset now.
[12:34:12.872]     INFO:   dacScan step  from 53 .. 53
[12:34:12.872]    DEBUG: <PixTest.cc/dacScan:L1564>       attempt #0
[12:36:26.158]     INFO: Test took 133286ms.
[12:36:26.418]     INFO: Fetched DAQ statistics. Counters are being reset now.
[12:36:26.422]     INFO:   dacScan step  from 54 .. 54
[12:36:26.422]    DEBUG: <PixTest.cc/dacScan:L1564>       attempt #0
[12:38:39.702]     INFO: Test took 133280ms.
[12:38:39.964]     INFO: Fetched DAQ statistics. Counters are being reset now.
[12:38:39.968]     INFO:   dacScan step  from 55 .. 55
[12:38:39.968]    DEBUG: <PixTest.cc/dacScan:L1564>       attempt #0
[12:40:53.242]     INFO: Test took 133274ms.
[12:40:53.504]     INFO: Fetched DAQ statistics. Counters are being reset now.
[12:40:53.508]     INFO:   dacScan step  from 56 .. 56
[12:40:53.508]    DEBUG: <PixTest.cc/dacScan:L1564>       attempt #0
[12:43:06.834]     INFO: Test took 133326ms.
[12:43:07.098]     INFO: Fetched DAQ statistics. Counters are being reset now.
[12:43:07.103]     INFO:   dacScan step  from 57 .. 57
[12:43:07.104]    DEBUG: <PixTest.cc/dacScan:L1564>       attempt #0
[12:45:20.408]     INFO: Test took 133304ms.
[12:45:20.670]     INFO: Fetched DAQ statistics. Counters are being reset now.
[12:45:20.675]     INFO:   dacScan step  from 58 .. 58
[12:45:20.675]    DEBUG: <PixTest.cc/dacScan:L1564>       attempt #0
[12:47:33.920]     INFO: Test took 133245ms.
[12:47:34.183]     INFO: Fetched DAQ statistics. Counters are being reset now.
[12:47:34.187]     INFO:   dacScan step  from 59 .. 59
[12:47:34.187]    DEBUG: <PixTest.cc/dacScan:L1564>       attempt #0
[12:49:47.455]     INFO: Test took 133268ms.
[12:49:47.719]     INFO: Fetched DAQ statistics. Counters are being reset now.
[12:49:47.722]     INFO:   dacScan step  from 60 .. 60
[12:49:47.722]    DEBUG: <PixTest.cc/dacScan:L1564>       attempt #0
[12:52:00.946]     INFO: Test took 133224ms.
[12:52:01.207]     INFO: Fetched DAQ statistics. Counters are being reset now.
[12:52:01.211]     INFO:   dacScan step  from 61 .. 61
[12:52:01.211]    DEBUG: <PixTest.cc/dacScan:L1564>       attempt #0
[12:54:14.480]     INFO: Test took 133269ms.
[12:54:14.740]     INFO: Fetched DAQ statistics. Counters are being reset now.
[12:54:14.744]     INFO:   dacScan step  from 62 .. 62
[12:54:14.744]    DEBUG: <PixTest.cc/dacScan:L1564>       attempt #0
[12:56:27.996]     INFO: Test took 133252ms.
[12:56:28.260]     INFO: Fetched DAQ statistics. Counters are being reset now.
[12:56:28.265]     INFO:   dacScan step  from 63 .. 63
[12:56:28.266]    DEBUG: <PixTest.cc/dacScan:L1564>       attempt #0
[12:58:41.554]     INFO: Test took 133288ms.
[12:58:41.813]     INFO: Fetched DAQ statistics. Counters are being reset now.
[12:58:41.818]     INFO:   dacScan step  from 64 .. 64
[12:58:41.819]    DEBUG: <PixTest.cc/dacScan:L1564>       attempt #0
[13:00:55.108]     INFO: Test took 133289ms.
[13:00:55.364]     INFO: Fetched DAQ statistics. Counters are being reset now.
[13:00:55.368]     INFO:   dacScan step  from 65 .. 65
[13:00:55.368]    DEBUG: <PixTest.cc/dacScan:L1564>       attempt #0
[13:03:08.739]     INFO: Test took 133371ms.
[13:03:08.998]     INFO: Fetched DAQ statistics. Counters are being reset now.
[13:03:08.002]     INFO:   dacScan step  from 66 .. 66
[13:03:08.002]    DEBUG: <PixTest.cc/dacScan:L1564>       attempt #0
[13:05:22.296]     INFO: Test took 133294ms.
[13:05:22.558]     INFO: Fetched DAQ statistics. Counters are being reset now.
[13:05:22.563]     INFO:   dacScan step  from 67 .. 67
[13:05:22.563]    DEBUG: <PixTest.cc/dacScan:L1564>       attempt #0
[13:07:35.864]     INFO: Test took 133301ms.
[13:07:36.127]     INFO: Fetched DAQ statistics. Counters are being reset now.
[13:07:36.131]     INFO:   dacScan step  from 68 .. 68
[13:07:36.131]    DEBUG: <PixTest.cc/dacScan:L1564>       attempt #0
[13:09:49.388]     INFO: Test took 133257ms.
[13:09:49.650]     INFO: Fetched DAQ statistics. Counters are being reset now.
[13:09:49.654]     INFO:   dacScan step  from 69 .. 69
[13:09:49.654]    DEBUG: <PixTest.cc/dacScan:L1564>       attempt #0
[13:12:02.952]     INFO: Test took 133298ms.
[13:12:03.217]     INFO: Fetched DAQ statistics. Counters are being reset now.
[13:12:03.221]     INFO:   dacScan step  from 70 .. 70
[13:12:03.221]    DEBUG: <PixTest.cc/dacScan:L1564>       attempt #0
[13:14:16.506]     INFO: Test took 133285ms.
[13:14:16.767]     INFO: Fetched DAQ statistics. Counters are being reset now.
[13:14:16.771]    DEBUG: <PixTest.cc/scurveAna:L1625> analyzing ROC 0
[13:14:17.977]    DEBUG: <PixTest.cc/scurveAna:L1625> analyzing ROC 1
[13:14:19.200]    DEBUG: <PixTest.cc/scurveAna:L1625> analyzing ROC 2
[13:14:20.416]    DEBUG: <PixTest.cc/scurveAna:L1625> analyzing ROC 3
[13:14:21.639]    DEBUG: <PixTest.cc/scurveAna:L1625> analyzing ROC 4
[13:14:22.861]    DEBUG: <PixTest.cc/scurveAna:L1625> analyzing ROC 5
[13:14:24.058]    DEBUG: <PixTest.cc/scurveAna:L1625> analyzing ROC 6
[13:14:25.287]    DEBUG: <PixTest.cc/scurveAna:L1625> analyzing ROC 7
[13:14:26.500]    DEBUG: <PixTest.cc/scurveAna:L1625> analyzing ROC 8
[13:14:27.708]    DEBUG: <PixTest.cc/scurveAna:L1625> analyzing ROC 9
[13:14:28.922]    DEBUG: <PixTest.cc/scurveAna:L1625> analyzing ROC 10
[13:14:30.143]    DEBUG: <PixTest.cc/scurveAna:L1625> analyzing ROC 11
[13:14:31.362]    DEBUG: <PixTest.cc/scurveAna:L1625> analyzing ROC 12
[13:14:32.573]    DEBUG: <PixTest.cc/scurveAna:L1625> analyzing ROC 13
[13:14:33.782]    DEBUG: <PixTest.cc/scurveAna:L1625> analyzing ROC 14
[13:14:34.977]    DEBUG: <PixTest.cc/scurveAna:L1625> analyzing ROC 15
[13:14:36.343]    DEBUG: <PixTest.cc/scurveMaps:L235> PixTest::scurveMaps end: getCurrentRSS() = 510578688
[13:14:36.536]     INFO: PixTestScurves::scurves() done 
[13:14:36.536]     INFO: Vcal mean:  35.11  35.18  35.12  35.30  35.25  35.25  35.14  35.30  35.02  35.21  35.08  35.05  35.23  35.16  35.20  35.21 
[13:14:36.536]     INFO: Vcal RMS:    0.86   0.97   1.00   0.93   1.06   0.92   0.87   0.90   0.89   0.95   1.03   0.91   1.22   0.92   0.85   0.95 
[13:24:34.907]    DEBUG: <PixGui.cc/handleButtons:L393> PixGui::exit called
[13:24:34.907]    DEBUG: <PixTestBBMap.cc/~PixTestBBMap:L96> PixTestBBMap dtor
[13:24:34.908]    DEBUG: <PixTestBB2Map.cc/~PixTestBB2Map:L114> PixTestBB2Map dtor
[13:24:34.908]    DEBUG: <PixTestDacDacScan.cc/~PixTestDacDacScan:L135> PixTestDacDacScan dtor
[13:24:34.908]    DEBUG: <PixTestDacScan.cc/~PixTestDacScan:L128> PixTestDacScan dtor
[13:24:34.908]    DEBUG: <PixTestGainPedestal.cc/~PixTestGainPedestal:L121> PixTestGainPedestal dtor
[13:24:34.908]    DEBUG: <PixTestHighRate.cc/~PixTestHighRate:L221> PixTestHighRate dtor
[13:24:34.908]    DEBUG: <PixTestIV.cc/~PixTestIV:L96> PixTestIV dtor
[13:24:34.908]    DEBUG: <PixTestAlive.cc/~PixTestAlive:L108> PixTestAlive dtor
[13:24:34.908]    DEBUG: <PixTestPretest.cc/~PixTestPretest:L133> PixTestPretest dtor
[13:24:34.908]    DEBUG: <PixTestReadback.cc/~PixTestReadback:L89> PixTestReadback dtor, saving tree ... 
[13:24:34.908]    DEBUG: <PixTestScurves.cc/~PixTestScurves:L127> PixTestScurves dtor
[13:24:35.116]    DEBUG: <PixTestTiming.cc/~PixTestTiming:L88> PixTestTiming dtor
[13:24:35.116]    DEBUG: <PixTestTrim.cc/~PixTestTrim:L103> PixTestTrim dtor
[13:24:35.116]    DEBUG: <PixTestXray.cc/~PixTestXray:L215> PixTestXray dtor
[13:24:35.119]    QUIET: Connection to board 53 closed.
[13:24:35.120]    DEBUG: <PixMonitor.cc/dumpSummaries:L34> PixMonitor::dumpSummaries
