[12:25:14.039]     INFO: *** Welcome to pxar ***
[12:25:14.039]     INFO: *** Today: 2015/04/17
[12:25:14.039]     INFO:       reading /home/purduepix/cmspxl/dat/M_TT_922/v4/dacParameters_C0.dat
[12:25:14.039]     INFO:       reading /home/purduepix/cmspxl/dat/M_TT_922/v4/dacParameters_C1.dat
[12:25:14.039]     INFO:       reading /home/purduepix/cmspxl/dat/M_TT_922/v4/dacParameters_C2.dat
[12:25:14.039]     INFO:       reading /home/purduepix/cmspxl/dat/M_TT_922/v4/dacParameters_C3.dat
[12:25:14.039]     INFO:       reading /home/purduepix/cmspxl/dat/M_TT_922/v4/dacParameters_C4.dat
[12:25:14.039]     INFO:       reading /home/purduepix/cmspxl/dat/M_TT_922/v4/dacParameters_C5.dat
[12:25:14.039]     INFO:       reading /home/purduepix/cmspxl/dat/M_TT_922/v4/dacParameters_C6.dat
[12:25:14.039]     INFO:       reading /home/purduepix/cmspxl/dat/M_TT_922/v4/dacParameters_C7.dat
[12:25:14.040]     INFO:       reading /home/purduepix/cmspxl/dat/M_TT_922/v4/dacParameters_C8.dat
[12:25:14.040]     INFO:       reading /home/purduepix/cmspxl/dat/M_TT_922/v4/dacParameters_C9.dat
[12:25:14.040]     INFO:       reading /home/purduepix/cmspxl/dat/M_TT_922/v4/dacParameters_C10.dat
[12:25:14.040]     INFO:       reading /home/purduepix/cmspxl/dat/M_TT_922/v4/dacParameters_C11.dat
[12:25:14.040]     INFO:       reading /home/purduepix/cmspxl/dat/M_TT_922/v4/dacParameters_C12.dat
[12:25:14.040]     INFO:       reading /home/purduepix/cmspxl/dat/M_TT_922/v4/dacParameters_C13.dat
[12:25:14.040]     INFO:       reading /home/purduepix/cmspxl/dat/M_TT_922/v4/dacParameters_C14.dat
[12:25:14.040]     INFO:       reading /home/purduepix/cmspxl/dat/M_TT_922/v4/dacParameters_C15.dat
[12:25:14.040]     INFO:       reading /home/purduepix/cmspxl/dat/M_TT_922/v4/tbmParameters_C0a.dat
[12:25:14.040]     INFO:       reading /home/purduepix/cmspxl/dat/M_TT_922/v4/tbmParameters_C0b.dat
[12:25:14.040]     INFO:       reading /home/purduepix/cmspxl/dat/M_TT_922/v4/defaultMaskFile.dat
[12:25:14.041]     INFO:       reading /home/purduepix/cmspxl/dat/M_TT_922/v4/trimParameters_C0.dat
[12:25:14.049]     INFO:       reading /home/purduepix/cmspxl/dat/M_TT_922/v4/trimParameters_C1.dat
[12:25:14.057]     INFO:       reading /home/purduepix/cmspxl/dat/M_TT_922/v4/trimParameters_C2.dat
[12:25:14.061]     INFO:       reading /home/purduepix/cmspxl/dat/M_TT_922/v4/trimParameters_C3.dat
[12:25:14.066]     INFO:       reading /home/purduepix/cmspxl/dat/M_TT_922/v4/trimParameters_C4.dat
[12:25:14.070]     INFO:       reading /home/purduepix/cmspxl/dat/M_TT_922/v4/trimParameters_C5.dat
[12:25:14.075]     INFO:       reading /home/purduepix/cmspxl/dat/M_TT_922/v4/trimParameters_C6.dat
[12:25:14.079]     INFO:       reading /home/purduepix/cmspxl/dat/M_TT_922/v4/trimParameters_C7.dat
[12:25:14.084]     INFO:       reading /home/purduepix/cmspxl/dat/M_TT_922/v4/trimParameters_C8.dat
[12:25:14.088]     INFO:       reading /home/purduepix/cmspxl/dat/M_TT_922/v4/trimParameters_C9.dat
[12:25:14.093]     INFO:       reading /home/purduepix/cmspxl/dat/M_TT_922/v4/trimParameters_C10.dat
[12:25:14.097]     INFO:       reading /home/purduepix/cmspxl/dat/M_TT_922/v4/trimParameters_C11.dat
[12:25:14.101]     INFO:       reading /home/purduepix/cmspxl/dat/M_TT_922/v4/trimParameters_C12.dat
[12:25:14.106]     INFO:       reading /home/purduepix/cmspxl/dat/M_TT_922/v4/trimParameters_C13.dat
[12:25:14.110]     INFO:       reading /home/purduepix/cmspxl/dat/M_TT_922/v4/trimParameters_C14.dat
[12:25:14.115]     INFO:       reading /home/purduepix/cmspxl/dat/M_TT_922/v4/trimParameters_C15.dat
[12:25:14.119]     INFO:       reading /home/purduepix/cmspxl/dat/M_TT_922/v4/tbParameters.dat
[12:25:14.119]     INFO:         clk: 4
[12:25:14.120]     INFO:         ctr: 4
[12:25:14.120]     INFO:         sda: 19
[12:25:14.120]     INFO:         tin: 9
[12:25:14.120]     INFO:         level: 15
[12:25:14.120]     INFO:         triggerdelay: 0
[12:25:14.120]    QUIET: Instanciating API for pxar crosscalibrate
[12:25:14.120]     INFO: Log level: DEBUG
[12:25:14.142]    QUIET: Connection to board DTB_WRMPSF opened.
[12:25:14.145]     INFO: DTB startup information
--- DTB info------------------------------------------
Board id:    45
HW version:  DTB1.2
FW version:  3.2
SW version:  3.6
USB id:      DTB_WRMPSF
MAC address: 40D85511802D
Hostname:    pixelDTB045
Comment:     
------------------------------------------------------
[12:25:14.148]     INFO: RPC call hashes of host and DTB match: 413001178
[12:25:15.711]     INFO: DUT info: 
[12:25:15.711]     INFO: The DUT currently contains the following objects:
[12:25:15.711]     INFO:  2 TBM Cores (2 ON)
[12:25:15.711]     INFO: 	TBM Core alpha (0): 7 registers set
[12:25:15.711]     INFO: 	TBM Core beta  (1): 7 registers set
[12:25:15.711]     INFO: 16 ROCs (16 ON) with 4160 pixelConfigs
[12:25:15.711]     INFO: 	ROC 0: 21 DACs set, Pixels: 0 masked, 4160 active.
[12:25:15.711]     INFO: 	ROC 1: 21 DACs set, Pixels: 0 masked, 4160 active.
[12:25:15.711]     INFO: 	ROC 2: 21 DACs set, Pixels: 0 masked, 4160 active.
[12:25:15.711]     INFO: 	ROC 3: 21 DACs set, Pixels: 0 masked, 4160 active.
[12:25:15.711]     INFO: 	ROC 4: 21 DACs set, Pixels: 0 masked, 4160 active.
[12:25:15.711]     INFO: 	ROC 5: 21 DACs set, Pixels: 0 masked, 4160 active.
[12:25:15.711]     INFO: 	ROC 6: 21 DACs set, Pixels: 0 masked, 4160 active.
[12:25:15.711]     INFO: 	ROC 7: 21 DACs set, Pixels: 0 masked, 4160 active.
[12:25:15.711]     INFO: 	ROC 8: 21 DACs set, Pixels: 0 masked, 4160 active.
[12:25:15.711]     INFO: 	ROC 9: 21 DACs set, Pixels: 0 masked, 4160 active.
[12:25:15.711]     INFO: 	ROC 10: 21 DACs set, Pixels: 0 masked, 4160 active.
[12:25:15.711]     INFO: 	ROC 11: 21 DACs set, Pixels: 0 masked, 4160 active.
[12:25:15.712]     INFO: 	ROC 12: 21 DACs set, Pixels: 0 masked, 4160 active.
[12:25:15.712]     INFO: 	ROC 13: 21 DACs set, Pixels: 0 masked, 4160 active.
[12:25:15.712]     INFO: 	ROC 14: 21 DACs set, Pixels: 0 masked, 4160 active.
[12:25:15.712]     INFO: 	ROC 15: 21 DACs set, Pixels: 0 masked, 4160 active.
[12:25:15.712]    DEBUG: <PixTestParameters.cc/dump:L104> PixTestParameters: ->BB<-
[12:25:15.712]    DEBUG: <PixTestParameters.cc/dump:L107>   dumpall: checkbox(0)
[12:25:15.712]    DEBUG: <PixTestParameters.cc/dump:L107>   dumpproblematic: checkbox(0)
[12:25:15.712]    DEBUG: <PixTestParameters.cc/dump:L107>   ntrig: 5
[12:25:15.712]    DEBUG: <PixTestParameters.cc/dump:L107>   vcals: 250
[12:25:15.712]    DEBUG: <PixTestParameters.cc/dump:L104> PixTestParameters: ->BB2<-
[12:25:15.712]    DEBUG: <PixTestParameters.cc/dump:L107>   ntrig: 10
[12:25:15.712]    DEBUG: <PixTestParameters.cc/dump:L107>   vcals: 222
[12:25:15.712]    DEBUG: <PixTestParameters.cc/dump:L107>   plwidth: 35
[12:25:15.712]    DEBUG: <PixTestParameters.cc/dump:L104> PixTestParameters: ->DacDacScan<-
[12:25:15.712]    DEBUG: <PixTestParameters.cc/dump:L107>   phmap: checkbox
[12:25:15.712]    DEBUG: <PixTestParameters.cc/dump:L107>   ntrig: 10
[12:25:15.712]    DEBUG: <PixTestParameters.cc/dump:L107>   dac1: caldel
[12:25:15.712]    DEBUG: <PixTestParameters.cc/dump:L107>   dac1lo: 0
[12:25:15.712]    DEBUG: <PixTestParameters.cc/dump:L107>   dac1hi: 255
[12:25:15.712]    DEBUG: <PixTestParameters.cc/dump:L107>   dac2: vthrcomp
[12:25:15.712]    DEBUG: <PixTestParameters.cc/dump:L107>   dac2lo: 0
[12:25:15.712]    DEBUG: <PixTestParameters.cc/dump:L107>   dac2hi: 255
[12:25:15.712]    DEBUG: <PixTestParameters.cc/dump:L107>   pix: 11,20
[12:25:15.712]    DEBUG: <PixTestParameters.cc/dump:L104> PixTestParameters: ->DacScan<-
[12:25:15.713]    DEBUG: <PixTestParameters.cc/dump:L107>   phmap: checkbox(1)
[12:25:15.713]    DEBUG: <PixTestParameters.cc/dump:L107>   ntrig: 10
[12:25:15.713]    DEBUG: <PixTestParameters.cc/dump:L107>   dac: vcal
[12:25:15.713]    DEBUG: <PixTestParameters.cc/dump:L107>   daclo: 0
[12:25:15.713]    DEBUG: <PixTestParameters.cc/dump:L107>   dachi: 255
[12:25:15.713]    DEBUG: <PixTestParameters.cc/dump:L107>   pix: 11,20
[12:25:15.713]    DEBUG: <PixTestParameters.cc/dump:L104> PixTestParameters: ->GainPedestal<-
[12:25:15.713]    DEBUG: <PixTestParameters.cc/dump:L107>   showfits: checkbox(0)
[12:25:15.713]    DEBUG: <PixTestParameters.cc/dump:L107>   extended: checkbox(0)
[12:25:15.713]    DEBUG: <PixTestParameters.cc/dump:L107>   dumphists: checkbox(0)
[12:25:15.713]    DEBUG: <PixTestParameters.cc/dump:L107>   ntrig: 10
[12:25:15.713]    DEBUG: <PixTestParameters.cc/dump:L107>   measure: button
[12:25:15.713]    DEBUG: <PixTestParameters.cc/dump:L107>   fit: button
[12:25:15.713]    DEBUG: <PixTestParameters.cc/dump:L107>   save: button
[12:25:15.713]    DEBUG: <PixTestParameters.cc/dump:L104> PixTestParameters: ->HighRate<-
[12:25:15.713]    DEBUG: <PixTestParameters.cc/dump:L107>   pix: 11,20
[12:25:15.713]    DEBUG: <PixTestParameters.cc/dump:L107>   maskhotpixels: button
[12:25:15.713]    DEBUG: <PixTestParameters.cc/dump:L107>   savemaskfile: checkbox(0)
[12:25:15.713]    DEBUG: <PixTestParameters.cc/dump:L107>   maskfilename: default
[12:25:15.713]    DEBUG: <PixTestParameters.cc/dump:L107>   caldelscan: button
[12:25:15.713]    DEBUG: <PixTestParameters.cc/dump:L107>   xpixelalive: button
[12:25:15.713]    DEBUG: <PixTestParameters.cc/dump:L107>   ntrig: 5
[12:25:15.713]    DEBUG: <PixTestParameters.cc/dump:L107>   vcal: 200
[12:25:15.713]    DEBUG: <PixTestParameters.cc/dump:L107>   rundaq: button
[12:25:15.713]    DEBUG: <PixTestParameters.cc/dump:L107>   trgfrequency(khz): 20
[12:25:15.713]    DEBUG: <PixTestParameters.cc/dump:L107>   runseconds: 2
[12:25:15.713]    DEBUG: <PixTestParameters.cc/dump:L107>   triggerdelay: 20
[12:25:15.713]    DEBUG: <PixTestParameters.cc/dump:L107>   delaytbm: checkbox
[12:25:15.713]    DEBUG: <PixTestParameters.cc/dump:L107>   filltree: checkbox
[12:25:15.713]    DEBUG: <PixTestParameters.cc/dump:L104> PixTestParameters: ->IV<-
[12:25:15.713]    DEBUG: <PixTestParameters.cc/dump:L107>   port: /dev/FIXME
[12:25:15.713]    DEBUG: <PixTestParameters.cc/dump:L107>   voltagestart: 0
[12:25:15.713]    DEBUG: <PixTestParameters.cc/dump:L107>   voltagestop: 600
[12:25:15.713]    DEBUG: <PixTestParameters.cc/dump:L107>   voltagestep: 5
[12:25:15.713]    DEBUG: <PixTestParameters.cc/dump:L107>   delay: 1
[12:25:15.713]    DEBUG: <PixTestParameters.cc/dump:L107>   compliance(ua): 100
[12:25:15.713]    DEBUG: <PixTestParameters.cc/dump:L104> PixTestParameters: ->PhOptimization<-
[12:25:15.713]    DEBUG: <PixTestParameters.cc/dump:L107>   ntrig: 10
[12:25:15.713]    DEBUG: <PixTestParameters.cc/dump:L107>   safetymarginlow: 20
[12:25:15.713]    DEBUG: <PixTestParameters.cc/dump:L107>   saturationvcal: 100
[12:25:15.713]    DEBUG: <PixTestParameters.cc/dump:L107>   quantilesaturation: 0.98
[12:25:15.713]    DEBUG: <PixTestParameters.cc/dump:L104> PixTestParameters: ->PixelAlive<-
[12:25:15.714]    DEBUG: <PixTestParameters.cc/dump:L107>   ntrig: 10
[12:25:15.714]    DEBUG: <PixTestParameters.cc/dump:L107>   vcal: 200
[12:25:15.714]    DEBUG: <PixTestParameters.cc/dump:L107>   alivetest: button
[12:25:15.714]    DEBUG: <PixTestParameters.cc/dump:L107>   masktest: button
[12:25:15.714]    DEBUG: <PixTestParameters.cc/dump:L107>   addressdecodingtest: button
[12:25:15.714]    DEBUG: <PixTestParameters.cc/dump:L104> PixTestParameters: ->Pretest<-
[12:25:15.714]    DEBUG: <PixTestParameters.cc/dump:L107>   programroc: button
[12:25:15.714]    DEBUG: <PixTestParameters.cc/dump:L107>   targetia: 24
[12:25:15.714]    DEBUG: <PixTestParameters.cc/dump:L107>   setvana: button
[12:25:15.714]    DEBUG: <PixTestParameters.cc/dump:L107>   iterations: 100
[12:25:15.714]    DEBUG: <PixTestParameters.cc/dump:L107>   settimings: button
[12:25:15.714]    DEBUG: <PixTestParameters.cc/dump:L107>   findworkingpixel: button
[12:25:15.714]    DEBUG: <PixTestParameters.cc/dump:L107>   setvthrcompcaldel: button
[12:25:15.714]    DEBUG: <PixTestParameters.cc/dump:L107>   pix: 11,20
[12:25:15.714]    DEBUG: <PixTestParameters.cc/dump:L107>   vcal: 250
[12:25:15.714]    DEBUG: <PixTestParameters.cc/dump:L107>   deltavthrcomp: 50
[12:25:15.714]    DEBUG: <PixTestParameters.cc/dump:L107>   fraccaldel: 0.5
[12:25:15.714]    DEBUG: <PixTestParameters.cc/dump:L107>   ntrig: 5
[12:25:15.714]    DEBUG: <PixTestParameters.cc/dump:L107>   savedacs: button
[12:25:15.714]    DEBUG: <PixTestParameters.cc/dump:L104> PixTestParameters: ->Readback<-
[12:25:15.714]    DEBUG: <PixTestParameters.cc/dump:L107>   calibratevd: button
[12:25:15.714]    DEBUG: <PixTestParameters.cc/dump:L107>   calibrateva: button
[12:25:15.714]    DEBUG: <PixTestParameters.cc/dump:L107>   calibrateia: button
[12:25:15.714]    DEBUG: <PixTestParameters.cc/dump:L107>   readbackvbg: button
[12:25:15.714]    DEBUG: <PixTestParameters.cc/dump:L107>   getcalibratedvbg: button
[12:25:15.714]    DEBUG: <PixTestParameters.cc/dump:L107>   usecalvd: checkbox(1)
[12:25:15.714]    DEBUG: <PixTestParameters.cc/dump:L107>   usecalva: checkbox(0)
[12:25:15.714]    DEBUG: <PixTestParameters.cc/dump:L107>   getcalibratedia: button
[12:25:15.714]    DEBUG: <PixTestParameters.cc/dump:L107>   setvana: button
[12:25:15.714]    DEBUG: <PixTestParameters.cc/dump:L104> PixTestParameters: ->Scurves<-
[12:25:15.714]    DEBUG: <PixTestParameters.cc/dump:L107>   adjustvcal: checkbox(1)
[12:25:15.714]    DEBUG: <PixTestParameters.cc/dump:L107>   dumpall: checkbox(0)
[12:25:15.714]    DEBUG: <PixTestParameters.cc/dump:L107>   dumpproblematic: checkbox(0)
[12:25:15.714]    DEBUG: <PixTestParameters.cc/dump:L107>   ntrig: 50
[12:25:15.714]    DEBUG: <PixTestParameters.cc/dump:L107>   dac: VthrComp
[12:25:15.714]    DEBUG: <PixTestParameters.cc/dump:L107>   daclo: 0
[12:25:15.714]    DEBUG: <PixTestParameters.cc/dump:L107>   dachi: 200
[12:25:15.714]    DEBUG: <PixTestParameters.cc/dump:L107>   dacs/step: 10
[12:25:15.714]    DEBUG: <PixTestParameters.cc/dump:L107>   scurves: button
[12:25:15.714]    DEBUG: <PixTestParameters.cc/dump:L104> PixTestParameters: ->Timing<-
[12:25:15.714]    DEBUG: <PixTestParameters.cc/dump:L107>   fastscan: checkbox(0)
[12:25:15.714]    DEBUG: <PixTestParameters.cc/dump:L107>   targetclk: 4
[12:25:15.714]    DEBUG: <PixTestParameters.cc/dump:L107>   ntrig: 10
[12:25:15.714]    DEBUG: <PixTestParameters.cc/dump:L107>   clocksdascan: button
[12:25:15.715]    DEBUG: <PixTestParameters.cc/dump:L107>   phasescan: button
[12:25:15.715]    DEBUG: <PixTestParameters.cc/dump:L107>   levelscan: button
[12:25:15.715]    DEBUG: <PixTestParameters.cc/dump:L107>   saveparameters: button
[12:25:15.715]    DEBUG: <PixTestParameters.cc/dump:L107>   timingtest: button
[12:25:15.715]    DEBUG: <PixTestParameters.cc/dump:L104> PixTestParameters: ->Trim<-
[12:25:15.715]    DEBUG: <PixTestParameters.cc/dump:L107>   trim: button
[12:25:15.715]    DEBUG: <PixTestParameters.cc/dump:L107>   ntrig: 10
[12:25:15.715]    DEBUG: <PixTestParameters.cc/dump:L107>   vcal: 40
[12:25:15.715]    DEBUG: <PixTestParameters.cc/dump:L107>   trimbits: button
[12:25:15.715]    DEBUG: <PixTestParameters.cc/dump:L104> PixTestParameters: ->Xray<-
[12:25:15.715]    DEBUG: <PixTestParameters.cc/dump:L107>   maskhotpixels: button
[12:25:15.715]    DEBUG: <PixTestParameters.cc/dump:L107>   savemaskfile: checkbox(0)
[12:25:15.715]    DEBUG: <PixTestParameters.cc/dump:L107>   maskfilename: default
[12:25:15.715]    DEBUG: <PixTestParameters.cc/dump:L107>   source: Ag
[12:25:15.715]    DEBUG: <PixTestParameters.cc/dump:L107>   phrun: button
[12:25:15.715]    DEBUG: <PixTestParameters.cc/dump:L107>   runseconds: 100
[12:25:15.715]    DEBUG: <PixTestParameters.cc/dump:L107>   trgfrequency(khz): 100
[12:25:15.715]    DEBUG: <PixTestParameters.cc/dump:L107>   ratescan: button
[12:25:15.715]    DEBUG: <PixTestParameters.cc/dump:L107>   vthrcompmin: 10
[12:25:15.715]    DEBUG: <PixTestParameters.cc/dump:L107>   vthrcompmax: 80
[12:25:15.715]    DEBUG: <PixTestParameters.cc/dump:L107>   stepseconds: 5
[12:25:15.715]    DEBUG: <PixTestParameters.cc/dump:L107>   delaytbm: checkbox
[12:25:15.715]    DEBUG: <PixTestParameters.cc/dump:L107>   filltree: checkbox
[12:25:15.715]    DEBUG: <PixSetup.cc/init:L81> PixSetup init start; getCurrentRSS() = 28221440
[12:25:15.715]    DEBUG: <PixSetup.cc/init:L87> fPixTestParameters = 0x1530da0
[12:25:15.715]    DEBUG: <PixSetup.cc/init:L88>  fConfigParameters = 0x14e7be0
[12:25:15.715]    DEBUG: <PixSetup.cc/init:L89>        fPxarMemory = 0x7fcd75d94010
[12:25:15.715]    DEBUG: <PixSetup.cc/init:L90>         fPxarMemHi = 0x7fcd7bfff510
[12:25:15.715]    DEBUG: <PixSetup.cc/init:L106> PixSetup init done;  getCurrentRSS() = 28286976 fPxarMemory = 0x7fcd75d94010
[12:25:16.179]    DEBUG: <PixGui.cc/hvOn:L457> HV set On: 0x1ae9440
[12:25:16.241]    DEBUG: <PixTestFactory.cc/PixTestFactory:L50> PixTestFactory::PixTestFactory()
[12:25:16.241]    DEBUG: <PixTestBBMap.cc/init:L78> PixTestBBMap::init()
[12:25:16.241]    DEBUG: <PixTestBBMap.cc/PixTestBBMap:L26> PixTestBBMap ctor(PixSetup &a, string, TGTab *)
[12:25:16.250]    DEBUG: <PixTestBB2Map.cc/init:L69> PixTestBB2Map::init()
[12:25:16.250]    DEBUG: <PixTestBB2Map.cc/PixTestBB2Map:L27> PixTestBB2Map ctor(PixSetup &a, string, TGTab *)
[12:25:16.255]    DEBUG: <PixTestDacDacScan.cc/init:L102> PixTestDacDacScan::init()
[12:25:16.255]    DEBUG: <PixTestDacDacScan.cc/PixTestDacDacScan:L21> PixTestDacDacScan ctor(PixSetup &a, string, TGTab *)
[12:25:16.277]    DEBUG: <PixTestHighRate.cc/setParameter:L66>   setting fParTriggerFrequency -> 20
[12:25:16.277]    DEBUG: <PixTestHighRate.cc/init:L156> PixTestHighRate::init()
[12:25:16.277]    DEBUG: <PixTestHighRate.cc/PixTestHighRate:L29> PixTestHighRate ctor(PixSetup &a, string, TGTab *)
[12:25:16.277]     INFO:       reading /home/purduepix/cmspxl/dat/M_TT_922/v4/phCalibrationFitTanH_C0.dat
[12:25:16.277]    ERROR: <ConfigParameters.cc/readGainPedestalParameters:L952> cannot open /home/purduepix/cmspxl/dat/M_TT_922/v4/phCalibrationFitTanH_C0.dat for reading PH calibration constants
[12:25:16.291]    DEBUG: <PixTest.cc/setTestParameter:L577>  setting  ntrig to new value 10
[12:25:16.291]    DEBUG: <PixTestPhOptimization.cc/setParameter:L36>   setting fParNtrig  ->10<- from sval = 10
[12:25:16.291]    DEBUG: <PixTestPhOptimization.cc/setParameter:L41>   setting fSafetyMarginLow  ->20<- from sval = 20
[12:25:16.291]    DEBUG: <PixTestPhOptimization.cc/setParameter:L47>   setting fVcalMax  ->100<- from sval = 100
[12:25:16.291]    DEBUG: <PixTestPhOptimization.cc/setParameter:L52>   setting fQuantMax  ->0.98<- from sval = 0.98
[12:25:16.298]    DEBUG: <PixTestAlive.cc/init:L76> PixTestAlive::init()
[12:25:16.298]    DEBUG: <PixTestAlive.cc/PixTestAlive:L20> PixTestAlive ctor(PixSetup &a, string, TGTab *)
[12:25:16.309]    DEBUG: <PixTestReadback.cc/setParameter:L184> fCalwVd set to 1
[12:25:16.309]    DEBUG: <PixTestReadback.cc/init:L96> PixTestReadback::init()
[12:25:16.309]    DEBUG: <PixTestReadback.cc/PixTestReadback:L22> PixTestReadback ctor(PixSetup &a, string, TGTab *)
[12:25:16.309]     INFO:       reading /home/purduepix/cmspxl/dat/M_TT_922/v4/readbackCal_C0.dat
[12:25:16.309]     INFO:       reading /home/purduepix/cmspxl/dat/M_TT_922/v4/readbackCal_C1.dat
[12:25:16.309]     INFO:       reading /home/purduepix/cmspxl/dat/M_TT_922/v4/readbackCal_C2.dat
[12:25:16.309]     INFO:       reading /home/purduepix/cmspxl/dat/M_TT_922/v4/readbackCal_C3.dat
[12:25:16.309]     INFO:       reading /home/purduepix/cmspxl/dat/M_TT_922/v4/readbackCal_C4.dat
[12:25:16.309]     INFO:       reading /home/purduepix/cmspxl/dat/M_TT_922/v4/readbackCal_C5.dat
[12:25:16.309]     INFO:       reading /home/purduepix/cmspxl/dat/M_TT_922/v4/readbackCal_C6.dat
[12:25:16.309]     INFO:       reading /home/purduepix/cmspxl/dat/M_TT_922/v4/readbackCal_C7.dat
[12:25:16.309]     INFO:       reading /home/purduepix/cmspxl/dat/M_TT_922/v4/readbackCal_C8.dat
[12:25:16.309]     INFO:       reading /home/purduepix/cmspxl/dat/M_TT_922/v4/readbackCal_C9.dat
[12:25:16.309]     INFO:       reading /home/purduepix/cmspxl/dat/M_TT_922/v4/readbackCal_C10.dat
[12:25:16.309]     INFO:       reading /home/purduepix/cmspxl/dat/M_TT_922/v4/readbackCal_C11.dat
[12:25:16.309]     INFO:       reading /home/purduepix/cmspxl/dat/M_TT_922/v4/readbackCal_C12.dat
[12:25:16.309]     INFO:       reading /home/purduepix/cmspxl/dat/M_TT_922/v4/readbackCal_C13.dat
[12:25:16.309]     INFO:       reading /home/purduepix/cmspxl/dat/M_TT_922/v4/readbackCal_C14.dat
[12:25:16.309]     INFO:       reading /home/purduepix/cmspxl/dat/M_TT_922/v4/readbackCal_C15.dat
[12:25:16.309]     INFO:       reading /home/purduepix/cmspxl/dat/M_TT_922/v4/phCalibrationFitTanH_C0.dat
[12:25:16.309]    ERROR: <ConfigParameters.cc/readGainPedestalParameters:L952> cannot open /home/purduepix/cmspxl/dat/M_TT_922/v4/phCalibrationFitTanH_C0.dat for reading PH calibration constants
[12:25:16.319]    DEBUG: <PixTestTiming.cc/setParameter:L45> fFastScan: 0
[12:25:16.319]    DEBUG: <PixTestTiming.cc/setParameter:L50> PixTestTiming::PixTest() targetclk = 4
[12:25:16.319]    DEBUG: <PixTestTiming.cc/setParameter:L54> PixTestTiming::PixTest() ntrig = 10
[12:25:16.319]    DEBUG: <PixTestTiming.cc/init:L64> PixTestTiming::init()
[12:25:16.329]    DEBUG: <PixTestXray.cc/init:L132> PixTestXray::init()
[12:25:16.329]    DEBUG: <PixTestXray.cc/PixTestXray:L26> PixTestXray ctor(PixSetup &a, string, TGTab *)
[12:25:16.329]     INFO:       reading /home/purduepix/cmspxl/dat/M_TT_922/v4/phCalibrationFitTanH_C0.dat
[12:25:16.329]    ERROR: <ConfigParameters.cc/readGainPedestalParameters:L952> cannot open /home/purduepix/cmspxl/dat/M_TT_922/v4/phCalibrationFitTanH_C0.dat for reading PH calibration constants
[12:29:31.731]     INFO: ######################################################################
[12:29:31.731]     INFO: PixTestPretest::doTest()
[12:29:31.731]     INFO: ######################################################################
[12:29:31.733]     INFO:    ----------------------------------------------------------------------
[12:29:31.733]     INFO:    PixTestPretest::programROC() 
[12:29:31.733]     INFO:    ----------------------------------------------------------------------
[12:29:49.753]     INFO: PixTestPretest::programROC() done: ROCs are all programmable
[12:29:49.753]     INFO: IA differences per ROC:  20.1 20.1 20.1 20.1 20.1 20.1 20.1 20.1 20.1 20.1 20.1 20.1 20.1 20.1 20.1 20.1
[12:29:49.911]     INFO:    ----------------------------------------------------------------------
[12:29:49.911]     INFO:    PixTestPretest::setVana() target Ia = 24 mA/ROC
[12:29:49.911]     INFO:    ----------------------------------------------------------------------
[12:29:50.015]    DEBUG: <PixTestPretest.cc/setVana:L252> offset current from other 15 ROCs is 48.1875 mA
[12:29:50.116]    DEBUG: <PixTestPretest.cc/setVana:L278> ROC 0 iter 0 Vana 119 Ia 24.1125 mA
[12:29:50.218]    DEBUG: <PixTestPretest.cc/setVana:L278> ROC 1 iter 0 Vana 119 Ia 24.1125 mA
[12:29:50.320]    DEBUG: <PixTestPretest.cc/setVana:L278> ROC 2 iter 0 Vana 151 Ia 24.1125 mA
[12:29:50.421]    DEBUG: <PixTestPretest.cc/setVana:L278> ROC 3 iter 0 Vana 119 Ia 24.1125 mA
[12:29:50.523]    DEBUG: <PixTestPretest.cc/setVana:L278> ROC 4 iter 0 Vana 110 Ia 24.1125 mA
[12:29:50.625]    DEBUG: <PixTestPretest.cc/setVana:L278> ROC 5 iter 0 Vana 123 Ia 24.1125 mA
[12:29:50.726]    DEBUG: <PixTestPretest.cc/setVana:L278> ROC 6 iter 0 Vana 114 Ia 24.1125 mA
[12:29:50.828]    DEBUG: <PixTestPretest.cc/setVana:L278> ROC 7 iter 0 Vana 129 Ia 24.1125 mA
[12:29:50.930]    DEBUG: <PixTestPretest.cc/setVana:L278> ROC 8 iter 0 Vana 119 Ia 24.1125 mA
[12:29:51.031]    DEBUG: <PixTestPretest.cc/setVana:L278> ROC 9 iter 0 Vana 129 Ia 24.1125 mA
[12:29:51.132]    DEBUG: <PixTestPretest.cc/setVana:L278> ROC 10 iter 0 Vana 119 Ia 24.1125 mA
[12:29:51.234]    DEBUG: <PixTestPretest.cc/setVana:L278> ROC 11 iter 0 Vana 114 Ia 24.1125 mA
[12:29:51.336]    DEBUG: <PixTestPretest.cc/setVana:L278> ROC 12 iter 0 Vana 110 Ia 24.1125 mA
[12:29:51.437]    DEBUG: <PixTestPretest.cc/setVana:L278> ROC 13 iter 0 Vana 124 Ia 24.1125 mA
[12:29:51.539]    DEBUG: <PixTestPretest.cc/setVana:L278> ROC 14 iter 0 Vana 110 Ia 24.1125 mA
[12:29:51.641]    DEBUG: <PixTestPretest.cc/setVana:L278> ROC 15 iter 0 Vana 133 Ia 24.1125 mA
[12:29:51.675]    DEBUG: <PixTestPretest.cc/setVana:L341> ROC  0 Vana 119
[12:29:51.675]    DEBUG: <PixTestPretest.cc/setVana:L341> ROC  1 Vana 119
[12:29:51.675]    DEBUG: <PixTestPretest.cc/setVana:L341> ROC  2 Vana 151
[12:29:51.675]    DEBUG: <PixTestPretest.cc/setVana:L341> ROC  3 Vana 119
[12:29:51.675]    DEBUG: <PixTestPretest.cc/setVana:L341> ROC  4 Vana 110
[12:29:51.676]    DEBUG: <PixTestPretest.cc/setVana:L341> ROC  5 Vana 123
[12:29:51.676]    DEBUG: <PixTestPretest.cc/setVana:L341> ROC  6 Vana 114
[12:29:51.676]    DEBUG: <PixTestPretest.cc/setVana:L341> ROC  7 Vana 129
[12:29:51.676]    DEBUG: <PixTestPretest.cc/setVana:L341> ROC  8 Vana 119
[12:29:51.676]    DEBUG: <PixTestPretest.cc/setVana:L341> ROC  9 Vana 129
[12:29:51.676]    DEBUG: <PixTestPretest.cc/setVana:L341> ROC 10 Vana 119
[12:29:51.676]    DEBUG: <PixTestPretest.cc/setVana:L341> ROC 11 Vana 114
[12:29:51.677]    DEBUG: <PixTestPretest.cc/setVana:L341> ROC 12 Vana 110
[12:29:51.677]    DEBUG: <PixTestPretest.cc/setVana:L341> ROC 13 Vana 124
[12:29:51.677]    DEBUG: <PixTestPretest.cc/setVana:L341> ROC 14 Vana 110
[12:29:51.677]    DEBUG: <PixTestPretest.cc/setVana:L341> ROC 15 Vana 133
[12:29:51.802]     INFO: PixTestPretest::setVana() done, Module Ia 381.9 mA = 23.8688 mA/ROC
[12:29:51.825]     INFO:    ----------------------------------------------------------------------
[12:29:51.825]     INFO:    PixTestPreTest::setTimings()
[12:29:51.825]     INFO:    ----------------------------------------------------------------------
[12:29:51.825]    DEBUG: <PixTestPretest.cc/setTimings:L385> Testing Timing: Attempt #1
[12:29:52.994]     INFO: Fetched DAQ statistics. Counters are being reset now.
[12:29:52.995]     INFO: Decoding statistics:
[12:29:52.995]     INFO:   General information:
[12:29:52.995]     INFO: 	 16bit words read:         120
[12:29:52.995]     INFO: 	 empty events:             10
[12:29:52.995]     INFO: 	 valid events with pixels: 0
[12:29:52.995]     INFO: 	 valid pixel hits:         0
[12:29:52.995]     INFO:   Event errors: 	           0
[12:29:52.995]     INFO: 	 start marker:             0
[12:29:52.995]     INFO: 	 stop marker:              0
[12:29:52.995]     INFO: 	 overflow:                 0
[12:29:52.995]     INFO: 	 invalid 5bit words:       0
[12:29:52.995]     INFO: 	 invalid XOR eye diagram:  0
[12:29:52.995]     INFO:   TBM errors: 		           0
[12:29:52.995]     INFO: 	 flawed TBM headers:       0
[12:29:52.995]     INFO: 	 flawed TBM trailers:      0
[12:29:52.995]     INFO: 	 event ID mismatches:      0
[12:29:52.995]     INFO:   ROC errors: 		           0
[12:29:52.995]     INFO: 	 missing ROC header(s):    0
[12:29:52.995]     INFO: 	 misplaced readback start: 0
[12:29:52.995]     INFO:   Pixel decoding errors:	   0
[12:29:52.995]     INFO: 	 pixel data incomplete:    0
[12:29:52.995]     INFO: 	 pixel address:            0
[12:29:52.995]     INFO: 	 pulse height fill bit:    0
[12:29:52.995]     INFO: 	 buffer corruption:        0
[12:29:52.995]     INFO:    ----------------------------------------------------------------------
[12:29:52.995]     INFO:    Default timings are good. No timing scan needed.
[12:29:52.995]     INFO:    ----------------------------------------------------------------------
[12:29:52.996]     INFO: Test took 1171 ms.
[12:29:52.996]     INFO: PixTestPretest::setTimings() done.
[12:29:53.023]     INFO:    ----------------------------------------------------------------------
[12:29:53.023]     INFO:    PixTestPretest::findWorkingPixel()
[12:29:53.023]     INFO:    ----------------------------------------------------------------------
[12:30:00.018]     INFO: Test took 6990ms.
[12:30:00.250]    DEBUG: <PixTestPretest.cc/findWorkingPixel:L1028> fwp_c12_r22_C0 OK, with vthrComp = 66 and Delta(CalDel) = 62
[12:30:00.292]    DEBUG: <PixTestPretest.cc/findWorkingPixel:L1028> fwp_c12_r22_C1 OK, with vthrComp = 44 and Delta(CalDel) = 60
[12:30:00.325]    DEBUG: <PixTestPretest.cc/findWorkingPixel:L1028> fwp_c12_r22_C2 OK, with vthrComp = 34 and Delta(CalDel) = 61
[12:30:00.369]    DEBUG: <PixTestPretest.cc/findWorkingPixel:L1028> fwp_c12_r22_C3 OK, with vthrComp = 43 and Delta(CalDel) = 62
[12:30:00.410]    DEBUG: <PixTestPretest.cc/findWorkingPixel:L1028> fwp_c12_r22_C4 OK, with vthrComp = 30 and Delta(CalDel) = 61
[12:30:00.451]    DEBUG: <PixTestPretest.cc/findWorkingPixel:L1028> fwp_c12_r22_C5 OK, with vthrComp = 88 and Delta(CalDel) = 58
[12:30:00.494]    DEBUG: <PixTestPretest.cc/findWorkingPixel:L1028> fwp_c12_r22_C6 OK, with vthrComp = 64 and Delta(CalDel) = 61
[12:30:00.539]    DEBUG: <PixTestPretest.cc/findWorkingPixel:L1028> fwp_c12_r22_C7 OK, with vthrComp = 60 and Delta(CalDel) = 59
[12:30:00.573]    DEBUG: <PixTestPretest.cc/findWorkingPixel:L1028> fwp_c12_r22_C8 OK, with vthrComp = 69 and Delta(CalDel) = 60
[12:30:00.607]    DEBUG: <PixTestPretest.cc/findWorkingPixel:L1028> fwp_c12_r22_C9 OK, with vthrComp = 53 and Delta(CalDel) = 61
[12:30:00.645]    DEBUG: <PixTestPretest.cc/findWorkingPixel:L1028> fwp_c12_r22_C10 OK, with vthrComp = 61 and Delta(CalDel) = 57
[12:30:00.684]    DEBUG: <PixTestPretest.cc/findWorkingPixel:L1028> fwp_c12_r22_C11 OK, with vthrComp = 46 and Delta(CalDel) = 61
[12:30:00.722]    DEBUG: <PixTestPretest.cc/findWorkingPixel:L1028> fwp_c12_r22_C12 OK, with vthrComp = 61 and Delta(CalDel) = 57
[12:30:00.762]    DEBUG: <PixTestPretest.cc/findWorkingPixel:L1028> fwp_c12_r22_C13 OK, with vthrComp = 68 and Delta(CalDel) = 59
[12:30:00.800]    DEBUG: <PixTestPretest.cc/findWorkingPixel:L1028> fwp_c12_r22_C14 OK, with vthrComp = 60 and Delta(CalDel) = 58
[12:30:00.837]    DEBUG: <PixTestPretest.cc/findWorkingPixel:L1028> fwp_c12_r22_C15 OK, with vthrComp = 61 and Delta(CalDel) = 60
[12:30:01.433]     INFO: Found working pixel in all ROCs: col/row = 12/22
[12:30:01.539]     INFO:    ----------------------------------------------------------------------
[12:30:01.539]     INFO:    PixTestPretest::setVthrCompCalDel()
[12:30:01.539]     INFO:    ----------------------------------------------------------------------
[12:30:08.516]     INFO: Test took 6972ms.
[12:30:08.576]    DEBUG: <PixTestPretest.cc/setVthrCompCalDel:L566> CalDel: 118 +/- 29.5
[12:30:09.247]    DEBUG: <PixTestPretest.cc/setVthrCompCalDel:L566> CalDel: 131 +/- 29.5
[12:30:09.799]    DEBUG: <PixTestPretest.cc/setVthrCompCalDel:L566> CalDel: 130 +/- 31.5
[12:30:10.349]    DEBUG: <PixTestPretest.cc/setVthrCompCalDel:L566> CalDel: 139 +/- 31
[12:30:10.904]    DEBUG: <PixTestPretest.cc/setVthrCompCalDel:L566> CalDel: 142 +/- 30.5
[12:30:11.454]    DEBUG: <PixTestPretest.cc/setVthrCompCalDel:L566> CalDel: 109 +/- 29
[12:30:12.009]    DEBUG: <PixTestPretest.cc/setVthrCompCalDel:L566> CalDel: 122 +/- 30.5
[12:30:12.554]    DEBUG: <PixTestPretest.cc/setVthrCompCalDel:L566> CalDel: 118 +/- 29
[12:30:13.107]    DEBUG: <PixTestPretest.cc/setVthrCompCalDel:L566> CalDel: 115 +/- 30
[12:30:13.662]    DEBUG: <PixTestPretest.cc/setVthrCompCalDel:L566> CalDel: 112 +/- 30
[12:30:14.215]    DEBUG: <PixTestPretest.cc/setVthrCompCalDel:L566> CalDel: 114 +/- 29
[12:30:14.768]    DEBUG: <PixTestPretest.cc/setVthrCompCalDel:L566> CalDel: 139 +/- 30.5
[12:30:15.317]    DEBUG: <PixTestPretest.cc/setVthrCompCalDel:L566> CalDel: 122 +/- 28.5
[12:30:15.869]    DEBUG: <PixTestPretest.cc/setVthrCompCalDel:L566> CalDel: 120 +/- 28.5
[12:30:16.422]    DEBUG: <PixTestPretest.cc/setVthrCompCalDel:L566> CalDel: 114 +/- 30.5
[12:30:16.975]    DEBUG: <PixTestPretest.cc/setVthrCompCalDel:L566> CalDel: 130 +/- 30.5
[12:30:17.608]     INFO: PixTestPretest::setVthrCompCalDel() done
[12:30:17.608]     INFO: CalDel:      118   131   130   139   142   109   122   118   115   112   114   139   122   120   114   130
[12:30:17.608]     INFO: VthrComp:     51    51    51    51    51    51    51    51    51    51    51    51    51    51    51    51
[12:30:17.651]    DEBUG: <ConfigParameters.cc/writeDacParameterFile:L844> write dac parameters into /home/purduepix/cmspxl/dat/M_TT_922/v4/dacParameters_C0.dat
[12:30:17.651]    DEBUG: <ConfigParameters.cc/writeDacParameterFile:L844> write dac parameters into /home/purduepix/cmspxl/dat/M_TT_922/v4/dacParameters_C1.dat
[12:30:17.651]    DEBUG: <ConfigParameters.cc/writeDacParameterFile:L844> write dac parameters into /home/purduepix/cmspxl/dat/M_TT_922/v4/dacParameters_C2.dat
[12:30:17.651]    DEBUG: <ConfigParameters.cc/writeDacParameterFile:L844> write dac parameters into /home/purduepix/cmspxl/dat/M_TT_922/v4/dacParameters_C3.dat
[12:30:17.651]    DEBUG: <ConfigParameters.cc/writeDacParameterFile:L844> write dac parameters into /home/purduepix/cmspxl/dat/M_TT_922/v4/dacParameters_C4.dat
[12:30:17.652]    DEBUG: <ConfigParameters.cc/writeDacParameterFile:L844> write dac parameters into /home/purduepix/cmspxl/dat/M_TT_922/v4/dacParameters_C5.dat
[12:30:17.652]    DEBUG: <ConfigParameters.cc/writeDacParameterFile:L844> write dac parameters into /home/purduepix/cmspxl/dat/M_TT_922/v4/dacParameters_C6.dat
[12:30:17.652]    DEBUG: <ConfigParameters.cc/writeDacParameterFile:L844> write dac parameters into /home/purduepix/cmspxl/dat/M_TT_922/v4/dacParameters_C7.dat
[12:30:17.652]    DEBUG: <ConfigParameters.cc/writeDacParameterFile:L844> write dac parameters into /home/purduepix/cmspxl/dat/M_TT_922/v4/dacParameters_C8.dat
[12:30:17.652]    DEBUG: <ConfigParameters.cc/writeDacParameterFile:L844> write dac parameters into /home/purduepix/cmspxl/dat/M_TT_922/v4/dacParameters_C9.dat
[12:30:17.653]    DEBUG: <ConfigParameters.cc/writeDacParameterFile:L844> write dac parameters into /home/purduepix/cmspxl/dat/M_TT_922/v4/dacParameters_C10.dat
[12:30:17.653]    DEBUG: <ConfigParameters.cc/writeDacParameterFile:L844> write dac parameters into /home/purduepix/cmspxl/dat/M_TT_922/v4/dacParameters_C11.dat
[12:30:17.653]    DEBUG: <ConfigParameters.cc/writeDacParameterFile:L844> write dac parameters into /home/purduepix/cmspxl/dat/M_TT_922/v4/dacParameters_C12.dat
[12:30:17.653]    DEBUG: <ConfigParameters.cc/writeDacParameterFile:L844> write dac parameters into /home/purduepix/cmspxl/dat/M_TT_922/v4/dacParameters_C13.dat
[12:30:17.653]    DEBUG: <ConfigParameters.cc/writeDacParameterFile:L844> write dac parameters into /home/purduepix/cmspxl/dat/M_TT_922/v4/dacParameters_C14.dat
[12:30:17.654]    DEBUG: <ConfigParameters.cc/writeDacParameterFile:L844> write dac parameters into /home/purduepix/cmspxl/dat/M_TT_922/v4/dacParameters_C15.dat
[12:30:17.654]     INFO: PixTestPretest::doTest() done, duration: 45 seconds
[12:31:12.243]     INFO: ######################################################################
[12:31:12.243]     INFO: PixTestAlive::doTest()
[12:31:12.243]     INFO: ######################################################################
[12:31:12.245]     INFO:    ----------------------------------------------------------------------
[12:31:12.245]     INFO:    PixTestAlive::aliveTest() ntrig = 10, vcal = 200 (ctrlreg = 0 0 0 0 0 0 0 0 0 0 0 0 0 0 0 0)
[12:31:12.245]     INFO:    ----------------------------------------------------------------------
[12:31:12.247]    DEBUG: <PixTest.cc/efficiencyMaps:L360>       attempt #0
[12:31:15.527]     INFO: Test took 3280ms.
[12:31:15.557]     INFO: Fetched DAQ statistics. Counters are being reset now.
[12:31:15.557]    DEBUG: <PixTest.cc/efficiencyMaps:L371>  eff result size = 66557
[12:31:15.557]    DEBUG: <PixTest.cc/efficiencyMaps:L379> Create hist PixelAlive_C0
[12:31:15.557]    DEBUG: <PixTest.cc/efficiencyMaps:L379> Create hist PixelAlive_C1
[12:31:15.557]    DEBUG: <PixTest.cc/efficiencyMaps:L379> Create hist PixelAlive_C2
[12:31:15.557]    DEBUG: <PixTest.cc/efficiencyMaps:L379> Create hist PixelAlive_C3
[12:31:15.557]    DEBUG: <PixTest.cc/efficiencyMaps:L379> Create hist PixelAlive_C4
[12:31:15.557]    DEBUG: <PixTest.cc/efficiencyMaps:L379> Create hist PixelAlive_C5
[12:31:15.557]    DEBUG: <PixTest.cc/efficiencyMaps:L379> Create hist PixelAlive_C6
[12:31:15.557]    DEBUG: <PixTest.cc/efficiencyMaps:L379> Create hist PixelAlive_C7
[12:31:15.557]    DEBUG: <PixTest.cc/efficiencyMaps:L379> Create hist PixelAlive_C8
[12:31:15.557]    DEBUG: <PixTest.cc/efficiencyMaps:L379> Create hist PixelAlive_C9
[12:31:15.557]    DEBUG: <PixTest.cc/efficiencyMaps:L379> Create hist PixelAlive_C10
[12:31:15.557]    DEBUG: <PixTest.cc/efficiencyMaps:L379> Create hist PixelAlive_C11
[12:31:15.557]    DEBUG: <PixTest.cc/efficiencyMaps:L379> Create hist PixelAlive_C12
[12:31:15.557]    DEBUG: <PixTest.cc/efficiencyMaps:L379> Create hist PixelAlive_C13
[12:31:15.557]    DEBUG: <PixTest.cc/efficiencyMaps:L379> Create hist PixelAlive_C14
[12:31:15.557]    DEBUG: <PixTest.cc/efficiencyMaps:L379> Create hist PixelAlive_C15
[12:31:15.811]     INFO: PixTestAlive::aliveTest() done
[12:31:15.811]     INFO: number of dead pixels (per ROC):     0    0    0    0    0    0    0    0    0    0    1    0    2    0    0    0
[12:31:15.811]    DEBUG: <PixTestAlive.cc/aliveTest:L195> number of red-efficiency pixels:     0    0    0    1    9    0    0    0    0    0    1    0    2    0    0    0
[12:31:15.876]     INFO:    ----------------------------------------------------------------------
[12:31:15.876]     INFO:    PixTestAlive::maskTest() ntrig = 10, vcal = 200 (ctrlreg = 0 0 0 0 0 0 0 0 0 0 0 0 0 0 0 0)
[12:31:15.876]     INFO:    ----------------------------------------------------------------------
[12:31:15.878]    DEBUG: <PixTest.cc/efficiencyMaps:L360>       attempt #0
[12:31:18.463]     INFO: Test took 2585ms.
[12:31:18.466]     INFO: Fetched DAQ statistics. Counters are being reset now.
[12:31:18.466]    DEBUG: <PixTest.cc/efficiencyMaps:L371>  eff result size = 0
[12:31:18.466]    DEBUG: <PixTest.cc/efficiencyMaps:L379> Create hist MaskTest_C0
[12:31:18.466]    DEBUG: <PixTest.cc/efficiencyMaps:L379> Create hist MaskTest_C1
[12:31:18.466]    DEBUG: <PixTest.cc/efficiencyMaps:L379> Create hist MaskTest_C2
[12:31:18.466]    DEBUG: <PixTest.cc/efficiencyMaps:L379> Create hist MaskTest_C3
[12:31:18.466]    DEBUG: <PixTest.cc/efficiencyMaps:L379> Create hist MaskTest_C4
[12:31:18.466]    DEBUG: <PixTest.cc/efficiencyMaps:L379> Create hist MaskTest_C5
[12:31:18.466]    DEBUG: <PixTest.cc/efficiencyMaps:L379> Create hist MaskTest_C6
[12:31:18.466]    DEBUG: <PixTest.cc/efficiencyMaps:L379> Create hist MaskTest_C7
[12:31:18.466]    DEBUG: <PixTest.cc/efficiencyMaps:L379> Create hist MaskTest_C8
[12:31:18.466]    DEBUG: <PixTest.cc/efficiencyMaps:L379> Create hist MaskTest_C9
[12:31:18.466]    DEBUG: <PixTest.cc/efficiencyMaps:L379> Create hist MaskTest_C10
[12:31:18.466]    DEBUG: <PixTest.cc/efficiencyMaps:L379> Create hist MaskTest_C11
[12:31:18.466]    DEBUG: <PixTest.cc/efficiencyMaps:L379> Create hist MaskTest_C12
[12:31:18.466]    DEBUG: <PixTest.cc/efficiencyMaps:L379> Create hist MaskTest_C13
[12:31:18.467]    DEBUG: <PixTest.cc/efficiencyMaps:L379> Create hist MaskTest_C14
[12:31:18.467]    DEBUG: <PixTest.cc/efficiencyMaps:L379> Create hist MaskTest_C15
[12:31:18.718]     INFO: PixTestAlive::maskTest() done
[12:31:18.718]     INFO: number of mask-defect pixels (per ROC):     0    0    0    0    0    0    0    0    0    0    0    0    0    0    0    0
[12:31:18.785]     INFO:    ----------------------------------------------------------------------
[12:31:18.785]     INFO:    PixTestAlive::addressDecodingTest() ntrig = 10, vcal = 200 (ctrlreg = 0 0 0 0 0 0 0 0 0 0 0 0 0 0 0 0)
[12:31:18.785]     INFO:    ----------------------------------------------------------------------
[12:31:18.786]    DEBUG: <PixTest.cc/efficiencyMaps:L360>       attempt #0
[12:31:22.060]     INFO: Test took 3274ms.
[12:31:22.088]     INFO: Fetched DAQ statistics. Counters are being reset now.
[12:31:22.088]    DEBUG: <PixTest.cc/efficiencyMaps:L371>  eff result size = 66557
[12:31:22.088]    DEBUG: <PixTest.cc/efficiencyMaps:L379> Create hist AddressDecodingTest_C0
[12:31:22.088]    DEBUG: <PixTest.cc/efficiencyMaps:L379> Create hist AddressDecodingTest_C1
[12:31:22.088]    DEBUG: <PixTest.cc/efficiencyMaps:L379> Create hist AddressDecodingTest_C2
[12:31:22.088]    DEBUG: <PixTest.cc/efficiencyMaps:L379> Create hist AddressDecodingTest_C3
[12:31:22.088]    DEBUG: <PixTest.cc/efficiencyMaps:L379> Create hist AddressDecodingTest_C4
[12:31:22.088]    DEBUG: <PixTest.cc/efficiencyMaps:L379> Create hist AddressDecodingTest_C5
[12:31:22.088]    DEBUG: <PixTest.cc/efficiencyMaps:L379> Create hist AddressDecodingTest_C6
[12:31:22.088]    DEBUG: <PixTest.cc/efficiencyMaps:L379> Create hist AddressDecodingTest_C7
[12:31:22.088]    DEBUG: <PixTest.cc/efficiencyMaps:L379> Create hist AddressDecodingTest_C8
[12:31:22.088]    DEBUG: <PixTest.cc/efficiencyMaps:L379> Create hist AddressDecodingTest_C9
[12:31:22.088]    DEBUG: <PixTest.cc/efficiencyMaps:L379> Create hist AddressDecodingTest_C10
[12:31:22.088]    DEBUG: <PixTest.cc/efficiencyMaps:L379> Create hist AddressDecodingTest_C11
[12:31:22.088]    DEBUG: <PixTest.cc/efficiencyMaps:L379> Create hist AddressDecodingTest_C12
[12:31:22.088]    DEBUG: <PixTest.cc/efficiencyMaps:L379> Create hist AddressDecodingTest_C13
[12:31:22.088]    DEBUG: <PixTest.cc/efficiencyMaps:L379> Create hist AddressDecodingTest_C14
[12:31:22.088]    DEBUG: <PixTest.cc/efficiencyMaps:L379> Create hist AddressDecodingTest_C15
[12:31:22.345]     INFO: PixTestAlive::addressDecodingTest() done
[12:31:22.345]     INFO: number of address-decoding pixels (per ROC):     0    0    0    0    0    0    0    0    0    0    0    0    0    0    0    0
[12:31:22.372]     INFO: PixTestAlive::doTest() done, duration: 10 seconds
[12:32:42.610]     INFO: ######################################################################
[12:32:42.611]     INFO: PixTestBBMap::doTest() Ntrig = 5, VcalS = 250 (high range)
[12:32:42.611]     INFO: ######################################################################
[12:32:42.614]     INFO: ---> dac: VthrComp name: calSMap ntrig: 5 dacrange: 0 .. 149 hits flags = 2 (plus default)
[12:32:42.645]     INFO:   dacScan step  from 0 .. 49
[12:32:42.646]    DEBUG: <PixTest.cc/dacScan:L1486>       attempt #0
[12:33:14.072]     INFO: Test took 31427ms.
[12:33:14.237]     INFO: Fetched DAQ statistics. Counters are being reset now.
[12:33:14.262]     INFO:   dacScan step  from 50 .. 99
[12:33:14.262]    DEBUG: <PixTest.cc/dacScan:L1486>       attempt #0
[12:33:54.578]     INFO: Test took 40316ms.
[12:33:55.055]     INFO: Fetched DAQ statistics. Counters are being reset now.
[12:33:55.182]     INFO:   dacScan step  from 100 .. 149
[12:33:55.182]    DEBUG: <PixTest.cc/dacScan:L1486>       attempt #0
[12:34:27.021]     INFO: Test took 31839ms.
[12:34:27.154]     INFO: Fetched DAQ statistics. Counters are being reset now.
[12:34:27.168]    DEBUG: <PixTest.cc/scurveAna:L1583> analyzing ROC 0
[12:34:28.685]    DEBUG: <PixTest.cc/scurveAna:L1583> analyzing ROC 1
[12:34:30.095]    DEBUG: <PixTest.cc/scurveAna:L1583> analyzing ROC 2
[12:34:31.491]    DEBUG: <PixTest.cc/scurveAna:L1583> analyzing ROC 3
[12:34:32.848]    DEBUG: <PixTest.cc/scurveAna:L1583> analyzing ROC 4
[12:34:34.184]    DEBUG: <PixTest.cc/scurveAna:L1583> analyzing ROC 5
[12:34:35.680]    DEBUG: <PixTest.cc/scurveAna:L1583> analyzing ROC 6
[12:34:37.168]    DEBUG: <PixTest.cc/scurveAna:L1583> analyzing ROC 7
[12:34:38.575]    DEBUG: <PixTest.cc/scurveAna:L1583> analyzing ROC 8
[12:34:40.014]    DEBUG: <PixTest.cc/scurveAna:L1583> analyzing ROC 9
[12:34:41.470]    DEBUG: <PixTest.cc/scurveAna:L1583> analyzing ROC 10
[12:34:42.919]    DEBUG: <PixTest.cc/scurveAna:L1583> analyzing ROC 11
[12:34:44.374]    DEBUG: <PixTest.cc/scurveAna:L1583> analyzing ROC 12
[12:34:45.760]    DEBUG: <PixTest.cc/scurveAna:L1583> analyzing ROC 13
[12:34:47.167]    DEBUG: <PixTest.cc/scurveAna:L1583> analyzing ROC 14
[12:34:48.712]    DEBUG: <PixTest.cc/scurveAna:L1583> analyzing ROC 15
[12:34:50.127]    DEBUG: <PixTest.cc/scurveMaps:L231> PixTest::scurveMaps end: getCurrentRSS() = 331702272
[12:34:50.164]    DEBUG: <PixTestBBMap.cc/doTest:L149> found 1 peaks in dist_thr_calSMap_VthrComp_C0_V0
[12:34:50.166]    DEBUG: <PixTestBBMap.cc/fitPeaks:L250> cut for dead bump bonds: 83 (obtained for minval = 0) start: 76 .. 91 last peak: 49.0686 last sigma: 4.25444 lcuts[0] = 61.8319 lcuts[1] = 91.613
[12:34:50.166]    DEBUG: <PixTestBBMap.cc/doTest:L149> found 1 peaks in dist_thr_calSMap_VthrComp_C1_V0
[12:34:50.167]    DEBUG: <PixTestBBMap.cc/fitPeaks:L250> cut for dead bump bonds: 75 (obtained for minval = 0) start: 70 .. 83 last peak: 45.7431 last sigma: 3.75259 lcuts[0] = 57.0009 lcuts[1] = 83.2691
[12:34:50.168]    DEBUG: <PixTestBBMap.cc/doTest:L149> found 1 peaks in dist_thr_calSMap_VthrComp_C2_V0
[12:34:50.168]    DEBUG: <PixTestBBMap.cc/fitPeaks:L250> cut for dead bump bonds: 69 (obtained for minval = 0) start: 69 .. 85 last peak: 40.1107 last sigma: 4.56081 lcuts[0] = 53.7932 lcuts[1] = 85.7188
[12:34:50.169]    DEBUG: <PixTestBBMap.cc/doTest:L149> found 1 peaks in dist_thr_calSMap_VthrComp_C3_V0
[12:34:50.170]    DEBUG: <PixTestBBMap.cc/fitPeaks:L250> cut for dead bump bonds: 67 (obtained for minval = 0) start: 61 .. 76 last peak: 34.5196 last sigma: 4.16245 lcuts[0] = 47.0069 lcuts[1] = 76.1441
[12:34:50.171]    DEBUG: <PixTestBBMap.cc/doTest:L149> found 1 peaks in dist_thr_calSMap_VthrComp_C4_V0
[12:34:50.171]    DEBUG: <PixTestBBMap.cc/fitPeaks:L250> cut for dead bump bonds: 75 (obtained for minval = 0) start: 67 .. 84 last peak: 36.9595 last sigma: 4.72101 lcuts[0] = 51.1225 lcuts[1] = 84.1696
[12:34:50.172]    DEBUG: <PixTestBBMap.cc/doTest:L149> found 1 peaks in dist_thr_calSMap_VthrComp_C5_V0
[12:34:50.173]    DEBUG: <PixTestBBMap.cc/fitPeaks:L250> cut for dead bump bonds: 102 (obtained for minval = 0) start: 90 .. 110 last peak: 55.0039 last sigma: 5.52662 lcuts[0] = 71.5838 lcuts[1] = 110.27
[12:34:50.174]    DEBUG: <PixTestBBMap.cc/doTest:L149> found 1 peaks in dist_thr_calSMap_VthrComp_C6_V0
[12:34:50.175]    DEBUG: <PixTestBBMap.cc/fitPeaks:L250> cut for dead bump bonds: 94 (obtained for minval = 0) start: 80 .. 97 last peak: 49.7955 last sigma: 4.74632 lcuts[0] = 64.0344 lcuts[1] = 97.2586
[12:34:50.175]    DEBUG: <PixTestBBMap.cc/doTest:L149> found 1 peaks in dist_thr_calSMap_VthrComp_C7_V0
[12:34:50.176]    DEBUG: <PixTestBBMap.cc/fitPeaks:L250> cut for dead bump bonds: 80 (obtained for minval = 0) start: 69 .. 82 last peak: 44.1084 last sigma: 3.84586 lcuts[0] = 55.6459 lcuts[1] = 82.567
[12:34:50.176]    DEBUG: <PixTestBBMap.cc/doTest:L149> found 1 peaks in dist_thr_calSMap_VthrComp_C8_V0
[12:34:50.177]    DEBUG: <PixTestBBMap.cc/fitPeaks:L250> cut for dead bump bonds: 80 (obtained for minval = 0) start: 73 .. 86 last peak: 47.8261 last sigma: 3.89024 lcuts[0] = 59.4968 lcuts[1] = 86.7285
[12:34:50.177]    DEBUG: <PixTestBBMap.cc/doTest:L149> found 1 peaks in dist_thr_calSMap_VthrComp_C9_V0
[12:34:50.177]    DEBUG: <PixTestBBMap.cc/fitPeaks:L250> cut for dead bump bonds: 71 (obtained for minval = 0) start: 69 .. 83 last peak: 43.2283 last sigma: 4.01801 lcuts[0] = 55.2823 lcuts[1] = 83.4084
[12:34:50.178]    DEBUG: <PixTestBBMap.cc/doTest:L149> found 1 peaks in dist_thr_calSMap_VthrComp_C10_V0
[12:34:50.178]    DEBUG: <PixTestBBMap.cc/fitPeaks:L250> cut for dead bump bonds: 66 (obtained for minval = 999) start: 62 .. 66 last peak: 46.6177 last sigma: 3.89075 lcuts[0] = 58.29 lcuts[1] = 66.0715
[12:34:50.178]    DEBUG: <PixTestBBMap.cc/doTest:L149> found 1 peaks in dist_thr_calSMap_VthrComp_C11_V0
[12:34:50.179]    DEBUG: <PixTestBBMap.cc/fitPeaks:L250> cut for dead bump bonds: 81 (obtained for minval = 999) start: 69 .. 81 last peak: 45.5813 last sigma: 3.61091 lcuts[0] = 56.414 lcuts[1] = 81.6904
[12:34:50.179]    DEBUG: <PixTestBBMap.cc/doTest:L149> found 1 peaks in dist_thr_calSMap_VthrComp_C12_V0
[12:34:50.180]    DEBUG: <PixTestBBMap.cc/fitPeaks:L250> cut for dead bump bonds: 81 (obtained for minval = 999) start: 68 .. 81 last peak: 44.6811 last sigma: 3.71687 lcuts[0] = 55.8317 lcuts[1] = 81.8498
[12:34:50.180]    DEBUG: <PixTestBBMap.cc/doTest:L149> found 1 peaks in dist_thr_calSMap_VthrComp_C13_V0
[12:34:50.180]    DEBUG: <PixTestBBMap.cc/fitPeaks:L250> cut for dead bump bonds: 83 (obtained for minval = 0) start: 69 .. 83 last peak: 45.4387 last sigma: 3.76335 lcuts[0] = 56.7287 lcuts[1] = 83.0722
[12:34:50.181]    DEBUG: <PixTestBBMap.cc/doTest:L149> found 1 peaks in dist_thr_calSMap_VthrComp_C14_V0
[12:34:50.181]    DEBUG: <PixTestBBMap.cc/fitPeaks:L250> cut for dead bump bonds: 73 (obtained for minval = 0) start: 71 .. 84 last peak: 46.2808 last sigma: 3.8113 lcuts[0] = 57.7147 lcuts[1] = 84.3938
[12:34:50.181]    DEBUG: <PixTestBBMap.cc/doTest:L149> found 1 peaks in dist_thr_calSMap_VthrComp_C15_V0
[12:34:50.182]    DEBUG: <PixTestBBMap.cc/fitPeaks:L250> cut for dead bump bonds: 74 (obtained for minval = 0) start: 69 .. 84 last peak: 41.9639 last sigma: 4.28527 lcuts[0] = 54.8197 lcuts[1] = 84.8166
[12:34:50.203]     INFO: PixTestBBMap::doTest() done, duration: 127 seconds
[12:34:50.203]     INFO: number of dead bumps (per ROC):     3    1    0    3    0    0    0    0    0    3  194    6    0    0    6    2
[12:34:50.203]     INFO: separation cut       (per ROC):    84   76   70   68   76  103   95   81   81   72   67   82   82   84   74   75
[13:04:30.012]     INFO: ######################################################################
[13:04:30.012]     INFO: PixTestScurves::doTest() ntrig = 50
[13:04:30.012]     INFO: ######################################################################
[13:04:30.013]     INFO: adjusting VCAL to have VthrComp average threshold at default VthrComp
[13:04:30.018]    DEBUG: <PixTest.cc/efficiencyMaps:L360>       attempt #0
[13:04:32.755]     INFO: Test took 2737ms.
[13:04:32.774]     INFO: Fetched DAQ statistics. Counters are being reset now.
[13:04:32.775]    DEBUG: <PixTest.cc/efficiencyMaps:L371>  eff result size = 66557
[13:04:32.775]    DEBUG: <PixTest.cc/efficiencyMaps:L379> Create hist deadPixels_C0
[13:04:32.775]    DEBUG: <PixTest.cc/efficiencyMaps:L379> Create hist deadPixels_C1
[13:04:32.775]    DEBUG: <PixTest.cc/efficiencyMaps:L379> Create hist deadPixels_C2
[13:04:32.775]    DEBUG: <PixTest.cc/efficiencyMaps:L379> Create hist deadPixels_C3
[13:04:32.775]    DEBUG: <PixTest.cc/efficiencyMaps:L379> Create hist deadPixels_C4
[13:04:32.775]    DEBUG: <PixTest.cc/efficiencyMaps:L379> Create hist deadPixels_C5
[13:04:32.775]    DEBUG: <PixTest.cc/efficiencyMaps:L379> Create hist deadPixels_C6
[13:04:32.775]    DEBUG: <PixTest.cc/efficiencyMaps:L379> Create hist deadPixels_C7
[13:04:32.775]    DEBUG: <PixTest.cc/efficiencyMaps:L379> Create hist deadPixels_C8
[13:04:32.775]    DEBUG: <PixTest.cc/efficiencyMaps:L379> Create hist deadPixels_C9
[13:04:32.775]    DEBUG: <PixTest.cc/efficiencyMaps:L379> Create hist deadPixels_C10
[13:04:32.775]    DEBUG: <PixTest.cc/efficiencyMaps:L379> Create hist deadPixels_C11
[13:04:32.775]    DEBUG: <PixTest.cc/efficiencyMaps:L379> Create hist deadPixels_C12
[13:04:32.775]    DEBUG: <PixTest.cc/efficiencyMaps:L379> Create hist deadPixels_C13
[13:04:32.775]    DEBUG: <PixTest.cc/efficiencyMaps:L379> Create hist deadPixels_C14
[13:04:32.775]    DEBUG: <PixTest.cc/efficiencyMaps:L379> Create hist deadPixels_C15
[13:04:32.779]    DEBUG: <PixTest.cc/deadPixels:L1785> ROC  4 col/row = 49/11 with eff 1/5;  blacklisting
[13:04:32.779]    DEBUG: <PixTest.cc/deadPixels:L1785> ROC  4 col/row = 47/70 with eff 4/5;  blacklisting
[13:04:32.780]    DEBUG: <PixTest.cc/deadPixels:L1785> ROC 10 col/row = 0/76 with eff 0/5;  blacklisting
[13:04:32.780]    DEBUG: <PixTest.cc/deadPixels:L1785> ROC 12 col/row = 36/46 with eff 0/5;  blacklisting
[13:04:32.780]    DEBUG: <PixTest.cc/deadPixels:L1785> ROC 12 col/row = 37/46 with eff 0/5;  blacklisting
[13:04:42.748]     INFO: Test took 9959ms.
[13:04:42.003]    DEBUG: <PixTestScurves.cc/adjustVcal:L396> ROC 0 vthrcomp = 51 -> vcal = 47
[13:04:43.057]    DEBUG: <PixTestScurves.cc/adjustVcal:L396> ROC 1 vthrcomp = 51 -> vcal = 38
[13:04:43.111]    DEBUG: <PixTestScurves.cc/adjustVcal:L396> ROC 2 vthrcomp = 51 -> vcal = 34
[13:04:43.156]    DEBUG: <PixTestScurves.cc/adjustVcal:L396> ROC 3 vthrcomp = 51 -> vcal = 23
[13:04:43.202]    DEBUG: <PixTestScurves.cc/adjustVcal:L396> ROC 4 vthrcomp = 51 -> vcal = 22
[13:04:43.252]    DEBUG: <PixTestScurves.cc/adjustVcal:L396> ROC 5 vthrcomp = 51 -> vcal = 46
[13:04:43.301]    DEBUG: <PixTestScurves.cc/adjustVcal:L396> ROC 6 vthrcomp = 51 -> vcal = 45
[13:04:43.347]    DEBUG: <PixTestScurves.cc/adjustVcal:L396> ROC 7 vthrcomp = 51 -> vcal = 35
[13:04:43.393]    DEBUG: <PixTestScurves.cc/adjustVcal:L396> ROC 8 vthrcomp = 51 -> vcal = 44
[13:04:43.437]    DEBUG: <PixTestScurves.cc/adjustVcal:L396> ROC 9 vthrcomp = 51 -> vcal = 42
[13:04:43.492]    DEBUG: <PixTestScurves.cc/adjustVcal:L396> ROC 10 vthrcomp = 51 -> vcal = 42
[13:04:43.540]    DEBUG: <PixTestScurves.cc/adjustVcal:L396> ROC 11 vthrcomp = 51 -> vcal = 44
[13:04:43.587]    DEBUG: <PixTestScurves.cc/adjustVcal:L396> ROC 12 vthrcomp = 51 -> vcal = 36
[13:04:43.635]    DEBUG: <PixTestScurves.cc/adjustVcal:L396> ROC 13 vthrcomp = 51 -> vcal = 35
[13:04:43.681]    DEBUG: <PixTestScurves.cc/adjustVcal:L396> ROC 14 vthrcomp = 51 -> vcal = 34
[13:04:43.731]    DEBUG: <PixTestScurves.cc/adjustVcal:L396> ROC 15 vthrcomp = 51 -> vcal = 42
[13:04:43.736]     INFO: ---> dac: VthrComp name: scurveVthrComp ntrig: 50 dacrange: 0 .. 200 hits flags = 16 (plus default)
[13:04:43.750]     INFO:   dacScan step  from 0 .. 9
[13:04:43.751]    DEBUG: <PixTest.cc/dacScan:L1486>       attempt #0
[13:05:19.444]     INFO: Test took 35693ms.
[13:05:19.525]     INFO: Fetched DAQ statistics. Counters are being reset now.
[13:05:19.525]     INFO:   dacScan step  from 10 .. 19
[13:05:19.525]    DEBUG: <PixTest.cc/dacScan:L1486>       attempt #0
[13:05:55.205]     INFO: Test took 35680ms.
[13:05:55.283]     INFO: Fetched DAQ statistics. Counters are being reset now.
[13:05:55.283]     INFO:   dacScan step  from 20 .. 29
[13:05:55.283]    DEBUG: <PixTest.cc/dacScan:L1486>       attempt #0
[13:06:31.100]     INFO: Test took 35817ms.
[13:06:31.184]     INFO: Fetched DAQ statistics. Counters are being reset now.
[13:06:31.184]     INFO:   dacScan step  from 30 .. 39
[13:06:31.184]    DEBUG: <PixTest.cc/dacScan:L1486>       attempt #0
[13:07:07.167]     INFO: Test took 35982ms.
[13:07:07.261]     INFO: Fetched DAQ statistics. Counters are being reset now.
[13:07:07.262]     INFO:   dacScan step  from 40 .. 49
[13:07:07.262]    DEBUG: <PixTest.cc/dacScan:L1486>       attempt #0
[13:07:46.667]     INFO: Test took 39405ms.
[13:07:46.917]     INFO: Fetched DAQ statistics. Counters are being reset now.
[13:07:46.927]     INFO:   dacScan step  from 50 .. 59
[13:07:46.927]    DEBUG: <PixTest.cc/dacScan:L1486>       attempt #0
[13:08:38.353]     INFO: Test took 51426ms.
[13:08:38.918]     INFO: Fetched DAQ statistics. Counters are being reset now.
[13:08:38.946]     INFO:   dacScan step  from 60 .. 69
[13:08:38.946]    DEBUG: <PixTest.cc/dacScan:L1486>       attempt #0
[13:09:37.083]     INFO: Test took 58137ms.
[13:09:37.774]     INFO: Fetched DAQ statistics. Counters are being reset now.
[13:09:37.809]     INFO:   dacScan step  from 70 .. 79
[13:09:37.809]    DEBUG: <PixTest.cc/dacScan:L1486>       attempt #0
[13:10:36.276]     INFO: Test took 58467ms.
[13:10:36.969]     INFO: Fetched DAQ statistics. Counters are being reset now.
[13:10:36.002]     INFO:   dacScan step  from 80 .. 89
[13:10:36.002]    DEBUG: <PixTest.cc/dacScan:L1486>       attempt #0
[13:11:31.880]     INFO: Test took 54878ms.
[13:11:32.487]     INFO: Fetched DAQ statistics. Counters are being reset now.
[13:11:32.514]     INFO:   dacScan step  from 90 .. 99
[13:11:32.514]    DEBUG: <PixTest.cc/dacScan:L1486>       attempt #0
[13:12:20.668]     INFO: Test took 48154ms.
[13:12:21.118]     INFO: Fetched DAQ statistics. Counters are being reset now.
[13:12:21.145]     INFO:   dacScan step  from 100 .. 109
[13:12:21.145]    DEBUG: <PixTest.cc/dacScan:L1486>       attempt #0
[13:13:02.873]     INFO: Test took 41728ms.
[13:13:03.168]     INFO: Fetched DAQ statistics. Counters are being reset now.
[13:13:03.182]     INFO:   dacScan step  from 110 .. 119
[13:13:03.182]    DEBUG: <PixTest.cc/dacScan:L1486>       attempt #0
[13:13:40.245]     INFO: Test took 37063ms.
[13:13:40.407]     INFO: Fetched DAQ statistics. Counters are being reset now.
[13:13:40.413]     INFO:   dacScan step  from 120 .. 129
[13:13:40.413]    DEBUG: <PixTest.cc/dacScan:L1486>       attempt #0
[13:14:16.633]     INFO: Test took 36220ms.
[13:14:16.737]     INFO: Fetched DAQ statistics. Counters are being reset now.
[13:14:16.738]     INFO:   dacScan step  from 130 .. 139
[13:14:16.739]    DEBUG: <PixTest.cc/dacScan:L1486>       attempt #0
[13:14:52.804]     INFO: Test took 36065ms.
[13:14:52.889]     INFO: Fetched DAQ statistics. Counters are being reset now.
[13:14:52.889]     INFO:   dacScan step  from 140 .. 149
[13:14:52.889]    DEBUG: <PixTest.cc/dacScan:L1486>       attempt #0
[13:15:29.497]     INFO: Test took 36608ms.
[13:15:29.582]     INFO: Fetched DAQ statistics. Counters are being reset now.
[13:15:29.582]     INFO:   dacScan step  from 150 .. 159
[13:15:29.583]    DEBUG: <PixTest.cc/dacScan:L1486>       attempt #0
[13:16:05.409]     INFO: Test took 35826ms.
[13:16:05.489]     INFO: Fetched DAQ statistics. Counters are being reset now.
[13:16:05.489]     INFO:   dacScan step  from 160 .. 169
[13:16:05.490]    DEBUG: <PixTest.cc/dacScan:L1486>       attempt #0
[13:16:41.167]     INFO: Test took 35677ms.
[13:16:41.248]     INFO: Fetched DAQ statistics. Counters are being reset now.
[13:16:41.248]     INFO:   dacScan step  from 170 .. 179
[13:16:41.248]    DEBUG: <PixTest.cc/dacScan:L1486>       attempt #0
[13:17:16.893]     INFO: Test took 35644ms.
[13:17:16.972]     INFO: Fetched DAQ statistics. Counters are being reset now.
[13:17:16.972]     INFO:   dacScan step  from 180 .. 189
[13:17:16.972]    DEBUG: <PixTest.cc/dacScan:L1486>       attempt #0
[13:17:52.637]     INFO: Test took 35665ms.
[13:17:52.715]     INFO: Fetched DAQ statistics. Counters are being reset now.
[13:17:52.715]     INFO:   dacScan step  from 190 .. 199
[13:17:52.715]    DEBUG: <PixTest.cc/dacScan:L1486>       attempt #0
[13:18:28.491]     INFO: Test took 35776ms.
[13:18:28.570]     INFO: Fetched DAQ statistics. Counters are being reset now.
[13:18:28.570]     INFO:   dacScan step  from 200 .. 200
[13:18:28.570]    DEBUG: <PixTest.cc/dacScan:L1486>       attempt #0
[13:18:34.775]     INFO: Test took 6205ms.
[13:18:34.790]     INFO: Fetched DAQ statistics. Counters are being reset now.
[13:18:34.790]    DEBUG: <PixTest.cc/scurveAna:L1583> analyzing ROC 0
[13:18:36.169]    DEBUG: <PixTest.cc/scurveAna:L1583> analyzing ROC 1
[13:18:37.474]    DEBUG: <PixTest.cc/scurveAna:L1583> analyzing ROC 2
[13:18:38.784]    DEBUG: <PixTest.cc/scurveAna:L1583> analyzing ROC 3
[13:18:40.080]    DEBUG: <PixTest.cc/scurveAna:L1583> analyzing ROC 4
[13:18:41.350]    DEBUG: <PixTest.cc/scurveAna:L1583> analyzing ROC 5
[13:18:42.752]    DEBUG: <PixTest.cc/scurveAna:L1583> analyzing ROC 6
[13:18:44.148]    DEBUG: <PixTest.cc/scurveAna:L1583> analyzing ROC 7
[13:18:45.445]    DEBUG: <PixTest.cc/scurveAna:L1583> analyzing ROC 8
[13:18:46.783]    DEBUG: <PixTest.cc/scurveAna:L1583> analyzing ROC 9
[13:18:48.142]    DEBUG: <PixTest.cc/scurveAna:L1583> analyzing ROC 10
[13:18:49.469]    DEBUG: <PixTest.cc/scurveAna:L1583> analyzing ROC 11
[13:18:50.815]    DEBUG: <PixTest.cc/scurveAna:L1583> analyzing ROC 12
[13:18:52.082]    DEBUG: <PixTest.cc/scurveAna:L1583> analyzing ROC 13
[13:18:53.374]    DEBUG: <PixTest.cc/scurveAna:L1583> analyzing ROC 14
[13:18:54.913]    DEBUG: <PixTest.cc/scurveAna:L1583> analyzing ROC 15
[13:18:56.227]    DEBUG: <PixTest.cc/scurveMaps:L231> PixTest::scurveMaps end: getCurrentRSS() = 562536448
[13:18:56.285]     INFO: PixTestScurves::scurves() done 
[13:18:56.285]     INFO: VthrComp mean:  49.10  49.63  52.61  60.25  63.07  57.01  56.06  53.54  48.48  50.06  50.76  46.90  49.57  53.91  64.78  46.08 
[13:18:56.285]     INFO: VthrComp RMS:    4.76   4.75   5.66   8.55  11.34   6.34   6.17   5.59   4.82   5.11   5.05   4.34   4.62   5.64   6.24   4.48 
[13:25:29.481]    DEBUG: <PixTab.cc/setParameter:L387> xxxPressed():  ID = 1 -> dac to value Vcal
[13:25:44.001]     INFO: ######################################################################
[13:25:44.001]     INFO: PixTestScurves::doTest() ntrig = 50
[13:25:44.001]     INFO: ######################################################################
[13:25:44.001]     INFO: ---> dac: Vcal name: scurveVcal ntrig: 50 dacrange: 0 .. 200 hits flags = 16 (plus default)
[13:25:45.016]     INFO:   dacScan step  from 0 .. 9
[13:25:45.016]    DEBUG: <PixTest.cc/dacScan:L1486>       attempt #0
[13:26:20.683]     INFO: Test took 35667ms.
[13:26:20.765]     INFO: Fetched DAQ statistics. Counters are being reset now.
[13:26:20.765]     INFO:   dacScan step  from 10 .. 19
[13:26:20.765]    DEBUG: <PixTest.cc/dacScan:L1486>       attempt #0
[13:26:56.629]     INFO: Test took 35864ms.
[13:26:56.711]     INFO: Fetched DAQ statistics. Counters are being reset now.
[13:26:56.712]     INFO:   dacScan step  from 20 .. 29
[13:26:56.712]    DEBUG: <PixTest.cc/dacScan:L1486>       attempt #0
[13:27:33.581]     INFO: Test took 36869ms.
[13:27:33.721]     INFO: Fetched DAQ statistics. Counters are being reset now.
[13:27:33.724]     INFO:   dacScan step  from 30 .. 39
[13:27:33.724]    DEBUG: <PixTest.cc/dacScan:L1486>       attempt #0
[13:28:16.863]     INFO: Test took 43139ms.
[13:28:17.242]     INFO: Fetched DAQ statistics. Counters are being reset now.
[13:28:17.263]     INFO:   dacScan step  from 40 .. 49
[13:28:17.263]    DEBUG: <PixTest.cc/dacScan:L1486>       attempt #0
[13:29:12.010]     INFO: Test took 54747ms.
[13:29:12.639]     INFO: Fetched DAQ statistics. Counters are being reset now.
[13:29:12.674]     INFO:   dacScan step  from 50 .. 59
[13:29:12.675]    DEBUG: <PixTest.cc/dacScan:L1486>       attempt #0
[13:30:09.373]     INFO: Test took 56698ms.
[13:30:10.069]     INFO: Fetched DAQ statistics. Counters are being reset now.
[13:30:10.103]     INFO:   dacScan step  from 60 .. 69
[13:30:10.103]    DEBUG: <PixTest.cc/dacScan:L1486>       attempt #0
[13:31:07.135]     INFO: Test took 57032ms.
[13:31:07.819]     INFO: Fetched DAQ statistics. Counters are being reset now.
[13:31:07.852]     INFO:   dacScan step  from 70 .. 79
[13:31:07.853]    DEBUG: <PixTest.cc/dacScan:L1486>       attempt #0
[13:32:08.007]     INFO: Test took 60154ms.
[13:32:08.683]     INFO: Fetched DAQ statistics. Counters are being reset now.
[13:32:08.724]     INFO:   dacScan step  from 80 .. 89
[13:32:08.724]    DEBUG: <PixTest.cc/dacScan:L1486>       attempt #0
[13:33:04.917]     INFO: Test took 56193ms.
[13:33:05.600]     INFO: Fetched DAQ statistics. Counters are being reset now.
[13:33:05.634]     INFO:   dacScan step  from 90 .. 99
[13:33:05.634]    DEBUG: <PixTest.cc/dacScan:L1486>       attempt #0
[13:34:00.843]     INFO: Test took 55209ms.
[13:34:01.521]     INFO: Fetched DAQ statistics. Counters are being reset now.
[13:34:01.556]     INFO:   dacScan step  from 100 .. 109
[13:34:01.557]    DEBUG: <PixTest.cc/dacScan:L1486>       attempt #0
[13:35:00.326]     INFO: Test took 58769ms.
[13:35:00.997]     INFO: Fetched DAQ statistics. Counters are being reset now.
[13:35:01.028]     INFO:   dacScan step  from 110 .. 119
[13:35:01.028]    DEBUG: <PixTest.cc/dacScan:L1486>       attempt #0
[13:35:59.004]     INFO: Test took 57976ms.
[13:35:59.667]     INFO: Fetched DAQ statistics. Counters are being reset now.
[13:35:59.698]     INFO:   dacScan step  from 120 .. 129
[13:35:59.699]    DEBUG: <PixTest.cc/dacScan:L1486>       attempt #0
[13:36:59.614]     INFO: Test took 59915ms.
[13:37:00.274]     INFO: Fetched DAQ statistics. Counters are being reset now.
[13:37:00.304]     INFO:   dacScan step  from 130 .. 139
[13:37:00.304]    DEBUG: <PixTest.cc/dacScan:L1486>       attempt #0
[13:38:00.324]     INFO: Test took 60020ms.
[13:38:00.983]     INFO: Fetched DAQ statistics. Counters are being reset now.
[13:38:01.013]     INFO:   dacScan step  from 140 .. 149
[13:38:01.013]    DEBUG: <PixTest.cc/dacScan:L1486>       attempt #0
[13:39:01.713]     INFO: Test took 60700ms.
[13:39:02.376]     INFO: Fetched DAQ statistics. Counters are being reset now.
[13:39:02.405]     INFO:   dacScan step  from 150 .. 159
[13:39:02.406]    DEBUG: <PixTest.cc/dacScan:L1486>       attempt #0
[13:40:00.827]     INFO: Test took 58421ms.
[13:40:01.490]     INFO: Fetched DAQ statistics. Counters are being reset now.
[13:40:01.520]     INFO:   dacScan step  from 160 .. 169
[13:40:01.521]    DEBUG: <PixTest.cc/dacScan:L1486>       attempt #0
[13:41:00.561]     INFO: Test took 59040ms.
[13:41:01.224]     INFO: Fetched DAQ statistics. Counters are being reset now.
[13:41:01.254]     INFO:   dacScan step  from 170 .. 179
[13:41:01.254]    DEBUG: <PixTest.cc/dacScan:L1486>       attempt #0
[13:42:00.558]     INFO: Test took 59304ms.
[13:42:01.218]     INFO: Fetched DAQ statistics. Counters are being reset now.
[13:42:01.248]     INFO:   dacScan step  from 180 .. 189
[13:42:01.249]    DEBUG: <PixTest.cc/dacScan:L1486>       attempt #0
[13:43:00.445]     INFO: Test took 59196ms.
[13:43:01.118]     INFO: Fetched DAQ statistics. Counters are being reset now.
[13:43:01.152]     INFO:   dacScan step  from 190 .. 199
[13:43:01.153]    DEBUG: <PixTest.cc/dacScan:L1486>       attempt #0
[13:44:01.156]     INFO: Test took 60003ms.
[13:44:01.828]     INFO: Fetched DAQ statistics. Counters are being reset now.
[13:44:01.858]     INFO:   dacScan step  from 200 .. 200
[13:44:01.858]    DEBUG: <PixTest.cc/dacScan:L1486>       attempt #0
[13:44:10.477]     INFO: Test took 8619ms.
[13:44:10.551]     INFO: Fetched DAQ statistics. Counters are being reset now.
[13:44:10.555]    DEBUG: <PixTest.cc/scurveAna:L1583> analyzing ROC 0
[13:44:12.594]    DEBUG: <PixTest.cc/scurveAna:L1583> analyzing ROC 1
[13:44:14.707]    DEBUG: <PixTest.cc/scurveAna:L1583> analyzing ROC 2
[13:44:16.811]    DEBUG: <PixTest.cc/scurveAna:L1583> analyzing ROC 3
[13:44:18.846]    DEBUG: <PixTest.cc/scurveAna:L1583> analyzing ROC 4
[13:44:20.972]    DEBUG: <PixTest.cc/scurveAna:L1583> analyzing ROC 5
[13:44:23.015]    DEBUG: <PixTest.cc/scurveAna:L1583> analyzing ROC 6
[13:44:25.047]    DEBUG: <PixTest.cc/scurveAna:L1583> analyzing ROC 7
[13:44:27.133]    DEBUG: <PixTest.cc/scurveAna:L1583> analyzing ROC 8
[13:44:29.200]    DEBUG: <PixTest.cc/scurveAna:L1583> analyzing ROC 9
[13:44:31.348]    DEBUG: <PixTest.cc/scurveAna:L1583> analyzing ROC 10
[13:44:33.431]    DEBUG: <PixTest.cc/scurveAna:L1583> analyzing ROC 11
[13:44:35.550]    DEBUG: <PixTest.cc/scurveAna:L1583> analyzing ROC 12
[13:44:37.599]    DEBUG: <PixTest.cc/scurveAna:L1583> analyzing ROC 13
[13:44:39.671]    DEBUG: <PixTest.cc/scurveAna:L1583> analyzing ROC 14
[13:44:41.765]    DEBUG: <PixTest.cc/scurveAna:L1583> analyzing ROC 15
[13:44:43.883]    DEBUG: <PixTest.cc/scurveMaps:L231> PixTest::scurveMaps end: getCurrentRSS() = 637440000
[13:44:43.946]     INFO: PixTestScurves::scurves() done 
[13:44:43.946]     INFO: Vcal mean:  43.86  36.52  34.87  28.68  29.42  48.65  47.11  36.73  40.04  39.46  40.24  38.57  34.12  37.07  43.02  35.10 
[13:44:43.946]     INFO: Vcal RMS:    4.09   4.79   4.65   4.08   5.16   4.49   4.35   4.58   4.80   4.80   4.62   4.42   4.50   4.70   3.72   4.77 
[13:52:26.285]    DEBUG: <PixGui.cc/handleButtons:L393> PixGui::exit called
[13:52:26.286]    DEBUG: <PixTestBBMap.cc/~PixTestBBMap:L96> PixTestBBMap dtor
[13:52:26.346]    DEBUG: <PixTestBB2Map.cc/~PixTestBB2Map:L87> PixTestBB2Map dtor
[13:52:26.346]    DEBUG: <PixTestDacDacScan.cc/~PixTestDacDacScan:L135> PixTestDacDacScan dtor
[13:52:26.347]    DEBUG: <PixTestDacScan.cc/~PixTestDacScan:L115> PixTestDacScan dtor
[13:52:26.347]    DEBUG: <PixTestGainPedestal.cc/~PixTestGainPedestal:L102> PixTestGainPedestal dtor
[13:52:26.347]    DEBUG: <PixTestHighRate.cc/~PixTestHighRate:L203> PixTestHighRate dtor
[13:52:26.347]    DEBUG: <PixTestIV.cc/~PixTestIV:L96> PixTestIV dtor
[13:52:26.347]    DEBUG: <PixTestAlive.cc/~PixTestAlive:L108> PixTestAlive dtor
[13:52:26.351]    DEBUG: <PixTestPretest.cc/~PixTestPretest:L133> PixTestPretest dtor
[13:52:26.409]    DEBUG: <PixTestReadback.cc/~PixTestReadback:L89> PixTestReadback dtor, saving tree ... 
[13:52:26.409]    DEBUG: <PixTestScurves.cc/~PixTestScurves:L127> PixTestScurves dtor
[13:52:26.589]    DEBUG: <PixTestTiming.cc/~PixTestTiming:L87> PixTestTiming dtor
[13:52:26.589]    DEBUG: <PixTestTrim.cc/~PixTestTrim:L103> PixTestTrim dtor
[13:52:26.589]    DEBUG: <PixTestXray.cc/~PixTestXray:L215> PixTestXray dtor
[13:52:26.591]    QUIET: Connection to board 45 closed.
[13:52:26.592]    DEBUG: <PixMonitor.cc/dumpSummaries:L34> PixMonitor::dumpSummaries
