[13:54:38.200]     INFO: *** Welcome to pxar ***
[13:54:38.200]     INFO: *** Today: 2015/04/08
[13:54:38.200]     INFO:       reading data/mtt922//dacParameters40_C0.dat
[13:54:38.200]     INFO:       reading data/mtt922//dacParameters40_C1.dat
[13:54:38.200]     INFO:       reading data/mtt922//dacParameters40_C2.dat
[13:54:38.200]     INFO:       reading data/mtt922//dacParameters40_C3.dat
[13:54:38.200]     INFO:       reading data/mtt922//dacParameters40_C4.dat
[13:54:38.200]     INFO:       reading data/mtt922//dacParameters40_C5.dat
[13:54:38.200]     INFO:       reading data/mtt922//dacParameters40_C6.dat
[13:54:38.200]     INFO:       reading data/mtt922//dacParameters40_C7.dat
[13:54:38.201]     INFO:       reading data/mtt922//dacParameters40_C8.dat
[13:54:38.201]     INFO:       reading data/mtt922//dacParameters40_C9.dat
[13:54:38.201]     INFO:       reading data/mtt922//dacParameters40_C10.dat
[13:54:38.201]     INFO:       reading data/mtt922//dacParameters40_C11.dat
[13:54:38.201]     INFO:       reading data/mtt922//dacParameters40_C12.dat
[13:54:38.201]     INFO:       reading data/mtt922//dacParameters40_C13.dat
[13:54:38.201]     INFO:       reading data/mtt922//dacParameters40_C14.dat
[13:54:38.201]     INFO:       reading data/mtt922//dacParameters40_C15.dat
[13:54:38.201]     INFO:       reading data/mtt922//tbmParameters_C0a.dat
[13:54:38.201]     INFO:       reading data/mtt922//tbmParameters_C0b.dat
[13:54:38.201]     INFO:       reading data/mtt922//defaultMaskFile.dat
[13:54:38.201]     INFO:       reading data/mtt922//trimParameters40_C0.dat
[13:54:38.208]     INFO:       reading data/mtt922//trimParameters40_C1.dat
[13:54:38.215]     INFO:       reading data/mtt922//trimParameters40_C2.dat
[13:54:38.222]     INFO:       reading data/mtt922//trimParameters40_C3.dat
[13:54:38.228]     INFO:       reading data/mtt922//trimParameters40_C4.dat
[13:54:38.235]     INFO:       reading data/mtt922//trimParameters40_C5.dat
[13:54:38.242]     INFO:       reading data/mtt922//trimParameters40_C6.dat
[13:54:38.248]     INFO:       reading data/mtt922//trimParameters40_C7.dat
[13:54:38.255]     INFO:       reading data/mtt922//trimParameters40_C8.dat
[13:54:38.262]     INFO:       reading data/mtt922//trimParameters40_C9.dat
[13:54:38.268]     INFO:       reading data/mtt922//trimParameters40_C10.dat
[13:54:38.275]     INFO:       reading data/mtt922//trimParameters40_C11.dat
[13:54:38.282]     INFO:       reading data/mtt922//trimParameters40_C12.dat
[13:54:38.288]     INFO:       reading data/mtt922//trimParameters40_C13.dat
[13:54:38.295]     INFO:       reading data/mtt922//trimParameters40_C14.dat
[13:54:38.301]     INFO:       reading data/mtt922//trimParameters40_C15.dat
[13:54:38.308]     INFO:       reading data/mtt922//tbParameters.dat
[13:54:38.308]     INFO:         clk: 4
[13:54:38.308]     INFO:         ctr: 4
[13:54:38.308]     INFO:         sda: 19
[13:54:38.308]     INFO:         tin: 9
[13:54:38.308]     INFO:         level: 15
[13:54:38.308]     INFO:         triggerdelay: 0
[13:54:38.308]    QUIET: Instanciating API for pxar crosscalibrate
[13:54:38.308]     INFO: Log level: INFO
[13:54:38.322]    QUIET: Connection to board DTB_WRPRHI opened.
[13:54:38.325]     INFO: DTB startup information
--- DTB info------------------------------------------
Board id:    58
HW version:  DTB1.2
FW version:  3.2
SW version:  3.6
USB id:      DTB_WRPRHI
MAC address: 40D85511803A
Hostname:    pixelDTB058
Comment:     
------------------------------------------------------
[13:54:38.329]     INFO: RPC call hashes of host and DTB match: 413001178
[13:54:39.942]     INFO: DUT info: 
[13:54:39.942]     INFO: The DUT currently contains the following objects:
[13:54:39.942]     INFO:  2 TBM Cores (2 ON)
[13:54:39.942]     INFO: 	TBM Core alpha (0): 7 registers set
[13:54:39.942]     INFO: 	TBM Core beta  (1): 7 registers set
[13:54:39.942]     INFO: 16 ROCs (16 ON) with 4160 pixelConfigs
[13:54:39.942]     INFO: 	ROC 0: 21 DACs set, Pixels: 0 masked, 4160 active.
[13:54:39.942]     INFO: 	ROC 1: 21 DACs set, Pixels: 0 masked, 4160 active.
[13:54:39.942]     INFO: 	ROC 2: 21 DACs set, Pixels: 0 masked, 4160 active.
[13:54:39.942]     INFO: 	ROC 3: 21 DACs set, Pixels: 0 masked, 4160 active.
[13:54:39.942]     INFO: 	ROC 4: 21 DACs set, Pixels: 0 masked, 4160 active.
[13:54:39.942]     INFO: 	ROC 5: 21 DACs set, Pixels: 0 masked, 4160 active.
[13:54:39.942]     INFO: 	ROC 6: 21 DACs set, Pixels: 0 masked, 4160 active.
[13:54:39.942]     INFO: 	ROC 7: 21 DACs set, Pixels: 0 masked, 4160 active.
[13:54:39.942]     INFO: 	ROC 8: 21 DACs set, Pixels: 0 masked, 4160 active.
[13:54:39.942]     INFO: 	ROC 9: 21 DACs set, Pixels: 0 masked, 4160 active.
[13:54:39.942]     INFO: 	ROC 10: 21 DACs set, Pixels: 0 masked, 4160 active.
[13:54:39.942]     INFO: 	ROC 11: 21 DACs set, Pixels: 0 masked, 4160 active.
[13:54:39.942]     INFO: 	ROC 12: 21 DACs set, Pixels: 0 masked, 4160 active.
[13:54:39.942]     INFO: 	ROC 13: 21 DACs set, Pixels: 0 masked, 4160 active.
[13:54:39.942]     INFO: 	ROC 14: 21 DACs set, Pixels: 0 masked, 4160 active.
[13:54:39.942]     INFO: 	ROC 15: 21 DACs set, Pixels: 0 masked, 4160 active.
[13:54:40.559]     INFO:       reading data/mtt922//phCalibrationFitTanH40_C0.dat
[13:54:40.575]     INFO:       reading data/mtt922//phCalibrationFitTanH40_C1.dat
[13:54:40.591]     INFO:       reading data/mtt922//phCalibrationFitTanH40_C2.dat
[13:54:40.606]     INFO:       reading data/mtt922//phCalibrationFitTanH40_C3.dat
[13:54:40.622]     INFO:       reading data/mtt922//phCalibrationFitTanH40_C4.dat
[13:54:40.637]     INFO:       reading data/mtt922//phCalibrationFitTanH40_C5.dat
[13:54:40.653]     INFO:       reading data/mtt922//phCalibrationFitTanH40_C6.dat
[13:54:40.668]     INFO:       reading data/mtt922//phCalibrationFitTanH40_C7.dat
[13:54:40.683]     INFO:       reading data/mtt922//phCalibrationFitTanH40_C8.dat
[13:54:40.700]     INFO:       reading data/mtt922//phCalibrationFitTanH40_C9.dat
[13:54:40.715]     INFO:       reading data/mtt922//phCalibrationFitTanH40_C10.dat
[13:54:40.730]     INFO:       reading data/mtt922//phCalibrationFitTanH40_C11.dat
[13:54:40.746]     INFO:       reading data/mtt922//phCalibrationFitTanH40_C12.dat
[13:54:40.761]     INFO:       reading data/mtt922//phCalibrationFitTanH40_C13.dat
[13:54:40.776]     INFO:       reading data/mtt922//phCalibrationFitTanH40_C14.dat
[13:54:40.791]     INFO:       reading data/mtt922//phCalibrationFitTanH40_C15.dat
[13:54:40.848]     INFO:       reading data/mtt922//readbackCal_C0.dat
[13:54:40.848]     INFO:       reading data/mtt922//readbackCal_C1.dat
[13:54:40.849]     INFO:       reading data/mtt922//readbackCal_C2.dat
[13:54:40.849]     INFO:       reading data/mtt922//readbackCal_C3.dat
[13:54:40.849]     INFO:       reading data/mtt922//readbackCal_C4.dat
[13:54:40.849]     INFO:       reading data/mtt922//readbackCal_C5.dat
[13:54:40.849]     INFO:       reading data/mtt922//readbackCal_C6.dat
[13:54:40.849]     INFO:       reading data/mtt922//readbackCal_C7.dat
[13:54:40.849]     INFO:       reading data/mtt922//readbackCal_C8.dat
[13:54:40.849]     INFO:       reading data/mtt922//readbackCal_C9.dat
[13:54:40.849]     INFO:       reading data/mtt922//readbackCal_C10.dat
[13:54:40.849]     INFO:       reading data/mtt922//readbackCal_C11.dat
[13:54:40.849]     INFO:       reading data/mtt922//readbackCal_C12.dat
[13:54:40.849]     INFO:       reading data/mtt922//readbackCal_C13.dat
[13:54:40.849]     INFO:       reading data/mtt922//readbackCal_C14.dat
[13:54:40.849]     INFO:       reading data/mtt922//readbackCal_C15.dat
[13:55:01.554]     INFO: ######################################################################
[13:55:01.554]     INFO: PixTestXray::doTest()
[13:55:01.554]     INFO: ######################################################################
[13:55:01.554]     INFO:    ----------------------------------------------------------------------
[13:55:01.554]     INFO:    PixTestXray::doPhRun() fParRunSeconds = 900
[13:55:01.554]     INFO:    ----------------------------------------------------------------------
[13:55:01.555]     INFO:       reading data/mtt922//defaultMaskFile.dat
[13:55:01.556]  WARNING: Pattern generator does not contain a trigger signal. No data is expected from the DUT!
[13:55:02.534]     INFO: IGNORE THE WARNING ABOVE (resetROC sent)!
[13:55:03.715]     INFO: PixTestXray::doPhRun start TriggerLoop with trigger frequency 100 kHz, period 405 and duration 900 seconds,  fEventsMax = 90000000
[13:55:20.836]     INFO: run duration 17 seconds, buffer almost full (81%), pausing triggers.
[13:55:40.237]     INFO: Resuming triggers.
[13:55:57.361]     INFO: run duration 34 seconds, buffer almost full (81%), pausing triggers.
[13:56:01.966]    ERROR: <datapipe.cc/CheckEventID:L127>    Event ID mismatch:  local ID (3) !=  TBM ID (4)
[13:56:01.966]  WARNING: ROC 2: Readback start marker after 15 readouts!
[13:56:01.966]  WARNING: ROC 4: Readback start marker after 15 readouts!
[13:56:01.966]  WARNING: ROC 0: Readback start marker after 15 readouts!
[13:56:01.966]  WARNING: ROC 1: Readback start marker after 15 readouts!
[13:56:01.966]  WARNING: ROC 3: Readback start marker after 15 readouts!
[13:56:01.966]  WARNING: ROC 5: Readback start marker after 15 readouts!
[13:56:01.966]  WARNING: ROC 6: Readback start marker after 15 readouts!
[13:56:01.966]  WARNING: ROC 7: Readback start marker after 15 readouts!
[13:56:17.226]     INFO: Resuming triggers.
[13:56:34.351]     INFO: run duration 51 seconds, buffer almost full (81%), pausing triggers.
[13:56:54.405]     INFO: Resuming triggers.
[13:57:11.528]     INFO: run duration 68 seconds, buffer almost full (81%), pausing triggers.
[13:57:31.354]     INFO: Resuming triggers.
[13:57:48.483]     INFO: run duration 85 seconds, buffer almost full (81%), pausing triggers.
[13:58:08.377]     INFO: Resuming triggers.
[13:58:25.500]     INFO: run duration 102 seconds, buffer almost full (81%), pausing triggers.
[13:58:44.003]     INFO: Resuming triggers.
[13:59:01.125]     INFO: run duration 119 seconds, buffer almost full (81%), pausing triggers.
[13:59:21.011]     INFO: Resuming triggers.
[13:59:38.134]     INFO: run duration 136 seconds, buffer almost full (81%), pausing triggers.
[13:59:57.964]     INFO: Resuming triggers.
[14:00:15.086]     INFO: run duration 154 seconds, buffer almost full (81%), pausing triggers.
[14:00:33.833]     INFO: Resuming triggers.
[14:00:50.957]     INFO: run duration 171 seconds, buffer almost full (81%), pausing triggers.
[14:01:10.855]     INFO: Resuming triggers.
[14:01:27.979]     INFO: run duration 188 seconds, buffer almost full (81%), pausing triggers.
[14:01:47.868]     INFO: Resuming triggers.
[14:02:04.992]     INFO: run duration 205 seconds, buffer almost full (81%), pausing triggers.
[14:02:24.943]     INFO: Resuming triggers.
[14:02:42.069]     INFO: run duration 222 seconds, buffer almost full (81%), pausing triggers.
[14:03:00.827]     INFO: Resuming triggers.
[14:03:17.964]     INFO: run duration 239 seconds, buffer almost full (81%), pausing triggers.
[14:03:37.835]     INFO: Resuming triggers.
[14:03:54.958]     INFO: run duration 256 seconds, buffer almost full (81%), pausing triggers.
[14:04:13.736]     INFO: Resuming triggers.
[14:04:30.861]     INFO: run duration 273 seconds, buffer almost full (81%), pausing triggers.
[14:04:50.710]     INFO: Resuming triggers.
[14:05:07.835]     INFO: run duration 291 seconds, buffer almost full (81%), pausing triggers.
[14:05:27.712]     INFO: Resuming triggers.
[14:05:44.853]     INFO: run duration 308 seconds, buffer almost full (81%), pausing triggers.
[14:06:04.724]     INFO: Resuming triggers.
[14:06:21.848]     INFO: run duration 325 seconds, buffer almost full (81%), pausing triggers.
[14:06:41.680]     INFO: Resuming triggers.
[14:06:58.836]     INFO: run duration 342 seconds, buffer almost full (81%), pausing triggers.
[14:07:18.863]     INFO: Resuming triggers.
[14:07:36.002]     INFO: run duration 359 seconds, buffer almost full (81%), pausing triggers.
[14:07:55.855]     INFO: Resuming triggers.
[14:08:12.981]     INFO: run duration 376 seconds, buffer almost full (81%), pausing triggers.
[14:08:31.771]     INFO: Resuming triggers.
[14:08:48.895]     INFO: run duration 393 seconds, buffer almost full (81%), pausing triggers.
[14:09:08.771]     INFO: Resuming triggers.
[14:09:25.896]     INFO: run duration 410 seconds, buffer almost full (81%), pausing triggers.
[14:09:44.415]     INFO: Resuming triggers.
[14:10:01.557]     INFO: run duration 428 seconds, buffer almost full (81%), pausing triggers.
[14:10:21.437]     INFO: Resuming triggers.
[14:10:38.604]     INFO: run duration 445 seconds, buffer almost full (81%), pausing triggers.
[14:10:58.456]     INFO: Resuming triggers.
[14:11:15.582]     INFO: run duration 462 seconds, buffer almost full (81%), pausing triggers.
[14:11:34.120]     INFO: Resuming triggers.
[14:11:51.245]     INFO: run duration 479 seconds, buffer almost full (81%), pausing triggers.
[14:12:09.709]     INFO: Resuming triggers.
[14:12:26.834]     INFO: run duration 496 seconds, buffer almost full (81%), pausing triggers.
[14:12:45.426]     INFO: Resuming triggers.
[14:13:02.559]     INFO: run duration 513 seconds, buffer almost full (81%), pausing triggers.
[14:13:21.275]     INFO: Resuming triggers.
[14:13:38.398]     INFO: run duration 530 seconds, buffer almost full (81%), pausing triggers.
[14:13:57.197]     INFO: Resuming triggers.
[14:14:14.324]     INFO: run duration 548 seconds, buffer almost full (81%), pausing triggers.
[14:14:34.167]     INFO: Resuming triggers.
[14:14:51.290]     INFO: run duration 565 seconds, buffer almost full (81%), pausing triggers.
[14:15:11.152]     INFO: Resuming triggers.
[14:15:28.276]     INFO: run duration 582 seconds, buffer almost full (81%), pausing triggers.
[14:15:48.123]     INFO: Resuming triggers.
[14:16:05.262]     INFO: run duration 599 seconds, buffer almost full (81%), pausing triggers.
[14:16:24.031]     INFO: Resuming triggers.
[14:16:41.154]     INFO: run duration 616 seconds, buffer almost full (81%), pausing triggers.
[14:17:01.001]     INFO: Resuming triggers.
[14:17:18.123]     INFO: run duration 633 seconds, buffer almost full (81%), pausing triggers.
[14:17:36.608]     INFO: Resuming triggers.
[14:17:53.733]     INFO: run duration 650 seconds, buffer almost full (81%), pausing triggers.
[14:18:12.508]     INFO: Resuming triggers.
[14:18:29.634]     INFO: run duration 667 seconds, buffer almost full (81%), pausing triggers.
[14:18:49.485]     INFO: Resuming triggers.
[14:19:06.608]     INFO: run duration 685 seconds, buffer almost full (81%), pausing triggers.
[14:19:25.458]     INFO: Resuming triggers.
[14:19:42.599]     INFO: run duration 702 seconds, buffer almost full (81%), pausing triggers.
[14:20:02.467]     INFO: Resuming triggers.
[14:20:19.608]     INFO: run duration 719 seconds, buffer almost full (81%), pausing triggers.
[14:20:38.150]     INFO: Resuming triggers.
[14:20:55.273]     INFO: run duration 736 seconds, buffer almost full (81%), pausing triggers.
[14:21:15.207]     INFO: Resuming triggers.
[14:21:32.331]     INFO: run duration 753 seconds, buffer almost full (81%), pausing triggers.
[14:21:51.109]     INFO: Resuming triggers.
[14:22:08.233]     INFO: run duration 770 seconds, buffer almost full (81%), pausing triggers.
[14:22:27.041]     INFO: Resuming triggers.
[14:22:44.167]     INFO: run duration 787 seconds, buffer almost full (81%), pausing triggers.
[14:23:03.996]     INFO: Resuming triggers.
[14:23:21.118]     INFO: run duration 804 seconds, buffer almost full (81%), pausing triggers.
[14:23:41.050]     INFO: Resuming triggers.
[14:23:58.175]     INFO: run duration 822 seconds, buffer almost full (81%), pausing triggers.
[14:24:18.034]     INFO: Resuming triggers.
[14:24:35.157]     INFO: run duration 839 seconds, buffer almost full (81%), pausing triggers.
[14:24:52.480]     INFO: Resuming triggers.
[14:25:09.604]     INFO: run duration 856 seconds, buffer almost full (81%), pausing triggers.
[14:25:29.544]     INFO: Resuming triggers.
[14:25:46.671]     INFO: run duration 873 seconds, buffer almost full (81%), pausing triggers.
[14:26:06.542]     INFO: Resuming triggers.
[14:26:23.667]     INFO: run duration 890 seconds, buffer almost full (81%), pausing triggers.
[14:26:42.211]     INFO: Resuming triggers.
[14:26:51.689]     INFO: data taking finished, elapsed time: 900 seconds.
[14:27:02.909]     INFO: PixTest::       pg_setup set to default.
[14:27:02.943]     INFO: PixTestXray::doPhRun() done
[14:27:02.943]     INFO: PixTestXray::doTest() done 
[14:29:31.373]    QUIET: Connection to board 58 closed.
