[13:14:24.644]     INFO: *** Welcome to pxar ***
[13:14:24.644]     INFO: *** Today: 2015/04/08
[13:14:24.644]     INFO:       reading data/mtt922//dacParameters40_C0.dat
[13:14:24.644]     INFO:       reading data/mtt922//dacParameters40_C1.dat
[13:14:24.644]     INFO:       reading data/mtt922//dacParameters40_C2.dat
[13:14:24.644]     INFO:       reading data/mtt922//dacParameters40_C3.dat
[13:14:24.644]     INFO:       reading data/mtt922//dacParameters40_C4.dat
[13:14:24.644]     INFO:       reading data/mtt922//dacParameters40_C5.dat
[13:14:24.644]     INFO:       reading data/mtt922//dacParameters40_C6.dat
[13:14:24.644]     INFO:       reading data/mtt922//dacParameters40_C7.dat
[13:14:24.644]     INFO:       reading data/mtt922//dacParameters40_C8.dat
[13:14:24.644]     INFO:       reading data/mtt922//dacParameters40_C9.dat
[13:14:24.645]     INFO:       reading data/mtt922//dacParameters40_C10.dat
[13:14:24.645]     INFO:       reading data/mtt922//dacParameters40_C11.dat
[13:14:24.645]     INFO:       reading data/mtt922//dacParameters40_C12.dat
[13:14:24.645]     INFO:       reading data/mtt922//dacParameters40_C13.dat
[13:14:24.645]     INFO:       reading data/mtt922//dacParameters40_C14.dat
[13:14:24.645]     INFO:       reading data/mtt922//dacParameters40_C15.dat
[13:14:24.645]     INFO:       reading data/mtt922//tbmParameters_C0a.dat
[13:14:24.645]     INFO:       reading data/mtt922//tbmParameters_C0b.dat
[13:14:24.645]     INFO:       reading data/mtt922//defaultMaskFile.dat
[13:14:24.645]     INFO:       reading data/mtt922//trimParameters40_C0.dat
[13:14:24.652]     INFO:       reading data/mtt922//trimParameters40_C1.dat
[13:14:24.658]     INFO:       reading data/mtt922//trimParameters40_C2.dat
[13:14:24.665]     INFO:       reading data/mtt922//trimParameters40_C3.dat
[13:14:24.672]     INFO:       reading data/mtt922//trimParameters40_C4.dat
[13:14:24.678]     INFO:       reading data/mtt922//trimParameters40_C5.dat
[13:14:24.684]     INFO:       reading data/mtt922//trimParameters40_C6.dat
[13:14:24.691]     INFO:       reading data/mtt922//trimParameters40_C7.dat
[13:14:24.697]     INFO:       reading data/mtt922//trimParameters40_C8.dat
[13:14:24.704]     INFO:       reading data/mtt922//trimParameters40_C9.dat
[13:14:24.710]     INFO:       reading data/mtt922//trimParameters40_C10.dat
[13:14:24.717]     INFO:       reading data/mtt922//trimParameters40_C11.dat
[13:14:24.723]     INFO:       reading data/mtt922//trimParameters40_C12.dat
[13:14:24.730]     INFO:       reading data/mtt922//trimParameters40_C13.dat
[13:14:24.736]     INFO:       reading data/mtt922//trimParameters40_C14.dat
[13:14:24.742]     INFO:       reading data/mtt922//trimParameters40_C15.dat
[13:14:24.749]     INFO:       reading data/mtt922//tbParameters.dat
[13:14:24.749]     INFO:         clk: 4
[13:14:24.749]     INFO:         ctr: 4
[13:14:24.749]     INFO:         sda: 19
[13:14:24.749]     INFO:         tin: 9
[13:14:24.749]     INFO:         level: 15
[13:14:24.749]     INFO:         triggerdelay: 0
[13:14:24.750]    QUIET: Instanciating API for pxar crosscalibrate
[13:14:24.750]     INFO: Log level: INFO
[13:14:24.776]    QUIET: Connection to board DTB_WRPRHI opened.
[13:14:24.780]     INFO: DTB startup information
--- DTB info------------------------------------------
Board id:    58
HW version:  DTB1.2
FW version:  3.2
SW version:  3.6
USB id:      DTB_WRPRHI
MAC address: 40D85511803A
Hostname:    pixelDTB058
Comment:     
------------------------------------------------------
[13:14:24.783]     INFO: RPC call hashes of host and DTB match: 413001178
[13:14:26.394]     INFO: DUT info: 
[13:14:26.394]     INFO: The DUT currently contains the following objects:
[13:14:26.394]     INFO:  2 TBM Cores (2 ON)
[13:14:26.394]     INFO: 	TBM Core alpha (0): 7 registers set
[13:14:26.394]     INFO: 	TBM Core beta  (1): 7 registers set
[13:14:26.394]     INFO: 16 ROCs (16 ON) with 4160 pixelConfigs
[13:14:26.394]     INFO: 	ROC 0: 21 DACs set, Pixels: 0 masked, 4160 active.
[13:14:26.394]     INFO: 	ROC 1: 21 DACs set, Pixels: 0 masked, 4160 active.
[13:14:26.394]     INFO: 	ROC 2: 21 DACs set, Pixels: 0 masked, 4160 active.
[13:14:26.394]     INFO: 	ROC 3: 21 DACs set, Pixels: 0 masked, 4160 active.
[13:14:26.394]     INFO: 	ROC 4: 21 DACs set, Pixels: 0 masked, 4160 active.
[13:14:26.394]     INFO: 	ROC 5: 21 DACs set, Pixels: 0 masked, 4160 active.
[13:14:26.394]     INFO: 	ROC 6: 21 DACs set, Pixels: 0 masked, 4160 active.
[13:14:26.394]     INFO: 	ROC 7: 21 DACs set, Pixels: 0 masked, 4160 active.
[13:14:26.394]     INFO: 	ROC 8: 21 DACs set, Pixels: 0 masked, 4160 active.
[13:14:26.394]     INFO: 	ROC 9: 21 DACs set, Pixels: 0 masked, 4160 active.
[13:14:26.394]     INFO: 	ROC 10: 21 DACs set, Pixels: 0 masked, 4160 active.
[13:14:26.394]     INFO: 	ROC 11: 21 DACs set, Pixels: 0 masked, 4160 active.
[13:14:26.394]     INFO: 	ROC 12: 21 DACs set, Pixels: 0 masked, 4160 active.
[13:14:26.394]     INFO: 	ROC 13: 21 DACs set, Pixels: 0 masked, 4160 active.
[13:14:26.394]     INFO: 	ROC 14: 21 DACs set, Pixels: 0 masked, 4160 active.
[13:14:26.394]     INFO: 	ROC 15: 21 DACs set, Pixels: 0 masked, 4160 active.
[13:14:27.007]     INFO:       reading data/mtt922//phCalibrationFitTanH40_C0.dat
[13:14:27.024]     INFO:       reading data/mtt922//phCalibrationFitTanH40_C1.dat
[13:14:27.040]     INFO:       reading data/mtt922//phCalibrationFitTanH40_C2.dat
[13:14:27.057]     INFO:       reading data/mtt922//phCalibrationFitTanH40_C3.dat
[13:14:27.073]     INFO:       reading data/mtt922//phCalibrationFitTanH40_C4.dat
[13:14:27.089]     INFO:       reading data/mtt922//phCalibrationFitTanH40_C5.dat
[13:14:27.105]     INFO:       reading data/mtt922//phCalibrationFitTanH40_C6.dat
[13:14:27.121]     INFO:       reading data/mtt922//phCalibrationFitTanH40_C7.dat
[13:14:27.137]     INFO:       reading data/mtt922//phCalibrationFitTanH40_C8.dat
[13:14:27.153]     INFO:       reading data/mtt922//phCalibrationFitTanH40_C9.dat
[13:14:27.169]     INFO:       reading data/mtt922//phCalibrationFitTanH40_C10.dat
[13:14:27.185]     INFO:       reading data/mtt922//phCalibrationFitTanH40_C11.dat
[13:14:27.201]     INFO:       reading data/mtt922//phCalibrationFitTanH40_C12.dat
[13:14:27.217]     INFO:       reading data/mtt922//phCalibrationFitTanH40_C13.dat
[13:14:27.233]     INFO:       reading data/mtt922//phCalibrationFitTanH40_C14.dat
[13:14:27.249]     INFO:       reading data/mtt922//phCalibrationFitTanH40_C15.dat
[13:14:27.305]     INFO:       reading data/mtt922//readbackCal_C0.dat
[13:14:27.305]     INFO:       reading data/mtt922//readbackCal_C1.dat
[13:14:27.305]     INFO:       reading data/mtt922//readbackCal_C2.dat
[13:14:27.305]     INFO:       reading data/mtt922//readbackCal_C3.dat
[13:14:27.305]     INFO:       reading data/mtt922//readbackCal_C4.dat
[13:14:27.305]     INFO:       reading data/mtt922//readbackCal_C5.dat
[13:14:27.305]     INFO:       reading data/mtt922//readbackCal_C6.dat
[13:14:27.305]     INFO:       reading data/mtt922//readbackCal_C7.dat
[13:14:27.305]     INFO:       reading data/mtt922//readbackCal_C8.dat
[13:14:27.305]     INFO:       reading data/mtt922//readbackCal_C9.dat
[13:14:27.306]     INFO:       reading data/mtt922//readbackCal_C10.dat
[13:14:27.306]     INFO:       reading data/mtt922//readbackCal_C11.dat
[13:14:27.306]     INFO:       reading data/mtt922//readbackCal_C12.dat
[13:14:27.306]     INFO:       reading data/mtt922//readbackCal_C13.dat
[13:14:27.306]     INFO:       reading data/mtt922//readbackCal_C14.dat
[13:14:27.306]     INFO:       reading data/mtt922//readbackCal_C15.dat
[13:14:38.593]     INFO: ######################################################################
[13:14:38.593]     INFO: PixTestXray::doTest()
[13:14:38.593]     INFO: ######################################################################
[13:14:38.593]     INFO:    ----------------------------------------------------------------------
[13:14:38.593]     INFO:    PixTestXray::doPhRun() fParRunSeconds = 180
[13:14:38.593]     INFO:    ----------------------------------------------------------------------
[13:14:38.595]     INFO:       reading data/mtt922//defaultMaskFile.dat
[13:14:38.595]  WARNING: Pattern generator does not contain a trigger signal. No data is expected from the DUT!
[13:14:39.573]     INFO: IGNORE THE WARNING ABOVE (resetROC sent)!
[13:14:40.814]     INFO: PixTestXray::doPhRun start TriggerLoop with trigger frequency 100 kHz, period 405 and duration 180 seconds,  fEventsMax = 18000000
[13:14:57.934]     INFO: run duration 17 seconds, buffer almost full (81%), pausing triggers.
[13:14:58.983]    ERROR: <datapipe.cc/DecodeDeser400:L294> Number of ROCs (7) != Token Chain Length (8)
[13:14:58.984]  WARNING: ROC 7: Readback start marker after 31 readouts!
[13:15:00.704]    ERROR: <datapipe.cc/DecodeDeser400:L294> Number of ROCs (6) != Token Chain Length (8)
[13:15:00.704]  WARNING: ROC 3: Readback start marker after 2 readouts!
[13:15:00.704]    ERROR: <datapipe.cc/DecodeDeser400:L294> Number of ROCs (6) != Token Chain Length (8)
[13:15:00.704]  WARNING: ROC 6: Readback start marker after 15 readouts!
[13:15:00.704]  WARNING: ROC 7: Readback start marker after 15 readouts!
[13:15:00.704]  WARNING: ROC 3: Readback start marker after 14 readouts!
[13:15:00.704]  WARNING: ROC 6: Readback start marker after 15 readouts!
[13:15:00.704]  WARNING: ROC 7: Readback start marker after 15 readouts!
[13:15:03.001]    ERROR: <datapipe.cc/CheckEventID:L127>    Event ID mismatch:  local ID (153) !=  TBM ID (154)
[13:15:03.001]    ERROR: <datapipe.cc/CheckEventID:L127>    Event ID mismatch:  local ID (153) !=  TBM ID (154)
[13:15:03.001]  WARNING: ROC 2: Readback start marker after 15 readouts!
[13:15:03.001]  WARNING: ROC 4: Readback start marker after 15 readouts!
[13:15:03.001]  WARNING: ROC 1: Readback start marker after 15 readouts!
[13:15:03.001]  WARNING: ROC 5: Readback start marker after 15 readouts!
[13:15:03.001]  WARNING: ROC 0: Readback start marker after 15 readouts!
[13:15:03.001]  WARNING: ROC 1: Readback start marker after 15 readouts!
[13:15:03.001]  WARNING: ROC 3: Readback start marker after 15 readouts!
[13:15:03.001]  WARNING: ROC 5: Readback start marker after 15 readouts!
[13:15:03.001]  WARNING: ROC 6: Readback start marker after 15 readouts!
[13:15:03.001]  WARNING: ROC 7: Readback start marker after 15 readouts!
[13:15:03.001]  WARNING: ROC 0: Readback start marker after 15 readouts!
[13:15:03.001]  WARNING: ROC 2: Readback start marker after 15 readouts!
[13:15:03.001]  WARNING: ROC 3: Readback start marker after 15 readouts!
[13:15:03.001]  WARNING: ROC 4: Readback start marker after 15 readouts!
[13:15:03.002]  WARNING: ROC 6: Readback start marker after 15 readouts!
[13:15:03.002]  WARNING: ROC 7: Readback start marker after 15 readouts!
[13:15:12.008]    ERROR: <datapipe.cc/DecodeDeser400:L294> Number of ROCs (6) != Token Chain Length (8)
[13:15:12.008]  WARNING: ROC 4: Readback start marker after 15 readouts!
[13:15:12.008]    ERROR: <datapipe.cc/DecodeDeser400:L294> Number of ROCs (7) != Token Chain Length (8)
[13:15:12.008]  WARNING: ROC 6: Readback start marker after 15 readouts!
[13:15:12.008]  WARNING: ROC 7: Readback start marker after 15 readouts!
[13:15:12.008]  WARNING: ROC 4: Readback start marker after 1 readouts!
[13:15:12.008]  WARNING: ROC 7: Readback start marker after 15 readouts!
[13:15:12.008]  WARNING: ROC 5: Readback start marker after 32 readouts!
[13:15:13.133]    ERROR: <datapipe.cc/DecodeDeser400:L294> Number of ROCs (6) != Token Chain Length (8)
[13:15:13.133]    ERROR: <datapipe.cc/DecodeDeser400:L294> Number of ROCs (6) != Token Chain Length (8)
[13:15:13.133]  WARNING: ROC 6: Readback start marker after 15 readouts!
[13:15:13.133]  WARNING: ROC 7: Readback start marker after 15 readouts!
[13:15:13.133]  WARNING: ROC 6: Readback start marker after 15 readouts!
[13:15:13.133]  WARNING: ROC 7: Readback start marker after 15 readouts!
[13:15:16.879]     INFO: Resuming triggers.
[13:15:34.003]     INFO: run duration 34 seconds, buffer almost full (81%), pausing triggers.
[13:15:38.380]    ERROR: <datapipe.cc/DecodeDeser400:L294> Number of ROCs (0) != Token Chain Length (8)
[13:15:38.380]    ERROR: <datapipe.cc/CheckEventID:L127>    Event ID mismatch:  local ID (27) !=  TBM ID (28)
[13:15:38.380]  WARNING: ROC 2: Readback start marker after 14 readouts!
[13:15:38.380]  WARNING: ROC 4: Readback start marker after 14 readouts!
[13:15:38.380]  WARNING: ROC 0: Readback start marker after 14 readouts!
[13:15:38.380]  WARNING: ROC 1: Readback start marker after 14 readouts!
[13:15:38.380]  WARNING: ROC 3: Readback start marker after 14 readouts!
[13:15:38.380]  WARNING: ROC 5: Readback start marker after 14 readouts!
[13:15:38.380]  WARNING: ROC 6: Readback start marker after 14 readouts!
[13:15:38.380]  WARNING: ROC 7: Readback start marker after 14 readouts!
[13:15:52.901]     INFO: Resuming triggers.
[13:16:10.023]     INFO: run duration 51 seconds, buffer almost full (81%), pausing triggers.
[13:16:23.892]    ERROR: <datapipe.cc/CheckEventID:L127>    Event ID mismatch:  local ID (43) !=  TBM ID (44)
[13:16:23.892]    ERROR: <datapipe.cc/CheckEventID:L127>    Event ID mismatch:  local ID (43) !=  TBM ID (44)
[13:16:23.892]  WARNING: ROC 2: Readback start marker after 15 readouts!
[13:16:23.892]  WARNING: ROC 4: Readback start marker after 15 readouts!
[13:16:23.892]  WARNING: ROC 1: Readback start marker after 15 readouts!
[13:16:23.892]  WARNING: ROC 5: Readback start marker after 15 readouts!
[13:16:23.893]  WARNING: ROC 0: Readback start marker after 15 readouts!
[13:16:23.893]  WARNING: ROC 1: Readback start marker after 15 readouts!
[13:16:23.893]  WARNING: ROC 3: Readback start marker after 15 readouts!
[13:16:23.893]  WARNING: ROC 5: Readback start marker after 15 readouts!
[13:16:23.893]  WARNING: ROC 6: Readback start marker after 15 readouts!
[13:16:23.893]  WARNING: ROC 7: Readback start marker after 15 readouts!
[13:16:23.893]  WARNING: ROC 0: Readback start marker after 15 readouts!
[13:16:23.893]  WARNING: ROC 2: Readback start marker after 15 readouts!
[13:16:23.893]  WARNING: ROC 3: Readback start marker after 15 readouts!
[13:16:23.893]  WARNING: ROC 4: Readback start marker after 15 readouts!
[13:16:23.893]  WARNING: ROC 6: Readback start marker after 15 readouts!
[13:16:23.893]  WARNING: ROC 7: Readback start marker after 15 readouts!
[13:16:29.934]     INFO: Resuming triggers.
[13:16:47.058]     INFO: run duration 68 seconds, buffer almost full (81%), pausing triggers.
[13:17:05.986]     INFO: Resuming triggers.
[13:17:23.138]     INFO: run duration 85 seconds, buffer almost full (81%), pausing triggers.
[13:17:42.043]     INFO: Resuming triggers.
[13:17:59.169]     INFO: run duration 102 seconds, buffer almost full (81%), pausing triggers.
[13:18:16.724]     INFO: Resuming triggers.
[13:18:33.850]     INFO: run duration 119 seconds, buffer almost full (81%), pausing triggers.
[13:18:53.747]     INFO: Resuming triggers.
[13:19:10.899]     INFO: run duration 137 seconds, buffer almost full (81%), pausing triggers.
[13:19:30.830]     INFO: Resuming triggers.
[13:19:47.952]     INFO: run duration 154 seconds, buffer almost full (81%), pausing triggers.
[13:20:06.837]     INFO: Resuming triggers.
[13:20:23.963]     INFO: run duration 171 seconds, buffer almost full (81%), pausing triggers.
[13:20:42.852]     INFO: Resuming triggers.
[13:20:51.586]     INFO: data taking finished, elapsed time: 180 seconds.
[13:21:01.928]     INFO: PixTest::       pg_setup set to default.
[13:21:01.962]     INFO: PixTestXray::doPhRun() done
[13:21:01.962]     INFO: PixTestXray::doTest() done 
[13:25:25.961]     INFO: Stop pressed. Ending test.
[13:25:34.225]    QUIET: Connection to board 58 closed.
