[16:07:03.603]     INFO: *** Welcome to pxar ***
[16:07:03.603]     INFO: *** Today: 2015/04/03
[16:07:03.603]     INFO:       reading data/mtt922//dacParameters_C0.dat
[16:07:03.603]     INFO:       reading data/mtt922//dacParameters_C1.dat
[16:07:03.603]     INFO:       reading data/mtt922//dacParameters_C2.dat
[16:07:03.603]     INFO:       reading data/mtt922//dacParameters_C3.dat
[16:07:03.603]     INFO:       reading data/mtt922//dacParameters_C4.dat
[16:07:03.603]     INFO:       reading data/mtt922//dacParameters_C5.dat
[16:07:03.604]     INFO:       reading data/mtt922//dacParameters_C6.dat
[16:07:03.604]     INFO:       reading data/mtt922//dacParameters_C7.dat
[16:07:03.604]     INFO:       reading data/mtt922//dacParameters_C8.dat
[16:07:03.604]     INFO:       reading data/mtt922//dacParameters_C9.dat
[16:07:03.604]     INFO:       reading data/mtt922//dacParameters_C10.dat
[16:07:03.604]     INFO:       reading data/mtt922//dacParameters_C11.dat
[16:07:03.604]     INFO:       reading data/mtt922//dacParameters_C12.dat
[16:07:03.604]     INFO:       reading data/mtt922//dacParameters_C13.dat
[16:07:03.604]     INFO:       reading data/mtt922//dacParameters_C14.dat
[16:07:03.604]     INFO:       reading data/mtt922//dacParameters_C15.dat
[16:07:03.604]     INFO:       reading data/mtt922//tbmParameters_C0a.dat
[16:07:03.604]     INFO:       reading data/mtt922//tbmParameters_C0b.dat
[16:07:03.604]     INFO:       reading data/mtt922//defaultMaskFile.dat
[16:07:03.604]     INFO:       reading data/mtt922//trimParameters_C0.dat
[16:07:03.611]     INFO:       reading data/mtt922//trimParameters_C1.dat
[16:07:03.617]     INFO:       reading data/mtt922//trimParameters_C2.dat
[16:07:03.624]     INFO:       reading data/mtt922//trimParameters_C3.dat
[16:07:03.630]     INFO:       reading data/mtt922//trimParameters_C4.dat
[16:07:03.637]     INFO:       reading data/mtt922//trimParameters_C5.dat
[16:07:03.643]     INFO:       reading data/mtt922//trimParameters_C6.dat
[16:07:03.649]     INFO:       reading data/mtt922//trimParameters_C7.dat
[16:07:03.656]     INFO:       reading data/mtt922//trimParameters_C8.dat
[16:07:03.662]     INFO:       reading data/mtt922//trimParameters_C9.dat
[16:07:03.669]     INFO:       reading data/mtt922//trimParameters_C10.dat
[16:07:03.675]     INFO:       reading data/mtt922//trimParameters_C11.dat
[16:07:03.682]     INFO:       reading data/mtt922//trimParameters_C12.dat
[16:07:03.688]     INFO:       reading data/mtt922//trimParameters_C13.dat
[16:07:03.694]     INFO:       reading data/mtt922//trimParameters_C14.dat
[16:07:03.701]     INFO:       reading data/mtt922//trimParameters_C15.dat
[16:07:03.708]     INFO:       reading data/mtt922//tbParameters.dat
[16:07:03.708]     INFO:         clk: 4
[16:07:03.708]     INFO:         ctr: 4
[16:07:03.708]     INFO:         sda: 19
[16:07:03.708]     INFO:         tin: 9
[16:07:03.708]     INFO:         level: 15
[16:07:03.708]     INFO:         triggerdelay: 0
[16:07:03.708]    QUIET: Instanciating API for pxar crosscalibrate
[16:07:03.708]     INFO: Log level: INFO
[16:07:03.721]    QUIET: Connection to board DTB_WRPRHI opened.
[16:07:03.725]     INFO: DTB startup information
--- DTB info------------------------------------------
Board id:    58
HW version:  DTB1.2
FW version:  3.2
SW version:  3.6
USB id:      DTB_WRPRHI
MAC address: 40D85511803A
Hostname:    pixelDTB058
Comment:     
------------------------------------------------------
[16:07:03.729]     INFO: RPC call hashes of host and DTB match: 413001178
[16:07:05.340]     INFO: DUT info: 
[16:07:05.340]     INFO: The DUT currently contains the following objects:
[16:07:05.340]     INFO:  2 TBM Cores (2 ON)
[16:07:05.340]     INFO: 	TBM Core alpha (0): 7 registers set
[16:07:05.340]     INFO: 	TBM Core beta  (1): 7 registers set
[16:07:05.340]     INFO: 16 ROCs (16 ON) with 4160 pixelConfigs
[16:07:05.340]     INFO: 	ROC 0: 21 DACs set, Pixels: 0 masked, 4160 active.
[16:07:05.340]     INFO: 	ROC 1: 21 DACs set, Pixels: 0 masked, 4160 active.
[16:07:05.340]     INFO: 	ROC 2: 21 DACs set, Pixels: 0 masked, 4160 active.
[16:07:05.340]     INFO: 	ROC 3: 21 DACs set, Pixels: 0 masked, 4160 active.
[16:07:05.340]     INFO: 	ROC 4: 21 DACs set, Pixels: 0 masked, 4160 active.
[16:07:05.340]     INFO: 	ROC 5: 21 DACs set, Pixels: 0 masked, 4160 active.
[16:07:05.340]     INFO: 	ROC 6: 21 DACs set, Pixels: 0 masked, 4160 active.
[16:07:05.340]     INFO: 	ROC 7: 21 DACs set, Pixels: 0 masked, 4160 active.
[16:07:05.340]     INFO: 	ROC 8: 21 DACs set, Pixels: 0 masked, 4160 active.
[16:07:05.340]     INFO: 	ROC 9: 21 DACs set, Pixels: 0 masked, 4160 active.
[16:07:05.340]     INFO: 	ROC 10: 21 DACs set, Pixels: 0 masked, 4160 active.
[16:07:05.340]     INFO: 	ROC 11: 21 DACs set, Pixels: 0 masked, 4160 active.
[16:07:05.340]     INFO: 	ROC 12: 21 DACs set, Pixels: 0 masked, 4160 active.
[16:07:05.340]     INFO: 	ROC 13: 21 DACs set, Pixels: 0 masked, 4160 active.
[16:07:05.340]     INFO: 	ROC 14: 21 DACs set, Pixels: 0 masked, 4160 active.
[16:07:05.340]     INFO: 	ROC 15: 21 DACs set, Pixels: 0 masked, 4160 active.
[16:07:05.943]     INFO:       reading data/mtt922//phCalibrationFitTanH_C0.dat
[16:07:05.943]    ERROR: <ConfigParameters.cc/readGainPedestalParameters:L952> cannot open data/mtt922//phCalibrationFitTanH_C0.dat for reading PH calibration constants
[16:07:05.993]     INFO:       reading data/mtt922//readbackCal_C0.dat
[16:07:05.993]     INFO:       reading data/mtt922//readbackCal_C1.dat
[16:07:05.994]     INFO:       reading data/mtt922//readbackCal_C2.dat
[16:07:05.994]     INFO:       reading data/mtt922//readbackCal_C3.dat
[16:07:05.994]     INFO:       reading data/mtt922//readbackCal_C4.dat
[16:07:05.994]     INFO:       reading data/mtt922//readbackCal_C5.dat
[16:07:05.994]     INFO:       reading data/mtt922//readbackCal_C6.dat
[16:07:05.994]     INFO:       reading data/mtt922//readbackCal_C7.dat
[16:07:05.994]     INFO:       reading data/mtt922//readbackCal_C8.dat
[16:07:05.994]     INFO:       reading data/mtt922//readbackCal_C9.dat
[16:07:05.994]     INFO:       reading data/mtt922//readbackCal_C10.dat
[16:07:05.994]     INFO:       reading data/mtt922//readbackCal_C11.dat
[16:07:05.994]     INFO:       reading data/mtt922//readbackCal_C12.dat
[16:07:05.994]     INFO:       reading data/mtt922//readbackCal_C13.dat
[16:07:05.994]     INFO:       reading data/mtt922//readbackCal_C14.dat
[16:07:05.994]     INFO:       reading data/mtt922//readbackCal_C15.dat
[16:07:05.994]     INFO:       reading data/mtt922//phCalibrationFitTanH_C0.dat
[16:07:05.994]    ERROR: <ConfigParameters.cc/readGainPedestalParameters:L952> cannot open data/mtt922//phCalibrationFitTanH_C0.dat for reading PH calibration constants
[16:07:06.025]     INFO:       reading data/mtt922//phCalibrationFitTanH_C0.dat
[16:07:06.025]    ERROR: <ConfigParameters.cc/readGainPedestalParameters:L952> cannot open data/mtt922//phCalibrationFitTanH_C0.dat for reading PH calibration constants
[16:07:09.892]     INFO: ######################################################################
[16:07:09.893]     INFO: PixTestAlive::doTest()
[16:07:09.893]     INFO: ######################################################################
[16:07:09.895]     INFO:    ----------------------------------------------------------------------
[16:07:09.895]     INFO:    PixTestAlive::aliveTest() ntrig = 10, vcal = 200 (ctrlreg = 0 0 0 0 0 0 0 0 0 0 0 0 0 0 0 0)
[16:07:09.895]     INFO:    ----------------------------------------------------------------------
[16:07:13.465]     INFO: Test took 3569ms.
[16:07:13.506]     INFO: Fetched DAQ statistics. Counters are being reset now.
[16:07:13.779]     INFO: PixTestAlive::aliveTest() done
[16:07:13.779]     INFO: number of dead pixels (per ROC):     0    0    0    0    0    0    0    0    0    0    1    0    2    0    0    0
[16:07:13.824]     INFO:    ----------------------------------------------------------------------
[16:07:13.824]     INFO:    PixTestAlive::maskTest() ntrig = 10, vcal = 200 (ctrlreg = 0 0 0 0 0 0 0 0 0 0 0 0 0 0 0 0)
[16:07:13.824]     INFO:    ----------------------------------------------------------------------
[16:07:16.568]     INFO: Test took 2742ms.
[16:07:16.572]     INFO: Fetched DAQ statistics. Counters are being reset now.
[16:07:16.817]     INFO: PixTestAlive::maskTest() done
[16:07:16.817]     INFO: number of mask-defect pixels (per ROC):     0    0    0    0    0    0    0    0    0    0    0    0    0    0    0    0
[16:07:16.861]     INFO:    ----------------------------------------------------------------------
[16:07:16.861]     INFO:    PixTestAlive::addressDecodingTest() ntrig = 10, vcal = 200 (ctrlreg = 0 0 0 0 0 0 0 0 0 0 0 0 0 0 0 0)
[16:07:16.861]     INFO:    ----------------------------------------------------------------------
[16:07:20.418]     INFO: Test took 3555ms.
[16:07:20.459]     INFO: Fetched DAQ statistics. Counters are being reset now.
[16:07:20.723]     INFO: PixTestAlive::addressDecodingTest() done
[16:07:20.723]     INFO: number of address-decoding pixels (per ROC):     0    0    0    0    0    0    0    0    0    0    0    0    0    0    0    0
[16:07:20.745]     INFO: PixTestAlive::doTest() done, duration: 10 seconds
[16:07:50.144]    QUIET: Connection to board 58 closed.
